[2025-03-20T03:20:36.181+0000] {local_task_job_runner.py:123} INFO - ::group::Pre task execution logs
[2025-03-20T03:20:36.222+0000] {taskinstance.py:2614} INFO - Dependencies all met for dep_context=non-requeueable deps ti=<TaskInstance: ETL_breweries_list.load_to_bronze_layer manual__2025-03-20T03:19:50.675011+00:00 [queued]>
[2025-03-20T03:20:36.453+0000] {taskinstance.py:2614} INFO - Dependencies all met for dep_context=requeueable deps ti=<TaskInstance: ETL_breweries_list.load_to_bronze_layer manual__2025-03-20T03:19:50.675011+00:00 [queued]>
[2025-03-20T03:20:36.454+0000] {taskinstance.py:2867} INFO - Starting attempt 1 of 2
[2025-03-20T03:20:36.478+0000] {taskinstance.py:2890} INFO - Executing <Task(PythonOperator): load_to_bronze_layer> on 2025-03-20 03:19:50.675011+00:00
[2025-03-20T03:20:36.492+0000] {warnings.py:112} WARNING - /home/***/.local/lib/python3.12/site-packages/***/task/task_runner/standard_task_runner.py:70: DeprecationWarning: This process (pid=466) is multi-threaded, use of fork() may lead to deadlocks in the child.
  pid = os.fork()

[2025-03-20T03:20:36.495+0000] {standard_task_runner.py:72} INFO - Started process 468 to run task
[2025-03-20T03:20:36.498+0000] {standard_task_runner.py:104} INFO - Running: ['***', 'tasks', 'run', 'ETL_breweries_list', 'load_to_bronze_layer', 'manual__2025-03-20T03:19:50.675011+00:00', '--job-id', '25', '--raw', '--subdir', 'DAGS_FOLDER/bronze_layer.py', '--cfg-path', '/tmp/tmp7bl7pwjt']
[2025-03-20T03:20:36.500+0000] {standard_task_runner.py:105} INFO - Job 25: Subtask load_to_bronze_layer
[2025-03-20T03:20:36.574+0000] {task_command.py:467} INFO - Running <TaskInstance: ETL_breweries_list.load_to_bronze_layer manual__2025-03-20T03:19:50.675011+00:00 [running]> on host d760444a6a5e
[2025-03-20T03:20:36.810+0000] {taskinstance.py:3134} INFO - Exporting env vars: AIRFLOW_CTX_DAG_OWNER='***' AIRFLOW_CTX_DAG_ID='ETL_breweries_list' AIRFLOW_CTX_TASK_ID='load_to_bronze_layer' AIRFLOW_CTX_EXECUTION_DATE='2025-03-20T03:19:50.675011+00:00' AIRFLOW_CTX_TRY_NUMBER='1' AIRFLOW_CTX_DAG_RUN_ID='manual__2025-03-20T03:19:50.675011+00:00'
[2025-03-20T03:20:36.813+0000] {logging_mixin.py:190} INFO - Task instance is in running state
[2025-03-20T03:20:36.814+0000] {logging_mixin.py:190} INFO -  Previous state of the Task instance: queued
[2025-03-20T03:20:36.815+0000] {logging_mixin.py:190} INFO - Current task name:load_to_bronze_layer state:running start_date:2025-03-20 03:20:36.222559+00:00
[2025-03-20T03:20:36.816+0000] {logging_mixin.py:190} INFO - Dag name:ETL_breweries_list and current dag run status:running
[2025-03-20T03:20:36.818+0000] {taskinstance.py:732} INFO - ::endgroup::
[2025-03-20T03:20:36.835+0000] {logging_mixin.py:190} INFO - Dataframe is empty
[2025-03-20T03:20:36.836+0000] {python.py:240} INFO - Done. Returned value was: None
[2025-03-20T03:20:36.854+0000] {taskinstance.py:341} INFO - ::group::Post task execution logs
[2025-03-20T03:20:36.855+0000] {taskinstance.py:353} INFO - Marking task as SUCCESS. dag_id=ETL_breweries_list, task_id=load_to_bronze_layer, run_id=manual__2025-03-20T03:19:50.675011+00:00, execution_date=20250320T031950, start_date=20250320T032036, end_date=20250320T032036
[2025-03-20T03:20:36.916+0000] {logging_mixin.py:190} INFO - Task instance in success state
[2025-03-20T03:20:36.916+0000] {logging_mixin.py:190} INFO -  Previous state of the Task instance: running
[2025-03-20T03:20:36.916+0000] {logging_mixin.py:190} INFO - Dag name:ETL_breweries_list queued_at:2025-03-20 03:19:50.944382+00:00
[2025-03-20T03:20:36.917+0000] {logging_mixin.py:190} INFO - Task hostname:d760444a6a5e operator:PythonOperator
[2025-03-20T03:20:36.971+0000] {local_task_job_runner.py:266} INFO - Task exited with return code 0
[2025-03-20T03:20:37.010+0000] {taskinstance.py:3901} INFO - 1 downstream tasks scheduled from follow-on schedule check
[2025-03-20T03:20:37.014+0000] {local_task_job_runner.py:245} INFO - ::endgroup::
