[2025-03-20T03:28:35.253+0000] {local_task_job_runner.py:123} INFO - ::group::Pre task execution logs
[2025-03-20T03:28:35.297+0000] {taskinstance.py:2614} INFO - Dependencies all met for dep_context=non-requeueable deps ti=<TaskInstance: ETL_breweries_list.load_to_bronze_layer manual__2025-03-20T03:28:01.922794+00:00 [queued]>
[2025-03-20T03:28:35.549+0000] {taskinstance.py:2614} INFO - Dependencies all met for dep_context=requeueable deps ti=<TaskInstance: ETL_breweries_list.load_to_bronze_layer manual__2025-03-20T03:28:01.922794+00:00 [queued]>
[2025-03-20T03:28:35.550+0000] {taskinstance.py:2867} INFO - Starting attempt 1 of 2
[2025-03-20T03:28:35.770+0000] {taskinstance.py:2890} INFO - Executing <Task(PythonOperator): load_to_bronze_layer> on 2025-03-20 03:28:01.922794+00:00
[2025-03-20T03:28:35.875+0000] {warnings.py:112} WARNING - /home/***/.local/lib/python3.12/site-packages/***/task/task_runner/standard_task_runner.py:70: DeprecationWarning: This process (pid=575) is multi-threaded, use of fork() may lead to deadlocks in the child.
  pid = os.fork()

[2025-03-20T03:28:35.880+0000] {standard_task_runner.py:72} INFO - Started process 577 to run task
[2025-03-20T03:28:35.888+0000] {standard_task_runner.py:104} INFO - Running: ['***', 'tasks', 'run', 'ETL_breweries_list', 'load_to_bronze_layer', 'manual__2025-03-20T03:28:01.922794+00:00', '--job-id', '29', '--raw', '--subdir', 'DAGS_FOLDER/bronze_layer.py', '--cfg-path', '/tmp/tmp8oqhnhpf']
[2025-03-20T03:28:35.892+0000] {standard_task_runner.py:105} INFO - Job 29: Subtask load_to_bronze_layer
[2025-03-20T03:28:36.220+0000] {task_command.py:467} INFO - Running <TaskInstance: ETL_breweries_list.load_to_bronze_layer manual__2025-03-20T03:28:01.922794+00:00 [running]> on host d760444a6a5e
[2025-03-20T03:28:36.976+0000] {taskinstance.py:3134} INFO - Exporting env vars: AIRFLOW_CTX_DAG_OWNER='***' AIRFLOW_CTX_DAG_ID='ETL_breweries_list' AIRFLOW_CTX_TASK_ID='load_to_bronze_layer' AIRFLOW_CTX_EXECUTION_DATE='2025-03-20T03:28:01.922794+00:00' AIRFLOW_CTX_TRY_NUMBER='1' AIRFLOW_CTX_DAG_RUN_ID='manual__2025-03-20T03:28:01.922794+00:00'
[2025-03-20T03:28:36.982+0000] {logging_mixin.py:190} INFO - Task instance is in running state
[2025-03-20T03:28:36.983+0000] {logging_mixin.py:190} INFO -  Previous state of the Task instance: queued
[2025-03-20T03:28:36.983+0000] {logging_mixin.py:190} INFO - Current task name:load_to_bronze_layer state:running start_date:2025-03-20 03:28:35.298266+00:00
[2025-03-20T03:28:36.984+0000] {logging_mixin.py:190} INFO - Dag name:ETL_breweries_list and current dag run status:running
[2025-03-20T03:28:36.984+0000] {taskinstance.py:732} INFO - ::endgroup::
[2025-03-20T03:28:37.029+0000] {logging_mixin.py:190} INFO - Dataframe is empty
[2025-03-20T03:28:37.030+0000] {python.py:240} INFO - Done. Returned value was: None
[2025-03-20T03:28:37.047+0000] {taskinstance.py:341} INFO - ::group::Post task execution logs
[2025-03-20T03:28:37.048+0000] {taskinstance.py:353} INFO - Marking task as SUCCESS. dag_id=ETL_breweries_list, task_id=load_to_bronze_layer, run_id=manual__2025-03-20T03:28:01.922794+00:00, execution_date=20250320T032801, start_date=20250320T032835, end_date=20250320T032837
[2025-03-20T03:28:37.097+0000] {logging_mixin.py:190} INFO - Task instance in success state
[2025-03-20T03:28:37.099+0000] {logging_mixin.py:190} INFO -  Previous state of the Task instance: running
[2025-03-20T03:28:37.100+0000] {logging_mixin.py:190} INFO - Dag name:ETL_breweries_list queued_at:2025-03-20 03:28:01.982063+00:00
[2025-03-20T03:28:37.100+0000] {logging_mixin.py:190} INFO - Task hostname:d760444a6a5e operator:PythonOperator
[2025-03-20T03:28:37.156+0000] {local_task_job_runner.py:266} INFO - Task exited with return code 0
[2025-03-20T03:28:37.207+0000] {taskinstance.py:3901} INFO - 1 downstream tasks scheduled from follow-on schedule check
[2025-03-20T03:28:37.215+0000] {local_task_job_runner.py:245} INFO - ::endgroup::
