[2025-03-20T18:44:21.397+0000] {local_task_job_runner.py:123} INFO - ::group::Pre task execution logs
[2025-03-20T18:44:21.434+0000] {taskinstance.py:2614} INFO - Dependencies all met for dep_context=non-requeueable deps ti=<TaskInstance: ETL_breweries_list.pipeline_end manual__2025-03-20T18:42:52.444449+00:00 [queued]>
[2025-03-20T18:44:21.624+0000] {taskinstance.py:2614} INFO - Dependencies all met for dep_context=requeueable deps ti=<TaskInstance: ETL_breweries_list.pipeline_end manual__2025-03-20T18:42:52.444449+00:00 [queued]>
[2025-03-20T18:44:21.624+0000] {taskinstance.py:2867} INFO - Starting attempt 1 of 2
[2025-03-20T18:44:21.646+0000] {taskinstance.py:2890} INFO - Executing <Task(BashOperator): pipeline_end> on 2025-03-20 18:42:52.444449+00:00
[2025-03-20T18:44:21.656+0000] {warnings.py:112} WARNING - /home/***/.local/lib/python3.12/site-packages/***/task/task_runner/standard_task_runner.py:70: DeprecationWarning: This process (pid=417) is multi-threaded, use of fork() may lead to deadlocks in the child.
  pid = os.fork()

[2025-03-20T18:44:21.659+0000] {standard_task_runner.py:72} INFO - Started process 426 to run task
[2025-03-20T18:44:21.660+0000] {standard_task_runner.py:104} INFO - Running: ['***', 'tasks', 'run', 'ETL_breweries_list', 'pipeline_end', 'manual__2025-03-20T18:42:52.444449+00:00', '--job-id', '198', '--raw', '--subdir', 'DAGS_FOLDER/breweries_list_etl.py', '--cfg-path', '/tmp/tmpl43nsjjx']
[2025-03-20T18:44:21.662+0000] {standard_task_runner.py:105} INFO - Job 198: Subtask pipeline_end
[2025-03-20T18:44:21.730+0000] {task_command.py:467} INFO - Running <TaskInstance: ETL_breweries_list.pipeline_end manual__2025-03-20T18:42:52.444449+00:00 [running]> on host d8a3cf37e739
[2025-03-20T18:44:21.911+0000] {taskinstance.py:3134} INFO - Exporting env vars: AIRFLOW_CTX_DAG_OWNER='***' AIRFLOW_CTX_DAG_ID='ETL_breweries_list' AIRFLOW_CTX_TASK_ID='pipeline_end' AIRFLOW_CTX_EXECUTION_DATE='2025-03-20T18:42:52.444449+00:00' AIRFLOW_CTX_TRY_NUMBER='1' AIRFLOW_CTX_DAG_RUN_ID='manual__2025-03-20T18:42:52.444449+00:00'
[2025-03-20T18:44:21.913+0000] {logging_mixin.py:190} INFO - Task instance is in running state
[2025-03-20T18:44:21.914+0000] {logging_mixin.py:190} INFO -  Previous state of the Task instance: queued
[2025-03-20T18:44:21.915+0000] {logging_mixin.py:190} INFO - Current task name:pipeline_end state:running start_date:2025-03-20 18:44:21.435454+00:00
[2025-03-20T18:44:21.916+0000] {logging_mixin.py:190} INFO - Dag name:ETL_breweries_list and current dag run status:running
[2025-03-20T18:44:21.916+0000] {taskinstance.py:732} INFO - ::endgroup::
[2025-03-20T18:44:21.917+0000] {subprocess.py:78} INFO - Tmp dir root location: /tmp
[2025-03-20T18:44:21.919+0000] {subprocess.py:88} INFO - Running command: ['/usr/bin/bash', '-c', 'echo "PIPELINE ENDED"; sleep 15']
[2025-03-20T18:44:21.943+0000] {subprocess.py:99} INFO - Output:
[2025-03-20T18:44:21.947+0000] {subprocess.py:106} INFO - PIPELINE ENDED
[2025-03-20T18:44:37.033+0000] {subprocess.py:110} INFO - Command exited with return code 0
[2025-03-20T18:44:38.904+0000] {taskinstance.py:341} INFO - ::group::Post task execution logs
[2025-03-20T18:44:38.952+0000] {taskinstance.py:353} INFO - Marking task as SUCCESS. dag_id=ETL_breweries_list, task_id=pipeline_end, run_id=manual__2025-03-20T18:42:52.444449+00:00, execution_date=20250320T184252, start_date=20250320T184421, end_date=20250320T184438
[2025-03-20T18:44:41.995+0000] {logging_mixin.py:190} INFO - Task instance in success state
[2025-03-20T18:44:41.995+0000] {logging_mixin.py:190} INFO -  Previous state of the Task instance: running
[2025-03-20T18:44:41.996+0000] {logging_mixin.py:190} INFO - Dag name:ETL_breweries_list queued_at:2025-03-20 18:42:52.727299+00:00
[2025-03-20T18:44:41.997+0000] {logging_mixin.py:190} INFO - Task hostname:d8a3cf37e739 operator:BashOperator
[2025-03-20T18:44:42.064+0000] {local_task_job_runner.py:266} INFO - Task exited with return code 0
[2025-03-20T18:44:42.102+0000] {taskinstance.py:3901} INFO - 0 downstream tasks scheduled from follow-on schedule check
[2025-03-20T18:44:43.685+0000] {local_task_job_runner.py:245} INFO - ::endgroup::
