[2025-03-20T18:37:15.893+0000] {local_task_job_runner.py:123} INFO - ::group::Pre task execution logs
[2025-03-20T18:37:15.929+0000] {taskinstance.py:2614} INFO - Dependencies all met for dep_context=non-requeueable deps ti=<TaskInstance: ETL_breweries_list.create_view_and_load_to_gold manual__2025-03-20T18:34:35.507261+00:00 [queued]>
[2025-03-20T18:37:16.176+0000] {taskinstance.py:2614} INFO - Dependencies all met for dep_context=requeueable deps ti=<TaskInstance: ETL_breweries_list.create_view_and_load_to_gold manual__2025-03-20T18:34:35.507261+00:00 [queued]>
[2025-03-20T18:37:16.177+0000] {taskinstance.py:2867} INFO - Starting attempt 1 of 2
[2025-03-20T18:37:16.275+0000] {taskinstance.py:2890} INFO - Executing <Task(PythonOperator): create_view_and_load_to_gold> on 2025-03-20 18:34:35.507261+00:00
[2025-03-20T18:37:16.302+0000] {warnings.py:112} WARNING - /home/***/.local/lib/python3.12/site-packages/***/task/task_runner/standard_task_runner.py:70: DeprecationWarning: This process (pid=288) is multi-threaded, use of fork() may lead to deadlocks in the child.
  pid = os.fork()

[2025-03-20T18:37:16.310+0000] {standard_task_runner.py:72} INFO - Started process 298 to run task
[2025-03-20T18:37:16.312+0000] {standard_task_runner.py:104} INFO - Running: ['***', 'tasks', 'run', 'ETL_breweries_list', 'create_view_and_load_to_gold', 'manual__2025-03-20T18:34:35.507261+00:00', '--job-id', '189', '--raw', '--subdir', 'DAGS_FOLDER/breweries_list_etl.py', '--cfg-path', '/tmp/tmpbhfvvk4g']
[2025-03-20T18:37:16.314+0000] {standard_task_runner.py:105} INFO - Job 189: Subtask create_view_and_load_to_gold
[2025-03-20T18:37:16.437+0000] {task_command.py:467} INFO - Running <TaskInstance: ETL_breweries_list.create_view_and_load_to_gold manual__2025-03-20T18:34:35.507261+00:00 [running]> on host d8a3cf37e739
[2025-03-20T18:37:16.770+0000] {taskinstance.py:3134} INFO - Exporting env vars: AIRFLOW_CTX_DAG_OWNER='***' AIRFLOW_CTX_DAG_ID='ETL_breweries_list' AIRFLOW_CTX_TASK_ID='create_view_and_load_to_gold' AIRFLOW_CTX_EXECUTION_DATE='2025-03-20T18:34:35.507261+00:00' AIRFLOW_CTX_TRY_NUMBER='1' AIRFLOW_CTX_DAG_RUN_ID='manual__2025-03-20T18:34:35.507261+00:00'
[2025-03-20T18:37:16.778+0000] {logging_mixin.py:190} INFO - Task instance is in running state
[2025-03-20T18:37:16.779+0000] {logging_mixin.py:190} INFO -  Previous state of the Task instance: queued
[2025-03-20T18:37:16.780+0000] {logging_mixin.py:190} INFO - Current task name:create_view_and_load_to_gold state:running start_date:2025-03-20 18:37:15.930369+00:00
[2025-03-20T18:37:16.780+0000] {logging_mixin.py:190} INFO - Dag name:ETL_breweries_list and current dag run status:running
[2025-03-20T18:37:16.781+0000] {taskinstance.py:732} INFO - ::endgroup::
[2025-03-20T18:37:17.057+0000] {breweries_list_etl.py:204} ERROR - Failed to create aggregated view: seek
[2025-03-20T18:37:17.058+0000] {python.py:240} INFO - Done. Returned value was: None
[2025-03-20T18:37:17.077+0000] {taskinstance.py:341} INFO - ::group::Post task execution logs
[2025-03-20T18:37:17.079+0000] {taskinstance.py:353} INFO - Marking task as SUCCESS. dag_id=ETL_breweries_list, task_id=create_view_and_load_to_gold, run_id=manual__2025-03-20T18:34:35.507261+00:00, execution_date=20250320T183435, start_date=20250320T183715, end_date=20250320T183717
[2025-03-20T18:37:17.184+0000] {logging_mixin.py:190} INFO - Task instance in success state
[2025-03-20T18:37:17.185+0000] {logging_mixin.py:190} INFO -  Previous state of the Task instance: running
[2025-03-20T18:37:17.185+0000] {logging_mixin.py:190} INFO - Dag name:ETL_breweries_list queued_at:2025-03-20 18:34:36.147163+00:00
[2025-03-20T18:37:17.186+0000] {logging_mixin.py:190} INFO - Task hostname:d8a3cf37e739 operator:PythonOperator
[2025-03-20T18:37:17.229+0000] {local_task_job_runner.py:266} INFO - Task exited with return code 0
[2025-03-20T18:37:17.300+0000] {taskinstance.py:3901} INFO - 1 downstream tasks scheduled from follow-on schedule check
[2025-03-20T18:37:17.319+0000] {local_task_job_runner.py:245} INFO - ::endgroup::
