[2025-03-20T06:35:25.769+0000] {local_task_job_runner.py:123} INFO - ::group::Pre task execution logs
[2025-03-20T06:35:25.925+0000] {taskinstance.py:2614} INFO - Dependencies all met for dep_context=non-requeueable deps ti=<TaskInstance: ETL_breweries_list.pipeline_end manual__2025-03-20T06:34:50.986962+00:00 [queued]>
[2025-03-20T06:35:26.095+0000] {taskinstance.py:2614} INFO - Dependencies all met for dep_context=requeueable deps ti=<TaskInstance: ETL_breweries_list.pipeline_end manual__2025-03-20T06:34:50.986962+00:00 [queued]>
[2025-03-20T06:35:26.095+0000] {taskinstance.py:2867} INFO - Starting attempt 1 of 2
[2025-03-20T06:35:26.779+0000] {taskinstance.py:2890} INFO - Executing <Task(BashOperator): pipeline_end> on 2025-03-20 06:34:50.986962+00:00
[2025-03-20T06:35:26.857+0000] {warnings.py:112} WARNING - /home/***/.local/lib/python3.12/site-packages/***/task/task_runner/standard_task_runner.py:70: DeprecationWarning: This process (pid=302) is multi-threaded, use of fork() may lead to deadlocks in the child.
  pid = os.fork()

[2025-03-20T06:35:26.860+0000] {standard_task_runner.py:72} INFO - Started process 304 to run task
[2025-03-20T06:35:26.869+0000] {standard_task_runner.py:104} INFO - Running: ['***', 'tasks', 'run', 'ETL_breweries_list', 'pipeline_end', 'manual__2025-03-20T06:34:50.986962+00:00', '--job-id', '71', '--raw', '--subdir', 'DAGS_FOLDER/bronze_layer.py', '--cfg-path', '/tmp/tmpao21ukt1']
[2025-03-20T06:35:26.871+0000] {standard_task_runner.py:105} INFO - Job 71: Subtask pipeline_end
[2025-03-20T06:35:27.400+0000] {task_command.py:467} INFO - Running <TaskInstance: ETL_breweries_list.pipeline_end manual__2025-03-20T06:34:50.986962+00:00 [running]> on host 0cd85f9e721c
[2025-03-20T06:35:28.015+0000] {taskinstance.py:3134} INFO - Exporting env vars: AIRFLOW_CTX_DAG_OWNER='***' AIRFLOW_CTX_DAG_ID='ETL_breweries_list' AIRFLOW_CTX_TASK_ID='pipeline_end' AIRFLOW_CTX_EXECUTION_DATE='2025-03-20T06:34:50.986962+00:00' AIRFLOW_CTX_TRY_NUMBER='1' AIRFLOW_CTX_DAG_RUN_ID='manual__2025-03-20T06:34:50.986962+00:00'
[2025-03-20T06:35:28.017+0000] {logging_mixin.py:190} INFO - Task instance is in running state
[2025-03-20T06:35:28.018+0000] {logging_mixin.py:190} INFO -  Previous state of the Task instance: queued
[2025-03-20T06:35:28.020+0000] {logging_mixin.py:190} INFO - Current task name:pipeline_end state:running start_date:2025-03-20 06:35:25.926104+00:00
[2025-03-20T06:35:28.020+0000] {logging_mixin.py:190} INFO - Dag name:ETL_breweries_list and current dag run status:running
[2025-03-20T06:35:28.021+0000] {taskinstance.py:732} INFO - ::endgroup::
[2025-03-20T06:35:28.021+0000] {subprocess.py:78} INFO - Tmp dir root location: /tmp
[2025-03-20T06:35:28.022+0000] {subprocess.py:88} INFO - Running command: ['/usr/bin/bash', '-c', 'echo "PIPELINE ENDED"; sleep 15']
[2025-03-20T06:35:28.043+0000] {subprocess.py:99} INFO - Output:
[2025-03-20T06:35:28.045+0000] {subprocess.py:106} INFO - PIPELINE ENDED
[2025-03-20T06:35:43.049+0000] {subprocess.py:110} INFO - Command exited with return code 0
[2025-03-20T06:35:43.090+0000] {taskinstance.py:341} INFO - ::group::Post task execution logs
[2025-03-20T06:35:43.091+0000] {taskinstance.py:353} INFO - Marking task as SUCCESS. dag_id=ETL_breweries_list, task_id=pipeline_end, run_id=manual__2025-03-20T06:34:50.986962+00:00, execution_date=20250320T063450, start_date=20250320T063525, end_date=20250320T063543
[2025-03-20T06:35:43.125+0000] {logging_mixin.py:190} INFO - Task instance in success state
[2025-03-20T06:35:43.125+0000] {logging_mixin.py:190} INFO -  Previous state of the Task instance: running
[2025-03-20T06:35:43.126+0000] {logging_mixin.py:190} INFO - Dag name:ETL_breweries_list queued_at:2025-03-20 06:34:51.096492+00:00
[2025-03-20T06:35:43.126+0000] {logging_mixin.py:190} INFO - Task hostname:0cd85f9e721c operator:BashOperator
[2025-03-20T06:35:43.175+0000] {local_task_job_runner.py:266} INFO - Task exited with return code 0
[2025-03-20T06:35:43.192+0000] {taskinstance.py:3901} INFO - 0 downstream tasks scheduled from follow-on schedule check
[2025-03-20T06:35:43.195+0000] {local_task_job_runner.py:245} INFO - ::endgroup::
