[2025-03-20T20:54:35.326+0000] {local_task_job_runner.py:123} INFO - ::group::Pre task execution logs
[2025-03-20T20:54:35.363+0000] {taskinstance.py:2614} INFO - Dependencies all met for dep_context=non-requeueable deps ti=<TaskInstance: ETL_breweries_list.create_view_and_load_to_gold manual__2025-03-20T20:52:06.597308+00:00 [queued]>
[2025-03-20T20:54:35.387+0000] {taskinstance.py:2614} INFO - Dependencies all met for dep_context=requeueable deps ti=<TaskInstance: ETL_breweries_list.create_view_and_load_to_gold manual__2025-03-20T20:52:06.597308+00:00 [queued]>
[2025-03-20T20:54:35.387+0000] {taskinstance.py:2867} INFO - Starting attempt 1 of 2
[2025-03-20T20:54:35.430+0000] {taskinstance.py:2890} INFO - Executing <Task(PythonOperator): create_view_and_load_to_gold> on 2025-03-20 20:52:06.597308+00:00
[2025-03-20T20:54:35.444+0000] {warnings.py:112} WARNING - /home/***/.local/lib/python3.12/site-packages/***/task/task_runner/standard_task_runner.py:70: DeprecationWarning: This process (pid=178) is multi-threaded, use of fork() may lead to deadlocks in the child.
  pid = os.fork()

[2025-03-20T20:54:35.448+0000] {standard_task_runner.py:72} INFO - Started process 180 to run task
[2025-03-20T20:54:35.449+0000] {standard_task_runner.py:104} INFO - Running: ['***', 'tasks', 'run', 'ETL_breweries_list', 'create_view_and_load_to_gold', 'manual__2025-03-20T20:52:06.597308+00:00', '--job-id', '231', '--raw', '--subdir', 'DAGS_FOLDER/breweries_list_etl.py', '--cfg-path', '/tmp/tmp73bbkbuc']
[2025-03-20T20:54:35.451+0000] {standard_task_runner.py:105} INFO - Job 231: Subtask create_view_and_load_to_gold
[2025-03-20T20:54:35.926+0000] {task_command.py:467} INFO - Running <TaskInstance: ETL_breweries_list.create_view_and_load_to_gold manual__2025-03-20T20:52:06.597308+00:00 [running]> on host 9927a2a3ae73
[2025-03-20T20:54:36.146+0000] {taskinstance.py:3134} INFO - Exporting env vars: AIRFLOW_CTX_DAG_OWNER='***' AIRFLOW_CTX_DAG_ID='ETL_breweries_list' AIRFLOW_CTX_TASK_ID='create_view_and_load_to_gold' AIRFLOW_CTX_EXECUTION_DATE='2025-03-20T20:52:06.597308+00:00' AIRFLOW_CTX_TRY_NUMBER='1' AIRFLOW_CTX_DAG_RUN_ID='manual__2025-03-20T20:52:06.597308+00:00'
[2025-03-20T20:54:36.147+0000] {logging_mixin.py:190} INFO - Task instance is in running state
[2025-03-20T20:54:36.148+0000] {logging_mixin.py:190} INFO -  Previous state of the Task instance: queued
[2025-03-20T20:54:36.148+0000] {logging_mixin.py:190} INFO - Current task name:create_view_and_load_to_gold state:running start_date:2025-03-20 20:54:35.364370+00:00
[2025-03-20T20:54:36.149+0000] {logging_mixin.py:190} INFO - Dag name:ETL_breweries_list and current dag run status:running
[2025-03-20T20:54:36.149+0000] {taskinstance.py:732} INFO - ::endgroup::
[2025-03-20T20:54:36.341+0000] {breweries_list_etl.py:175} INFO - Fetched silver/IRELAND/LAOIS/breweries.parquet
[2025-03-20T20:54:36.366+0000] {breweries_list_etl.py:175} INFO - Fetched silver/UNITED STATES/ARIZONA/breweries.parquet
[2025-03-20T20:54:36.434+0000] {breweries_list_etl.py:175} INFO - Fetched silver/UNITED STATES/CALIFORNIA/breweries.parquet
[2025-03-20T20:54:36.468+0000] {breweries_list_etl.py:175} INFO - Fetched silver/UNITED STATES/COLORADO/breweries.parquet
[2025-03-20T20:54:36.490+0000] {breweries_list_etl.py:175} INFO - Fetched silver/UNITED STATES/DELAWARE/breweries.parquet
[2025-03-20T20:54:36.523+0000] {breweries_list_etl.py:175} INFO - Fetched silver/UNITED STATES/IDAHO/breweries.parquet
[2025-03-20T20:54:36.538+0000] {breweries_list_etl.py:175} INFO - Fetched silver/UNITED STATES/ILLINOIS/breweries.parquet
[2025-03-20T20:54:36.561+0000] {breweries_list_etl.py:175} INFO - Fetched silver/UNITED STATES/INDIANA/breweries.parquet
[2025-03-20T20:54:36.593+0000] {breweries_list_etl.py:175} INFO - Fetched silver/UNITED STATES/IOWA/breweries.parquet
[2025-03-20T20:54:36.613+0000] {breweries_list_etl.py:175} INFO - Fetched silver/UNITED STATES/MARYLAND/breweries.parquet
[2025-03-20T20:54:36.642+0000] {breweries_list_etl.py:175} INFO - Fetched silver/UNITED STATES/MASSACHUSETTS/breweries.parquet
[2025-03-20T20:54:36.670+0000] {breweries_list_etl.py:175} INFO - Fetched silver/UNITED STATES/MICHIGAN/breweries.parquet
[2025-03-20T20:54:36.686+0000] {breweries_list_etl.py:175} INFO - Fetched silver/UNITED STATES/MINNESOTA/breweries.parquet
[2025-03-20T20:54:36.713+0000] {breweries_list_etl.py:175} INFO - Fetched silver/UNITED STATES/MISSISSIPPI/breweries.parquet
[2025-03-20T20:54:36.750+0000] {breweries_list_etl.py:175} INFO - Fetched silver/UNITED STATES/NEVADA/breweries.parquet
[2025-03-20T20:54:36.762+0000] {breweries_list_etl.py:175} INFO - Fetched silver/UNITED STATES/NEW YORK/breweries.parquet
[2025-03-20T20:54:36.784+0000] {breweries_list_etl.py:175} INFO - Fetched silver/UNITED STATES/NORTH CAROLINA/breweries.parquet
[2025-03-20T20:54:36.804+0000] {breweries_list_etl.py:175} INFO - Fetched silver/UNITED STATES/OHIO/breweries.parquet
[2025-03-20T20:54:36.830+0000] {breweries_list_etl.py:175} INFO - Fetched silver/UNITED STATES/OKLAHOMA/breweries.parquet
[2025-03-20T20:54:36.847+0000] {breweries_list_etl.py:175} INFO - Fetched silver/UNITED STATES/OREGON/breweries.parquet
[2025-03-20T20:54:36.870+0000] {breweries_list_etl.py:175} INFO - Fetched silver/UNITED STATES/PENNSYLVANIA/breweries.parquet
[2025-03-20T20:54:36.906+0000] {breweries_list_etl.py:175} INFO - Fetched silver/UNITED STATES/SOUTH CAROLINA/breweries.parquet
[2025-03-20T20:54:36.929+0000] {breweries_list_etl.py:175} INFO - Fetched silver/UNITED STATES/TEXAS/breweries.parquet
[2025-03-20T20:54:36.961+0000] {breweries_list_etl.py:175} INFO - Fetched silver/UNITED STATES/VERMONT/breweries.parquet
[2025-03-20T20:54:36.981+0000] {breweries_list_etl.py:175} INFO - Fetched silver/UNITED STATES/VIRGINIA/breweries.parquet
[2025-03-20T20:54:37.015+0000] {breweries_list_etl.py:175} INFO - Fetched silver/UNITED STATES/WASHINGTON/breweries.parquet
[2025-03-20T20:54:37.032+0000] {breweries_list_etl.py:175} INFO - Fetched silver/UNITED STATES/WISCONSIN/breweries.parquet
[2025-03-20T20:54:37.165+0000] {breweries_list_etl.py:204} INFO - Aggregated view successfully saved to view_aggregated_breweries.parquet
[2025-03-20T20:54:37.245+0000] {python.py:240} INFO - Done. Returned value was: None
[2025-03-20T20:54:37.280+0000] {taskinstance.py:341} INFO - ::group::Post task execution logs
[2025-03-20T20:54:37.281+0000] {taskinstance.py:353} INFO - Marking task as SUCCESS. dag_id=ETL_breweries_list, task_id=create_view_and_load_to_gold, run_id=manual__2025-03-20T20:52:06.597308+00:00, execution_date=20250320T205206, start_date=20250320T205435, end_date=20250320T205437
[2025-03-20T20:54:37.387+0000] {logging_mixin.py:190} INFO - Task instance in success state
[2025-03-20T20:54:37.388+0000] {logging_mixin.py:190} INFO -  Previous state of the Task instance: running
[2025-03-20T20:54:37.388+0000] {logging_mixin.py:190} INFO - Dag name:ETL_breweries_list queued_at:2025-03-20 20:52:06.641608+00:00
[2025-03-20T20:54:37.389+0000] {logging_mixin.py:190} INFO - Task hostname:9927a2a3ae73 operator:PythonOperator
[2025-03-20T20:54:37.458+0000] {local_task_job_runner.py:266} INFO - Task exited with return code 0
[2025-03-20T20:54:38.044+0000] {taskinstance.py:3901} INFO - 1 downstream tasks scheduled from follow-on schedule check
[2025-03-20T20:54:38.058+0000] {local_task_job_runner.py:245} INFO - ::endgroup::
