[2025-03-20T18:36:06.960+0000] {local_task_job_runner.py:123} INFO - ::group::Pre task execution logs
[2025-03-20T18:36:06.984+0000] {taskinstance.py:2614} INFO - Dependencies all met for dep_context=non-requeueable deps ti=<TaskInstance: ETL_breweries_list.start_pipeline manual__2025-03-20T18:34:35.507261+00:00 [queued]>
[2025-03-20T18:36:06.998+0000] {taskinstance.py:2614} INFO - Dependencies all met for dep_context=requeueable deps ti=<TaskInstance: ETL_breweries_list.start_pipeline manual__2025-03-20T18:34:35.507261+00:00 [queued]>
[2025-03-20T18:36:06.998+0000] {taskinstance.py:2867} INFO - Starting attempt 1 of 2
[2025-03-20T18:36:07.049+0000] {taskinstance.py:2890} INFO - Executing <Task(BashOperator): start_pipeline> on 2025-03-20 18:34:35.507261+00:00
[2025-03-20T18:36:07.080+0000] {warnings.py:112} WARNING - /home/***/.local/lib/python3.12/site-packages/***/task/task_runner/standard_task_runner.py:70: DeprecationWarning: This process (pid=245) is multi-threaded, use of fork() may lead to deadlocks in the child.
  pid = os.fork()

[2025-03-20T18:36:07.082+0000] {standard_task_runner.py:72} INFO - Started process 261 to run task
[2025-03-20T18:36:07.084+0000] {standard_task_runner.py:104} INFO - Running: ['***', 'tasks', 'run', 'ETL_breweries_list', 'start_pipeline', 'manual__2025-03-20T18:34:35.507261+00:00', '--job-id', '185', '--raw', '--subdir', 'DAGS_FOLDER/breweries_list_etl.py', '--cfg-path', '/tmp/tmp600b4vr9']
[2025-03-20T18:36:07.085+0000] {standard_task_runner.py:105} INFO - Job 185: Subtask start_pipeline
[2025-03-20T18:36:07.142+0000] {task_command.py:467} INFO - Running <TaskInstance: ETL_breweries_list.start_pipeline manual__2025-03-20T18:34:35.507261+00:00 [running]> on host d8a3cf37e739
[2025-03-20T18:36:07.272+0000] {taskinstance.py:3134} INFO - Exporting env vars: AIRFLOW_CTX_DAG_OWNER='***' AIRFLOW_CTX_DAG_ID='ETL_breweries_list' AIRFLOW_CTX_TASK_ID='start_pipeline' AIRFLOW_CTX_EXECUTION_DATE='2025-03-20T18:34:35.507261+00:00' AIRFLOW_CTX_TRY_NUMBER='1' AIRFLOW_CTX_DAG_RUN_ID='manual__2025-03-20T18:34:35.507261+00:00'
[2025-03-20T18:36:07.274+0000] {logging_mixin.py:190} INFO - Task instance is in running state
[2025-03-20T18:36:07.274+0000] {logging_mixin.py:190} INFO -  Previous state of the Task instance: queued
[2025-03-20T18:36:07.275+0000] {logging_mixin.py:190} INFO - Current task name:start_pipeline state:running start_date:2025-03-20 18:36:06.985474+00:00
[2025-03-20T18:36:07.275+0000] {logging_mixin.py:190} INFO - Dag name:ETL_breweries_list and current dag run status:running
[2025-03-20T18:36:07.275+0000] {taskinstance.py:732} INFO - ::endgroup::
[2025-03-20T18:36:07.277+0000] {subprocess.py:78} INFO - Tmp dir root location: /tmp
[2025-03-20T18:36:07.278+0000] {subprocess.py:88} INFO - Running command: ['/usr/bin/bash', '-c', 'echo "START PIPELINE"; sleep 15']
[2025-03-20T18:36:07.309+0000] {subprocess.py:99} INFO - Output:
[2025-03-20T18:36:07.341+0000] {subprocess.py:106} INFO - START PIPELINE
[2025-03-20T18:36:22.354+0000] {subprocess.py:110} INFO - Command exited with return code 0
[2025-03-20T18:36:23.286+0000] {taskinstance.py:341} INFO - ::group::Post task execution logs
[2025-03-20T18:36:23.331+0000] {taskinstance.py:353} INFO - Marking task as SUCCESS. dag_id=ETL_breweries_list, task_id=start_pipeline, run_id=manual__2025-03-20T18:34:35.507261+00:00, execution_date=20250320T183435, start_date=20250320T183606, end_date=20250320T183623
[2025-03-20T18:36:25.593+0000] {logging_mixin.py:190} INFO - Task instance in success state
[2025-03-20T18:36:25.594+0000] {logging_mixin.py:190} INFO -  Previous state of the Task instance: running
[2025-03-20T18:36:25.595+0000] {logging_mixin.py:190} INFO - Dag name:ETL_breweries_list queued_at:2025-03-20 18:34:36.147163+00:00
[2025-03-20T18:36:25.684+0000] {logging_mixin.py:190} INFO - Task hostname:d8a3cf37e739 operator:BashOperator
[2025-03-20T18:36:27.784+0000] {local_task_job_runner.py:266} INFO - Task exited with return code 0
[2025-03-20T18:36:28.123+0000] {local_task_job_runner.py:245} INFO - ::endgroup::
[2025-03-20T18:36:32.192+0000] {standard_task_runner.py:217} INFO - Process not found (most likely exited), stop collecting metrics
