[2025-03-20T22:24:37.099+0000] {local_task_job_runner.py:123} INFO - ::group::Pre task execution logs
[2025-03-20T22:24:37.152+0000] {taskinstance.py:2614} INFO - Dependencies all met for dep_context=non-requeueable deps ti=<TaskInstance: ETL_breweries_list.watcher_task manual__2025-03-20T22:22:33.328195+00:00 [queued]>
[2025-03-20T22:24:37.183+0000] {taskinstance.py:2614} INFO - Dependencies all met for dep_context=requeueable deps ti=<TaskInstance: ETL_breweries_list.watcher_task manual__2025-03-20T22:22:33.328195+00:00 [queued]>
[2025-03-20T22:24:37.184+0000] {taskinstance.py:2867} INFO - Starting attempt 1 of 1
[2025-03-20T22:24:37.228+0000] {taskinstance.py:2890} INFO - Executing <Task(PythonOperator): watcher_task> on 2025-03-20 22:22:33.328195+00:00
[2025-03-20T22:24:37.247+0000] {warnings.py:112} WARNING - /home/***/.local/lib/python3.12/site-packages/***/task/task_runner/standard_task_runner.py:70: DeprecationWarning: This process (pid=775) is multi-threaded, use of fork() may lead to deadlocks in the child.
  pid = os.fork()

[2025-03-20T22:24:37.250+0000] {standard_task_runner.py:72} INFO - Started process 777 to run task
[2025-03-20T22:24:37.255+0000] {standard_task_runner.py:104} INFO - Running: ['***', 'tasks', 'run', 'ETL_breweries_list', 'watcher_task', 'manual__2025-03-20T22:22:33.328195+00:00', '--job-id', '264', '--raw', '--subdir', 'DAGS_FOLDER/breweries_list_etl.py', '--cfg-path', '/tmp/tmpe3363rho']
[2025-03-20T22:24:37.258+0000] {standard_task_runner.py:105} INFO - Job 264: Subtask watcher_task
[2025-03-20T22:24:37.913+0000] {task_command.py:467} INFO - Running <TaskInstance: ETL_breweries_list.watcher_task manual__2025-03-20T22:22:33.328195+00:00 [running]> on host 5414e2764892
[2025-03-20T22:24:38.086+0000] {taskinstance.py:3134} INFO - Exporting env vars: AIRFLOW_CTX_DAG_OWNER='***' AIRFLOW_CTX_DAG_ID='ETL_breweries_list' AIRFLOW_CTX_TASK_ID='watcher_task' AIRFLOW_CTX_EXECUTION_DATE='2025-03-20T22:22:33.328195+00:00' AIRFLOW_CTX_TRY_NUMBER='1' AIRFLOW_CTX_DAG_RUN_ID='manual__2025-03-20T22:22:33.328195+00:00'
[2025-03-20T22:24:38.088+0000] {logging_mixin.py:190} INFO - Task instance is in running state
[2025-03-20T22:24:38.089+0000] {logging_mixin.py:190} INFO -  Previous state of the Task instance: queued
[2025-03-20T22:24:38.090+0000] {logging_mixin.py:190} INFO - Current task name:watcher_task state:running start_date:2025-03-20 22:24:37.153134+00:00
[2025-03-20T22:24:38.091+0000] {logging_mixin.py:190} INFO - Dag name:ETL_breweries_list and current dag run status:running
[2025-03-20T22:24:38.092+0000] {taskinstance.py:732} INFO - ::endgroup::
[2025-03-20T22:24:38.118+0000] {breweries_list_etl.py:249} INFO - All tasks ran successfully!
[2025-03-20T22:24:38.119+0000] {python.py:240} INFO - Done. Returned value was: None
[2025-03-20T22:24:38.141+0000] {taskinstance.py:341} INFO - ::group::Post task execution logs
[2025-03-20T22:24:38.142+0000] {taskinstance.py:353} INFO - Marking task as SUCCESS. dag_id=ETL_breweries_list, task_id=watcher_task, run_id=manual__2025-03-20T22:22:33.328195+00:00, execution_date=20250320T222233, start_date=20250320T222437, end_date=20250320T222438
[2025-03-20T22:24:38.197+0000] {logging_mixin.py:190} INFO - Task instance in success state
[2025-03-20T22:24:38.198+0000] {logging_mixin.py:190} INFO -  Previous state of the Task instance: running
[2025-03-20T22:24:38.199+0000] {logging_mixin.py:190} INFO - Dag name:ETL_breweries_list queued_at:2025-03-20 22:22:33.960581+00:00
[2025-03-20T22:24:38.200+0000] {logging_mixin.py:190} INFO - Task hostname:5414e2764892 operator:PythonOperator
[2025-03-20T22:24:38.268+0000] {local_task_job_runner.py:266} INFO - Task exited with return code 0
[2025-03-20T22:24:38.652+0000] {taskinstance.py:3901} INFO - 1 downstream tasks scheduled from follow-on schedule check
[2025-03-20T22:24:38.656+0000] {local_task_job_runner.py:245} INFO - ::endgroup::
