[2025-03-20T06:32:05.431+0000] {local_task_job_runner.py:123} INFO - ::group::Pre task execution logs
[2025-03-20T06:32:05.454+0000] {taskinstance.py:2614} INFO - Dependencies all met for dep_context=non-requeueable deps ti=<TaskInstance: ETL_breweries_list.start_pipeline manual__2025-03-20T06:31:59.832017+00:00 [queued]>
[2025-03-20T06:32:05.465+0000] {taskinstance.py:2614} INFO - Dependencies all met for dep_context=requeueable deps ti=<TaskInstance: ETL_breweries_list.start_pipeline manual__2025-03-20T06:31:59.832017+00:00 [queued]>
[2025-03-20T06:32:05.466+0000] {taskinstance.py:2867} INFO - Starting attempt 1 of 2
[2025-03-20T06:32:05.657+0000] {taskinstance.py:2890} INFO - Executing <Task(BashOperator): start_pipeline> on 2025-03-20 06:31:59.832017+00:00
[2025-03-20T06:32:05.668+0000] {warnings.py:112} WARNING - /home/***/.local/lib/python3.12/site-packages/***/task/task_runner/standard_task_runner.py:70: DeprecationWarning: This process (pid=219) is multi-threaded, use of fork() may lead to deadlocks in the child.
  pid = os.fork()

[2025-03-20T06:32:05.669+0000] {standard_task_runner.py:72} INFO - Started process 228 to run task
[2025-03-20T06:32:05.671+0000] {standard_task_runner.py:104} INFO - Running: ['***', 'tasks', 'run', 'ETL_breweries_list', 'start_pipeline', 'manual__2025-03-20T06:31:59.832017+00:00', '--job-id', '64', '--raw', '--subdir', 'DAGS_FOLDER/bronze_layer.py', '--cfg-path', '/tmp/tmp6uojjp77']
[2025-03-20T06:32:05.674+0000] {standard_task_runner.py:105} INFO - Job 64: Subtask start_pipeline
[2025-03-20T06:32:05.738+0000] {task_command.py:467} INFO - Running <TaskInstance: ETL_breweries_list.start_pipeline manual__2025-03-20T06:31:59.832017+00:00 [running]> on host 0cd85f9e721c
[2025-03-20T06:32:05.853+0000] {taskinstance.py:3134} INFO - Exporting env vars: AIRFLOW_CTX_DAG_OWNER='***' AIRFLOW_CTX_DAG_ID='ETL_breweries_list' AIRFLOW_CTX_TASK_ID='start_pipeline' AIRFLOW_CTX_EXECUTION_DATE='2025-03-20T06:31:59.832017+00:00' AIRFLOW_CTX_TRY_NUMBER='1' AIRFLOW_CTX_DAG_RUN_ID='manual__2025-03-20T06:31:59.832017+00:00'
[2025-03-20T06:32:05.855+0000] {logging_mixin.py:190} INFO - Task instance is in running state
[2025-03-20T06:32:05.856+0000] {logging_mixin.py:190} INFO -  Previous state of the Task instance: queued
[2025-03-20T06:32:05.856+0000] {logging_mixin.py:190} INFO - Current task name:start_pipeline state:running start_date:2025-03-20 06:32:05.454419+00:00
[2025-03-20T06:32:05.856+0000] {logging_mixin.py:190} INFO - Dag name:ETL_breweries_list and current dag run status:running
[2025-03-20T06:32:05.856+0000] {taskinstance.py:732} INFO - ::endgroup::
[2025-03-20T06:32:05.857+0000] {subprocess.py:78} INFO - Tmp dir root location: /tmp
[2025-03-20T06:32:05.858+0000] {subprocess.py:88} INFO - Running command: ['/usr/bin/bash', '-c', 'echo "START PIPELINE"; sleep 15']
[2025-03-20T06:32:05.879+0000] {subprocess.py:99} INFO - Output:
[2025-03-20T06:32:05.885+0000] {subprocess.py:106} INFO - START PIPELINE
[2025-03-20T06:32:21.694+0000] {subprocess.py:110} INFO - Command exited with return code 0
[2025-03-20T06:32:21.746+0000] {taskinstance.py:341} INFO - ::group::Post task execution logs
[2025-03-20T06:32:21.747+0000] {taskinstance.py:353} INFO - Marking task as SUCCESS. dag_id=ETL_breweries_list, task_id=start_pipeline, run_id=manual__2025-03-20T06:31:59.832017+00:00, execution_date=20250320T063159, start_date=20250320T063205, end_date=20250320T063221
[2025-03-20T06:32:21.800+0000] {logging_mixin.py:190} INFO - Task instance in success state
[2025-03-20T06:32:21.800+0000] {logging_mixin.py:190} INFO -  Previous state of the Task instance: running
[2025-03-20T06:32:21.801+0000] {logging_mixin.py:190} INFO - Dag name:ETL_breweries_list queued_at:2025-03-20 06:32:00.605259+00:00
[2025-03-20T06:32:21.801+0000] {logging_mixin.py:190} INFO - Task hostname:0cd85f9e721c operator:BashOperator
[2025-03-20T06:32:21.853+0000] {local_task_job_runner.py:266} INFO - Task exited with return code 0
[2025-03-20T06:32:21.895+0000] {taskinstance.py:3901} INFO - 1 downstream tasks scheduled from follow-on schedule check
[2025-03-20T06:32:21.897+0000] {local_task_job_runner.py:245} INFO - ::endgroup::
