[2025-03-20T17:08:41.037+0000] {local_task_job_runner.py:123} INFO - ::group::Pre task execution logs
[2025-03-20T17:08:41.356+0000] {taskinstance.py:2614} INFO - Dependencies all met for dep_context=non-requeueable deps ti=<TaskInstance: ETL_breweries_list.start_pipeline manual__2025-03-20T17:07:36.774527+00:00 [queued]>
[2025-03-20T17:08:41.497+0000] {taskinstance.py:2614} INFO - Dependencies all met for dep_context=requeueable deps ti=<TaskInstance: ETL_breweries_list.start_pipeline manual__2025-03-20T17:07:36.774527+00:00 [queued]>
[2025-03-20T17:08:41.498+0000] {taskinstance.py:2867} INFO - Starting attempt 1 of 2
[2025-03-20T17:08:41.904+0000] {taskinstance.py:2890} INFO - Executing <Task(BashOperator): start_pipeline> on 2025-03-20 17:07:36.774527+00:00
[2025-03-20T17:08:41.929+0000] {standard_task_runner.py:104} INFO - Running: ['***', 'tasks', 'run', 'ETL_breweries_list', 'start_pipeline', 'manual__2025-03-20T17:07:36.774527+00:00', '--job-id', '172', '--raw', '--subdir', 'DAGS_FOLDER/breweries_list_etl.py', '--cfg-path', '/tmp/tmp0ib3362m']
[2025-03-20T17:08:41.932+0000] {standard_task_runner.py:105} INFO - Job 172: Subtask start_pipeline
[2025-03-20T17:08:42.053+0000] {warnings.py:112} WARNING - /home/***/.local/lib/python3.12/site-packages/***/task/task_runner/standard_task_runner.py:70: DeprecationWarning: This process (pid=187) is multi-threaded, use of fork() may lead to deadlocks in the child.
  pid = os.fork()

[2025-03-20T17:08:42.056+0000] {standard_task_runner.py:72} INFO - Started process 196 to run task
[2025-03-20T17:08:42.547+0000] {task_command.py:467} INFO - Running <TaskInstance: ETL_breweries_list.start_pipeline manual__2025-03-20T17:07:36.774527+00:00 [running]> on host a0c933cdb3ee
[2025-03-20T17:08:48.606+0000] {taskinstance.py:3134} INFO - Exporting env vars: AIRFLOW_CTX_DAG_OWNER='***' AIRFLOW_CTX_DAG_ID='ETL_breweries_list' AIRFLOW_CTX_TASK_ID='start_pipeline' AIRFLOW_CTX_EXECUTION_DATE='2025-03-20T17:07:36.774527+00:00' AIRFLOW_CTX_TRY_NUMBER='1' AIRFLOW_CTX_DAG_RUN_ID='manual__2025-03-20T17:07:36.774527+00:00'
[2025-03-20T17:08:49.187+0000] {logging_mixin.py:190} INFO - Task instance is in running state
[2025-03-20T17:08:49.188+0000] {logging_mixin.py:190} INFO -  Previous state of the Task instance: queued
[2025-03-20T17:08:49.189+0000] {logging_mixin.py:190} INFO - Current task name:start_pipeline state:running start_date:2025-03-20 17:08:41.356665+00:00
[2025-03-20T17:08:49.190+0000] {logging_mixin.py:190} INFO - Dag name:ETL_breweries_list and current dag run status:running
[2025-03-20T17:08:49.191+0000] {taskinstance.py:732} INFO - ::endgroup::
[2025-03-20T17:08:49.215+0000] {subprocess.py:78} INFO - Tmp dir root location: /tmp
[2025-03-20T17:08:49.220+0000] {subprocess.py:88} INFO - Running command: ['/usr/bin/bash', '-c', 'echo "START PIPELINE"; sleep 15']
[2025-03-20T17:08:54.768+0000] {subprocess.py:99} INFO - Output:
[2025-03-20T17:08:59.538+0000] {job.py:229} INFO - Heartbeat recovered after 19.31 seconds
[2025-03-20T17:09:03.677+0000] {subprocess.py:106} INFO - START PIPELINE
[2025-03-20T17:09:07.630+0000] {job.py:229} INFO - Heartbeat recovered after 18.41 seconds
[2025-03-20T17:09:18.800+0000] {subprocess.py:110} INFO - Command exited with return code 0
[2025-03-20T17:09:19.764+0000] {taskinstance.py:341} INFO - ::group::Post task execution logs
[2025-03-20T17:09:19.768+0000] {taskinstance.py:353} INFO - Marking task as SUCCESS. dag_id=ETL_breweries_list, task_id=start_pipeline, run_id=manual__2025-03-20T17:07:36.774527+00:00, execution_date=20250320T170736, start_date=20250320T170841, end_date=20250320T170919
[2025-03-20T17:09:20.078+0000] {logging_mixin.py:190} INFO - Task instance in success state
[2025-03-20T17:09:20.079+0000] {logging_mixin.py:190} INFO -  Previous state of the Task instance: running
[2025-03-20T17:09:20.080+0000] {logging_mixin.py:190} INFO - Dag name:ETL_breweries_list queued_at:2025-03-20 17:07:36.855953+00:00
[2025-03-20T17:09:20.080+0000] {logging_mixin.py:190} INFO - Task hostname:a0c933cdb3ee operator:BashOperator
[2025-03-20T17:09:20.272+0000] {local_task_job_runner.py:266} INFO - Task exited with return code 0
[2025-03-20T17:09:20.458+0000] {taskinstance.py:3901} INFO - 1 downstream tasks scheduled from follow-on schedule check
[2025-03-20T17:09:20.521+0000] {local_task_job_runner.py:245} INFO - ::endgroup::
