[2025-03-20T18:44:12.902+0000] {local_task_job_runner.py:123} INFO - ::group::Pre task execution logs
[2025-03-20T18:44:12.936+0000] {taskinstance.py:2614} INFO - Dependencies all met for dep_context=non-requeueable deps ti=<TaskInstance: ETL_breweries_list.create_view_and_load_to_gold manual__2025-03-20T18:42:52.444449+00:00 [queued]>
[2025-03-20T18:44:13.111+0000] {taskinstance.py:2614} INFO - Dependencies all met for dep_context=requeueable deps ti=<TaskInstance: ETL_breweries_list.create_view_and_load_to_gold manual__2025-03-20T18:42:52.444449+00:00 [queued]>
[2025-03-20T18:44:13.112+0000] {taskinstance.py:2867} INFO - Starting attempt 1 of 2
[2025-03-20T18:44:13.128+0000] {taskinstance.py:2890} INFO - Executing <Task(PythonOperator): create_view_and_load_to_gold> on 2025-03-20 18:42:52.444449+00:00
[2025-03-20T18:44:13.138+0000] {warnings.py:112} WARNING - /home/***/.local/lib/python3.12/site-packages/***/task/task_runner/standard_task_runner.py:70: DeprecationWarning: This process (pid=404) is multi-threaded, use of fork() may lead to deadlocks in the child.
  pid = os.fork()

[2025-03-20T18:44:13.142+0000] {standard_task_runner.py:72} INFO - Started process 406 to run task
[2025-03-20T18:44:13.144+0000] {standard_task_runner.py:104} INFO - Running: ['***', 'tasks', 'run', 'ETL_breweries_list', 'create_view_and_load_to_gold', 'manual__2025-03-20T18:42:52.444449+00:00', '--job-id', '196', '--raw', '--subdir', 'DAGS_FOLDER/breweries_list_etl.py', '--cfg-path', '/tmp/tmpnh0kkihs']
[2025-03-20T18:44:13.146+0000] {standard_task_runner.py:105} INFO - Job 196: Subtask create_view_and_load_to_gold
[2025-03-20T18:44:13.214+0000] {task_command.py:467} INFO - Running <TaskInstance: ETL_breweries_list.create_view_and_load_to_gold manual__2025-03-20T18:42:52.444449+00:00 [running]> on host d8a3cf37e739
[2025-03-20T18:44:13.325+0000] {taskinstance.py:3134} INFO - Exporting env vars: AIRFLOW_CTX_DAG_OWNER='***' AIRFLOW_CTX_DAG_ID='ETL_breweries_list' AIRFLOW_CTX_TASK_ID='create_view_and_load_to_gold' AIRFLOW_CTX_EXECUTION_DATE='2025-03-20T18:42:52.444449+00:00' AIRFLOW_CTX_TRY_NUMBER='1' AIRFLOW_CTX_DAG_RUN_ID='manual__2025-03-20T18:42:52.444449+00:00'
[2025-03-20T18:44:13.327+0000] {logging_mixin.py:190} INFO - Task instance is in running state
[2025-03-20T18:44:13.327+0000] {logging_mixin.py:190} INFO -  Previous state of the Task instance: queued
[2025-03-20T18:44:13.328+0000] {logging_mixin.py:190} INFO - Current task name:create_view_and_load_to_gold state:running start_date:2025-03-20 18:44:12.936924+00:00
[2025-03-20T18:44:13.328+0000] {logging_mixin.py:190} INFO - Dag name:ETL_breweries_list and current dag run status:running
[2025-03-20T18:44:13.328+0000] {taskinstance.py:732} INFO - ::endgroup::
[2025-03-20T18:44:13.423+0000] {breweries_list_etl.py:173} INFO - Loaded silver/IRELAND/LAOIS/breweries.parquet
[2025-03-20T18:44:13.433+0000] {breweries_list_etl.py:173} INFO - Loaded silver/UNITED STATES/ARIZONA/breweries.parquet
[2025-03-20T18:44:13.440+0000] {breweries_list_etl.py:173} INFO - Loaded silver/UNITED STATES/CALIFORNIA/breweries.parquet
[2025-03-20T18:44:13.449+0000] {breweries_list_etl.py:173} INFO - Loaded silver/UNITED STATES/COLORADO/breweries.parquet
[2025-03-20T18:44:13.458+0000] {breweries_list_etl.py:173} INFO - Loaded silver/UNITED STATES/DELAWARE/breweries.parquet
[2025-03-20T18:44:13.472+0000] {breweries_list_etl.py:173} INFO - Loaded silver/UNITED STATES/IDAHO/breweries.parquet
[2025-03-20T18:44:13.481+0000] {breweries_list_etl.py:173} INFO - Loaded silver/UNITED STATES/ILLINOIS/breweries.parquet
[2025-03-20T18:44:13.489+0000] {breweries_list_etl.py:173} INFO - Loaded silver/UNITED STATES/INDIANA/breweries.parquet
[2025-03-20T18:44:13.498+0000] {breweries_list_etl.py:173} INFO - Loaded silver/UNITED STATES/IOWA/breweries.parquet
[2025-03-20T18:44:13.520+0000] {breweries_list_etl.py:173} INFO - Loaded silver/UNITED STATES/MARYLAND/breweries.parquet
[2025-03-20T18:44:13.528+0000] {breweries_list_etl.py:173} INFO - Loaded silver/UNITED STATES/MASSACHUSETTS/breweries.parquet
[2025-03-20T18:44:13.536+0000] {breweries_list_etl.py:173} INFO - Loaded silver/UNITED STATES/MICHIGAN/breweries.parquet
[2025-03-20T18:44:13.543+0000] {breweries_list_etl.py:173} INFO - Loaded silver/UNITED STATES/MINNESOTA/breweries.parquet
[2025-03-20T18:44:13.550+0000] {breweries_list_etl.py:173} INFO - Loaded silver/UNITED STATES/MISSISSIPPI/breweries.parquet
[2025-03-20T18:44:13.557+0000] {breweries_list_etl.py:173} INFO - Loaded silver/UNITED STATES/NEVADA/breweries.parquet
[2025-03-20T18:44:13.564+0000] {breweries_list_etl.py:173} INFO - Loaded silver/UNITED STATES/NEW YORK/breweries.parquet
[2025-03-20T18:44:13.570+0000] {breweries_list_etl.py:173} INFO - Loaded silver/UNITED STATES/NORTH CAROLINA/breweries.parquet
[2025-03-20T18:44:13.577+0000] {breweries_list_etl.py:173} INFO - Loaded silver/UNITED STATES/OHIO/breweries.parquet
[2025-03-20T18:44:13.584+0000] {breweries_list_etl.py:173} INFO - Loaded silver/UNITED STATES/OKLAHOMA/breweries.parquet
[2025-03-20T18:44:13.591+0000] {breweries_list_etl.py:173} INFO - Loaded silver/UNITED STATES/OREGON/breweries.parquet
[2025-03-20T18:44:13.599+0000] {breweries_list_etl.py:173} INFO - Loaded silver/UNITED STATES/PENNSYLVANIA/breweries.parquet
[2025-03-20T18:44:13.607+0000] {breweries_list_etl.py:173} INFO - Loaded silver/UNITED STATES/SOUTH CAROLINA/breweries.parquet
[2025-03-20T18:44:13.615+0000] {breweries_list_etl.py:173} INFO - Loaded silver/UNITED STATES/TEXAS/breweries.parquet
[2025-03-20T18:44:13.622+0000] {breweries_list_etl.py:173} INFO - Loaded silver/UNITED STATES/VERMONT/breweries.parquet
[2025-03-20T18:44:13.629+0000] {breweries_list_etl.py:173} INFO - Loaded silver/UNITED STATES/VIRGINIA/breweries.parquet
[2025-03-20T18:44:13.636+0000] {breweries_list_etl.py:173} INFO - Loaded silver/UNITED STATES/WASHINGTON/breweries.parquet
[2025-03-20T18:44:13.643+0000] {breweries_list_etl.py:173} INFO - Loaded silver/UNITED STATES/WISCONSIN/breweries.parquet
[2025-03-20T18:44:13.701+0000] {breweries_list_etl.py:202} INFO - Aggregated view successfully saved to gold/view_aggregated_breweries.parquet
[2025-03-20T18:44:13.702+0000] {python.py:240} INFO - Done. Returned value was: None
[2025-03-20T18:44:13.717+0000] {taskinstance.py:341} INFO - ::group::Post task execution logs
[2025-03-20T18:44:13.717+0000] {taskinstance.py:353} INFO - Marking task as SUCCESS. dag_id=ETL_breweries_list, task_id=create_view_and_load_to_gold, run_id=manual__2025-03-20T18:42:52.444449+00:00, execution_date=20250320T184252, start_date=20250320T184412, end_date=20250320T184413
[2025-03-20T18:44:13.755+0000] {logging_mixin.py:190} INFO - Task instance in success state
[2025-03-20T18:44:13.756+0000] {logging_mixin.py:190} INFO -  Previous state of the Task instance: running
[2025-03-20T18:44:13.756+0000] {logging_mixin.py:190} INFO - Dag name:ETL_breweries_list queued_at:2025-03-20 18:42:52.727299+00:00
[2025-03-20T18:44:13.756+0000] {logging_mixin.py:190} INFO - Task hostname:d8a3cf37e739 operator:PythonOperator
[2025-03-20T18:44:13.801+0000] {local_task_job_runner.py:266} INFO - Task exited with return code 0
[2025-03-20T18:44:13.842+0000] {taskinstance.py:3901} INFO - 1 downstream tasks scheduled from follow-on schedule check
[2025-03-20T18:44:13.845+0000] {local_task_job_runner.py:245} INFO - ::endgroup::
