[2025-03-18T22:46:05.411+0000] {processor.py:186} INFO - Started process (PID=133) to work on /home/airflow/.local/lib/python3.12/site-packages/airflow/example_dags/example_latest_only.py
[2025-03-18T22:46:05.413+0000] {processor.py:914} INFO - Processing file /home/airflow/.local/lib/python3.12/site-packages/airflow/example_dags/example_latest_only.py for tasks to queue
[2025-03-18T22:46:05.422+0000] {logging_mixin.py:190} INFO - [2025-03-18T22:46:05.421+0000] {dagbag.py:588} INFO - Filling up the DagBag from /home/airflow/.local/lib/python3.12/site-packages/airflow/example_dags/example_latest_only.py
[2025-03-18T22:46:05.451+0000] {processor.py:925} INFO - DAG(s) 'latest_only' retrieved from /home/airflow/.local/lib/python3.12/site-packages/airflow/example_dags/example_latest_only.py
[2025-03-18T22:46:05.756+0000] {logging_mixin.py:190} INFO - [2025-03-18T22:46:05.754+0000] {override.py:1912} INFO - Created Permission View: can read on DAG:latest_only
[2025-03-18T22:46:05.801+0000] {logging_mixin.py:190} INFO - [2025-03-18T22:46:05.799+0000] {override.py:1912} INFO - Created Permission View: can edit on DAG:latest_only
[2025-03-18T22:46:05.847+0000] {logging_mixin.py:190} INFO - [2025-03-18T22:46:05.846+0000] {override.py:1912} INFO - Created Permission View: can delete on DAG:latest_only
[2025-03-18T22:46:05.930+0000] {logging_mixin.py:190} INFO - [2025-03-18T22:46:05.929+0000] {override.py:1912} INFO - Created Permission View: can read on DAG Run:latest_only
[2025-03-18T22:46:06.009+0000] {logging_mixin.py:190} INFO - [2025-03-18T22:46:06.009+0000] {override.py:1912} INFO - Created Permission View: can delete on DAG Run:latest_only
[2025-03-18T22:46:06.061+0000] {logging_mixin.py:190} INFO - [2025-03-18T22:46:06.050+0000] {override.py:1912} INFO - Created Permission View: can create on DAG Run:latest_only
[2025-03-18T22:46:06.101+0000] {logging_mixin.py:190} INFO - [2025-03-18T22:46:06.100+0000] {override.py:1912} INFO - Created Permission View: menu access on DAG Run:latest_only
[2025-03-18T22:46:06.102+0000] {logging_mixin.py:190} INFO - [2025-03-18T22:46:06.101+0000] {dag.py:3239} INFO - Sync 1 DAGs
[2025-03-18T22:46:06.130+0000] {logging_mixin.py:190} INFO - [2025-03-18T22:46:06.129+0000] {dag.py:3262} INFO - Creating ORM DAG for latest_only
[2025-03-18T22:46:06.240+0000] {logging_mixin.py:190} INFO - [2025-03-18T22:46:06.239+0000] {dag.py:4180} INFO - Setting next_dagrun for latest_only to 2025-03-18 16:00:00+00:00, run_after=2025-03-18 20:00:00+00:00
[2025-03-18T22:46:06.319+0000] {processor.py:208} INFO - Processing /home/airflow/.local/lib/python3.12/site-packages/airflow/example_dags/example_latest_only.py took 0.923 seconds
[2025-03-18T22:46:39.758+0000] {processor.py:186} INFO - Started process (PID=197) to work on /home/airflow/.local/lib/python3.12/site-packages/airflow/example_dags/example_latest_only.py
[2025-03-18T22:46:39.763+0000] {processor.py:914} INFO - Processing file /home/airflow/.local/lib/python3.12/site-packages/airflow/example_dags/example_latest_only.py for tasks to queue
[2025-03-18T22:46:39.773+0000] {logging_mixin.py:190} INFO - [2025-03-18T22:46:39.773+0000] {dagbag.py:588} INFO - Filling up the DagBag from /home/airflow/.local/lib/python3.12/site-packages/airflow/example_dags/example_latest_only.py
[2025-03-18T22:46:39.785+0000] {processor.py:925} INFO - DAG(s) 'latest_only' retrieved from /home/airflow/.local/lib/python3.12/site-packages/airflow/example_dags/example_latest_only.py
[2025-03-18T22:46:39.819+0000] {logging_mixin.py:190} INFO - [2025-03-18T22:46:39.819+0000] {dag.py:3239} INFO - Sync 1 DAGs
[2025-03-18T22:46:39.914+0000] {logging_mixin.py:190} INFO - [2025-03-18T22:46:39.914+0000] {dag.py:4180} INFO - Setting next_dagrun for latest_only to 2025-03-18 16:00:00+00:00, run_after=2025-03-18 20:00:00+00:00
[2025-03-18T22:46:39.967+0000] {processor.py:208} INFO - Processing /home/airflow/.local/lib/python3.12/site-packages/airflow/example_dags/example_latest_only.py took 0.219 seconds
[2025-03-18T22:47:10.691+0000] {processor.py:186} INFO - Started process (PID=259) to work on /home/airflow/.local/lib/python3.12/site-packages/airflow/example_dags/example_latest_only.py
[2025-03-18T22:47:10.692+0000] {processor.py:914} INFO - Processing file /home/airflow/.local/lib/python3.12/site-packages/airflow/example_dags/example_latest_only.py for tasks to queue
[2025-03-18T22:47:10.695+0000] {logging_mixin.py:190} INFO - [2025-03-18T22:47:10.695+0000] {dagbag.py:588} INFO - Filling up the DagBag from /home/airflow/.local/lib/python3.12/site-packages/airflow/example_dags/example_latest_only.py
[2025-03-18T22:47:10.724+0000] {processor.py:925} INFO - DAG(s) 'latest_only' retrieved from /home/airflow/.local/lib/python3.12/site-packages/airflow/example_dags/example_latest_only.py
[2025-03-18T22:47:10.806+0000] {logging_mixin.py:190} INFO - [2025-03-18T22:47:10.805+0000] {dag.py:3239} INFO - Sync 1 DAGs
[2025-03-18T22:47:10.891+0000] {logging_mixin.py:190} INFO - [2025-03-18T22:47:10.891+0000] {dag.py:4180} INFO - Setting next_dagrun for latest_only to 2025-03-18 16:00:00+00:00, run_after=2025-03-18 20:00:00+00:00
[2025-03-18T22:47:10.942+0000] {processor.py:208} INFO - Processing /home/airflow/.local/lib/python3.12/site-packages/airflow/example_dags/example_latest_only.py took 0.260 seconds
[2025-03-18T22:47:41.008+0000] {processor.py:186} INFO - Started process (PID=322) to work on /home/airflow/.local/lib/python3.12/site-packages/airflow/example_dags/example_latest_only.py
[2025-03-18T22:47:41.009+0000] {processor.py:914} INFO - Processing file /home/airflow/.local/lib/python3.12/site-packages/airflow/example_dags/example_latest_only.py for tasks to queue
[2025-03-18T22:47:41.012+0000] {logging_mixin.py:190} INFO - [2025-03-18T22:47:41.012+0000] {dagbag.py:588} INFO - Filling up the DagBag from /home/airflow/.local/lib/python3.12/site-packages/airflow/example_dags/example_latest_only.py
[2025-03-18T22:47:41.022+0000] {processor.py:925} INFO - DAG(s) 'latest_only' retrieved from /home/airflow/.local/lib/python3.12/site-packages/airflow/example_dags/example_latest_only.py
[2025-03-18T22:47:41.050+0000] {logging_mixin.py:190} INFO - [2025-03-18T22:47:41.050+0000] {dag.py:3239} INFO - Sync 1 DAGs
[2025-03-18T22:47:41.083+0000] {logging_mixin.py:190} INFO - [2025-03-18T22:47:41.082+0000] {dag.py:4180} INFO - Setting next_dagrun for latest_only to 2025-03-18 16:00:00+00:00, run_after=2025-03-18 20:00:00+00:00
[2025-03-18T22:47:41.110+0000] {processor.py:208} INFO - Processing /home/airflow/.local/lib/python3.12/site-packages/airflow/example_dags/example_latest_only.py took 0.111 seconds
[2025-03-18T22:48:12.548+0000] {processor.py:186} INFO - Started process (PID=386) to work on /home/airflow/.local/lib/python3.12/site-packages/airflow/example_dags/example_latest_only.py
[2025-03-18T22:48:12.549+0000] {processor.py:914} INFO - Processing file /home/airflow/.local/lib/python3.12/site-packages/airflow/example_dags/example_latest_only.py for tasks to queue
[2025-03-18T22:48:12.552+0000] {logging_mixin.py:190} INFO - [2025-03-18T22:48:12.551+0000] {dagbag.py:588} INFO - Filling up the DagBag from /home/airflow/.local/lib/python3.12/site-packages/airflow/example_dags/example_latest_only.py
[2025-03-18T22:48:12.568+0000] {processor.py:925} INFO - DAG(s) 'latest_only' retrieved from /home/airflow/.local/lib/python3.12/site-packages/airflow/example_dags/example_latest_only.py
[2025-03-18T22:48:12.601+0000] {logging_mixin.py:190} INFO - [2025-03-18T22:48:12.600+0000] {dag.py:3239} INFO - Sync 1 DAGs
[2025-03-18T22:48:12.642+0000] {logging_mixin.py:190} INFO - [2025-03-18T22:48:12.641+0000] {dag.py:4180} INFO - Setting next_dagrun for latest_only to 2025-03-18 16:00:00+00:00, run_after=2025-03-18 20:00:00+00:00
[2025-03-18T22:48:12.670+0000] {processor.py:208} INFO - Processing /home/airflow/.local/lib/python3.12/site-packages/airflow/example_dags/example_latest_only.py took 0.129 seconds
[2025-03-18T22:48:43.546+0000] {processor.py:186} INFO - Started process (PID=449) to work on /home/airflow/.local/lib/python3.12/site-packages/airflow/example_dags/example_latest_only.py
[2025-03-18T22:48:43.554+0000] {processor.py:914} INFO - Processing file /home/airflow/.local/lib/python3.12/site-packages/airflow/example_dags/example_latest_only.py for tasks to queue
[2025-03-18T22:48:43.556+0000] {logging_mixin.py:190} INFO - [2025-03-18T22:48:43.556+0000] {dagbag.py:588} INFO - Filling up the DagBag from /home/airflow/.local/lib/python3.12/site-packages/airflow/example_dags/example_latest_only.py
[2025-03-18T22:48:43.575+0000] {processor.py:925} INFO - DAG(s) 'latest_only' retrieved from /home/airflow/.local/lib/python3.12/site-packages/airflow/example_dags/example_latest_only.py
[2025-03-18T22:48:46.216+0000] {logging_mixin.py:190} INFO - [2025-03-18T22:48:46.215+0000] {dag.py:3239} INFO - Sync 1 DAGs
[2025-03-18T22:48:46.248+0000] {logging_mixin.py:190} INFO - [2025-03-18T22:48:46.248+0000] {dag.py:4180} INFO - Setting next_dagrun for latest_only to 2025-03-18 16:00:00+00:00, run_after=2025-03-18 20:00:00+00:00
[2025-03-18T22:48:46.309+0000] {processor.py:208} INFO - Processing /home/airflow/.local/lib/python3.12/site-packages/airflow/example_dags/example_latest_only.py took 0.206 seconds
[2025-03-18T22:49:16.885+0000] {processor.py:186} INFO - Started process (PID=513) to work on /home/airflow/.local/lib/python3.12/site-packages/airflow/example_dags/example_latest_only.py
[2025-03-18T22:49:16.886+0000] {processor.py:914} INFO - Processing file /home/airflow/.local/lib/python3.12/site-packages/airflow/example_dags/example_latest_only.py for tasks to queue
[2025-03-18T22:49:16.889+0000] {logging_mixin.py:190} INFO - [2025-03-18T22:49:16.889+0000] {dagbag.py:588} INFO - Filling up the DagBag from /home/airflow/.local/lib/python3.12/site-packages/airflow/example_dags/example_latest_only.py
[2025-03-18T22:49:16.911+0000] {processor.py:925} INFO - DAG(s) 'latest_only' retrieved from /home/airflow/.local/lib/python3.12/site-packages/airflow/example_dags/example_latest_only.py
[2025-03-18T22:49:16.998+0000] {logging_mixin.py:190} INFO - [2025-03-18T22:49:16.998+0000] {dag.py:3239} INFO - Sync 1 DAGs
[2025-03-18T22:49:17.108+0000] {logging_mixin.py:190} INFO - [2025-03-18T22:49:17.108+0000] {dag.py:4180} INFO - Setting next_dagrun for latest_only to 2025-03-18 16:00:00+00:00, run_after=2025-03-18 20:00:00+00:00
[2025-03-18T22:49:17.386+0000] {processor.py:208} INFO - Processing /home/airflow/.local/lib/python3.12/site-packages/airflow/example_dags/example_latest_only.py took 0.523 seconds
[2025-03-18T22:49:47.790+0000] {processor.py:186} INFO - Started process (PID=575) to work on /home/airflow/.local/lib/python3.12/site-packages/airflow/example_dags/example_latest_only.py
[2025-03-18T22:49:47.791+0000] {processor.py:914} INFO - Processing file /home/airflow/.local/lib/python3.12/site-packages/airflow/example_dags/example_latest_only.py for tasks to queue
[2025-03-18T22:49:47.794+0000] {logging_mixin.py:190} INFO - [2025-03-18T22:49:47.793+0000] {dagbag.py:588} INFO - Filling up the DagBag from /home/airflow/.local/lib/python3.12/site-packages/airflow/example_dags/example_latest_only.py
[2025-03-18T22:49:47.804+0000] {processor.py:925} INFO - DAG(s) 'latest_only' retrieved from /home/airflow/.local/lib/python3.12/site-packages/airflow/example_dags/example_latest_only.py
[2025-03-18T22:49:47.832+0000] {logging_mixin.py:190} INFO - [2025-03-18T22:49:47.832+0000] {dag.py:3239} INFO - Sync 1 DAGs
[2025-03-18T22:49:47.863+0000] {logging_mixin.py:190} INFO - [2025-03-18T22:49:47.863+0000] {dag.py:4180} INFO - Setting next_dagrun for latest_only to 2025-03-18 16:00:00+00:00, run_after=2025-03-18 20:00:00+00:00
[2025-03-18T22:49:47.898+0000] {processor.py:208} INFO - Processing /home/airflow/.local/lib/python3.12/site-packages/airflow/example_dags/example_latest_only.py took 0.119 seconds
[2025-03-18T22:50:18.016+0000] {processor.py:186} INFO - Started process (PID=638) to work on /home/airflow/.local/lib/python3.12/site-packages/airflow/example_dags/example_latest_only.py
[2025-03-18T22:50:18.017+0000] {processor.py:914} INFO - Processing file /home/airflow/.local/lib/python3.12/site-packages/airflow/example_dags/example_latest_only.py for tasks to queue
[2025-03-18T22:50:18.020+0000] {logging_mixin.py:190} INFO - [2025-03-18T22:50:18.019+0000] {dagbag.py:588} INFO - Filling up the DagBag from /home/airflow/.local/lib/python3.12/site-packages/airflow/example_dags/example_latest_only.py
[2025-03-18T22:50:18.031+0000] {processor.py:925} INFO - DAG(s) 'latest_only' retrieved from /home/airflow/.local/lib/python3.12/site-packages/airflow/example_dags/example_latest_only.py
[2025-03-18T22:50:18.118+0000] {logging_mixin.py:190} INFO - [2025-03-18T22:50:18.117+0000] {dag.py:3239} INFO - Sync 1 DAGs
[2025-03-18T22:50:18.158+0000] {logging_mixin.py:190} INFO - [2025-03-18T22:50:18.158+0000] {dag.py:4180} INFO - Setting next_dagrun for latest_only to 2025-03-18 16:00:00+00:00, run_after=2025-03-18 20:00:00+00:00
[2025-03-18T22:50:18.195+0000] {processor.py:208} INFO - Processing /home/airflow/.local/lib/python3.12/site-packages/airflow/example_dags/example_latest_only.py took 0.187 seconds
[2025-03-18T22:50:48.715+0000] {processor.py:186} INFO - Started process (PID=701) to work on /home/airflow/.local/lib/python3.12/site-packages/airflow/example_dags/example_latest_only.py
[2025-03-18T22:50:48.722+0000] {processor.py:914} INFO - Processing file /home/airflow/.local/lib/python3.12/site-packages/airflow/example_dags/example_latest_only.py for tasks to queue
[2025-03-18T22:50:48.725+0000] {logging_mixin.py:190} INFO - [2025-03-18T22:50:48.725+0000] {dagbag.py:588} INFO - Filling up the DagBag from /home/airflow/.local/lib/python3.12/site-packages/airflow/example_dags/example_latest_only.py
[2025-03-18T22:50:48.735+0000] {processor.py:925} INFO - DAG(s) 'latest_only' retrieved from /home/airflow/.local/lib/python3.12/site-packages/airflow/example_dags/example_latest_only.py
[2025-03-18T22:50:48.762+0000] {logging_mixin.py:190} INFO - [2025-03-18T22:50:48.761+0000] {dag.py:3239} INFO - Sync 1 DAGs
[2025-03-18T22:50:48.795+0000] {logging_mixin.py:190} INFO - [2025-03-18T22:50:48.794+0000] {dag.py:4180} INFO - Setting next_dagrun for latest_only to 2025-03-18 16:00:00+00:00, run_after=2025-03-18 20:00:00+00:00
[2025-03-18T22:50:48.835+0000] {processor.py:208} INFO - Processing /home/airflow/.local/lib/python3.12/site-packages/airflow/example_dags/example_latest_only.py took 0.127 seconds
[2025-03-18T22:51:19.184+0000] {processor.py:186} INFO - Started process (PID=763) to work on /home/airflow/.local/lib/python3.12/site-packages/airflow/example_dags/example_latest_only.py
[2025-03-18T22:51:19.185+0000] {processor.py:914} INFO - Processing file /home/airflow/.local/lib/python3.12/site-packages/airflow/example_dags/example_latest_only.py for tasks to queue
[2025-03-18T22:51:19.189+0000] {logging_mixin.py:190} INFO - [2025-03-18T22:51:19.188+0000] {dagbag.py:588} INFO - Filling up the DagBag from /home/airflow/.local/lib/python3.12/site-packages/airflow/example_dags/example_latest_only.py
[2025-03-18T22:51:19.213+0000] {processor.py:925} INFO - DAG(s) 'latest_only' retrieved from /home/airflow/.local/lib/python3.12/site-packages/airflow/example_dags/example_latest_only.py
[2025-03-18T22:51:19.284+0000] {logging_mixin.py:190} INFO - [2025-03-18T22:51:19.284+0000] {dag.py:3239} INFO - Sync 1 DAGs
[2025-03-18T22:51:19.358+0000] {logging_mixin.py:190} INFO - [2025-03-18T22:51:19.357+0000] {dag.py:4180} INFO - Setting next_dagrun for latest_only to 2025-03-18 16:00:00+00:00, run_after=2025-03-18 20:00:00+00:00
[2025-03-18T22:51:19.442+0000] {processor.py:208} INFO - Processing /home/airflow/.local/lib/python3.12/site-packages/airflow/example_dags/example_latest_only.py took 0.277 seconds
[2025-03-18T22:51:50.158+0000] {processor.py:186} INFO - Started process (PID=827) to work on /home/airflow/.local/lib/python3.12/site-packages/airflow/example_dags/example_latest_only.py
[2025-03-18T22:51:50.159+0000] {processor.py:914} INFO - Processing file /home/airflow/.local/lib/python3.12/site-packages/airflow/example_dags/example_latest_only.py for tasks to queue
[2025-03-18T22:51:50.161+0000] {logging_mixin.py:190} INFO - [2025-03-18T22:51:50.161+0000] {dagbag.py:588} INFO - Filling up the DagBag from /home/airflow/.local/lib/python3.12/site-packages/airflow/example_dags/example_latest_only.py
[2025-03-18T22:51:50.170+0000] {processor.py:925} INFO - DAG(s) 'latest_only' retrieved from /home/airflow/.local/lib/python3.12/site-packages/airflow/example_dags/example_latest_only.py
[2025-03-18T22:51:50.193+0000] {logging_mixin.py:190} INFO - [2025-03-18T22:51:50.193+0000] {dag.py:3239} INFO - Sync 1 DAGs
[2025-03-18T22:51:50.221+0000] {logging_mixin.py:190} INFO - [2025-03-18T22:51:50.221+0000] {dag.py:4180} INFO - Setting next_dagrun for latest_only to 2025-03-18 16:00:00+00:00, run_after=2025-03-18 20:00:00+00:00
[2025-03-18T22:51:50.263+0000] {processor.py:208} INFO - Processing /home/airflow/.local/lib/python3.12/site-packages/airflow/example_dags/example_latest_only.py took 0.113 seconds
[2025-03-18T22:52:20.550+0000] {processor.py:186} INFO - Started process (PID=890) to work on /home/airflow/.local/lib/python3.12/site-packages/airflow/example_dags/example_latest_only.py
[2025-03-18T22:52:20.551+0000] {processor.py:914} INFO - Processing file /home/airflow/.local/lib/python3.12/site-packages/airflow/example_dags/example_latest_only.py for tasks to queue
[2025-03-18T22:52:20.554+0000] {logging_mixin.py:190} INFO - [2025-03-18T22:52:20.554+0000] {dagbag.py:588} INFO - Filling up the DagBag from /home/airflow/.local/lib/python3.12/site-packages/airflow/example_dags/example_latest_only.py
[2025-03-18T22:52:20.564+0000] {processor.py:925} INFO - DAG(s) 'latest_only' retrieved from /home/airflow/.local/lib/python3.12/site-packages/airflow/example_dags/example_latest_only.py
[2025-03-18T22:52:20.592+0000] {logging_mixin.py:190} INFO - [2025-03-18T22:52:20.591+0000] {dag.py:3239} INFO - Sync 1 DAGs
[2025-03-18T22:52:20.638+0000] {logging_mixin.py:190} INFO - [2025-03-18T22:52:20.638+0000] {dag.py:4180} INFO - Setting next_dagrun for latest_only to 2025-03-18 16:00:00+00:00, run_after=2025-03-18 20:00:00+00:00
[2025-03-18T22:52:20.676+0000] {processor.py:208} INFO - Processing /home/airflow/.local/lib/python3.12/site-packages/airflow/example_dags/example_latest_only.py took 0.137 seconds
[2025-03-18T22:52:51.202+0000] {processor.py:186} INFO - Started process (PID=951) to work on /home/airflow/.local/lib/python3.12/site-packages/airflow/example_dags/example_latest_only.py
[2025-03-18T22:52:51.204+0000] {processor.py:914} INFO - Processing file /home/airflow/.local/lib/python3.12/site-packages/airflow/example_dags/example_latest_only.py for tasks to queue
[2025-03-18T22:52:51.207+0000] {logging_mixin.py:190} INFO - [2025-03-18T22:52:51.206+0000] {dagbag.py:588} INFO - Filling up the DagBag from /home/airflow/.local/lib/python3.12/site-packages/airflow/example_dags/example_latest_only.py
[2025-03-18T22:52:51.218+0000] {processor.py:925} INFO - DAG(s) 'latest_only' retrieved from /home/airflow/.local/lib/python3.12/site-packages/airflow/example_dags/example_latest_only.py
[2025-03-18T22:52:51.252+0000] {logging_mixin.py:190} INFO - [2025-03-18T22:52:51.252+0000] {dag.py:3239} INFO - Sync 1 DAGs
[2025-03-18T22:52:51.290+0000] {logging_mixin.py:190} INFO - [2025-03-18T22:52:51.289+0000] {dag.py:4180} INFO - Setting next_dagrun for latest_only to 2025-03-18 16:00:00+00:00, run_after=2025-03-18 20:00:00+00:00
[2025-03-18T22:52:51.316+0000] {processor.py:208} INFO - Processing /home/airflow/.local/lib/python3.12/site-packages/airflow/example_dags/example_latest_only.py took 0.123 seconds
[2025-03-18T22:53:23.907+0000] {processor.py:186} INFO - Started process (PID=1014) to work on /home/airflow/.local/lib/python3.12/site-packages/airflow/example_dags/example_latest_only.py
[2025-03-18T22:53:23.922+0000] {processor.py:914} INFO - Processing file /home/airflow/.local/lib/python3.12/site-packages/airflow/example_dags/example_latest_only.py for tasks to queue
[2025-03-18T22:53:23.932+0000] {logging_mixin.py:190} INFO - [2025-03-18T22:53:23.931+0000] {dagbag.py:588} INFO - Filling up the DagBag from /home/airflow/.local/lib/python3.12/site-packages/airflow/example_dags/example_latest_only.py
[2025-03-18T22:53:23.963+0000] {processor.py:925} INFO - DAG(s) 'latest_only' retrieved from /home/airflow/.local/lib/python3.12/site-packages/airflow/example_dags/example_latest_only.py
[2025-03-18T22:53:24.019+0000] {logging_mixin.py:190} INFO - [2025-03-18T22:53:24.018+0000] {dag.py:3239} INFO - Sync 1 DAGs
[2025-03-18T22:53:24.066+0000] {logging_mixin.py:190} INFO - [2025-03-18T22:53:24.066+0000] {dag.py:4180} INFO - Setting next_dagrun for latest_only to 2025-03-18 16:00:00+00:00, run_after=2025-03-18 20:00:00+00:00
[2025-03-18T22:53:24.124+0000] {processor.py:208} INFO - Processing /home/airflow/.local/lib/python3.12/site-packages/airflow/example_dags/example_latest_only.py took 0.249 seconds
[2025-03-18T22:53:56.684+0000] {processor.py:186} INFO - Started process (PID=1078) to work on /home/airflow/.local/lib/python3.12/site-packages/airflow/example_dags/example_latest_only.py
[2025-03-18T22:53:56.686+0000] {processor.py:914} INFO - Processing file /home/airflow/.local/lib/python3.12/site-packages/airflow/example_dags/example_latest_only.py for tasks to queue
[2025-03-18T22:53:56.688+0000] {logging_mixin.py:190} INFO - [2025-03-18T22:53:56.688+0000] {dagbag.py:588} INFO - Filling up the DagBag from /home/airflow/.local/lib/python3.12/site-packages/airflow/example_dags/example_latest_only.py
[2025-03-18T22:53:56.696+0000] {processor.py:925} INFO - DAG(s) 'latest_only' retrieved from /home/airflow/.local/lib/python3.12/site-packages/airflow/example_dags/example_latest_only.py
[2025-03-18T22:53:56.716+0000] {logging_mixin.py:190} INFO - [2025-03-18T22:53:56.716+0000] {dag.py:3239} INFO - Sync 1 DAGs
[2025-03-18T22:53:56.761+0000] {logging_mixin.py:190} INFO - [2025-03-18T22:53:56.760+0000] {dag.py:4180} INFO - Setting next_dagrun for latest_only to 2025-03-18 16:00:00+00:00, run_after=2025-03-18 20:00:00+00:00
[2025-03-18T22:53:56.788+0000] {processor.py:208} INFO - Processing /home/airflow/.local/lib/python3.12/site-packages/airflow/example_dags/example_latest_only.py took 0.112 seconds
[2025-03-18T22:54:31.507+0000] {processor.py:186} INFO - Started process (PID=1141) to work on /home/airflow/.local/lib/python3.12/site-packages/airflow/example_dags/example_latest_only.py
[2025-03-18T22:54:31.525+0000] {processor.py:914} INFO - Processing file /home/airflow/.local/lib/python3.12/site-packages/airflow/example_dags/example_latest_only.py for tasks to queue
[2025-03-18T22:54:31.528+0000] {logging_mixin.py:190} INFO - [2025-03-18T22:54:31.527+0000] {dagbag.py:588} INFO - Filling up the DagBag from /home/airflow/.local/lib/python3.12/site-packages/airflow/example_dags/example_latest_only.py
[2025-03-18T22:54:31.550+0000] {processor.py:925} INFO - DAG(s) 'latest_only' retrieved from /home/airflow/.local/lib/python3.12/site-packages/airflow/example_dags/example_latest_only.py
[2025-03-18T22:54:31.615+0000] {logging_mixin.py:190} INFO - [2025-03-18T22:54:31.615+0000] {dag.py:3239} INFO - Sync 1 DAGs
[2025-03-18T22:54:31.664+0000] {logging_mixin.py:190} INFO - [2025-03-18T22:54:31.663+0000] {dag.py:4180} INFO - Setting next_dagrun for latest_only to 2025-03-18 16:00:00+00:00, run_after=2025-03-18 20:00:00+00:00
[2025-03-18T22:54:31.755+0000] {processor.py:208} INFO - Processing /home/airflow/.local/lib/python3.12/site-packages/airflow/example_dags/example_latest_only.py took 0.256 seconds
[2025-03-18T22:55:02.385+0000] {processor.py:186} INFO - Started process (PID=1204) to work on /home/airflow/.local/lib/python3.12/site-packages/airflow/example_dags/example_latest_only.py
[2025-03-18T22:55:02.387+0000] {processor.py:914} INFO - Processing file /home/airflow/.local/lib/python3.12/site-packages/airflow/example_dags/example_latest_only.py for tasks to queue
[2025-03-18T22:55:02.389+0000] {logging_mixin.py:190} INFO - [2025-03-18T22:55:02.389+0000] {dagbag.py:588} INFO - Filling up the DagBag from /home/airflow/.local/lib/python3.12/site-packages/airflow/example_dags/example_latest_only.py
[2025-03-18T22:55:02.402+0000] {processor.py:925} INFO - DAG(s) 'latest_only' retrieved from /home/airflow/.local/lib/python3.12/site-packages/airflow/example_dags/example_latest_only.py
[2025-03-18T22:55:02.423+0000] {logging_mixin.py:190} INFO - [2025-03-18T22:55:02.423+0000] {dag.py:3239} INFO - Sync 1 DAGs
[2025-03-18T22:55:02.448+0000] {logging_mixin.py:190} INFO - [2025-03-18T22:55:02.447+0000] {dag.py:4180} INFO - Setting next_dagrun for latest_only to 2025-03-18 16:00:00+00:00, run_after=2025-03-18 20:00:00+00:00
[2025-03-18T22:55:02.469+0000] {processor.py:208} INFO - Processing /home/airflow/.local/lib/python3.12/site-packages/airflow/example_dags/example_latest_only.py took 0.095 seconds
[2025-03-18T22:55:33.717+0000] {processor.py:186} INFO - Started process (PID=1267) to work on /home/airflow/.local/lib/python3.12/site-packages/airflow/example_dags/example_latest_only.py
[2025-03-18T22:55:33.724+0000] {processor.py:914} INFO - Processing file /home/airflow/.local/lib/python3.12/site-packages/airflow/example_dags/example_latest_only.py for tasks to queue
[2025-03-18T22:55:33.727+0000] {logging_mixin.py:190} INFO - [2025-03-18T22:55:33.726+0000] {dagbag.py:588} INFO - Filling up the DagBag from /home/airflow/.local/lib/python3.12/site-packages/airflow/example_dags/example_latest_only.py
[2025-03-18T22:55:33.736+0000] {processor.py:925} INFO - DAG(s) 'latest_only' retrieved from /home/airflow/.local/lib/python3.12/site-packages/airflow/example_dags/example_latest_only.py
[2025-03-18T22:55:33.767+0000] {logging_mixin.py:190} INFO - [2025-03-18T22:55:33.767+0000] {dag.py:3239} INFO - Sync 1 DAGs
[2025-03-18T22:55:33.792+0000] {logging_mixin.py:190} INFO - [2025-03-18T22:55:33.792+0000] {dag.py:4180} INFO - Setting next_dagrun for latest_only to 2025-03-18 16:00:00+00:00, run_after=2025-03-18 20:00:00+00:00
[2025-03-18T22:55:33.812+0000] {processor.py:208} INFO - Processing /home/airflow/.local/lib/python3.12/site-packages/airflow/example_dags/example_latest_only.py took 0.103 seconds
[2025-03-18T22:56:05.154+0000] {processor.py:186} INFO - Started process (PID=1331) to work on /home/airflow/.local/lib/python3.12/site-packages/airflow/example_dags/example_latest_only.py
[2025-03-18T22:56:05.155+0000] {processor.py:914} INFO - Processing file /home/airflow/.local/lib/python3.12/site-packages/airflow/example_dags/example_latest_only.py for tasks to queue
[2025-03-18T22:56:05.158+0000] {logging_mixin.py:190} INFO - [2025-03-18T22:56:05.157+0000] {dagbag.py:588} INFO - Filling up the DagBag from /home/airflow/.local/lib/python3.12/site-packages/airflow/example_dags/example_latest_only.py
[2025-03-18T22:56:05.166+0000] {processor.py:925} INFO - DAG(s) 'latest_only' retrieved from /home/airflow/.local/lib/python3.12/site-packages/airflow/example_dags/example_latest_only.py
[2025-03-18T22:56:05.187+0000] {logging_mixin.py:190} INFO - [2025-03-18T22:56:05.187+0000] {dag.py:3239} INFO - Sync 1 DAGs
[2025-03-18T22:56:05.211+0000] {logging_mixin.py:190} INFO - [2025-03-18T22:56:05.211+0000] {dag.py:4180} INFO - Setting next_dagrun for latest_only to 2025-03-18 16:00:00+00:00, run_after=2025-03-18 20:00:00+00:00
[2025-03-18T22:56:05.231+0000] {processor.py:208} INFO - Processing /home/airflow/.local/lib/python3.12/site-packages/airflow/example_dags/example_latest_only.py took 0.084 seconds
[2025-03-18T22:56:36.296+0000] {processor.py:186} INFO - Started process (PID=1394) to work on /home/airflow/.local/lib/python3.12/site-packages/airflow/example_dags/example_latest_only.py
[2025-03-18T22:56:36.301+0000] {processor.py:914} INFO - Processing file /home/airflow/.local/lib/python3.12/site-packages/airflow/example_dags/example_latest_only.py for tasks to queue
[2025-03-18T22:56:36.304+0000] {logging_mixin.py:190} INFO - [2025-03-18T22:56:36.304+0000] {dagbag.py:588} INFO - Filling up the DagBag from /home/airflow/.local/lib/python3.12/site-packages/airflow/example_dags/example_latest_only.py
[2025-03-18T22:56:36.313+0000] {processor.py:925} INFO - DAG(s) 'latest_only' retrieved from /home/airflow/.local/lib/python3.12/site-packages/airflow/example_dags/example_latest_only.py
[2025-03-18T22:56:36.337+0000] {logging_mixin.py:190} INFO - [2025-03-18T22:56:36.337+0000] {dag.py:3239} INFO - Sync 1 DAGs
[2025-03-18T22:56:36.369+0000] {logging_mixin.py:190} INFO - [2025-03-18T22:56:36.368+0000] {dag.py:4180} INFO - Setting next_dagrun for latest_only to 2025-03-18 16:00:00+00:00, run_after=2025-03-18 20:00:00+00:00
[2025-03-18T22:56:36.390+0000] {processor.py:208} INFO - Processing /home/airflow/.local/lib/python3.12/site-packages/airflow/example_dags/example_latest_only.py took 0.100 seconds
[2025-03-18T22:57:07.207+0000] {processor.py:186} INFO - Started process (PID=1451) to work on /home/airflow/.local/lib/python3.12/site-packages/airflow/example_dags/example_latest_only.py
[2025-03-18T22:57:07.208+0000] {processor.py:914} INFO - Processing file /home/airflow/.local/lib/python3.12/site-packages/airflow/example_dags/example_latest_only.py for tasks to queue
[2025-03-18T22:57:07.212+0000] {logging_mixin.py:190} INFO - [2025-03-18T22:57:07.211+0000] {dagbag.py:588} INFO - Filling up the DagBag from /home/airflow/.local/lib/python3.12/site-packages/airflow/example_dags/example_latest_only.py
[2025-03-18T22:57:07.223+0000] {processor.py:925} INFO - DAG(s) 'latest_only' retrieved from /home/airflow/.local/lib/python3.12/site-packages/airflow/example_dags/example_latest_only.py
[2025-03-18T22:57:07.249+0000] {logging_mixin.py:190} INFO - [2025-03-18T22:57:07.249+0000] {dag.py:3239} INFO - Sync 1 DAGs
[2025-03-18T22:57:07.277+0000] {logging_mixin.py:190} INFO - [2025-03-18T22:57:07.277+0000] {dag.py:4180} INFO - Setting next_dagrun for latest_only to 2025-03-18 16:00:00+00:00, run_after=2025-03-18 20:00:00+00:00
[2025-03-18T22:57:07.303+0000] {processor.py:208} INFO - Processing /home/airflow/.local/lib/python3.12/site-packages/airflow/example_dags/example_latest_only.py took 0.106 seconds
[2025-03-18T22:57:39.050+0000] {processor.py:186} INFO - Started process (PID=1518) to work on /home/airflow/.local/lib/python3.12/site-packages/airflow/example_dags/example_latest_only.py
[2025-03-18T22:57:39.051+0000] {processor.py:914} INFO - Processing file /home/airflow/.local/lib/python3.12/site-packages/airflow/example_dags/example_latest_only.py for tasks to queue
[2025-03-18T22:57:39.054+0000] {logging_mixin.py:190} INFO - [2025-03-18T22:57:39.054+0000] {dagbag.py:588} INFO - Filling up the DagBag from /home/airflow/.local/lib/python3.12/site-packages/airflow/example_dags/example_latest_only.py
[2025-03-18T22:57:39.063+0000] {processor.py:925} INFO - DAG(s) 'latest_only' retrieved from /home/airflow/.local/lib/python3.12/site-packages/airflow/example_dags/example_latest_only.py
[2025-03-18T22:57:39.089+0000] {logging_mixin.py:190} INFO - [2025-03-18T22:57:39.088+0000] {dag.py:3239} INFO - Sync 1 DAGs
[2025-03-18T22:57:39.121+0000] {logging_mixin.py:190} INFO - [2025-03-18T22:57:39.121+0000] {dag.py:4180} INFO - Setting next_dagrun for latest_only to 2025-03-18 16:00:00+00:00, run_after=2025-03-18 20:00:00+00:00
[2025-03-18T22:57:39.146+0000] {processor.py:208} INFO - Processing /home/airflow/.local/lib/python3.12/site-packages/airflow/example_dags/example_latest_only.py took 0.102 seconds
[2025-03-18T22:58:11.106+0000] {processor.py:186} INFO - Started process (PID=1585) to work on /home/airflow/.local/lib/python3.12/site-packages/airflow/example_dags/example_latest_only.py
[2025-03-18T22:58:11.107+0000] {processor.py:914} INFO - Processing file /home/airflow/.local/lib/python3.12/site-packages/airflow/example_dags/example_latest_only.py for tasks to queue
[2025-03-18T22:58:11.110+0000] {logging_mixin.py:190} INFO - [2025-03-18T22:58:11.109+0000] {dagbag.py:588} INFO - Filling up the DagBag from /home/airflow/.local/lib/python3.12/site-packages/airflow/example_dags/example_latest_only.py
[2025-03-18T22:58:11.117+0000] {processor.py:925} INFO - DAG(s) 'latest_only' retrieved from /home/airflow/.local/lib/python3.12/site-packages/airflow/example_dags/example_latest_only.py
[2025-03-18T22:58:11.137+0000] {logging_mixin.py:190} INFO - [2025-03-18T22:58:11.137+0000] {dag.py:3239} INFO - Sync 1 DAGs
[2025-03-18T22:58:11.167+0000] {logging_mixin.py:190} INFO - [2025-03-18T22:58:11.166+0000] {dag.py:4180} INFO - Setting next_dagrun for latest_only to 2025-03-18 16:00:00+00:00, run_after=2025-03-18 20:00:00+00:00
[2025-03-18T22:58:11.189+0000] {processor.py:208} INFO - Processing /home/airflow/.local/lib/python3.12/site-packages/airflow/example_dags/example_latest_only.py took 0.089 seconds
[2025-03-18T22:58:42.710+0000] {processor.py:186} INFO - Started process (PID=1648) to work on /home/airflow/.local/lib/python3.12/site-packages/airflow/example_dags/example_latest_only.py
[2025-03-18T22:58:42.712+0000] {processor.py:914} INFO - Processing file /home/airflow/.local/lib/python3.12/site-packages/airflow/example_dags/example_latest_only.py for tasks to queue
[2025-03-18T22:58:42.715+0000] {logging_mixin.py:190} INFO - [2025-03-18T22:58:42.714+0000] {dagbag.py:588} INFO - Filling up the DagBag from /home/airflow/.local/lib/python3.12/site-packages/airflow/example_dags/example_latest_only.py
[2025-03-18T22:58:42.725+0000] {processor.py:925} INFO - DAG(s) 'latest_only' retrieved from /home/airflow/.local/lib/python3.12/site-packages/airflow/example_dags/example_latest_only.py
[2025-03-18T22:58:42.754+0000] {logging_mixin.py:190} INFO - [2025-03-18T22:58:42.753+0000] {dag.py:3239} INFO - Sync 1 DAGs
[2025-03-18T22:58:42.806+0000] {logging_mixin.py:190} INFO - [2025-03-18T22:58:42.806+0000] {dag.py:4180} INFO - Setting next_dagrun for latest_only to 2025-03-18 16:00:00+00:00, run_after=2025-03-18 20:00:00+00:00
[2025-03-18T22:58:42.854+0000] {processor.py:208} INFO - Processing /home/airflow/.local/lib/python3.12/site-packages/airflow/example_dags/example_latest_only.py took 0.151 seconds
[2025-03-18T22:59:15.138+0000] {processor.py:186} INFO - Started process (PID=1711) to work on /home/airflow/.local/lib/python3.12/site-packages/airflow/example_dags/example_latest_only.py
[2025-03-18T22:59:15.146+0000] {processor.py:914} INFO - Processing file /home/airflow/.local/lib/python3.12/site-packages/airflow/example_dags/example_latest_only.py for tasks to queue
[2025-03-18T22:59:15.157+0000] {logging_mixin.py:190} INFO - [2025-03-18T22:59:15.156+0000] {dagbag.py:588} INFO - Filling up the DagBag from /home/airflow/.local/lib/python3.12/site-packages/airflow/example_dags/example_latest_only.py
[2025-03-18T22:59:15.165+0000] {processor.py:925} INFO - DAG(s) 'latest_only' retrieved from /home/airflow/.local/lib/python3.12/site-packages/airflow/example_dags/example_latest_only.py
[2025-03-18T22:59:15.242+0000] {logging_mixin.py:190} INFO - [2025-03-18T22:59:15.242+0000] {dag.py:3239} INFO - Sync 1 DAGs
[2025-03-18T22:59:15.280+0000] {logging_mixin.py:190} INFO - [2025-03-18T22:59:15.280+0000] {dag.py:4180} INFO - Setting next_dagrun for latest_only to 2025-03-18 16:00:00+00:00, run_after=2025-03-18 20:00:00+00:00
[2025-03-18T22:59:15.346+0000] {processor.py:208} INFO - Processing /home/airflow/.local/lib/python3.12/site-packages/airflow/example_dags/example_latest_only.py took 0.226 seconds
[2025-03-18T22:59:47.532+0000] {processor.py:186} INFO - Started process (PID=1775) to work on /home/airflow/.local/lib/python3.12/site-packages/airflow/example_dags/example_latest_only.py
[2025-03-18T22:59:47.534+0000] {processor.py:914} INFO - Processing file /home/airflow/.local/lib/python3.12/site-packages/airflow/example_dags/example_latest_only.py for tasks to queue
[2025-03-18T22:59:47.538+0000] {logging_mixin.py:190} INFO - [2025-03-18T22:59:47.537+0000] {dagbag.py:588} INFO - Filling up the DagBag from /home/airflow/.local/lib/python3.12/site-packages/airflow/example_dags/example_latest_only.py
[2025-03-18T22:59:47.546+0000] {processor.py:925} INFO - DAG(s) 'latest_only' retrieved from /home/airflow/.local/lib/python3.12/site-packages/airflow/example_dags/example_latest_only.py
[2025-03-18T22:59:47.583+0000] {logging_mixin.py:190} INFO - [2025-03-18T22:59:47.583+0000] {dag.py:3239} INFO - Sync 1 DAGs
[2025-03-18T22:59:47.608+0000] {logging_mixin.py:190} INFO - [2025-03-18T22:59:47.607+0000] {dag.py:4180} INFO - Setting next_dagrun for latest_only to 2025-03-18 16:00:00+00:00, run_after=2025-03-18 20:00:00+00:00
[2025-03-18T22:59:47.632+0000] {processor.py:208} INFO - Processing /home/airflow/.local/lib/python3.12/site-packages/airflow/example_dags/example_latest_only.py took 0.109 seconds
[2025-03-18T23:00:25.039+0000] {processor.py:186} INFO - Started process (PID=1850) to work on /home/airflow/.local/lib/python3.12/site-packages/airflow/example_dags/example_latest_only.py
[2025-03-18T23:00:25.040+0000] {processor.py:914} INFO - Processing file /home/airflow/.local/lib/python3.12/site-packages/airflow/example_dags/example_latest_only.py for tasks to queue
[2025-03-18T23:00:25.043+0000] {logging_mixin.py:190} INFO - [2025-03-18T23:00:25.042+0000] {dagbag.py:588} INFO - Filling up the DagBag from /home/airflow/.local/lib/python3.12/site-packages/airflow/example_dags/example_latest_only.py
[2025-03-18T23:00:25.052+0000] {processor.py:925} INFO - DAG(s) 'latest_only' retrieved from /home/airflow/.local/lib/python3.12/site-packages/airflow/example_dags/example_latest_only.py
[2025-03-18T23:00:25.089+0000] {logging_mixin.py:190} INFO - [2025-03-18T23:00:25.088+0000] {dag.py:3239} INFO - Sync 1 DAGs
[2025-03-18T23:00:25.121+0000] {logging_mixin.py:190} INFO - [2025-03-18T23:00:25.121+0000] {dag.py:4180} INFO - Setting next_dagrun for latest_only to 2025-03-18 16:00:00+00:00, run_after=2025-03-18 20:00:00+00:00
[2025-03-18T23:00:25.156+0000] {processor.py:208} INFO - Processing /home/airflow/.local/lib/python3.12/site-packages/airflow/example_dags/example_latest_only.py took 0.124 seconds
[2025-03-18T23:00:56.176+0000] {processor.py:186} INFO - Started process (PID=1907) to work on /home/airflow/.local/lib/python3.12/site-packages/airflow/example_dags/example_latest_only.py
[2025-03-18T23:00:56.177+0000] {processor.py:914} INFO - Processing file /home/airflow/.local/lib/python3.12/site-packages/airflow/example_dags/example_latest_only.py for tasks to queue
[2025-03-18T23:00:56.179+0000] {logging_mixin.py:190} INFO - [2025-03-18T23:00:56.179+0000] {dagbag.py:588} INFO - Filling up the DagBag from /home/airflow/.local/lib/python3.12/site-packages/airflow/example_dags/example_latest_only.py
[2025-03-18T23:00:56.187+0000] {processor.py:925} INFO - DAG(s) 'latest_only' retrieved from /home/airflow/.local/lib/python3.12/site-packages/airflow/example_dags/example_latest_only.py
[2025-03-18T23:00:56.208+0000] {logging_mixin.py:190} INFO - [2025-03-18T23:00:56.208+0000] {dag.py:3239} INFO - Sync 1 DAGs
[2025-03-18T23:00:56.236+0000] {logging_mixin.py:190} INFO - [2025-03-18T23:00:56.236+0000] {dag.py:4180} INFO - Setting next_dagrun for latest_only to 2025-03-18 16:00:00+00:00, run_after=2025-03-18 20:00:00+00:00
[2025-03-18T23:00:56.258+0000] {processor.py:208} INFO - Processing /home/airflow/.local/lib/python3.12/site-packages/airflow/example_dags/example_latest_only.py took 0.090 seconds
[2025-03-18T23:01:29.265+0000] {processor.py:186} INFO - Started process (PID=1972) to work on /home/airflow/.local/lib/python3.12/site-packages/airflow/example_dags/example_latest_only.py
[2025-03-18T23:01:29.267+0000] {processor.py:914} INFO - Processing file /home/airflow/.local/lib/python3.12/site-packages/airflow/example_dags/example_latest_only.py for tasks to queue
[2025-03-18T23:01:29.269+0000] {logging_mixin.py:190} INFO - [2025-03-18T23:01:29.269+0000] {dagbag.py:588} INFO - Filling up the DagBag from /home/airflow/.local/lib/python3.12/site-packages/airflow/example_dags/example_latest_only.py
[2025-03-18T23:01:29.277+0000] {processor.py:925} INFO - DAG(s) 'latest_only' retrieved from /home/airflow/.local/lib/python3.12/site-packages/airflow/example_dags/example_latest_only.py
[2025-03-18T23:01:29.300+0000] {logging_mixin.py:190} INFO - [2025-03-18T23:01:29.300+0000] {dag.py:3239} INFO - Sync 1 DAGs
[2025-03-18T23:01:29.325+0000] {logging_mixin.py:190} INFO - [2025-03-18T23:01:29.324+0000] {dag.py:4180} INFO - Setting next_dagrun for latest_only to 2025-03-18 16:00:00+00:00, run_after=2025-03-18 20:00:00+00:00
[2025-03-18T23:01:29.343+0000] {processor.py:208} INFO - Processing /home/airflow/.local/lib/python3.12/site-packages/airflow/example_dags/example_latest_only.py took 0.085 seconds
[2025-03-18T23:01:59.697+0000] {processor.py:186} INFO - Started process (PID=2034) to work on /home/airflow/.local/lib/python3.12/site-packages/airflow/example_dags/example_latest_only.py
[2025-03-18T23:01:59.698+0000] {processor.py:914} INFO - Processing file /home/airflow/.local/lib/python3.12/site-packages/airflow/example_dags/example_latest_only.py for tasks to queue
[2025-03-18T23:01:59.701+0000] {logging_mixin.py:190} INFO - [2025-03-18T23:01:59.700+0000] {dagbag.py:588} INFO - Filling up the DagBag from /home/airflow/.local/lib/python3.12/site-packages/airflow/example_dags/example_latest_only.py
[2025-03-18T23:01:59.709+0000] {processor.py:925} INFO - DAG(s) 'latest_only' retrieved from /home/airflow/.local/lib/python3.12/site-packages/airflow/example_dags/example_latest_only.py
[2025-03-18T23:01:59.739+0000] {logging_mixin.py:190} INFO - [2025-03-18T23:01:59.738+0000] {dag.py:3239} INFO - Sync 1 DAGs
[2025-03-18T23:01:59.772+0000] {logging_mixin.py:190} INFO - [2025-03-18T23:01:59.771+0000] {dag.py:4180} INFO - Setting next_dagrun for latest_only to 2025-03-18 16:00:00+00:00, run_after=2025-03-18 20:00:00+00:00
[2025-03-18T23:01:59.799+0000] {processor.py:208} INFO - Processing /home/airflow/.local/lib/python3.12/site-packages/airflow/example_dags/example_latest_only.py took 0.108 seconds
[2025-03-18T23:02:29.943+0000] {processor.py:186} INFO - Started process (PID=2096) to work on /home/airflow/.local/lib/python3.12/site-packages/airflow/example_dags/example_latest_only.py
[2025-03-18T23:02:29.944+0000] {processor.py:914} INFO - Processing file /home/airflow/.local/lib/python3.12/site-packages/airflow/example_dags/example_latest_only.py for tasks to queue
[2025-03-18T23:02:29.946+0000] {logging_mixin.py:190} INFO - [2025-03-18T23:02:29.946+0000] {dagbag.py:588} INFO - Filling up the DagBag from /home/airflow/.local/lib/python3.12/site-packages/airflow/example_dags/example_latest_only.py
[2025-03-18T23:02:29.954+0000] {processor.py:925} INFO - DAG(s) 'latest_only' retrieved from /home/airflow/.local/lib/python3.12/site-packages/airflow/example_dags/example_latest_only.py
[2025-03-18T23:02:29.974+0000] {logging_mixin.py:190} INFO - [2025-03-18T23:02:29.974+0000] {dag.py:3239} INFO - Sync 1 DAGs
[2025-03-18T23:02:29.997+0000] {logging_mixin.py:190} INFO - [2025-03-18T23:02:29.997+0000] {dag.py:4180} INFO - Setting next_dagrun for latest_only to 2025-03-18 16:00:00+00:00, run_after=2025-03-18 20:00:00+00:00
[2025-03-18T23:02:30.015+0000] {processor.py:208} INFO - Processing /home/airflow/.local/lib/python3.12/site-packages/airflow/example_dags/example_latest_only.py took 0.079 seconds
[2025-03-18T23:03:00.576+0000] {processor.py:186} INFO - Started process (PID=2158) to work on /home/airflow/.local/lib/python3.12/site-packages/airflow/example_dags/example_latest_only.py
[2025-03-18T23:03:00.577+0000] {processor.py:914} INFO - Processing file /home/airflow/.local/lib/python3.12/site-packages/airflow/example_dags/example_latest_only.py for tasks to queue
[2025-03-18T23:03:00.579+0000] {logging_mixin.py:190} INFO - [2025-03-18T23:03:00.579+0000] {dagbag.py:588} INFO - Filling up the DagBag from /home/airflow/.local/lib/python3.12/site-packages/airflow/example_dags/example_latest_only.py
[2025-03-18T23:03:00.587+0000] {processor.py:925} INFO - DAG(s) 'latest_only' retrieved from /home/airflow/.local/lib/python3.12/site-packages/airflow/example_dags/example_latest_only.py
[2025-03-18T23:03:00.607+0000] {logging_mixin.py:190} INFO - [2025-03-18T23:03:00.607+0000] {dag.py:3239} INFO - Sync 1 DAGs
[2025-03-18T23:03:00.631+0000] {logging_mixin.py:190} INFO - [2025-03-18T23:03:00.631+0000] {dag.py:4180} INFO - Setting next_dagrun for latest_only to 2025-03-18 16:00:00+00:00, run_after=2025-03-18 20:00:00+00:00
[2025-03-18T23:03:00.651+0000] {processor.py:208} INFO - Processing /home/airflow/.local/lib/python3.12/site-packages/airflow/example_dags/example_latest_only.py took 0.081 seconds
[2025-03-18T23:03:31.490+0000] {processor.py:186} INFO - Started process (PID=2221) to work on /home/airflow/.local/lib/python3.12/site-packages/airflow/example_dags/example_latest_only.py
[2025-03-18T23:03:31.492+0000] {processor.py:914} INFO - Processing file /home/airflow/.local/lib/python3.12/site-packages/airflow/example_dags/example_latest_only.py for tasks to queue
[2025-03-18T23:03:31.494+0000] {logging_mixin.py:190} INFO - [2025-03-18T23:03:31.493+0000] {dagbag.py:588} INFO - Filling up the DagBag from /home/airflow/.local/lib/python3.12/site-packages/airflow/example_dags/example_latest_only.py
[2025-03-18T23:03:31.501+0000] {processor.py:925} INFO - DAG(s) 'latest_only' retrieved from /home/airflow/.local/lib/python3.12/site-packages/airflow/example_dags/example_latest_only.py
[2025-03-18T23:03:31.522+0000] {logging_mixin.py:190} INFO - [2025-03-18T23:03:31.521+0000] {dag.py:3239} INFO - Sync 1 DAGs
[2025-03-18T23:03:31.550+0000] {logging_mixin.py:190} INFO - [2025-03-18T23:03:31.549+0000] {dag.py:4180} INFO - Setting next_dagrun for latest_only to 2025-03-18 16:00:00+00:00, run_after=2025-03-18 20:00:00+00:00
[2025-03-18T23:03:31.578+0000] {processor.py:208} INFO - Processing /home/airflow/.local/lib/python3.12/site-packages/airflow/example_dags/example_latest_only.py took 0.096 seconds
[2025-03-18T23:04:02.051+0000] {processor.py:186} INFO - Started process (PID=2285) to work on /home/airflow/.local/lib/python3.12/site-packages/airflow/example_dags/example_latest_only.py
[2025-03-18T23:04:02.052+0000] {processor.py:914} INFO - Processing file /home/airflow/.local/lib/python3.12/site-packages/airflow/example_dags/example_latest_only.py for tasks to queue
[2025-03-18T23:04:02.060+0000] {logging_mixin.py:190} INFO - [2025-03-18T23:04:02.060+0000] {dagbag.py:588} INFO - Filling up the DagBag from /home/airflow/.local/lib/python3.12/site-packages/airflow/example_dags/example_latest_only.py
[2025-03-18T23:04:02.070+0000] {processor.py:925} INFO - DAG(s) 'latest_only' retrieved from /home/airflow/.local/lib/python3.12/site-packages/airflow/example_dags/example_latest_only.py
[2025-03-18T23:04:02.100+0000] {logging_mixin.py:190} INFO - [2025-03-18T23:04:02.100+0000] {dag.py:3239} INFO - Sync 1 DAGs
[2025-03-18T23:04:02.124+0000] {logging_mixin.py:190} INFO - [2025-03-18T23:04:02.124+0000] {dag.py:4180} INFO - Setting next_dagrun for latest_only to 2025-03-18 16:00:00+00:00, run_after=2025-03-18 20:00:00+00:00
[2025-03-18T23:04:02.158+0000] {processor.py:208} INFO - Processing /home/airflow/.local/lib/python3.12/site-packages/airflow/example_dags/example_latest_only.py took 0.118 seconds
[2025-03-18T23:04:32.500+0000] {processor.py:186} INFO - Started process (PID=2348) to work on /home/airflow/.local/lib/python3.12/site-packages/airflow/example_dags/example_latest_only.py
[2025-03-18T23:04:32.508+0000] {processor.py:914} INFO - Processing file /home/airflow/.local/lib/python3.12/site-packages/airflow/example_dags/example_latest_only.py for tasks to queue
[2025-03-18T23:04:32.511+0000] {logging_mixin.py:190} INFO - [2025-03-18T23:04:32.510+0000] {dagbag.py:588} INFO - Filling up the DagBag from /home/airflow/.local/lib/python3.12/site-packages/airflow/example_dags/example_latest_only.py
[2025-03-18T23:04:32.522+0000] {processor.py:925} INFO - DAG(s) 'latest_only' retrieved from /home/airflow/.local/lib/python3.12/site-packages/airflow/example_dags/example_latest_only.py
[2025-03-18T23:04:32.552+0000] {logging_mixin.py:190} INFO - [2025-03-18T23:04:32.552+0000] {dag.py:3239} INFO - Sync 1 DAGs
[2025-03-18T23:04:32.582+0000] {logging_mixin.py:190} INFO - [2025-03-18T23:04:32.582+0000] {dag.py:4180} INFO - Setting next_dagrun for latest_only to 2025-03-18 16:00:00+00:00, run_after=2025-03-18 20:00:00+00:00
[2025-03-18T23:04:32.633+0000] {processor.py:208} INFO - Processing /home/airflow/.local/lib/python3.12/site-packages/airflow/example_dags/example_latest_only.py took 0.147 seconds
[2025-03-18T23:05:02.751+0000] {processor.py:186} INFO - Started process (PID=2412) to work on /home/airflow/.local/lib/python3.12/site-packages/airflow/example_dags/example_latest_only.py
[2025-03-18T23:05:02.752+0000] {processor.py:914} INFO - Processing file /home/airflow/.local/lib/python3.12/site-packages/airflow/example_dags/example_latest_only.py for tasks to queue
[2025-03-18T23:05:02.754+0000] {logging_mixin.py:190} INFO - [2025-03-18T23:05:02.754+0000] {dagbag.py:588} INFO - Filling up the DagBag from /home/airflow/.local/lib/python3.12/site-packages/airflow/example_dags/example_latest_only.py
[2025-03-18T23:05:02.762+0000] {processor.py:925} INFO - DAG(s) 'latest_only' retrieved from /home/airflow/.local/lib/python3.12/site-packages/airflow/example_dags/example_latest_only.py
[2025-03-18T23:05:02.783+0000] {logging_mixin.py:190} INFO - [2025-03-18T23:05:02.783+0000] {dag.py:3239} INFO - Sync 1 DAGs
[2025-03-18T23:05:02.806+0000] {logging_mixin.py:190} INFO - [2025-03-18T23:05:02.806+0000] {dag.py:4180} INFO - Setting next_dagrun for latest_only to 2025-03-18 16:00:00+00:00, run_after=2025-03-18 20:00:00+00:00
[2025-03-18T23:05:02.826+0000] {processor.py:208} INFO - Processing /home/airflow/.local/lib/python3.12/site-packages/airflow/example_dags/example_latest_only.py took 0.081 seconds
[2025-03-18T23:05:33.918+0000] {processor.py:186} INFO - Started process (PID=2474) to work on /home/airflow/.local/lib/python3.12/site-packages/airflow/example_dags/example_latest_only.py
[2025-03-18T23:05:33.933+0000] {processor.py:914} INFO - Processing file /home/airflow/.local/lib/python3.12/site-packages/airflow/example_dags/example_latest_only.py for tasks to queue
[2025-03-18T23:05:33.936+0000] {logging_mixin.py:190} INFO - [2025-03-18T23:05:33.935+0000] {dagbag.py:588} INFO - Filling up the DagBag from /home/airflow/.local/lib/python3.12/site-packages/airflow/example_dags/example_latest_only.py
[2025-03-18T23:05:33.946+0000] {processor.py:925} INFO - DAG(s) 'latest_only' retrieved from /home/airflow/.local/lib/python3.12/site-packages/airflow/example_dags/example_latest_only.py
[2025-03-18T23:05:33.970+0000] {logging_mixin.py:190} INFO - [2025-03-18T23:05:33.970+0000] {dag.py:3239} INFO - Sync 1 DAGs
[2025-03-18T23:05:33.999+0000] {logging_mixin.py:190} INFO - [2025-03-18T23:05:33.999+0000] {dag.py:4180} INFO - Setting next_dagrun for latest_only to 2025-03-18 16:00:00+00:00, run_after=2025-03-18 20:00:00+00:00
[2025-03-18T23:05:34.023+0000] {processor.py:208} INFO - Processing /home/airflow/.local/lib/python3.12/site-packages/airflow/example_dags/example_latest_only.py took 0.112 seconds
[2025-03-18T23:06:05.169+0000] {processor.py:186} INFO - Started process (PID=2539) to work on /home/airflow/.local/lib/python3.12/site-packages/airflow/example_dags/example_latest_only.py
[2025-03-18T23:06:05.170+0000] {processor.py:914} INFO - Processing file /home/airflow/.local/lib/python3.12/site-packages/airflow/example_dags/example_latest_only.py for tasks to queue
[2025-03-18T23:06:05.172+0000] {logging_mixin.py:190} INFO - [2025-03-18T23:06:05.172+0000] {dagbag.py:588} INFO - Filling up the DagBag from /home/airflow/.local/lib/python3.12/site-packages/airflow/example_dags/example_latest_only.py
[2025-03-18T23:06:05.180+0000] {processor.py:925} INFO - DAG(s) 'latest_only' retrieved from /home/airflow/.local/lib/python3.12/site-packages/airflow/example_dags/example_latest_only.py
[2025-03-18T23:06:05.201+0000] {logging_mixin.py:190} INFO - [2025-03-18T23:06:05.201+0000] {dag.py:3239} INFO - Sync 1 DAGs
[2025-03-18T23:06:05.224+0000] {logging_mixin.py:190} INFO - [2025-03-18T23:06:05.224+0000] {dag.py:4180} INFO - Setting next_dagrun for latest_only to 2025-03-18 16:00:00+00:00, run_after=2025-03-18 20:00:00+00:00
[2025-03-18T23:06:05.250+0000] {processor.py:208} INFO - Processing /home/airflow/.local/lib/python3.12/site-packages/airflow/example_dags/example_latest_only.py took 0.088 seconds
[2025-03-18T23:06:38.632+0000] {processor.py:186} INFO - Started process (PID=2604) to work on /home/airflow/.local/lib/python3.12/site-packages/airflow/example_dags/example_latest_only.py
[2025-03-18T23:06:38.633+0000] {processor.py:914} INFO - Processing file /home/airflow/.local/lib/python3.12/site-packages/airflow/example_dags/example_latest_only.py for tasks to queue
[2025-03-18T23:06:38.636+0000] {logging_mixin.py:190} INFO - [2025-03-18T23:06:38.635+0000] {dagbag.py:588} INFO - Filling up the DagBag from /home/airflow/.local/lib/python3.12/site-packages/airflow/example_dags/example_latest_only.py
[2025-03-18T23:06:38.645+0000] {processor.py:925} INFO - DAG(s) 'latest_only' retrieved from /home/airflow/.local/lib/python3.12/site-packages/airflow/example_dags/example_latest_only.py
[2025-03-18T23:06:38.669+0000] {logging_mixin.py:190} INFO - [2025-03-18T23:06:38.669+0000] {dag.py:3239} INFO - Sync 1 DAGs
[2025-03-18T23:06:38.698+0000] {logging_mixin.py:190} INFO - [2025-03-18T23:06:38.698+0000] {dag.py:4180} INFO - Setting next_dagrun for latest_only to 2025-03-18 16:00:00+00:00, run_after=2025-03-18 20:00:00+00:00
[2025-03-18T23:06:38.720+0000] {processor.py:208} INFO - Processing /home/airflow/.local/lib/python3.12/site-packages/airflow/example_dags/example_latest_only.py took 0.094 seconds
[2025-03-18T23:07:09.002+0000] {processor.py:186} INFO - Started process (PID=2666) to work on /home/airflow/.local/lib/python3.12/site-packages/airflow/example_dags/example_latest_only.py
[2025-03-18T23:07:09.003+0000] {processor.py:914} INFO - Processing file /home/airflow/.local/lib/python3.12/site-packages/airflow/example_dags/example_latest_only.py for tasks to queue
[2025-03-18T23:07:09.005+0000] {logging_mixin.py:190} INFO - [2025-03-18T23:07:09.005+0000] {dagbag.py:588} INFO - Filling up the DagBag from /home/airflow/.local/lib/python3.12/site-packages/airflow/example_dags/example_latest_only.py
[2025-03-18T23:07:09.013+0000] {processor.py:925} INFO - DAG(s) 'latest_only' retrieved from /home/airflow/.local/lib/python3.12/site-packages/airflow/example_dags/example_latest_only.py
[2025-03-18T23:07:09.033+0000] {logging_mixin.py:190} INFO - [2025-03-18T23:07:09.033+0000] {dag.py:3239} INFO - Sync 1 DAGs
[2025-03-18T23:07:09.063+0000] {logging_mixin.py:190} INFO - [2025-03-18T23:07:09.063+0000] {dag.py:4180} INFO - Setting next_dagrun for latest_only to 2025-03-18 16:00:00+00:00, run_after=2025-03-18 20:00:00+00:00
[2025-03-18T23:07:09.085+0000] {processor.py:208} INFO - Processing /home/airflow/.local/lib/python3.12/site-packages/airflow/example_dags/example_latest_only.py took 0.090 seconds
[2025-03-18T23:07:39.385+0000] {processor.py:186} INFO - Started process (PID=2730) to work on /home/airflow/.local/lib/python3.12/site-packages/airflow/example_dags/example_latest_only.py
[2025-03-18T23:07:39.394+0000] {processor.py:914} INFO - Processing file /home/airflow/.local/lib/python3.12/site-packages/airflow/example_dags/example_latest_only.py for tasks to queue
[2025-03-18T23:07:39.397+0000] {logging_mixin.py:190} INFO - [2025-03-18T23:07:39.396+0000] {dagbag.py:588} INFO - Filling up the DagBag from /home/airflow/.local/lib/python3.12/site-packages/airflow/example_dags/example_latest_only.py
[2025-03-18T23:07:39.407+0000] {processor.py:925} INFO - DAG(s) 'latest_only' retrieved from /home/airflow/.local/lib/python3.12/site-packages/airflow/example_dags/example_latest_only.py
[2025-03-18T23:07:39.436+0000] {logging_mixin.py:190} INFO - [2025-03-18T23:07:39.436+0000] {dag.py:3239} INFO - Sync 1 DAGs
[2025-03-18T23:07:39.464+0000] {logging_mixin.py:190} INFO - [2025-03-18T23:07:39.464+0000] {dag.py:4180} INFO - Setting next_dagrun for latest_only to 2025-03-18 16:00:00+00:00, run_after=2025-03-18 20:00:00+00:00
[2025-03-18T23:07:39.497+0000] {processor.py:208} INFO - Processing /home/airflow/.local/lib/python3.12/site-packages/airflow/example_dags/example_latest_only.py took 0.118 seconds
[2025-03-18T23:08:09.826+0000] {processor.py:186} INFO - Started process (PID=2793) to work on /home/airflow/.local/lib/python3.12/site-packages/airflow/example_dags/example_latest_only.py
[2025-03-18T23:08:09.827+0000] {processor.py:914} INFO - Processing file /home/airflow/.local/lib/python3.12/site-packages/airflow/example_dags/example_latest_only.py for tasks to queue
[2025-03-18T23:08:09.829+0000] {logging_mixin.py:190} INFO - [2025-03-18T23:08:09.829+0000] {dagbag.py:588} INFO - Filling up the DagBag from /home/airflow/.local/lib/python3.12/site-packages/airflow/example_dags/example_latest_only.py
[2025-03-18T23:08:09.837+0000] {processor.py:925} INFO - DAG(s) 'latest_only' retrieved from /home/airflow/.local/lib/python3.12/site-packages/airflow/example_dags/example_latest_only.py
[2025-03-18T23:08:09.859+0000] {logging_mixin.py:190} INFO - [2025-03-18T23:08:09.859+0000] {dag.py:3239} INFO - Sync 1 DAGs
[2025-03-18T23:08:09.894+0000] {logging_mixin.py:190} INFO - [2025-03-18T23:08:09.894+0000] {dag.py:4180} INFO - Setting next_dagrun for latest_only to 2025-03-18 16:00:00+00:00, run_after=2025-03-18 20:00:00+00:00
[2025-03-18T23:08:09.912+0000] {processor.py:208} INFO - Processing /home/airflow/.local/lib/python3.12/site-packages/airflow/example_dags/example_latest_only.py took 0.092 seconds
[2025-03-18T23:08:41.301+0000] {processor.py:186} INFO - Started process (PID=2859) to work on /home/airflow/.local/lib/python3.12/site-packages/airflow/example_dags/example_latest_only.py
[2025-03-18T23:08:41.309+0000] {processor.py:914} INFO - Processing file /home/airflow/.local/lib/python3.12/site-packages/airflow/example_dags/example_latest_only.py for tasks to queue
[2025-03-18T23:08:41.311+0000] {logging_mixin.py:190} INFO - [2025-03-18T23:08:41.311+0000] {dagbag.py:588} INFO - Filling up the DagBag from /home/airflow/.local/lib/python3.12/site-packages/airflow/example_dags/example_latest_only.py
[2025-03-18T23:08:41.348+0000] {processor.py:925} INFO - DAG(s) 'latest_only' retrieved from /home/airflow/.local/lib/python3.12/site-packages/airflow/example_dags/example_latest_only.py
[2025-03-18T23:08:41.380+0000] {logging_mixin.py:190} INFO - [2025-03-18T23:08:41.380+0000] {dag.py:3239} INFO - Sync 1 DAGs
[2025-03-18T23:08:41.411+0000] {logging_mixin.py:190} INFO - [2025-03-18T23:08:41.411+0000] {dag.py:4180} INFO - Setting next_dagrun for latest_only to 2025-03-18 16:00:00+00:00, run_after=2025-03-18 20:00:00+00:00
[2025-03-18T23:08:41.449+0000] {processor.py:208} INFO - Processing /home/airflow/.local/lib/python3.12/site-packages/airflow/example_dags/example_latest_only.py took 0.158 seconds
[2025-03-18T23:09:12.004+0000] {processor.py:186} INFO - Started process (PID=2922) to work on /home/airflow/.local/lib/python3.12/site-packages/airflow/example_dags/example_latest_only.py
[2025-03-18T23:09:12.005+0000] {processor.py:914} INFO - Processing file /home/airflow/.local/lib/python3.12/site-packages/airflow/example_dags/example_latest_only.py for tasks to queue
[2025-03-18T23:09:12.008+0000] {logging_mixin.py:190} INFO - [2025-03-18T23:09:12.007+0000] {dagbag.py:588} INFO - Filling up the DagBag from /home/airflow/.local/lib/python3.12/site-packages/airflow/example_dags/example_latest_only.py
[2025-03-18T23:09:12.017+0000] {processor.py:925} INFO - DAG(s) 'latest_only' retrieved from /home/airflow/.local/lib/python3.12/site-packages/airflow/example_dags/example_latest_only.py
[2025-03-18T23:09:12.040+0000] {logging_mixin.py:190} INFO - [2025-03-18T23:09:12.039+0000] {dag.py:3239} INFO - Sync 1 DAGs
[2025-03-18T23:09:12.068+0000] {logging_mixin.py:190} INFO - [2025-03-18T23:09:12.068+0000] {dag.py:4180} INFO - Setting next_dagrun for latest_only to 2025-03-18 16:00:00+00:00, run_after=2025-03-18 20:00:00+00:00
[2025-03-18T23:09:12.092+0000] {processor.py:208} INFO - Processing /home/airflow/.local/lib/python3.12/site-packages/airflow/example_dags/example_latest_only.py took 0.095 seconds
[2025-03-18T23:09:42.289+0000] {processor.py:186} INFO - Started process (PID=2985) to work on /home/airflow/.local/lib/python3.12/site-packages/airflow/example_dags/example_latest_only.py
[2025-03-18T23:09:42.290+0000] {processor.py:914} INFO - Processing file /home/airflow/.local/lib/python3.12/site-packages/airflow/example_dags/example_latest_only.py for tasks to queue
[2025-03-18T23:09:42.292+0000] {logging_mixin.py:190} INFO - [2025-03-18T23:09:42.292+0000] {dagbag.py:588} INFO - Filling up the DagBag from /home/airflow/.local/lib/python3.12/site-packages/airflow/example_dags/example_latest_only.py
[2025-03-18T23:09:42.300+0000] {processor.py:925} INFO - DAG(s) 'latest_only' retrieved from /home/airflow/.local/lib/python3.12/site-packages/airflow/example_dags/example_latest_only.py
[2025-03-18T23:09:42.325+0000] {logging_mixin.py:190} INFO - [2025-03-18T23:09:42.325+0000] {dag.py:3239} INFO - Sync 1 DAGs
[2025-03-18T23:09:42.353+0000] {logging_mixin.py:190} INFO - [2025-03-18T23:09:42.353+0000] {dag.py:4180} INFO - Setting next_dagrun for latest_only to 2025-03-18 16:00:00+00:00, run_after=2025-03-18 20:00:00+00:00
[2025-03-18T23:09:42.390+0000] {processor.py:208} INFO - Processing /home/airflow/.local/lib/python3.12/site-packages/airflow/example_dags/example_latest_only.py took 0.108 seconds
[2025-03-18T23:10:13.233+0000] {processor.py:186} INFO - Started process (PID=3048) to work on /home/airflow/.local/lib/python3.12/site-packages/airflow/example_dags/example_latest_only.py
[2025-03-18T23:10:13.235+0000] {processor.py:914} INFO - Processing file /home/airflow/.local/lib/python3.12/site-packages/airflow/example_dags/example_latest_only.py for tasks to queue
[2025-03-18T23:10:13.237+0000] {logging_mixin.py:190} INFO - [2025-03-18T23:10:13.237+0000] {dagbag.py:588} INFO - Filling up the DagBag from /home/airflow/.local/lib/python3.12/site-packages/airflow/example_dags/example_latest_only.py
[2025-03-18T23:10:13.246+0000] {processor.py:925} INFO - DAG(s) 'latest_only' retrieved from /home/airflow/.local/lib/python3.12/site-packages/airflow/example_dags/example_latest_only.py
[2025-03-18T23:10:13.269+0000] {logging_mixin.py:190} INFO - [2025-03-18T23:10:13.268+0000] {dag.py:3239} INFO - Sync 1 DAGs
[2025-03-18T23:10:13.295+0000] {logging_mixin.py:190} INFO - [2025-03-18T23:10:13.294+0000] {dag.py:4180} INFO - Setting next_dagrun for latest_only to 2025-03-18 16:00:00+00:00, run_after=2025-03-18 20:00:00+00:00
[2025-03-18T23:10:13.319+0000] {processor.py:208} INFO - Processing /home/airflow/.local/lib/python3.12/site-packages/airflow/example_dags/example_latest_only.py took 0.096 seconds
[2025-03-18T23:10:43.602+0000] {processor.py:186} INFO - Started process (PID=3111) to work on /home/airflow/.local/lib/python3.12/site-packages/airflow/example_dags/example_latest_only.py
[2025-03-18T23:10:43.603+0000] {processor.py:914} INFO - Processing file /home/airflow/.local/lib/python3.12/site-packages/airflow/example_dags/example_latest_only.py for tasks to queue
[2025-03-18T23:10:43.606+0000] {logging_mixin.py:190} INFO - [2025-03-18T23:10:43.606+0000] {dagbag.py:588} INFO - Filling up the DagBag from /home/airflow/.local/lib/python3.12/site-packages/airflow/example_dags/example_latest_only.py
[2025-03-18T23:10:43.617+0000] {processor.py:925} INFO - DAG(s) 'latest_only' retrieved from /home/airflow/.local/lib/python3.12/site-packages/airflow/example_dags/example_latest_only.py
[2025-03-18T23:10:43.642+0000] {logging_mixin.py:190} INFO - [2025-03-18T23:10:43.642+0000] {dag.py:3239} INFO - Sync 1 DAGs
[2025-03-18T23:10:43.676+0000] {logging_mixin.py:190} INFO - [2025-03-18T23:10:43.673+0000] {dag.py:4180} INFO - Setting next_dagrun for latest_only to 2025-03-18 16:00:00+00:00, run_after=2025-03-18 20:00:00+00:00
[2025-03-18T23:10:43.695+0000] {processor.py:208} INFO - Processing /home/airflow/.local/lib/python3.12/site-packages/airflow/example_dags/example_latest_only.py took 0.101 seconds
[2025-03-18T23:11:14.686+0000] {processor.py:186} INFO - Started process (PID=3174) to work on /home/airflow/.local/lib/python3.12/site-packages/airflow/example_dags/example_latest_only.py
[2025-03-18T23:11:14.695+0000] {processor.py:914} INFO - Processing file /home/airflow/.local/lib/python3.12/site-packages/airflow/example_dags/example_latest_only.py for tasks to queue
[2025-03-18T23:11:14.698+0000] {logging_mixin.py:190} INFO - [2025-03-18T23:11:14.697+0000] {dagbag.py:588} INFO - Filling up the DagBag from /home/airflow/.local/lib/python3.12/site-packages/airflow/example_dags/example_latest_only.py
[2025-03-18T23:11:14.725+0000] {processor.py:925} INFO - DAG(s) 'latest_only' retrieved from /home/airflow/.local/lib/python3.12/site-packages/airflow/example_dags/example_latest_only.py
[2025-03-18T23:11:14.774+0000] {logging_mixin.py:190} INFO - [2025-03-18T23:11:14.774+0000] {dag.py:3239} INFO - Sync 1 DAGs
[2025-03-18T23:11:14.816+0000] {logging_mixin.py:190} INFO - [2025-03-18T23:11:14.815+0000] {dag.py:4180} INFO - Setting next_dagrun for latest_only to 2025-03-18 16:00:00+00:00, run_after=2025-03-18 20:00:00+00:00
[2025-03-18T23:11:14.852+0000] {processor.py:208} INFO - Processing /home/airflow/.local/lib/python3.12/site-packages/airflow/example_dags/example_latest_only.py took 0.173 seconds
[2025-03-18T23:11:45.175+0000] {processor.py:186} INFO - Started process (PID=3231) to work on /home/airflow/.local/lib/python3.12/site-packages/airflow/example_dags/example_latest_only.py
[2025-03-18T23:11:45.175+0000] {processor.py:914} INFO - Processing file /home/airflow/.local/lib/python3.12/site-packages/airflow/example_dags/example_latest_only.py for tasks to queue
[2025-03-18T23:11:45.178+0000] {logging_mixin.py:190} INFO - [2025-03-18T23:11:45.177+0000] {dagbag.py:588} INFO - Filling up the DagBag from /home/airflow/.local/lib/python3.12/site-packages/airflow/example_dags/example_latest_only.py
[2025-03-18T23:11:45.185+0000] {processor.py:925} INFO - DAG(s) 'latest_only' retrieved from /home/airflow/.local/lib/python3.12/site-packages/airflow/example_dags/example_latest_only.py
[2025-03-18T23:11:45.205+0000] {logging_mixin.py:190} INFO - [2025-03-18T23:11:45.204+0000] {dag.py:3239} INFO - Sync 1 DAGs
[2025-03-18T23:11:45.231+0000] {logging_mixin.py:190} INFO - [2025-03-18T23:11:45.231+0000] {dag.py:4180} INFO - Setting next_dagrun for latest_only to 2025-03-18 16:00:00+00:00, run_after=2025-03-18 20:00:00+00:00
[2025-03-18T23:11:45.251+0000] {processor.py:208} INFO - Processing /home/airflow/.local/lib/python3.12/site-packages/airflow/example_dags/example_latest_only.py took 0.082 seconds
[2025-03-18T23:12:16.060+0000] {processor.py:186} INFO - Started process (PID=3294) to work on /home/airflow/.local/lib/python3.12/site-packages/airflow/example_dags/example_latest_only.py
[2025-03-18T23:12:16.062+0000] {processor.py:914} INFO - Processing file /home/airflow/.local/lib/python3.12/site-packages/airflow/example_dags/example_latest_only.py for tasks to queue
[2025-03-18T23:12:16.066+0000] {logging_mixin.py:190} INFO - [2025-03-18T23:12:16.066+0000] {dagbag.py:588} INFO - Filling up the DagBag from /home/airflow/.local/lib/python3.12/site-packages/airflow/example_dags/example_latest_only.py
[2025-03-18T23:12:16.081+0000] {processor.py:925} INFO - DAG(s) 'latest_only' retrieved from /home/airflow/.local/lib/python3.12/site-packages/airflow/example_dags/example_latest_only.py
[2025-03-18T23:12:16.108+0000] {logging_mixin.py:190} INFO - [2025-03-18T23:12:16.108+0000] {dag.py:3239} INFO - Sync 1 DAGs
[2025-03-18T23:12:16.147+0000] {logging_mixin.py:190} INFO - [2025-03-18T23:12:16.147+0000] {dag.py:4180} INFO - Setting next_dagrun for latest_only to 2025-03-18 16:00:00+00:00, run_after=2025-03-18 20:00:00+00:00
[2025-03-18T23:12:16.187+0000] {processor.py:208} INFO - Processing /home/airflow/.local/lib/python3.12/site-packages/airflow/example_dags/example_latest_only.py took 0.137 seconds
[2025-03-18T23:12:46.463+0000] {processor.py:186} INFO - Started process (PID=3357) to work on /home/airflow/.local/lib/python3.12/site-packages/airflow/example_dags/example_latest_only.py
[2025-03-18T23:12:46.464+0000] {processor.py:914} INFO - Processing file /home/airflow/.local/lib/python3.12/site-packages/airflow/example_dags/example_latest_only.py for tasks to queue
[2025-03-18T23:12:46.467+0000] {logging_mixin.py:190} INFO - [2025-03-18T23:12:46.466+0000] {dagbag.py:588} INFO - Filling up the DagBag from /home/airflow/.local/lib/python3.12/site-packages/airflow/example_dags/example_latest_only.py
[2025-03-18T23:12:46.475+0000] {processor.py:925} INFO - DAG(s) 'latest_only' retrieved from /home/airflow/.local/lib/python3.12/site-packages/airflow/example_dags/example_latest_only.py
[2025-03-18T23:12:46.501+0000] {logging_mixin.py:190} INFO - [2025-03-18T23:12:46.501+0000] {dag.py:3239} INFO - Sync 1 DAGs
[2025-03-18T23:12:46.525+0000] {logging_mixin.py:190} INFO - [2025-03-18T23:12:46.525+0000] {dag.py:4180} INFO - Setting next_dagrun for latest_only to 2025-03-18 16:00:00+00:00, run_after=2025-03-18 20:00:00+00:00
[2025-03-18T23:12:46.543+0000] {processor.py:208} INFO - Processing /home/airflow/.local/lib/python3.12/site-packages/airflow/example_dags/example_latest_only.py took 0.087 seconds
[2025-03-18T23:13:16.936+0000] {processor.py:186} INFO - Started process (PID=3420) to work on /home/airflow/.local/lib/python3.12/site-packages/airflow/example_dags/example_latest_only.py
[2025-03-18T23:13:16.940+0000] {processor.py:914} INFO - Processing file /home/airflow/.local/lib/python3.12/site-packages/airflow/example_dags/example_latest_only.py for tasks to queue
[2025-03-18T23:13:16.942+0000] {logging_mixin.py:190} INFO - [2025-03-18T23:13:16.942+0000] {dagbag.py:588} INFO - Filling up the DagBag from /home/airflow/.local/lib/python3.12/site-packages/airflow/example_dags/example_latest_only.py
[2025-03-18T23:13:16.949+0000] {processor.py:925} INFO - DAG(s) 'latest_only' retrieved from /home/airflow/.local/lib/python3.12/site-packages/airflow/example_dags/example_latest_only.py
[2025-03-18T23:13:16.967+0000] {logging_mixin.py:190} INFO - [2025-03-18T23:13:16.967+0000] {dag.py:3239} INFO - Sync 1 DAGs
[2025-03-18T23:13:17.013+0000] {logging_mixin.py:190} INFO - [2025-03-18T23:13:17.013+0000] {dag.py:4180} INFO - Setting next_dagrun for latest_only to 2025-03-18 16:00:00+00:00, run_after=2025-03-18 20:00:00+00:00
[2025-03-18T23:13:17.039+0000] {processor.py:208} INFO - Processing /home/airflow/.local/lib/python3.12/site-packages/airflow/example_dags/example_latest_only.py took 0.109 seconds
[2025-03-18T23:13:47.256+0000] {processor.py:186} INFO - Started process (PID=3483) to work on /home/airflow/.local/lib/python3.12/site-packages/airflow/example_dags/example_latest_only.py
[2025-03-18T23:13:47.258+0000] {processor.py:914} INFO - Processing file /home/airflow/.local/lib/python3.12/site-packages/airflow/example_dags/example_latest_only.py for tasks to queue
[2025-03-18T23:13:47.262+0000] {logging_mixin.py:190} INFO - [2025-03-18T23:13:47.261+0000] {dagbag.py:588} INFO - Filling up the DagBag from /home/airflow/.local/lib/python3.12/site-packages/airflow/example_dags/example_latest_only.py
[2025-03-18T23:13:47.272+0000] {processor.py:925} INFO - DAG(s) 'latest_only' retrieved from /home/airflow/.local/lib/python3.12/site-packages/airflow/example_dags/example_latest_only.py
[2025-03-18T23:13:47.292+0000] {logging_mixin.py:190} INFO - [2025-03-18T23:13:47.292+0000] {dag.py:3239} INFO - Sync 1 DAGs
[2025-03-18T23:13:47.319+0000] {logging_mixin.py:190} INFO - [2025-03-18T23:13:47.318+0000] {dag.py:4180} INFO - Setting next_dagrun for latest_only to 2025-03-18 16:00:00+00:00, run_after=2025-03-18 20:00:00+00:00
[2025-03-18T23:13:47.339+0000] {processor.py:208} INFO - Processing /home/airflow/.local/lib/python3.12/site-packages/airflow/example_dags/example_latest_only.py took 0.092 seconds
[2025-03-18T23:14:20.469+0000] {processor.py:186} INFO - Started process (PID=3546) to work on /home/airflow/.local/lib/python3.12/site-packages/airflow/example_dags/example_latest_only.py
[2025-03-18T23:14:20.471+0000] {processor.py:914} INFO - Processing file /home/airflow/.local/lib/python3.12/site-packages/airflow/example_dags/example_latest_only.py for tasks to queue
[2025-03-18T23:14:20.474+0000] {logging_mixin.py:190} INFO - [2025-03-18T23:14:20.474+0000] {dagbag.py:588} INFO - Filling up the DagBag from /home/airflow/.local/lib/python3.12/site-packages/airflow/example_dags/example_latest_only.py
[2025-03-18T23:14:20.483+0000] {processor.py:925} INFO - DAG(s) 'latest_only' retrieved from /home/airflow/.local/lib/python3.12/site-packages/airflow/example_dags/example_latest_only.py
[2025-03-18T23:14:20.504+0000] {logging_mixin.py:190} INFO - [2025-03-18T23:14:20.504+0000] {dag.py:3239} INFO - Sync 1 DAGs
[2025-03-18T23:14:20.530+0000] {logging_mixin.py:190} INFO - [2025-03-18T23:14:20.530+0000] {dag.py:4180} INFO - Setting next_dagrun for latest_only to 2025-03-18 16:00:00+00:00, run_after=2025-03-18 20:00:00+00:00
[2025-03-18T23:14:20.552+0000] {processor.py:208} INFO - Processing /home/airflow/.local/lib/python3.12/site-packages/airflow/example_dags/example_latest_only.py took 0.092 seconds
[2025-03-18T23:14:55.754+0000] {processor.py:186} INFO - Started process (PID=3609) to work on /home/airflow/.local/lib/python3.12/site-packages/airflow/example_dags/example_latest_only.py
[2025-03-18T23:14:55.758+0000] {processor.py:914} INFO - Processing file /home/airflow/.local/lib/python3.12/site-packages/airflow/example_dags/example_latest_only.py for tasks to queue
[2025-03-18T23:14:55.764+0000] {logging_mixin.py:190} INFO - [2025-03-18T23:14:55.764+0000] {dagbag.py:588} INFO - Filling up the DagBag from /home/airflow/.local/lib/python3.12/site-packages/airflow/example_dags/example_latest_only.py
[2025-03-18T23:14:55.774+0000] {processor.py:925} INFO - DAG(s) 'latest_only' retrieved from /home/airflow/.local/lib/python3.12/site-packages/airflow/example_dags/example_latest_only.py
[2025-03-18T23:14:55.849+0000] {logging_mixin.py:190} INFO - [2025-03-18T23:14:55.848+0000] {dag.py:3239} INFO - Sync 1 DAGs
[2025-03-18T23:14:55.902+0000] {logging_mixin.py:190} INFO - [2025-03-18T23:14:55.902+0000] {dag.py:4180} INFO - Setting next_dagrun for latest_only to 2025-03-18 16:00:00+00:00, run_after=2025-03-18 20:00:00+00:00
[2025-03-18T23:14:55.964+0000] {processor.py:208} INFO - Processing /home/airflow/.local/lib/python3.12/site-packages/airflow/example_dags/example_latest_only.py took 0.231 seconds
[2025-03-18T23:15:28.032+0000] {processor.py:186} INFO - Started process (PID=3677) to work on /home/airflow/.local/lib/python3.12/site-packages/airflow/example_dags/example_latest_only.py
[2025-03-18T23:15:28.033+0000] {processor.py:914} INFO - Processing file /home/airflow/.local/lib/python3.12/site-packages/airflow/example_dags/example_latest_only.py for tasks to queue
[2025-03-18T23:15:28.037+0000] {logging_mixin.py:190} INFO - [2025-03-18T23:15:28.036+0000] {dagbag.py:588} INFO - Filling up the DagBag from /home/airflow/.local/lib/python3.12/site-packages/airflow/example_dags/example_latest_only.py
[2025-03-18T23:15:28.048+0000] {processor.py:925} INFO - DAG(s) 'latest_only' retrieved from /home/airflow/.local/lib/python3.12/site-packages/airflow/example_dags/example_latest_only.py
[2025-03-18T23:15:28.071+0000] {logging_mixin.py:190} INFO - [2025-03-18T23:15:28.070+0000] {dag.py:3239} INFO - Sync 1 DAGs
[2025-03-18T23:15:28.100+0000] {logging_mixin.py:190} INFO - [2025-03-18T23:15:28.100+0000] {dag.py:4180} INFO - Setting next_dagrun for latest_only to 2025-03-18 16:00:00+00:00, run_after=2025-03-18 20:00:00+00:00
[2025-03-18T23:15:28.121+0000] {processor.py:208} INFO - Processing /home/airflow/.local/lib/python3.12/site-packages/airflow/example_dags/example_latest_only.py took 0.095 seconds
[2025-03-18T23:16:01.311+0000] {processor.py:186} INFO - Started process (PID=3742) to work on /home/airflow/.local/lib/python3.12/site-packages/airflow/example_dags/example_latest_only.py
[2025-03-18T23:16:01.312+0000] {processor.py:914} INFO - Processing file /home/airflow/.local/lib/python3.12/site-packages/airflow/example_dags/example_latest_only.py for tasks to queue
[2025-03-18T23:16:01.314+0000] {logging_mixin.py:190} INFO - [2025-03-18T23:16:01.314+0000] {dagbag.py:588} INFO - Filling up the DagBag from /home/airflow/.local/lib/python3.12/site-packages/airflow/example_dags/example_latest_only.py
[2025-03-18T23:16:01.325+0000] {processor.py:925} INFO - DAG(s) 'latest_only' retrieved from /home/airflow/.local/lib/python3.12/site-packages/airflow/example_dags/example_latest_only.py
[2025-03-18T23:16:01.345+0000] {logging_mixin.py:190} INFO - [2025-03-18T23:16:01.345+0000] {dag.py:3239} INFO - Sync 1 DAGs
[2025-03-18T23:16:01.375+0000] {logging_mixin.py:190} INFO - [2025-03-18T23:16:01.375+0000] {dag.py:4180} INFO - Setting next_dagrun for latest_only to 2025-03-18 16:00:00+00:00, run_after=2025-03-18 20:00:00+00:00
[2025-03-18T23:16:01.398+0000] {processor.py:208} INFO - Processing /home/airflow/.local/lib/python3.12/site-packages/airflow/example_dags/example_latest_only.py took 0.096 seconds
[2025-03-18T23:16:32.353+0000] {processor.py:186} INFO - Started process (PID=3805) to work on /home/airflow/.local/lib/python3.12/site-packages/airflow/example_dags/example_latest_only.py
[2025-03-18T23:16:32.355+0000] {processor.py:914} INFO - Processing file /home/airflow/.local/lib/python3.12/site-packages/airflow/example_dags/example_latest_only.py for tasks to queue
[2025-03-18T23:16:32.361+0000] {logging_mixin.py:190} INFO - [2025-03-18T23:16:32.358+0000] {dagbag.py:588} INFO - Filling up the DagBag from /home/airflow/.local/lib/python3.12/site-packages/airflow/example_dags/example_latest_only.py
[2025-03-18T23:16:32.377+0000] {processor.py:925} INFO - DAG(s) 'latest_only' retrieved from /home/airflow/.local/lib/python3.12/site-packages/airflow/example_dags/example_latest_only.py
[2025-03-18T23:16:32.408+0000] {logging_mixin.py:190} INFO - [2025-03-18T23:16:32.407+0000] {dag.py:3239} INFO - Sync 1 DAGs
[2025-03-18T23:16:32.444+0000] {logging_mixin.py:190} INFO - [2025-03-18T23:16:32.444+0000] {dag.py:4180} INFO - Setting next_dagrun for latest_only to 2025-03-18 16:00:00+00:00, run_after=2025-03-18 20:00:00+00:00
[2025-03-18T23:16:32.467+0000] {processor.py:208} INFO - Processing /home/airflow/.local/lib/python3.12/site-packages/airflow/example_dags/example_latest_only.py took 0.125 seconds
[2025-03-18T23:17:03.856+0000] {processor.py:186} INFO - Started process (PID=3868) to work on /home/airflow/.local/lib/python3.12/site-packages/airflow/example_dags/example_latest_only.py
[2025-03-18T23:17:03.857+0000] {processor.py:914} INFO - Processing file /home/airflow/.local/lib/python3.12/site-packages/airflow/example_dags/example_latest_only.py for tasks to queue
[2025-03-18T23:17:03.860+0000] {logging_mixin.py:190} INFO - [2025-03-18T23:17:03.859+0000] {dagbag.py:588} INFO - Filling up the DagBag from /home/airflow/.local/lib/python3.12/site-packages/airflow/example_dags/example_latest_only.py
[2025-03-18T23:17:03.867+0000] {processor.py:925} INFO - DAG(s) 'latest_only' retrieved from /home/airflow/.local/lib/python3.12/site-packages/airflow/example_dags/example_latest_only.py
[2025-03-18T23:17:03.885+0000] {logging_mixin.py:190} INFO - [2025-03-18T23:17:03.884+0000] {dag.py:3239} INFO - Sync 1 DAGs
[2025-03-18T23:17:03.914+0000] {logging_mixin.py:190} INFO - [2025-03-18T23:17:03.914+0000] {dag.py:4180} INFO - Setting next_dagrun for latest_only to 2025-03-18 16:00:00+00:00, run_after=2025-03-18 20:00:00+00:00
[2025-03-18T23:17:04.189+0000] {processor.py:208} INFO - Processing /home/airflow/.local/lib/python3.12/site-packages/airflow/example_dags/example_latest_only.py took 0.340 seconds
[2025-03-18T23:17:35.421+0000] {processor.py:186} INFO - Started process (PID=3932) to work on /home/airflow/.local/lib/python3.12/site-packages/airflow/example_dags/example_latest_only.py
[2025-03-18T23:17:35.422+0000] {processor.py:914} INFO - Processing file /home/airflow/.local/lib/python3.12/site-packages/airflow/example_dags/example_latest_only.py for tasks to queue
[2025-03-18T23:17:35.424+0000] {logging_mixin.py:190} INFO - [2025-03-18T23:17:35.424+0000] {dagbag.py:588} INFO - Filling up the DagBag from /home/airflow/.local/lib/python3.12/site-packages/airflow/example_dags/example_latest_only.py
[2025-03-18T23:17:35.434+0000] {processor.py:925} INFO - DAG(s) 'latest_only' retrieved from /home/airflow/.local/lib/python3.12/site-packages/airflow/example_dags/example_latest_only.py
[2025-03-18T23:17:35.455+0000] {logging_mixin.py:190} INFO - [2025-03-18T23:17:35.454+0000] {dag.py:3239} INFO - Sync 1 DAGs
[2025-03-18T23:17:35.479+0000] {logging_mixin.py:190} INFO - [2025-03-18T23:17:35.479+0000] {dag.py:4180} INFO - Setting next_dagrun for latest_only to 2025-03-18 16:00:00+00:00, run_after=2025-03-18 20:00:00+00:00
[2025-03-18T23:17:35.699+0000] {processor.py:208} INFO - Processing /home/airflow/.local/lib/python3.12/site-packages/airflow/example_dags/example_latest_only.py took 0.287 seconds
[2025-03-18T23:18:05.963+0000] {processor.py:186} INFO - Started process (PID=3994) to work on /home/airflow/.local/lib/python3.12/site-packages/airflow/example_dags/example_latest_only.py
[2025-03-18T23:18:05.964+0000] {processor.py:914} INFO - Processing file /home/airflow/.local/lib/python3.12/site-packages/airflow/example_dags/example_latest_only.py for tasks to queue
[2025-03-18T23:18:05.967+0000] {logging_mixin.py:190} INFO - [2025-03-18T23:18:05.966+0000] {dagbag.py:588} INFO - Filling up the DagBag from /home/airflow/.local/lib/python3.12/site-packages/airflow/example_dags/example_latest_only.py
[2025-03-18T23:18:05.974+0000] {processor.py:925} INFO - DAG(s) 'latest_only' retrieved from /home/airflow/.local/lib/python3.12/site-packages/airflow/example_dags/example_latest_only.py
[2025-03-18T23:18:05.996+0000] {logging_mixin.py:190} INFO - [2025-03-18T23:18:05.996+0000] {dag.py:3239} INFO - Sync 1 DAGs
[2025-03-18T23:18:06.024+0000] {logging_mixin.py:190} INFO - [2025-03-18T23:18:06.023+0000] {dag.py:4180} INFO - Setting next_dagrun for latest_only to 2025-03-18 16:00:00+00:00, run_after=2025-03-18 20:00:00+00:00
[2025-03-18T23:18:06.044+0000] {processor.py:208} INFO - Processing /home/airflow/.local/lib/python3.12/site-packages/airflow/example_dags/example_latest_only.py took 0.087 seconds
[2025-03-18T23:18:36.107+0000] {processor.py:186} INFO - Started process (PID=4056) to work on /home/airflow/.local/lib/python3.12/site-packages/airflow/example_dags/example_latest_only.py
[2025-03-18T23:18:36.108+0000] {processor.py:914} INFO - Processing file /home/airflow/.local/lib/python3.12/site-packages/airflow/example_dags/example_latest_only.py for tasks to queue
[2025-03-18T23:18:36.110+0000] {logging_mixin.py:190} INFO - [2025-03-18T23:18:36.109+0000] {dagbag.py:588} INFO - Filling up the DagBag from /home/airflow/.local/lib/python3.12/site-packages/airflow/example_dags/example_latest_only.py
[2025-03-18T23:18:36.117+0000] {processor.py:925} INFO - DAG(s) 'latest_only' retrieved from /home/airflow/.local/lib/python3.12/site-packages/airflow/example_dags/example_latest_only.py
[2025-03-18T23:18:36.136+0000] {logging_mixin.py:190} INFO - [2025-03-18T23:18:36.136+0000] {dag.py:3239} INFO - Sync 1 DAGs
[2025-03-18T23:18:36.159+0000] {logging_mixin.py:190} INFO - [2025-03-18T23:18:36.158+0000] {dag.py:4180} INFO - Setting next_dagrun for latest_only to 2025-03-18 16:00:00+00:00, run_after=2025-03-18 20:00:00+00:00
[2025-03-18T23:18:36.183+0000] {processor.py:208} INFO - Processing /home/airflow/.local/lib/python3.12/site-packages/airflow/example_dags/example_latest_only.py took 0.082 seconds
[2025-03-18T23:19:07.601+0000] {processor.py:186} INFO - Started process (PID=4118) to work on /home/airflow/.local/lib/python3.12/site-packages/airflow/example_dags/example_latest_only.py
[2025-03-18T23:19:07.607+0000] {processor.py:914} INFO - Processing file /home/airflow/.local/lib/python3.12/site-packages/airflow/example_dags/example_latest_only.py for tasks to queue
[2025-03-18T23:19:07.610+0000] {logging_mixin.py:190} INFO - [2025-03-18T23:19:07.609+0000] {dagbag.py:588} INFO - Filling up the DagBag from /home/airflow/.local/lib/python3.12/site-packages/airflow/example_dags/example_latest_only.py
[2025-03-18T23:19:07.617+0000] {processor.py:925} INFO - DAG(s) 'latest_only' retrieved from /home/airflow/.local/lib/python3.12/site-packages/airflow/example_dags/example_latest_only.py
[2025-03-18T23:19:07.637+0000] {logging_mixin.py:190} INFO - [2025-03-18T23:19:07.637+0000] {dag.py:3239} INFO - Sync 1 DAGs
[2025-03-18T23:19:07.868+0000] {logging_mixin.py:190} INFO - [2025-03-18T23:19:07.867+0000] {dag.py:4180} INFO - Setting next_dagrun for latest_only to 2025-03-18 16:00:00+00:00, run_after=2025-03-18 20:00:00+00:00
[2025-03-18T23:19:07.886+0000] {processor.py:208} INFO - Processing /home/airflow/.local/lib/python3.12/site-packages/airflow/example_dags/example_latest_only.py took 0.292 seconds
[2025-03-18T23:19:38.502+0000] {processor.py:186} INFO - Started process (PID=4181) to work on /home/airflow/.local/lib/python3.12/site-packages/airflow/example_dags/example_latest_only.py
[2025-03-18T23:19:38.503+0000] {processor.py:914} INFO - Processing file /home/airflow/.local/lib/python3.12/site-packages/airflow/example_dags/example_latest_only.py for tasks to queue
[2025-03-18T23:19:38.506+0000] {logging_mixin.py:190} INFO - [2025-03-18T23:19:38.505+0000] {dagbag.py:588} INFO - Filling up the DagBag from /home/airflow/.local/lib/python3.12/site-packages/airflow/example_dags/example_latest_only.py
[2025-03-18T23:19:38.515+0000] {processor.py:925} INFO - DAG(s) 'latest_only' retrieved from /home/airflow/.local/lib/python3.12/site-packages/airflow/example_dags/example_latest_only.py
[2025-03-18T23:19:38.534+0000] {logging_mixin.py:190} INFO - [2025-03-18T23:19:38.534+0000] {dag.py:3239} INFO - Sync 1 DAGs
[2025-03-18T23:19:38.559+0000] {logging_mixin.py:190} INFO - [2025-03-18T23:19:38.559+0000] {dag.py:4180} INFO - Setting next_dagrun for latest_only to 2025-03-18 16:00:00+00:00, run_after=2025-03-18 20:00:00+00:00
[2025-03-18T23:19:38.590+0000] {processor.py:208} INFO - Processing /home/airflow/.local/lib/python3.12/site-packages/airflow/example_dags/example_latest_only.py took 0.094 seconds
[2025-03-18T23:20:08.983+0000] {processor.py:186} INFO - Started process (PID=4244) to work on /home/airflow/.local/lib/python3.12/site-packages/airflow/example_dags/example_latest_only.py
[2025-03-18T23:20:08.986+0000] {processor.py:914} INFO - Processing file /home/airflow/.local/lib/python3.12/site-packages/airflow/example_dags/example_latest_only.py for tasks to queue
[2025-03-18T23:20:08.989+0000] {logging_mixin.py:190} INFO - [2025-03-18T23:20:08.989+0000] {dagbag.py:588} INFO - Filling up the DagBag from /home/airflow/.local/lib/python3.12/site-packages/airflow/example_dags/example_latest_only.py
[2025-03-18T23:20:08.997+0000] {processor.py:925} INFO - DAG(s) 'latest_only' retrieved from /home/airflow/.local/lib/python3.12/site-packages/airflow/example_dags/example_latest_only.py
[2025-03-18T23:20:09.016+0000] {logging_mixin.py:190} INFO - [2025-03-18T23:20:09.016+0000] {dag.py:3239} INFO - Sync 1 DAGs
[2025-03-18T23:20:09.039+0000] {logging_mixin.py:190} INFO - [2025-03-18T23:20:09.039+0000] {dag.py:4180} INFO - Setting next_dagrun for latest_only to 2025-03-18 16:00:00+00:00, run_after=2025-03-18 20:00:00+00:00
[2025-03-18T23:20:09.059+0000] {processor.py:208} INFO - Processing /home/airflow/.local/lib/python3.12/site-packages/airflow/example_dags/example_latest_only.py took 0.084 seconds
[2025-03-18T23:20:39.875+0000] {processor.py:186} INFO - Started process (PID=4308) to work on /home/airflow/.local/lib/python3.12/site-packages/airflow/example_dags/example_latest_only.py
[2025-03-18T23:20:39.876+0000] {processor.py:914} INFO - Processing file /home/airflow/.local/lib/python3.12/site-packages/airflow/example_dags/example_latest_only.py for tasks to queue
[2025-03-18T23:20:39.879+0000] {logging_mixin.py:190} INFO - [2025-03-18T23:20:39.879+0000] {dagbag.py:588} INFO - Filling up the DagBag from /home/airflow/.local/lib/python3.12/site-packages/airflow/example_dags/example_latest_only.py
[2025-03-18T23:20:39.887+0000] {processor.py:925} INFO - DAG(s) 'latest_only' retrieved from /home/airflow/.local/lib/python3.12/site-packages/airflow/example_dags/example_latest_only.py
[2025-03-18T23:20:39.911+0000] {logging_mixin.py:190} INFO - [2025-03-18T23:20:39.910+0000] {dag.py:3239} INFO - Sync 1 DAGs
[2025-03-18T23:20:39.942+0000] {logging_mixin.py:190} INFO - [2025-03-18T23:20:39.942+0000] {dag.py:4180} INFO - Setting next_dagrun for latest_only to 2025-03-18 16:00:00+00:00, run_after=2025-03-18 20:00:00+00:00
[2025-03-18T23:20:39.979+0000] {processor.py:208} INFO - Processing /home/airflow/.local/lib/python3.12/site-packages/airflow/example_dags/example_latest_only.py took 0.110 seconds
[2025-03-18T23:21:13.076+0000] {processor.py:186} INFO - Started process (PID=4375) to work on /home/airflow/.local/lib/python3.12/site-packages/airflow/example_dags/example_latest_only.py
[2025-03-18T23:21:13.077+0000] {processor.py:914} INFO - Processing file /home/airflow/.local/lib/python3.12/site-packages/airflow/example_dags/example_latest_only.py for tasks to queue
[2025-03-18T23:21:13.079+0000] {logging_mixin.py:190} INFO - [2025-03-18T23:21:13.079+0000] {dagbag.py:588} INFO - Filling up the DagBag from /home/airflow/.local/lib/python3.12/site-packages/airflow/example_dags/example_latest_only.py
[2025-03-18T23:21:13.088+0000] {processor.py:925} INFO - DAG(s) 'latest_only' retrieved from /home/airflow/.local/lib/python3.12/site-packages/airflow/example_dags/example_latest_only.py
[2025-03-18T23:21:13.113+0000] {logging_mixin.py:190} INFO - [2025-03-18T23:21:13.112+0000] {dag.py:3239} INFO - Sync 1 DAGs
[2025-03-18T23:21:13.141+0000] {logging_mixin.py:190} INFO - [2025-03-18T23:21:13.141+0000] {dag.py:4180} INFO - Setting next_dagrun for latest_only to 2025-03-18 16:00:00+00:00, run_after=2025-03-18 20:00:00+00:00
[2025-03-18T23:21:13.160+0000] {processor.py:208} INFO - Processing /home/airflow/.local/lib/python3.12/site-packages/airflow/example_dags/example_latest_only.py took 0.091 seconds
[2025-03-18T23:21:46.552+0000] {processor.py:186} INFO - Started process (PID=4440) to work on /home/airflow/.local/lib/python3.12/site-packages/airflow/example_dags/example_latest_only.py
[2025-03-18T23:21:46.560+0000] {processor.py:914} INFO - Processing file /home/airflow/.local/lib/python3.12/site-packages/airflow/example_dags/example_latest_only.py for tasks to queue
[2025-03-18T23:21:46.562+0000] {logging_mixin.py:190} INFO - [2025-03-18T23:21:46.562+0000] {dagbag.py:588} INFO - Filling up the DagBag from /home/airflow/.local/lib/python3.12/site-packages/airflow/example_dags/example_latest_only.py
[2025-03-18T23:21:46.571+0000] {processor.py:925} INFO - DAG(s) 'latest_only' retrieved from /home/airflow/.local/lib/python3.12/site-packages/airflow/example_dags/example_latest_only.py
[2025-03-18T23:21:46.589+0000] {logging_mixin.py:190} INFO - [2025-03-18T23:21:46.589+0000] {dag.py:3239} INFO - Sync 1 DAGs
[2025-03-18T23:21:46.612+0000] {logging_mixin.py:190} INFO - [2025-03-18T23:21:46.612+0000] {dag.py:4180} INFO - Setting next_dagrun for latest_only to 2025-03-18 16:00:00+00:00, run_after=2025-03-18 20:00:00+00:00
[2025-03-18T23:21:46.631+0000] {processor.py:208} INFO - Processing /home/airflow/.local/lib/python3.12/site-packages/airflow/example_dags/example_latest_only.py took 0.085 seconds
[2025-03-18T23:22:17.760+0000] {processor.py:186} INFO - Started process (PID=4504) to work on /home/airflow/.local/lib/python3.12/site-packages/airflow/example_dags/example_latest_only.py
[2025-03-18T23:22:17.764+0000] {processor.py:914} INFO - Processing file /home/airflow/.local/lib/python3.12/site-packages/airflow/example_dags/example_latest_only.py for tasks to queue
[2025-03-18T23:22:17.777+0000] {logging_mixin.py:190} INFO - [2025-03-18T23:22:17.777+0000] {dagbag.py:588} INFO - Filling up the DagBag from /home/airflow/.local/lib/python3.12/site-packages/airflow/example_dags/example_latest_only.py
[2025-03-18T23:22:17.784+0000] {processor.py:925} INFO - DAG(s) 'latest_only' retrieved from /home/airflow/.local/lib/python3.12/site-packages/airflow/example_dags/example_latest_only.py
[2025-03-18T23:22:17.818+0000] {logging_mixin.py:190} INFO - [2025-03-18T23:22:17.818+0000] {dag.py:3239} INFO - Sync 1 DAGs
[2025-03-18T23:22:17.857+0000] {logging_mixin.py:190} INFO - [2025-03-18T23:22:17.857+0000] {dag.py:4180} INFO - Setting next_dagrun for latest_only to 2025-03-18 16:00:00+00:00, run_after=2025-03-18 20:00:00+00:00
[2025-03-18T23:22:17.891+0000] {processor.py:208} INFO - Processing /home/airflow/.local/lib/python3.12/site-packages/airflow/example_dags/example_latest_only.py took 0.147 seconds
[2025-03-18T23:22:48.162+0000] {processor.py:186} INFO - Started process (PID=4567) to work on /home/airflow/.local/lib/python3.12/site-packages/airflow/example_dags/example_latest_only.py
[2025-03-18T23:22:48.163+0000] {processor.py:914} INFO - Processing file /home/airflow/.local/lib/python3.12/site-packages/airflow/example_dags/example_latest_only.py for tasks to queue
[2025-03-18T23:22:48.167+0000] {logging_mixin.py:190} INFO - [2025-03-18T23:22:48.166+0000] {dagbag.py:588} INFO - Filling up the DagBag from /home/airflow/.local/lib/python3.12/site-packages/airflow/example_dags/example_latest_only.py
[2025-03-18T23:22:48.177+0000] {processor.py:925} INFO - DAG(s) 'latest_only' retrieved from /home/airflow/.local/lib/python3.12/site-packages/airflow/example_dags/example_latest_only.py
[2025-03-18T23:22:48.195+0000] {logging_mixin.py:190} INFO - [2025-03-18T23:22:48.195+0000] {dag.py:3239} INFO - Sync 1 DAGs
[2025-03-18T23:22:48.220+0000] {logging_mixin.py:190} INFO - [2025-03-18T23:22:48.219+0000] {dag.py:4180} INFO - Setting next_dagrun for latest_only to 2025-03-18 16:00:00+00:00, run_after=2025-03-18 20:00:00+00:00
[2025-03-18T23:22:48.239+0000] {processor.py:208} INFO - Processing /home/airflow/.local/lib/python3.12/site-packages/airflow/example_dags/example_latest_only.py took 0.084 seconds
[2025-03-18T23:23:18.703+0000] {processor.py:186} INFO - Started process (PID=4630) to work on /home/airflow/.local/lib/python3.12/site-packages/airflow/example_dags/example_latest_only.py
[2025-03-18T23:23:18.705+0000] {processor.py:914} INFO - Processing file /home/airflow/.local/lib/python3.12/site-packages/airflow/example_dags/example_latest_only.py for tasks to queue
[2025-03-18T23:23:18.707+0000] {logging_mixin.py:190} INFO - [2025-03-18T23:23:18.707+0000] {dagbag.py:588} INFO - Filling up the DagBag from /home/airflow/.local/lib/python3.12/site-packages/airflow/example_dags/example_latest_only.py
[2025-03-18T23:23:18.716+0000] {processor.py:925} INFO - DAG(s) 'latest_only' retrieved from /home/airflow/.local/lib/python3.12/site-packages/airflow/example_dags/example_latest_only.py
[2025-03-18T23:23:18.735+0000] {logging_mixin.py:190} INFO - [2025-03-18T23:23:18.735+0000] {dag.py:3239} INFO - Sync 1 DAGs
[2025-03-18T23:23:18.763+0000] {logging_mixin.py:190} INFO - [2025-03-18T23:23:18.762+0000] {dag.py:4180} INFO - Setting next_dagrun for latest_only to 2025-03-18 16:00:00+00:00, run_after=2025-03-18 20:00:00+00:00
[2025-03-18T23:23:18.787+0000] {processor.py:208} INFO - Processing /home/airflow/.local/lib/python3.12/site-packages/airflow/example_dags/example_latest_only.py took 0.091 seconds
[2025-03-18T23:23:49.068+0000] {processor.py:186} INFO - Started process (PID=4693) to work on /home/airflow/.local/lib/python3.12/site-packages/airflow/example_dags/example_latest_only.py
[2025-03-18T23:23:49.077+0000] {processor.py:914} INFO - Processing file /home/airflow/.local/lib/python3.12/site-packages/airflow/example_dags/example_latest_only.py for tasks to queue
[2025-03-18T23:23:49.079+0000] {logging_mixin.py:190} INFO - [2025-03-18T23:23:49.079+0000] {dagbag.py:588} INFO - Filling up the DagBag from /home/airflow/.local/lib/python3.12/site-packages/airflow/example_dags/example_latest_only.py
[2025-03-18T23:23:49.087+0000] {processor.py:925} INFO - DAG(s) 'latest_only' retrieved from /home/airflow/.local/lib/python3.12/site-packages/airflow/example_dags/example_latest_only.py
[2025-03-18T23:23:49.119+0000] {logging_mixin.py:190} INFO - [2025-03-18T23:23:49.119+0000] {dag.py:3239} INFO - Sync 1 DAGs
[2025-03-18T23:23:49.166+0000] {logging_mixin.py:190} INFO - [2025-03-18T23:23:49.166+0000] {dag.py:4180} INFO - Setting next_dagrun for latest_only to 2025-03-18 16:00:00+00:00, run_after=2025-03-18 20:00:00+00:00
[2025-03-18T23:23:49.206+0000] {processor.py:208} INFO - Processing /home/airflow/.local/lib/python3.12/site-packages/airflow/example_dags/example_latest_only.py took 0.148 seconds
