[2025-03-18T22:45:13.217+0000] {processor.py:186} INFO - Started process (PID=88) to work on /home/airflow/.local/lib/python3.12/site-packages/airflow/example_dags/example_sla_dag.py
[2025-03-18T22:45:13.219+0000] {processor.py:914} INFO - Processing file /home/airflow/.local/lib/python3.12/site-packages/airflow/example_dags/example_sla_dag.py for tasks to queue
[2025-03-18T22:45:13.238+0000] {logging_mixin.py:190} INFO - [2025-03-18T22:45:13.238+0000] {dagbag.py:588} INFO - Filling up the DagBag from /home/airflow/.local/lib/python3.12/site-packages/airflow/example_dags/example_sla_dag.py
[2025-03-18T22:45:13.272+0000] {processor.py:925} INFO - DAG(s) 'example_sla_dag' retrieved from /home/airflow/.local/lib/python3.12/site-packages/airflow/example_dags/example_sla_dag.py
[2025-03-18T22:45:13.667+0000] {logging_mixin.py:190} INFO - [2025-03-18T22:45:13.666+0000] {override.py:1912} INFO - Created Permission View: can read on DAG:example_sla_dag
[2025-03-18T22:45:13.705+0000] {logging_mixin.py:190} INFO - [2025-03-18T22:45:13.705+0000] {override.py:1912} INFO - Created Permission View: can edit on DAG:example_sla_dag
[2025-03-18T22:45:13.730+0000] {logging_mixin.py:190} INFO - [2025-03-18T22:45:13.730+0000] {override.py:1912} INFO - Created Permission View: can delete on DAG:example_sla_dag
[2025-03-18T22:45:13.757+0000] {logging_mixin.py:190} INFO - [2025-03-18T22:45:13.757+0000] {override.py:1912} INFO - Created Permission View: can read on DAG Run:example_sla_dag
[2025-03-18T22:45:13.773+0000] {logging_mixin.py:190} INFO - [2025-03-18T22:45:13.773+0000] {override.py:1912} INFO - Created Permission View: can delete on DAG Run:example_sla_dag
[2025-03-18T22:45:13.787+0000] {logging_mixin.py:190} INFO - [2025-03-18T22:45:13.787+0000] {override.py:1912} INFO - Created Permission View: can create on DAG Run:example_sla_dag
[2025-03-18T22:45:13.808+0000] {logging_mixin.py:190} INFO - [2025-03-18T22:45:13.807+0000] {override.py:1912} INFO - Created Permission View: menu access on DAG Run:example_sla_dag
[2025-03-18T22:45:13.808+0000] {logging_mixin.py:190} INFO - [2025-03-18T22:45:13.808+0000] {dag.py:3239} INFO - Sync 1 DAGs
[2025-03-18T22:45:13.835+0000] {logging_mixin.py:190} INFO - [2025-03-18T22:45:13.835+0000] {dag.py:3262} INFO - Creating ORM DAG for example_sla_dag
[2025-03-18T22:45:13.859+0000] {logging_mixin.py:190} INFO - [2025-03-18T22:45:13.858+0000] {dag.py:4180} INFO - Setting next_dagrun for example_sla_dag to 2025-03-18 22:42:00+00:00, run_after=2025-03-18 22:44:00+00:00
[2025-03-18T22:45:13.909+0000] {processor.py:208} INFO - Processing /home/airflow/.local/lib/python3.12/site-packages/airflow/example_dags/example_sla_dag.py took 0.704 seconds
[2025-03-18T22:46:14.856+0000] {processor.py:186} INFO - Started process (PID=158) to work on /home/airflow/.local/lib/python3.12/site-packages/airflow/example_dags/example_sla_dag.py
[2025-03-18T22:46:14.858+0000] {processor.py:914} INFO - Processing file /home/airflow/.local/lib/python3.12/site-packages/airflow/example_dags/example_sla_dag.py for tasks to queue
[2025-03-18T22:46:14.861+0000] {logging_mixin.py:190} INFO - [2025-03-18T22:46:14.861+0000] {dagbag.py:588} INFO - Filling up the DagBag from /home/airflow/.local/lib/python3.12/site-packages/airflow/example_dags/example_sla_dag.py
[2025-03-18T22:46:14.878+0000] {processor.py:925} INFO - DAG(s) 'example_sla_dag' retrieved from /home/airflow/.local/lib/python3.12/site-packages/airflow/example_dags/example_sla_dag.py
[2025-03-18T22:46:14.903+0000] {logging_mixin.py:190} INFO - [2025-03-18T22:46:14.903+0000] {dag.py:3239} INFO - Sync 1 DAGs
[2025-03-18T22:46:14.948+0000] {logging_mixin.py:190} INFO - [2025-03-18T22:46:14.945+0000] {dag.py:4180} INFO - Setting next_dagrun for example_sla_dag to 2025-03-18 22:44:00+00:00, run_after=2025-03-18 22:46:00+00:00
[2025-03-18T22:46:15.012+0000] {processor.py:208} INFO - Processing /home/airflow/.local/lib/python3.12/site-packages/airflow/example_dags/example_sla_dag.py took 0.165 seconds
[2025-03-18T22:46:46.142+0000] {processor.py:186} INFO - Started process (PID=222) to work on /home/airflow/.local/lib/python3.12/site-packages/airflow/example_dags/example_sla_dag.py
[2025-03-18T22:46:46.143+0000] {processor.py:914} INFO - Processing file /home/airflow/.local/lib/python3.12/site-packages/airflow/example_dags/example_sla_dag.py for tasks to queue
[2025-03-18T22:46:46.146+0000] {logging_mixin.py:190} INFO - [2025-03-18T22:46:46.145+0000] {dagbag.py:588} INFO - Filling up the DagBag from /home/airflow/.local/lib/python3.12/site-packages/airflow/example_dags/example_sla_dag.py
[2025-03-18T22:46:46.161+0000] {processor.py:925} INFO - DAG(s) 'example_sla_dag' retrieved from /home/airflow/.local/lib/python3.12/site-packages/airflow/example_dags/example_sla_dag.py
[2025-03-18T22:46:46.184+0000] {logging_mixin.py:190} INFO - [2025-03-18T22:46:46.183+0000] {dag.py:3239} INFO - Sync 1 DAGs
[2025-03-18T22:46:46.221+0000] {logging_mixin.py:190} INFO - [2025-03-18T22:46:46.220+0000] {dag.py:4180} INFO - Setting next_dagrun for example_sla_dag to 2025-03-18 22:44:00+00:00, run_after=2025-03-18 22:46:00+00:00
[2025-03-18T22:46:46.248+0000] {processor.py:208} INFO - Processing /home/airflow/.local/lib/python3.12/site-packages/airflow/example_dags/example_sla_dag.py took 0.116 seconds
[2025-03-18T22:47:22.500+0000] {processor.py:186} INFO - Started process (PID=285) to work on /home/airflow/.local/lib/python3.12/site-packages/airflow/example_dags/example_sla_dag.py
[2025-03-18T22:47:22.502+0000] {processor.py:914} INFO - Processing file /home/airflow/.local/lib/python3.12/site-packages/airflow/example_dags/example_sla_dag.py for tasks to queue
[2025-03-18T22:47:22.505+0000] {logging_mixin.py:190} INFO - [2025-03-18T22:47:22.504+0000] {dagbag.py:588} INFO - Filling up the DagBag from /home/airflow/.local/lib/python3.12/site-packages/airflow/example_dags/example_sla_dag.py
[2025-03-18T22:47:22.516+0000] {processor.py:925} INFO - DAG(s) 'example_sla_dag' retrieved from /home/airflow/.local/lib/python3.12/site-packages/airflow/example_dags/example_sla_dag.py
[2025-03-18T22:47:22.556+0000] {logging_mixin.py:190} INFO - [2025-03-18T22:47:22.556+0000] {dag.py:3239} INFO - Sync 1 DAGs
[2025-03-18T22:47:22.601+0000] {logging_mixin.py:190} INFO - [2025-03-18T22:47:22.600+0000] {dag.py:4180} INFO - Setting next_dagrun for example_sla_dag to 2025-03-18 22:44:00+00:00, run_after=2025-03-18 22:46:00+00:00
[2025-03-18T22:47:22.646+0000] {processor.py:208} INFO - Processing /home/airflow/.local/lib/python3.12/site-packages/airflow/example_dags/example_sla_dag.py took 0.156 seconds
[2025-03-18T22:47:54.140+0000] {processor.py:186} INFO - Started process (PID=348) to work on /home/airflow/.local/lib/python3.12/site-packages/airflow/example_dags/example_sla_dag.py
[2025-03-18T22:47:54.141+0000] {processor.py:914} INFO - Processing file /home/airflow/.local/lib/python3.12/site-packages/airflow/example_dags/example_sla_dag.py for tasks to queue
[2025-03-18T22:47:54.147+0000] {logging_mixin.py:190} INFO - [2025-03-18T22:47:54.146+0000] {dagbag.py:588} INFO - Filling up the DagBag from /home/airflow/.local/lib/python3.12/site-packages/airflow/example_dags/example_sla_dag.py
[2025-03-18T22:47:54.172+0000] {processor.py:925} INFO - DAG(s) 'example_sla_dag' retrieved from /home/airflow/.local/lib/python3.12/site-packages/airflow/example_dags/example_sla_dag.py
[2025-03-18T22:47:54.252+0000] {logging_mixin.py:190} INFO - [2025-03-18T22:47:54.252+0000] {dag.py:3239} INFO - Sync 1 DAGs
[2025-03-18T22:47:54.378+0000] {logging_mixin.py:190} INFO - [2025-03-18T22:47:54.378+0000] {dag.py:4180} INFO - Setting next_dagrun for example_sla_dag to 2025-03-18 22:44:00+00:00, run_after=2025-03-18 22:46:00+00:00
[2025-03-18T22:47:54.485+0000] {processor.py:208} INFO - Processing /home/airflow/.local/lib/python3.12/site-packages/airflow/example_dags/example_sla_dag.py took 0.359 seconds
[2025-03-18T22:48:25.598+0000] {processor.py:186} INFO - Started process (PID=411) to work on /home/airflow/.local/lib/python3.12/site-packages/airflow/example_dags/example_sla_dag.py
[2025-03-18T22:48:25.602+0000] {processor.py:914} INFO - Processing file /home/airflow/.local/lib/python3.12/site-packages/airflow/example_dags/example_sla_dag.py for tasks to queue
[2025-03-18T22:48:25.604+0000] {logging_mixin.py:190} INFO - [2025-03-18T22:48:25.604+0000] {dagbag.py:588} INFO - Filling up the DagBag from /home/airflow/.local/lib/python3.12/site-packages/airflow/example_dags/example_sla_dag.py
[2025-03-18T22:48:25.662+0000] {processor.py:925} INFO - DAG(s) 'example_sla_dag' retrieved from /home/airflow/.local/lib/python3.12/site-packages/airflow/example_dags/example_sla_dag.py
[2025-03-18T22:48:25.714+0000] {logging_mixin.py:190} INFO - [2025-03-18T22:48:25.714+0000] {dag.py:3239} INFO - Sync 1 DAGs
[2025-03-18T22:48:25.796+0000] {logging_mixin.py:190} INFO - [2025-03-18T22:48:25.795+0000] {dag.py:4180} INFO - Setting next_dagrun for example_sla_dag to 2025-03-18 22:46:00+00:00, run_after=2025-03-18 22:48:00+00:00
[2025-03-18T22:48:25.849+0000] {processor.py:208} INFO - Processing /home/airflow/.local/lib/python3.12/site-packages/airflow/example_dags/example_sla_dag.py took 0.278 seconds
[2025-03-18T22:48:56.757+0000] {processor.py:186} INFO - Started process (PID=474) to work on /home/airflow/.local/lib/python3.12/site-packages/airflow/example_dags/example_sla_dag.py
[2025-03-18T22:48:56.758+0000] {processor.py:914} INFO - Processing file /home/airflow/.local/lib/python3.12/site-packages/airflow/example_dags/example_sla_dag.py for tasks to queue
[2025-03-18T22:48:56.762+0000] {logging_mixin.py:190} INFO - [2025-03-18T22:48:56.761+0000] {dagbag.py:588} INFO - Filling up the DagBag from /home/airflow/.local/lib/python3.12/site-packages/airflow/example_dags/example_sla_dag.py
[2025-03-18T22:48:56.782+0000] {processor.py:925} INFO - DAG(s) 'example_sla_dag' retrieved from /home/airflow/.local/lib/python3.12/site-packages/airflow/example_dags/example_sla_dag.py
[2025-03-18T22:48:56.808+0000] {logging_mixin.py:190} INFO - [2025-03-18T22:48:56.807+0000] {dag.py:3239} INFO - Sync 1 DAGs
[2025-03-18T22:48:56.857+0000] {logging_mixin.py:190} INFO - [2025-03-18T22:48:56.857+0000] {dag.py:4180} INFO - Setting next_dagrun for example_sla_dag to 2025-03-18 22:46:00+00:00, run_after=2025-03-18 22:48:00+00:00
[2025-03-18T22:48:56.898+0000] {processor.py:208} INFO - Processing /home/airflow/.local/lib/python3.12/site-packages/airflow/example_dags/example_sla_dag.py took 0.158 seconds
[2025-03-18T22:49:27.835+0000] {processor.py:186} INFO - Started process (PID=538) to work on /home/airflow/.local/lib/python3.12/site-packages/airflow/example_dags/example_sla_dag.py
[2025-03-18T22:49:27.837+0000] {processor.py:914} INFO - Processing file /home/airflow/.local/lib/python3.12/site-packages/airflow/example_dags/example_sla_dag.py for tasks to queue
[2025-03-18T22:49:27.839+0000] {logging_mixin.py:190} INFO - [2025-03-18T22:49:27.839+0000] {dagbag.py:588} INFO - Filling up the DagBag from /home/airflow/.local/lib/python3.12/site-packages/airflow/example_dags/example_sla_dag.py
[2025-03-18T22:49:27.855+0000] {processor.py:925} INFO - DAG(s) 'example_sla_dag' retrieved from /home/airflow/.local/lib/python3.12/site-packages/airflow/example_dags/example_sla_dag.py
[2025-03-18T22:49:27.878+0000] {logging_mixin.py:190} INFO - [2025-03-18T22:49:27.878+0000] {dag.py:3239} INFO - Sync 1 DAGs
[2025-03-18T22:49:27.915+0000] {logging_mixin.py:190} INFO - [2025-03-18T22:49:27.915+0000] {dag.py:4180} INFO - Setting next_dagrun for example_sla_dag to 2025-03-18 22:46:00+00:00, run_after=2025-03-18 22:48:00+00:00
[2025-03-18T22:49:27.941+0000] {processor.py:208} INFO - Processing /home/airflow/.local/lib/python3.12/site-packages/airflow/example_dags/example_sla_dag.py took 0.114 seconds
[2025-03-18T22:50:03.236+0000] {processor.py:186} INFO - Started process (PID=600) to work on /home/airflow/.local/lib/python3.12/site-packages/airflow/example_dags/example_sla_dag.py
[2025-03-18T22:50:03.237+0000] {processor.py:914} INFO - Processing file /home/airflow/.local/lib/python3.12/site-packages/airflow/example_dags/example_sla_dag.py for tasks to queue
[2025-03-18T22:50:03.240+0000] {logging_mixin.py:190} INFO - [2025-03-18T22:50:03.239+0000] {dagbag.py:588} INFO - Filling up the DagBag from /home/airflow/.local/lib/python3.12/site-packages/airflow/example_dags/example_sla_dag.py
[2025-03-18T22:50:03.290+0000] {processor.py:925} INFO - DAG(s) 'example_sla_dag' retrieved from /home/airflow/.local/lib/python3.12/site-packages/airflow/example_dags/example_sla_dag.py
[2025-03-18T22:50:03.351+0000] {logging_mixin.py:190} INFO - [2025-03-18T22:50:03.350+0000] {dag.py:3239} INFO - Sync 1 DAGs
[2025-03-18T22:50:03.465+0000] {logging_mixin.py:190} INFO - [2025-03-18T22:50:03.465+0000] {dag.py:4180} INFO - Setting next_dagrun for example_sla_dag to 2025-03-18 22:48:00+00:00, run_after=2025-03-18 22:50:00+00:00
[2025-03-18T22:50:03.562+0000] {processor.py:208} INFO - Processing /home/airflow/.local/lib/python3.12/site-packages/airflow/example_dags/example_sla_dag.py took 0.349 seconds
[2025-03-18T22:50:34.267+0000] {processor.py:186} INFO - Started process (PID=663) to work on /home/airflow/.local/lib/python3.12/site-packages/airflow/example_dags/example_sla_dag.py
[2025-03-18T22:50:34.283+0000] {processor.py:914} INFO - Processing file /home/airflow/.local/lib/python3.12/site-packages/airflow/example_dags/example_sla_dag.py for tasks to queue
[2025-03-18T22:50:34.287+0000] {logging_mixin.py:190} INFO - [2025-03-18T22:50:34.286+0000] {dagbag.py:588} INFO - Filling up the DagBag from /home/airflow/.local/lib/python3.12/site-packages/airflow/example_dags/example_sla_dag.py
[2025-03-18T22:50:34.304+0000] {processor.py:925} INFO - DAG(s) 'example_sla_dag' retrieved from /home/airflow/.local/lib/python3.12/site-packages/airflow/example_dags/example_sla_dag.py
[2025-03-18T22:50:34.334+0000] {logging_mixin.py:190} INFO - [2025-03-18T22:50:34.333+0000] {dag.py:3239} INFO - Sync 1 DAGs
[2025-03-18T22:50:34.387+0000] {logging_mixin.py:190} INFO - [2025-03-18T22:50:34.387+0000] {dag.py:4180} INFO - Setting next_dagrun for example_sla_dag to 2025-03-18 22:48:00+00:00, run_after=2025-03-18 22:50:00+00:00
[2025-03-18T22:50:34.439+0000] {processor.py:208} INFO - Processing /home/airflow/.local/lib/python3.12/site-packages/airflow/example_dags/example_sla_dag.py took 0.180 seconds
[2025-03-18T22:51:04.968+0000] {processor.py:186} INFO - Started process (PID=725) to work on /home/airflow/.local/lib/python3.12/site-packages/airflow/example_dags/example_sla_dag.py
[2025-03-18T22:51:04.970+0000] {processor.py:914} INFO - Processing file /home/airflow/.local/lib/python3.12/site-packages/airflow/example_dags/example_sla_dag.py for tasks to queue
[2025-03-18T22:51:04.975+0000] {logging_mixin.py:190} INFO - [2025-03-18T22:51:04.975+0000] {dagbag.py:588} INFO - Filling up the DagBag from /home/airflow/.local/lib/python3.12/site-packages/airflow/example_dags/example_sla_dag.py
[2025-03-18T22:51:04.996+0000] {processor.py:925} INFO - DAG(s) 'example_sla_dag' retrieved from /home/airflow/.local/lib/python3.12/site-packages/airflow/example_dags/example_sla_dag.py
[2025-03-18T22:51:05.026+0000] {logging_mixin.py:190} INFO - [2025-03-18T22:51:05.022+0000] {dag.py:3239} INFO - Sync 1 DAGs
[2025-03-18T22:51:05.066+0000] {logging_mixin.py:190} INFO - [2025-03-18T22:51:05.066+0000] {dag.py:4180} INFO - Setting next_dagrun for example_sla_dag to 2025-03-18 22:48:00+00:00, run_after=2025-03-18 22:50:00+00:00
[2025-03-18T22:51:05.136+0000] {processor.py:208} INFO - Processing /home/airflow/.local/lib/python3.12/site-packages/airflow/example_dags/example_sla_dag.py took 0.178 seconds
[2025-03-18T22:51:37.381+0000] {processor.py:186} INFO - Started process (PID=787) to work on /home/airflow/.local/lib/python3.12/site-packages/airflow/example_dags/example_sla_dag.py
[2025-03-18T22:51:37.385+0000] {processor.py:914} INFO - Processing file /home/airflow/.local/lib/python3.12/site-packages/airflow/example_dags/example_sla_dag.py for tasks to queue
[2025-03-18T22:51:37.389+0000] {logging_mixin.py:190} INFO - [2025-03-18T22:51:37.389+0000] {dagbag.py:588} INFO - Filling up the DagBag from /home/airflow/.local/lib/python3.12/site-packages/airflow/example_dags/example_sla_dag.py
[2025-03-18T22:51:37.409+0000] {processor.py:925} INFO - DAG(s) 'example_sla_dag' retrieved from /home/airflow/.local/lib/python3.12/site-packages/airflow/example_dags/example_sla_dag.py
[2025-03-18T22:51:37.451+0000] {logging_mixin.py:190} INFO - [2025-03-18T22:51:37.450+0000] {dag.py:3239} INFO - Sync 1 DAGs
[2025-03-18T22:51:37.505+0000] {logging_mixin.py:190} INFO - [2025-03-18T22:51:37.504+0000] {dag.py:4180} INFO - Setting next_dagrun for example_sla_dag to 2025-03-18 22:48:00+00:00, run_after=2025-03-18 22:50:00+00:00
[2025-03-18T22:51:37.536+0000] {processor.py:208} INFO - Processing /home/airflow/.local/lib/python3.12/site-packages/airflow/example_dags/example_sla_dag.py took 0.169 seconds
[2025-03-18T22:52:07.616+0000] {processor.py:186} INFO - Started process (PID=850) to work on /home/airflow/.local/lib/python3.12/site-packages/airflow/example_dags/example_sla_dag.py
[2025-03-18T22:52:07.618+0000] {processor.py:914} INFO - Processing file /home/airflow/.local/lib/python3.12/site-packages/airflow/example_dags/example_sla_dag.py for tasks to queue
[2025-03-18T22:52:07.622+0000] {logging_mixin.py:190} INFO - [2025-03-18T22:52:07.621+0000] {dagbag.py:588} INFO - Filling up the DagBag from /home/airflow/.local/lib/python3.12/site-packages/airflow/example_dags/example_sla_dag.py
[2025-03-18T22:52:07.639+0000] {processor.py:925} INFO - DAG(s) 'example_sla_dag' retrieved from /home/airflow/.local/lib/python3.12/site-packages/airflow/example_dags/example_sla_dag.py
[2025-03-18T22:52:07.687+0000] {logging_mixin.py:190} INFO - [2025-03-18T22:52:07.686+0000] {dag.py:3239} INFO - Sync 1 DAGs
[2025-03-18T22:52:07.742+0000] {logging_mixin.py:190} INFO - [2025-03-18T22:52:07.742+0000] {dag.py:4180} INFO - Setting next_dagrun for example_sla_dag to 2025-03-18 22:50:00+00:00, run_after=2025-03-18 22:52:00+00:00
[2025-03-18T22:52:07.788+0000] {processor.py:208} INFO - Processing /home/airflow/.local/lib/python3.12/site-packages/airflow/example_dags/example_sla_dag.py took 0.180 seconds
[2025-03-18T22:52:38.122+0000] {processor.py:186} INFO - Started process (PID=913) to work on /home/airflow/.local/lib/python3.12/site-packages/airflow/example_dags/example_sla_dag.py
[2025-03-18T22:52:38.124+0000] {processor.py:914} INFO - Processing file /home/airflow/.local/lib/python3.12/site-packages/airflow/example_dags/example_sla_dag.py for tasks to queue
[2025-03-18T22:52:38.128+0000] {logging_mixin.py:190} INFO - [2025-03-18T22:52:38.127+0000] {dagbag.py:588} INFO - Filling up the DagBag from /home/airflow/.local/lib/python3.12/site-packages/airflow/example_dags/example_sla_dag.py
[2025-03-18T22:52:38.144+0000] {processor.py:925} INFO - DAG(s) 'example_sla_dag' retrieved from /home/airflow/.local/lib/python3.12/site-packages/airflow/example_dags/example_sla_dag.py
[2025-03-18T22:52:38.170+0000] {logging_mixin.py:190} INFO - [2025-03-18T22:52:38.169+0000] {dag.py:3239} INFO - Sync 1 DAGs
[2025-03-18T22:52:38.209+0000] {logging_mixin.py:190} INFO - [2025-03-18T22:52:38.209+0000] {dag.py:4180} INFO - Setting next_dagrun for example_sla_dag to 2025-03-18 22:50:00+00:00, run_after=2025-03-18 22:52:00+00:00
[2025-03-18T22:52:38.242+0000] {processor.py:208} INFO - Processing /home/airflow/.local/lib/python3.12/site-packages/airflow/example_dags/example_sla_dag.py took 0.127 seconds
[2025-03-18T22:53:08.857+0000] {processor.py:186} INFO - Started process (PID=975) to work on /home/airflow/.local/lib/python3.12/site-packages/airflow/example_dags/example_sla_dag.py
[2025-03-18T22:53:08.859+0000] {processor.py:914} INFO - Processing file /home/airflow/.local/lib/python3.12/site-packages/airflow/example_dags/example_sla_dag.py for tasks to queue
[2025-03-18T22:53:08.862+0000] {logging_mixin.py:190} INFO - [2025-03-18T22:53:08.862+0000] {dagbag.py:588} INFO - Filling up the DagBag from /home/airflow/.local/lib/python3.12/site-packages/airflow/example_dags/example_sla_dag.py
[2025-03-18T22:53:08.877+0000] {processor.py:925} INFO - DAG(s) 'example_sla_dag' retrieved from /home/airflow/.local/lib/python3.12/site-packages/airflow/example_dags/example_sla_dag.py
[2025-03-18T22:53:08.907+0000] {logging_mixin.py:190} INFO - [2025-03-18T22:53:08.903+0000] {dag.py:3239} INFO - Sync 1 DAGs
[2025-03-18T22:53:08.957+0000] {logging_mixin.py:190} INFO - [2025-03-18T22:53:08.957+0000] {dag.py:4180} INFO - Setting next_dagrun for example_sla_dag to 2025-03-18 22:50:00+00:00, run_after=2025-03-18 22:52:00+00:00
[2025-03-18T22:53:09.001+0000] {processor.py:208} INFO - Processing /home/airflow/.local/lib/python3.12/site-packages/airflow/example_dags/example_sla_dag.py took 0.154 seconds
[2025-03-18T22:53:39.204+0000] {processor.py:186} INFO - Started process (PID=1038) to work on /home/airflow/.local/lib/python3.12/site-packages/airflow/example_dags/example_sla_dag.py
[2025-03-18T22:53:39.205+0000] {processor.py:914} INFO - Processing file /home/airflow/.local/lib/python3.12/site-packages/airflow/example_dags/example_sla_dag.py for tasks to queue
[2025-03-18T22:53:39.208+0000] {logging_mixin.py:190} INFO - [2025-03-18T22:53:39.207+0000] {dagbag.py:588} INFO - Filling up the DagBag from /home/airflow/.local/lib/python3.12/site-packages/airflow/example_dags/example_sla_dag.py
[2025-03-18T22:53:39.219+0000] {processor.py:925} INFO - DAG(s) 'example_sla_dag' retrieved from /home/airflow/.local/lib/python3.12/site-packages/airflow/example_dags/example_sla_dag.py
[2025-03-18T22:53:39.239+0000] {logging_mixin.py:190} INFO - [2025-03-18T22:53:39.238+0000] {dag.py:3239} INFO - Sync 1 DAGs
[2025-03-18T22:53:39.280+0000] {logging_mixin.py:190} INFO - [2025-03-18T22:53:39.280+0000] {dag.py:4180} INFO - Setting next_dagrun for example_sla_dag to 2025-03-18 22:50:00+00:00, run_after=2025-03-18 22:52:00+00:00
[2025-03-18T22:53:39.302+0000] {processor.py:208} INFO - Processing /home/airflow/.local/lib/python3.12/site-packages/airflow/example_dags/example_sla_dag.py took 0.106 seconds
[2025-03-18T22:54:09.943+0000] {processor.py:186} INFO - Started process (PID=1100) to work on /home/airflow/.local/lib/python3.12/site-packages/airflow/example_dags/example_sla_dag.py
[2025-03-18T22:54:09.945+0000] {processor.py:914} INFO - Processing file /home/airflow/.local/lib/python3.12/site-packages/airflow/example_dags/example_sla_dag.py for tasks to queue
[2025-03-18T22:54:09.947+0000] {logging_mixin.py:190} INFO - [2025-03-18T22:54:09.947+0000] {dagbag.py:588} INFO - Filling up the DagBag from /home/airflow/.local/lib/python3.12/site-packages/airflow/example_dags/example_sla_dag.py
[2025-03-18T22:54:09.962+0000] {processor.py:925} INFO - DAG(s) 'example_sla_dag' retrieved from /home/airflow/.local/lib/python3.12/site-packages/airflow/example_dags/example_sla_dag.py
[2025-03-18T22:54:09.995+0000] {logging_mixin.py:190} INFO - [2025-03-18T22:54:09.995+0000] {dag.py:3239} INFO - Sync 1 DAGs
[2025-03-18T22:54:10.028+0000] {logging_mixin.py:190} INFO - [2025-03-18T22:54:10.028+0000] {dag.py:4180} INFO - Setting next_dagrun for example_sla_dag to 2025-03-18 22:52:00+00:00, run_after=2025-03-18 22:54:00+00:00
[2025-03-18T22:54:10.052+0000] {processor.py:208} INFO - Processing /home/airflow/.local/lib/python3.12/site-packages/airflow/example_dags/example_sla_dag.py took 0.119 seconds
[2025-03-18T22:54:40.388+0000] {processor.py:186} INFO - Started process (PID=1163) to work on /home/airflow/.local/lib/python3.12/site-packages/airflow/example_dags/example_sla_dag.py
[2025-03-18T22:54:40.389+0000] {processor.py:914} INFO - Processing file /home/airflow/.local/lib/python3.12/site-packages/airflow/example_dags/example_sla_dag.py for tasks to queue
[2025-03-18T22:54:40.391+0000] {logging_mixin.py:190} INFO - [2025-03-18T22:54:40.390+0000] {dagbag.py:588} INFO - Filling up the DagBag from /home/airflow/.local/lib/python3.12/site-packages/airflow/example_dags/example_sla_dag.py
[2025-03-18T22:54:40.405+0000] {processor.py:925} INFO - DAG(s) 'example_sla_dag' retrieved from /home/airflow/.local/lib/python3.12/site-packages/airflow/example_dags/example_sla_dag.py
[2025-03-18T22:54:40.425+0000] {logging_mixin.py:190} INFO - [2025-03-18T22:54:40.424+0000] {dag.py:3239} INFO - Sync 1 DAGs
[2025-03-18T22:54:40.451+0000] {logging_mixin.py:190} INFO - [2025-03-18T22:54:40.451+0000] {dag.py:4180} INFO - Setting next_dagrun for example_sla_dag to 2025-03-18 22:52:00+00:00, run_after=2025-03-18 22:54:00+00:00
[2025-03-18T22:54:40.470+0000] {processor.py:208} INFO - Processing /home/airflow/.local/lib/python3.12/site-packages/airflow/example_dags/example_sla_dag.py took 0.089 seconds
[2025-03-18T22:55:11.324+0000] {processor.py:186} INFO - Started process (PID=1226) to work on /home/airflow/.local/lib/python3.12/site-packages/airflow/example_dags/example_sla_dag.py
[2025-03-18T22:55:11.325+0000] {processor.py:914} INFO - Processing file /home/airflow/.local/lib/python3.12/site-packages/airflow/example_dags/example_sla_dag.py for tasks to queue
[2025-03-18T22:55:11.327+0000] {logging_mixin.py:190} INFO - [2025-03-18T22:55:11.327+0000] {dagbag.py:588} INFO - Filling up the DagBag from /home/airflow/.local/lib/python3.12/site-packages/airflow/example_dags/example_sla_dag.py
[2025-03-18T22:55:11.339+0000] {processor.py:925} INFO - DAG(s) 'example_sla_dag' retrieved from /home/airflow/.local/lib/python3.12/site-packages/airflow/example_dags/example_sla_dag.py
[2025-03-18T22:55:11.360+0000] {logging_mixin.py:190} INFO - [2025-03-18T22:55:11.359+0000] {dag.py:3239} INFO - Sync 1 DAGs
[2025-03-18T22:55:11.389+0000] {logging_mixin.py:190} INFO - [2025-03-18T22:55:11.389+0000] {dag.py:4180} INFO - Setting next_dagrun for example_sla_dag to 2025-03-18 22:52:00+00:00, run_after=2025-03-18 22:54:00+00:00
[2025-03-18T22:55:11.415+0000] {processor.py:208} INFO - Processing /home/airflow/.local/lib/python3.12/site-packages/airflow/example_dags/example_sla_dag.py took 0.099 seconds
[2025-03-18T22:55:42.283+0000] {processor.py:186} INFO - Started process (PID=1289) to work on /home/airflow/.local/lib/python3.12/site-packages/airflow/example_dags/example_sla_dag.py
[2025-03-18T22:55:42.286+0000] {processor.py:914} INFO - Processing file /home/airflow/.local/lib/python3.12/site-packages/airflow/example_dags/example_sla_dag.py for tasks to queue
[2025-03-18T22:55:42.289+0000] {logging_mixin.py:190} INFO - [2025-03-18T22:55:42.289+0000] {dagbag.py:588} INFO - Filling up the DagBag from /home/airflow/.local/lib/python3.12/site-packages/airflow/example_dags/example_sla_dag.py
[2025-03-18T22:55:42.304+0000] {processor.py:925} INFO - DAG(s) 'example_sla_dag' retrieved from /home/airflow/.local/lib/python3.12/site-packages/airflow/example_dags/example_sla_dag.py
[2025-03-18T22:55:42.325+0000] {logging_mixin.py:190} INFO - [2025-03-18T22:55:42.325+0000] {dag.py:3239} INFO - Sync 1 DAGs
[2025-03-18T22:55:42.358+0000] {logging_mixin.py:190} INFO - [2025-03-18T22:55:42.357+0000] {dag.py:4180} INFO - Setting next_dagrun for example_sla_dag to 2025-03-18 22:52:00+00:00, run_after=2025-03-18 22:54:00+00:00
[2025-03-18T22:55:42.383+0000] {processor.py:208} INFO - Processing /home/airflow/.local/lib/python3.12/site-packages/airflow/example_dags/example_sla_dag.py took 0.107 seconds
[2025-03-18T22:56:15.645+0000] {processor.py:186} INFO - Started process (PID=1353) to work on /home/airflow/.local/lib/python3.12/site-packages/airflow/example_dags/example_sla_dag.py
[2025-03-18T22:56:15.648+0000] {processor.py:914} INFO - Processing file /home/airflow/.local/lib/python3.12/site-packages/airflow/example_dags/example_sla_dag.py for tasks to queue
[2025-03-18T22:56:15.651+0000] {logging_mixin.py:190} INFO - [2025-03-18T22:56:15.651+0000] {dagbag.py:588} INFO - Filling up the DagBag from /home/airflow/.local/lib/python3.12/site-packages/airflow/example_dags/example_sla_dag.py
[2025-03-18T22:56:15.665+0000] {processor.py:925} INFO - DAG(s) 'example_sla_dag' retrieved from /home/airflow/.local/lib/python3.12/site-packages/airflow/example_dags/example_sla_dag.py
[2025-03-18T22:56:15.686+0000] {logging_mixin.py:190} INFO - [2025-03-18T22:56:15.686+0000] {dag.py:3239} INFO - Sync 1 DAGs
[2025-03-18T22:56:15.721+0000] {logging_mixin.py:190} INFO - [2025-03-18T22:56:15.721+0000] {dag.py:4180} INFO - Setting next_dagrun for example_sla_dag to 2025-03-18 22:54:00+00:00, run_after=2025-03-18 22:56:00+00:00
[2025-03-18T22:56:15.744+0000] {processor.py:208} INFO - Processing /home/airflow/.local/lib/python3.12/site-packages/airflow/example_dags/example_sla_dag.py took 0.105 seconds
[2025-03-18T22:56:46.178+0000] {processor.py:186} INFO - Started process (PID=1416) to work on /home/airflow/.local/lib/python3.12/site-packages/airflow/example_dags/example_sla_dag.py
[2025-03-18T22:56:46.192+0000] {processor.py:914} INFO - Processing file /home/airflow/.local/lib/python3.12/site-packages/airflow/example_dags/example_sla_dag.py for tasks to queue
[2025-03-18T22:56:46.202+0000] {logging_mixin.py:190} INFO - [2025-03-18T22:56:46.196+0000] {dagbag.py:588} INFO - Filling up the DagBag from /home/airflow/.local/lib/python3.12/site-packages/airflow/example_dags/example_sla_dag.py
[2025-03-18T22:56:46.222+0000] {processor.py:925} INFO - DAG(s) 'example_sla_dag' retrieved from /home/airflow/.local/lib/python3.12/site-packages/airflow/example_dags/example_sla_dag.py
[2025-03-18T22:56:46.272+0000] {logging_mixin.py:190} INFO - [2025-03-18T22:56:46.272+0000] {dag.py:3239} INFO - Sync 1 DAGs
[2025-03-18T22:56:46.304+0000] {logging_mixin.py:190} INFO - [2025-03-18T22:56:46.304+0000] {dag.py:4180} INFO - Setting next_dagrun for example_sla_dag to 2025-03-18 22:54:00+00:00, run_after=2025-03-18 22:56:00+00:00
[2025-03-18T22:56:46.340+0000] {processor.py:208} INFO - Processing /home/airflow/.local/lib/python3.12/site-packages/airflow/example_dags/example_sla_dag.py took 0.168 seconds
[2025-03-18T22:57:16.869+0000] {processor.py:186} INFO - Started process (PID=1479) to work on /home/airflow/.local/lib/python3.12/site-packages/airflow/example_dags/example_sla_dag.py
[2025-03-18T22:57:16.871+0000] {processor.py:914} INFO - Processing file /home/airflow/.local/lib/python3.12/site-packages/airflow/example_dags/example_sla_dag.py for tasks to queue
[2025-03-18T22:57:16.873+0000] {logging_mixin.py:190} INFO - [2025-03-18T22:57:16.872+0000] {dagbag.py:588} INFO - Filling up the DagBag from /home/airflow/.local/lib/python3.12/site-packages/airflow/example_dags/example_sla_dag.py
[2025-03-18T22:57:16.887+0000] {processor.py:925} INFO - DAG(s) 'example_sla_dag' retrieved from /home/airflow/.local/lib/python3.12/site-packages/airflow/example_dags/example_sla_dag.py
[2025-03-18T22:57:16.905+0000] {logging_mixin.py:190} INFO - [2025-03-18T22:57:16.905+0000] {dag.py:3239} INFO - Sync 1 DAGs
[2025-03-18T22:57:16.932+0000] {logging_mixin.py:190} INFO - [2025-03-18T22:57:16.932+0000] {dag.py:4180} INFO - Setting next_dagrun for example_sla_dag to 2025-03-18 22:54:00+00:00, run_after=2025-03-18 22:56:00+00:00
[2025-03-18T22:57:16.957+0000] {processor.py:208} INFO - Processing /home/airflow/.local/lib/python3.12/site-packages/airflow/example_dags/example_sla_dag.py took 0.096 seconds
[2025-03-18T22:57:47.122+0000] {processor.py:186} INFO - Started process (PID=1542) to work on /home/airflow/.local/lib/python3.12/site-packages/airflow/example_dags/example_sla_dag.py
[2025-03-18T22:57:47.123+0000] {processor.py:914} INFO - Processing file /home/airflow/.local/lib/python3.12/site-packages/airflow/example_dags/example_sla_dag.py for tasks to queue
[2025-03-18T22:57:47.125+0000] {logging_mixin.py:190} INFO - [2025-03-18T22:57:47.125+0000] {dagbag.py:588} INFO - Filling up the DagBag from /home/airflow/.local/lib/python3.12/site-packages/airflow/example_dags/example_sla_dag.py
[2025-03-18T22:57:47.138+0000] {processor.py:925} INFO - DAG(s) 'example_sla_dag' retrieved from /home/airflow/.local/lib/python3.12/site-packages/airflow/example_dags/example_sla_dag.py
[2025-03-18T22:57:47.159+0000] {logging_mixin.py:190} INFO - [2025-03-18T22:57:47.158+0000] {dag.py:3239} INFO - Sync 1 DAGs
[2025-03-18T22:57:47.192+0000] {logging_mixin.py:190} INFO - [2025-03-18T22:57:47.192+0000] {dag.py:4180} INFO - Setting next_dagrun for example_sla_dag to 2025-03-18 22:54:00+00:00, run_after=2025-03-18 22:56:00+00:00
[2025-03-18T22:57:47.214+0000] {processor.py:208} INFO - Processing /home/airflow/.local/lib/python3.12/site-packages/airflow/example_dags/example_sla_dag.py took 0.100 seconds
[2025-03-18T22:58:18.003+0000] {processor.py:186} INFO - Started process (PID=1605) to work on /home/airflow/.local/lib/python3.12/site-packages/airflow/example_dags/example_sla_dag.py
[2025-03-18T22:58:18.012+0000] {processor.py:914} INFO - Processing file /home/airflow/.local/lib/python3.12/site-packages/airflow/example_dags/example_sla_dag.py for tasks to queue
[2025-03-18T22:58:18.014+0000] {logging_mixin.py:190} INFO - [2025-03-18T22:58:18.014+0000] {dagbag.py:588} INFO - Filling up the DagBag from /home/airflow/.local/lib/python3.12/site-packages/airflow/example_dags/example_sla_dag.py
[2025-03-18T22:58:18.026+0000] {processor.py:925} INFO - DAG(s) 'example_sla_dag' retrieved from /home/airflow/.local/lib/python3.12/site-packages/airflow/example_dags/example_sla_dag.py
[2025-03-18T22:58:18.051+0000] {logging_mixin.py:190} INFO - [2025-03-18T22:58:18.050+0000] {dag.py:3239} INFO - Sync 1 DAGs
[2025-03-18T22:58:18.078+0000] {logging_mixin.py:190} INFO - [2025-03-18T22:58:18.078+0000] {dag.py:4180} INFO - Setting next_dagrun for example_sla_dag to 2025-03-18 22:56:00+00:00, run_after=2025-03-18 22:58:00+00:00
[2025-03-18T22:58:18.110+0000] {processor.py:208} INFO - Processing /home/airflow/.local/lib/python3.12/site-packages/airflow/example_dags/example_sla_dag.py took 0.113 seconds
[2025-03-18T22:58:48.694+0000] {processor.py:186} INFO - Started process (PID=1668) to work on /home/airflow/.local/lib/python3.12/site-packages/airflow/example_dags/example_sla_dag.py
[2025-03-18T22:58:48.695+0000] {processor.py:914} INFO - Processing file /home/airflow/.local/lib/python3.12/site-packages/airflow/example_dags/example_sla_dag.py for tasks to queue
[2025-03-18T22:58:48.697+0000] {logging_mixin.py:190} INFO - [2025-03-18T22:58:48.697+0000] {dagbag.py:588} INFO - Filling up the DagBag from /home/airflow/.local/lib/python3.12/site-packages/airflow/example_dags/example_sla_dag.py
[2025-03-18T22:58:48.713+0000] {processor.py:925} INFO - DAG(s) 'example_sla_dag' retrieved from /home/airflow/.local/lib/python3.12/site-packages/airflow/example_dags/example_sla_dag.py
[2025-03-18T22:58:48.731+0000] {logging_mixin.py:190} INFO - [2025-03-18T22:58:48.731+0000] {dag.py:3239} INFO - Sync 1 DAGs
[2025-03-18T22:58:48.761+0000] {logging_mixin.py:190} INFO - [2025-03-18T22:58:48.761+0000] {dag.py:4180} INFO - Setting next_dagrun for example_sla_dag to 2025-03-18 22:56:00+00:00, run_after=2025-03-18 22:58:00+00:00
[2025-03-18T22:58:48.784+0000] {processor.py:208} INFO - Processing /home/airflow/.local/lib/python3.12/site-packages/airflow/example_dags/example_sla_dag.py took 0.101 seconds
[2025-03-18T22:59:18.868+0000] {processor.py:186} INFO - Started process (PID=1725) to work on /home/airflow/.local/lib/python3.12/site-packages/airflow/example_dags/example_sla_dag.py
[2025-03-18T22:59:18.869+0000] {processor.py:914} INFO - Processing file /home/airflow/.local/lib/python3.12/site-packages/airflow/example_dags/example_sla_dag.py for tasks to queue
[2025-03-18T22:59:18.872+0000] {logging_mixin.py:190} INFO - [2025-03-18T22:59:18.871+0000] {dagbag.py:588} INFO - Filling up the DagBag from /home/airflow/.local/lib/python3.12/site-packages/airflow/example_dags/example_sla_dag.py
[2025-03-18T22:59:18.888+0000] {processor.py:925} INFO - DAG(s) 'example_sla_dag' retrieved from /home/airflow/.local/lib/python3.12/site-packages/airflow/example_dags/example_sla_dag.py
[2025-03-18T22:59:18.908+0000] {logging_mixin.py:190} INFO - [2025-03-18T22:59:18.908+0000] {dag.py:3239} INFO - Sync 1 DAGs
[2025-03-18T22:59:18.935+0000] {logging_mixin.py:190} INFO - [2025-03-18T22:59:18.935+0000] {dag.py:4180} INFO - Setting next_dagrun for example_sla_dag to 2025-03-18 22:56:00+00:00, run_after=2025-03-18 22:58:00+00:00
[2025-03-18T22:59:18.967+0000] {processor.py:208} INFO - Processing /home/airflow/.local/lib/python3.12/site-packages/airflow/example_dags/example_sla_dag.py took 0.105 seconds
[2025-03-18T22:59:49.342+0000] {processor.py:186} INFO - Started process (PID=1788) to work on /home/airflow/.local/lib/python3.12/site-packages/airflow/example_dags/example_sla_dag.py
[2025-03-18T22:59:49.343+0000] {processor.py:914} INFO - Processing file /home/airflow/.local/lib/python3.12/site-packages/airflow/example_dags/example_sla_dag.py for tasks to queue
[2025-03-18T22:59:49.346+0000] {logging_mixin.py:190} INFO - [2025-03-18T22:59:49.345+0000] {dagbag.py:588} INFO - Filling up the DagBag from /home/airflow/.local/lib/python3.12/site-packages/airflow/example_dags/example_sla_dag.py
[2025-03-18T22:59:49.357+0000] {processor.py:925} INFO - DAG(s) 'example_sla_dag' retrieved from /home/airflow/.local/lib/python3.12/site-packages/airflow/example_dags/example_sla_dag.py
[2025-03-18T22:59:49.382+0000] {logging_mixin.py:190} INFO - [2025-03-18T22:59:49.382+0000] {dag.py:3239} INFO - Sync 1 DAGs
[2025-03-18T22:59:49.410+0000] {logging_mixin.py:190} INFO - [2025-03-18T22:59:49.410+0000] {dag.py:4180} INFO - Setting next_dagrun for example_sla_dag to 2025-03-18 22:56:00+00:00, run_after=2025-03-18 22:58:00+00:00
[2025-03-18T22:59:49.452+0000] {processor.py:208} INFO - Processing /home/airflow/.local/lib/python3.12/site-packages/airflow/example_dags/example_sla_dag.py took 0.119 seconds
[2025-03-18T23:00:20.649+0000] {processor.py:186} INFO - Started process (PID=1834) to work on /home/airflow/.local/lib/python3.12/site-packages/airflow/example_dags/example_sla_dag.py
[2025-03-18T23:00:20.659+0000] {processor.py:914} INFO - Processing file /home/airflow/.local/lib/python3.12/site-packages/airflow/example_dags/example_sla_dag.py for tasks to queue
[2025-03-18T23:00:20.661+0000] {logging_mixin.py:190} INFO - [2025-03-18T23:00:20.661+0000] {dagbag.py:588} INFO - Filling up the DagBag from /home/airflow/.local/lib/python3.12/site-packages/airflow/example_dags/example_sla_dag.py
[2025-03-18T23:00:20.678+0000] {processor.py:925} INFO - DAG(s) 'example_sla_dag' retrieved from /home/airflow/.local/lib/python3.12/site-packages/airflow/example_dags/example_sla_dag.py
[2025-03-18T23:00:20.701+0000] {logging_mixin.py:190} INFO - [2025-03-18T23:00:20.701+0000] {dag.py:3239} INFO - Sync 1 DAGs
[2025-03-18T23:00:20.734+0000] {logging_mixin.py:190} INFO - [2025-03-18T23:00:20.733+0000] {dag.py:4180} INFO - Setting next_dagrun for example_sla_dag to 2025-03-18 22:58:00+00:00, run_after=2025-03-18 23:00:00+00:00
[2025-03-18T23:00:20.770+0000] {processor.py:208} INFO - Processing /home/airflow/.local/lib/python3.12/site-packages/airflow/example_dags/example_sla_dag.py took 0.150 seconds
[2025-03-18T23:00:54.319+0000] {processor.py:186} INFO - Started process (PID=1898) to work on /home/airflow/.local/lib/python3.12/site-packages/airflow/example_dags/example_sla_dag.py
[2025-03-18T23:00:54.320+0000] {processor.py:914} INFO - Processing file /home/airflow/.local/lib/python3.12/site-packages/airflow/example_dags/example_sla_dag.py for tasks to queue
[2025-03-18T23:00:54.322+0000] {logging_mixin.py:190} INFO - [2025-03-18T23:00:54.322+0000] {dagbag.py:588} INFO - Filling up the DagBag from /home/airflow/.local/lib/python3.12/site-packages/airflow/example_dags/example_sla_dag.py
[2025-03-18T23:00:54.333+0000] {processor.py:925} INFO - DAG(s) 'example_sla_dag' retrieved from /home/airflow/.local/lib/python3.12/site-packages/airflow/example_dags/example_sla_dag.py
[2025-03-18T23:00:54.361+0000] {logging_mixin.py:190} INFO - [2025-03-18T23:00:54.361+0000] {dag.py:3239} INFO - Sync 1 DAGs
[2025-03-18T23:00:54.388+0000] {logging_mixin.py:190} INFO - [2025-03-18T23:00:54.388+0000] {dag.py:4180} INFO - Setting next_dagrun for example_sla_dag to 2025-03-18 22:58:00+00:00, run_after=2025-03-18 23:00:00+00:00
[2025-03-18T23:00:54.406+0000] {processor.py:208} INFO - Processing /home/airflow/.local/lib/python3.12/site-packages/airflow/example_dags/example_sla_dag.py took 0.094 seconds
[2025-03-18T23:01:24.472+0000] {processor.py:186} INFO - Started process (PID=1961) to work on /home/airflow/.local/lib/python3.12/site-packages/airflow/example_dags/example_sla_dag.py
[2025-03-18T23:01:24.478+0000] {processor.py:914} INFO - Processing file /home/airflow/.local/lib/python3.12/site-packages/airflow/example_dags/example_sla_dag.py for tasks to queue
[2025-03-18T23:01:24.481+0000] {logging_mixin.py:190} INFO - [2025-03-18T23:01:24.481+0000] {dagbag.py:588} INFO - Filling up the DagBag from /home/airflow/.local/lib/python3.12/site-packages/airflow/example_dags/example_sla_dag.py
[2025-03-18T23:01:24.492+0000] {processor.py:925} INFO - DAG(s) 'example_sla_dag' retrieved from /home/airflow/.local/lib/python3.12/site-packages/airflow/example_dags/example_sla_dag.py
[2025-03-18T23:01:24.512+0000] {logging_mixin.py:190} INFO - [2025-03-18T23:01:24.511+0000] {dag.py:3239} INFO - Sync 1 DAGs
[2025-03-18T23:01:24.540+0000] {logging_mixin.py:190} INFO - [2025-03-18T23:01:24.539+0000] {dag.py:4180} INFO - Setting next_dagrun for example_sla_dag to 2025-03-18 22:58:00+00:00, run_after=2025-03-18 23:00:00+00:00
[2025-03-18T23:01:24.557+0000] {processor.py:208} INFO - Processing /home/airflow/.local/lib/python3.12/site-packages/airflow/example_dags/example_sla_dag.py took 0.091 seconds
[2025-03-18T23:01:54.616+0000] {processor.py:186} INFO - Started process (PID=2023) to work on /home/airflow/.local/lib/python3.12/site-packages/airflow/example_dags/example_sla_dag.py
[2025-03-18T23:01:54.617+0000] {processor.py:914} INFO - Processing file /home/airflow/.local/lib/python3.12/site-packages/airflow/example_dags/example_sla_dag.py for tasks to queue
[2025-03-18T23:01:54.619+0000] {logging_mixin.py:190} INFO - [2025-03-18T23:01:54.619+0000] {dagbag.py:588} INFO - Filling up the DagBag from /home/airflow/.local/lib/python3.12/site-packages/airflow/example_dags/example_sla_dag.py
[2025-03-18T23:01:54.629+0000] {processor.py:925} INFO - DAG(s) 'example_sla_dag' retrieved from /home/airflow/.local/lib/python3.12/site-packages/airflow/example_dags/example_sla_dag.py
[2025-03-18T23:01:54.648+0000] {logging_mixin.py:190} INFO - [2025-03-18T23:01:54.648+0000] {dag.py:3239} INFO - Sync 1 DAGs
[2025-03-18T23:01:54.674+0000] {logging_mixin.py:190} INFO - [2025-03-18T23:01:54.674+0000] {dag.py:4180} INFO - Setting next_dagrun for example_sla_dag to 2025-03-18 22:58:00+00:00, run_after=2025-03-18 23:00:00+00:00
[2025-03-18T23:01:54.693+0000] {processor.py:208} INFO - Processing /home/airflow/.local/lib/python3.12/site-packages/airflow/example_dags/example_sla_dag.py took 0.083 seconds
[2025-03-18T23:02:25.369+0000] {processor.py:186} INFO - Started process (PID=2087) to work on /home/airflow/.local/lib/python3.12/site-packages/airflow/example_dags/example_sla_dag.py
[2025-03-18T23:02:25.370+0000] {processor.py:914} INFO - Processing file /home/airflow/.local/lib/python3.12/site-packages/airflow/example_dags/example_sla_dag.py for tasks to queue
[2025-03-18T23:02:25.373+0000] {logging_mixin.py:190} INFO - [2025-03-18T23:02:25.372+0000] {dagbag.py:588} INFO - Filling up the DagBag from /home/airflow/.local/lib/python3.12/site-packages/airflow/example_dags/example_sla_dag.py
[2025-03-18T23:02:25.383+0000] {processor.py:925} INFO - DAG(s) 'example_sla_dag' retrieved from /home/airflow/.local/lib/python3.12/site-packages/airflow/example_dags/example_sla_dag.py
[2025-03-18T23:02:25.401+0000] {logging_mixin.py:190} INFO - [2025-03-18T23:02:25.401+0000] {dag.py:3239} INFO - Sync 1 DAGs
[2025-03-18T23:02:25.427+0000] {logging_mixin.py:190} INFO - [2025-03-18T23:02:25.427+0000] {dag.py:4180} INFO - Setting next_dagrun for example_sla_dag to 2025-03-18 23:00:00+00:00, run_after=2025-03-18 23:02:00+00:00
[2025-03-18T23:02:25.447+0000] {processor.py:208} INFO - Processing /home/airflow/.local/lib/python3.12/site-packages/airflow/example_dags/example_sla_dag.py took 0.087 seconds
[2025-03-18T23:02:55.988+0000] {processor.py:186} INFO - Started process (PID=2149) to work on /home/airflow/.local/lib/python3.12/site-packages/airflow/example_dags/example_sla_dag.py
[2025-03-18T23:02:55.989+0000] {processor.py:914} INFO - Processing file /home/airflow/.local/lib/python3.12/site-packages/airflow/example_dags/example_sla_dag.py for tasks to queue
[2025-03-18T23:02:55.992+0000] {logging_mixin.py:190} INFO - [2025-03-18T23:02:55.991+0000] {dagbag.py:588} INFO - Filling up the DagBag from /home/airflow/.local/lib/python3.12/site-packages/airflow/example_dags/example_sla_dag.py
[2025-03-18T23:02:56.005+0000] {processor.py:925} INFO - DAG(s) 'example_sla_dag' retrieved from /home/airflow/.local/lib/python3.12/site-packages/airflow/example_dags/example_sla_dag.py
[2025-03-18T23:02:56.026+0000] {logging_mixin.py:190} INFO - [2025-03-18T23:02:56.025+0000] {dag.py:3239} INFO - Sync 1 DAGs
[2025-03-18T23:02:56.055+0000] {logging_mixin.py:190} INFO - [2025-03-18T23:02:56.054+0000] {dag.py:4180} INFO - Setting next_dagrun for example_sla_dag to 2025-03-18 23:00:00+00:00, run_after=2025-03-18 23:02:00+00:00
[2025-03-18T23:02:56.072+0000] {processor.py:208} INFO - Processing /home/airflow/.local/lib/python3.12/site-packages/airflow/example_dags/example_sla_dag.py took 0.092 seconds
[2025-03-18T23:03:27.467+0000] {processor.py:186} INFO - Started process (PID=2212) to work on /home/airflow/.local/lib/python3.12/site-packages/airflow/example_dags/example_sla_dag.py
[2025-03-18T23:03:27.477+0000] {processor.py:914} INFO - Processing file /home/airflow/.local/lib/python3.12/site-packages/airflow/example_dags/example_sla_dag.py for tasks to queue
[2025-03-18T23:03:27.481+0000] {logging_mixin.py:190} INFO - [2025-03-18T23:03:27.480+0000] {dagbag.py:588} INFO - Filling up the DagBag from /home/airflow/.local/lib/python3.12/site-packages/airflow/example_dags/example_sla_dag.py
[2025-03-18T23:03:27.506+0000] {processor.py:925} INFO - DAG(s) 'example_sla_dag' retrieved from /home/airflow/.local/lib/python3.12/site-packages/airflow/example_dags/example_sla_dag.py
[2025-03-18T23:03:27.561+0000] {logging_mixin.py:190} INFO - [2025-03-18T23:03:27.561+0000] {dag.py:3239} INFO - Sync 1 DAGs
[2025-03-18T23:03:27.604+0000] {logging_mixin.py:190} INFO - [2025-03-18T23:03:27.604+0000] {dag.py:4180} INFO - Setting next_dagrun for example_sla_dag to 2025-03-18 23:00:00+00:00, run_after=2025-03-18 23:02:00+00:00
[2025-03-18T23:03:27.643+0000] {processor.py:208} INFO - Processing /home/airflow/.local/lib/python3.12/site-packages/airflow/example_dags/example_sla_dag.py took 0.192 seconds
[2025-03-18T23:03:58.122+0000] {processor.py:186} INFO - Started process (PID=2275) to work on /home/airflow/.local/lib/python3.12/site-packages/airflow/example_dags/example_sla_dag.py
[2025-03-18T23:03:58.123+0000] {processor.py:914} INFO - Processing file /home/airflow/.local/lib/python3.12/site-packages/airflow/example_dags/example_sla_dag.py for tasks to queue
[2025-03-18T23:03:58.134+0000] {logging_mixin.py:190} INFO - [2025-03-18T23:03:58.129+0000] {dagbag.py:588} INFO - Filling up the DagBag from /home/airflow/.local/lib/python3.12/site-packages/airflow/example_dags/example_sla_dag.py
[2025-03-18T23:03:58.145+0000] {processor.py:925} INFO - DAG(s) 'example_sla_dag' retrieved from /home/airflow/.local/lib/python3.12/site-packages/airflow/example_dags/example_sla_dag.py
[2025-03-18T23:03:58.164+0000] {logging_mixin.py:190} INFO - [2025-03-18T23:03:58.164+0000] {dag.py:3239} INFO - Sync 1 DAGs
[2025-03-18T23:03:58.192+0000] {logging_mixin.py:190} INFO - [2025-03-18T23:03:58.191+0000] {dag.py:4180} INFO - Setting next_dagrun for example_sla_dag to 2025-03-18 23:00:00+00:00, run_after=2025-03-18 23:02:00+00:00
[2025-03-18T23:03:58.214+0000] {processor.py:208} INFO - Processing /home/airflow/.local/lib/python3.12/site-packages/airflow/example_dags/example_sla_dag.py took 0.100 seconds
[2025-03-18T23:04:28.634+0000] {processor.py:186} INFO - Started process (PID=2338) to work on /home/airflow/.local/lib/python3.12/site-packages/airflow/example_dags/example_sla_dag.py
[2025-03-18T23:04:28.641+0000] {processor.py:914} INFO - Processing file /home/airflow/.local/lib/python3.12/site-packages/airflow/example_dags/example_sla_dag.py for tasks to queue
[2025-03-18T23:04:28.644+0000] {logging_mixin.py:190} INFO - [2025-03-18T23:04:28.644+0000] {dagbag.py:588} INFO - Filling up the DagBag from /home/airflow/.local/lib/python3.12/site-packages/airflow/example_dags/example_sla_dag.py
[2025-03-18T23:04:28.656+0000] {processor.py:925} INFO - DAG(s) 'example_sla_dag' retrieved from /home/airflow/.local/lib/python3.12/site-packages/airflow/example_dags/example_sla_dag.py
[2025-03-18T23:04:28.675+0000] {logging_mixin.py:190} INFO - [2025-03-18T23:04:28.675+0000] {dag.py:3239} INFO - Sync 1 DAGs
[2025-03-18T23:04:28.706+0000] {logging_mixin.py:190} INFO - [2025-03-18T23:04:28.706+0000] {dag.py:4180} INFO - Setting next_dagrun for example_sla_dag to 2025-03-18 23:02:00+00:00, run_after=2025-03-18 23:04:00+00:00
[2025-03-18T23:04:28.725+0000] {processor.py:208} INFO - Processing /home/airflow/.local/lib/python3.12/site-packages/airflow/example_dags/example_sla_dag.py took 0.100 seconds
[2025-03-18T23:04:58.839+0000] {processor.py:186} INFO - Started process (PID=2402) to work on /home/airflow/.local/lib/python3.12/site-packages/airflow/example_dags/example_sla_dag.py
[2025-03-18T23:04:58.840+0000] {processor.py:914} INFO - Processing file /home/airflow/.local/lib/python3.12/site-packages/airflow/example_dags/example_sla_dag.py for tasks to queue
[2025-03-18T23:04:58.842+0000] {logging_mixin.py:190} INFO - [2025-03-18T23:04:58.842+0000] {dagbag.py:588} INFO - Filling up the DagBag from /home/airflow/.local/lib/python3.12/site-packages/airflow/example_dags/example_sla_dag.py
[2025-03-18T23:04:58.857+0000] {processor.py:925} INFO - DAG(s) 'example_sla_dag' retrieved from /home/airflow/.local/lib/python3.12/site-packages/airflow/example_dags/example_sla_dag.py
[2025-03-18T23:04:58.877+0000] {logging_mixin.py:190} INFO - [2025-03-18T23:04:58.877+0000] {dag.py:3239} INFO - Sync 1 DAGs
[2025-03-18T23:04:58.909+0000] {logging_mixin.py:190} INFO - [2025-03-18T23:04:58.909+0000] {dag.py:4180} INFO - Setting next_dagrun for example_sla_dag to 2025-03-18 23:02:00+00:00, run_after=2025-03-18 23:04:00+00:00
[2025-03-18T23:04:58.928+0000] {processor.py:208} INFO - Processing /home/airflow/.local/lib/python3.12/site-packages/airflow/example_dags/example_sla_dag.py took 0.096 seconds
[2025-03-18T23:05:29.101+0000] {processor.py:186} INFO - Started process (PID=2463) to work on /home/airflow/.local/lib/python3.12/site-packages/airflow/example_dags/example_sla_dag.py
[2025-03-18T23:05:29.103+0000] {processor.py:914} INFO - Processing file /home/airflow/.local/lib/python3.12/site-packages/airflow/example_dags/example_sla_dag.py for tasks to queue
[2025-03-18T23:05:29.106+0000] {logging_mixin.py:190} INFO - [2025-03-18T23:05:29.105+0000] {dagbag.py:588} INFO - Filling up the DagBag from /home/airflow/.local/lib/python3.12/site-packages/airflow/example_dags/example_sla_dag.py
[2025-03-18T23:05:29.116+0000] {processor.py:925} INFO - DAG(s) 'example_sla_dag' retrieved from /home/airflow/.local/lib/python3.12/site-packages/airflow/example_dags/example_sla_dag.py
[2025-03-18T23:05:29.137+0000] {logging_mixin.py:190} INFO - [2025-03-18T23:05:29.136+0000] {dag.py:3239} INFO - Sync 1 DAGs
[2025-03-18T23:05:29.161+0000] {logging_mixin.py:190} INFO - [2025-03-18T23:05:29.161+0000] {dag.py:4180} INFO - Setting next_dagrun for example_sla_dag to 2025-03-18 23:02:00+00:00, run_after=2025-03-18 23:04:00+00:00
[2025-03-18T23:05:29.179+0000] {processor.py:208} INFO - Processing /home/airflow/.local/lib/python3.12/site-packages/airflow/example_dags/example_sla_dag.py took 0.083 seconds
[2025-03-18T23:06:00.052+0000] {processor.py:186} INFO - Started process (PID=2526) to work on /home/airflow/.local/lib/python3.12/site-packages/airflow/example_dags/example_sla_dag.py
[2025-03-18T23:06:00.053+0000] {processor.py:914} INFO - Processing file /home/airflow/.local/lib/python3.12/site-packages/airflow/example_dags/example_sla_dag.py for tasks to queue
[2025-03-18T23:06:00.058+0000] {logging_mixin.py:190} INFO - [2025-03-18T23:06:00.057+0000] {dagbag.py:588} INFO - Filling up the DagBag from /home/airflow/.local/lib/python3.12/site-packages/airflow/example_dags/example_sla_dag.py
[2025-03-18T23:06:00.068+0000] {processor.py:925} INFO - DAG(s) 'example_sla_dag' retrieved from /home/airflow/.local/lib/python3.12/site-packages/airflow/example_dags/example_sla_dag.py
[2025-03-18T23:06:00.086+0000] {logging_mixin.py:190} INFO - [2025-03-18T23:06:00.086+0000] {dag.py:3239} INFO - Sync 1 DAGs
[2025-03-18T23:06:00.116+0000] {logging_mixin.py:190} INFO - [2025-03-18T23:06:00.115+0000] {dag.py:4180} INFO - Setting next_dagrun for example_sla_dag to 2025-03-18 23:04:00+00:00, run_after=2025-03-18 23:06:00+00:00
[2025-03-18T23:06:00.135+0000] {processor.py:208} INFO - Processing /home/airflow/.local/lib/python3.12/site-packages/airflow/example_dags/example_sla_dag.py took 0.093 seconds
[2025-03-18T23:06:30.521+0000] {processor.py:186} INFO - Started process (PID=2589) to work on /home/airflow/.local/lib/python3.12/site-packages/airflow/example_dags/example_sla_dag.py
[2025-03-18T23:06:30.522+0000] {processor.py:914} INFO - Processing file /home/airflow/.local/lib/python3.12/site-packages/airflow/example_dags/example_sla_dag.py for tasks to queue
[2025-03-18T23:06:30.525+0000] {logging_mixin.py:190} INFO - [2025-03-18T23:06:30.525+0000] {dagbag.py:588} INFO - Filling up the DagBag from /home/airflow/.local/lib/python3.12/site-packages/airflow/example_dags/example_sla_dag.py
[2025-03-18T23:06:30.536+0000] {processor.py:925} INFO - DAG(s) 'example_sla_dag' retrieved from /home/airflow/.local/lib/python3.12/site-packages/airflow/example_dags/example_sla_dag.py
[2025-03-18T23:06:30.557+0000] {logging_mixin.py:190} INFO - [2025-03-18T23:06:30.556+0000] {dag.py:3239} INFO - Sync 1 DAGs
[2025-03-18T23:06:30.584+0000] {logging_mixin.py:190} INFO - [2025-03-18T23:06:30.584+0000] {dag.py:4180} INFO - Setting next_dagrun for example_sla_dag to 2025-03-18 23:04:00+00:00, run_after=2025-03-18 23:06:00+00:00
[2025-03-18T23:06:30.603+0000] {processor.py:208} INFO - Processing /home/airflow/.local/lib/python3.12/site-packages/airflow/example_dags/example_sla_dag.py took 0.088 seconds
[2025-03-18T23:07:00.940+0000] {processor.py:186} INFO - Started process (PID=2652) to work on /home/airflow/.local/lib/python3.12/site-packages/airflow/example_dags/example_sla_dag.py
[2025-03-18T23:07:00.941+0000] {processor.py:914} INFO - Processing file /home/airflow/.local/lib/python3.12/site-packages/airflow/example_dags/example_sla_dag.py for tasks to queue
[2025-03-18T23:07:00.944+0000] {logging_mixin.py:190} INFO - [2025-03-18T23:07:00.944+0000] {dagbag.py:588} INFO - Filling up the DagBag from /home/airflow/.local/lib/python3.12/site-packages/airflow/example_dags/example_sla_dag.py
[2025-03-18T23:07:00.955+0000] {processor.py:925} INFO - DAG(s) 'example_sla_dag' retrieved from /home/airflow/.local/lib/python3.12/site-packages/airflow/example_dags/example_sla_dag.py
[2025-03-18T23:07:00.974+0000] {logging_mixin.py:190} INFO - [2025-03-18T23:07:00.974+0000] {dag.py:3239} INFO - Sync 1 DAGs
[2025-03-18T23:07:01.010+0000] {logging_mixin.py:190} INFO - [2025-03-18T23:07:01.010+0000] {dag.py:4180} INFO - Setting next_dagrun for example_sla_dag to 2025-03-18 23:04:00+00:00, run_after=2025-03-18 23:06:00+00:00
[2025-03-18T23:07:01.034+0000] {processor.py:208} INFO - Processing /home/airflow/.local/lib/python3.12/site-packages/airflow/example_dags/example_sla_dag.py took 0.101 seconds
[2025-03-18T23:07:31.979+0000] {processor.py:186} INFO - Started process (PID=2715) to work on /home/airflow/.local/lib/python3.12/site-packages/airflow/example_dags/example_sla_dag.py
[2025-03-18T23:07:31.980+0000] {processor.py:914} INFO - Processing file /home/airflow/.local/lib/python3.12/site-packages/airflow/example_dags/example_sla_dag.py for tasks to queue
[2025-03-18T23:07:31.984+0000] {logging_mixin.py:190} INFO - [2025-03-18T23:07:31.983+0000] {dagbag.py:588} INFO - Filling up the DagBag from /home/airflow/.local/lib/python3.12/site-packages/airflow/example_dags/example_sla_dag.py
[2025-03-18T23:07:31.995+0000] {processor.py:925} INFO - DAG(s) 'example_sla_dag' retrieved from /home/airflow/.local/lib/python3.12/site-packages/airflow/example_dags/example_sla_dag.py
[2025-03-18T23:07:32.019+0000] {logging_mixin.py:190} INFO - [2025-03-18T23:07:32.019+0000] {dag.py:3239} INFO - Sync 1 DAGs
[2025-03-18T23:07:32.049+0000] {logging_mixin.py:190} INFO - [2025-03-18T23:07:32.049+0000] {dag.py:4180} INFO - Setting next_dagrun for example_sla_dag to 2025-03-18 23:04:00+00:00, run_after=2025-03-18 23:06:00+00:00
[2025-03-18T23:07:32.071+0000] {processor.py:208} INFO - Processing /home/airflow/.local/lib/python3.12/site-packages/airflow/example_dags/example_sla_dag.py took 0.098 seconds
[2025-03-18T23:08:02.177+0000] {processor.py:186} INFO - Started process (PID=2777) to work on /home/airflow/.local/lib/python3.12/site-packages/airflow/example_dags/example_sla_dag.py
[2025-03-18T23:08:02.177+0000] {processor.py:914} INFO - Processing file /home/airflow/.local/lib/python3.12/site-packages/airflow/example_dags/example_sla_dag.py for tasks to queue
[2025-03-18T23:08:02.180+0000] {logging_mixin.py:190} INFO - [2025-03-18T23:08:02.180+0000] {dagbag.py:588} INFO - Filling up the DagBag from /home/airflow/.local/lib/python3.12/site-packages/airflow/example_dags/example_sla_dag.py
[2025-03-18T23:08:02.190+0000] {processor.py:925} INFO - DAG(s) 'example_sla_dag' retrieved from /home/airflow/.local/lib/python3.12/site-packages/airflow/example_dags/example_sla_dag.py
[2025-03-18T23:08:02.217+0000] {logging_mixin.py:190} INFO - [2025-03-18T23:08:02.216+0000] {dag.py:3239} INFO - Sync 1 DAGs
[2025-03-18T23:08:02.242+0000] {logging_mixin.py:190} INFO - [2025-03-18T23:08:02.242+0000] {dag.py:4180} INFO - Setting next_dagrun for example_sla_dag to 2025-03-18 23:06:00+00:00, run_after=2025-03-18 23:08:00+00:00
[2025-03-18T23:08:02.260+0000] {processor.py:208} INFO - Processing /home/airflow/.local/lib/python3.12/site-packages/airflow/example_dags/example_sla_dag.py took 0.090 seconds
[2025-03-18T23:08:32.569+0000] {processor.py:186} INFO - Started process (PID=2834) to work on /home/airflow/.local/lib/python3.12/site-packages/airflow/example_dags/example_sla_dag.py
[2025-03-18T23:08:32.572+0000] {processor.py:914} INFO - Processing file /home/airflow/.local/lib/python3.12/site-packages/airflow/example_dags/example_sla_dag.py for tasks to queue
[2025-03-18T23:08:32.576+0000] {logging_mixin.py:190} INFO - [2025-03-18T23:08:32.575+0000] {dagbag.py:588} INFO - Filling up the DagBag from /home/airflow/.local/lib/python3.12/site-packages/airflow/example_dags/example_sla_dag.py
[2025-03-18T23:08:32.587+0000] {processor.py:925} INFO - DAG(s) 'example_sla_dag' retrieved from /home/airflow/.local/lib/python3.12/site-packages/airflow/example_dags/example_sla_dag.py
[2025-03-18T23:08:32.610+0000] {logging_mixin.py:190} INFO - [2025-03-18T23:08:32.610+0000] {dag.py:3239} INFO - Sync 1 DAGs
[2025-03-18T23:08:32.644+0000] {logging_mixin.py:190} INFO - [2025-03-18T23:08:32.644+0000] {dag.py:4180} INFO - Setting next_dagrun for example_sla_dag to 2025-03-18 23:06:00+00:00, run_after=2025-03-18 23:08:00+00:00
[2025-03-18T23:08:32.663+0000] {processor.py:208} INFO - Processing /home/airflow/.local/lib/python3.12/site-packages/airflow/example_dags/example_sla_dag.py took 0.103 seconds
[2025-03-18T23:09:04.732+0000] {processor.py:186} INFO - Started process (PID=2898) to work on /home/airflow/.local/lib/python3.12/site-packages/airflow/example_dags/example_sla_dag.py
[2025-03-18T23:09:04.733+0000] {processor.py:914} INFO - Processing file /home/airflow/.local/lib/python3.12/site-packages/airflow/example_dags/example_sla_dag.py for tasks to queue
[2025-03-18T23:09:04.740+0000] {logging_mixin.py:190} INFO - [2025-03-18T23:09:04.740+0000] {dagbag.py:588} INFO - Filling up the DagBag from /home/airflow/.local/lib/python3.12/site-packages/airflow/example_dags/example_sla_dag.py
[2025-03-18T23:09:04.755+0000] {processor.py:925} INFO - DAG(s) 'example_sla_dag' retrieved from /home/airflow/.local/lib/python3.12/site-packages/airflow/example_dags/example_sla_dag.py
[2025-03-18T23:09:04.775+0000] {logging_mixin.py:190} INFO - [2025-03-18T23:09:04.775+0000] {dag.py:3239} INFO - Sync 1 DAGs
[2025-03-18T23:09:04.804+0000] {logging_mixin.py:190} INFO - [2025-03-18T23:09:04.804+0000] {dag.py:4180} INFO - Setting next_dagrun for example_sla_dag to 2025-03-18 23:06:00+00:00, run_after=2025-03-18 23:08:00+00:00
[2025-03-18T23:09:04.823+0000] {processor.py:208} INFO - Processing /home/airflow/.local/lib/python3.12/site-packages/airflow/example_dags/example_sla_dag.py took 0.098 seconds
[2025-03-18T23:09:37.922+0000] {processor.py:186} INFO - Started process (PID=2961) to work on /home/airflow/.local/lib/python3.12/site-packages/airflow/example_dags/example_sla_dag.py
[2025-03-18T23:09:37.923+0000] {processor.py:914} INFO - Processing file /home/airflow/.local/lib/python3.12/site-packages/airflow/example_dags/example_sla_dag.py for tasks to queue
[2025-03-18T23:09:37.934+0000] {logging_mixin.py:190} INFO - [2025-03-18T23:09:37.931+0000] {dagbag.py:588} INFO - Filling up the DagBag from /home/airflow/.local/lib/python3.12/site-packages/airflow/example_dags/example_sla_dag.py
[2025-03-18T23:09:37.947+0000] {processor.py:925} INFO - DAG(s) 'example_sla_dag' retrieved from /home/airflow/.local/lib/python3.12/site-packages/airflow/example_dags/example_sla_dag.py
[2025-03-18T23:09:37.968+0000] {logging_mixin.py:190} INFO - [2025-03-18T23:09:37.968+0000] {dag.py:3239} INFO - Sync 1 DAGs
[2025-03-18T23:09:37.994+0000] {logging_mixin.py:190} INFO - [2025-03-18T23:09:37.994+0000] {dag.py:4180} INFO - Setting next_dagrun for example_sla_dag to 2025-03-18 23:06:00+00:00, run_after=2025-03-18 23:08:00+00:00
[2025-03-18T23:09:38.013+0000] {processor.py:208} INFO - Processing /home/airflow/.local/lib/python3.12/site-packages/airflow/example_dags/example_sla_dag.py took 0.099 seconds
[2025-03-18T23:10:09.190+0000] {processor.py:186} INFO - Started process (PID=3030) to work on /home/airflow/.local/lib/python3.12/site-packages/airflow/example_dags/example_sla_dag.py
[2025-03-18T23:10:09.191+0000] {processor.py:914} INFO - Processing file /home/airflow/.local/lib/python3.12/site-packages/airflow/example_dags/example_sla_dag.py for tasks to queue
[2025-03-18T23:10:09.193+0000] {logging_mixin.py:190} INFO - [2025-03-18T23:10:09.193+0000] {dagbag.py:588} INFO - Filling up the DagBag from /home/airflow/.local/lib/python3.12/site-packages/airflow/example_dags/example_sla_dag.py
[2025-03-18T23:10:09.210+0000] {processor.py:925} INFO - DAG(s) 'example_sla_dag' retrieved from /home/airflow/.local/lib/python3.12/site-packages/airflow/example_dags/example_sla_dag.py
[2025-03-18T23:10:09.232+0000] {logging_mixin.py:190} INFO - [2025-03-18T23:10:09.232+0000] {dag.py:3239} INFO - Sync 1 DAGs
[2025-03-18T23:10:09.259+0000] {logging_mixin.py:190} INFO - [2025-03-18T23:10:09.258+0000] {dag.py:4180} INFO - Setting next_dagrun for example_sla_dag to 2025-03-18 23:08:00+00:00, run_after=2025-03-18 23:10:00+00:00
[2025-03-18T23:10:09.283+0000] {processor.py:208} INFO - Processing /home/airflow/.local/lib/python3.12/site-packages/airflow/example_dags/example_sla_dag.py took 0.100 seconds
[2025-03-18T23:10:40.203+0000] {processor.py:186} INFO - Started process (PID=3087) to work on /home/airflow/.local/lib/python3.12/site-packages/airflow/example_dags/example_sla_dag.py
[2025-03-18T23:10:40.213+0000] {processor.py:914} INFO - Processing file /home/airflow/.local/lib/python3.12/site-packages/airflow/example_dags/example_sla_dag.py for tasks to queue
[2025-03-18T23:10:40.215+0000] {logging_mixin.py:190} INFO - [2025-03-18T23:10:40.215+0000] {dagbag.py:588} INFO - Filling up the DagBag from /home/airflow/.local/lib/python3.12/site-packages/airflow/example_dags/example_sla_dag.py
[2025-03-18T23:10:40.243+0000] {processor.py:925} INFO - DAG(s) 'example_sla_dag' retrieved from /home/airflow/.local/lib/python3.12/site-packages/airflow/example_dags/example_sla_dag.py
[2025-03-18T23:10:40.272+0000] {logging_mixin.py:190} INFO - [2025-03-18T23:10:40.271+0000] {dag.py:3239} INFO - Sync 1 DAGs
[2025-03-18T23:10:40.329+0000] {logging_mixin.py:190} INFO - [2025-03-18T23:10:40.329+0000] {dag.py:4180} INFO - Setting next_dagrun for example_sla_dag to 2025-03-18 23:08:00+00:00, run_after=2025-03-18 23:10:00+00:00
[2025-03-18T23:10:40.373+0000] {processor.py:208} INFO - Processing /home/airflow/.local/lib/python3.12/site-packages/airflow/example_dags/example_sla_dag.py took 0.187 seconds
[2025-03-18T23:11:11.013+0000] {processor.py:186} INFO - Started process (PID=3150) to work on /home/airflow/.local/lib/python3.12/site-packages/airflow/example_dags/example_sla_dag.py
[2025-03-18T23:11:11.014+0000] {processor.py:914} INFO - Processing file /home/airflow/.local/lib/python3.12/site-packages/airflow/example_dags/example_sla_dag.py for tasks to queue
[2025-03-18T23:11:11.017+0000] {logging_mixin.py:190} INFO - [2025-03-18T23:11:11.017+0000] {dagbag.py:588} INFO - Filling up the DagBag from /home/airflow/.local/lib/python3.12/site-packages/airflow/example_dags/example_sla_dag.py
[2025-03-18T23:11:11.032+0000] {processor.py:925} INFO - DAG(s) 'example_sla_dag' retrieved from /home/airflow/.local/lib/python3.12/site-packages/airflow/example_dags/example_sla_dag.py
[2025-03-18T23:11:11.053+0000] {logging_mixin.py:190} INFO - [2025-03-18T23:11:11.052+0000] {dag.py:3239} INFO - Sync 1 DAGs
[2025-03-18T23:11:11.079+0000] {logging_mixin.py:190} INFO - [2025-03-18T23:11:11.079+0000] {dag.py:4180} INFO - Setting next_dagrun for example_sla_dag to 2025-03-18 23:08:00+00:00, run_after=2025-03-18 23:10:00+00:00
[2025-03-18T23:11:11.105+0000] {processor.py:208} INFO - Processing /home/airflow/.local/lib/python3.12/site-packages/airflow/example_dags/example_sla_dag.py took 0.099 seconds
[2025-03-18T23:11:41.519+0000] {processor.py:186} INFO - Started process (PID=3212) to work on /home/airflow/.local/lib/python3.12/site-packages/airflow/example_dags/example_sla_dag.py
[2025-03-18T23:11:41.520+0000] {processor.py:914} INFO - Processing file /home/airflow/.local/lib/python3.12/site-packages/airflow/example_dags/example_sla_dag.py for tasks to queue
[2025-03-18T23:11:41.522+0000] {logging_mixin.py:190} INFO - [2025-03-18T23:11:41.522+0000] {dagbag.py:588} INFO - Filling up the DagBag from /home/airflow/.local/lib/python3.12/site-packages/airflow/example_dags/example_sla_dag.py
[2025-03-18T23:11:41.532+0000] {processor.py:925} INFO - DAG(s) 'example_sla_dag' retrieved from /home/airflow/.local/lib/python3.12/site-packages/airflow/example_dags/example_sla_dag.py
[2025-03-18T23:11:41.551+0000] {logging_mixin.py:190} INFO - [2025-03-18T23:11:41.551+0000] {dag.py:3239} INFO - Sync 1 DAGs
[2025-03-18T23:11:41.576+0000] {logging_mixin.py:190} INFO - [2025-03-18T23:11:41.576+0000] {dag.py:4180} INFO - Setting next_dagrun for example_sla_dag to 2025-03-18 23:08:00+00:00, run_after=2025-03-18 23:10:00+00:00
[2025-03-18T23:11:41.596+0000] {processor.py:208} INFO - Processing /home/airflow/.local/lib/python3.12/site-packages/airflow/example_dags/example_sla_dag.py took 0.083 seconds
[2025-03-18T23:12:12.020+0000] {processor.py:186} INFO - Started process (PID=3276) to work on /home/airflow/.local/lib/python3.12/site-packages/airflow/example_dags/example_sla_dag.py
[2025-03-18T23:12:12.021+0000] {processor.py:914} INFO - Processing file /home/airflow/.local/lib/python3.12/site-packages/airflow/example_dags/example_sla_dag.py for tasks to queue
[2025-03-18T23:12:12.024+0000] {logging_mixin.py:190} INFO - [2025-03-18T23:12:12.023+0000] {dagbag.py:588} INFO - Filling up the DagBag from /home/airflow/.local/lib/python3.12/site-packages/airflow/example_dags/example_sla_dag.py
[2025-03-18T23:12:12.034+0000] {processor.py:925} INFO - DAG(s) 'example_sla_dag' retrieved from /home/airflow/.local/lib/python3.12/site-packages/airflow/example_dags/example_sla_dag.py
[2025-03-18T23:12:12.056+0000] {logging_mixin.py:190} INFO - [2025-03-18T23:12:12.056+0000] {dag.py:3239} INFO - Sync 1 DAGs
[2025-03-18T23:12:12.095+0000] {logging_mixin.py:190} INFO - [2025-03-18T23:12:12.095+0000] {dag.py:4180} INFO - Setting next_dagrun for example_sla_dag to 2025-03-18 23:10:00+00:00, run_after=2025-03-18 23:12:00+00:00
[2025-03-18T23:12:12.127+0000] {processor.py:208} INFO - Processing /home/airflow/.local/lib/python3.12/site-packages/airflow/example_dags/example_sla_dag.py took 0.113 seconds
[2025-03-18T23:12:42.554+0000] {processor.py:186} INFO - Started process (PID=3339) to work on /home/airflow/.local/lib/python3.12/site-packages/airflow/example_dags/example_sla_dag.py
[2025-03-18T23:12:42.555+0000] {processor.py:914} INFO - Processing file /home/airflow/.local/lib/python3.12/site-packages/airflow/example_dags/example_sla_dag.py for tasks to queue
[2025-03-18T23:12:42.558+0000] {logging_mixin.py:190} INFO - [2025-03-18T23:12:42.558+0000] {dagbag.py:588} INFO - Filling up the DagBag from /home/airflow/.local/lib/python3.12/site-packages/airflow/example_dags/example_sla_dag.py
[2025-03-18T23:12:42.569+0000] {processor.py:925} INFO - DAG(s) 'example_sla_dag' retrieved from /home/airflow/.local/lib/python3.12/site-packages/airflow/example_dags/example_sla_dag.py
[2025-03-18T23:12:42.596+0000] {logging_mixin.py:190} INFO - [2025-03-18T23:12:42.595+0000] {dag.py:3239} INFO - Sync 1 DAGs
[2025-03-18T23:12:42.624+0000] {logging_mixin.py:190} INFO - [2025-03-18T23:12:42.624+0000] {dag.py:4180} INFO - Setting next_dagrun for example_sla_dag to 2025-03-18 23:10:00+00:00, run_after=2025-03-18 23:12:00+00:00
[2025-03-18T23:12:42.644+0000] {processor.py:208} INFO - Processing /home/airflow/.local/lib/python3.12/site-packages/airflow/example_dags/example_sla_dag.py took 0.096 seconds
[2025-03-18T23:13:12.903+0000] {processor.py:186} INFO - Started process (PID=3402) to work on /home/airflow/.local/lib/python3.12/site-packages/airflow/example_dags/example_sla_dag.py
[2025-03-18T23:13:12.904+0000] {processor.py:914} INFO - Processing file /home/airflow/.local/lib/python3.12/site-packages/airflow/example_dags/example_sla_dag.py for tasks to queue
[2025-03-18T23:13:12.908+0000] {logging_mixin.py:190} INFO - [2025-03-18T23:13:12.907+0000] {dagbag.py:588} INFO - Filling up the DagBag from /home/airflow/.local/lib/python3.12/site-packages/airflow/example_dags/example_sla_dag.py
[2025-03-18T23:13:12.921+0000] {processor.py:925} INFO - DAG(s) 'example_sla_dag' retrieved from /home/airflow/.local/lib/python3.12/site-packages/airflow/example_dags/example_sla_dag.py
[2025-03-18T23:13:12.944+0000] {logging_mixin.py:190} INFO - [2025-03-18T23:13:12.944+0000] {dag.py:3239} INFO - Sync 1 DAGs
[2025-03-18T23:13:12.979+0000] {logging_mixin.py:190} INFO - [2025-03-18T23:13:12.979+0000] {dag.py:4180} INFO - Setting next_dagrun for example_sla_dag to 2025-03-18 23:10:00+00:00, run_after=2025-03-18 23:12:00+00:00
[2025-03-18T23:13:13.003+0000] {processor.py:208} INFO - Processing /home/airflow/.local/lib/python3.12/site-packages/airflow/example_dags/example_sla_dag.py took 0.109 seconds
[2025-03-18T23:13:43.280+0000] {processor.py:186} INFO - Started process (PID=3464) to work on /home/airflow/.local/lib/python3.12/site-packages/airflow/example_dags/example_sla_dag.py
[2025-03-18T23:13:43.285+0000] {processor.py:914} INFO - Processing file /home/airflow/.local/lib/python3.12/site-packages/airflow/example_dags/example_sla_dag.py for tasks to queue
[2025-03-18T23:13:43.288+0000] {logging_mixin.py:190} INFO - [2025-03-18T23:13:43.287+0000] {dagbag.py:588} INFO - Filling up the DagBag from /home/airflow/.local/lib/python3.12/site-packages/airflow/example_dags/example_sla_dag.py
[2025-03-18T23:13:43.299+0000] {processor.py:925} INFO - DAG(s) 'example_sla_dag' retrieved from /home/airflow/.local/lib/python3.12/site-packages/airflow/example_dags/example_sla_dag.py
[2025-03-18T23:13:43.320+0000] {logging_mixin.py:190} INFO - [2025-03-18T23:13:43.319+0000] {dag.py:3239} INFO - Sync 1 DAGs
[2025-03-18T23:13:43.354+0000] {logging_mixin.py:190} INFO - [2025-03-18T23:13:43.354+0000] {dag.py:4180} INFO - Setting next_dagrun for example_sla_dag to 2025-03-18 23:10:00+00:00, run_after=2025-03-18 23:12:00+00:00
[2025-03-18T23:13:43.377+0000] {processor.py:208} INFO - Processing /home/airflow/.local/lib/python3.12/site-packages/airflow/example_dags/example_sla_dag.py took 0.103 seconds
[2025-03-18T23:14:18.776+0000] {processor.py:186} INFO - Started process (PID=3528) to work on /home/airflow/.local/lib/python3.12/site-packages/airflow/example_dags/example_sla_dag.py
[2025-03-18T23:14:18.777+0000] {processor.py:914} INFO - Processing file /home/airflow/.local/lib/python3.12/site-packages/airflow/example_dags/example_sla_dag.py for tasks to queue
[2025-03-18T23:14:18.780+0000] {logging_mixin.py:190} INFO - [2025-03-18T23:14:18.779+0000] {dagbag.py:588} INFO - Filling up the DagBag from /home/airflow/.local/lib/python3.12/site-packages/airflow/example_dags/example_sla_dag.py
[2025-03-18T23:14:18.790+0000] {processor.py:925} INFO - DAG(s) 'example_sla_dag' retrieved from /home/airflow/.local/lib/python3.12/site-packages/airflow/example_dags/example_sla_dag.py
[2025-03-18T23:14:18.809+0000] {logging_mixin.py:190} INFO - [2025-03-18T23:14:18.809+0000] {dag.py:3239} INFO - Sync 1 DAGs
[2025-03-18T23:14:18.836+0000] {logging_mixin.py:190} INFO - [2025-03-18T23:14:18.836+0000] {dag.py:4180} INFO - Setting next_dagrun for example_sla_dag to 2025-03-18 23:12:00+00:00, run_after=2025-03-18 23:14:00+00:00
[2025-03-18T23:14:18.856+0000] {processor.py:208} INFO - Processing /home/airflow/.local/lib/python3.12/site-packages/airflow/example_dags/example_sla_dag.py took 0.086 seconds
[2025-03-18T23:14:52.650+0000] {processor.py:186} INFO - Started process (PID=3589) to work on /home/airflow/.local/lib/python3.12/site-packages/airflow/example_dags/example_sla_dag.py
[2025-03-18T23:14:52.652+0000] {processor.py:914} INFO - Processing file /home/airflow/.local/lib/python3.12/site-packages/airflow/example_dags/example_sla_dag.py for tasks to queue
[2025-03-18T23:14:52.656+0000] {logging_mixin.py:190} INFO - [2025-03-18T23:14:52.655+0000] {dagbag.py:588} INFO - Filling up the DagBag from /home/airflow/.local/lib/python3.12/site-packages/airflow/example_dags/example_sla_dag.py
[2025-03-18T23:14:52.684+0000] {processor.py:925} INFO - DAG(s) 'example_sla_dag' retrieved from /home/airflow/.local/lib/python3.12/site-packages/airflow/example_dags/example_sla_dag.py
[2025-03-18T23:14:52.736+0000] {logging_mixin.py:190} INFO - [2025-03-18T23:14:52.735+0000] {dag.py:3239} INFO - Sync 1 DAGs
[2025-03-18T23:14:52.802+0000] {logging_mixin.py:190} INFO - [2025-03-18T23:14:52.802+0000] {dag.py:4180} INFO - Setting next_dagrun for example_sla_dag to 2025-03-18 23:12:00+00:00, run_after=2025-03-18 23:14:00+00:00
[2025-03-18T23:14:52.852+0000] {processor.py:208} INFO - Processing /home/airflow/.local/lib/python3.12/site-packages/airflow/example_dags/example_sla_dag.py took 0.228 seconds
[2025-03-18T23:15:23.186+0000] {processor.py:186} INFO - Started process (PID=3651) to work on /home/airflow/.local/lib/python3.12/site-packages/airflow/example_dags/example_sla_dag.py
[2025-03-18T23:15:23.188+0000] {processor.py:914} INFO - Processing file /home/airflow/.local/lib/python3.12/site-packages/airflow/example_dags/example_sla_dag.py for tasks to queue
[2025-03-18T23:15:23.190+0000] {logging_mixin.py:190} INFO - [2025-03-18T23:15:23.190+0000] {dagbag.py:588} INFO - Filling up the DagBag from /home/airflow/.local/lib/python3.12/site-packages/airflow/example_dags/example_sla_dag.py
[2025-03-18T23:15:23.202+0000] {processor.py:925} INFO - DAG(s) 'example_sla_dag' retrieved from /home/airflow/.local/lib/python3.12/site-packages/airflow/example_dags/example_sla_dag.py
[2025-03-18T23:15:23.226+0000] {logging_mixin.py:190} INFO - [2025-03-18T23:15:23.226+0000] {dag.py:3239} INFO - Sync 1 DAGs
[2025-03-18T23:15:23.260+0000] {logging_mixin.py:190} INFO - [2025-03-18T23:15:23.260+0000] {dag.py:4180} INFO - Setting next_dagrun for example_sla_dag to 2025-03-18 23:12:00+00:00, run_after=2025-03-18 23:14:00+00:00
[2025-03-18T23:15:23.284+0000] {processor.py:208} INFO - Processing /home/airflow/.local/lib/python3.12/site-packages/airflow/example_dags/example_sla_dag.py took 0.104 seconds
[2025-03-18T23:15:54.151+0000] {processor.py:186} INFO - Started process (PID=3714) to work on /home/airflow/.local/lib/python3.12/site-packages/airflow/example_dags/example_sla_dag.py
[2025-03-18T23:15:54.152+0000] {processor.py:914} INFO - Processing file /home/airflow/.local/lib/python3.12/site-packages/airflow/example_dags/example_sla_dag.py for tasks to queue
[2025-03-18T23:15:54.155+0000] {logging_mixin.py:190} INFO - [2025-03-18T23:15:54.154+0000] {dagbag.py:588} INFO - Filling up the DagBag from /home/airflow/.local/lib/python3.12/site-packages/airflow/example_dags/example_sla_dag.py
[2025-03-18T23:15:54.166+0000] {processor.py:925} INFO - DAG(s) 'example_sla_dag' retrieved from /home/airflow/.local/lib/python3.12/site-packages/airflow/example_dags/example_sla_dag.py
[2025-03-18T23:15:54.186+0000] {logging_mixin.py:190} INFO - [2025-03-18T23:15:54.185+0000] {dag.py:3239} INFO - Sync 1 DAGs
[2025-03-18T23:15:54.220+0000] {logging_mixin.py:190} INFO - [2025-03-18T23:15:54.214+0000] {dag.py:4180} INFO - Setting next_dagrun for example_sla_dag to 2025-03-18 23:12:00+00:00, run_after=2025-03-18 23:14:00+00:00
[2025-03-18T23:15:54.241+0000] {processor.py:208} INFO - Processing /home/airflow/.local/lib/python3.12/site-packages/airflow/example_dags/example_sla_dag.py took 0.103 seconds
[2025-03-18T23:16:24.913+0000] {processor.py:186} INFO - Started process (PID=3776) to work on /home/airflow/.local/lib/python3.12/site-packages/airflow/example_dags/example_sla_dag.py
[2025-03-18T23:16:24.920+0000] {processor.py:914} INFO - Processing file /home/airflow/.local/lib/python3.12/site-packages/airflow/example_dags/example_sla_dag.py for tasks to queue
[2025-03-18T23:16:24.923+0000] {logging_mixin.py:190} INFO - [2025-03-18T23:16:24.922+0000] {dagbag.py:588} INFO - Filling up the DagBag from /home/airflow/.local/lib/python3.12/site-packages/airflow/example_dags/example_sla_dag.py
[2025-03-18T23:16:24.933+0000] {processor.py:925} INFO - DAG(s) 'example_sla_dag' retrieved from /home/airflow/.local/lib/python3.12/site-packages/airflow/example_dags/example_sla_dag.py
[2025-03-18T23:16:24.952+0000] {logging_mixin.py:190} INFO - [2025-03-18T23:16:24.952+0000] {dag.py:3239} INFO - Sync 1 DAGs
[2025-03-18T23:16:24.978+0000] {logging_mixin.py:190} INFO - [2025-03-18T23:16:24.978+0000] {dag.py:4180} INFO - Setting next_dagrun for example_sla_dag to 2025-03-18 23:14:00+00:00, run_after=2025-03-18 23:16:00+00:00
[2025-03-18T23:16:25.008+0000] {processor.py:208} INFO - Processing /home/airflow/.local/lib/python3.12/site-packages/airflow/example_dags/example_sla_dag.py took 0.108 seconds
[2025-03-18T23:16:55.203+0000] {processor.py:186} INFO - Started process (PID=3838) to work on /home/airflow/.local/lib/python3.12/site-packages/airflow/example_dags/example_sla_dag.py
[2025-03-18T23:16:55.204+0000] {processor.py:914} INFO - Processing file /home/airflow/.local/lib/python3.12/site-packages/airflow/example_dags/example_sla_dag.py for tasks to queue
[2025-03-18T23:16:55.206+0000] {logging_mixin.py:190} INFO - [2025-03-18T23:16:55.206+0000] {dagbag.py:588} INFO - Filling up the DagBag from /home/airflow/.local/lib/python3.12/site-packages/airflow/example_dags/example_sla_dag.py
[2025-03-18T23:16:55.218+0000] {processor.py:925} INFO - DAG(s) 'example_sla_dag' retrieved from /home/airflow/.local/lib/python3.12/site-packages/airflow/example_dags/example_sla_dag.py
[2025-03-18T23:16:55.237+0000] {logging_mixin.py:190} INFO - [2025-03-18T23:16:55.237+0000] {dag.py:3239} INFO - Sync 1 DAGs
[2025-03-18T23:16:55.270+0000] {logging_mixin.py:190} INFO - [2025-03-18T23:16:55.269+0000] {dag.py:4180} INFO - Setting next_dagrun for example_sla_dag to 2025-03-18 23:14:00+00:00, run_after=2025-03-18 23:16:00+00:00
[2025-03-18T23:16:55.388+0000] {processor.py:208} INFO - Processing /home/airflow/.local/lib/python3.12/site-packages/airflow/example_dags/example_sla_dag.py took 0.191 seconds
[2025-03-18T23:17:25.914+0000] {processor.py:186} INFO - Started process (PID=3901) to work on /home/airflow/.local/lib/python3.12/site-packages/airflow/example_dags/example_sla_dag.py
[2025-03-18T23:17:25.915+0000] {processor.py:914} INFO - Processing file /home/airflow/.local/lib/python3.12/site-packages/airflow/example_dags/example_sla_dag.py for tasks to queue
[2025-03-18T23:17:25.918+0000] {logging_mixin.py:190} INFO - [2025-03-18T23:17:25.917+0000] {dagbag.py:588} INFO - Filling up the DagBag from /home/airflow/.local/lib/python3.12/site-packages/airflow/example_dags/example_sla_dag.py
[2025-03-18T23:17:25.928+0000] {processor.py:925} INFO - DAG(s) 'example_sla_dag' retrieved from /home/airflow/.local/lib/python3.12/site-packages/airflow/example_dags/example_sla_dag.py
[2025-03-18T23:17:25.950+0000] {logging_mixin.py:190} INFO - [2025-03-18T23:17:25.950+0000] {dag.py:3239} INFO - Sync 1 DAGs
[2025-03-18T23:17:25.981+0000] {logging_mixin.py:190} INFO - [2025-03-18T23:17:25.980+0000] {dag.py:4180} INFO - Setting next_dagrun for example_sla_dag to 2025-03-18 23:14:00+00:00, run_after=2025-03-18 23:16:00+00:00
[2025-03-18T23:17:26.028+0000] {processor.py:208} INFO - Processing /home/airflow/.local/lib/python3.12/site-packages/airflow/example_dags/example_sla_dag.py took 0.122 seconds
[2025-03-18T23:17:56.858+0000] {processor.py:186} INFO - Started process (PID=3963) to work on /home/airflow/.local/lib/python3.12/site-packages/airflow/example_dags/example_sla_dag.py
[2025-03-18T23:17:56.859+0000] {processor.py:914} INFO - Processing file /home/airflow/.local/lib/python3.12/site-packages/airflow/example_dags/example_sla_dag.py for tasks to queue
[2025-03-18T23:17:56.864+0000] {logging_mixin.py:190} INFO - [2025-03-18T23:17:56.862+0000] {dagbag.py:588} INFO - Filling up the DagBag from /home/airflow/.local/lib/python3.12/site-packages/airflow/example_dags/example_sla_dag.py
[2025-03-18T23:17:56.878+0000] {processor.py:925} INFO - DAG(s) 'example_sla_dag' retrieved from /home/airflow/.local/lib/python3.12/site-packages/airflow/example_dags/example_sla_dag.py
[2025-03-18T23:17:56.902+0000] {logging_mixin.py:190} INFO - [2025-03-18T23:17:56.901+0000] {dag.py:3239} INFO - Sync 1 DAGs
[2025-03-18T23:17:56.927+0000] {logging_mixin.py:190} INFO - [2025-03-18T23:17:56.927+0000] {dag.py:4180} INFO - Setting next_dagrun for example_sla_dag to 2025-03-18 23:14:00+00:00, run_after=2025-03-18 23:16:00+00:00
[2025-03-18T23:17:56.970+0000] {processor.py:208} INFO - Processing /home/airflow/.local/lib/python3.12/site-packages/airflow/example_dags/example_sla_dag.py took 0.121 seconds
[2025-03-18T23:18:27.112+0000] {processor.py:186} INFO - Started process (PID=4026) to work on /home/airflow/.local/lib/python3.12/site-packages/airflow/example_dags/example_sla_dag.py
[2025-03-18T23:18:27.124+0000] {processor.py:914} INFO - Processing file /home/airflow/.local/lib/python3.12/site-packages/airflow/example_dags/example_sla_dag.py for tasks to queue
[2025-03-18T23:18:27.127+0000] {logging_mixin.py:190} INFO - [2025-03-18T23:18:27.127+0000] {dagbag.py:588} INFO - Filling up the DagBag from /home/airflow/.local/lib/python3.12/site-packages/airflow/example_dags/example_sla_dag.py
[2025-03-18T23:18:27.162+0000] {processor.py:925} INFO - DAG(s) 'example_sla_dag' retrieved from /home/airflow/.local/lib/python3.12/site-packages/airflow/example_dags/example_sla_dag.py
[2025-03-18T23:18:27.258+0000] {logging_mixin.py:190} INFO - [2025-03-18T23:18:27.257+0000] {dag.py:3239} INFO - Sync 1 DAGs
[2025-03-18T23:18:27.315+0000] {logging_mixin.py:190} INFO - [2025-03-18T23:18:27.313+0000] {dag.py:4180} INFO - Setting next_dagrun for example_sla_dag to 2025-03-18 23:16:00+00:00, run_after=2025-03-18 23:18:00+00:00
[2025-03-18T23:18:27.734+0000] {processor.py:208} INFO - Processing /home/airflow/.local/lib/python3.12/site-packages/airflow/example_dags/example_sla_dag.py took 0.631 seconds
[2025-03-18T23:18:58.472+0000] {processor.py:186} INFO - Started process (PID=4088) to work on /home/airflow/.local/lib/python3.12/site-packages/airflow/example_dags/example_sla_dag.py
[2025-03-18T23:18:58.474+0000] {processor.py:914} INFO - Processing file /home/airflow/.local/lib/python3.12/site-packages/airflow/example_dags/example_sla_dag.py for tasks to queue
[2025-03-18T23:18:58.476+0000] {logging_mixin.py:190} INFO - [2025-03-18T23:18:58.476+0000] {dagbag.py:588} INFO - Filling up the DagBag from /home/airflow/.local/lib/python3.12/site-packages/airflow/example_dags/example_sla_dag.py
[2025-03-18T23:18:58.488+0000] {processor.py:925} INFO - DAG(s) 'example_sla_dag' retrieved from /home/airflow/.local/lib/python3.12/site-packages/airflow/example_dags/example_sla_dag.py
[2025-03-18T23:18:58.511+0000] {logging_mixin.py:190} INFO - [2025-03-18T23:18:58.511+0000] {dag.py:3239} INFO - Sync 1 DAGs
[2025-03-18T23:18:58.538+0000] {logging_mixin.py:190} INFO - [2025-03-18T23:18:58.537+0000] {dag.py:4180} INFO - Setting next_dagrun for example_sla_dag to 2025-03-18 23:16:00+00:00, run_after=2025-03-18 23:18:00+00:00
[2025-03-18T23:18:58.562+0000] {processor.py:208} INFO - Processing /home/airflow/.local/lib/python3.12/site-packages/airflow/example_dags/example_sla_dag.py took 0.114 seconds
[2025-03-18T23:19:29.073+0000] {processor.py:186} INFO - Started process (PID=4151) to work on /home/airflow/.local/lib/python3.12/site-packages/airflow/example_dags/example_sla_dag.py
[2025-03-18T23:19:29.080+0000] {processor.py:914} INFO - Processing file /home/airflow/.local/lib/python3.12/site-packages/airflow/example_dags/example_sla_dag.py for tasks to queue
[2025-03-18T23:19:29.084+0000] {logging_mixin.py:190} INFO - [2025-03-18T23:19:29.083+0000] {dagbag.py:588} INFO - Filling up the DagBag from /home/airflow/.local/lib/python3.12/site-packages/airflow/example_dags/example_sla_dag.py
[2025-03-18T23:19:29.098+0000] {processor.py:925} INFO - DAG(s) 'example_sla_dag' retrieved from /home/airflow/.local/lib/python3.12/site-packages/airflow/example_dags/example_sla_dag.py
[2025-03-18T23:19:29.117+0000] {logging_mixin.py:190} INFO - [2025-03-18T23:19:29.117+0000] {dag.py:3239} INFO - Sync 1 DAGs
[2025-03-18T23:19:29.141+0000] {logging_mixin.py:190} INFO - [2025-03-18T23:19:29.140+0000] {dag.py:4180} INFO - Setting next_dagrun for example_sla_dag to 2025-03-18 23:16:00+00:00, run_after=2025-03-18 23:18:00+00:00
[2025-03-18T23:19:29.158+0000] {processor.py:208} INFO - Processing /home/airflow/.local/lib/python3.12/site-packages/airflow/example_dags/example_sla_dag.py took 0.091 seconds
[2025-03-18T23:19:59.200+0000] {processor.py:186} INFO - Started process (PID=4214) to work on /home/airflow/.local/lib/python3.12/site-packages/airflow/example_dags/example_sla_dag.py
[2025-03-18T23:19:59.201+0000] {processor.py:914} INFO - Processing file /home/airflow/.local/lib/python3.12/site-packages/airflow/example_dags/example_sla_dag.py for tasks to queue
[2025-03-18T23:19:59.205+0000] {logging_mixin.py:190} INFO - [2025-03-18T23:19:59.204+0000] {dagbag.py:588} INFO - Filling up the DagBag from /home/airflow/.local/lib/python3.12/site-packages/airflow/example_dags/example_sla_dag.py
[2025-03-18T23:19:59.220+0000] {processor.py:925} INFO - DAG(s) 'example_sla_dag' retrieved from /home/airflow/.local/lib/python3.12/site-packages/airflow/example_dags/example_sla_dag.py
[2025-03-18T23:19:59.241+0000] {logging_mixin.py:190} INFO - [2025-03-18T23:19:59.241+0000] {dag.py:3239} INFO - Sync 1 DAGs
[2025-03-18T23:19:59.269+0000] {logging_mixin.py:190} INFO - [2025-03-18T23:19:59.268+0000] {dag.py:4180} INFO - Setting next_dagrun for example_sla_dag to 2025-03-18 23:16:00+00:00, run_after=2025-03-18 23:18:00+00:00
[2025-03-18T23:19:59.290+0000] {processor.py:208} INFO - Processing /home/airflow/.local/lib/python3.12/site-packages/airflow/example_dags/example_sla_dag.py took 0.096 seconds
[2025-03-18T23:20:29.397+0000] {processor.py:186} INFO - Started process (PID=4278) to work on /home/airflow/.local/lib/python3.12/site-packages/airflow/example_dags/example_sla_dag.py
[2025-03-18T23:20:29.398+0000] {processor.py:914} INFO - Processing file /home/airflow/.local/lib/python3.12/site-packages/airflow/example_dags/example_sla_dag.py for tasks to queue
[2025-03-18T23:20:29.401+0000] {logging_mixin.py:190} INFO - [2025-03-18T23:20:29.400+0000] {dagbag.py:588} INFO - Filling up the DagBag from /home/airflow/.local/lib/python3.12/site-packages/airflow/example_dags/example_sla_dag.py
[2025-03-18T23:20:29.414+0000] {processor.py:925} INFO - DAG(s) 'example_sla_dag' retrieved from /home/airflow/.local/lib/python3.12/site-packages/airflow/example_dags/example_sla_dag.py
[2025-03-18T23:20:29.434+0000] {logging_mixin.py:190} INFO - [2025-03-18T23:20:29.433+0000] {dag.py:3239} INFO - Sync 1 DAGs
[2025-03-18T23:20:29.469+0000] {logging_mixin.py:190} INFO - [2025-03-18T23:20:29.469+0000] {dag.py:4180} INFO - Setting next_dagrun for example_sla_dag to 2025-03-18 23:18:00+00:00, run_after=2025-03-18 23:20:00+00:00
[2025-03-18T23:20:29.489+0000] {processor.py:208} INFO - Processing /home/airflow/.local/lib/python3.12/site-packages/airflow/example_dags/example_sla_dag.py took 0.100 seconds
[2025-03-18T23:20:59.641+0000] {processor.py:186} INFO - Started process (PID=4341) to work on /home/airflow/.local/lib/python3.12/site-packages/airflow/example_dags/example_sla_dag.py
[2025-03-18T23:20:59.642+0000] {processor.py:914} INFO - Processing file /home/airflow/.local/lib/python3.12/site-packages/airflow/example_dags/example_sla_dag.py for tasks to queue
[2025-03-18T23:20:59.644+0000] {logging_mixin.py:190} INFO - [2025-03-18T23:20:59.644+0000] {dagbag.py:588} INFO - Filling up the DagBag from /home/airflow/.local/lib/python3.12/site-packages/airflow/example_dags/example_sla_dag.py
[2025-03-18T23:20:59.657+0000] {processor.py:925} INFO - DAG(s) 'example_sla_dag' retrieved from /home/airflow/.local/lib/python3.12/site-packages/airflow/example_dags/example_sla_dag.py
[2025-03-18T23:20:59.682+0000] {logging_mixin.py:190} INFO - [2025-03-18T23:20:59.681+0000] {dag.py:3239} INFO - Sync 1 DAGs
[2025-03-18T23:20:59.711+0000] {logging_mixin.py:190} INFO - [2025-03-18T23:20:59.711+0000] {dag.py:4180} INFO - Setting next_dagrun for example_sla_dag to 2025-03-18 23:18:00+00:00, run_after=2025-03-18 23:20:00+00:00
[2025-03-18T23:20:59.730+0000] {processor.py:208} INFO - Processing /home/airflow/.local/lib/python3.12/site-packages/airflow/example_dags/example_sla_dag.py took 0.095 seconds
[2025-03-18T23:21:30.121+0000] {processor.py:186} INFO - Started process (PID=4404) to work on /home/airflow/.local/lib/python3.12/site-packages/airflow/example_dags/example_sla_dag.py
[2025-03-18T23:21:30.128+0000] {processor.py:914} INFO - Processing file /home/airflow/.local/lib/python3.12/site-packages/airflow/example_dags/example_sla_dag.py for tasks to queue
[2025-03-18T23:21:30.131+0000] {logging_mixin.py:190} INFO - [2025-03-18T23:21:30.131+0000] {dagbag.py:588} INFO - Filling up the DagBag from /home/airflow/.local/lib/python3.12/site-packages/airflow/example_dags/example_sla_dag.py
[2025-03-18T23:21:30.142+0000] {processor.py:925} INFO - DAG(s) 'example_sla_dag' retrieved from /home/airflow/.local/lib/python3.12/site-packages/airflow/example_dags/example_sla_dag.py
[2025-03-18T23:21:30.161+0000] {logging_mixin.py:190} INFO - [2025-03-18T23:21:30.161+0000] {dag.py:3239} INFO - Sync 1 DAGs
[2025-03-18T23:21:30.185+0000] {logging_mixin.py:190} INFO - [2025-03-18T23:21:30.185+0000] {dag.py:4180} INFO - Setting next_dagrun for example_sla_dag to 2025-03-18 23:18:00+00:00, run_after=2025-03-18 23:20:00+00:00
[2025-03-18T23:21:30.202+0000] {processor.py:208} INFO - Processing /home/airflow/.local/lib/python3.12/site-packages/airflow/example_dags/example_sla_dag.py took 0.086 seconds
[2025-03-18T23:22:00.485+0000] {processor.py:186} INFO - Started process (PID=4461) to work on /home/airflow/.local/lib/python3.12/site-packages/airflow/example_dags/example_sla_dag.py
[2025-03-18T23:22:00.485+0000] {processor.py:914} INFO - Processing file /home/airflow/.local/lib/python3.12/site-packages/airflow/example_dags/example_sla_dag.py for tasks to queue
[2025-03-18T23:22:00.488+0000] {logging_mixin.py:190} INFO - [2025-03-18T23:22:00.487+0000] {dagbag.py:588} INFO - Filling up the DagBag from /home/airflow/.local/lib/python3.12/site-packages/airflow/example_dags/example_sla_dag.py
[2025-03-18T23:22:00.502+0000] {processor.py:925} INFO - DAG(s) 'example_sla_dag' retrieved from /home/airflow/.local/lib/python3.12/site-packages/airflow/example_dags/example_sla_dag.py
[2025-03-18T23:22:00.521+0000] {logging_mixin.py:190} INFO - [2025-03-18T23:22:00.520+0000] {dag.py:3239} INFO - Sync 1 DAGs
[2025-03-18T23:22:00.555+0000] {logging_mixin.py:190} INFO - [2025-03-18T23:22:00.555+0000] {dag.py:4180} INFO - Setting next_dagrun for example_sla_dag to 2025-03-18 23:20:00+00:00, run_after=2025-03-18 23:22:00+00:00
[2025-03-18T23:22:00.586+0000] {processor.py:208} INFO - Processing /home/airflow/.local/lib/python3.12/site-packages/airflow/example_dags/example_sla_dag.py took 0.113 seconds
[2025-03-18T23:22:30.869+0000] {processor.py:186} INFO - Started process (PID=4524) to work on /home/airflow/.local/lib/python3.12/site-packages/airflow/example_dags/example_sla_dag.py
[2025-03-18T23:22:30.876+0000] {processor.py:914} INFO - Processing file /home/airflow/.local/lib/python3.12/site-packages/airflow/example_dags/example_sla_dag.py for tasks to queue
[2025-03-18T23:22:30.879+0000] {logging_mixin.py:190} INFO - [2025-03-18T23:22:30.878+0000] {dagbag.py:588} INFO - Filling up the DagBag from /home/airflow/.local/lib/python3.12/site-packages/airflow/example_dags/example_sla_dag.py
[2025-03-18T23:22:30.890+0000] {processor.py:925} INFO - DAG(s) 'example_sla_dag' retrieved from /home/airflow/.local/lib/python3.12/site-packages/airflow/example_dags/example_sla_dag.py
[2025-03-18T23:22:30.911+0000] {logging_mixin.py:190} INFO - [2025-03-18T23:22:30.911+0000] {dag.py:3239} INFO - Sync 1 DAGs
[2025-03-18T23:22:30.941+0000] {logging_mixin.py:190} INFO - [2025-03-18T23:22:30.940+0000] {dag.py:4180} INFO - Setting next_dagrun for example_sla_dag to 2025-03-18 23:20:00+00:00, run_after=2025-03-18 23:22:00+00:00
[2025-03-18T23:22:30.958+0000] {processor.py:208} INFO - Processing /home/airflow/.local/lib/python3.12/site-packages/airflow/example_dags/example_sla_dag.py took 0.099 seconds
[2025-03-18T23:23:01.546+0000] {processor.py:186} INFO - Started process (PID=4588) to work on /home/airflow/.local/lib/python3.12/site-packages/airflow/example_dags/example_sla_dag.py
[2025-03-18T23:23:01.546+0000] {processor.py:914} INFO - Processing file /home/airflow/.local/lib/python3.12/site-packages/airflow/example_dags/example_sla_dag.py for tasks to queue
[2025-03-18T23:23:01.548+0000] {logging_mixin.py:190} INFO - [2025-03-18T23:23:01.548+0000] {dagbag.py:588} INFO - Filling up the DagBag from /home/airflow/.local/lib/python3.12/site-packages/airflow/example_dags/example_sla_dag.py
[2025-03-18T23:23:01.568+0000] {processor.py:925} INFO - DAG(s) 'example_sla_dag' retrieved from /home/airflow/.local/lib/python3.12/site-packages/airflow/example_dags/example_sla_dag.py
[2025-03-18T23:23:01.587+0000] {logging_mixin.py:190} INFO - [2025-03-18T23:23:01.587+0000] {dag.py:3239} INFO - Sync 1 DAGs
[2025-03-18T23:23:01.619+0000] {logging_mixin.py:190} INFO - [2025-03-18T23:23:01.619+0000] {dag.py:4180} INFO - Setting next_dagrun for example_sla_dag to 2025-03-18 23:20:00+00:00, run_after=2025-03-18 23:22:00+00:00
[2025-03-18T23:23:01.638+0000] {processor.py:208} INFO - Processing /home/airflow/.local/lib/python3.12/site-packages/airflow/example_dags/example_sla_dag.py took 0.098 seconds
[2025-03-18T23:23:31.823+0000] {processor.py:186} INFO - Started process (PID=4651) to work on /home/airflow/.local/lib/python3.12/site-packages/airflow/example_dags/example_sla_dag.py
[2025-03-18T23:23:31.825+0000] {processor.py:914} INFO - Processing file /home/airflow/.local/lib/python3.12/site-packages/airflow/example_dags/example_sla_dag.py for tasks to queue
[2025-03-18T23:23:31.833+0000] {logging_mixin.py:190} INFO - [2025-03-18T23:23:31.830+0000] {dagbag.py:588} INFO - Filling up the DagBag from /home/airflow/.local/lib/python3.12/site-packages/airflow/example_dags/example_sla_dag.py
[2025-03-18T23:23:31.857+0000] {processor.py:925} INFO - DAG(s) 'example_sla_dag' retrieved from /home/airflow/.local/lib/python3.12/site-packages/airflow/example_dags/example_sla_dag.py
[2025-03-18T23:23:31.908+0000] {logging_mixin.py:190} INFO - [2025-03-18T23:23:31.908+0000] {dag.py:3239} INFO - Sync 1 DAGs
[2025-03-18T23:23:31.935+0000] {logging_mixin.py:190} INFO - [2025-03-18T23:23:31.935+0000] {dag.py:4180} INFO - Setting next_dagrun for example_sla_dag to 2025-03-18 23:20:00+00:00, run_after=2025-03-18 23:22:00+00:00
[2025-03-18T23:23:31.969+0000] {processor.py:208} INFO - Processing /home/airflow/.local/lib/python3.12/site-packages/airflow/example_dags/example_sla_dag.py took 0.173 seconds
[2025-03-18T23:24:04.640+0000] {processor.py:186} INFO - Started process (PID=4714) to work on /home/airflow/.local/lib/python3.12/site-packages/airflow/example_dags/example_sla_dag.py
[2025-03-18T23:24:04.641+0000] {processor.py:914} INFO - Processing file /home/airflow/.local/lib/python3.12/site-packages/airflow/example_dags/example_sla_dag.py for tasks to queue
[2025-03-18T23:24:04.643+0000] {logging_mixin.py:190} INFO - [2025-03-18T23:24:04.643+0000] {dagbag.py:588} INFO - Filling up the DagBag from /home/airflow/.local/lib/python3.12/site-packages/airflow/example_dags/example_sla_dag.py
[2025-03-18T23:24:04.654+0000] {processor.py:925} INFO - DAG(s) 'example_sla_dag' retrieved from /home/airflow/.local/lib/python3.12/site-packages/airflow/example_dags/example_sla_dag.py
[2025-03-18T23:24:04.673+0000] {logging_mixin.py:190} INFO - [2025-03-18T23:24:04.673+0000] {dag.py:3239} INFO - Sync 1 DAGs
[2025-03-18T23:24:04.697+0000] {logging_mixin.py:190} INFO - [2025-03-18T23:24:04.696+0000] {dag.py:4180} INFO - Setting next_dagrun for example_sla_dag to 2025-03-18 23:22:00+00:00, run_after=2025-03-18 23:24:00+00:00
[2025-03-18T23:24:04.716+0000] {processor.py:208} INFO - Processing /home/airflow/.local/lib/python3.12/site-packages/airflow/example_dags/example_sla_dag.py took 0.081 seconds
