[2025-03-18T22:45:21.005+0000] {processor.py:186} INFO - Started process (PID=108) to work on /home/airflow/.local/lib/python3.12/site-packages/airflow/example_dags/example_sensors.py
[2025-03-18T22:45:21.014+0000] {processor.py:914} INFO - Processing file /home/airflow/.local/lib/python3.12/site-packages/airflow/example_dags/example_sensors.py for tasks to queue
[2025-03-18T22:45:21.027+0000] {logging_mixin.py:190} INFO - [2025-03-18T22:45:21.027+0000] {dagbag.py:588} INFO - Filling up the DagBag from /home/airflow/.local/lib/python3.12/site-packages/airflow/example_dags/example_sensors.py
[2025-03-18T22:45:21.076+0000] {processor.py:925} INFO - DAG(s) 'example_sensors' retrieved from /home/airflow/.local/lib/python3.12/site-packages/airflow/example_dags/example_sensors.py
[2025-03-18T22:45:21.566+0000] {logging_mixin.py:190} INFO - [2025-03-18T22:45:21.565+0000] {override.py:1912} INFO - Created Permission View: can read on DAG:example_sensors
[2025-03-18T22:45:21.617+0000] {logging_mixin.py:190} INFO - [2025-03-18T22:45:21.613+0000] {override.py:1912} INFO - Created Permission View: can edit on DAG:example_sensors
[2025-03-18T22:45:21.648+0000] {logging_mixin.py:190} INFO - [2025-03-18T22:45:21.648+0000] {override.py:1912} INFO - Created Permission View: can delete on DAG:example_sensors
[2025-03-18T22:45:21.668+0000] {logging_mixin.py:190} INFO - [2025-03-18T22:45:21.668+0000] {override.py:1912} INFO - Created Permission View: can read on DAG Run:example_sensors
[2025-03-18T22:45:21.693+0000] {logging_mixin.py:190} INFO - [2025-03-18T22:45:21.692+0000] {override.py:1912} INFO - Created Permission View: can delete on DAG Run:example_sensors
[2025-03-18T22:45:21.733+0000] {logging_mixin.py:190} INFO - [2025-03-18T22:45:21.732+0000] {override.py:1912} INFO - Created Permission View: can create on DAG Run:example_sensors
[2025-03-18T22:45:21.763+0000] {logging_mixin.py:190} INFO - [2025-03-18T22:45:21.762+0000] {override.py:1912} INFO - Created Permission View: menu access on DAG Run:example_sensors
[2025-03-18T22:45:21.764+0000] {logging_mixin.py:190} INFO - [2025-03-18T22:45:21.763+0000] {dag.py:3239} INFO - Sync 1 DAGs
[2025-03-18T22:45:21.848+0000] {logging_mixin.py:190} INFO - [2025-03-18T22:45:21.848+0000] {dag.py:3262} INFO - Creating ORM DAG for example_sensors
[2025-03-18T22:45:21.853+0000] {logging_mixin.py:190} INFO - [2025-03-18T22:45:21.853+0000] {dag.py:4180} INFO - Setting next_dagrun for example_sensors to None, run_after=None
[2025-03-18T22:45:21.921+0000] {processor.py:208} INFO - Processing /home/airflow/.local/lib/python3.12/site-packages/airflow/example_dags/example_sensors.py took 0.936 seconds
[2025-03-18T22:46:16.195+0000] {processor.py:186} INFO - Started process (PID=172) to work on /home/airflow/.local/lib/python3.12/site-packages/airflow/example_dags/example_sensors.py
[2025-03-18T22:46:16.197+0000] {processor.py:914} INFO - Processing file /home/airflow/.local/lib/python3.12/site-packages/airflow/example_dags/example_sensors.py for tasks to queue
[2025-03-18T22:46:16.200+0000] {logging_mixin.py:190} INFO - [2025-03-18T22:46:16.199+0000] {dagbag.py:588} INFO - Filling up the DagBag from /home/airflow/.local/lib/python3.12/site-packages/airflow/example_dags/example_sensors.py
[2025-03-18T22:46:16.218+0000] {processor.py:925} INFO - DAG(s) 'example_sensors' retrieved from /home/airflow/.local/lib/python3.12/site-packages/airflow/example_dags/example_sensors.py
[2025-03-18T22:46:16.261+0000] {logging_mixin.py:190} INFO - [2025-03-18T22:46:16.261+0000] {dag.py:3239} INFO - Sync 1 DAGs
[2025-03-18T22:46:16.285+0000] {logging_mixin.py:190} INFO - [2025-03-18T22:46:16.284+0000] {dag.py:4180} INFO - Setting next_dagrun for example_sensors to None, run_after=None
[2025-03-18T22:46:16.315+0000] {processor.py:208} INFO - Processing /home/airflow/.local/lib/python3.12/site-packages/airflow/example_dags/example_sensors.py took 0.134 seconds
[2025-03-18T22:46:47.653+0000] {processor.py:186} INFO - Started process (PID=235) to work on /home/airflow/.local/lib/python3.12/site-packages/airflow/example_dags/example_sensors.py
[2025-03-18T22:46:47.695+0000] {processor.py:914} INFO - Processing file /home/airflow/.local/lib/python3.12/site-packages/airflow/example_dags/example_sensors.py for tasks to queue
[2025-03-18T22:46:47.699+0000] {logging_mixin.py:190} INFO - [2025-03-18T22:46:47.698+0000] {dagbag.py:588} INFO - Filling up the DagBag from /home/airflow/.local/lib/python3.12/site-packages/airflow/example_dags/example_sensors.py
[2025-03-18T22:46:47.728+0000] {processor.py:925} INFO - DAG(s) 'example_sensors' retrieved from /home/airflow/.local/lib/python3.12/site-packages/airflow/example_dags/example_sensors.py
[2025-03-18T22:46:47.811+0000] {logging_mixin.py:190} INFO - [2025-03-18T22:46:47.810+0000] {dag.py:3239} INFO - Sync 1 DAGs
[2025-03-18T22:46:47.842+0000] {logging_mixin.py:190} INFO - [2025-03-18T22:46:47.842+0000] {dag.py:4180} INFO - Setting next_dagrun for example_sensors to None, run_after=None
[2025-03-18T22:46:47.880+0000] {processor.py:208} INFO - Processing /home/airflow/.local/lib/python3.12/site-packages/airflow/example_dags/example_sensors.py took 0.268 seconds
[2025-03-18T22:47:23.848+0000] {processor.py:186} INFO - Started process (PID=299) to work on /home/airflow/.local/lib/python3.12/site-packages/airflow/example_dags/example_sensors.py
[2025-03-18T22:47:23.851+0000] {processor.py:914} INFO - Processing file /home/airflow/.local/lib/python3.12/site-packages/airflow/example_dags/example_sensors.py for tasks to queue
[2025-03-18T22:47:23.854+0000] {logging_mixin.py:190} INFO - [2025-03-18T22:47:23.854+0000] {dagbag.py:588} INFO - Filling up the DagBag from /home/airflow/.local/lib/python3.12/site-packages/airflow/example_dags/example_sensors.py
[2025-03-18T22:47:23.875+0000] {processor.py:925} INFO - DAG(s) 'example_sensors' retrieved from /home/airflow/.local/lib/python3.12/site-packages/airflow/example_dags/example_sensors.py
[2025-03-18T22:47:23.938+0000] {logging_mixin.py:190} INFO - [2025-03-18T22:47:23.937+0000] {dag.py:3239} INFO - Sync 1 DAGs
[2025-03-18T22:47:23.976+0000] {logging_mixin.py:190} INFO - [2025-03-18T22:47:23.975+0000] {dag.py:4180} INFO - Setting next_dagrun for example_sensors to None, run_after=None
[2025-03-18T22:47:24.021+0000] {processor.py:208} INFO - Processing /home/airflow/.local/lib/python3.12/site-packages/airflow/example_dags/example_sensors.py took 0.185 seconds
[2025-03-18T22:47:57.550+0000] {processor.py:186} INFO - Started process (PID=362) to work on /home/airflow/.local/lib/python3.12/site-packages/airflow/example_dags/example_sensors.py
[2025-03-18T22:47:57.559+0000] {processor.py:914} INFO - Processing file /home/airflow/.local/lib/python3.12/site-packages/airflow/example_dags/example_sensors.py for tasks to queue
[2025-03-18T22:47:57.576+0000] {logging_mixin.py:190} INFO - [2025-03-18T22:47:57.575+0000] {dagbag.py:588} INFO - Filling up the DagBag from /home/airflow/.local/lib/python3.12/site-packages/airflow/example_dags/example_sensors.py
[2025-03-18T22:47:57.612+0000] {processor.py:925} INFO - DAG(s) 'example_sensors' retrieved from /home/airflow/.local/lib/python3.12/site-packages/airflow/example_dags/example_sensors.py
[2025-03-18T22:47:57.735+0000] {logging_mixin.py:190} INFO - [2025-03-18T22:47:57.735+0000] {dag.py:3239} INFO - Sync 1 DAGs
[2025-03-18T22:47:57.792+0000] {logging_mixin.py:190} INFO - [2025-03-18T22:47:57.791+0000] {dag.py:4180} INFO - Setting next_dagrun for example_sensors to None, run_after=None
[2025-03-18T22:47:57.944+0000] {processor.py:208} INFO - Processing /home/airflow/.local/lib/python3.12/site-packages/airflow/example_dags/example_sensors.py took 0.419 seconds
[2025-03-18T22:48:28.362+0000] {processor.py:186} INFO - Started process (PID=424) to work on /home/airflow/.local/lib/python3.12/site-packages/airflow/example_dags/example_sensors.py
[2025-03-18T22:48:28.385+0000] {processor.py:914} INFO - Processing file /home/airflow/.local/lib/python3.12/site-packages/airflow/example_dags/example_sensors.py for tasks to queue
[2025-03-18T22:48:28.387+0000] {logging_mixin.py:190} INFO - [2025-03-18T22:48:28.387+0000] {dagbag.py:588} INFO - Filling up the DagBag from /home/airflow/.local/lib/python3.12/site-packages/airflow/example_dags/example_sensors.py
[2025-03-18T22:48:28.402+0000] {processor.py:925} INFO - DAG(s) 'example_sensors' retrieved from /home/airflow/.local/lib/python3.12/site-packages/airflow/example_dags/example_sensors.py
[2025-03-18T22:48:28.444+0000] {logging_mixin.py:190} INFO - [2025-03-18T22:48:28.443+0000] {dag.py:3239} INFO - Sync 1 DAGs
[2025-03-18T22:48:28.501+0000] {logging_mixin.py:190} INFO - [2025-03-18T22:48:28.501+0000] {dag.py:4180} INFO - Setting next_dagrun for example_sensors to None, run_after=None
[2025-03-18T22:48:28.603+0000] {processor.py:208} INFO - Processing /home/airflow/.local/lib/python3.12/site-packages/airflow/example_dags/example_sensors.py took 0.251 seconds
[2025-03-18T22:48:59.002+0000] {processor.py:186} INFO - Started process (PID=487) to work on /home/airflow/.local/lib/python3.12/site-packages/airflow/example_dags/example_sensors.py
[2025-03-18T22:48:59.004+0000] {processor.py:914} INFO - Processing file /home/airflow/.local/lib/python3.12/site-packages/airflow/example_dags/example_sensors.py for tasks to queue
[2025-03-18T22:48:59.008+0000] {logging_mixin.py:190} INFO - [2025-03-18T22:48:59.008+0000] {dagbag.py:588} INFO - Filling up the DagBag from /home/airflow/.local/lib/python3.12/site-packages/airflow/example_dags/example_sensors.py
[2025-03-18T22:48:59.030+0000] {processor.py:925} INFO - DAG(s) 'example_sensors' retrieved from /home/airflow/.local/lib/python3.12/site-packages/airflow/example_dags/example_sensors.py
[2025-03-18T22:48:59.083+0000] {logging_mixin.py:190} INFO - [2025-03-18T22:48:59.083+0000] {dag.py:3239} INFO - Sync 1 DAGs
[2025-03-18T22:48:59.105+0000] {logging_mixin.py:190} INFO - [2025-03-18T22:48:59.104+0000] {dag.py:4180} INFO - Setting next_dagrun for example_sensors to None, run_after=None
[2025-03-18T22:48:59.152+0000] {processor.py:208} INFO - Processing /home/airflow/.local/lib/python3.12/site-packages/airflow/example_dags/example_sensors.py took 0.158 seconds
[2025-03-18T22:49:30.005+0000] {processor.py:186} INFO - Started process (PID=551) to work on /home/airflow/.local/lib/python3.12/site-packages/airflow/example_dags/example_sensors.py
[2025-03-18T22:49:30.018+0000] {processor.py:914} INFO - Processing file /home/airflow/.local/lib/python3.12/site-packages/airflow/example_dags/example_sensors.py for tasks to queue
[2025-03-18T22:49:30.022+0000] {logging_mixin.py:190} INFO - [2025-03-18T22:49:30.021+0000] {dagbag.py:588} INFO - Filling up the DagBag from /home/airflow/.local/lib/python3.12/site-packages/airflow/example_dags/example_sensors.py
[2025-03-18T22:49:30.043+0000] {processor.py:925} INFO - DAG(s) 'example_sensors' retrieved from /home/airflow/.local/lib/python3.12/site-packages/airflow/example_dags/example_sensors.py
[2025-03-18T22:49:30.076+0000] {logging_mixin.py:190} INFO - [2025-03-18T22:49:30.075+0000] {dag.py:3239} INFO - Sync 1 DAGs
[2025-03-18T22:49:30.098+0000] {logging_mixin.py:190} INFO - [2025-03-18T22:49:30.098+0000] {dag.py:4180} INFO - Setting next_dagrun for example_sensors to None, run_after=None
[2025-03-18T22:49:30.137+0000] {processor.py:208} INFO - Processing /home/airflow/.local/lib/python3.12/site-packages/airflow/example_dags/example_sensors.py took 0.153 seconds
[2025-03-18T22:50:06.492+0000] {processor.py:186} INFO - Started process (PID=614) to work on /home/airflow/.local/lib/python3.12/site-packages/airflow/example_dags/example_sensors.py
[2025-03-18T22:50:06.493+0000] {processor.py:914} INFO - Processing file /home/airflow/.local/lib/python3.12/site-packages/airflow/example_dags/example_sensors.py for tasks to queue
[2025-03-18T22:50:06.495+0000] {logging_mixin.py:190} INFO - [2025-03-18T22:50:06.495+0000] {dagbag.py:588} INFO - Filling up the DagBag from /home/airflow/.local/lib/python3.12/site-packages/airflow/example_dags/example_sensors.py
[2025-03-18T22:50:06.508+0000] {processor.py:925} INFO - DAG(s) 'example_sensors' retrieved from /home/airflow/.local/lib/python3.12/site-packages/airflow/example_dags/example_sensors.py
[2025-03-18T22:50:06.537+0000] {logging_mixin.py:190} INFO - [2025-03-18T22:50:06.537+0000] {dag.py:3239} INFO - Sync 1 DAGs
[2025-03-18T22:50:06.553+0000] {logging_mixin.py:190} INFO - [2025-03-18T22:50:06.553+0000] {dag.py:4180} INFO - Setting next_dagrun for example_sensors to None, run_after=None
[2025-03-18T22:50:06.588+0000] {processor.py:208} INFO - Processing /home/airflow/.local/lib/python3.12/site-packages/airflow/example_dags/example_sensors.py took 0.103 seconds
[2025-03-18T22:50:39.384+0000] {processor.py:186} INFO - Started process (PID=677) to work on /home/airflow/.local/lib/python3.12/site-packages/airflow/example_dags/example_sensors.py
[2025-03-18T22:50:39.385+0000] {processor.py:914} INFO - Processing file /home/airflow/.local/lib/python3.12/site-packages/airflow/example_dags/example_sensors.py for tasks to queue
[2025-03-18T22:50:39.389+0000] {logging_mixin.py:190} INFO - [2025-03-18T22:50:39.388+0000] {dagbag.py:588} INFO - Filling up the DagBag from /home/airflow/.local/lib/python3.12/site-packages/airflow/example_dags/example_sensors.py
[2025-03-18T22:50:39.429+0000] {processor.py:925} INFO - DAG(s) 'example_sensors' retrieved from /home/airflow/.local/lib/python3.12/site-packages/airflow/example_dags/example_sensors.py
[2025-03-18T22:50:39.630+0000] {logging_mixin.py:190} INFO - [2025-03-18T22:50:39.630+0000] {dag.py:3239} INFO - Sync 1 DAGs
[2025-03-18T22:50:39.713+0000] {logging_mixin.py:190} INFO - [2025-03-18T22:50:39.712+0000] {dag.py:4180} INFO - Setting next_dagrun for example_sensors to None, run_after=None
[2025-03-18T22:50:39.864+0000] {processor.py:208} INFO - Processing /home/airflow/.local/lib/python3.12/site-packages/airflow/example_dags/example_sensors.py took 0.521 seconds
[2025-03-18T22:51:10.119+0000] {processor.py:186} INFO - Started process (PID=739) to work on /home/airflow/.local/lib/python3.12/site-packages/airflow/example_dags/example_sensors.py
[2025-03-18T22:51:10.130+0000] {processor.py:914} INFO - Processing file /home/airflow/.local/lib/python3.12/site-packages/airflow/example_dags/example_sensors.py for tasks to queue
[2025-03-18T22:51:10.135+0000] {logging_mixin.py:190} INFO - [2025-03-18T22:51:10.134+0000] {dagbag.py:588} INFO - Filling up the DagBag from /home/airflow/.local/lib/python3.12/site-packages/airflow/example_dags/example_sensors.py
[2025-03-18T22:51:10.175+0000] {processor.py:925} INFO - DAG(s) 'example_sensors' retrieved from /home/airflow/.local/lib/python3.12/site-packages/airflow/example_dags/example_sensors.py
[2025-03-18T22:51:10.244+0000] {logging_mixin.py:190} INFO - [2025-03-18T22:51:10.243+0000] {dag.py:3239} INFO - Sync 1 DAGs
[2025-03-18T22:51:10.284+0000] {logging_mixin.py:190} INFO - [2025-03-18T22:51:10.284+0000] {dag.py:4180} INFO - Setting next_dagrun for example_sensors to None, run_after=None
[2025-03-18T22:51:10.412+0000] {processor.py:208} INFO - Processing /home/airflow/.local/lib/python3.12/site-packages/airflow/example_dags/example_sensors.py took 0.308 seconds
[2025-03-18T22:51:40.723+0000] {processor.py:186} INFO - Started process (PID=801) to work on /home/airflow/.local/lib/python3.12/site-packages/airflow/example_dags/example_sensors.py
[2025-03-18T22:51:40.724+0000] {processor.py:914} INFO - Processing file /home/airflow/.local/lib/python3.12/site-packages/airflow/example_dags/example_sensors.py for tasks to queue
[2025-03-18T22:51:40.726+0000] {logging_mixin.py:190} INFO - [2025-03-18T22:51:40.726+0000] {dagbag.py:588} INFO - Filling up the DagBag from /home/airflow/.local/lib/python3.12/site-packages/airflow/example_dags/example_sensors.py
[2025-03-18T22:51:40.743+0000] {processor.py:925} INFO - DAG(s) 'example_sensors' retrieved from /home/airflow/.local/lib/python3.12/site-packages/airflow/example_dags/example_sensors.py
[2025-03-18T22:51:40.786+0000] {logging_mixin.py:190} INFO - [2025-03-18T22:51:40.785+0000] {dag.py:3239} INFO - Sync 1 DAGs
[2025-03-18T22:51:40.825+0000] {logging_mixin.py:190} INFO - [2025-03-18T22:51:40.825+0000] {dag.py:4180} INFO - Setting next_dagrun for example_sensors to None, run_after=None
[2025-03-18T22:51:40.865+0000] {processor.py:208} INFO - Processing /home/airflow/.local/lib/python3.12/site-packages/airflow/example_dags/example_sensors.py took 0.152 seconds
[2025-03-18T22:52:13.223+0000] {processor.py:186} INFO - Started process (PID=865) to work on /home/airflow/.local/lib/python3.12/site-packages/airflow/example_dags/example_sensors.py
[2025-03-18T22:52:13.224+0000] {processor.py:914} INFO - Processing file /home/airflow/.local/lib/python3.12/site-packages/airflow/example_dags/example_sensors.py for tasks to queue
[2025-03-18T22:52:13.228+0000] {logging_mixin.py:190} INFO - [2025-03-18T22:52:13.227+0000] {dagbag.py:588} INFO - Filling up the DagBag from /home/airflow/.local/lib/python3.12/site-packages/airflow/example_dags/example_sensors.py
[2025-03-18T22:52:13.244+0000] {processor.py:925} INFO - DAG(s) 'example_sensors' retrieved from /home/airflow/.local/lib/python3.12/site-packages/airflow/example_dags/example_sensors.py
[2025-03-18T22:52:13.289+0000] {logging_mixin.py:190} INFO - [2025-03-18T22:52:13.288+0000] {dag.py:3239} INFO - Sync 1 DAGs
[2025-03-18T22:52:13.312+0000] {logging_mixin.py:190} INFO - [2025-03-18T22:52:13.312+0000] {dag.py:4180} INFO - Setting next_dagrun for example_sensors to None, run_after=None
[2025-03-18T22:52:13.380+0000] {processor.py:208} INFO - Processing /home/airflow/.local/lib/python3.12/site-packages/airflow/example_dags/example_sensors.py took 0.166 seconds
[2025-03-18T22:52:46.977+0000] {processor.py:186} INFO - Started process (PID=928) to work on /home/airflow/.local/lib/python3.12/site-packages/airflow/example_dags/example_sensors.py
[2025-03-18T22:52:46.978+0000] {processor.py:914} INFO - Processing file /home/airflow/.local/lib/python3.12/site-packages/airflow/example_dags/example_sensors.py for tasks to queue
[2025-03-18T22:52:46.981+0000] {logging_mixin.py:190} INFO - [2025-03-18T22:52:46.980+0000] {dagbag.py:588} INFO - Filling up the DagBag from /home/airflow/.local/lib/python3.12/site-packages/airflow/example_dags/example_sensors.py
[2025-03-18T22:52:46.997+0000] {processor.py:925} INFO - DAG(s) 'example_sensors' retrieved from /home/airflow/.local/lib/python3.12/site-packages/airflow/example_dags/example_sensors.py
[2025-03-18T22:52:47.036+0000] {logging_mixin.py:190} INFO - [2025-03-18T22:52:47.036+0000] {dag.py:3239} INFO - Sync 1 DAGs
[2025-03-18T22:52:47.058+0000] {logging_mixin.py:190} INFO - [2025-03-18T22:52:47.058+0000] {dag.py:4180} INFO - Setting next_dagrun for example_sensors to None, run_after=None
[2025-03-18T22:52:47.102+0000] {processor.py:208} INFO - Processing /home/airflow/.local/lib/python3.12/site-packages/airflow/example_dags/example_sensors.py took 0.134 seconds
[2025-03-18T22:53:21.526+0000] {processor.py:186} INFO - Started process (PID=991) to work on /home/airflow/.local/lib/python3.12/site-packages/airflow/example_dags/example_sensors.py
[2025-03-18T22:53:21.530+0000] {processor.py:914} INFO - Processing file /home/airflow/.local/lib/python3.12/site-packages/airflow/example_dags/example_sensors.py for tasks to queue
[2025-03-18T22:53:21.534+0000] {logging_mixin.py:190} INFO - [2025-03-18T22:53:21.533+0000] {dagbag.py:588} INFO - Filling up the DagBag from /home/airflow/.local/lib/python3.12/site-packages/airflow/example_dags/example_sensors.py
[2025-03-18T22:53:21.579+0000] {processor.py:925} INFO - DAG(s) 'example_sensors' retrieved from /home/airflow/.local/lib/python3.12/site-packages/airflow/example_dags/example_sensors.py
[2025-03-18T22:53:21.630+0000] {logging_mixin.py:190} INFO - [2025-03-18T22:53:21.630+0000] {dag.py:3239} INFO - Sync 1 DAGs
[2025-03-18T22:53:21.653+0000] {logging_mixin.py:190} INFO - [2025-03-18T22:53:21.652+0000] {dag.py:4180} INFO - Setting next_dagrun for example_sensors to None, run_after=None
[2025-03-18T22:53:21.702+0000] {processor.py:208} INFO - Processing /home/airflow/.local/lib/python3.12/site-packages/airflow/example_dags/example_sensors.py took 0.185 seconds
[2025-03-18T22:53:52.082+0000] {processor.py:186} INFO - Started process (PID=1060) to work on /home/airflow/.local/lib/python3.12/site-packages/airflow/example_dags/example_sensors.py
[2025-03-18T22:53:52.095+0000] {processor.py:914} INFO - Processing file /home/airflow/.local/lib/python3.12/site-packages/airflow/example_dags/example_sensors.py for tasks to queue
[2025-03-18T22:53:52.100+0000] {logging_mixin.py:190} INFO - [2025-03-18T22:53:52.100+0000] {dagbag.py:588} INFO - Filling up the DagBag from /home/airflow/.local/lib/python3.12/site-packages/airflow/example_dags/example_sensors.py
[2025-03-18T22:53:52.150+0000] {processor.py:925} INFO - DAG(s) 'example_sensors' retrieved from /home/airflow/.local/lib/python3.12/site-packages/airflow/example_dags/example_sensors.py
[2025-03-18T22:53:52.203+0000] {logging_mixin.py:190} INFO - [2025-03-18T22:53:52.203+0000] {dag.py:3239} INFO - Sync 1 DAGs
[2025-03-18T22:53:52.220+0000] {logging_mixin.py:190} INFO - [2025-03-18T22:53:52.220+0000] {dag.py:4180} INFO - Setting next_dagrun for example_sensors to None, run_after=None
[2025-03-18T22:53:52.256+0000] {processor.py:208} INFO - Processing /home/airflow/.local/lib/python3.12/site-packages/airflow/example_dags/example_sensors.py took 0.182 seconds
[2025-03-18T22:54:22.684+0000] {processor.py:186} INFO - Started process (PID=1117) to work on /home/airflow/.local/lib/python3.12/site-packages/airflow/example_dags/example_sensors.py
[2025-03-18T22:54:22.700+0000] {processor.py:914} INFO - Processing file /home/airflow/.local/lib/python3.12/site-packages/airflow/example_dags/example_sensors.py for tasks to queue
[2025-03-18T22:54:22.703+0000] {logging_mixin.py:190} INFO - [2025-03-18T22:54:22.702+0000] {dagbag.py:588} INFO - Filling up the DagBag from /home/airflow/.local/lib/python3.12/site-packages/airflow/example_dags/example_sensors.py
[2025-03-18T22:54:22.724+0000] {processor.py:925} INFO - DAG(s) 'example_sensors' retrieved from /home/airflow/.local/lib/python3.12/site-packages/airflow/example_dags/example_sensors.py
[2025-03-18T22:54:22.771+0000] {logging_mixin.py:190} INFO - [2025-03-18T22:54:22.770+0000] {dag.py:3239} INFO - Sync 1 DAGs
[2025-03-18T22:54:22.806+0000] {logging_mixin.py:190} INFO - [2025-03-18T22:54:22.806+0000] {dag.py:4180} INFO - Setting next_dagrun for example_sensors to None, run_after=None
[2025-03-18T22:54:22.880+0000] {processor.py:208} INFO - Processing /home/airflow/.local/lib/python3.12/site-packages/airflow/example_dags/example_sensors.py took 0.227 seconds
[2025-03-18T22:54:53.183+0000] {processor.py:186} INFO - Started process (PID=1180) to work on /home/airflow/.local/lib/python3.12/site-packages/airflow/example_dags/example_sensors.py
[2025-03-18T22:54:53.185+0000] {processor.py:914} INFO - Processing file /home/airflow/.local/lib/python3.12/site-packages/airflow/example_dags/example_sensors.py for tasks to queue
[2025-03-18T22:54:53.188+0000] {logging_mixin.py:190} INFO - [2025-03-18T22:54:53.187+0000] {dagbag.py:588} INFO - Filling up the DagBag from /home/airflow/.local/lib/python3.12/site-packages/airflow/example_dags/example_sensors.py
[2025-03-18T22:54:53.199+0000] {processor.py:925} INFO - DAG(s) 'example_sensors' retrieved from /home/airflow/.local/lib/python3.12/site-packages/airflow/example_dags/example_sensors.py
[2025-03-18T22:54:53.231+0000] {logging_mixin.py:190} INFO - [2025-03-18T22:54:53.231+0000] {dag.py:3239} INFO - Sync 1 DAGs
[2025-03-18T22:54:53.246+0000] {logging_mixin.py:190} INFO - [2025-03-18T22:54:53.246+0000] {dag.py:4180} INFO - Setting next_dagrun for example_sensors to None, run_after=None
[2025-03-18T22:54:53.265+0000] {processor.py:208} INFO - Processing /home/airflow/.local/lib/python3.12/site-packages/airflow/example_dags/example_sensors.py took 0.090 seconds
[2025-03-18T22:55:24.241+0000] {processor.py:186} INFO - Started process (PID=1243) to work on /home/airflow/.local/lib/python3.12/site-packages/airflow/example_dags/example_sensors.py
[2025-03-18T22:55:24.242+0000] {processor.py:914} INFO - Processing file /home/airflow/.local/lib/python3.12/site-packages/airflow/example_dags/example_sensors.py for tasks to queue
[2025-03-18T22:55:24.244+0000] {logging_mixin.py:190} INFO - [2025-03-18T22:55:24.244+0000] {dagbag.py:588} INFO - Filling up the DagBag from /home/airflow/.local/lib/python3.12/site-packages/airflow/example_dags/example_sensors.py
[2025-03-18T22:55:24.256+0000] {processor.py:925} INFO - DAG(s) 'example_sensors' retrieved from /home/airflow/.local/lib/python3.12/site-packages/airflow/example_dags/example_sensors.py
[2025-03-18T22:55:24.282+0000] {logging_mixin.py:190} INFO - [2025-03-18T22:55:24.281+0000] {dag.py:3239} INFO - Sync 1 DAGs
[2025-03-18T22:55:24.299+0000] {logging_mixin.py:190} INFO - [2025-03-18T22:55:24.299+0000] {dag.py:4180} INFO - Setting next_dagrun for example_sensors to None, run_after=None
[2025-03-18T22:55:24.323+0000] {processor.py:208} INFO - Processing /home/airflow/.local/lib/python3.12/site-packages/airflow/example_dags/example_sensors.py took 0.089 seconds
[2025-03-18T22:55:54.766+0000] {processor.py:186} INFO - Started process (PID=1305) to work on /home/airflow/.local/lib/python3.12/site-packages/airflow/example_dags/example_sensors.py
[2025-03-18T22:55:54.768+0000] {processor.py:914} INFO - Processing file /home/airflow/.local/lib/python3.12/site-packages/airflow/example_dags/example_sensors.py for tasks to queue
[2025-03-18T22:55:54.770+0000] {logging_mixin.py:190} INFO - [2025-03-18T22:55:54.770+0000] {dagbag.py:588} INFO - Filling up the DagBag from /home/airflow/.local/lib/python3.12/site-packages/airflow/example_dags/example_sensors.py
[2025-03-18T22:55:54.781+0000] {processor.py:925} INFO - DAG(s) 'example_sensors' retrieved from /home/airflow/.local/lib/python3.12/site-packages/airflow/example_dags/example_sensors.py
[2025-03-18T22:55:54.812+0000] {logging_mixin.py:190} INFO - [2025-03-18T22:55:54.812+0000] {dag.py:3239} INFO - Sync 1 DAGs
[2025-03-18T22:55:54.827+0000] {logging_mixin.py:190} INFO - [2025-03-18T22:55:54.827+0000] {dag.py:4180} INFO - Setting next_dagrun for example_sensors to None, run_after=None
[2025-03-18T22:55:54.848+0000] {processor.py:208} INFO - Processing /home/airflow/.local/lib/python3.12/site-packages/airflow/example_dags/example_sensors.py took 0.091 seconds
[2025-03-18T22:56:25.619+0000] {processor.py:186} INFO - Started process (PID=1369) to work on /home/airflow/.local/lib/python3.12/site-packages/airflow/example_dags/example_sensors.py
[2025-03-18T22:56:25.620+0000] {processor.py:914} INFO - Processing file /home/airflow/.local/lib/python3.12/site-packages/airflow/example_dags/example_sensors.py for tasks to queue
[2025-03-18T22:56:25.629+0000] {logging_mixin.py:190} INFO - [2025-03-18T22:56:25.628+0000] {dagbag.py:588} INFO - Filling up the DagBag from /home/airflow/.local/lib/python3.12/site-packages/airflow/example_dags/example_sensors.py
[2025-03-18T22:56:25.645+0000] {processor.py:925} INFO - DAG(s) 'example_sensors' retrieved from /home/airflow/.local/lib/python3.12/site-packages/airflow/example_dags/example_sensors.py
[2025-03-18T22:56:25.680+0000] {logging_mixin.py:190} INFO - [2025-03-18T22:56:25.680+0000] {dag.py:3239} INFO - Sync 1 DAGs
[2025-03-18T22:56:25.702+0000] {logging_mixin.py:190} INFO - [2025-03-18T22:56:25.701+0000] {dag.py:4180} INFO - Setting next_dagrun for example_sensors to None, run_after=None
[2025-03-18T22:56:25.720+0000] {processor.py:208} INFO - Processing /home/airflow/.local/lib/python3.12/site-packages/airflow/example_dags/example_sensors.py took 0.127 seconds
[2025-03-18T22:56:56.017+0000] {processor.py:186} INFO - Started process (PID=1432) to work on /home/airflow/.local/lib/python3.12/site-packages/airflow/example_dags/example_sensors.py
[2025-03-18T22:56:56.018+0000] {processor.py:914} INFO - Processing file /home/airflow/.local/lib/python3.12/site-packages/airflow/example_dags/example_sensors.py for tasks to queue
[2025-03-18T22:56:56.021+0000] {logging_mixin.py:190} INFO - [2025-03-18T22:56:56.021+0000] {dagbag.py:588} INFO - Filling up the DagBag from /home/airflow/.local/lib/python3.12/site-packages/airflow/example_dags/example_sensors.py
[2025-03-18T22:56:56.032+0000] {processor.py:925} INFO - DAG(s) 'example_sensors' retrieved from /home/airflow/.local/lib/python3.12/site-packages/airflow/example_dags/example_sensors.py
[2025-03-18T22:56:56.058+0000] {logging_mixin.py:190} INFO - [2025-03-18T22:56:56.058+0000] {dag.py:3239} INFO - Sync 1 DAGs
[2025-03-18T22:56:56.075+0000] {logging_mixin.py:190} INFO - [2025-03-18T22:56:56.075+0000] {dag.py:4180} INFO - Setting next_dagrun for example_sensors to None, run_after=None
[2025-03-18T22:56:56.097+0000] {processor.py:208} INFO - Processing /home/airflow/.local/lib/python3.12/site-packages/airflow/example_dags/example_sensors.py took 0.087 seconds
[2025-03-18T22:57:26.900+0000] {processor.py:186} INFO - Started process (PID=1495) to work on /home/airflow/.local/lib/python3.12/site-packages/airflow/example_dags/example_sensors.py
[2025-03-18T22:57:26.901+0000] {processor.py:914} INFO - Processing file /home/airflow/.local/lib/python3.12/site-packages/airflow/example_dags/example_sensors.py for tasks to queue
[2025-03-18T22:57:26.905+0000] {logging_mixin.py:190} INFO - [2025-03-18T22:57:26.904+0000] {dagbag.py:588} INFO - Filling up the DagBag from /home/airflow/.local/lib/python3.12/site-packages/airflow/example_dags/example_sensors.py
[2025-03-18T22:57:26.940+0000] {processor.py:925} INFO - DAG(s) 'example_sensors' retrieved from /home/airflow/.local/lib/python3.12/site-packages/airflow/example_dags/example_sensors.py
[2025-03-18T22:57:26.991+0000] {logging_mixin.py:190} INFO - [2025-03-18T22:57:26.991+0000] {dag.py:3239} INFO - Sync 1 DAGs
[2025-03-18T22:57:27.018+0000] {logging_mixin.py:190} INFO - [2025-03-18T22:57:27.017+0000] {dag.py:4180} INFO - Setting next_dagrun for example_sensors to None, run_after=None
[2025-03-18T22:57:27.056+0000] {processor.py:208} INFO - Processing /home/airflow/.local/lib/python3.12/site-packages/airflow/example_dags/example_sensors.py took 0.184 seconds
[2025-03-18T22:58:01.955+0000] {processor.py:186} INFO - Started process (PID=1559) to work on /home/airflow/.local/lib/python3.12/site-packages/airflow/example_dags/example_sensors.py
[2025-03-18T22:58:01.959+0000] {processor.py:914} INFO - Processing file /home/airflow/.local/lib/python3.12/site-packages/airflow/example_dags/example_sensors.py for tasks to queue
[2025-03-18T22:58:01.966+0000] {logging_mixin.py:190} INFO - [2025-03-18T22:58:01.966+0000] {dagbag.py:588} INFO - Filling up the DagBag from /home/airflow/.local/lib/python3.12/site-packages/airflow/example_dags/example_sensors.py
[2025-03-18T22:58:01.982+0000] {processor.py:925} INFO - DAG(s) 'example_sensors' retrieved from /home/airflow/.local/lib/python3.12/site-packages/airflow/example_dags/example_sensors.py
[2025-03-18T22:58:02.042+0000] {logging_mixin.py:190} INFO - [2025-03-18T22:58:02.038+0000] {dag.py:3239} INFO - Sync 1 DAGs
[2025-03-18T22:58:02.069+0000] {logging_mixin.py:190} INFO - [2025-03-18T22:58:02.069+0000] {dag.py:4180} INFO - Setting next_dagrun for example_sensors to None, run_after=None
[2025-03-18T22:58:02.125+0000] {processor.py:208} INFO - Processing /home/airflow/.local/lib/python3.12/site-packages/airflow/example_dags/example_sensors.py took 0.184 seconds
[2025-03-18T22:58:35.974+0000] {processor.py:186} INFO - Started process (PID=1622) to work on /home/airflow/.local/lib/python3.12/site-packages/airflow/example_dags/example_sensors.py
[2025-03-18T22:58:35.981+0000] {processor.py:914} INFO - Processing file /home/airflow/.local/lib/python3.12/site-packages/airflow/example_dags/example_sensors.py for tasks to queue
[2025-03-18T22:58:35.984+0000] {logging_mixin.py:190} INFO - [2025-03-18T22:58:35.983+0000] {dagbag.py:588} INFO - Filling up the DagBag from /home/airflow/.local/lib/python3.12/site-packages/airflow/example_dags/example_sensors.py
[2025-03-18T22:58:35.997+0000] {processor.py:925} INFO - DAG(s) 'example_sensors' retrieved from /home/airflow/.local/lib/python3.12/site-packages/airflow/example_dags/example_sensors.py
[2025-03-18T22:58:36.029+0000] {logging_mixin.py:190} INFO - [2025-03-18T22:58:36.029+0000] {dag.py:3239} INFO - Sync 1 DAGs
[2025-03-18T22:58:36.044+0000] {logging_mixin.py:190} INFO - [2025-03-18T22:58:36.044+0000] {dag.py:4180} INFO - Setting next_dagrun for example_sensors to None, run_after=None
[2025-03-18T22:58:36.064+0000] {processor.py:208} INFO - Processing /home/airflow/.local/lib/python3.12/site-packages/airflow/example_dags/example_sensors.py took 0.097 seconds
[2025-03-18T22:59:09.831+0000] {processor.py:186} INFO - Started process (PID=1685) to work on /home/airflow/.local/lib/python3.12/site-packages/airflow/example_dags/example_sensors.py
[2025-03-18T22:59:09.832+0000] {processor.py:914} INFO - Processing file /home/airflow/.local/lib/python3.12/site-packages/airflow/example_dags/example_sensors.py for tasks to queue
[2025-03-18T22:59:09.834+0000] {logging_mixin.py:190} INFO - [2025-03-18T22:59:09.834+0000] {dagbag.py:588} INFO - Filling up the DagBag from /home/airflow/.local/lib/python3.12/site-packages/airflow/example_dags/example_sensors.py
[2025-03-18T22:59:09.847+0000] {processor.py:925} INFO - DAG(s) 'example_sensors' retrieved from /home/airflow/.local/lib/python3.12/site-packages/airflow/example_dags/example_sensors.py
[2025-03-18T22:59:09.879+0000] {logging_mixin.py:190} INFO - [2025-03-18T22:59:09.878+0000] {dag.py:3239} INFO - Sync 1 DAGs
[2025-03-18T22:59:09.894+0000] {logging_mixin.py:190} INFO - [2025-03-18T22:59:09.893+0000] {dag.py:4180} INFO - Setting next_dagrun for example_sensors to None, run_after=None
[2025-03-18T22:59:09.922+0000] {processor.py:208} INFO - Processing /home/airflow/.local/lib/python3.12/site-packages/airflow/example_dags/example_sensors.py took 0.097 seconds
[2025-03-18T22:59:41.142+0000] {processor.py:186} INFO - Started process (PID=1752) to work on /home/airflow/.local/lib/python3.12/site-packages/airflow/example_dags/example_sensors.py
[2025-03-18T22:59:41.144+0000] {processor.py:914} INFO - Processing file /home/airflow/.local/lib/python3.12/site-packages/airflow/example_dags/example_sensors.py for tasks to queue
[2025-03-18T22:59:41.147+0000] {logging_mixin.py:190} INFO - [2025-03-18T22:59:41.147+0000] {dagbag.py:588} INFO - Filling up the DagBag from /home/airflow/.local/lib/python3.12/site-packages/airflow/example_dags/example_sensors.py
[2025-03-18T22:59:41.169+0000] {processor.py:925} INFO - DAG(s) 'example_sensors' retrieved from /home/airflow/.local/lib/python3.12/site-packages/airflow/example_dags/example_sensors.py
[2025-03-18T22:59:41.226+0000] {logging_mixin.py:190} INFO - [2025-03-18T22:59:41.226+0000] {dag.py:3239} INFO - Sync 1 DAGs
[2025-03-18T22:59:41.241+0000] {logging_mixin.py:190} INFO - [2025-03-18T22:59:41.241+0000] {dag.py:4180} INFO - Setting next_dagrun for example_sensors to None, run_after=None
[2025-03-18T22:59:41.282+0000] {processor.py:208} INFO - Processing /home/airflow/.local/lib/python3.12/site-packages/airflow/example_dags/example_sensors.py took 0.147 seconds
[2025-03-18T23:00:11.886+0000] {processor.py:186} INFO - Started process (PID=1814) to work on /home/airflow/.local/lib/python3.12/site-packages/airflow/example_dags/example_sensors.py
[2025-03-18T23:00:11.887+0000] {processor.py:914} INFO - Processing file /home/airflow/.local/lib/python3.12/site-packages/airflow/example_dags/example_sensors.py for tasks to queue
[2025-03-18T23:00:11.889+0000] {logging_mixin.py:190} INFO - [2025-03-18T23:00:11.889+0000] {dagbag.py:588} INFO - Filling up the DagBag from /home/airflow/.local/lib/python3.12/site-packages/airflow/example_dags/example_sensors.py
[2025-03-18T23:00:11.904+0000] {processor.py:925} INFO - DAG(s) 'example_sensors' retrieved from /home/airflow/.local/lib/python3.12/site-packages/airflow/example_dags/example_sensors.py
[2025-03-18T23:00:11.934+0000] {logging_mixin.py:190} INFO - [2025-03-18T23:00:11.934+0000] {dag.py:3239} INFO - Sync 1 DAGs
[2025-03-18T23:00:11.951+0000] {logging_mixin.py:190} INFO - [2025-03-18T23:00:11.950+0000] {dag.py:4180} INFO - Setting next_dagrun for example_sensors to None, run_after=None
[2025-03-18T23:00:11.978+0000] {processor.py:208} INFO - Processing /home/airflow/.local/lib/python3.12/site-packages/airflow/example_dags/example_sensors.py took 0.099 seconds
[2025-03-18T23:00:42.055+0000] {processor.py:186} INFO - Started process (PID=1877) to work on /home/airflow/.local/lib/python3.12/site-packages/airflow/example_dags/example_sensors.py
[2025-03-18T23:00:42.062+0000] {processor.py:914} INFO - Processing file /home/airflow/.local/lib/python3.12/site-packages/airflow/example_dags/example_sensors.py for tasks to queue
[2025-03-18T23:00:42.065+0000] {logging_mixin.py:190} INFO - [2025-03-18T23:00:42.065+0000] {dagbag.py:588} INFO - Filling up the DagBag from /home/airflow/.local/lib/python3.12/site-packages/airflow/example_dags/example_sensors.py
[2025-03-18T23:00:42.076+0000] {processor.py:925} INFO - DAG(s) 'example_sensors' retrieved from /home/airflow/.local/lib/python3.12/site-packages/airflow/example_dags/example_sensors.py
[2025-03-18T23:00:42.101+0000] {logging_mixin.py:190} INFO - [2025-03-18T23:00:42.101+0000] {dag.py:3239} INFO - Sync 1 DAGs
[2025-03-18T23:00:42.115+0000] {logging_mixin.py:190} INFO - [2025-03-18T23:00:42.115+0000] {dag.py:4180} INFO - Setting next_dagrun for example_sensors to None, run_after=None
[2025-03-18T23:00:42.136+0000] {processor.py:208} INFO - Processing /home/airflow/.local/lib/python3.12/site-packages/airflow/example_dags/example_sensors.py took 0.086 seconds
[2025-03-18T23:01:12.287+0000] {processor.py:186} INFO - Started process (PID=1940) to work on /home/airflow/.local/lib/python3.12/site-packages/airflow/example_dags/example_sensors.py
[2025-03-18T23:01:12.288+0000] {processor.py:914} INFO - Processing file /home/airflow/.local/lib/python3.12/site-packages/airflow/example_dags/example_sensors.py for tasks to queue
[2025-03-18T23:01:12.290+0000] {logging_mixin.py:190} INFO - [2025-03-18T23:01:12.290+0000] {dagbag.py:588} INFO - Filling up the DagBag from /home/airflow/.local/lib/python3.12/site-packages/airflow/example_dags/example_sensors.py
[2025-03-18T23:01:12.302+0000] {processor.py:925} INFO - DAG(s) 'example_sensors' retrieved from /home/airflow/.local/lib/python3.12/site-packages/airflow/example_dags/example_sensors.py
[2025-03-18T23:01:12.331+0000] {logging_mixin.py:190} INFO - [2025-03-18T23:01:12.331+0000] {dag.py:3239} INFO - Sync 1 DAGs
[2025-03-18T23:01:12.345+0000] {logging_mixin.py:190} INFO - [2025-03-18T23:01:12.345+0000] {dag.py:4180} INFO - Setting next_dagrun for example_sensors to None, run_after=None
[2025-03-18T23:01:12.362+0000] {processor.py:208} INFO - Processing /home/airflow/.local/lib/python3.12/site-packages/airflow/example_dags/example_sensors.py took 0.082 seconds
[2025-03-18T23:01:42.960+0000] {processor.py:186} INFO - Started process (PID=2003) to work on /home/airflow/.local/lib/python3.12/site-packages/airflow/example_dags/example_sensors.py
[2025-03-18T23:01:42.966+0000] {processor.py:914} INFO - Processing file /home/airflow/.local/lib/python3.12/site-packages/airflow/example_dags/example_sensors.py for tasks to queue
[2025-03-18T23:01:42.968+0000] {logging_mixin.py:190} INFO - [2025-03-18T23:01:42.968+0000] {dagbag.py:588} INFO - Filling up the DagBag from /home/airflow/.local/lib/python3.12/site-packages/airflow/example_dags/example_sensors.py
[2025-03-18T23:01:42.980+0000] {processor.py:925} INFO - DAG(s) 'example_sensors' retrieved from /home/airflow/.local/lib/python3.12/site-packages/airflow/example_dags/example_sensors.py
[2025-03-18T23:01:43.011+0000] {logging_mixin.py:190} INFO - [2025-03-18T23:01:43.011+0000] {dag.py:3239} INFO - Sync 1 DAGs
[2025-03-18T23:01:43.025+0000] {logging_mixin.py:190} INFO - [2025-03-18T23:01:43.025+0000] {dag.py:4180} INFO - Setting next_dagrun for example_sensors to None, run_after=None
[2025-03-18T23:01:43.043+0000] {processor.py:208} INFO - Processing /home/airflow/.local/lib/python3.12/site-packages/airflow/example_dags/example_sensors.py took 0.089 seconds
[2025-03-18T23:02:13.435+0000] {processor.py:186} INFO - Started process (PID=2066) to work on /home/airflow/.local/lib/python3.12/site-packages/airflow/example_dags/example_sensors.py
[2025-03-18T23:02:13.436+0000] {processor.py:914} INFO - Processing file /home/airflow/.local/lib/python3.12/site-packages/airflow/example_dags/example_sensors.py for tasks to queue
[2025-03-18T23:02:13.439+0000] {logging_mixin.py:190} INFO - [2025-03-18T23:02:13.439+0000] {dagbag.py:588} INFO - Filling up the DagBag from /home/airflow/.local/lib/python3.12/site-packages/airflow/example_dags/example_sensors.py
[2025-03-18T23:02:13.452+0000] {processor.py:925} INFO - DAG(s) 'example_sensors' retrieved from /home/airflow/.local/lib/python3.12/site-packages/airflow/example_dags/example_sensors.py
[2025-03-18T23:02:13.480+0000] {logging_mixin.py:190} INFO - [2025-03-18T23:02:13.480+0000] {dag.py:3239} INFO - Sync 1 DAGs
[2025-03-18T23:02:13.494+0000] {logging_mixin.py:190} INFO - [2025-03-18T23:02:13.494+0000] {dag.py:4180} INFO - Setting next_dagrun for example_sensors to None, run_after=None
[2025-03-18T23:02:13.512+0000] {processor.py:208} INFO - Processing /home/airflow/.local/lib/python3.12/site-packages/airflow/example_dags/example_sensors.py took 0.085 seconds
[2025-03-18T23:02:43.657+0000] {processor.py:186} INFO - Started process (PID=2128) to work on /home/airflow/.local/lib/python3.12/site-packages/airflow/example_dags/example_sensors.py
[2025-03-18T23:02:43.664+0000] {processor.py:914} INFO - Processing file /home/airflow/.local/lib/python3.12/site-packages/airflow/example_dags/example_sensors.py for tasks to queue
[2025-03-18T23:02:43.668+0000] {logging_mixin.py:190} INFO - [2025-03-18T23:02:43.667+0000] {dagbag.py:588} INFO - Filling up the DagBag from /home/airflow/.local/lib/python3.12/site-packages/airflow/example_dags/example_sensors.py
[2025-03-18T23:02:43.689+0000] {processor.py:925} INFO - DAG(s) 'example_sensors' retrieved from /home/airflow/.local/lib/python3.12/site-packages/airflow/example_dags/example_sensors.py
[2025-03-18T23:02:43.722+0000] {logging_mixin.py:190} INFO - [2025-03-18T23:02:43.722+0000] {dag.py:3239} INFO - Sync 1 DAGs
[2025-03-18T23:02:43.736+0000] {logging_mixin.py:190} INFO - [2025-03-18T23:02:43.736+0000] {dag.py:4180} INFO - Setting next_dagrun for example_sensors to None, run_after=None
[2025-03-18T23:02:43.754+0000] {processor.py:208} INFO - Processing /home/airflow/.local/lib/python3.12/site-packages/airflow/example_dags/example_sensors.py took 0.104 seconds
[2025-03-18T23:03:14.132+0000] {processor.py:186} INFO - Started process (PID=2191) to work on /home/airflow/.local/lib/python3.12/site-packages/airflow/example_dags/example_sensors.py
[2025-03-18T23:03:14.133+0000] {processor.py:914} INFO - Processing file /home/airflow/.local/lib/python3.12/site-packages/airflow/example_dags/example_sensors.py for tasks to queue
[2025-03-18T23:03:14.135+0000] {logging_mixin.py:190} INFO - [2025-03-18T23:03:14.135+0000] {dagbag.py:588} INFO - Filling up the DagBag from /home/airflow/.local/lib/python3.12/site-packages/airflow/example_dags/example_sensors.py
[2025-03-18T23:03:14.147+0000] {processor.py:925} INFO - DAG(s) 'example_sensors' retrieved from /home/airflow/.local/lib/python3.12/site-packages/airflow/example_dags/example_sensors.py
[2025-03-18T23:03:14.170+0000] {logging_mixin.py:190} INFO - [2025-03-18T23:03:14.170+0000] {dag.py:3239} INFO - Sync 1 DAGs
[2025-03-18T23:03:14.184+0000] {logging_mixin.py:190} INFO - [2025-03-18T23:03:14.184+0000] {dag.py:4180} INFO - Setting next_dagrun for example_sensors to None, run_after=None
[2025-03-18T23:03:14.202+0000] {processor.py:208} INFO - Processing /home/airflow/.local/lib/python3.12/site-packages/airflow/example_dags/example_sensors.py took 0.076 seconds
[2025-03-18T23:03:44.657+0000] {processor.py:186} INFO - Started process (PID=2255) to work on /home/airflow/.local/lib/python3.12/site-packages/airflow/example_dags/example_sensors.py
[2025-03-18T23:03:44.664+0000] {processor.py:914} INFO - Processing file /home/airflow/.local/lib/python3.12/site-packages/airflow/example_dags/example_sensors.py for tasks to queue
[2025-03-18T23:03:44.666+0000] {logging_mixin.py:190} INFO - [2025-03-18T23:03:44.666+0000] {dagbag.py:588} INFO - Filling up the DagBag from /home/airflow/.local/lib/python3.12/site-packages/airflow/example_dags/example_sensors.py
[2025-03-18T23:03:44.677+0000] {processor.py:925} INFO - DAG(s) 'example_sensors' retrieved from /home/airflow/.local/lib/python3.12/site-packages/airflow/example_dags/example_sensors.py
[2025-03-18T23:03:44.709+0000] {logging_mixin.py:190} INFO - [2025-03-18T23:03:44.709+0000] {dag.py:3239} INFO - Sync 1 DAGs
[2025-03-18T23:03:44.728+0000] {logging_mixin.py:190} INFO - [2025-03-18T23:03:44.728+0000] {dag.py:4180} INFO - Setting next_dagrun for example_sensors to None, run_after=None
[2025-03-18T23:03:44.753+0000] {processor.py:208} INFO - Processing /home/airflow/.local/lib/python3.12/site-packages/airflow/example_dags/example_sensors.py took 0.105 seconds
[2025-03-18T23:04:15.172+0000] {processor.py:186} INFO - Started process (PID=2318) to work on /home/airflow/.local/lib/python3.12/site-packages/airflow/example_dags/example_sensors.py
[2025-03-18T23:04:15.173+0000] {processor.py:914} INFO - Processing file /home/airflow/.local/lib/python3.12/site-packages/airflow/example_dags/example_sensors.py for tasks to queue
[2025-03-18T23:04:15.175+0000] {logging_mixin.py:190} INFO - [2025-03-18T23:04:15.175+0000] {dagbag.py:588} INFO - Filling up the DagBag from /home/airflow/.local/lib/python3.12/site-packages/airflow/example_dags/example_sensors.py
[2025-03-18T23:04:15.191+0000] {processor.py:925} INFO - DAG(s) 'example_sensors' retrieved from /home/airflow/.local/lib/python3.12/site-packages/airflow/example_dags/example_sensors.py
[2025-03-18T23:04:15.217+0000] {logging_mixin.py:190} INFO - [2025-03-18T23:04:15.217+0000] {dag.py:3239} INFO - Sync 1 DAGs
[2025-03-18T23:04:15.232+0000] {logging_mixin.py:190} INFO - [2025-03-18T23:04:15.232+0000] {dag.py:4180} INFO - Setting next_dagrun for example_sensors to None, run_after=None
[2025-03-18T23:04:15.254+0000] {processor.py:208} INFO - Processing /home/airflow/.local/lib/python3.12/site-packages/airflow/example_dags/example_sensors.py took 0.088 seconds
[2025-03-18T23:04:45.527+0000] {processor.py:186} INFO - Started process (PID=2382) to work on /home/airflow/.local/lib/python3.12/site-packages/airflow/example_dags/example_sensors.py
[2025-03-18T23:04:45.529+0000] {processor.py:914} INFO - Processing file /home/airflow/.local/lib/python3.12/site-packages/airflow/example_dags/example_sensors.py for tasks to queue
[2025-03-18T23:04:45.532+0000] {logging_mixin.py:190} INFO - [2025-03-18T23:04:45.531+0000] {dagbag.py:588} INFO - Filling up the DagBag from /home/airflow/.local/lib/python3.12/site-packages/airflow/example_dags/example_sensors.py
[2025-03-18T23:04:45.548+0000] {processor.py:925} INFO - DAG(s) 'example_sensors' retrieved from /home/airflow/.local/lib/python3.12/site-packages/airflow/example_dags/example_sensors.py
[2025-03-18T23:04:45.573+0000] {logging_mixin.py:190} INFO - [2025-03-18T23:04:45.572+0000] {dag.py:3239} INFO - Sync 1 DAGs
[2025-03-18T23:04:45.588+0000] {logging_mixin.py:190} INFO - [2025-03-18T23:04:45.588+0000] {dag.py:4180} INFO - Setting next_dagrun for example_sensors to None, run_after=None
[2025-03-18T23:04:45.607+0000] {processor.py:208} INFO - Processing /home/airflow/.local/lib/python3.12/site-packages/airflow/example_dags/example_sensors.py took 0.087 seconds
[2025-03-18T23:05:16.349+0000] {processor.py:186} INFO - Started process (PID=2439) to work on /home/airflow/.local/lib/python3.12/site-packages/airflow/example_dags/example_sensors.py
[2025-03-18T23:05:16.351+0000] {processor.py:914} INFO - Processing file /home/airflow/.local/lib/python3.12/site-packages/airflow/example_dags/example_sensors.py for tasks to queue
[2025-03-18T23:05:16.353+0000] {logging_mixin.py:190} INFO - [2025-03-18T23:05:16.353+0000] {dagbag.py:588} INFO - Filling up the DagBag from /home/airflow/.local/lib/python3.12/site-packages/airflow/example_dags/example_sensors.py
[2025-03-18T23:05:16.369+0000] {processor.py:925} INFO - DAG(s) 'example_sensors' retrieved from /home/airflow/.local/lib/python3.12/site-packages/airflow/example_dags/example_sensors.py
[2025-03-18T23:05:16.403+0000] {logging_mixin.py:190} INFO - [2025-03-18T23:05:16.403+0000] {dag.py:3239} INFO - Sync 1 DAGs
[2025-03-18T23:05:16.417+0000] {logging_mixin.py:190} INFO - [2025-03-18T23:05:16.417+0000] {dag.py:4180} INFO - Setting next_dagrun for example_sensors to None, run_after=None
[2025-03-18T23:05:16.442+0000] {processor.py:208} INFO - Processing /home/airflow/.local/lib/python3.12/site-packages/airflow/example_dags/example_sensors.py took 0.102 seconds
[2025-03-18T23:05:46.649+0000] {processor.py:186} INFO - Started process (PID=2501) to work on /home/airflow/.local/lib/python3.12/site-packages/airflow/example_dags/example_sensors.py
[2025-03-18T23:05:46.651+0000] {processor.py:914} INFO - Processing file /home/airflow/.local/lib/python3.12/site-packages/airflow/example_dags/example_sensors.py for tasks to queue
[2025-03-18T23:05:46.653+0000] {logging_mixin.py:190} INFO - [2025-03-18T23:05:46.652+0000] {dagbag.py:588} INFO - Filling up the DagBag from /home/airflow/.local/lib/python3.12/site-packages/airflow/example_dags/example_sensors.py
[2025-03-18T23:05:46.663+0000] {processor.py:925} INFO - DAG(s) 'example_sensors' retrieved from /home/airflow/.local/lib/python3.12/site-packages/airflow/example_dags/example_sensors.py
[2025-03-18T23:05:46.689+0000] {logging_mixin.py:190} INFO - [2025-03-18T23:05:46.689+0000] {dag.py:3239} INFO - Sync 1 DAGs
[2025-03-18T23:05:46.704+0000] {logging_mixin.py:190} INFO - [2025-03-18T23:05:46.704+0000] {dag.py:4180} INFO - Setting next_dagrun for example_sensors to None, run_after=None
[2025-03-18T23:05:46.725+0000] {processor.py:208} INFO - Processing /home/airflow/.local/lib/python3.12/site-packages/airflow/example_dags/example_sensors.py took 0.082 seconds
[2025-03-18T23:06:17.645+0000] {processor.py:186} INFO - Started process (PID=2563) to work on /home/airflow/.local/lib/python3.12/site-packages/airflow/example_dags/example_sensors.py
[2025-03-18T23:06:17.646+0000] {processor.py:914} INFO - Processing file /home/airflow/.local/lib/python3.12/site-packages/airflow/example_dags/example_sensors.py for tasks to queue
[2025-03-18T23:06:17.649+0000] {logging_mixin.py:190} INFO - [2025-03-18T23:06:17.648+0000] {dagbag.py:588} INFO - Filling up the DagBag from /home/airflow/.local/lib/python3.12/site-packages/airflow/example_dags/example_sensors.py
[2025-03-18T23:06:17.684+0000] {processor.py:925} INFO - DAG(s) 'example_sensors' retrieved from /home/airflow/.local/lib/python3.12/site-packages/airflow/example_dags/example_sensors.py
[2025-03-18T23:06:17.739+0000] {logging_mixin.py:190} INFO - [2025-03-18T23:06:17.739+0000] {dag.py:3239} INFO - Sync 1 DAGs
[2025-03-18T23:06:17.775+0000] {logging_mixin.py:190} INFO - [2025-03-18T23:06:17.774+0000] {dag.py:4180} INFO - Setting next_dagrun for example_sensors to None, run_after=None
[2025-03-18T23:06:17.793+0000] {processor.py:208} INFO - Processing /home/airflow/.local/lib/python3.12/site-packages/airflow/example_dags/example_sensors.py took 0.155 seconds
[2025-03-18T23:06:47.986+0000] {processor.py:186} INFO - Started process (PID=2625) to work on /home/airflow/.local/lib/python3.12/site-packages/airflow/example_dags/example_sensors.py
[2025-03-18T23:06:47.988+0000] {processor.py:914} INFO - Processing file /home/airflow/.local/lib/python3.12/site-packages/airflow/example_dags/example_sensors.py for tasks to queue
[2025-03-18T23:06:47.991+0000] {logging_mixin.py:190} INFO - [2025-03-18T23:06:47.990+0000] {dagbag.py:588} INFO - Filling up the DagBag from /home/airflow/.local/lib/python3.12/site-packages/airflow/example_dags/example_sensors.py
[2025-03-18T23:06:48.002+0000] {processor.py:925} INFO - DAG(s) 'example_sensors' retrieved from /home/airflow/.local/lib/python3.12/site-packages/airflow/example_dags/example_sensors.py
[2025-03-18T23:06:48.032+0000] {logging_mixin.py:190} INFO - [2025-03-18T23:06:48.032+0000] {dag.py:3239} INFO - Sync 1 DAGs
[2025-03-18T23:06:48.049+0000] {logging_mixin.py:190} INFO - [2025-03-18T23:06:48.049+0000] {dag.py:4180} INFO - Setting next_dagrun for example_sensors to None, run_after=None
[2025-03-18T23:06:48.078+0000] {processor.py:208} INFO - Processing /home/airflow/.local/lib/python3.12/site-packages/airflow/example_dags/example_sensors.py took 0.099 seconds
[2025-03-18T23:07:19.020+0000] {processor.py:186} INFO - Started process (PID=2688) to work on /home/airflow/.local/lib/python3.12/site-packages/airflow/example_dags/example_sensors.py
[2025-03-18T23:07:19.021+0000] {processor.py:914} INFO - Processing file /home/airflow/.local/lib/python3.12/site-packages/airflow/example_dags/example_sensors.py for tasks to queue
[2025-03-18T23:07:19.023+0000] {logging_mixin.py:190} INFO - [2025-03-18T23:07:19.023+0000] {dagbag.py:588} INFO - Filling up the DagBag from /home/airflow/.local/lib/python3.12/site-packages/airflow/example_dags/example_sensors.py
[2025-03-18T23:07:19.035+0000] {processor.py:925} INFO - DAG(s) 'example_sensors' retrieved from /home/airflow/.local/lib/python3.12/site-packages/airflow/example_dags/example_sensors.py
[2025-03-18T23:07:19.060+0000] {logging_mixin.py:190} INFO - [2025-03-18T23:07:19.060+0000] {dag.py:3239} INFO - Sync 1 DAGs
[2025-03-18T23:07:19.078+0000] {logging_mixin.py:190} INFO - [2025-03-18T23:07:19.078+0000] {dag.py:4180} INFO - Setting next_dagrun for example_sensors to None, run_after=None
[2025-03-18T23:07:19.096+0000] {processor.py:208} INFO - Processing /home/airflow/.local/lib/python3.12/site-packages/airflow/example_dags/example_sensors.py took 0.082 seconds
[2025-03-18T23:07:49.511+0000] {processor.py:186} INFO - Started process (PID=2744) to work on /home/airflow/.local/lib/python3.12/site-packages/airflow/example_dags/example_sensors.py
[2025-03-18T23:07:49.512+0000] {processor.py:914} INFO - Processing file /home/airflow/.local/lib/python3.12/site-packages/airflow/example_dags/example_sensors.py for tasks to queue
[2025-03-18T23:07:49.514+0000] {logging_mixin.py:190} INFO - [2025-03-18T23:07:49.514+0000] {dagbag.py:588} INFO - Filling up the DagBag from /home/airflow/.local/lib/python3.12/site-packages/airflow/example_dags/example_sensors.py
[2025-03-18T23:07:49.525+0000] {processor.py:925} INFO - DAG(s) 'example_sensors' retrieved from /home/airflow/.local/lib/python3.12/site-packages/airflow/example_dags/example_sensors.py
[2025-03-18T23:07:49.556+0000] {logging_mixin.py:190} INFO - [2025-03-18T23:07:49.556+0000] {dag.py:3239} INFO - Sync 1 DAGs
[2025-03-18T23:07:49.572+0000] {logging_mixin.py:190} INFO - [2025-03-18T23:07:49.571+0000] {dag.py:4180} INFO - Setting next_dagrun for example_sensors to None, run_after=None
[2025-03-18T23:07:49.594+0000] {processor.py:208} INFO - Processing /home/airflow/.local/lib/python3.12/site-packages/airflow/example_dags/example_sensors.py took 0.089 seconds
[2025-03-18T23:08:19.762+0000] {processor.py:186} INFO - Started process (PID=2806) to work on /home/airflow/.local/lib/python3.12/site-packages/airflow/example_dags/example_sensors.py
[2025-03-18T23:08:19.763+0000] {processor.py:914} INFO - Processing file /home/airflow/.local/lib/python3.12/site-packages/airflow/example_dags/example_sensors.py for tasks to queue
[2025-03-18T23:08:19.765+0000] {logging_mixin.py:190} INFO - [2025-03-18T23:08:19.764+0000] {dagbag.py:588} INFO - Filling up the DagBag from /home/airflow/.local/lib/python3.12/site-packages/airflow/example_dags/example_sensors.py
[2025-03-18T23:08:19.775+0000] {processor.py:925} INFO - DAG(s) 'example_sensors' retrieved from /home/airflow/.local/lib/python3.12/site-packages/airflow/example_dags/example_sensors.py
[2025-03-18T23:08:19.802+0000] {logging_mixin.py:190} INFO - [2025-03-18T23:08:19.802+0000] {dag.py:3239} INFO - Sync 1 DAGs
[2025-03-18T23:08:19.816+0000] {logging_mixin.py:190} INFO - [2025-03-18T23:08:19.816+0000] {dag.py:4180} INFO - Setting next_dagrun for example_sensors to None, run_after=None
[2025-03-18T23:08:19.837+0000] {processor.py:208} INFO - Processing /home/airflow/.local/lib/python3.12/site-packages/airflow/example_dags/example_sensors.py took 0.080 seconds
[2025-03-18T23:08:50.227+0000] {processor.py:186} INFO - Started process (PID=2869) to work on /home/airflow/.local/lib/python3.12/site-packages/airflow/example_dags/example_sensors.py
[2025-03-18T23:08:50.229+0000] {processor.py:914} INFO - Processing file /home/airflow/.local/lib/python3.12/site-packages/airflow/example_dags/example_sensors.py for tasks to queue
[2025-03-18T23:08:50.231+0000] {logging_mixin.py:190} INFO - [2025-03-18T23:08:50.231+0000] {dagbag.py:588} INFO - Filling up the DagBag from /home/airflow/.local/lib/python3.12/site-packages/airflow/example_dags/example_sensors.py
[2025-03-18T23:08:50.244+0000] {processor.py:925} INFO - DAG(s) 'example_sensors' retrieved from /home/airflow/.local/lib/python3.12/site-packages/airflow/example_dags/example_sensors.py
[2025-03-18T23:08:50.270+0000] {logging_mixin.py:190} INFO - [2025-03-18T23:08:50.269+0000] {dag.py:3239} INFO - Sync 1 DAGs
[2025-03-18T23:08:50.297+0000] {logging_mixin.py:190} INFO - [2025-03-18T23:08:50.297+0000] {dag.py:4180} INFO - Setting next_dagrun for example_sensors to None, run_after=None
[2025-03-18T23:08:50.315+0000] {processor.py:208} INFO - Processing /home/airflow/.local/lib/python3.12/site-packages/airflow/example_dags/example_sensors.py took 0.109 seconds
[2025-03-18T23:09:20.846+0000] {processor.py:186} INFO - Started process (PID=2932) to work on /home/airflow/.local/lib/python3.12/site-packages/airflow/example_dags/example_sensors.py
[2025-03-18T23:09:20.847+0000] {processor.py:914} INFO - Processing file /home/airflow/.local/lib/python3.12/site-packages/airflow/example_dags/example_sensors.py for tasks to queue
[2025-03-18T23:09:20.850+0000] {logging_mixin.py:190} INFO - [2025-03-18T23:09:20.850+0000] {dagbag.py:588} INFO - Filling up the DagBag from /home/airflow/.local/lib/python3.12/site-packages/airflow/example_dags/example_sensors.py
[2025-03-18T23:09:20.866+0000] {processor.py:925} INFO - DAG(s) 'example_sensors' retrieved from /home/airflow/.local/lib/python3.12/site-packages/airflow/example_dags/example_sensors.py
[2025-03-18T23:09:20.896+0000] {logging_mixin.py:190} INFO - [2025-03-18T23:09:20.895+0000] {dag.py:3239} INFO - Sync 1 DAGs
[2025-03-18T23:09:20.913+0000] {logging_mixin.py:190} INFO - [2025-03-18T23:09:20.913+0000] {dag.py:4180} INFO - Setting next_dagrun for example_sensors to None, run_after=None
[2025-03-18T23:09:20.939+0000] {processor.py:208} INFO - Processing /home/airflow/.local/lib/python3.12/site-packages/airflow/example_dags/example_sensors.py took 0.099 seconds
[2025-03-18T23:09:51.091+0000] {processor.py:186} INFO - Started process (PID=2995) to work on /home/airflow/.local/lib/python3.12/site-packages/airflow/example_dags/example_sensors.py
[2025-03-18T23:09:51.093+0000] {processor.py:914} INFO - Processing file /home/airflow/.local/lib/python3.12/site-packages/airflow/example_dags/example_sensors.py for tasks to queue
[2025-03-18T23:09:51.095+0000] {logging_mixin.py:190} INFO - [2025-03-18T23:09:51.095+0000] {dagbag.py:588} INFO - Filling up the DagBag from /home/airflow/.local/lib/python3.12/site-packages/airflow/example_dags/example_sensors.py
[2025-03-18T23:09:51.110+0000] {processor.py:925} INFO - DAG(s) 'example_sensors' retrieved from /home/airflow/.local/lib/python3.12/site-packages/airflow/example_dags/example_sensors.py
[2025-03-18T23:09:51.155+0000] {logging_mixin.py:190} INFO - [2025-03-18T23:09:51.155+0000] {dag.py:3239} INFO - Sync 1 DAGs
[2025-03-18T23:09:51.173+0000] {logging_mixin.py:190} INFO - [2025-03-18T23:09:51.173+0000] {dag.py:4180} INFO - Setting next_dagrun for example_sensors to None, run_after=None
[2025-03-18T23:09:51.205+0000] {processor.py:208} INFO - Processing /home/airflow/.local/lib/python3.12/site-packages/airflow/example_dags/example_sensors.py took 0.120 seconds
[2025-03-18T23:10:21.714+0000] {processor.py:186} INFO - Started process (PID=3058) to work on /home/airflow/.local/lib/python3.12/site-packages/airflow/example_dags/example_sensors.py
[2025-03-18T23:10:21.715+0000] {processor.py:914} INFO - Processing file /home/airflow/.local/lib/python3.12/site-packages/airflow/example_dags/example_sensors.py for tasks to queue
[2025-03-18T23:10:21.717+0000] {logging_mixin.py:190} INFO - [2025-03-18T23:10:21.717+0000] {dagbag.py:588} INFO - Filling up the DagBag from /home/airflow/.local/lib/python3.12/site-packages/airflow/example_dags/example_sensors.py
[2025-03-18T23:10:21.727+0000] {processor.py:925} INFO - DAG(s) 'example_sensors' retrieved from /home/airflow/.local/lib/python3.12/site-packages/airflow/example_dags/example_sensors.py
[2025-03-18T23:10:21.752+0000] {logging_mixin.py:190} INFO - [2025-03-18T23:10:21.752+0000] {dag.py:3239} INFO - Sync 1 DAGs
[2025-03-18T23:10:21.766+0000] {logging_mixin.py:190} INFO - [2025-03-18T23:10:21.766+0000] {dag.py:4180} INFO - Setting next_dagrun for example_sensors to None, run_after=None
[2025-03-18T23:10:21.786+0000] {processor.py:208} INFO - Processing /home/airflow/.local/lib/python3.12/site-packages/airflow/example_dags/example_sensors.py took 0.078 seconds
[2025-03-18T23:10:52.127+0000] {processor.py:186} INFO - Started process (PID=3121) to work on /home/airflow/.local/lib/python3.12/site-packages/airflow/example_dags/example_sensors.py
[2025-03-18T23:10:52.129+0000] {processor.py:914} INFO - Processing file /home/airflow/.local/lib/python3.12/site-packages/airflow/example_dags/example_sensors.py for tasks to queue
[2025-03-18T23:10:52.131+0000] {logging_mixin.py:190} INFO - [2025-03-18T23:10:52.131+0000] {dagbag.py:588} INFO - Filling up the DagBag from /home/airflow/.local/lib/python3.12/site-packages/airflow/example_dags/example_sensors.py
[2025-03-18T23:10:52.163+0000] {processor.py:925} INFO - DAG(s) 'example_sensors' retrieved from /home/airflow/.local/lib/python3.12/site-packages/airflow/example_dags/example_sensors.py
[2025-03-18T23:10:52.198+0000] {logging_mixin.py:190} INFO - [2025-03-18T23:10:52.198+0000] {dag.py:3239} INFO - Sync 1 DAGs
[2025-03-18T23:10:52.214+0000] {logging_mixin.py:190} INFO - [2025-03-18T23:10:52.214+0000] {dag.py:4180} INFO - Setting next_dagrun for example_sensors to None, run_after=None
[2025-03-18T23:10:52.232+0000] {processor.py:208} INFO - Processing /home/airflow/.local/lib/python3.12/site-packages/airflow/example_dags/example_sensors.py took 0.111 seconds
[2025-03-18T23:11:23.277+0000] {processor.py:186} INFO - Started process (PID=3184) to work on /home/airflow/.local/lib/python3.12/site-packages/airflow/example_dags/example_sensors.py
[2025-03-18T23:11:23.278+0000] {processor.py:914} INFO - Processing file /home/airflow/.local/lib/python3.12/site-packages/airflow/example_dags/example_sensors.py for tasks to queue
[2025-03-18T23:11:23.281+0000] {logging_mixin.py:190} INFO - [2025-03-18T23:11:23.281+0000] {dagbag.py:588} INFO - Filling up the DagBag from /home/airflow/.local/lib/python3.12/site-packages/airflow/example_dags/example_sensors.py
[2025-03-18T23:11:23.296+0000] {processor.py:925} INFO - DAG(s) 'example_sensors' retrieved from /home/airflow/.local/lib/python3.12/site-packages/airflow/example_dags/example_sensors.py
[2025-03-18T23:11:23.323+0000] {logging_mixin.py:190} INFO - [2025-03-18T23:11:23.323+0000] {dag.py:3239} INFO - Sync 1 DAGs
[2025-03-18T23:11:23.339+0000] {logging_mixin.py:190} INFO - [2025-03-18T23:11:23.338+0000] {dag.py:4180} INFO - Setting next_dagrun for example_sensors to None, run_after=None
[2025-03-18T23:11:23.359+0000] {processor.py:208} INFO - Processing /home/airflow/.local/lib/python3.12/site-packages/airflow/example_dags/example_sensors.py took 0.088 seconds
[2025-03-18T23:11:53.809+0000] {processor.py:186} INFO - Started process (PID=3246) to work on /home/airflow/.local/lib/python3.12/site-packages/airflow/example_dags/example_sensors.py
[2025-03-18T23:11:53.816+0000] {processor.py:914} INFO - Processing file /home/airflow/.local/lib/python3.12/site-packages/airflow/example_dags/example_sensors.py for tasks to queue
[2025-03-18T23:11:53.818+0000] {logging_mixin.py:190} INFO - [2025-03-18T23:11:53.818+0000] {dagbag.py:588} INFO - Filling up the DagBag from /home/airflow/.local/lib/python3.12/site-packages/airflow/example_dags/example_sensors.py
[2025-03-18T23:11:53.829+0000] {processor.py:925} INFO - DAG(s) 'example_sensors' retrieved from /home/airflow/.local/lib/python3.12/site-packages/airflow/example_dags/example_sensors.py
[2025-03-18T23:11:53.854+0000] {logging_mixin.py:190} INFO - [2025-03-18T23:11:53.854+0000] {dag.py:3239} INFO - Sync 1 DAGs
[2025-03-18T23:11:53.868+0000] {logging_mixin.py:190} INFO - [2025-03-18T23:11:53.868+0000] {dag.py:4180} INFO - Setting next_dagrun for example_sensors to None, run_after=None
[2025-03-18T23:11:53.887+0000] {processor.py:208} INFO - Processing /home/airflow/.local/lib/python3.12/site-packages/airflow/example_dags/example_sensors.py took 0.085 seconds
[2025-03-18T23:12:23.948+0000] {processor.py:186} INFO - Started process (PID=3309) to work on /home/airflow/.local/lib/python3.12/site-packages/airflow/example_dags/example_sensors.py
[2025-03-18T23:12:23.949+0000] {processor.py:914} INFO - Processing file /home/airflow/.local/lib/python3.12/site-packages/airflow/example_dags/example_sensors.py for tasks to queue
[2025-03-18T23:12:23.951+0000] {logging_mixin.py:190} INFO - [2025-03-18T23:12:23.951+0000] {dagbag.py:588} INFO - Filling up the DagBag from /home/airflow/.local/lib/python3.12/site-packages/airflow/example_dags/example_sensors.py
[2025-03-18T23:12:23.964+0000] {processor.py:925} INFO - DAG(s) 'example_sensors' retrieved from /home/airflow/.local/lib/python3.12/site-packages/airflow/example_dags/example_sensors.py
[2025-03-18T23:12:23.989+0000] {logging_mixin.py:190} INFO - [2025-03-18T23:12:23.989+0000] {dag.py:3239} INFO - Sync 1 DAGs
[2025-03-18T23:12:24.004+0000] {logging_mixin.py:190} INFO - [2025-03-18T23:12:24.003+0000] {dag.py:4180} INFO - Setting next_dagrun for example_sensors to None, run_after=None
[2025-03-18T23:12:24.029+0000] {processor.py:208} INFO - Processing /home/airflow/.local/lib/python3.12/site-packages/airflow/example_dags/example_sensors.py took 0.088 seconds
[2025-03-18T23:12:54.112+0000] {processor.py:186} INFO - Started process (PID=3372) to work on /home/airflow/.local/lib/python3.12/site-packages/airflow/example_dags/example_sensors.py
[2025-03-18T23:12:54.113+0000] {processor.py:914} INFO - Processing file /home/airflow/.local/lib/python3.12/site-packages/airflow/example_dags/example_sensors.py for tasks to queue
[2025-03-18T23:12:54.117+0000] {logging_mixin.py:190} INFO - [2025-03-18T23:12:54.116+0000] {dagbag.py:588} INFO - Filling up the DagBag from /home/airflow/.local/lib/python3.12/site-packages/airflow/example_dags/example_sensors.py
[2025-03-18T23:12:54.135+0000] {processor.py:925} INFO - DAG(s) 'example_sensors' retrieved from /home/airflow/.local/lib/python3.12/site-packages/airflow/example_dags/example_sensors.py
[2025-03-18T23:12:54.173+0000] {logging_mixin.py:190} INFO - [2025-03-18T23:12:54.173+0000] {dag.py:3239} INFO - Sync 1 DAGs
[2025-03-18T23:12:54.202+0000] {logging_mixin.py:190} INFO - [2025-03-18T23:12:54.202+0000] {dag.py:4180} INFO - Setting next_dagrun for example_sensors to None, run_after=None
[2025-03-18T23:12:54.235+0000] {processor.py:208} INFO - Processing /home/airflow/.local/lib/python3.12/site-packages/airflow/example_dags/example_sensors.py took 0.136 seconds
[2025-03-18T23:13:24.635+0000] {processor.py:186} INFO - Started process (PID=3435) to work on /home/airflow/.local/lib/python3.12/site-packages/airflow/example_dags/example_sensors.py
[2025-03-18T23:13:24.635+0000] {processor.py:914} INFO - Processing file /home/airflow/.local/lib/python3.12/site-packages/airflow/example_dags/example_sensors.py for tasks to queue
[2025-03-18T23:13:24.638+0000] {logging_mixin.py:190} INFO - [2025-03-18T23:13:24.638+0000] {dagbag.py:588} INFO - Filling up the DagBag from /home/airflow/.local/lib/python3.12/site-packages/airflow/example_dags/example_sensors.py
[2025-03-18T23:13:24.656+0000] {processor.py:925} INFO - DAG(s) 'example_sensors' retrieved from /home/airflow/.local/lib/python3.12/site-packages/airflow/example_dags/example_sensors.py
[2025-03-18T23:13:24.684+0000] {logging_mixin.py:190} INFO - [2025-03-18T23:13:24.684+0000] {dag.py:3239} INFO - Sync 1 DAGs
[2025-03-18T23:13:24.700+0000] {logging_mixin.py:190} INFO - [2025-03-18T23:13:24.699+0000] {dag.py:4180} INFO - Setting next_dagrun for example_sensors to None, run_after=None
[2025-03-18T23:13:24.731+0000] {processor.py:208} INFO - Processing /home/airflow/.local/lib/python3.12/site-packages/airflow/example_dags/example_sensors.py took 0.103 seconds
[2025-03-18T23:13:54.952+0000] {processor.py:186} INFO - Started process (PID=3492) to work on /home/airflow/.local/lib/python3.12/site-packages/airflow/example_dags/example_sensors.py
[2025-03-18T23:13:54.954+0000] {processor.py:914} INFO - Processing file /home/airflow/.local/lib/python3.12/site-packages/airflow/example_dags/example_sensors.py for tasks to queue
[2025-03-18T23:13:54.956+0000] {logging_mixin.py:190} INFO - [2025-03-18T23:13:54.956+0000] {dagbag.py:588} INFO - Filling up the DagBag from /home/airflow/.local/lib/python3.12/site-packages/airflow/example_dags/example_sensors.py
[2025-03-18T23:13:54.969+0000] {processor.py:925} INFO - DAG(s) 'example_sensors' retrieved from /home/airflow/.local/lib/python3.12/site-packages/airflow/example_dags/example_sensors.py
[2025-03-18T23:13:54.994+0000] {logging_mixin.py:190} INFO - [2025-03-18T23:13:54.994+0000] {dag.py:3239} INFO - Sync 1 DAGs
[2025-03-18T23:13:55.009+0000] {logging_mixin.py:190} INFO - [2025-03-18T23:13:55.009+0000] {dag.py:4180} INFO - Setting next_dagrun for example_sensors to None, run_after=None
[2025-03-18T23:13:55.028+0000] {processor.py:208} INFO - Processing /home/airflow/.local/lib/python3.12/site-packages/airflow/example_dags/example_sensors.py took 0.082 seconds
[2025-03-18T23:14:25.188+0000] {processor.py:186} INFO - Started process (PID=3555) to work on /home/airflow/.local/lib/python3.12/site-packages/airflow/example_dags/example_sensors.py
[2025-03-18T23:14:25.189+0000] {processor.py:914} INFO - Processing file /home/airflow/.local/lib/python3.12/site-packages/airflow/example_dags/example_sensors.py for tasks to queue
[2025-03-18T23:14:25.191+0000] {logging_mixin.py:190} INFO - [2025-03-18T23:14:25.191+0000] {dagbag.py:588} INFO - Filling up the DagBag from /home/airflow/.local/lib/python3.12/site-packages/airflow/example_dags/example_sensors.py
[2025-03-18T23:14:25.202+0000] {processor.py:925} INFO - DAG(s) 'example_sensors' retrieved from /home/airflow/.local/lib/python3.12/site-packages/airflow/example_dags/example_sensors.py
[2025-03-18T23:14:25.229+0000] {logging_mixin.py:190} INFO - [2025-03-18T23:14:25.228+0000] {dag.py:3239} INFO - Sync 1 DAGs
[2025-03-18T23:14:25.243+0000] {logging_mixin.py:190} INFO - [2025-03-18T23:14:25.242+0000] {dag.py:4180} INFO - Setting next_dagrun for example_sensors to None, run_after=None
[2025-03-18T23:14:25.262+0000] {processor.py:208} INFO - Processing /home/airflow/.local/lib/python3.12/site-packages/airflow/example_dags/example_sensors.py took 0.080 seconds
[2025-03-18T23:14:56.485+0000] {processor.py:186} INFO - Started process (PID=3618) to work on /home/airflow/.local/lib/python3.12/site-packages/airflow/example_dags/example_sensors.py
[2025-03-18T23:14:56.488+0000] {processor.py:914} INFO - Processing file /home/airflow/.local/lib/python3.12/site-packages/airflow/example_dags/example_sensors.py for tasks to queue
[2025-03-18T23:14:56.490+0000] {logging_mixin.py:190} INFO - [2025-03-18T23:14:56.490+0000] {dagbag.py:588} INFO - Filling up the DagBag from /home/airflow/.local/lib/python3.12/site-packages/airflow/example_dags/example_sensors.py
[2025-03-18T23:14:56.503+0000] {processor.py:925} INFO - DAG(s) 'example_sensors' retrieved from /home/airflow/.local/lib/python3.12/site-packages/airflow/example_dags/example_sensors.py
[2025-03-18T23:14:56.536+0000] {logging_mixin.py:190} INFO - [2025-03-18T23:14:56.536+0000] {dag.py:3239} INFO - Sync 1 DAGs
[2025-03-18T23:14:56.556+0000] {logging_mixin.py:190} INFO - [2025-03-18T23:14:56.556+0000] {dag.py:4180} INFO - Setting next_dagrun for example_sensors to None, run_after=None
[2025-03-18T23:14:56.576+0000] {processor.py:208} INFO - Processing /home/airflow/.local/lib/python3.12/site-packages/airflow/example_dags/example_sensors.py took 0.098 seconds
[2025-03-18T23:15:28.016+0000] {processor.py:186} INFO - Started process (PID=3676) to work on /home/airflow/.local/lib/python3.12/site-packages/airflow/example_dags/example_sensors.py
[2025-03-18T23:15:28.017+0000] {processor.py:914} INFO - Processing file /home/airflow/.local/lib/python3.12/site-packages/airflow/example_dags/example_sensors.py for tasks to queue
[2025-03-18T23:15:28.020+0000] {logging_mixin.py:190} INFO - [2025-03-18T23:15:28.019+0000] {dagbag.py:588} INFO - Filling up the DagBag from /home/airflow/.local/lib/python3.12/site-packages/airflow/example_dags/example_sensors.py
[2025-03-18T23:15:28.033+0000] {processor.py:925} INFO - DAG(s) 'example_sensors' retrieved from /home/airflow/.local/lib/python3.12/site-packages/airflow/example_dags/example_sensors.py
[2025-03-18T23:15:28.068+0000] {logging_mixin.py:190} INFO - [2025-03-18T23:15:28.067+0000] {dag.py:3239} INFO - Sync 1 DAGs
[2025-03-18T23:15:28.086+0000] {logging_mixin.py:190} INFO - [2025-03-18T23:15:28.086+0000] {dag.py:4180} INFO - Setting next_dagrun for example_sensors to None, run_after=None
[2025-03-18T23:15:28.106+0000] {processor.py:208} INFO - Processing /home/airflow/.local/lib/python3.12/site-packages/airflow/example_dags/example_sensors.py took 0.097 seconds
[2025-03-18T23:16:01.131+0000] {processor.py:186} INFO - Started process (PID=3739) to work on /home/airflow/.local/lib/python3.12/site-packages/airflow/example_dags/example_sensors.py
[2025-03-18T23:16:01.133+0000] {processor.py:914} INFO - Processing file /home/airflow/.local/lib/python3.12/site-packages/airflow/example_dags/example_sensors.py for tasks to queue
[2025-03-18T23:16:01.136+0000] {logging_mixin.py:190} INFO - [2025-03-18T23:16:01.135+0000] {dagbag.py:588} INFO - Filling up the DagBag from /home/airflow/.local/lib/python3.12/site-packages/airflow/example_dags/example_sensors.py
[2025-03-18T23:16:01.147+0000] {processor.py:925} INFO - DAG(s) 'example_sensors' retrieved from /home/airflow/.local/lib/python3.12/site-packages/airflow/example_dags/example_sensors.py
[2025-03-18T23:16:01.173+0000] {logging_mixin.py:190} INFO - [2025-03-18T23:16:01.173+0000] {dag.py:3239} INFO - Sync 1 DAGs
[2025-03-18T23:16:01.190+0000] {logging_mixin.py:190} INFO - [2025-03-18T23:16:01.190+0000] {dag.py:4180} INFO - Setting next_dagrun for example_sensors to None, run_after=None
[2025-03-18T23:16:01.216+0000] {processor.py:208} INFO - Processing /home/airflow/.local/lib/python3.12/site-packages/airflow/example_dags/example_sensors.py took 0.091 seconds
[2025-03-18T23:16:32.154+0000] {processor.py:186} INFO - Started process (PID=3802) to work on /home/airflow/.local/lib/python3.12/site-packages/airflow/example_dags/example_sensors.py
[2025-03-18T23:16:32.155+0000] {processor.py:914} INFO - Processing file /home/airflow/.local/lib/python3.12/site-packages/airflow/example_dags/example_sensors.py for tasks to queue
[2025-03-18T23:16:32.159+0000] {logging_mixin.py:190} INFO - [2025-03-18T23:16:32.159+0000] {dagbag.py:588} INFO - Filling up the DagBag from /home/airflow/.local/lib/python3.12/site-packages/airflow/example_dags/example_sensors.py
[2025-03-18T23:16:32.172+0000] {processor.py:925} INFO - DAG(s) 'example_sensors' retrieved from /home/airflow/.local/lib/python3.12/site-packages/airflow/example_dags/example_sensors.py
[2025-03-18T23:16:32.201+0000] {logging_mixin.py:190} INFO - [2025-03-18T23:16:32.200+0000] {dag.py:3239} INFO - Sync 1 DAGs
[2025-03-18T23:16:32.219+0000] {logging_mixin.py:190} INFO - [2025-03-18T23:16:32.218+0000] {dag.py:4180} INFO - Setting next_dagrun for example_sensors to None, run_after=None
[2025-03-18T23:16:32.239+0000] {processor.py:208} INFO - Processing /home/airflow/.local/lib/python3.12/site-packages/airflow/example_dags/example_sensors.py took 0.091 seconds
[2025-03-18T23:17:02.618+0000] {processor.py:186} INFO - Started process (PID=3862) to work on /home/airflow/.local/lib/python3.12/site-packages/airflow/example_dags/example_sensors.py
[2025-03-18T23:17:02.619+0000] {processor.py:914} INFO - Processing file /home/airflow/.local/lib/python3.12/site-packages/airflow/example_dags/example_sensors.py for tasks to queue
[2025-03-18T23:17:02.622+0000] {logging_mixin.py:190} INFO - [2025-03-18T23:17:02.621+0000] {dagbag.py:588} INFO - Filling up the DagBag from /home/airflow/.local/lib/python3.12/site-packages/airflow/example_dags/example_sensors.py
[2025-03-18T23:17:02.633+0000] {processor.py:925} INFO - DAG(s) 'example_sensors' retrieved from /home/airflow/.local/lib/python3.12/site-packages/airflow/example_dags/example_sensors.py
[2025-03-18T23:17:02.657+0000] {logging_mixin.py:190} INFO - [2025-03-18T23:17:02.657+0000] {dag.py:3239} INFO - Sync 1 DAGs
[2025-03-18T23:17:02.671+0000] {logging_mixin.py:190} INFO - [2025-03-18T23:17:02.670+0000] {dag.py:4180} INFO - Setting next_dagrun for example_sensors to None, run_after=None
[2025-03-18T23:17:02.704+0000] {processor.py:208} INFO - Processing /home/airflow/.local/lib/python3.12/site-packages/airflow/example_dags/example_sensors.py took 0.092 seconds
[2025-03-18T23:17:33.572+0000] {processor.py:186} INFO - Started process (PID=3925) to work on /home/airflow/.local/lib/python3.12/site-packages/airflow/example_dags/example_sensors.py
[2025-03-18T23:17:33.573+0000] {processor.py:914} INFO - Processing file /home/airflow/.local/lib/python3.12/site-packages/airflow/example_dags/example_sensors.py for tasks to queue
[2025-03-18T23:17:33.587+0000] {logging_mixin.py:190} INFO - [2025-03-18T23:17:33.587+0000] {dagbag.py:588} INFO - Filling up the DagBag from /home/airflow/.local/lib/python3.12/site-packages/airflow/example_dags/example_sensors.py
[2025-03-18T23:17:33.626+0000] {processor.py:925} INFO - DAG(s) 'example_sensors' retrieved from /home/airflow/.local/lib/python3.12/site-packages/airflow/example_dags/example_sensors.py
[2025-03-18T23:17:33.687+0000] {logging_mixin.py:190} INFO - [2025-03-18T23:17:33.686+0000] {dag.py:3239} INFO - Sync 1 DAGs
[2025-03-18T23:17:33.702+0000] {logging_mixin.py:190} INFO - [2025-03-18T23:17:33.701+0000] {dag.py:4180} INFO - Setting next_dagrun for example_sensors to None, run_after=None
[2025-03-18T23:17:33.733+0000] {processor.py:208} INFO - Processing /home/airflow/.local/lib/python3.12/site-packages/airflow/example_dags/example_sensors.py took 0.172 seconds
[2025-03-18T23:18:04.567+0000] {processor.py:186} INFO - Started process (PID=3988) to work on /home/airflow/.local/lib/python3.12/site-packages/airflow/example_dags/example_sensors.py
[2025-03-18T23:18:04.568+0000] {processor.py:914} INFO - Processing file /home/airflow/.local/lib/python3.12/site-packages/airflow/example_dags/example_sensors.py for tasks to queue
[2025-03-18T23:18:04.571+0000] {logging_mixin.py:190} INFO - [2025-03-18T23:18:04.570+0000] {dagbag.py:588} INFO - Filling up the DagBag from /home/airflow/.local/lib/python3.12/site-packages/airflow/example_dags/example_sensors.py
[2025-03-18T23:18:04.583+0000] {processor.py:925} INFO - DAG(s) 'example_sensors' retrieved from /home/airflow/.local/lib/python3.12/site-packages/airflow/example_dags/example_sensors.py
[2025-03-18T23:18:04.608+0000] {logging_mixin.py:190} INFO - [2025-03-18T23:18:04.608+0000] {dag.py:3239} INFO - Sync 1 DAGs
[2025-03-18T23:18:04.623+0000] {logging_mixin.py:190} INFO - [2025-03-18T23:18:04.623+0000] {dag.py:4180} INFO - Setting next_dagrun for example_sensors to None, run_after=None
[2025-03-18T23:18:04.646+0000] {processor.py:208} INFO - Processing /home/airflow/.local/lib/python3.12/site-packages/airflow/example_dags/example_sensors.py took 0.089 seconds
[2025-03-18T23:18:35.288+0000] {processor.py:186} INFO - Started process (PID=4051) to work on /home/airflow/.local/lib/python3.12/site-packages/airflow/example_dags/example_sensors.py
[2025-03-18T23:18:35.289+0000] {processor.py:914} INFO - Processing file /home/airflow/.local/lib/python3.12/site-packages/airflow/example_dags/example_sensors.py for tasks to queue
[2025-03-18T23:18:35.291+0000] {logging_mixin.py:190} INFO - [2025-03-18T23:18:35.291+0000] {dagbag.py:588} INFO - Filling up the DagBag from /home/airflow/.local/lib/python3.12/site-packages/airflow/example_dags/example_sensors.py
[2025-03-18T23:18:35.302+0000] {processor.py:925} INFO - DAG(s) 'example_sensors' retrieved from /home/airflow/.local/lib/python3.12/site-packages/airflow/example_dags/example_sensors.py
[2025-03-18T23:18:35.506+0000] {logging_mixin.py:190} INFO - [2025-03-18T23:18:35.505+0000] {dag.py:3239} INFO - Sync 1 DAGs
[2025-03-18T23:18:35.521+0000] {logging_mixin.py:190} INFO - [2025-03-18T23:18:35.521+0000] {dag.py:4180} INFO - Setting next_dagrun for example_sensors to None, run_after=None
[2025-03-18T23:18:35.545+0000] {processor.py:208} INFO - Processing /home/airflow/.local/lib/python3.12/site-packages/airflow/example_dags/example_sensors.py took 0.262 seconds
[2025-03-18T23:19:06.509+0000] {processor.py:186} INFO - Started process (PID=4113) to work on /home/airflow/.local/lib/python3.12/site-packages/airflow/example_dags/example_sensors.py
[2025-03-18T23:19:06.516+0000] {processor.py:914} INFO - Processing file /home/airflow/.local/lib/python3.12/site-packages/airflow/example_dags/example_sensors.py for tasks to queue
[2025-03-18T23:19:06.518+0000] {logging_mixin.py:190} INFO - [2025-03-18T23:19:06.518+0000] {dagbag.py:588} INFO - Filling up the DagBag from /home/airflow/.local/lib/python3.12/site-packages/airflow/example_dags/example_sensors.py
[2025-03-18T23:19:06.534+0000] {processor.py:925} INFO - DAG(s) 'example_sensors' retrieved from /home/airflow/.local/lib/python3.12/site-packages/airflow/example_dags/example_sensors.py
[2025-03-18T23:19:06.561+0000] {logging_mixin.py:190} INFO - [2025-03-18T23:19:06.560+0000] {dag.py:3239} INFO - Sync 1 DAGs
[2025-03-18T23:19:06.881+0000] {logging_mixin.py:190} INFO - [2025-03-18T23:19:06.881+0000] {dag.py:4180} INFO - Setting next_dagrun for example_sensors to None, run_after=None
[2025-03-18T23:19:06.929+0000] {processor.py:208} INFO - Processing /home/airflow/.local/lib/python3.12/site-packages/airflow/example_dags/example_sensors.py took 0.436 seconds
[2025-03-18T23:19:37.172+0000] {processor.py:186} INFO - Started process (PID=4176) to work on /home/airflow/.local/lib/python3.12/site-packages/airflow/example_dags/example_sensors.py
[2025-03-18T23:19:37.173+0000] {processor.py:914} INFO - Processing file /home/airflow/.local/lib/python3.12/site-packages/airflow/example_dags/example_sensors.py for tasks to queue
[2025-03-18T23:19:37.175+0000] {logging_mixin.py:190} INFO - [2025-03-18T23:19:37.175+0000] {dagbag.py:588} INFO - Filling up the DagBag from /home/airflow/.local/lib/python3.12/site-packages/airflow/example_dags/example_sensors.py
[2025-03-18T23:19:37.187+0000] {processor.py:925} INFO - DAG(s) 'example_sensors' retrieved from /home/airflow/.local/lib/python3.12/site-packages/airflow/example_dags/example_sensors.py
[2025-03-18T23:19:37.211+0000] {logging_mixin.py:190} INFO - [2025-03-18T23:19:37.211+0000] {dag.py:3239} INFO - Sync 1 DAGs
[2025-03-18T23:19:37.226+0000] {logging_mixin.py:190} INFO - [2025-03-18T23:19:37.226+0000] {dag.py:4180} INFO - Setting next_dagrun for example_sensors to None, run_after=None
[2025-03-18T23:19:37.245+0000] {processor.py:208} INFO - Processing /home/airflow/.local/lib/python3.12/site-packages/airflow/example_dags/example_sensors.py took 0.081 seconds
[2025-03-18T23:20:08.058+0000] {processor.py:186} INFO - Started process (PID=4237) to work on /home/airflow/.local/lib/python3.12/site-packages/airflow/example_dags/example_sensors.py
[2025-03-18T23:20:08.065+0000] {processor.py:914} INFO - Processing file /home/airflow/.local/lib/python3.12/site-packages/airflow/example_dags/example_sensors.py for tasks to queue
[2025-03-18T23:20:08.068+0000] {logging_mixin.py:190} INFO - [2025-03-18T23:20:08.068+0000] {dagbag.py:588} INFO - Filling up the DagBag from /home/airflow/.local/lib/python3.12/site-packages/airflow/example_dags/example_sensors.py
[2025-03-18T23:20:08.084+0000] {processor.py:925} INFO - DAG(s) 'example_sensors' retrieved from /home/airflow/.local/lib/python3.12/site-packages/airflow/example_dags/example_sensors.py
[2025-03-18T23:20:08.125+0000] {logging_mixin.py:190} INFO - [2025-03-18T23:20:08.124+0000] {dag.py:3239} INFO - Sync 1 DAGs
[2025-03-18T23:20:08.147+0000] {logging_mixin.py:190} INFO - [2025-03-18T23:20:08.147+0000] {dag.py:4180} INFO - Setting next_dagrun for example_sensors to None, run_after=None
[2025-03-18T23:20:08.179+0000] {processor.py:208} INFO - Processing /home/airflow/.local/lib/python3.12/site-packages/airflow/example_dags/example_sensors.py took 0.131 seconds
[2025-03-18T23:20:39.096+0000] {processor.py:186} INFO - Started process (PID=4301) to work on /home/airflow/.local/lib/python3.12/site-packages/airflow/example_dags/example_sensors.py
[2025-03-18T23:20:39.097+0000] {processor.py:914} INFO - Processing file /home/airflow/.local/lib/python3.12/site-packages/airflow/example_dags/example_sensors.py for tasks to queue
[2025-03-18T23:20:39.099+0000] {logging_mixin.py:190} INFO - [2025-03-18T23:20:39.099+0000] {dagbag.py:588} INFO - Filling up the DagBag from /home/airflow/.local/lib/python3.12/site-packages/airflow/example_dags/example_sensors.py
[2025-03-18T23:20:39.111+0000] {processor.py:925} INFO - DAG(s) 'example_sensors' retrieved from /home/airflow/.local/lib/python3.12/site-packages/airflow/example_dags/example_sensors.py
[2025-03-18T23:20:39.141+0000] {logging_mixin.py:190} INFO - [2025-03-18T23:20:39.141+0000] {dag.py:3239} INFO - Sync 1 DAGs
[2025-03-18T23:20:39.163+0000] {logging_mixin.py:190} INFO - [2025-03-18T23:20:39.163+0000] {dag.py:4180} INFO - Setting next_dagrun for example_sensors to None, run_after=None
[2025-03-18T23:20:39.190+0000] {processor.py:208} INFO - Processing /home/airflow/.local/lib/python3.12/site-packages/airflow/example_dags/example_sensors.py took 0.101 seconds
[2025-03-18T23:21:12.394+0000] {processor.py:186} INFO - Started process (PID=4368) to work on /home/airflow/.local/lib/python3.12/site-packages/airflow/example_dags/example_sensors.py
[2025-03-18T23:21:12.395+0000] {processor.py:914} INFO - Processing file /home/airflow/.local/lib/python3.12/site-packages/airflow/example_dags/example_sensors.py for tasks to queue
[2025-03-18T23:21:12.398+0000] {logging_mixin.py:190} INFO - [2025-03-18T23:21:12.397+0000] {dagbag.py:588} INFO - Filling up the DagBag from /home/airflow/.local/lib/python3.12/site-packages/airflow/example_dags/example_sensors.py
[2025-03-18T23:21:12.409+0000] {processor.py:925} INFO - DAG(s) 'example_sensors' retrieved from /home/airflow/.local/lib/python3.12/site-packages/airflow/example_dags/example_sensors.py
[2025-03-18T23:21:12.454+0000] {logging_mixin.py:190} INFO - [2025-03-18T23:21:12.454+0000] {dag.py:3239} INFO - Sync 1 DAGs
[2025-03-18T23:21:12.475+0000] {logging_mixin.py:190} INFO - [2025-03-18T23:21:12.475+0000] {dag.py:4180} INFO - Setting next_dagrun for example_sensors to None, run_after=None
[2025-03-18T23:21:12.515+0000] {processor.py:208} INFO - Processing /home/airflow/.local/lib/python3.12/site-packages/airflow/example_dags/example_sensors.py took 0.127 seconds
[2025-03-18T23:21:43.500+0000] {processor.py:186} INFO - Started process (PID=4431) to work on /home/airflow/.local/lib/python3.12/site-packages/airflow/example_dags/example_sensors.py
[2025-03-18T23:21:43.503+0000] {processor.py:914} INFO - Processing file /home/airflow/.local/lib/python3.12/site-packages/airflow/example_dags/example_sensors.py for tasks to queue
[2025-03-18T23:21:43.506+0000] {logging_mixin.py:190} INFO - [2025-03-18T23:21:43.506+0000] {dagbag.py:588} INFO - Filling up the DagBag from /home/airflow/.local/lib/python3.12/site-packages/airflow/example_dags/example_sensors.py
[2025-03-18T23:21:43.518+0000] {processor.py:925} INFO - DAG(s) 'example_sensors' retrieved from /home/airflow/.local/lib/python3.12/site-packages/airflow/example_dags/example_sensors.py
[2025-03-18T23:21:43.544+0000] {logging_mixin.py:190} INFO - [2025-03-18T23:21:43.544+0000] {dag.py:3239} INFO - Sync 1 DAGs
[2025-03-18T23:21:43.564+0000] {logging_mixin.py:190} INFO - [2025-03-18T23:21:43.563+0000] {dag.py:4180} INFO - Setting next_dagrun for example_sensors to None, run_after=None
[2025-03-18T23:21:43.588+0000] {processor.py:208} INFO - Processing /home/airflow/.local/lib/python3.12/site-packages/airflow/example_dags/example_sensors.py took 0.097 seconds
[2025-03-18T23:22:13.690+0000] {processor.py:186} INFO - Started process (PID=4494) to work on /home/airflow/.local/lib/python3.12/site-packages/airflow/example_dags/example_sensors.py
[2025-03-18T23:22:13.694+0000] {processor.py:914} INFO - Processing file /home/airflow/.local/lib/python3.12/site-packages/airflow/example_dags/example_sensors.py for tasks to queue
[2025-03-18T23:22:13.696+0000] {logging_mixin.py:190} INFO - [2025-03-18T23:22:13.696+0000] {dagbag.py:588} INFO - Filling up the DagBag from /home/airflow/.local/lib/python3.12/site-packages/airflow/example_dags/example_sensors.py
[2025-03-18T23:22:13.732+0000] {processor.py:925} INFO - DAG(s) 'example_sensors' retrieved from /home/airflow/.local/lib/python3.12/site-packages/airflow/example_dags/example_sensors.py
[2025-03-18T23:22:13.769+0000] {logging_mixin.py:190} INFO - [2025-03-18T23:22:13.769+0000] {dag.py:3239} INFO - Sync 1 DAGs
[2025-03-18T23:22:13.788+0000] {logging_mixin.py:190} INFO - [2025-03-18T23:22:13.787+0000] {dag.py:4180} INFO - Setting next_dagrun for example_sensors to None, run_after=None
[2025-03-18T23:22:13.810+0000] {processor.py:208} INFO - Processing /home/airflow/.local/lib/python3.12/site-packages/airflow/example_dags/example_sensors.py took 0.138 seconds
[2025-03-18T23:22:44.517+0000] {processor.py:186} INFO - Started process (PID=4558) to work on /home/airflow/.local/lib/python3.12/site-packages/airflow/example_dags/example_sensors.py
[2025-03-18T23:22:44.518+0000] {processor.py:914} INFO - Processing file /home/airflow/.local/lib/python3.12/site-packages/airflow/example_dags/example_sensors.py for tasks to queue
[2025-03-18T23:22:44.521+0000] {logging_mixin.py:190} INFO - [2025-03-18T23:22:44.520+0000] {dagbag.py:588} INFO - Filling up the DagBag from /home/airflow/.local/lib/python3.12/site-packages/airflow/example_dags/example_sensors.py
[2025-03-18T23:22:44.532+0000] {processor.py:925} INFO - DAG(s) 'example_sensors' retrieved from /home/airflow/.local/lib/python3.12/site-packages/airflow/example_dags/example_sensors.py
[2025-03-18T23:22:44.559+0000] {logging_mixin.py:190} INFO - [2025-03-18T23:22:44.559+0000] {dag.py:3239} INFO - Sync 1 DAGs
[2025-03-18T23:22:44.574+0000] {logging_mixin.py:190} INFO - [2025-03-18T23:22:44.574+0000] {dag.py:4180} INFO - Setting next_dagrun for example_sensors to None, run_after=None
[2025-03-18T23:22:44.593+0000] {processor.py:208} INFO - Processing /home/airflow/.local/lib/python3.12/site-packages/airflow/example_dags/example_sensors.py took 0.082 seconds
[2025-03-18T23:23:15.050+0000] {processor.py:186} INFO - Started process (PID=4621) to work on /home/airflow/.local/lib/python3.12/site-packages/airflow/example_dags/example_sensors.py
[2025-03-18T23:23:15.053+0000] {processor.py:914} INFO - Processing file /home/airflow/.local/lib/python3.12/site-packages/airflow/example_dags/example_sensors.py for tasks to queue
[2025-03-18T23:23:15.056+0000] {logging_mixin.py:190} INFO - [2025-03-18T23:23:15.055+0000] {dagbag.py:588} INFO - Filling up the DagBag from /home/airflow/.local/lib/python3.12/site-packages/airflow/example_dags/example_sensors.py
[2025-03-18T23:23:15.070+0000] {processor.py:925} INFO - DAG(s) 'example_sensors' retrieved from /home/airflow/.local/lib/python3.12/site-packages/airflow/example_dags/example_sensors.py
[2025-03-18T23:23:15.104+0000] {logging_mixin.py:190} INFO - [2025-03-18T23:23:15.103+0000] {dag.py:3239} INFO - Sync 1 DAGs
[2025-03-18T23:23:15.121+0000] {logging_mixin.py:190} INFO - [2025-03-18T23:23:15.121+0000] {dag.py:4180} INFO - Setting next_dagrun for example_sensors to None, run_after=None
[2025-03-18T23:23:15.141+0000] {processor.py:208} INFO - Processing /home/airflow/.local/lib/python3.12/site-packages/airflow/example_dags/example_sensors.py took 0.097 seconds
[2025-03-18T23:23:45.238+0000] {processor.py:186} INFO - Started process (PID=4684) to work on /home/airflow/.local/lib/python3.12/site-packages/airflow/example_dags/example_sensors.py
[2025-03-18T23:23:45.239+0000] {processor.py:914} INFO - Processing file /home/airflow/.local/lib/python3.12/site-packages/airflow/example_dags/example_sensors.py for tasks to queue
[2025-03-18T23:23:45.241+0000] {logging_mixin.py:190} INFO - [2025-03-18T23:23:45.241+0000] {dagbag.py:588} INFO - Filling up the DagBag from /home/airflow/.local/lib/python3.12/site-packages/airflow/example_dags/example_sensors.py
[2025-03-18T23:23:45.252+0000] {processor.py:925} INFO - DAG(s) 'example_sensors' retrieved from /home/airflow/.local/lib/python3.12/site-packages/airflow/example_dags/example_sensors.py
[2025-03-18T23:23:45.277+0000] {logging_mixin.py:190} INFO - [2025-03-18T23:23:45.276+0000] {dag.py:3239} INFO - Sync 1 DAGs
[2025-03-18T23:23:45.291+0000] {logging_mixin.py:190} INFO - [2025-03-18T23:23:45.291+0000] {dag.py:4180} INFO - Setting next_dagrun for example_sensors to None, run_after=None
[2025-03-18T23:23:45.311+0000] {processor.py:208} INFO - Processing /home/airflow/.local/lib/python3.12/site-packages/airflow/example_dags/example_sensors.py took 0.079 seconds
[2025-03-18T23:24:15.383+0000] {processor.py:186} INFO - Started process (PID=4746) to work on /home/airflow/.local/lib/python3.12/site-packages/airflow/example_dags/example_sensors.py
[2025-03-18T23:24:15.385+0000] {processor.py:914} INFO - Processing file /home/airflow/.local/lib/python3.12/site-packages/airflow/example_dags/example_sensors.py for tasks to queue
[2025-03-18T23:24:15.387+0000] {logging_mixin.py:190} INFO - [2025-03-18T23:24:15.387+0000] {dagbag.py:588} INFO - Filling up the DagBag from /home/airflow/.local/lib/python3.12/site-packages/airflow/example_dags/example_sensors.py
[2025-03-18T23:24:15.398+0000] {processor.py:925} INFO - DAG(s) 'example_sensors' retrieved from /home/airflow/.local/lib/python3.12/site-packages/airflow/example_dags/example_sensors.py
[2025-03-18T23:24:15.422+0000] {logging_mixin.py:190} INFO - [2025-03-18T23:24:15.421+0000] {dag.py:3239} INFO - Sync 1 DAGs
[2025-03-18T23:24:15.435+0000] {logging_mixin.py:190} INFO - [2025-03-18T23:24:15.435+0000] {dag.py:4180} INFO - Setting next_dagrun for example_sensors to None, run_after=None
[2025-03-18T23:24:15.454+0000] {processor.py:208} INFO - Processing /home/airflow/.local/lib/python3.12/site-packages/airflow/example_dags/example_sensors.py took 0.078 seconds
