[2025-03-18T22:45:15.336+0000] {processor.py:186} INFO - Started process (PID=92) to work on /home/airflow/.local/lib/python3.12/site-packages/airflow/example_dags/example_display_name.py
[2025-03-18T22:45:15.337+0000] {processor.py:914} INFO - Processing file /home/airflow/.local/lib/python3.12/site-packages/airflow/example_dags/example_display_name.py for tasks to queue
[2025-03-18T22:45:15.340+0000] {logging_mixin.py:190} INFO - [2025-03-18T22:45:15.340+0000] {dagbag.py:588} INFO - Filling up the DagBag from /home/airflow/.local/lib/python3.12/site-packages/airflow/example_dags/example_display_name.py
[2025-03-18T22:45:15.355+0000] {processor.py:925} INFO - DAG(s) 'example_display_name' retrieved from /home/airflow/.local/lib/python3.12/site-packages/airflow/example_dags/example_display_name.py
[2025-03-18T22:45:15.784+0000] {logging_mixin.py:190} INFO - [2025-03-18T22:45:15.778+0000] {override.py:1912} INFO - Created Permission View: can read on DAG:example_display_name
[2025-03-18T22:45:15.826+0000] {logging_mixin.py:190} INFO - [2025-03-18T22:45:15.826+0000] {override.py:1912} INFO - Created Permission View: can edit on DAG:example_display_name
[2025-03-18T22:45:15.853+0000] {logging_mixin.py:190} INFO - [2025-03-18T22:45:15.847+0000] {override.py:1912} INFO - Created Permission View: can delete on DAG:example_display_name
[2025-03-18T22:45:15.877+0000] {logging_mixin.py:190} INFO - [2025-03-18T22:45:15.877+0000] {override.py:1912} INFO - Created Permission View: can read on DAG Run:example_display_name
[2025-03-18T22:45:15.909+0000] {logging_mixin.py:190} INFO - [2025-03-18T22:45:15.908+0000] {override.py:1912} INFO - Created Permission View: can delete on DAG Run:example_display_name
[2025-03-18T22:45:15.921+0000] {logging_mixin.py:190} INFO - [2025-03-18T22:45:15.920+0000] {override.py:1912} INFO - Created Permission View: can create on DAG Run:example_display_name
[2025-03-18T22:45:15.941+0000] {logging_mixin.py:190} INFO - [2025-03-18T22:45:15.940+0000] {override.py:1912} INFO - Created Permission View: menu access on DAG Run:example_display_name
[2025-03-18T22:45:15.942+0000] {logging_mixin.py:190} INFO - [2025-03-18T22:45:15.941+0000] {dag.py:3239} INFO - Sync 1 DAGs
[2025-03-18T22:45:15.986+0000] {logging_mixin.py:190} INFO - [2025-03-18T22:45:15.985+0000] {dag.py:3262} INFO - Creating ORM DAG for example_display_name
[2025-03-18T22:45:15.987+0000] {logging_mixin.py:190} INFO - [2025-03-18T22:45:15.987+0000] {dag.py:4180} INFO - Setting next_dagrun for example_display_name to None, run_after=None
[2025-03-18T22:45:16.072+0000] {processor.py:208} INFO - Processing /home/airflow/.local/lib/python3.12/site-packages/airflow/example_dags/example_display_name.py took 0.744 seconds
[2025-03-18T22:46:15.169+0000] {processor.py:186} INFO - Started process (PID=162) to work on /home/airflow/.local/lib/python3.12/site-packages/airflow/example_dags/example_display_name.py
[2025-03-18T22:46:15.175+0000] {processor.py:914} INFO - Processing file /home/airflow/.local/lib/python3.12/site-packages/airflow/example_dags/example_display_name.py for tasks to queue
[2025-03-18T22:46:15.179+0000] {logging_mixin.py:190} INFO - [2025-03-18T22:46:15.178+0000] {dagbag.py:588} INFO - Filling up the DagBag from /home/airflow/.local/lib/python3.12/site-packages/airflow/example_dags/example_display_name.py
[2025-03-18T22:46:15.191+0000] {processor.py:925} INFO - DAG(s) 'example_display_name' retrieved from /home/airflow/.local/lib/python3.12/site-packages/airflow/example_dags/example_display_name.py
[2025-03-18T22:46:15.228+0000] {logging_mixin.py:190} INFO - [2025-03-18T22:46:15.228+0000] {dag.py:3239} INFO - Sync 1 DAGs
[2025-03-18T22:46:15.250+0000] {logging_mixin.py:190} INFO - [2025-03-18T22:46:15.250+0000] {dag.py:4180} INFO - Setting next_dagrun for example_display_name to None, run_after=None
[2025-03-18T22:46:15.276+0000] {processor.py:208} INFO - Processing /home/airflow/.local/lib/python3.12/site-packages/airflow/example_dags/example_display_name.py took 0.116 seconds
[2025-03-18T22:46:46.453+0000] {processor.py:186} INFO - Started process (PID=226) to work on /home/airflow/.local/lib/python3.12/site-packages/airflow/example_dags/example_display_name.py
[2025-03-18T22:46:46.456+0000] {processor.py:914} INFO - Processing file /home/airflow/.local/lib/python3.12/site-packages/airflow/example_dags/example_display_name.py for tasks to queue
[2025-03-18T22:46:46.459+0000] {logging_mixin.py:190} INFO - [2025-03-18T22:46:46.458+0000] {dagbag.py:588} INFO - Filling up the DagBag from /home/airflow/.local/lib/python3.12/site-packages/airflow/example_dags/example_display_name.py
[2025-03-18T22:46:46.472+0000] {processor.py:925} INFO - DAG(s) 'example_display_name' retrieved from /home/airflow/.local/lib/python3.12/site-packages/airflow/example_dags/example_display_name.py
[2025-03-18T22:46:46.502+0000] {logging_mixin.py:190} INFO - [2025-03-18T22:46:46.502+0000] {dag.py:3239} INFO - Sync 1 DAGs
[2025-03-18T22:46:46.524+0000] {logging_mixin.py:190} INFO - [2025-03-18T22:46:46.524+0000] {dag.py:4180} INFO - Setting next_dagrun for example_display_name to None, run_after=None
[2025-03-18T22:46:46.556+0000] {processor.py:208} INFO - Processing /home/airflow/.local/lib/python3.12/site-packages/airflow/example_dags/example_display_name.py took 0.114 seconds
[2025-03-18T22:47:22.857+0000] {processor.py:186} INFO - Started process (PID=289) to work on /home/airflow/.local/lib/python3.12/site-packages/airflow/example_dags/example_display_name.py
[2025-03-18T22:47:22.860+0000] {processor.py:914} INFO - Processing file /home/airflow/.local/lib/python3.12/site-packages/airflow/example_dags/example_display_name.py for tasks to queue
[2025-03-18T22:47:22.865+0000] {logging_mixin.py:190} INFO - [2025-03-18T22:47:22.865+0000] {dagbag.py:588} INFO - Filling up the DagBag from /home/airflow/.local/lib/python3.12/site-packages/airflow/example_dags/example_display_name.py
[2025-03-18T22:47:22.875+0000] {processor.py:925} INFO - DAG(s) 'example_display_name' retrieved from /home/airflow/.local/lib/python3.12/site-packages/airflow/example_dags/example_display_name.py
[2025-03-18T22:47:22.907+0000] {logging_mixin.py:190} INFO - [2025-03-18T22:47:22.906+0000] {dag.py:3239} INFO - Sync 1 DAGs
[2025-03-18T22:47:22.938+0000] {logging_mixin.py:190} INFO - [2025-03-18T22:47:22.937+0000] {dag.py:4180} INFO - Setting next_dagrun for example_display_name to None, run_after=None
[2025-03-18T22:47:22.983+0000] {processor.py:208} INFO - Processing /home/airflow/.local/lib/python3.12/site-packages/airflow/example_dags/example_display_name.py took 0.143 seconds
[2025-03-18T22:47:55.215+0000] {processor.py:186} INFO - Started process (PID=352) to work on /home/airflow/.local/lib/python3.12/site-packages/airflow/example_dags/example_display_name.py
[2025-03-18T22:47:55.224+0000] {processor.py:914} INFO - Processing file /home/airflow/.local/lib/python3.12/site-packages/airflow/example_dags/example_display_name.py for tasks to queue
[2025-03-18T22:47:55.265+0000] {logging_mixin.py:190} INFO - [2025-03-18T22:47:55.265+0000] {dagbag.py:588} INFO - Filling up the DagBag from /home/airflow/.local/lib/python3.12/site-packages/airflow/example_dags/example_display_name.py
[2025-03-18T22:47:55.300+0000] {processor.py:925} INFO - DAG(s) 'example_display_name' retrieved from /home/airflow/.local/lib/python3.12/site-packages/airflow/example_dags/example_display_name.py
[2025-03-18T22:47:55.392+0000] {logging_mixin.py:190} INFO - [2025-03-18T22:47:55.391+0000] {dag.py:3239} INFO - Sync 1 DAGs
[2025-03-18T22:47:55.455+0000] {logging_mixin.py:190} INFO - [2025-03-18T22:47:55.455+0000] {dag.py:4180} INFO - Setting next_dagrun for example_display_name to None, run_after=None
[2025-03-18T22:47:55.526+0000] {processor.py:208} INFO - Processing /home/airflow/.local/lib/python3.12/site-packages/airflow/example_dags/example_display_name.py took 0.359 seconds
[2025-03-18T22:48:26.056+0000] {processor.py:186} INFO - Started process (PID=415) to work on /home/airflow/.local/lib/python3.12/site-packages/airflow/example_dags/example_display_name.py
[2025-03-18T22:48:26.067+0000] {processor.py:914} INFO - Processing file /home/airflow/.local/lib/python3.12/site-packages/airflow/example_dags/example_display_name.py for tasks to queue
[2025-03-18T22:48:26.070+0000] {logging_mixin.py:190} INFO - [2025-03-18T22:48:26.069+0000] {dagbag.py:588} INFO - Filling up the DagBag from /home/airflow/.local/lib/python3.12/site-packages/airflow/example_dags/example_display_name.py
[2025-03-18T22:48:26.091+0000] {processor.py:925} INFO - DAG(s) 'example_display_name' retrieved from /home/airflow/.local/lib/python3.12/site-packages/airflow/example_dags/example_display_name.py
[2025-03-18T22:48:26.117+0000] {logging_mixin.py:190} INFO - [2025-03-18T22:48:26.117+0000] {dag.py:3239} INFO - Sync 1 DAGs
[2025-03-18T22:48:26.143+0000] {logging_mixin.py:190} INFO - [2025-03-18T22:48:26.142+0000] {dag.py:4180} INFO - Setting next_dagrun for example_display_name to None, run_after=None
[2025-03-18T22:48:26.203+0000] {processor.py:208} INFO - Processing /home/airflow/.local/lib/python3.12/site-packages/airflow/example_dags/example_display_name.py took 0.156 seconds
[2025-03-18T22:48:57.083+0000] {processor.py:186} INFO - Started process (PID=478) to work on /home/airflow/.local/lib/python3.12/site-packages/airflow/example_dags/example_display_name.py
[2025-03-18T22:48:57.084+0000] {processor.py:914} INFO - Processing file /home/airflow/.local/lib/python3.12/site-packages/airflow/example_dags/example_display_name.py for tasks to queue
[2025-03-18T22:48:57.087+0000] {logging_mixin.py:190} INFO - [2025-03-18T22:48:57.086+0000] {dagbag.py:588} INFO - Filling up the DagBag from /home/airflow/.local/lib/python3.12/site-packages/airflow/example_dags/example_display_name.py
[2025-03-18T22:48:57.099+0000] {processor.py:925} INFO - DAG(s) 'example_display_name' retrieved from /home/airflow/.local/lib/python3.12/site-packages/airflow/example_dags/example_display_name.py
[2025-03-18T22:48:57.122+0000] {logging_mixin.py:190} INFO - [2025-03-18T22:48:57.122+0000] {dag.py:3239} INFO - Sync 1 DAGs
[2025-03-18T22:48:57.147+0000] {logging_mixin.py:190} INFO - [2025-03-18T22:48:57.146+0000] {dag.py:4180} INFO - Setting next_dagrun for example_display_name to None, run_after=None
[2025-03-18T22:48:57.219+0000] {processor.py:208} INFO - Processing /home/airflow/.local/lib/python3.12/site-packages/airflow/example_dags/example_display_name.py took 0.144 seconds
[2025-03-18T22:49:28.132+0000] {processor.py:186} INFO - Started process (PID=542) to work on /home/airflow/.local/lib/python3.12/site-packages/airflow/example_dags/example_display_name.py
[2025-03-18T22:49:28.135+0000] {processor.py:914} INFO - Processing file /home/airflow/.local/lib/python3.12/site-packages/airflow/example_dags/example_display_name.py for tasks to queue
[2025-03-18T22:49:28.137+0000] {logging_mixin.py:190} INFO - [2025-03-18T22:49:28.137+0000] {dagbag.py:588} INFO - Filling up the DagBag from /home/airflow/.local/lib/python3.12/site-packages/airflow/example_dags/example_display_name.py
[2025-03-18T22:49:28.147+0000] {processor.py:925} INFO - DAG(s) 'example_display_name' retrieved from /home/airflow/.local/lib/python3.12/site-packages/airflow/example_dags/example_display_name.py
[2025-03-18T22:49:28.174+0000] {logging_mixin.py:190} INFO - [2025-03-18T22:49:28.173+0000] {dag.py:3239} INFO - Sync 1 DAGs
[2025-03-18T22:49:28.204+0000] {logging_mixin.py:190} INFO - [2025-03-18T22:49:28.204+0000] {dag.py:4180} INFO - Setting next_dagrun for example_display_name to None, run_after=None
[2025-03-18T22:49:28.241+0000] {processor.py:208} INFO - Processing /home/airflow/.local/lib/python3.12/site-packages/airflow/example_dags/example_display_name.py took 0.124 seconds
[2025-03-18T22:50:04.919+0000] {processor.py:186} INFO - Started process (PID=605) to work on /home/airflow/.local/lib/python3.12/site-packages/airflow/example_dags/example_display_name.py
[2025-03-18T22:50:04.924+0000] {processor.py:914} INFO - Processing file /home/airflow/.local/lib/python3.12/site-packages/airflow/example_dags/example_display_name.py for tasks to queue
[2025-03-18T22:50:04.928+0000] {logging_mixin.py:190} INFO - [2025-03-18T22:50:04.927+0000] {dagbag.py:588} INFO - Filling up the DagBag from /home/airflow/.local/lib/python3.12/site-packages/airflow/example_dags/example_display_name.py
[2025-03-18T22:50:04.949+0000] {processor.py:925} INFO - DAG(s) 'example_display_name' retrieved from /home/airflow/.local/lib/python3.12/site-packages/airflow/example_dags/example_display_name.py
[2025-03-18T22:50:05.013+0000] {logging_mixin.py:190} INFO - [2025-03-18T22:50:05.012+0000] {dag.py:3239} INFO - Sync 1 DAGs
[2025-03-18T22:50:05.066+0000] {logging_mixin.py:190} INFO - [2025-03-18T22:50:05.066+0000] {dag.py:4180} INFO - Setting next_dagrun for example_display_name to None, run_after=None
[2025-03-18T22:50:05.150+0000] {processor.py:208} INFO - Processing /home/airflow/.local/lib/python3.12/site-packages/airflow/example_dags/example_display_name.py took 0.263 seconds
[2025-03-18T22:50:35.215+0000] {processor.py:186} INFO - Started process (PID=667) to work on /home/airflow/.local/lib/python3.12/site-packages/airflow/example_dags/example_display_name.py
[2025-03-18T22:50:35.217+0000] {processor.py:914} INFO - Processing file /home/airflow/.local/lib/python3.12/site-packages/airflow/example_dags/example_display_name.py for tasks to queue
[2025-03-18T22:50:35.221+0000] {logging_mixin.py:190} INFO - [2025-03-18T22:50:35.220+0000] {dagbag.py:588} INFO - Filling up the DagBag from /home/airflow/.local/lib/python3.12/site-packages/airflow/example_dags/example_display_name.py
[2025-03-18T22:50:35.235+0000] {processor.py:925} INFO - DAG(s) 'example_display_name' retrieved from /home/airflow/.local/lib/python3.12/site-packages/airflow/example_dags/example_display_name.py
[2025-03-18T22:50:35.268+0000] {logging_mixin.py:190} INFO - [2025-03-18T22:50:35.268+0000] {dag.py:3239} INFO - Sync 1 DAGs
[2025-03-18T22:50:35.295+0000] {logging_mixin.py:190} INFO - [2025-03-18T22:50:35.295+0000] {dag.py:4180} INFO - Setting next_dagrun for example_display_name to None, run_after=None
[2025-03-18T22:50:35.340+0000] {processor.py:208} INFO - Processing /home/airflow/.local/lib/python3.12/site-packages/airflow/example_dags/example_display_name.py took 0.136 seconds
[2025-03-18T22:51:05.657+0000] {processor.py:186} INFO - Started process (PID=729) to work on /home/airflow/.local/lib/python3.12/site-packages/airflow/example_dags/example_display_name.py
[2025-03-18T22:51:05.662+0000] {processor.py:914} INFO - Processing file /home/airflow/.local/lib/python3.12/site-packages/airflow/example_dags/example_display_name.py for tasks to queue
[2025-03-18T22:51:05.666+0000] {logging_mixin.py:190} INFO - [2025-03-18T22:51:05.665+0000] {dagbag.py:588} INFO - Filling up the DagBag from /home/airflow/.local/lib/python3.12/site-packages/airflow/example_dags/example_display_name.py
[2025-03-18T22:51:05.684+0000] {processor.py:925} INFO - DAG(s) 'example_display_name' retrieved from /home/airflow/.local/lib/python3.12/site-packages/airflow/example_dags/example_display_name.py
[2025-03-18T22:51:05.742+0000] {logging_mixin.py:190} INFO - [2025-03-18T22:51:05.734+0000] {dag.py:3239} INFO - Sync 1 DAGs
[2025-03-18T22:51:05.782+0000] {logging_mixin.py:190} INFO - [2025-03-18T22:51:05.782+0000] {dag.py:4180} INFO - Setting next_dagrun for example_display_name to None, run_after=None
[2025-03-18T22:51:05.843+0000] {processor.py:208} INFO - Processing /home/airflow/.local/lib/python3.12/site-packages/airflow/example_dags/example_display_name.py took 0.200 seconds
[2025-03-18T22:51:38.164+0000] {processor.py:186} INFO - Started process (PID=791) to work on /home/airflow/.local/lib/python3.12/site-packages/airflow/example_dags/example_display_name.py
[2025-03-18T22:51:38.166+0000] {processor.py:914} INFO - Processing file /home/airflow/.local/lib/python3.12/site-packages/airflow/example_dags/example_display_name.py for tasks to queue
[2025-03-18T22:51:38.181+0000] {logging_mixin.py:190} INFO - [2025-03-18T22:51:38.179+0000] {dagbag.py:588} INFO - Filling up the DagBag from /home/airflow/.local/lib/python3.12/site-packages/airflow/example_dags/example_display_name.py
[2025-03-18T22:51:38.193+0000] {processor.py:925} INFO - DAG(s) 'example_display_name' retrieved from /home/airflow/.local/lib/python3.12/site-packages/airflow/example_dags/example_display_name.py
[2025-03-18T22:51:38.226+0000] {logging_mixin.py:190} INFO - [2025-03-18T22:51:38.226+0000] {dag.py:3239} INFO - Sync 1 DAGs
[2025-03-18T22:51:38.262+0000] {logging_mixin.py:190} INFO - [2025-03-18T22:51:38.261+0000] {dag.py:4180} INFO - Setting next_dagrun for example_display_name to None, run_after=None
[2025-03-18T22:51:38.317+0000] {processor.py:208} INFO - Processing /home/airflow/.local/lib/python3.12/site-packages/airflow/example_dags/example_display_name.py took 0.175 seconds
[2025-03-18T22:52:12.512+0000] {processor.py:186} INFO - Started process (PID=856) to work on /home/airflow/.local/lib/python3.12/site-packages/airflow/example_dags/example_display_name.py
[2025-03-18T22:52:12.526+0000] {processor.py:914} INFO - Processing file /home/airflow/.local/lib/python3.12/site-packages/airflow/example_dags/example_display_name.py for tasks to queue
[2025-03-18T22:52:12.529+0000] {logging_mixin.py:190} INFO - [2025-03-18T22:52:12.529+0000] {dagbag.py:588} INFO - Filling up the DagBag from /home/airflow/.local/lib/python3.12/site-packages/airflow/example_dags/example_display_name.py
[2025-03-18T22:52:12.541+0000] {processor.py:925} INFO - DAG(s) 'example_display_name' retrieved from /home/airflow/.local/lib/python3.12/site-packages/airflow/example_dags/example_display_name.py
[2025-03-18T22:52:12.571+0000] {logging_mixin.py:190} INFO - [2025-03-18T22:52:12.571+0000] {dag.py:3239} INFO - Sync 1 DAGs
[2025-03-18T22:52:12.594+0000] {logging_mixin.py:190} INFO - [2025-03-18T22:52:12.593+0000] {dag.py:4180} INFO - Setting next_dagrun for example_display_name to None, run_after=None
[2025-03-18T22:52:12.640+0000] {processor.py:208} INFO - Processing /home/airflow/.local/lib/python3.12/site-packages/airflow/example_dags/example_display_name.py took 0.139 seconds
[2025-03-18T22:52:46.119+0000] {processor.py:186} INFO - Started process (PID=919) to work on /home/airflow/.local/lib/python3.12/site-packages/airflow/example_dags/example_display_name.py
[2025-03-18T22:52:46.122+0000] {processor.py:914} INFO - Processing file /home/airflow/.local/lib/python3.12/site-packages/airflow/example_dags/example_display_name.py for tasks to queue
[2025-03-18T22:52:46.125+0000] {logging_mixin.py:190} INFO - [2025-03-18T22:52:46.125+0000] {dagbag.py:588} INFO - Filling up the DagBag from /home/airflow/.local/lib/python3.12/site-packages/airflow/example_dags/example_display_name.py
[2025-03-18T22:52:46.137+0000] {processor.py:925} INFO - DAG(s) 'example_display_name' retrieved from /home/airflow/.local/lib/python3.12/site-packages/airflow/example_dags/example_display_name.py
[2025-03-18T22:52:46.168+0000] {logging_mixin.py:190} INFO - [2025-03-18T22:52:46.167+0000] {dag.py:3239} INFO - Sync 1 DAGs
[2025-03-18T22:52:46.189+0000] {logging_mixin.py:190} INFO - [2025-03-18T22:52:46.189+0000] {dag.py:4180} INFO - Setting next_dagrun for example_display_name to None, run_after=None
[2025-03-18T22:52:46.228+0000] {processor.py:208} INFO - Processing /home/airflow/.local/lib/python3.12/site-packages/airflow/example_dags/example_display_name.py took 0.118 seconds
[2025-03-18T22:53:17.872+0000] {processor.py:186} INFO - Started process (PID=981) to work on /home/airflow/.local/lib/python3.12/site-packages/airflow/example_dags/example_display_name.py
[2025-03-18T22:53:17.873+0000] {processor.py:914} INFO - Processing file /home/airflow/.local/lib/python3.12/site-packages/airflow/example_dags/example_display_name.py for tasks to queue
[2025-03-18T22:53:17.876+0000] {logging_mixin.py:190} INFO - [2025-03-18T22:53:17.876+0000] {dagbag.py:588} INFO - Filling up the DagBag from /home/airflow/.local/lib/python3.12/site-packages/airflow/example_dags/example_display_name.py
[2025-03-18T22:53:17.889+0000] {processor.py:925} INFO - DAG(s) 'example_display_name' retrieved from /home/airflow/.local/lib/python3.12/site-packages/airflow/example_dags/example_display_name.py
[2025-03-18T22:53:17.916+0000] {logging_mixin.py:190} INFO - [2025-03-18T22:53:17.916+0000] {dag.py:3239} INFO - Sync 1 DAGs
[2025-03-18T22:53:17.937+0000] {logging_mixin.py:190} INFO - [2025-03-18T22:53:17.937+0000] {dag.py:4180} INFO - Setting next_dagrun for example_display_name to None, run_after=None
[2025-03-18T22:53:17.995+0000] {processor.py:208} INFO - Processing /home/airflow/.local/lib/python3.12/site-packages/airflow/example_dags/example_display_name.py took 0.132 seconds
[2025-03-18T22:53:49.417+0000] {processor.py:186} INFO - Started process (PID=1045) to work on /home/airflow/.local/lib/python3.12/site-packages/airflow/example_dags/example_display_name.py
[2025-03-18T22:53:49.419+0000] {processor.py:914} INFO - Processing file /home/airflow/.local/lib/python3.12/site-packages/airflow/example_dags/example_display_name.py for tasks to queue
[2025-03-18T22:53:49.421+0000] {logging_mixin.py:190} INFO - [2025-03-18T22:53:49.421+0000] {dagbag.py:588} INFO - Filling up the DagBag from /home/airflow/.local/lib/python3.12/site-packages/airflow/example_dags/example_display_name.py
[2025-03-18T22:53:49.432+0000] {processor.py:925} INFO - DAG(s) 'example_display_name' retrieved from /home/airflow/.local/lib/python3.12/site-packages/airflow/example_dags/example_display_name.py
[2025-03-18T22:53:49.457+0000] {logging_mixin.py:190} INFO - [2025-03-18T22:53:49.456+0000] {dag.py:3239} INFO - Sync 1 DAGs
[2025-03-18T22:53:49.483+0000] {logging_mixin.py:190} INFO - [2025-03-18T22:53:49.483+0000] {dag.py:4180} INFO - Setting next_dagrun for example_display_name to None, run_after=None
[2025-03-18T22:53:49.504+0000] {processor.py:208} INFO - Processing /home/airflow/.local/lib/python3.12/site-packages/airflow/example_dags/example_display_name.py took 0.094 seconds
[2025-03-18T22:54:20.540+0000] {processor.py:186} INFO - Started process (PID=1108) to work on /home/airflow/.local/lib/python3.12/site-packages/airflow/example_dags/example_display_name.py
[2025-03-18T22:54:20.542+0000] {processor.py:914} INFO - Processing file /home/airflow/.local/lib/python3.12/site-packages/airflow/example_dags/example_display_name.py for tasks to queue
[2025-03-18T22:54:20.546+0000] {logging_mixin.py:190} INFO - [2025-03-18T22:54:20.545+0000] {dagbag.py:588} INFO - Filling up the DagBag from /home/airflow/.local/lib/python3.12/site-packages/airflow/example_dags/example_display_name.py
[2025-03-18T22:54:20.557+0000] {processor.py:925} INFO - DAG(s) 'example_display_name' retrieved from /home/airflow/.local/lib/python3.12/site-packages/airflow/example_dags/example_display_name.py
[2025-03-18T22:54:20.612+0000] {logging_mixin.py:190} INFO - [2025-03-18T22:54:20.611+0000] {dag.py:3239} INFO - Sync 1 DAGs
[2025-03-18T22:54:20.654+0000] {logging_mixin.py:190} INFO - [2025-03-18T22:54:20.654+0000] {dag.py:4180} INFO - Setting next_dagrun for example_display_name to None, run_after=None
[2025-03-18T22:54:20.703+0000] {processor.py:208} INFO - Processing /home/airflow/.local/lib/python3.12/site-packages/airflow/example_dags/example_display_name.py took 0.171 seconds
[2025-03-18T22:54:51.160+0000] {processor.py:186} INFO - Started process (PID=1170) to work on /home/airflow/.local/lib/python3.12/site-packages/airflow/example_dags/example_display_name.py
[2025-03-18T22:54:51.167+0000] {processor.py:914} INFO - Processing file /home/airflow/.local/lib/python3.12/site-packages/airflow/example_dags/example_display_name.py for tasks to queue
[2025-03-18T22:54:51.169+0000] {logging_mixin.py:190} INFO - [2025-03-18T22:54:51.169+0000] {dagbag.py:588} INFO - Filling up the DagBag from /home/airflow/.local/lib/python3.12/site-packages/airflow/example_dags/example_display_name.py
[2025-03-18T22:54:51.178+0000] {processor.py:925} INFO - DAG(s) 'example_display_name' retrieved from /home/airflow/.local/lib/python3.12/site-packages/airflow/example_dags/example_display_name.py
[2025-03-18T22:54:51.199+0000] {logging_mixin.py:190} INFO - [2025-03-18T22:54:51.198+0000] {dag.py:3239} INFO - Sync 1 DAGs
[2025-03-18T22:54:51.214+0000] {logging_mixin.py:190} INFO - [2025-03-18T22:54:51.214+0000] {dag.py:4180} INFO - Setting next_dagrun for example_display_name to None, run_after=None
[2025-03-18T22:54:51.238+0000] {processor.py:208} INFO - Processing /home/airflow/.local/lib/python3.12/site-packages/airflow/example_dags/example_display_name.py took 0.086 seconds
[2025-03-18T22:55:21.905+0000] {processor.py:186} INFO - Started process (PID=1233) to work on /home/airflow/.local/lib/python3.12/site-packages/airflow/example_dags/example_display_name.py
[2025-03-18T22:55:21.907+0000] {processor.py:914} INFO - Processing file /home/airflow/.local/lib/python3.12/site-packages/airflow/example_dags/example_display_name.py for tasks to queue
[2025-03-18T22:55:21.910+0000] {logging_mixin.py:190} INFO - [2025-03-18T22:55:21.910+0000] {dagbag.py:588} INFO - Filling up the DagBag from /home/airflow/.local/lib/python3.12/site-packages/airflow/example_dags/example_display_name.py
[2025-03-18T22:55:21.918+0000] {processor.py:925} INFO - DAG(s) 'example_display_name' retrieved from /home/airflow/.local/lib/python3.12/site-packages/airflow/example_dags/example_display_name.py
[2025-03-18T22:55:21.940+0000] {logging_mixin.py:190} INFO - [2025-03-18T22:55:21.940+0000] {dag.py:3239} INFO - Sync 1 DAGs
[2025-03-18T22:55:21.955+0000] {logging_mixin.py:190} INFO - [2025-03-18T22:55:21.955+0000] {dag.py:4180} INFO - Setting next_dagrun for example_display_name to None, run_after=None
[2025-03-18T22:55:21.974+0000] {processor.py:208} INFO - Processing /home/airflow/.local/lib/python3.12/site-packages/airflow/example_dags/example_display_name.py took 0.081 seconds
[2025-03-18T22:55:52.505+0000] {processor.py:186} INFO - Started process (PID=1295) to work on /home/airflow/.local/lib/python3.12/site-packages/airflow/example_dags/example_display_name.py
[2025-03-18T22:55:52.513+0000] {processor.py:914} INFO - Processing file /home/airflow/.local/lib/python3.12/site-packages/airflow/example_dags/example_display_name.py for tasks to queue
[2025-03-18T22:55:52.531+0000] {logging_mixin.py:190} INFO - [2025-03-18T22:55:52.530+0000] {dagbag.py:588} INFO - Filling up the DagBag from /home/airflow/.local/lib/python3.12/site-packages/airflow/example_dags/example_display_name.py
[2025-03-18T22:55:52.550+0000] {processor.py:925} INFO - DAG(s) 'example_display_name' retrieved from /home/airflow/.local/lib/python3.12/site-packages/airflow/example_dags/example_display_name.py
[2025-03-18T22:55:52.582+0000] {logging_mixin.py:190} INFO - [2025-03-18T22:55:52.581+0000] {dag.py:3239} INFO - Sync 1 DAGs
[2025-03-18T22:55:52.603+0000] {logging_mixin.py:190} INFO - [2025-03-18T22:55:52.602+0000] {dag.py:4180} INFO - Setting next_dagrun for example_display_name to None, run_after=None
[2025-03-18T22:55:52.624+0000] {processor.py:208} INFO - Processing /home/airflow/.local/lib/python3.12/site-packages/airflow/example_dags/example_display_name.py took 0.127 seconds
[2025-03-18T22:56:22.756+0000] {processor.py:186} INFO - Started process (PID=1359) to work on /home/airflow/.local/lib/python3.12/site-packages/airflow/example_dags/example_display_name.py
[2025-03-18T22:56:22.758+0000] {processor.py:914} INFO - Processing file /home/airflow/.local/lib/python3.12/site-packages/airflow/example_dags/example_display_name.py for tasks to queue
[2025-03-18T22:56:22.764+0000] {logging_mixin.py:190} INFO - [2025-03-18T22:56:22.762+0000] {dagbag.py:588} INFO - Filling up the DagBag from /home/airflow/.local/lib/python3.12/site-packages/airflow/example_dags/example_display_name.py
[2025-03-18T22:56:22.774+0000] {processor.py:925} INFO - DAG(s) 'example_display_name' retrieved from /home/airflow/.local/lib/python3.12/site-packages/airflow/example_dags/example_display_name.py
[2025-03-18T22:56:22.800+0000] {logging_mixin.py:190} INFO - [2025-03-18T22:56:22.800+0000] {dag.py:3239} INFO - Sync 1 DAGs
[2025-03-18T22:56:22.817+0000] {logging_mixin.py:190} INFO - [2025-03-18T22:56:22.817+0000] {dag.py:4180} INFO - Setting next_dagrun for example_display_name to None, run_after=None
[2025-03-18T22:56:22.840+0000] {processor.py:208} INFO - Processing /home/airflow/.local/lib/python3.12/site-packages/airflow/example_dags/example_display_name.py took 0.097 seconds
[2025-03-18T22:56:53.481+0000] {processor.py:186} INFO - Started process (PID=1422) to work on /home/airflow/.local/lib/python3.12/site-packages/airflow/example_dags/example_display_name.py
[2025-03-18T22:56:53.497+0000] {processor.py:914} INFO - Processing file /home/airflow/.local/lib/python3.12/site-packages/airflow/example_dags/example_display_name.py for tasks to queue
[2025-03-18T22:56:53.500+0000] {logging_mixin.py:190} INFO - [2025-03-18T22:56:53.499+0000] {dagbag.py:588} INFO - Filling up the DagBag from /home/airflow/.local/lib/python3.12/site-packages/airflow/example_dags/example_display_name.py
[2025-03-18T22:56:53.509+0000] {processor.py:925} INFO - DAG(s) 'example_display_name' retrieved from /home/airflow/.local/lib/python3.12/site-packages/airflow/example_dags/example_display_name.py
[2025-03-18T22:56:53.530+0000] {logging_mixin.py:190} INFO - [2025-03-18T22:56:53.530+0000] {dag.py:3239} INFO - Sync 1 DAGs
[2025-03-18T22:56:53.546+0000] {logging_mixin.py:190} INFO - [2025-03-18T22:56:53.546+0000] {dag.py:4180} INFO - Setting next_dagrun for example_display_name to None, run_after=None
[2025-03-18T22:56:53.597+0000] {processor.py:208} INFO - Processing /home/airflow/.local/lib/python3.12/site-packages/airflow/example_dags/example_display_name.py took 0.131 seconds
[2025-03-18T22:57:25.590+0000] {processor.py:186} INFO - Started process (PID=1485) to work on /home/airflow/.local/lib/python3.12/site-packages/airflow/example_dags/example_display_name.py
[2025-03-18T22:57:25.591+0000] {processor.py:914} INFO - Processing file /home/airflow/.local/lib/python3.12/site-packages/airflow/example_dags/example_display_name.py for tasks to queue
[2025-03-18T22:57:25.594+0000] {logging_mixin.py:190} INFO - [2025-03-18T22:57:25.593+0000] {dagbag.py:588} INFO - Filling up the DagBag from /home/airflow/.local/lib/python3.12/site-packages/airflow/example_dags/example_display_name.py
[2025-03-18T22:57:25.602+0000] {processor.py:925} INFO - DAG(s) 'example_display_name' retrieved from /home/airflow/.local/lib/python3.12/site-packages/airflow/example_dags/example_display_name.py
[2025-03-18T22:57:25.632+0000] {logging_mixin.py:190} INFO - [2025-03-18T22:57:25.631+0000] {dag.py:3239} INFO - Sync 1 DAGs
[2025-03-18T22:57:25.649+0000] {logging_mixin.py:190} INFO - [2025-03-18T22:57:25.649+0000] {dag.py:4180} INFO - Setting next_dagrun for example_display_name to None, run_after=None
[2025-03-18T22:57:25.678+0000] {processor.py:208} INFO - Processing /home/airflow/.local/lib/python3.12/site-packages/airflow/example_dags/example_display_name.py took 0.093 seconds
[2025-03-18T22:57:56.345+0000] {processor.py:186} INFO - Started process (PID=1548) to work on /home/airflow/.local/lib/python3.12/site-packages/airflow/example_dags/example_display_name.py
[2025-03-18T22:57:56.347+0000] {processor.py:914} INFO - Processing file /home/airflow/.local/lib/python3.12/site-packages/airflow/example_dags/example_display_name.py for tasks to queue
[2025-03-18T22:57:56.350+0000] {logging_mixin.py:190} INFO - [2025-03-18T22:57:56.349+0000] {dagbag.py:588} INFO - Filling up the DagBag from /home/airflow/.local/lib/python3.12/site-packages/airflow/example_dags/example_display_name.py
[2025-03-18T22:57:56.358+0000] {processor.py:925} INFO - DAG(s) 'example_display_name' retrieved from /home/airflow/.local/lib/python3.12/site-packages/airflow/example_dags/example_display_name.py
[2025-03-18T22:57:56.376+0000] {logging_mixin.py:190} INFO - [2025-03-18T22:57:56.376+0000] {dag.py:3239} INFO - Sync 1 DAGs
[2025-03-18T22:57:56.391+0000] {logging_mixin.py:190} INFO - [2025-03-18T22:57:56.390+0000] {dag.py:4180} INFO - Setting next_dagrun for example_display_name to None, run_after=None
[2025-03-18T22:57:56.413+0000] {processor.py:208} INFO - Processing /home/airflow/.local/lib/python3.12/site-packages/airflow/example_dags/example_display_name.py took 0.076 seconds
[2025-03-18T22:58:26.582+0000] {processor.py:186} INFO - Started process (PID=1611) to work on /home/airflow/.local/lib/python3.12/site-packages/airflow/example_dags/example_display_name.py
[2025-03-18T22:58:26.583+0000] {processor.py:914} INFO - Processing file /home/airflow/.local/lib/python3.12/site-packages/airflow/example_dags/example_display_name.py for tasks to queue
[2025-03-18T22:58:26.587+0000] {logging_mixin.py:190} INFO - [2025-03-18T22:58:26.586+0000] {dagbag.py:588} INFO - Filling up the DagBag from /home/airflow/.local/lib/python3.12/site-packages/airflow/example_dags/example_display_name.py
[2025-03-18T22:58:26.599+0000] {processor.py:925} INFO - DAG(s) 'example_display_name' retrieved from /home/airflow/.local/lib/python3.12/site-packages/airflow/example_dags/example_display_name.py
[2025-03-18T22:58:26.627+0000] {logging_mixin.py:190} INFO - [2025-03-18T22:58:26.627+0000] {dag.py:3239} INFO - Sync 1 DAGs
[2025-03-18T22:58:26.691+0000] {logging_mixin.py:190} INFO - [2025-03-18T22:58:26.690+0000] {dag.py:4180} INFO - Setting next_dagrun for example_display_name to None, run_after=None
[2025-03-18T22:58:26.739+0000] {processor.py:208} INFO - Processing /home/airflow/.local/lib/python3.12/site-packages/airflow/example_dags/example_display_name.py took 0.163 seconds
[2025-03-18T22:58:57.128+0000] {processor.py:186} INFO - Started process (PID=1673) to work on /home/airflow/.local/lib/python3.12/site-packages/airflow/example_dags/example_display_name.py
[2025-03-18T22:58:57.130+0000] {processor.py:914} INFO - Processing file /home/airflow/.local/lib/python3.12/site-packages/airflow/example_dags/example_display_name.py for tasks to queue
[2025-03-18T22:58:57.135+0000] {logging_mixin.py:190} INFO - [2025-03-18T22:58:57.135+0000] {dagbag.py:588} INFO - Filling up the DagBag from /home/airflow/.local/lib/python3.12/site-packages/airflow/example_dags/example_display_name.py
[2025-03-18T22:58:57.143+0000] {processor.py:925} INFO - DAG(s) 'example_display_name' retrieved from /home/airflow/.local/lib/python3.12/site-packages/airflow/example_dags/example_display_name.py
[2025-03-18T22:58:57.162+0000] {logging_mixin.py:190} INFO - [2025-03-18T22:58:57.161+0000] {dag.py:3239} INFO - Sync 1 DAGs
[2025-03-18T22:58:57.178+0000] {logging_mixin.py:190} INFO - [2025-03-18T22:58:57.177+0000] {dag.py:4180} INFO - Setting next_dagrun for example_display_name to None, run_after=None
[2025-03-18T22:58:57.198+0000] {processor.py:208} INFO - Processing /home/airflow/.local/lib/python3.12/site-packages/airflow/example_dags/example_display_name.py took 0.075 seconds
[2025-03-18T22:59:27.360+0000] {processor.py:186} INFO - Started process (PID=1736) to work on /home/airflow/.local/lib/python3.12/site-packages/airflow/example_dags/example_display_name.py
[2025-03-18T22:59:27.360+0000] {processor.py:914} INFO - Processing file /home/airflow/.local/lib/python3.12/site-packages/airflow/example_dags/example_display_name.py for tasks to queue
[2025-03-18T22:59:27.363+0000] {logging_mixin.py:190} INFO - [2025-03-18T22:59:27.362+0000] {dagbag.py:588} INFO - Filling up the DagBag from /home/airflow/.local/lib/python3.12/site-packages/airflow/example_dags/example_display_name.py
[2025-03-18T22:59:27.371+0000] {processor.py:925} INFO - DAG(s) 'example_display_name' retrieved from /home/airflow/.local/lib/python3.12/site-packages/airflow/example_dags/example_display_name.py
[2025-03-18T22:59:27.391+0000] {logging_mixin.py:190} INFO - [2025-03-18T22:59:27.391+0000] {dag.py:3239} INFO - Sync 1 DAGs
[2025-03-18T22:59:27.414+0000] {logging_mixin.py:190} INFO - [2025-03-18T22:59:27.413+0000] {dag.py:4180} INFO - Setting next_dagrun for example_display_name to None, run_after=None
[2025-03-18T22:59:27.441+0000] {processor.py:208} INFO - Processing /home/airflow/.local/lib/python3.12/site-packages/airflow/example_dags/example_display_name.py took 0.094 seconds
[2025-03-18T22:59:57.823+0000] {processor.py:186} INFO - Started process (PID=1799) to work on /home/airflow/.local/lib/python3.12/site-packages/airflow/example_dags/example_display_name.py
[2025-03-18T22:59:57.825+0000] {processor.py:914} INFO - Processing file /home/airflow/.local/lib/python3.12/site-packages/airflow/example_dags/example_display_name.py for tasks to queue
[2025-03-18T22:59:57.828+0000] {logging_mixin.py:190} INFO - [2025-03-18T22:59:57.828+0000] {dagbag.py:588} INFO - Filling up the DagBag from /home/airflow/.local/lib/python3.12/site-packages/airflow/example_dags/example_display_name.py
[2025-03-18T22:59:57.836+0000] {processor.py:925} INFO - DAG(s) 'example_display_name' retrieved from /home/airflow/.local/lib/python3.12/site-packages/airflow/example_dags/example_display_name.py
[2025-03-18T22:59:57.865+0000] {logging_mixin.py:190} INFO - [2025-03-18T22:59:57.865+0000] {dag.py:3239} INFO - Sync 1 DAGs
[2025-03-18T22:59:57.880+0000] {logging_mixin.py:190} INFO - [2025-03-18T22:59:57.880+0000] {dag.py:4180} INFO - Setting next_dagrun for example_display_name to None, run_after=None
[2025-03-18T22:59:57.904+0000] {processor.py:208} INFO - Processing /home/airflow/.local/lib/python3.12/site-packages/airflow/example_dags/example_display_name.py took 0.095 seconds
[2025-03-18T23:00:28.867+0000] {processor.py:186} INFO - Started process (PID=1863) to work on /home/airflow/.local/lib/python3.12/site-packages/airflow/example_dags/example_display_name.py
[2025-03-18T23:00:28.868+0000] {processor.py:914} INFO - Processing file /home/airflow/.local/lib/python3.12/site-packages/airflow/example_dags/example_display_name.py for tasks to queue
[2025-03-18T23:00:28.870+0000] {logging_mixin.py:190} INFO - [2025-03-18T23:00:28.870+0000] {dagbag.py:588} INFO - Filling up the DagBag from /home/airflow/.local/lib/python3.12/site-packages/airflow/example_dags/example_display_name.py
[2025-03-18T23:00:28.879+0000] {processor.py:925} INFO - DAG(s) 'example_display_name' retrieved from /home/airflow/.local/lib/python3.12/site-packages/airflow/example_dags/example_display_name.py
[2025-03-18T23:00:28.909+0000] {logging_mixin.py:190} INFO - [2025-03-18T23:00:28.909+0000] {dag.py:3239} INFO - Sync 1 DAGs
[2025-03-18T23:00:28.925+0000] {logging_mixin.py:190} INFO - [2025-03-18T23:00:28.925+0000] {dag.py:4180} INFO - Setting next_dagrun for example_display_name to None, run_after=None
[2025-03-18T23:00:28.956+0000] {processor.py:208} INFO - Processing /home/airflow/.local/lib/python3.12/site-packages/airflow/example_dags/example_display_name.py took 0.096 seconds
[2025-03-18T23:00:59.057+0000] {processor.py:186} INFO - Started process (PID=1926) to work on /home/airflow/.local/lib/python3.12/site-packages/airflow/example_dags/example_display_name.py
[2025-03-18T23:00:59.066+0000] {processor.py:914} INFO - Processing file /home/airflow/.local/lib/python3.12/site-packages/airflow/example_dags/example_display_name.py for tasks to queue
[2025-03-18T23:00:59.069+0000] {logging_mixin.py:190} INFO - [2025-03-18T23:00:59.069+0000] {dagbag.py:588} INFO - Filling up the DagBag from /home/airflow/.local/lib/python3.12/site-packages/airflow/example_dags/example_display_name.py
[2025-03-18T23:00:59.094+0000] {processor.py:925} INFO - DAG(s) 'example_display_name' retrieved from /home/airflow/.local/lib/python3.12/site-packages/airflow/example_dags/example_display_name.py
[2025-03-18T23:00:59.137+0000] {logging_mixin.py:190} INFO - [2025-03-18T23:00:59.137+0000] {dag.py:3239} INFO - Sync 1 DAGs
[2025-03-18T23:00:59.162+0000] {logging_mixin.py:190} INFO - [2025-03-18T23:00:59.162+0000] {dag.py:4180} INFO - Setting next_dagrun for example_display_name to None, run_after=None
[2025-03-18T23:00:59.204+0000] {processor.py:208} INFO - Processing /home/airflow/.local/lib/python3.12/site-packages/airflow/example_dags/example_display_name.py took 0.155 seconds
[2025-03-18T23:01:30.288+0000] {processor.py:186} INFO - Started process (PID=1989) to work on /home/airflow/.local/lib/python3.12/site-packages/airflow/example_dags/example_display_name.py
[2025-03-18T23:01:30.289+0000] {processor.py:914} INFO - Processing file /home/airflow/.local/lib/python3.12/site-packages/airflow/example_dags/example_display_name.py for tasks to queue
[2025-03-18T23:01:30.292+0000] {logging_mixin.py:190} INFO - [2025-03-18T23:01:30.291+0000] {dagbag.py:588} INFO - Filling up the DagBag from /home/airflow/.local/lib/python3.12/site-packages/airflow/example_dags/example_display_name.py
[2025-03-18T23:01:30.301+0000] {processor.py:925} INFO - DAG(s) 'example_display_name' retrieved from /home/airflow/.local/lib/python3.12/site-packages/airflow/example_dags/example_display_name.py
[2025-03-18T23:01:30.324+0000] {logging_mixin.py:190} INFO - [2025-03-18T23:01:30.323+0000] {dag.py:3239} INFO - Sync 1 DAGs
[2025-03-18T23:01:30.340+0000] {logging_mixin.py:190} INFO - [2025-03-18T23:01:30.340+0000] {dag.py:4180} INFO - Setting next_dagrun for example_display_name to None, run_after=None
[2025-03-18T23:01:30.373+0000] {processor.py:208} INFO - Processing /home/airflow/.local/lib/python3.12/site-packages/airflow/example_dags/example_display_name.py took 0.093 seconds
[2025-03-18T23:02:00.898+0000] {processor.py:186} INFO - Started process (PID=2051) to work on /home/airflow/.local/lib/python3.12/site-packages/airflow/example_dags/example_display_name.py
[2025-03-18T23:02:00.899+0000] {processor.py:914} INFO - Processing file /home/airflow/.local/lib/python3.12/site-packages/airflow/example_dags/example_display_name.py for tasks to queue
[2025-03-18T23:02:00.901+0000] {logging_mixin.py:190} INFO - [2025-03-18T23:02:00.901+0000] {dagbag.py:588} INFO - Filling up the DagBag from /home/airflow/.local/lib/python3.12/site-packages/airflow/example_dags/example_display_name.py
[2025-03-18T23:02:00.910+0000] {processor.py:925} INFO - DAG(s) 'example_display_name' retrieved from /home/airflow/.local/lib/python3.12/site-packages/airflow/example_dags/example_display_name.py
[2025-03-18T23:02:00.928+0000] {logging_mixin.py:190} INFO - [2025-03-18T23:02:00.928+0000] {dag.py:3239} INFO - Sync 1 DAGs
[2025-03-18T23:02:00.944+0000] {logging_mixin.py:190} INFO - [2025-03-18T23:02:00.944+0000] {dag.py:4180} INFO - Setting next_dagrun for example_display_name to None, run_after=None
[2025-03-18T23:02:00.969+0000] {processor.py:208} INFO - Processing /home/airflow/.local/lib/python3.12/site-packages/airflow/example_dags/example_display_name.py took 0.078 seconds
[2025-03-18T23:02:31.282+0000] {processor.py:186} INFO - Started process (PID=2101) to work on /home/airflow/.local/lib/python3.12/site-packages/airflow/example_dags/example_display_name.py
[2025-03-18T23:02:31.284+0000] {processor.py:914} INFO - Processing file /home/airflow/.local/lib/python3.12/site-packages/airflow/example_dags/example_display_name.py for tasks to queue
[2025-03-18T23:02:31.287+0000] {logging_mixin.py:190} INFO - [2025-03-18T23:02:31.286+0000] {dagbag.py:588} INFO - Filling up the DagBag from /home/airflow/.local/lib/python3.12/site-packages/airflow/example_dags/example_display_name.py
[2025-03-18T23:02:31.298+0000] {processor.py:925} INFO - DAG(s) 'example_display_name' retrieved from /home/airflow/.local/lib/python3.12/site-packages/airflow/example_dags/example_display_name.py
[2025-03-18T23:02:31.319+0000] {logging_mixin.py:190} INFO - [2025-03-18T23:02:31.318+0000] {dag.py:3239} INFO - Sync 1 DAGs
[2025-03-18T23:02:31.345+0000] {logging_mixin.py:190} INFO - [2025-03-18T23:02:31.344+0000] {dag.py:4180} INFO - Setting next_dagrun for example_display_name to None, run_after=None
[2025-03-18T23:02:31.370+0000] {processor.py:208} INFO - Processing /home/airflow/.local/lib/python3.12/site-packages/airflow/example_dags/example_display_name.py took 0.100 seconds
[2025-03-18T23:03:01.923+0000] {processor.py:186} INFO - Started process (PID=2163) to work on /home/airflow/.local/lib/python3.12/site-packages/airflow/example_dags/example_display_name.py
[2025-03-18T23:03:01.931+0000] {processor.py:914} INFO - Processing file /home/airflow/.local/lib/python3.12/site-packages/airflow/example_dags/example_display_name.py for tasks to queue
[2025-03-18T23:03:01.933+0000] {logging_mixin.py:190} INFO - [2025-03-18T23:03:01.933+0000] {dagbag.py:588} INFO - Filling up the DagBag from /home/airflow/.local/lib/python3.12/site-packages/airflow/example_dags/example_display_name.py
[2025-03-18T23:03:01.941+0000] {processor.py:925} INFO - DAG(s) 'example_display_name' retrieved from /home/airflow/.local/lib/python3.12/site-packages/airflow/example_dags/example_display_name.py
[2025-03-18T23:03:01.959+0000] {logging_mixin.py:190} INFO - [2025-03-18T23:03:01.959+0000] {dag.py:3239} INFO - Sync 1 DAGs
[2025-03-18T23:03:01.973+0000] {logging_mixin.py:190} INFO - [2025-03-18T23:03:01.973+0000] {dag.py:4180} INFO - Setting next_dagrun for example_display_name to None, run_after=None
[2025-03-18T23:03:01.992+0000] {processor.py:208} INFO - Processing /home/airflow/.local/lib/python3.12/site-packages/airflow/example_dags/example_display_name.py took 0.077 seconds
[2025-03-18T23:03:32.765+0000] {processor.py:186} INFO - Started process (PID=2226) to work on /home/airflow/.local/lib/python3.12/site-packages/airflow/example_dags/example_display_name.py
[2025-03-18T23:03:32.765+0000] {processor.py:914} INFO - Processing file /home/airflow/.local/lib/python3.12/site-packages/airflow/example_dags/example_display_name.py for tasks to queue
[2025-03-18T23:03:32.768+0000] {logging_mixin.py:190} INFO - [2025-03-18T23:03:32.768+0000] {dagbag.py:588} INFO - Filling up the DagBag from /home/airflow/.local/lib/python3.12/site-packages/airflow/example_dags/example_display_name.py
[2025-03-18T23:03:32.777+0000] {processor.py:925} INFO - DAG(s) 'example_display_name' retrieved from /home/airflow/.local/lib/python3.12/site-packages/airflow/example_dags/example_display_name.py
[2025-03-18T23:03:32.801+0000] {logging_mixin.py:190} INFO - [2025-03-18T23:03:32.800+0000] {dag.py:3239} INFO - Sync 1 DAGs
[2025-03-18T23:03:32.814+0000] {logging_mixin.py:190} INFO - [2025-03-18T23:03:32.814+0000] {dag.py:4180} INFO - Setting next_dagrun for example_display_name to None, run_after=None
[2025-03-18T23:03:32.833+0000] {processor.py:208} INFO - Processing /home/airflow/.local/lib/python3.12/site-packages/airflow/example_dags/example_display_name.py took 0.077 seconds
[2025-03-18T23:04:03.534+0000] {processor.py:186} INFO - Started process (PID=2290) to work on /home/airflow/.local/lib/python3.12/site-packages/airflow/example_dags/example_display_name.py
[2025-03-18T23:04:03.535+0000] {processor.py:914} INFO - Processing file /home/airflow/.local/lib/python3.12/site-packages/airflow/example_dags/example_display_name.py for tasks to queue
[2025-03-18T23:04:03.538+0000] {logging_mixin.py:190} INFO - [2025-03-18T23:04:03.537+0000] {dagbag.py:588} INFO - Filling up the DagBag from /home/airflow/.local/lib/python3.12/site-packages/airflow/example_dags/example_display_name.py
[2025-03-18T23:04:03.546+0000] {processor.py:925} INFO - DAG(s) 'example_display_name' retrieved from /home/airflow/.local/lib/python3.12/site-packages/airflow/example_dags/example_display_name.py
[2025-03-18T23:04:03.564+0000] {logging_mixin.py:190} INFO - [2025-03-18T23:04:03.564+0000] {dag.py:3239} INFO - Sync 1 DAGs
[2025-03-18T23:04:03.586+0000] {logging_mixin.py:190} INFO - [2025-03-18T23:04:03.586+0000] {dag.py:4180} INFO - Setting next_dagrun for example_display_name to None, run_after=None
[2025-03-18T23:04:03.606+0000] {processor.py:208} INFO - Processing /home/airflow/.local/lib/python3.12/site-packages/airflow/example_dags/example_display_name.py took 0.084 seconds
[2025-03-18T23:04:34.004+0000] {processor.py:186} INFO - Started process (PID=2353) to work on /home/airflow/.local/lib/python3.12/site-packages/airflow/example_dags/example_display_name.py
[2025-03-18T23:04:34.005+0000] {processor.py:914} INFO - Processing file /home/airflow/.local/lib/python3.12/site-packages/airflow/example_dags/example_display_name.py for tasks to queue
[2025-03-18T23:04:34.007+0000] {logging_mixin.py:190} INFO - [2025-03-18T23:04:34.007+0000] {dagbag.py:588} INFO - Filling up the DagBag from /home/airflow/.local/lib/python3.12/site-packages/airflow/example_dags/example_display_name.py
[2025-03-18T23:04:34.016+0000] {processor.py:925} INFO - DAG(s) 'example_display_name' retrieved from /home/airflow/.local/lib/python3.12/site-packages/airflow/example_dags/example_display_name.py
[2025-03-18T23:04:34.035+0000] {logging_mixin.py:190} INFO - [2025-03-18T23:04:34.035+0000] {dag.py:3239} INFO - Sync 1 DAGs
[2025-03-18T23:04:34.057+0000] {logging_mixin.py:190} INFO - [2025-03-18T23:04:34.057+0000] {dag.py:4180} INFO - Setting next_dagrun for example_display_name to None, run_after=None
[2025-03-18T23:04:34.089+0000] {processor.py:208} INFO - Processing /home/airflow/.local/lib/python3.12/site-packages/airflow/example_dags/example_display_name.py took 0.096 seconds
[2025-03-18T23:05:04.227+0000] {processor.py:186} INFO - Started process (PID=2417) to work on /home/airflow/.local/lib/python3.12/site-packages/airflow/example_dags/example_display_name.py
[2025-03-18T23:05:04.229+0000] {processor.py:914} INFO - Processing file /home/airflow/.local/lib/python3.12/site-packages/airflow/example_dags/example_display_name.py for tasks to queue
[2025-03-18T23:05:04.231+0000] {logging_mixin.py:190} INFO - [2025-03-18T23:05:04.231+0000] {dagbag.py:588} INFO - Filling up the DagBag from /home/airflow/.local/lib/python3.12/site-packages/airflow/example_dags/example_display_name.py
[2025-03-18T23:05:04.239+0000] {processor.py:925} INFO - DAG(s) 'example_display_name' retrieved from /home/airflow/.local/lib/python3.12/site-packages/airflow/example_dags/example_display_name.py
[2025-03-18T23:05:04.259+0000] {logging_mixin.py:190} INFO - [2025-03-18T23:05:04.259+0000] {dag.py:3239} INFO - Sync 1 DAGs
[2025-03-18T23:05:04.274+0000] {logging_mixin.py:190} INFO - [2025-03-18T23:05:04.273+0000] {dag.py:4180} INFO - Setting next_dagrun for example_display_name to None, run_after=None
[2025-03-18T23:05:04.293+0000] {processor.py:208} INFO - Processing /home/airflow/.local/lib/python3.12/site-packages/airflow/example_dags/example_display_name.py took 0.072 seconds
[2025-03-18T23:05:34.370+0000] {processor.py:186} INFO - Started process (PID=2479) to work on /home/airflow/.local/lib/python3.12/site-packages/airflow/example_dags/example_display_name.py
[2025-03-18T23:05:34.371+0000] {processor.py:914} INFO - Processing file /home/airflow/.local/lib/python3.12/site-packages/airflow/example_dags/example_display_name.py for tasks to queue
[2025-03-18T23:05:34.373+0000] {logging_mixin.py:190} INFO - [2025-03-18T23:05:34.373+0000] {dagbag.py:588} INFO - Filling up the DagBag from /home/airflow/.local/lib/python3.12/site-packages/airflow/example_dags/example_display_name.py
[2025-03-18T23:05:34.382+0000] {processor.py:925} INFO - DAG(s) 'example_display_name' retrieved from /home/airflow/.local/lib/python3.12/site-packages/airflow/example_dags/example_display_name.py
[2025-03-18T23:05:34.404+0000] {logging_mixin.py:190} INFO - [2025-03-18T23:05:34.404+0000] {dag.py:3239} INFO - Sync 1 DAGs
[2025-03-18T23:05:34.425+0000] {logging_mixin.py:190} INFO - [2025-03-18T23:05:34.425+0000] {dag.py:4180} INFO - Setting next_dagrun for example_display_name to None, run_after=None
[2025-03-18T23:05:34.446+0000] {processor.py:208} INFO - Processing /home/airflow/.local/lib/python3.12/site-packages/airflow/example_dags/example_display_name.py took 0.082 seconds
[2025-03-18T23:06:04.831+0000] {processor.py:186} INFO - Started process (PID=2536) to work on /home/airflow/.local/lib/python3.12/site-packages/airflow/example_dags/example_display_name.py
[2025-03-18T23:06:04.832+0000] {processor.py:914} INFO - Processing file /home/airflow/.local/lib/python3.12/site-packages/airflow/example_dags/example_display_name.py for tasks to queue
[2025-03-18T23:06:04.835+0000] {logging_mixin.py:190} INFO - [2025-03-18T23:06:04.835+0000] {dagbag.py:588} INFO - Filling up the DagBag from /home/airflow/.local/lib/python3.12/site-packages/airflow/example_dags/example_display_name.py
[2025-03-18T23:06:04.843+0000] {processor.py:925} INFO - DAG(s) 'example_display_name' retrieved from /home/airflow/.local/lib/python3.12/site-packages/airflow/example_dags/example_display_name.py
[2025-03-18T23:06:04.863+0000] {logging_mixin.py:190} INFO - [2025-03-18T23:06:04.863+0000] {dag.py:3239} INFO - Sync 1 DAGs
[2025-03-18T23:06:04.880+0000] {logging_mixin.py:190} INFO - [2025-03-18T23:06:04.880+0000] {dag.py:4180} INFO - Setting next_dagrun for example_display_name to None, run_after=None
[2025-03-18T23:06:04.901+0000] {processor.py:208} INFO - Processing /home/airflow/.local/lib/python3.12/site-packages/airflow/example_dags/example_display_name.py took 0.080 seconds
[2025-03-18T23:06:35.093+0000] {processor.py:186} INFO - Started process (PID=2598) to work on /home/airflow/.local/lib/python3.12/site-packages/airflow/example_dags/example_display_name.py
[2025-03-18T23:06:35.094+0000] {processor.py:914} INFO - Processing file /home/airflow/.local/lib/python3.12/site-packages/airflow/example_dags/example_display_name.py for tasks to queue
[2025-03-18T23:06:35.097+0000] {logging_mixin.py:190} INFO - [2025-03-18T23:06:35.096+0000] {dagbag.py:588} INFO - Filling up the DagBag from /home/airflow/.local/lib/python3.12/site-packages/airflow/example_dags/example_display_name.py
[2025-03-18T23:06:35.106+0000] {processor.py:925} INFO - DAG(s) 'example_display_name' retrieved from /home/airflow/.local/lib/python3.12/site-packages/airflow/example_dags/example_display_name.py
[2025-03-18T23:06:35.124+0000] {logging_mixin.py:190} INFO - [2025-03-18T23:06:35.124+0000] {dag.py:3239} INFO - Sync 1 DAGs
[2025-03-18T23:06:35.144+0000] {logging_mixin.py:190} INFO - [2025-03-18T23:06:35.143+0000] {dag.py:4180} INFO - Setting next_dagrun for example_display_name to None, run_after=None
[2025-03-18T23:06:35.163+0000] {processor.py:208} INFO - Processing /home/airflow/.local/lib/python3.12/site-packages/airflow/example_dags/example_display_name.py took 0.076 seconds
[2025-03-18T23:07:05.641+0000] {processor.py:186} INFO - Started process (PID=2661) to work on /home/airflow/.local/lib/python3.12/site-packages/airflow/example_dags/example_display_name.py
[2025-03-18T23:07:05.642+0000] {processor.py:914} INFO - Processing file /home/airflow/.local/lib/python3.12/site-packages/airflow/example_dags/example_display_name.py for tasks to queue
[2025-03-18T23:07:05.645+0000] {logging_mixin.py:190} INFO - [2025-03-18T23:07:05.645+0000] {dagbag.py:588} INFO - Filling up the DagBag from /home/airflow/.local/lib/python3.12/site-packages/airflow/example_dags/example_display_name.py
[2025-03-18T23:07:05.654+0000] {processor.py:925} INFO - DAG(s) 'example_display_name' retrieved from /home/airflow/.local/lib/python3.12/site-packages/airflow/example_dags/example_display_name.py
[2025-03-18T23:07:05.673+0000] {logging_mixin.py:190} INFO - [2025-03-18T23:07:05.673+0000] {dag.py:3239} INFO - Sync 1 DAGs
[2025-03-18T23:07:05.688+0000] {logging_mixin.py:190} INFO - [2025-03-18T23:07:05.688+0000] {dag.py:4180} INFO - Setting next_dagrun for example_display_name to None, run_after=None
[2025-03-18T23:07:05.719+0000] {processor.py:208} INFO - Processing /home/airflow/.local/lib/python3.12/site-packages/airflow/example_dags/example_display_name.py took 0.084 seconds
[2025-03-18T23:07:35.811+0000] {processor.py:186} INFO - Started process (PID=2724) to work on /home/airflow/.local/lib/python3.12/site-packages/airflow/example_dags/example_display_name.py
[2025-03-18T23:07:35.812+0000] {processor.py:914} INFO - Processing file /home/airflow/.local/lib/python3.12/site-packages/airflow/example_dags/example_display_name.py for tasks to queue
[2025-03-18T23:07:35.814+0000] {logging_mixin.py:190} INFO - [2025-03-18T23:07:35.814+0000] {dagbag.py:588} INFO - Filling up the DagBag from /home/airflow/.local/lib/python3.12/site-packages/airflow/example_dags/example_display_name.py
[2025-03-18T23:07:35.823+0000] {processor.py:925} INFO - DAG(s) 'example_display_name' retrieved from /home/airflow/.local/lib/python3.12/site-packages/airflow/example_dags/example_display_name.py
[2025-03-18T23:07:35.842+0000] {logging_mixin.py:190} INFO - [2025-03-18T23:07:35.841+0000] {dag.py:3239} INFO - Sync 1 DAGs
[2025-03-18T23:07:35.857+0000] {logging_mixin.py:190} INFO - [2025-03-18T23:07:35.857+0000] {dag.py:4180} INFO - Setting next_dagrun for example_display_name to None, run_after=None
[2025-03-18T23:07:35.877+0000] {processor.py:208} INFO - Processing /home/airflow/.local/lib/python3.12/site-packages/airflow/example_dags/example_display_name.py took 0.072 seconds
[2025-03-18T23:08:06.352+0000] {processor.py:186} INFO - Started process (PID=2787) to work on /home/airflow/.local/lib/python3.12/site-packages/airflow/example_dags/example_display_name.py
[2025-03-18T23:08:06.357+0000] {processor.py:914} INFO - Processing file /home/airflow/.local/lib/python3.12/site-packages/airflow/example_dags/example_display_name.py for tasks to queue
[2025-03-18T23:08:06.365+0000] {logging_mixin.py:190} INFO - [2025-03-18T23:08:06.364+0000] {dagbag.py:588} INFO - Filling up the DagBag from /home/airflow/.local/lib/python3.12/site-packages/airflow/example_dags/example_display_name.py
[2025-03-18T23:08:06.376+0000] {processor.py:925} INFO - DAG(s) 'example_display_name' retrieved from /home/airflow/.local/lib/python3.12/site-packages/airflow/example_dags/example_display_name.py
[2025-03-18T23:08:06.394+0000] {logging_mixin.py:190} INFO - [2025-03-18T23:08:06.394+0000] {dag.py:3239} INFO - Sync 1 DAGs
[2025-03-18T23:08:06.410+0000] {logging_mixin.py:190} INFO - [2025-03-18T23:08:06.410+0000] {dag.py:4180} INFO - Setting next_dagrun for example_display_name to None, run_after=None
[2025-03-18T23:08:06.428+0000] {processor.py:208} INFO - Processing /home/airflow/.local/lib/python3.12/site-packages/airflow/example_dags/example_display_name.py took 0.094 seconds
[2025-03-18T23:08:37.409+0000] {processor.py:186} INFO - Started process (PID=2850) to work on /home/airflow/.local/lib/python3.12/site-packages/airflow/example_dags/example_display_name.py
[2025-03-18T23:08:37.410+0000] {processor.py:914} INFO - Processing file /home/airflow/.local/lib/python3.12/site-packages/airflow/example_dags/example_display_name.py for tasks to queue
[2025-03-18T23:08:37.415+0000] {logging_mixin.py:190} INFO - [2025-03-18T23:08:37.414+0000] {dagbag.py:588} INFO - Filling up the DagBag from /home/airflow/.local/lib/python3.12/site-packages/airflow/example_dags/example_display_name.py
[2025-03-18T23:08:37.423+0000] {processor.py:925} INFO - DAG(s) 'example_display_name' retrieved from /home/airflow/.local/lib/python3.12/site-packages/airflow/example_dags/example_display_name.py
[2025-03-18T23:08:37.446+0000] {logging_mixin.py:190} INFO - [2025-03-18T23:08:37.446+0000] {dag.py:3239} INFO - Sync 1 DAGs
[2025-03-18T23:08:37.468+0000] {logging_mixin.py:190} INFO - [2025-03-18T23:08:37.468+0000] {dag.py:4180} INFO - Setting next_dagrun for example_display_name to None, run_after=None
[2025-03-18T23:08:37.488+0000] {processor.py:208} INFO - Processing /home/airflow/.local/lib/python3.12/site-packages/airflow/example_dags/example_display_name.py took 0.089 seconds
[2025-03-18T23:09:08.402+0000] {processor.py:186} INFO - Started process (PID=2913) to work on /home/airflow/.local/lib/python3.12/site-packages/airflow/example_dags/example_display_name.py
[2025-03-18T23:09:08.403+0000] {processor.py:914} INFO - Processing file /home/airflow/.local/lib/python3.12/site-packages/airflow/example_dags/example_display_name.py for tasks to queue
[2025-03-18T23:09:08.406+0000] {logging_mixin.py:190} INFO - [2025-03-18T23:09:08.406+0000] {dagbag.py:588} INFO - Filling up the DagBag from /home/airflow/.local/lib/python3.12/site-packages/airflow/example_dags/example_display_name.py
[2025-03-18T23:09:08.418+0000] {processor.py:925} INFO - DAG(s) 'example_display_name' retrieved from /home/airflow/.local/lib/python3.12/site-packages/airflow/example_dags/example_display_name.py
[2025-03-18T23:09:08.439+0000] {logging_mixin.py:190} INFO - [2025-03-18T23:09:08.439+0000] {dag.py:3239} INFO - Sync 1 DAGs
[2025-03-18T23:09:08.455+0000] {logging_mixin.py:190} INFO - [2025-03-18T23:09:08.455+0000] {dag.py:4180} INFO - Setting next_dagrun for example_display_name to None, run_after=None
[2025-03-18T23:09:08.478+0000] {processor.py:208} INFO - Processing /home/airflow/.local/lib/python3.12/site-packages/airflow/example_dags/example_display_name.py took 0.084 seconds
[2025-03-18T23:09:38.552+0000] {processor.py:186} INFO - Started process (PID=2970) to work on /home/airflow/.local/lib/python3.12/site-packages/airflow/example_dags/example_display_name.py
[2025-03-18T23:09:38.553+0000] {processor.py:914} INFO - Processing file /home/airflow/.local/lib/python3.12/site-packages/airflow/example_dags/example_display_name.py for tasks to queue
[2025-03-18T23:09:38.556+0000] {logging_mixin.py:190} INFO - [2025-03-18T23:09:38.556+0000] {dagbag.py:588} INFO - Filling up the DagBag from /home/airflow/.local/lib/python3.12/site-packages/airflow/example_dags/example_display_name.py
[2025-03-18T23:09:38.567+0000] {processor.py:925} INFO - DAG(s) 'example_display_name' retrieved from /home/airflow/.local/lib/python3.12/site-packages/airflow/example_dags/example_display_name.py
[2025-03-18T23:09:38.587+0000] {logging_mixin.py:190} INFO - [2025-03-18T23:09:38.587+0000] {dag.py:3239} INFO - Sync 1 DAGs
[2025-03-18T23:09:38.601+0000] {logging_mixin.py:190} INFO - [2025-03-18T23:09:38.601+0000] {dag.py:4180} INFO - Setting next_dagrun for example_display_name to None, run_after=None
[2025-03-18T23:09:38.622+0000] {processor.py:208} INFO - Processing /home/airflow/.local/lib/python3.12/site-packages/airflow/example_dags/example_display_name.py took 0.080 seconds
[2025-03-18T23:10:09.618+0000] {processor.py:186} INFO - Started process (PID=3036) to work on /home/airflow/.local/lib/python3.12/site-packages/airflow/example_dags/example_display_name.py
[2025-03-18T23:10:09.619+0000] {processor.py:914} INFO - Processing file /home/airflow/.local/lib/python3.12/site-packages/airflow/example_dags/example_display_name.py for tasks to queue
[2025-03-18T23:10:09.622+0000] {logging_mixin.py:190} INFO - [2025-03-18T23:10:09.621+0000] {dagbag.py:588} INFO - Filling up the DagBag from /home/airflow/.local/lib/python3.12/site-packages/airflow/example_dags/example_display_name.py
[2025-03-18T23:10:09.632+0000] {processor.py:925} INFO - DAG(s) 'example_display_name' retrieved from /home/airflow/.local/lib/python3.12/site-packages/airflow/example_dags/example_display_name.py
[2025-03-18T23:10:09.658+0000] {logging_mixin.py:190} INFO - [2025-03-18T23:10:09.658+0000] {dag.py:3239} INFO - Sync 1 DAGs
[2025-03-18T23:10:09.675+0000] {logging_mixin.py:190} INFO - [2025-03-18T23:10:09.675+0000] {dag.py:4180} INFO - Setting next_dagrun for example_display_name to None, run_after=None
[2025-03-18T23:10:09.704+0000] {processor.py:208} INFO - Processing /home/airflow/.local/lib/python3.12/site-packages/airflow/example_dags/example_display_name.py took 0.093 seconds
[2025-03-18T23:10:40.772+0000] {processor.py:186} INFO - Started process (PID=3092) to work on /home/airflow/.local/lib/python3.12/site-packages/airflow/example_dags/example_display_name.py
[2025-03-18T23:10:40.773+0000] {processor.py:914} INFO - Processing file /home/airflow/.local/lib/python3.12/site-packages/airflow/example_dags/example_display_name.py for tasks to queue
[2025-03-18T23:10:40.776+0000] {logging_mixin.py:190} INFO - [2025-03-18T23:10:40.775+0000] {dagbag.py:588} INFO - Filling up the DagBag from /home/airflow/.local/lib/python3.12/site-packages/airflow/example_dags/example_display_name.py
[2025-03-18T23:10:40.784+0000] {processor.py:925} INFO - DAG(s) 'example_display_name' retrieved from /home/airflow/.local/lib/python3.12/site-packages/airflow/example_dags/example_display_name.py
[2025-03-18T23:10:40.804+0000] {logging_mixin.py:190} INFO - [2025-03-18T23:10:40.804+0000] {dag.py:3239} INFO - Sync 1 DAGs
[2025-03-18T23:10:40.823+0000] {logging_mixin.py:190} INFO - [2025-03-18T23:10:40.823+0000] {dag.py:4180} INFO - Setting next_dagrun for example_display_name to None, run_after=None
[2025-03-18T23:10:40.845+0000] {processor.py:208} INFO - Processing /home/airflow/.local/lib/python3.12/site-packages/airflow/example_dags/example_display_name.py took 0.079 seconds
[2025-03-18T23:11:11.504+0000] {processor.py:186} INFO - Started process (PID=3155) to work on /home/airflow/.local/lib/python3.12/site-packages/airflow/example_dags/example_display_name.py
[2025-03-18T23:11:11.505+0000] {processor.py:914} INFO - Processing file /home/airflow/.local/lib/python3.12/site-packages/airflow/example_dags/example_display_name.py for tasks to queue
[2025-03-18T23:11:11.508+0000] {logging_mixin.py:190} INFO - [2025-03-18T23:11:11.507+0000] {dagbag.py:588} INFO - Filling up the DagBag from /home/airflow/.local/lib/python3.12/site-packages/airflow/example_dags/example_display_name.py
[2025-03-18T23:11:11.516+0000] {processor.py:925} INFO - DAG(s) 'example_display_name' retrieved from /home/airflow/.local/lib/python3.12/site-packages/airflow/example_dags/example_display_name.py
[2025-03-18T23:11:11.535+0000] {logging_mixin.py:190} INFO - [2025-03-18T23:11:11.535+0000] {dag.py:3239} INFO - Sync 1 DAGs
[2025-03-18T23:11:11.550+0000] {logging_mixin.py:190} INFO - [2025-03-18T23:11:11.549+0000] {dag.py:4180} INFO - Setting next_dagrun for example_display_name to None, run_after=None
[2025-03-18T23:11:11.569+0000] {processor.py:208} INFO - Processing /home/airflow/.local/lib/python3.12/site-packages/airflow/example_dags/example_display_name.py took 0.072 seconds
[2025-03-18T23:11:41.958+0000] {processor.py:186} INFO - Started process (PID=3218) to work on /home/airflow/.local/lib/python3.12/site-packages/airflow/example_dags/example_display_name.py
[2025-03-18T23:11:41.959+0000] {processor.py:914} INFO - Processing file /home/airflow/.local/lib/python3.12/site-packages/airflow/example_dags/example_display_name.py for tasks to queue
[2025-03-18T23:11:41.961+0000] {logging_mixin.py:190} INFO - [2025-03-18T23:11:41.961+0000] {dagbag.py:588} INFO - Filling up the DagBag from /home/airflow/.local/lib/python3.12/site-packages/airflow/example_dags/example_display_name.py
[2025-03-18T23:11:41.970+0000] {processor.py:925} INFO - DAG(s) 'example_display_name' retrieved from /home/airflow/.local/lib/python3.12/site-packages/airflow/example_dags/example_display_name.py
[2025-03-18T23:11:41.991+0000] {logging_mixin.py:190} INFO - [2025-03-18T23:11:41.990+0000] {dag.py:3239} INFO - Sync 1 DAGs
[2025-03-18T23:11:42.007+0000] {logging_mixin.py:190} INFO - [2025-03-18T23:11:42.006+0000] {dag.py:4180} INFO - Setting next_dagrun for example_display_name to None, run_after=None
[2025-03-18T23:11:42.027+0000] {processor.py:208} INFO - Processing /home/airflow/.local/lib/python3.12/site-packages/airflow/example_dags/example_display_name.py took 0.076 seconds
[2025-03-18T23:12:12.244+0000] {processor.py:186} INFO - Started process (PID=3280) to work on /home/airflow/.local/lib/python3.12/site-packages/airflow/example_dags/example_display_name.py
[2025-03-18T23:12:12.249+0000] {processor.py:914} INFO - Processing file /home/airflow/.local/lib/python3.12/site-packages/airflow/example_dags/example_display_name.py for tasks to queue
[2025-03-18T23:12:12.251+0000] {logging_mixin.py:190} INFO - [2025-03-18T23:12:12.251+0000] {dagbag.py:588} INFO - Filling up the DagBag from /home/airflow/.local/lib/python3.12/site-packages/airflow/example_dags/example_display_name.py
[2025-03-18T23:12:12.260+0000] {processor.py:925} INFO - DAG(s) 'example_display_name' retrieved from /home/airflow/.local/lib/python3.12/site-packages/airflow/example_dags/example_display_name.py
[2025-03-18T23:12:12.279+0000] {logging_mixin.py:190} INFO - [2025-03-18T23:12:12.279+0000] {dag.py:3239} INFO - Sync 1 DAGs
[2025-03-18T23:12:12.296+0000] {logging_mixin.py:190} INFO - [2025-03-18T23:12:12.296+0000] {dag.py:4180} INFO - Setting next_dagrun for example_display_name to None, run_after=None
[2025-03-18T23:12:12.317+0000] {processor.py:208} INFO - Processing /home/airflow/.local/lib/python3.12/site-packages/airflow/example_dags/example_display_name.py took 0.080 seconds
[2025-03-18T23:12:42.862+0000] {processor.py:186} INFO - Started process (PID=3343) to work on /home/airflow/.local/lib/python3.12/site-packages/airflow/example_dags/example_display_name.py
[2025-03-18T23:12:42.862+0000] {processor.py:914} INFO - Processing file /home/airflow/.local/lib/python3.12/site-packages/airflow/example_dags/example_display_name.py for tasks to queue
[2025-03-18T23:12:42.865+0000] {logging_mixin.py:190} INFO - [2025-03-18T23:12:42.864+0000] {dagbag.py:588} INFO - Filling up the DagBag from /home/airflow/.local/lib/python3.12/site-packages/airflow/example_dags/example_display_name.py
[2025-03-18T23:12:42.873+0000] {processor.py:925} INFO - DAG(s) 'example_display_name' retrieved from /home/airflow/.local/lib/python3.12/site-packages/airflow/example_dags/example_display_name.py
[2025-03-18T23:12:42.892+0000] {logging_mixin.py:190} INFO - [2025-03-18T23:12:42.892+0000] {dag.py:3239} INFO - Sync 1 DAGs
[2025-03-18T23:12:42.907+0000] {logging_mixin.py:190} INFO - [2025-03-18T23:12:42.907+0000] {dag.py:4180} INFO - Setting next_dagrun for example_display_name to None, run_after=None
[2025-03-18T23:12:42.926+0000] {processor.py:208} INFO - Processing /home/airflow/.local/lib/python3.12/site-packages/airflow/example_dags/example_display_name.py took 0.071 seconds
[2025-03-18T23:13:13.338+0000] {processor.py:186} INFO - Started process (PID=3406) to work on /home/airflow/.local/lib/python3.12/site-packages/airflow/example_dags/example_display_name.py
[2025-03-18T23:13:13.339+0000] {processor.py:914} INFO - Processing file /home/airflow/.local/lib/python3.12/site-packages/airflow/example_dags/example_display_name.py for tasks to queue
[2025-03-18T23:13:13.341+0000] {logging_mixin.py:190} INFO - [2025-03-18T23:13:13.341+0000] {dagbag.py:588} INFO - Filling up the DagBag from /home/airflow/.local/lib/python3.12/site-packages/airflow/example_dags/example_display_name.py
[2025-03-18T23:13:13.350+0000] {processor.py:925} INFO - DAG(s) 'example_display_name' retrieved from /home/airflow/.local/lib/python3.12/site-packages/airflow/example_dags/example_display_name.py
[2025-03-18T23:13:13.369+0000] {logging_mixin.py:190} INFO - [2025-03-18T23:13:13.369+0000] {dag.py:3239} INFO - Sync 1 DAGs
[2025-03-18T23:13:13.384+0000] {logging_mixin.py:190} INFO - [2025-03-18T23:13:13.384+0000] {dag.py:4180} INFO - Setting next_dagrun for example_display_name to None, run_after=None
[2025-03-18T23:13:13.405+0000] {processor.py:208} INFO - Processing /home/airflow/.local/lib/python3.12/site-packages/airflow/example_dags/example_display_name.py took 0.074 seconds
[2025-03-18T23:13:44.197+0000] {processor.py:186} INFO - Started process (PID=3469) to work on /home/airflow/.local/lib/python3.12/site-packages/airflow/example_dags/example_display_name.py
[2025-03-18T23:13:44.198+0000] {processor.py:914} INFO - Processing file /home/airflow/.local/lib/python3.12/site-packages/airflow/example_dags/example_display_name.py for tasks to queue
[2025-03-18T23:13:44.200+0000] {logging_mixin.py:190} INFO - [2025-03-18T23:13:44.200+0000] {dagbag.py:588} INFO - Filling up the DagBag from /home/airflow/.local/lib/python3.12/site-packages/airflow/example_dags/example_display_name.py
[2025-03-18T23:13:44.209+0000] {processor.py:925} INFO - DAG(s) 'example_display_name' retrieved from /home/airflow/.local/lib/python3.12/site-packages/airflow/example_dags/example_display_name.py
[2025-03-18T23:13:44.234+0000] {logging_mixin.py:190} INFO - [2025-03-18T23:13:44.234+0000] {dag.py:3239} INFO - Sync 1 DAGs
[2025-03-18T23:13:44.250+0000] {logging_mixin.py:190} INFO - [2025-03-18T23:13:44.250+0000] {dag.py:4180} INFO - Setting next_dagrun for example_display_name to None, run_after=None
[2025-03-18T23:13:44.272+0000] {processor.py:208} INFO - Processing /home/airflow/.local/lib/python3.12/site-packages/airflow/example_dags/example_display_name.py took 0.086 seconds
[2025-03-18T23:14:19.075+0000] {processor.py:186} INFO - Started process (PID=3532) to work on /home/airflow/.local/lib/python3.12/site-packages/airflow/example_dags/example_display_name.py
[2025-03-18T23:14:19.077+0000] {processor.py:914} INFO - Processing file /home/airflow/.local/lib/python3.12/site-packages/airflow/example_dags/example_display_name.py for tasks to queue
[2025-03-18T23:14:19.079+0000] {logging_mixin.py:190} INFO - [2025-03-18T23:14:19.079+0000] {dagbag.py:588} INFO - Filling up the DagBag from /home/airflow/.local/lib/python3.12/site-packages/airflow/example_dags/example_display_name.py
[2025-03-18T23:14:19.093+0000] {processor.py:925} INFO - DAG(s) 'example_display_name' retrieved from /home/airflow/.local/lib/python3.12/site-packages/airflow/example_dags/example_display_name.py
[2025-03-18T23:14:19.116+0000] {logging_mixin.py:190} INFO - [2025-03-18T23:14:19.115+0000] {dag.py:3239} INFO - Sync 1 DAGs
[2025-03-18T23:14:19.133+0000] {logging_mixin.py:190} INFO - [2025-03-18T23:14:19.132+0000] {dag.py:4180} INFO - Setting next_dagrun for example_display_name to None, run_after=None
[2025-03-18T23:14:19.158+0000] {processor.py:208} INFO - Processing /home/airflow/.local/lib/python3.12/site-packages/airflow/example_dags/example_display_name.py took 0.092 seconds
[2025-03-18T23:14:53.270+0000] {processor.py:186} INFO - Started process (PID=3593) to work on /home/airflow/.local/lib/python3.12/site-packages/airflow/example_dags/example_display_name.py
[2025-03-18T23:14:53.271+0000] {processor.py:914} INFO - Processing file /home/airflow/.local/lib/python3.12/site-packages/airflow/example_dags/example_display_name.py for tasks to queue
[2025-03-18T23:14:53.273+0000] {logging_mixin.py:190} INFO - [2025-03-18T23:14:53.273+0000] {dagbag.py:588} INFO - Filling up the DagBag from /home/airflow/.local/lib/python3.12/site-packages/airflow/example_dags/example_display_name.py
[2025-03-18T23:14:53.282+0000] {processor.py:925} INFO - DAG(s) 'example_display_name' retrieved from /home/airflow/.local/lib/python3.12/site-packages/airflow/example_dags/example_display_name.py
[2025-03-18T23:14:53.302+0000] {logging_mixin.py:190} INFO - [2025-03-18T23:14:53.302+0000] {dag.py:3239} INFO - Sync 1 DAGs
[2025-03-18T23:14:53.318+0000] {logging_mixin.py:190} INFO - [2025-03-18T23:14:53.318+0000] {dag.py:4180} INFO - Setting next_dagrun for example_display_name to None, run_after=None
[2025-03-18T23:14:53.357+0000] {processor.py:208} INFO - Processing /home/airflow/.local/lib/python3.12/site-packages/airflow/example_dags/example_display_name.py took 0.095 seconds
[2025-03-18T23:15:26.066+0000] {processor.py:186} INFO - Started process (PID=3656) to work on /home/airflow/.local/lib/python3.12/site-packages/airflow/example_dags/example_display_name.py
[2025-03-18T23:15:26.067+0000] {processor.py:914} INFO - Processing file /home/airflow/.local/lib/python3.12/site-packages/airflow/example_dags/example_display_name.py for tasks to queue
[2025-03-18T23:15:26.069+0000] {logging_mixin.py:190} INFO - [2025-03-18T23:15:26.069+0000] {dagbag.py:588} INFO - Filling up the DagBag from /home/airflow/.local/lib/python3.12/site-packages/airflow/example_dags/example_display_name.py
[2025-03-18T23:15:26.079+0000] {processor.py:925} INFO - DAG(s) 'example_display_name' retrieved from /home/airflow/.local/lib/python3.12/site-packages/airflow/example_dags/example_display_name.py
[2025-03-18T23:15:26.103+0000] {logging_mixin.py:190} INFO - [2025-03-18T23:15:26.103+0000] {dag.py:3239} INFO - Sync 1 DAGs
[2025-03-18T23:15:26.126+0000] {logging_mixin.py:190} INFO - [2025-03-18T23:15:26.126+0000] {dag.py:4180} INFO - Setting next_dagrun for example_display_name to None, run_after=None
[2025-03-18T23:15:26.155+0000] {processor.py:208} INFO - Processing /home/airflow/.local/lib/python3.12/site-packages/airflow/example_dags/example_display_name.py took 0.097 seconds
[2025-03-18T23:15:56.804+0000] {processor.py:186} INFO - Started process (PID=3719) to work on /home/airflow/.local/lib/python3.12/site-packages/airflow/example_dags/example_display_name.py
[2025-03-18T23:15:56.805+0000] {processor.py:914} INFO - Processing file /home/airflow/.local/lib/python3.12/site-packages/airflow/example_dags/example_display_name.py for tasks to queue
[2025-03-18T23:15:56.807+0000] {logging_mixin.py:190} INFO - [2025-03-18T23:15:56.807+0000] {dagbag.py:588} INFO - Filling up the DagBag from /home/airflow/.local/lib/python3.12/site-packages/airflow/example_dags/example_display_name.py
[2025-03-18T23:15:56.816+0000] {processor.py:925} INFO - DAG(s) 'example_display_name' retrieved from /home/airflow/.local/lib/python3.12/site-packages/airflow/example_dags/example_display_name.py
[2025-03-18T23:15:56.838+0000] {logging_mixin.py:190} INFO - [2025-03-18T23:15:56.837+0000] {dag.py:3239} INFO - Sync 1 DAGs
[2025-03-18T23:15:56.854+0000] {logging_mixin.py:190} INFO - [2025-03-18T23:15:56.854+0000] {dag.py:4180} INFO - Setting next_dagrun for example_display_name to None, run_after=None
[2025-03-18T23:15:56.876+0000] {processor.py:208} INFO - Processing /home/airflow/.local/lib/python3.12/site-packages/airflow/example_dags/example_display_name.py took 0.078 seconds
[2025-03-18T23:16:27.121+0000] {processor.py:186} INFO - Started process (PID=3782) to work on /home/airflow/.local/lib/python3.12/site-packages/airflow/example_dags/example_display_name.py
[2025-03-18T23:16:27.125+0000] {processor.py:914} INFO - Processing file /home/airflow/.local/lib/python3.12/site-packages/airflow/example_dags/example_display_name.py for tasks to queue
[2025-03-18T23:16:27.127+0000] {logging_mixin.py:190} INFO - [2025-03-18T23:16:27.127+0000] {dagbag.py:588} INFO - Filling up the DagBag from /home/airflow/.local/lib/python3.12/site-packages/airflow/example_dags/example_display_name.py
[2025-03-18T23:16:27.137+0000] {processor.py:925} INFO - DAG(s) 'example_display_name' retrieved from /home/airflow/.local/lib/python3.12/site-packages/airflow/example_dags/example_display_name.py
[2025-03-18T23:16:27.163+0000] {logging_mixin.py:190} INFO - [2025-03-18T23:16:27.162+0000] {dag.py:3239} INFO - Sync 1 DAGs
[2025-03-18T23:16:27.177+0000] {logging_mixin.py:190} INFO - [2025-03-18T23:16:27.177+0000] {dag.py:4180} INFO - Setting next_dagrun for example_display_name to None, run_after=None
[2025-03-18T23:16:27.199+0000] {processor.py:208} INFO - Processing /home/airflow/.local/lib/python3.12/site-packages/airflow/example_dags/example_display_name.py took 0.084 seconds
[2025-03-18T23:16:57.280+0000] {processor.py:186} INFO - Started process (PID=3844) to work on /home/airflow/.local/lib/python3.12/site-packages/airflow/example_dags/example_display_name.py
[2025-03-18T23:16:57.281+0000] {processor.py:914} INFO - Processing file /home/airflow/.local/lib/python3.12/site-packages/airflow/example_dags/example_display_name.py for tasks to queue
[2025-03-18T23:16:57.284+0000] {logging_mixin.py:190} INFO - [2025-03-18T23:16:57.283+0000] {dagbag.py:588} INFO - Filling up the DagBag from /home/airflow/.local/lib/python3.12/site-packages/airflow/example_dags/example_display_name.py
[2025-03-18T23:16:57.293+0000] {processor.py:925} INFO - DAG(s) 'example_display_name' retrieved from /home/airflow/.local/lib/python3.12/site-packages/airflow/example_dags/example_display_name.py
[2025-03-18T23:16:57.314+0000] {logging_mixin.py:190} INFO - [2025-03-18T23:16:57.313+0000] {dag.py:3239} INFO - Sync 1 DAGs
[2025-03-18T23:16:57.333+0000] {logging_mixin.py:190} INFO - [2025-03-18T23:16:57.332+0000] {dag.py:4180} INFO - Setting next_dagrun for example_display_name to None, run_after=None
[2025-03-18T23:16:57.354+0000] {processor.py:208} INFO - Processing /home/airflow/.local/lib/python3.12/site-packages/airflow/example_dags/example_display_name.py took 0.080 seconds
[2025-03-18T23:17:28.357+0000] {processor.py:186} INFO - Started process (PID=3906) to work on /home/airflow/.local/lib/python3.12/site-packages/airflow/example_dags/example_display_name.py
[2025-03-18T23:17:28.360+0000] {processor.py:914} INFO - Processing file /home/airflow/.local/lib/python3.12/site-packages/airflow/example_dags/example_display_name.py for tasks to queue
[2025-03-18T23:17:28.363+0000] {logging_mixin.py:190} INFO - [2025-03-18T23:17:28.362+0000] {dagbag.py:588} INFO - Filling up the DagBag from /home/airflow/.local/lib/python3.12/site-packages/airflow/example_dags/example_display_name.py
[2025-03-18T23:17:28.372+0000] {processor.py:925} INFO - DAG(s) 'example_display_name' retrieved from /home/airflow/.local/lib/python3.12/site-packages/airflow/example_dags/example_display_name.py
[2025-03-18T23:17:28.393+0000] {logging_mixin.py:190} INFO - [2025-03-18T23:17:28.392+0000] {dag.py:3239} INFO - Sync 1 DAGs
[2025-03-18T23:17:28.422+0000] {logging_mixin.py:190} INFO - [2025-03-18T23:17:28.422+0000] {dag.py:4180} INFO - Setting next_dagrun for example_display_name to None, run_after=None
[2025-03-18T23:17:28.448+0000] {processor.py:208} INFO - Processing /home/airflow/.local/lib/python3.12/site-packages/airflow/example_dags/example_display_name.py took 0.098 seconds
[2025-03-18T23:17:58.783+0000] {processor.py:186} INFO - Started process (PID=3968) to work on /home/airflow/.local/lib/python3.12/site-packages/airflow/example_dags/example_display_name.py
[2025-03-18T23:17:58.784+0000] {processor.py:914} INFO - Processing file /home/airflow/.local/lib/python3.12/site-packages/airflow/example_dags/example_display_name.py for tasks to queue
[2025-03-18T23:17:58.786+0000] {logging_mixin.py:190} INFO - [2025-03-18T23:17:58.786+0000] {dagbag.py:588} INFO - Filling up the DagBag from /home/airflow/.local/lib/python3.12/site-packages/airflow/example_dags/example_display_name.py
[2025-03-18T23:17:58.796+0000] {processor.py:925} INFO - DAG(s) 'example_display_name' retrieved from /home/airflow/.local/lib/python3.12/site-packages/airflow/example_dags/example_display_name.py
[2025-03-18T23:17:58.815+0000] {logging_mixin.py:190} INFO - [2025-03-18T23:17:58.815+0000] {dag.py:3239} INFO - Sync 1 DAGs
[2025-03-18T23:17:58.829+0000] {logging_mixin.py:190} INFO - [2025-03-18T23:17:58.829+0000] {dag.py:4180} INFO - Setting next_dagrun for example_display_name to None, run_after=None
[2025-03-18T23:17:58.848+0000] {processor.py:208} INFO - Processing /home/airflow/.local/lib/python3.12/site-packages/airflow/example_dags/example_display_name.py took 0.072 seconds
[2025-03-18T23:18:29.892+0000] {processor.py:186} INFO - Started process (PID=4031) to work on /home/airflow/.local/lib/python3.12/site-packages/airflow/example_dags/example_display_name.py
[2025-03-18T23:18:29.903+0000] {processor.py:914} INFO - Processing file /home/airflow/.local/lib/python3.12/site-packages/airflow/example_dags/example_display_name.py for tasks to queue
[2025-03-18T23:18:29.906+0000] {logging_mixin.py:190} INFO - [2025-03-18T23:18:29.906+0000] {dagbag.py:588} INFO - Filling up the DagBag from /home/airflow/.local/lib/python3.12/site-packages/airflow/example_dags/example_display_name.py
[2025-03-18T23:18:29.915+0000] {processor.py:925} INFO - DAG(s) 'example_display_name' retrieved from /home/airflow/.local/lib/python3.12/site-packages/airflow/example_dags/example_display_name.py
[2025-03-18T23:18:29.964+0000] {logging_mixin.py:190} INFO - [2025-03-18T23:18:29.963+0000] {dag.py:3239} INFO - Sync 1 DAGs
[2025-03-18T23:18:29.982+0000] {logging_mixin.py:190} INFO - [2025-03-18T23:18:29.981+0000] {dag.py:4180} INFO - Setting next_dagrun for example_display_name to None, run_after=None
[2025-03-18T23:18:30.072+0000] {processor.py:208} INFO - Processing /home/airflow/.local/lib/python3.12/site-packages/airflow/example_dags/example_display_name.py took 0.192 seconds
[2025-03-18T23:19:00.318+0000] {processor.py:186} INFO - Started process (PID=4093) to work on /home/airflow/.local/lib/python3.12/site-packages/airflow/example_dags/example_display_name.py
[2025-03-18T23:19:00.319+0000] {processor.py:914} INFO - Processing file /home/airflow/.local/lib/python3.12/site-packages/airflow/example_dags/example_display_name.py for tasks to queue
[2025-03-18T23:19:00.322+0000] {logging_mixin.py:190} INFO - [2025-03-18T23:19:00.321+0000] {dagbag.py:588} INFO - Filling up the DagBag from /home/airflow/.local/lib/python3.12/site-packages/airflow/example_dags/example_display_name.py
[2025-03-18T23:19:00.332+0000] {processor.py:925} INFO - DAG(s) 'example_display_name' retrieved from /home/airflow/.local/lib/python3.12/site-packages/airflow/example_dags/example_display_name.py
[2025-03-18T23:19:00.399+0000] {logging_mixin.py:190} INFO - [2025-03-18T23:19:00.399+0000] {dag.py:3239} INFO - Sync 1 DAGs
[2025-03-18T23:19:00.425+0000] {logging_mixin.py:190} INFO - [2025-03-18T23:19:00.425+0000] {dag.py:4180} INFO - Setting next_dagrun for example_display_name to None, run_after=None
[2025-03-18T23:19:00.502+0000] {processor.py:208} INFO - Processing /home/airflow/.local/lib/python3.12/site-packages/airflow/example_dags/example_display_name.py took 0.191 seconds
[2025-03-18T23:19:30.955+0000] {processor.py:186} INFO - Started process (PID=4156) to work on /home/airflow/.local/lib/python3.12/site-packages/airflow/example_dags/example_display_name.py
[2025-03-18T23:19:30.957+0000] {processor.py:914} INFO - Processing file /home/airflow/.local/lib/python3.12/site-packages/airflow/example_dags/example_display_name.py for tasks to queue
[2025-03-18T23:19:30.959+0000] {logging_mixin.py:190} INFO - [2025-03-18T23:19:30.959+0000] {dagbag.py:588} INFO - Filling up the DagBag from /home/airflow/.local/lib/python3.12/site-packages/airflow/example_dags/example_display_name.py
[2025-03-18T23:19:30.968+0000] {processor.py:925} INFO - DAG(s) 'example_display_name' retrieved from /home/airflow/.local/lib/python3.12/site-packages/airflow/example_dags/example_display_name.py
[2025-03-18T23:19:30.986+0000] {logging_mixin.py:190} INFO - [2025-03-18T23:19:30.986+0000] {dag.py:3239} INFO - Sync 1 DAGs
[2025-03-18T23:19:31.001+0000] {logging_mixin.py:190} INFO - [2025-03-18T23:19:31.001+0000] {dag.py:4180} INFO - Setting next_dagrun for example_display_name to None, run_after=None
[2025-03-18T23:19:31.021+0000] {processor.py:208} INFO - Processing /home/airflow/.local/lib/python3.12/site-packages/airflow/example_dags/example_display_name.py took 0.073 seconds
[2025-03-18T23:20:02.859+0000] {processor.py:186} INFO - Started process (PID=4218) to work on /home/airflow/.local/lib/python3.12/site-packages/airflow/example_dags/example_display_name.py
[2025-03-18T23:20:02.860+0000] {processor.py:914} INFO - Processing file /home/airflow/.local/lib/python3.12/site-packages/airflow/example_dags/example_display_name.py for tasks to queue
[2025-03-18T23:20:02.863+0000] {logging_mixin.py:190} INFO - [2025-03-18T23:20:02.863+0000] {dagbag.py:588} INFO - Filling up the DagBag from /home/airflow/.local/lib/python3.12/site-packages/airflow/example_dags/example_display_name.py
[2025-03-18T23:20:02.872+0000] {processor.py:925} INFO - DAG(s) 'example_display_name' retrieved from /home/airflow/.local/lib/python3.12/site-packages/airflow/example_dags/example_display_name.py
[2025-03-18T23:20:02.891+0000] {logging_mixin.py:190} INFO - [2025-03-18T23:20:02.891+0000] {dag.py:3239} INFO - Sync 1 DAGs
[2025-03-18T23:20:02.906+0000] {logging_mixin.py:190} INFO - [2025-03-18T23:20:02.906+0000] {dag.py:4180} INFO - Setting next_dagrun for example_display_name to None, run_after=None
[2025-03-18T23:20:02.927+0000] {processor.py:208} INFO - Processing /home/airflow/.local/lib/python3.12/site-packages/airflow/example_dags/example_display_name.py took 0.075 seconds
[2025-03-18T23:20:33.565+0000] {processor.py:186} INFO - Started process (PID=4282) to work on /home/airflow/.local/lib/python3.12/site-packages/airflow/example_dags/example_display_name.py
[2025-03-18T23:20:33.571+0000] {processor.py:914} INFO - Processing file /home/airflow/.local/lib/python3.12/site-packages/airflow/example_dags/example_display_name.py for tasks to queue
[2025-03-18T23:20:33.574+0000] {logging_mixin.py:190} INFO - [2025-03-18T23:20:33.574+0000] {dagbag.py:588} INFO - Filling up the DagBag from /home/airflow/.local/lib/python3.12/site-packages/airflow/example_dags/example_display_name.py
[2025-03-18T23:20:33.582+0000] {processor.py:925} INFO - DAG(s) 'example_display_name' retrieved from /home/airflow/.local/lib/python3.12/site-packages/airflow/example_dags/example_display_name.py
[2025-03-18T23:20:33.605+0000] {logging_mixin.py:190} INFO - [2025-03-18T23:20:33.605+0000] {dag.py:3239} INFO - Sync 1 DAGs
[2025-03-18T23:20:33.622+0000] {logging_mixin.py:190} INFO - [2025-03-18T23:20:33.622+0000] {dag.py:4180} INFO - Setting next_dagrun for example_display_name to None, run_after=None
[2025-03-18T23:20:33.642+0000] {processor.py:208} INFO - Processing /home/airflow/.local/lib/python3.12/site-packages/airflow/example_dags/example_display_name.py took 0.083 seconds
[2025-03-18T23:21:03.857+0000] {processor.py:186} INFO - Started process (PID=4345) to work on /home/airflow/.local/lib/python3.12/site-packages/airflow/example_dags/example_display_name.py
[2025-03-18T23:21:03.858+0000] {processor.py:914} INFO - Processing file /home/airflow/.local/lib/python3.12/site-packages/airflow/example_dags/example_display_name.py for tasks to queue
[2025-03-18T23:21:03.861+0000] {logging_mixin.py:190} INFO - [2025-03-18T23:21:03.860+0000] {dagbag.py:588} INFO - Filling up the DagBag from /home/airflow/.local/lib/python3.12/site-packages/airflow/example_dags/example_display_name.py
[2025-03-18T23:21:03.881+0000] {processor.py:925} INFO - DAG(s) 'example_display_name' retrieved from /home/airflow/.local/lib/python3.12/site-packages/airflow/example_dags/example_display_name.py
[2025-03-18T23:21:03.902+0000] {logging_mixin.py:190} INFO - [2025-03-18T23:21:03.902+0000] {dag.py:3239} INFO - Sync 1 DAGs
[2025-03-18T23:21:03.920+0000] {logging_mixin.py:190} INFO - [2025-03-18T23:21:03.920+0000] {dag.py:4180} INFO - Setting next_dagrun for example_display_name to None, run_after=None
[2025-03-18T23:21:03.939+0000] {processor.py:208} INFO - Processing /home/airflow/.local/lib/python3.12/site-packages/airflow/example_dags/example_display_name.py took 0.088 seconds
[2025-03-18T23:21:34.419+0000] {processor.py:186} INFO - Started process (PID=4408) to work on /home/airflow/.local/lib/python3.12/site-packages/airflow/example_dags/example_display_name.py
[2025-03-18T23:21:34.428+0000] {processor.py:914} INFO - Processing file /home/airflow/.local/lib/python3.12/site-packages/airflow/example_dags/example_display_name.py for tasks to queue
[2025-03-18T23:21:34.434+0000] {logging_mixin.py:190} INFO - [2025-03-18T23:21:34.433+0000] {dagbag.py:588} INFO - Filling up the DagBag from /home/airflow/.local/lib/python3.12/site-packages/airflow/example_dags/example_display_name.py
[2025-03-18T23:21:34.444+0000] {processor.py:925} INFO - DAG(s) 'example_display_name' retrieved from /home/airflow/.local/lib/python3.12/site-packages/airflow/example_dags/example_display_name.py
[2025-03-18T23:21:34.468+0000] {logging_mixin.py:190} INFO - [2025-03-18T23:21:34.467+0000] {dag.py:3239} INFO - Sync 1 DAGs
[2025-03-18T23:21:34.482+0000] {logging_mixin.py:190} INFO - [2025-03-18T23:21:34.482+0000] {dag.py:4180} INFO - Setting next_dagrun for example_display_name to None, run_after=None
[2025-03-18T23:21:34.514+0000] {processor.py:208} INFO - Processing /home/airflow/.local/lib/python3.12/site-packages/airflow/example_dags/example_display_name.py took 0.101 seconds
[2025-03-18T23:22:04.867+0000] {processor.py:186} INFO - Started process (PID=4471) to work on /home/airflow/.local/lib/python3.12/site-packages/airflow/example_dags/example_display_name.py
[2025-03-18T23:22:04.868+0000] {processor.py:914} INFO - Processing file /home/airflow/.local/lib/python3.12/site-packages/airflow/example_dags/example_display_name.py for tasks to queue
[2025-03-18T23:22:04.870+0000] {logging_mixin.py:190} INFO - [2025-03-18T23:22:04.870+0000] {dagbag.py:588} INFO - Filling up the DagBag from /home/airflow/.local/lib/python3.12/site-packages/airflow/example_dags/example_display_name.py
[2025-03-18T23:22:04.878+0000] {processor.py:925} INFO - DAG(s) 'example_display_name' retrieved from /home/airflow/.local/lib/python3.12/site-packages/airflow/example_dags/example_display_name.py
[2025-03-18T23:22:04.896+0000] {logging_mixin.py:190} INFO - [2025-03-18T23:22:04.896+0000] {dag.py:3239} INFO - Sync 1 DAGs
[2025-03-18T23:22:04.918+0000] {logging_mixin.py:190} INFO - [2025-03-18T23:22:04.918+0000] {dag.py:4180} INFO - Setting next_dagrun for example_display_name to None, run_after=None
[2025-03-18T23:22:04.952+0000] {processor.py:208} INFO - Processing /home/airflow/.local/lib/python3.12/site-packages/airflow/example_dags/example_display_name.py took 0.091 seconds
[2025-03-18T23:22:35.178+0000] {processor.py:186} INFO - Started process (PID=4535) to work on /home/airflow/.local/lib/python3.12/site-packages/airflow/example_dags/example_display_name.py
[2025-03-18T23:22:35.186+0000] {processor.py:914} INFO - Processing file /home/airflow/.local/lib/python3.12/site-packages/airflow/example_dags/example_display_name.py for tasks to queue
[2025-03-18T23:22:35.189+0000] {logging_mixin.py:190} INFO - [2025-03-18T23:22:35.189+0000] {dagbag.py:588} INFO - Filling up the DagBag from /home/airflow/.local/lib/python3.12/site-packages/airflow/example_dags/example_display_name.py
[2025-03-18T23:22:35.199+0000] {processor.py:925} INFO - DAG(s) 'example_display_name' retrieved from /home/airflow/.local/lib/python3.12/site-packages/airflow/example_dags/example_display_name.py
[2025-03-18T23:22:35.218+0000] {logging_mixin.py:190} INFO - [2025-03-18T23:22:35.217+0000] {dag.py:3239} INFO - Sync 1 DAGs
[2025-03-18T23:22:35.231+0000] {logging_mixin.py:190} INFO - [2025-03-18T23:22:35.231+0000] {dag.py:4180} INFO - Setting next_dagrun for example_display_name to None, run_after=None
[2025-03-18T23:22:35.251+0000] {processor.py:208} INFO - Processing /home/airflow/.local/lib/python3.12/site-packages/airflow/example_dags/example_display_name.py took 0.081 seconds
[2025-03-18T23:23:05.866+0000] {processor.py:186} INFO - Started process (PID=4592) to work on /home/airflow/.local/lib/python3.12/site-packages/airflow/example_dags/example_display_name.py
[2025-03-18T23:23:05.867+0000] {processor.py:914} INFO - Processing file /home/airflow/.local/lib/python3.12/site-packages/airflow/example_dags/example_display_name.py for tasks to queue
[2025-03-18T23:23:05.871+0000] {logging_mixin.py:190} INFO - [2025-03-18T23:23:05.870+0000] {dagbag.py:588} INFO - Filling up the DagBag from /home/airflow/.local/lib/python3.12/site-packages/airflow/example_dags/example_display_name.py
[2025-03-18T23:23:05.880+0000] {processor.py:925} INFO - DAG(s) 'example_display_name' retrieved from /home/airflow/.local/lib/python3.12/site-packages/airflow/example_dags/example_display_name.py
[2025-03-18T23:23:05.899+0000] {logging_mixin.py:190} INFO - [2025-03-18T23:23:05.898+0000] {dag.py:3239} INFO - Sync 1 DAGs
[2025-03-18T23:23:05.914+0000] {logging_mixin.py:190} INFO - [2025-03-18T23:23:05.913+0000] {dag.py:4180} INFO - Setting next_dagrun for example_display_name to None, run_after=None
[2025-03-18T23:23:05.932+0000] {processor.py:208} INFO - Processing /home/airflow/.local/lib/python3.12/site-packages/airflow/example_dags/example_display_name.py took 0.075 seconds
[2025-03-18T23:23:36.007+0000] {processor.py:186} INFO - Started process (PID=4655) to work on /home/airflow/.local/lib/python3.12/site-packages/airflow/example_dags/example_display_name.py
[2025-03-18T23:23:36.017+0000] {processor.py:914} INFO - Processing file /home/airflow/.local/lib/python3.12/site-packages/airflow/example_dags/example_display_name.py for tasks to queue
[2025-03-18T23:23:36.020+0000] {logging_mixin.py:190} INFO - [2025-03-18T23:23:36.019+0000] {dagbag.py:588} INFO - Filling up the DagBag from /home/airflow/.local/lib/python3.12/site-packages/airflow/example_dags/example_display_name.py
[2025-03-18T23:23:36.036+0000] {processor.py:925} INFO - DAG(s) 'example_display_name' retrieved from /home/airflow/.local/lib/python3.12/site-packages/airflow/example_dags/example_display_name.py
[2025-03-18T23:23:36.082+0000] {logging_mixin.py:190} INFO - [2025-03-18T23:23:36.082+0000] {dag.py:3239} INFO - Sync 1 DAGs
[2025-03-18T23:23:36.115+0000] {logging_mixin.py:190} INFO - [2025-03-18T23:23:36.114+0000] {dag.py:4180} INFO - Setting next_dagrun for example_display_name to None, run_after=None
[2025-03-18T23:23:36.136+0000] {processor.py:208} INFO - Processing /home/airflow/.local/lib/python3.12/site-packages/airflow/example_dags/example_display_name.py took 0.152 seconds
[2025-03-18T23:24:06.980+0000] {processor.py:186} INFO - Started process (PID=4718) to work on /home/airflow/.local/lib/python3.12/site-packages/airflow/example_dags/example_display_name.py
[2025-03-18T23:24:06.980+0000] {processor.py:914} INFO - Processing file /home/airflow/.local/lib/python3.12/site-packages/airflow/example_dags/example_display_name.py for tasks to queue
[2025-03-18T23:24:06.984+0000] {logging_mixin.py:190} INFO - [2025-03-18T23:24:06.983+0000] {dagbag.py:588} INFO - Filling up the DagBag from /home/airflow/.local/lib/python3.12/site-packages/airflow/example_dags/example_display_name.py
[2025-03-18T23:24:06.992+0000] {processor.py:925} INFO - DAG(s) 'example_display_name' retrieved from /home/airflow/.local/lib/python3.12/site-packages/airflow/example_dags/example_display_name.py
[2025-03-18T23:24:07.011+0000] {logging_mixin.py:190} INFO - [2025-03-18T23:24:07.011+0000] {dag.py:3239} INFO - Sync 1 DAGs
[2025-03-18T23:24:07.026+0000] {logging_mixin.py:190} INFO - [2025-03-18T23:24:07.025+0000] {dag.py:4180} INFO - Setting next_dagrun for example_display_name to None, run_after=None
[2025-03-18T23:24:07.064+0000] {processor.py:208} INFO - Processing /home/airflow/.local/lib/python3.12/site-packages/airflow/example_dags/example_display_name.py took 0.105 seconds
