[2025-03-18T22:45:11.950+0000] {processor.py:186} INFO - Started process (PID=87) to work on /home/airflow/.local/lib/python3.12/site-packages/airflow/example_dags/example_task_group.py
[2025-03-18T22:45:11.956+0000] {processor.py:914} INFO - Processing file /home/airflow/.local/lib/python3.12/site-packages/airflow/example_dags/example_task_group.py for tasks to queue
[2025-03-18T22:45:11.966+0000] {logging_mixin.py:190} INFO - [2025-03-18T22:45:11.965+0000] {dagbag.py:588} INFO - Filling up the DagBag from /home/airflow/.local/lib/python3.12/site-packages/airflow/example_dags/example_task_group.py
[2025-03-18T22:45:12.023+0000] {processor.py:925} INFO - DAG(s) 'example_task_group' retrieved from /home/airflow/.local/lib/python3.12/site-packages/airflow/example_dags/example_task_group.py
[2025-03-18T22:45:12.573+0000] {logging_mixin.py:190} INFO - [2025-03-18T22:45:12.572+0000] {override.py:1912} INFO - Created Permission View: can read on DAG:example_task_group
[2025-03-18T22:45:12.624+0000] {logging_mixin.py:190} INFO - [2025-03-18T22:45:12.623+0000] {override.py:1912} INFO - Created Permission View: can edit on DAG:example_task_group
[2025-03-18T22:45:12.662+0000] {logging_mixin.py:190} INFO - [2025-03-18T22:45:12.661+0000] {override.py:1912} INFO - Created Permission View: can delete on DAG:example_task_group
[2025-03-18T22:45:12.710+0000] {logging_mixin.py:190} INFO - [2025-03-18T22:45:12.710+0000] {override.py:1912} INFO - Created Permission View: can read on DAG Run:example_task_group
[2025-03-18T22:45:12.752+0000] {logging_mixin.py:190} INFO - [2025-03-18T22:45:12.751+0000] {override.py:1912} INFO - Created Permission View: can delete on DAG Run:example_task_group
[2025-03-18T22:45:12.795+0000] {logging_mixin.py:190} INFO - [2025-03-18T22:45:12.795+0000] {override.py:1912} INFO - Created Permission View: can create on DAG Run:example_task_group
[2025-03-18T22:45:12.870+0000] {logging_mixin.py:190} INFO - [2025-03-18T22:45:12.870+0000] {override.py:1912} INFO - Created Permission View: menu access on DAG Run:example_task_group
[2025-03-18T22:45:12.871+0000] {logging_mixin.py:190} INFO - [2025-03-18T22:45:12.871+0000] {dag.py:3239} INFO - Sync 1 DAGs
[2025-03-18T22:45:12.954+0000] {logging_mixin.py:190} INFO - [2025-03-18T22:45:12.954+0000] {dag.py:3262} INFO - Creating ORM DAG for example_task_group
[2025-03-18T22:45:12.954+0000] {logging_mixin.py:190} INFO - [2025-03-18T22:45:12.954+0000] {dag.py:4180} INFO - Setting next_dagrun for example_task_group to None, run_after=None
[2025-03-18T22:45:13.024+0000] {processor.py:208} INFO - Processing /home/airflow/.local/lib/python3.12/site-packages/airflow/example_dags/example_task_group.py took 1.101 seconds
[2025-03-18T22:46:14.734+0000] {processor.py:186} INFO - Started process (PID=157) to work on /home/airflow/.local/lib/python3.12/site-packages/airflow/example_dags/example_task_group.py
[2025-03-18T22:46:14.736+0000] {processor.py:914} INFO - Processing file /home/airflow/.local/lib/python3.12/site-packages/airflow/example_dags/example_task_group.py for tasks to queue
[2025-03-18T22:46:14.739+0000] {logging_mixin.py:190} INFO - [2025-03-18T22:46:14.739+0000] {dagbag.py:588} INFO - Filling up the DagBag from /home/airflow/.local/lib/python3.12/site-packages/airflow/example_dags/example_task_group.py
[2025-03-18T22:46:14.749+0000] {processor.py:925} INFO - DAG(s) 'example_task_group' retrieved from /home/airflow/.local/lib/python3.12/site-packages/airflow/example_dags/example_task_group.py
[2025-03-18T22:46:14.777+0000] {logging_mixin.py:190} INFO - [2025-03-18T22:46:14.776+0000] {dag.py:3239} INFO - Sync 1 DAGs
[2025-03-18T22:46:14.800+0000] {logging_mixin.py:190} INFO - [2025-03-18T22:46:14.799+0000] {dag.py:4180} INFO - Setting next_dagrun for example_task_group to None, run_after=None
[2025-03-18T22:46:14.824+0000] {processor.py:208} INFO - Processing /home/airflow/.local/lib/python3.12/site-packages/airflow/example_dags/example_task_group.py took 0.098 seconds
[2025-03-18T22:46:46.130+0000] {processor.py:186} INFO - Started process (PID=221) to work on /home/airflow/.local/lib/python3.12/site-packages/airflow/example_dags/example_task_group.py
[2025-03-18T22:46:46.131+0000] {processor.py:914} INFO - Processing file /home/airflow/.local/lib/python3.12/site-packages/airflow/example_dags/example_task_group.py for tasks to queue
[2025-03-18T22:46:46.134+0000] {logging_mixin.py:190} INFO - [2025-03-18T22:46:46.134+0000] {dagbag.py:588} INFO - Filling up the DagBag from /home/airflow/.local/lib/python3.12/site-packages/airflow/example_dags/example_task_group.py
[2025-03-18T22:46:46.148+0000] {processor.py:925} INFO - DAG(s) 'example_task_group' retrieved from /home/airflow/.local/lib/python3.12/site-packages/airflow/example_dags/example_task_group.py
[2025-03-18T22:46:46.177+0000] {logging_mixin.py:190} INFO - [2025-03-18T22:46:46.177+0000] {dag.py:3239} INFO - Sync 1 DAGs
[2025-03-18T22:46:46.199+0000] {logging_mixin.py:190} INFO - [2025-03-18T22:46:46.199+0000] {dag.py:4180} INFO - Setting next_dagrun for example_task_group to None, run_after=None
[2025-03-18T22:46:46.227+0000] {processor.py:208} INFO - Processing /home/airflow/.local/lib/python3.12/site-packages/airflow/example_dags/example_task_group.py took 0.105 seconds
[2025-03-18T22:47:22.452+0000] {processor.py:186} INFO - Started process (PID=284) to work on /home/airflow/.local/lib/python3.12/site-packages/airflow/example_dags/example_task_group.py
[2025-03-18T22:47:22.456+0000] {processor.py:914} INFO - Processing file /home/airflow/.local/lib/python3.12/site-packages/airflow/example_dags/example_task_group.py for tasks to queue
[2025-03-18T22:47:22.458+0000] {logging_mixin.py:190} INFO - [2025-03-18T22:47:22.458+0000] {dagbag.py:588} INFO - Filling up the DagBag from /home/airflow/.local/lib/python3.12/site-packages/airflow/example_dags/example_task_group.py
[2025-03-18T22:47:22.470+0000] {processor.py:925} INFO - DAG(s) 'example_task_group' retrieved from /home/airflow/.local/lib/python3.12/site-packages/airflow/example_dags/example_task_group.py
[2025-03-18T22:47:22.516+0000] {logging_mixin.py:190} INFO - [2025-03-18T22:47:22.515+0000] {dag.py:3239} INFO - Sync 1 DAGs
[2025-03-18T22:47:22.539+0000] {logging_mixin.py:190} INFO - [2025-03-18T22:47:22.539+0000] {dag.py:4180} INFO - Setting next_dagrun for example_task_group to None, run_after=None
[2025-03-18T22:47:22.586+0000] {processor.py:208} INFO - Processing /home/airflow/.local/lib/python3.12/site-packages/airflow/example_dags/example_task_group.py took 0.141 seconds
[2025-03-18T22:47:54.043+0000] {processor.py:186} INFO - Started process (PID=347) to work on /home/airflow/.local/lib/python3.12/site-packages/airflow/example_dags/example_task_group.py
[2025-03-18T22:47:54.059+0000] {processor.py:914} INFO - Processing file /home/airflow/.local/lib/python3.12/site-packages/airflow/example_dags/example_task_group.py for tasks to queue
[2025-03-18T22:47:54.065+0000] {logging_mixin.py:190} INFO - [2025-03-18T22:47:54.065+0000] {dagbag.py:588} INFO - Filling up the DagBag from /home/airflow/.local/lib/python3.12/site-packages/airflow/example_dags/example_task_group.py
[2025-03-18T22:47:54.100+0000] {processor.py:925} INFO - DAG(s) 'example_task_group' retrieved from /home/airflow/.local/lib/python3.12/site-packages/airflow/example_dags/example_task_group.py
[2025-03-18T22:47:54.179+0000] {logging_mixin.py:190} INFO - [2025-03-18T22:47:54.178+0000] {dag.py:3239} INFO - Sync 1 DAGs
[2025-03-18T22:47:54.270+0000] {logging_mixin.py:190} INFO - [2025-03-18T22:47:54.270+0000] {dag.py:4180} INFO - Setting next_dagrun for example_task_group to None, run_after=None
[2025-03-18T22:47:54.355+0000] {processor.py:208} INFO - Processing /home/airflow/.local/lib/python3.12/site-packages/airflow/example_dags/example_task_group.py took 0.335 seconds
[2025-03-18T22:48:25.522+0000] {processor.py:186} INFO - Started process (PID=410) to work on /home/airflow/.local/lib/python3.12/site-packages/airflow/example_dags/example_task_group.py
[2025-03-18T22:48:25.535+0000] {processor.py:914} INFO - Processing file /home/airflow/.local/lib/python3.12/site-packages/airflow/example_dags/example_task_group.py for tasks to queue
[2025-03-18T22:48:25.541+0000] {logging_mixin.py:190} INFO - [2025-03-18T22:48:25.541+0000] {dagbag.py:588} INFO - Filling up the DagBag from /home/airflow/.local/lib/python3.12/site-packages/airflow/example_dags/example_task_group.py
[2025-03-18T22:48:25.562+0000] {processor.py:925} INFO - DAG(s) 'example_task_group' retrieved from /home/airflow/.local/lib/python3.12/site-packages/airflow/example_dags/example_task_group.py
[2025-03-18T22:48:25.613+0000] {logging_mixin.py:190} INFO - [2025-03-18T22:48:25.612+0000] {dag.py:3239} INFO - Sync 1 DAGs
[2025-03-18T22:48:25.642+0000] {logging_mixin.py:190} INFO - [2025-03-18T22:48:25.642+0000] {dag.py:4180} INFO - Setting next_dagrun for example_task_group to None, run_after=None
[2025-03-18T22:48:25.703+0000] {processor.py:208} INFO - Processing /home/airflow/.local/lib/python3.12/site-packages/airflow/example_dags/example_task_group.py took 0.199 seconds
[2025-03-18T22:48:56.628+0000] {processor.py:186} INFO - Started process (PID=473) to work on /home/airflow/.local/lib/python3.12/site-packages/airflow/example_dags/example_task_group.py
[2025-03-18T22:48:56.629+0000] {processor.py:914} INFO - Processing file /home/airflow/.local/lib/python3.12/site-packages/airflow/example_dags/example_task_group.py for tasks to queue
[2025-03-18T22:48:56.632+0000] {logging_mixin.py:190} INFO - [2025-03-18T22:48:56.631+0000] {dagbag.py:588} INFO - Filling up the DagBag from /home/airflow/.local/lib/python3.12/site-packages/airflow/example_dags/example_task_group.py
[2025-03-18T22:48:56.643+0000] {processor.py:925} INFO - DAG(s) 'example_task_group' retrieved from /home/airflow/.local/lib/python3.12/site-packages/airflow/example_dags/example_task_group.py
[2025-03-18T22:48:56.674+0000] {logging_mixin.py:190} INFO - [2025-03-18T22:48:56.674+0000] {dag.py:3239} INFO - Sync 1 DAGs
[2025-03-18T22:48:56.693+0000] {logging_mixin.py:190} INFO - [2025-03-18T22:48:56.693+0000] {dag.py:4180} INFO - Setting next_dagrun for example_task_group to None, run_after=None
[2025-03-18T22:48:56.742+0000] {processor.py:208} INFO - Processing /home/airflow/.local/lib/python3.12/site-packages/airflow/example_dags/example_task_group.py took 0.124 seconds
[2025-03-18T22:49:27.704+0000] {processor.py:186} INFO - Started process (PID=537) to work on /home/airflow/.local/lib/python3.12/site-packages/airflow/example_dags/example_task_group.py
[2025-03-18T22:49:27.706+0000] {processor.py:914} INFO - Processing file /home/airflow/.local/lib/python3.12/site-packages/airflow/example_dags/example_task_group.py for tasks to queue
[2025-03-18T22:49:27.708+0000] {logging_mixin.py:190} INFO - [2025-03-18T22:49:27.708+0000] {dagbag.py:588} INFO - Filling up the DagBag from /home/airflow/.local/lib/python3.12/site-packages/airflow/example_dags/example_task_group.py
[2025-03-18T22:49:27.719+0000] {processor.py:925} INFO - DAG(s) 'example_task_group' retrieved from /home/airflow/.local/lib/python3.12/site-packages/airflow/example_dags/example_task_group.py
[2025-03-18T22:49:27.752+0000] {logging_mixin.py:190} INFO - [2025-03-18T22:49:27.751+0000] {dag.py:3239} INFO - Sync 1 DAGs
[2025-03-18T22:49:27.774+0000] {logging_mixin.py:190} INFO - [2025-03-18T22:49:27.774+0000] {dag.py:4180} INFO - Setting next_dagrun for example_task_group to None, run_after=None
[2025-03-18T22:49:27.798+0000] {processor.py:208} INFO - Processing /home/airflow/.local/lib/python3.12/site-packages/airflow/example_dags/example_task_group.py took 0.104 seconds
[2025-03-18T22:50:02.799+0000] {processor.py:186} INFO - Started process (PID=599) to work on /home/airflow/.local/lib/python3.12/site-packages/airflow/example_dags/example_task_group.py
[2025-03-18T22:50:02.812+0000] {processor.py:914} INFO - Processing file /home/airflow/.local/lib/python3.12/site-packages/airflow/example_dags/example_task_group.py for tasks to queue
[2025-03-18T22:50:02.820+0000] {logging_mixin.py:190} INFO - [2025-03-18T22:50:02.820+0000] {dagbag.py:588} INFO - Filling up the DagBag from /home/airflow/.local/lib/python3.12/site-packages/airflow/example_dags/example_task_group.py
[2025-03-18T22:50:02.866+0000] {processor.py:925} INFO - DAG(s) 'example_task_group' retrieved from /home/airflow/.local/lib/python3.12/site-packages/airflow/example_dags/example_task_group.py
[2025-03-18T22:50:02.985+0000] {logging_mixin.py:190} INFO - [2025-03-18T22:50:02.984+0000] {dag.py:3239} INFO - Sync 1 DAGs
[2025-03-18T22:50:03.063+0000] {logging_mixin.py:190} INFO - [2025-03-18T22:50:03.062+0000] {dag.py:4180} INFO - Setting next_dagrun for example_task_group to None, run_after=None
[2025-03-18T22:50:03.142+0000] {processor.py:208} INFO - Processing /home/airflow/.local/lib/python3.12/site-packages/airflow/example_dags/example_task_group.py took 0.374 seconds
[2025-03-18T22:50:33.235+0000] {processor.py:186} INFO - Started process (PID=661) to work on /home/airflow/.local/lib/python3.12/site-packages/airflow/example_dags/example_task_group.py
[2025-03-18T22:50:33.237+0000] {processor.py:914} INFO - Processing file /home/airflow/.local/lib/python3.12/site-packages/airflow/example_dags/example_task_group.py for tasks to queue
[2025-03-18T22:50:33.241+0000] {logging_mixin.py:190} INFO - [2025-03-18T22:50:33.240+0000] {dagbag.py:588} INFO - Filling up the DagBag from /home/airflow/.local/lib/python3.12/site-packages/airflow/example_dags/example_task_group.py
[2025-03-18T22:50:33.255+0000] {processor.py:925} INFO - DAG(s) 'example_task_group' retrieved from /home/airflow/.local/lib/python3.12/site-packages/airflow/example_dags/example_task_group.py
[2025-03-18T22:50:33.294+0000] {logging_mixin.py:190} INFO - [2025-03-18T22:50:33.293+0000] {dag.py:3239} INFO - Sync 1 DAGs
[2025-03-18T22:50:33.322+0000] {logging_mixin.py:190} INFO - [2025-03-18T22:50:33.321+0000] {dag.py:4180} INFO - Setting next_dagrun for example_task_group to None, run_after=None
[2025-03-18T22:50:33.369+0000] {processor.py:208} INFO - Processing /home/airflow/.local/lib/python3.12/site-packages/airflow/example_dags/example_task_group.py took 0.144 seconds
[2025-03-18T22:51:03.948+0000] {processor.py:186} INFO - Started process (PID=724) to work on /home/airflow/.local/lib/python3.12/site-packages/airflow/example_dags/example_task_group.py
[2025-03-18T22:51:03.949+0000] {processor.py:914} INFO - Processing file /home/airflow/.local/lib/python3.12/site-packages/airflow/example_dags/example_task_group.py for tasks to queue
[2025-03-18T22:51:03.952+0000] {logging_mixin.py:190} INFO - [2025-03-18T22:51:03.952+0000] {dagbag.py:588} INFO - Filling up the DagBag from /home/airflow/.local/lib/python3.12/site-packages/airflow/example_dags/example_task_group.py
[2025-03-18T22:51:03.966+0000] {processor.py:925} INFO - DAG(s) 'example_task_group' retrieved from /home/airflow/.local/lib/python3.12/site-packages/airflow/example_dags/example_task_group.py
[2025-03-18T22:51:03.996+0000] {logging_mixin.py:190} INFO - [2025-03-18T22:51:03.996+0000] {dag.py:3239} INFO - Sync 1 DAGs
[2025-03-18T22:51:04.054+0000] {logging_mixin.py:190} INFO - [2025-03-18T22:51:04.049+0000] {dag.py:4180} INFO - Setting next_dagrun for example_task_group to None, run_after=None
[2025-03-18T22:51:04.173+0000] {processor.py:208} INFO - Processing /home/airflow/.local/lib/python3.12/site-packages/airflow/example_dags/example_task_group.py took 0.233 seconds
[2025-03-18T22:51:37.193+0000] {processor.py:186} INFO - Started process (PID=786) to work on /home/airflow/.local/lib/python3.12/site-packages/airflow/example_dags/example_task_group.py
[2025-03-18T22:51:37.197+0000] {processor.py:914} INFO - Processing file /home/airflow/.local/lib/python3.12/site-packages/airflow/example_dags/example_task_group.py for tasks to queue
[2025-03-18T22:51:37.202+0000] {logging_mixin.py:190} INFO - [2025-03-18T22:51:37.201+0000] {dagbag.py:588} INFO - Filling up the DagBag from /home/airflow/.local/lib/python3.12/site-packages/airflow/example_dags/example_task_group.py
[2025-03-18T22:51:37.215+0000] {processor.py:925} INFO - DAG(s) 'example_task_group' retrieved from /home/airflow/.local/lib/python3.12/site-packages/airflow/example_dags/example_task_group.py
[2025-03-18T22:51:37.260+0000] {logging_mixin.py:190} INFO - [2025-03-18T22:51:37.260+0000] {dag.py:3239} INFO - Sync 1 DAGs
[2025-03-18T22:51:37.296+0000] {logging_mixin.py:190} INFO - [2025-03-18T22:51:37.296+0000] {dag.py:4180} INFO - Setting next_dagrun for example_task_group to None, run_after=None
[2025-03-18T22:51:37.330+0000] {processor.py:208} INFO - Processing /home/airflow/.local/lib/python3.12/site-packages/airflow/example_dags/example_task_group.py took 0.145 seconds
[2025-03-18T22:52:07.605+0000] {processor.py:186} INFO - Started process (PID=849) to work on /home/airflow/.local/lib/python3.12/site-packages/airflow/example_dags/example_task_group.py
[2025-03-18T22:52:07.607+0000] {processor.py:914} INFO - Processing file /home/airflow/.local/lib/python3.12/site-packages/airflow/example_dags/example_task_group.py for tasks to queue
[2025-03-18T22:52:07.610+0000] {logging_mixin.py:190} INFO - [2025-03-18T22:52:07.610+0000] {dagbag.py:588} INFO - Filling up the DagBag from /home/airflow/.local/lib/python3.12/site-packages/airflow/example_dags/example_task_group.py
[2025-03-18T22:52:07.622+0000] {processor.py:925} INFO - DAG(s) 'example_task_group' retrieved from /home/airflow/.local/lib/python3.12/site-packages/airflow/example_dags/example_task_group.py
[2025-03-18T22:52:07.674+0000] {logging_mixin.py:190} INFO - [2025-03-18T22:52:07.673+0000] {dag.py:3239} INFO - Sync 1 DAGs
[2025-03-18T22:52:07.701+0000] {logging_mixin.py:190} INFO - [2025-03-18T22:52:07.701+0000] {dag.py:4180} INFO - Setting next_dagrun for example_task_group to None, run_after=None
[2025-03-18T22:52:07.765+0000] {processor.py:208} INFO - Processing /home/airflow/.local/lib/python3.12/site-packages/airflow/example_dags/example_task_group.py took 0.169 seconds
[2025-03-18T22:52:38.111+0000] {processor.py:186} INFO - Started process (PID=912) to work on /home/airflow/.local/lib/python3.12/site-packages/airflow/example_dags/example_task_group.py
[2025-03-18T22:52:38.118+0000] {processor.py:914} INFO - Processing file /home/airflow/.local/lib/python3.12/site-packages/airflow/example_dags/example_task_group.py for tasks to queue
[2025-03-18T22:52:38.120+0000] {logging_mixin.py:190} INFO - [2025-03-18T22:52:38.120+0000] {dagbag.py:588} INFO - Filling up the DagBag from /home/airflow/.local/lib/python3.12/site-packages/airflow/example_dags/example_task_group.py
[2025-03-18T22:52:38.133+0000] {processor.py:925} INFO - DAG(s) 'example_task_group' retrieved from /home/airflow/.local/lib/python3.12/site-packages/airflow/example_dags/example_task_group.py
[2025-03-18T22:52:38.166+0000] {logging_mixin.py:190} INFO - [2025-03-18T22:52:38.165+0000] {dag.py:3239} INFO - Sync 1 DAGs
[2025-03-18T22:52:38.185+0000] {logging_mixin.py:190} INFO - [2025-03-18T22:52:38.184+0000] {dag.py:4180} INFO - Setting next_dagrun for example_task_group to None, run_after=None
[2025-03-18T22:52:38.227+0000] {processor.py:208} INFO - Processing /home/airflow/.local/lib/python3.12/site-packages/airflow/example_dags/example_task_group.py took 0.124 seconds
[2025-03-18T22:53:08.719+0000] {processor.py:186} INFO - Started process (PID=974) to work on /home/airflow/.local/lib/python3.12/site-packages/airflow/example_dags/example_task_group.py
[2025-03-18T22:53:08.722+0000] {processor.py:914} INFO - Processing file /home/airflow/.local/lib/python3.12/site-packages/airflow/example_dags/example_task_group.py for tasks to queue
[2025-03-18T22:53:08.724+0000] {logging_mixin.py:190} INFO - [2025-03-18T22:53:08.724+0000] {dagbag.py:588} INFO - Filling up the DagBag from /home/airflow/.local/lib/python3.12/site-packages/airflow/example_dags/example_task_group.py
[2025-03-18T22:53:08.738+0000] {processor.py:925} INFO - DAG(s) 'example_task_group' retrieved from /home/airflow/.local/lib/python3.12/site-packages/airflow/example_dags/example_task_group.py
[2025-03-18T22:53:08.785+0000] {logging_mixin.py:190} INFO - [2025-03-18T22:53:08.785+0000] {dag.py:3239} INFO - Sync 1 DAGs
[2025-03-18T22:53:08.810+0000] {logging_mixin.py:190} INFO - [2025-03-18T22:53:08.809+0000] {dag.py:4180} INFO - Setting next_dagrun for example_task_group to None, run_after=None
[2025-03-18T22:53:08.902+0000] {processor.py:208} INFO - Processing /home/airflow/.local/lib/python3.12/site-packages/airflow/example_dags/example_task_group.py took 0.198 seconds
[2025-03-18T22:53:39.014+0000] {processor.py:186} INFO - Started process (PID=1036) to work on /home/airflow/.local/lib/python3.12/site-packages/airflow/example_dags/example_task_group.py
[2025-03-18T22:53:39.032+0000] {processor.py:914} INFO - Processing file /home/airflow/.local/lib/python3.12/site-packages/airflow/example_dags/example_task_group.py for tasks to queue
[2025-03-18T22:53:39.035+0000] {logging_mixin.py:190} INFO - [2025-03-18T22:53:39.035+0000] {dagbag.py:588} INFO - Filling up the DagBag from /home/airflow/.local/lib/python3.12/site-packages/airflow/example_dags/example_task_group.py
[2025-03-18T22:53:39.094+0000] {processor.py:925} INFO - DAG(s) 'example_task_group' retrieved from /home/airflow/.local/lib/python3.12/site-packages/airflow/example_dags/example_task_group.py
[2025-03-18T22:53:39.131+0000] {logging_mixin.py:190} INFO - [2025-03-18T22:53:39.131+0000] {dag.py:3239} INFO - Sync 1 DAGs
[2025-03-18T22:53:39.148+0000] {logging_mixin.py:190} INFO - [2025-03-18T22:53:39.148+0000] {dag.py:4180} INFO - Setting next_dagrun for example_task_group to None, run_after=None
[2025-03-18T22:53:39.171+0000] {processor.py:208} INFO - Processing /home/airflow/.local/lib/python3.12/site-packages/airflow/example_dags/example_task_group.py took 0.201 seconds
[2025-03-18T22:54:09.929+0000] {processor.py:186} INFO - Started process (PID=1099) to work on /home/airflow/.local/lib/python3.12/site-packages/airflow/example_dags/example_task_group.py
[2025-03-18T22:54:09.931+0000] {processor.py:914} INFO - Processing file /home/airflow/.local/lib/python3.12/site-packages/airflow/example_dags/example_task_group.py for tasks to queue
[2025-03-18T22:54:09.935+0000] {logging_mixin.py:190} INFO - [2025-03-18T22:54:09.934+0000] {dagbag.py:588} INFO - Filling up the DagBag from /home/airflow/.local/lib/python3.12/site-packages/airflow/example_dags/example_task_group.py
[2025-03-18T22:54:09.951+0000] {processor.py:925} INFO - DAG(s) 'example_task_group' retrieved from /home/airflow/.local/lib/python3.12/site-packages/airflow/example_dags/example_task_group.py
[2025-03-18T22:54:09.991+0000] {logging_mixin.py:190} INFO - [2025-03-18T22:54:09.990+0000] {dag.py:3239} INFO - Sync 1 DAGs
[2025-03-18T22:54:10.011+0000] {logging_mixin.py:190} INFO - [2025-03-18T22:54:10.011+0000] {dag.py:4180} INFO - Setting next_dagrun for example_task_group to None, run_after=None
[2025-03-18T22:54:10.037+0000] {processor.py:208} INFO - Processing /home/airflow/.local/lib/python3.12/site-packages/airflow/example_dags/example_task_group.py took 0.115 seconds
[2025-03-18T22:54:40.375+0000] {processor.py:186} INFO - Started process (PID=1162) to work on /home/airflow/.local/lib/python3.12/site-packages/airflow/example_dags/example_task_group.py
[2025-03-18T22:54:40.376+0000] {processor.py:914} INFO - Processing file /home/airflow/.local/lib/python3.12/site-packages/airflow/example_dags/example_task_group.py for tasks to queue
[2025-03-18T22:54:40.378+0000] {logging_mixin.py:190} INFO - [2025-03-18T22:54:40.378+0000] {dagbag.py:588} INFO - Filling up the DagBag from /home/airflow/.local/lib/python3.12/site-packages/airflow/example_dags/example_task_group.py
[2025-03-18T22:54:40.388+0000] {processor.py:925} INFO - DAG(s) 'example_task_group' retrieved from /home/airflow/.local/lib/python3.12/site-packages/airflow/example_dags/example_task_group.py
[2025-03-18T22:54:40.416+0000] {logging_mixin.py:190} INFO - [2025-03-18T22:54:40.416+0000] {dag.py:3239} INFO - Sync 1 DAGs
[2025-03-18T22:54:40.431+0000] {logging_mixin.py:190} INFO - [2025-03-18T22:54:40.431+0000] {dag.py:4180} INFO - Setting next_dagrun for example_task_group to None, run_after=None
[2025-03-18T22:54:40.450+0000] {processor.py:208} INFO - Processing /home/airflow/.local/lib/python3.12/site-packages/airflow/example_dags/example_task_group.py took 0.087 seconds
[2025-03-18T22:55:11.312+0000] {processor.py:186} INFO - Started process (PID=1225) to work on /home/airflow/.local/lib/python3.12/site-packages/airflow/example_dags/example_task_group.py
[2025-03-18T22:55:11.323+0000] {processor.py:914} INFO - Processing file /home/airflow/.local/lib/python3.12/site-packages/airflow/example_dags/example_task_group.py for tasks to queue
[2025-03-18T22:55:11.325+0000] {logging_mixin.py:190} INFO - [2025-03-18T22:55:11.325+0000] {dagbag.py:588} INFO - Filling up the DagBag from /home/airflow/.local/lib/python3.12/site-packages/airflow/example_dags/example_task_group.py
[2025-03-18T22:55:11.341+0000] {processor.py:925} INFO - DAG(s) 'example_task_group' retrieved from /home/airflow/.local/lib/python3.12/site-packages/airflow/example_dags/example_task_group.py
[2025-03-18T22:55:11.364+0000] {logging_mixin.py:190} INFO - [2025-03-18T22:55:11.364+0000] {dag.py:3239} INFO - Sync 1 DAGs
[2025-03-18T22:55:11.381+0000] {logging_mixin.py:190} INFO - [2025-03-18T22:55:11.381+0000] {dag.py:4180} INFO - Setting next_dagrun for example_task_group to None, run_after=None
[2025-03-18T22:55:11.405+0000] {processor.py:208} INFO - Processing /home/airflow/.local/lib/python3.12/site-packages/airflow/example_dags/example_task_group.py took 0.102 seconds
[2025-03-18T22:55:42.260+0000] {processor.py:186} INFO - Started process (PID=1288) to work on /home/airflow/.local/lib/python3.12/site-packages/airflow/example_dags/example_task_group.py
[2025-03-18T22:55:42.261+0000] {processor.py:914} INFO - Processing file /home/airflow/.local/lib/python3.12/site-packages/airflow/example_dags/example_task_group.py for tasks to queue
[2025-03-18T22:55:42.265+0000] {logging_mixin.py:190} INFO - [2025-03-18T22:55:42.265+0000] {dagbag.py:588} INFO - Filling up the DagBag from /home/airflow/.local/lib/python3.12/site-packages/airflow/example_dags/example_task_group.py
[2025-03-18T22:55:42.275+0000] {processor.py:925} INFO - DAG(s) 'example_task_group' retrieved from /home/airflow/.local/lib/python3.12/site-packages/airflow/example_dags/example_task_group.py
[2025-03-18T22:55:42.299+0000] {logging_mixin.py:190} INFO - [2025-03-18T22:55:42.299+0000] {dag.py:3239} INFO - Sync 1 DAGs
[2025-03-18T22:55:42.320+0000] {logging_mixin.py:190} INFO - [2025-03-18T22:55:42.320+0000] {dag.py:4180} INFO - Setting next_dagrun for example_task_group to None, run_after=None
[2025-03-18T22:55:42.345+0000] {processor.py:208} INFO - Processing /home/airflow/.local/lib/python3.12/site-packages/airflow/example_dags/example_task_group.py took 0.094 seconds
[2025-03-18T22:56:15.625+0000] {processor.py:186} INFO - Started process (PID=1352) to work on /home/airflow/.local/lib/python3.12/site-packages/airflow/example_dags/example_task_group.py
[2025-03-18T22:56:15.629+0000] {processor.py:914} INFO - Processing file /home/airflow/.local/lib/python3.12/site-packages/airflow/example_dags/example_task_group.py for tasks to queue
[2025-03-18T22:56:15.631+0000] {logging_mixin.py:190} INFO - [2025-03-18T22:56:15.630+0000] {dagbag.py:588} INFO - Filling up the DagBag from /home/airflow/.local/lib/python3.12/site-packages/airflow/example_dags/example_task_group.py
[2025-03-18T22:56:15.640+0000] {processor.py:925} INFO - DAG(s) 'example_task_group' retrieved from /home/airflow/.local/lib/python3.12/site-packages/airflow/example_dags/example_task_group.py
[2025-03-18T22:56:15.667+0000] {logging_mixin.py:190} INFO - [2025-03-18T22:56:15.666+0000] {dag.py:3239} INFO - Sync 1 DAGs
[2025-03-18T22:56:15.687+0000] {logging_mixin.py:190} INFO - [2025-03-18T22:56:15.687+0000] {dag.py:4180} INFO - Setting next_dagrun for example_task_group to None, run_after=None
[2025-03-18T22:56:15.710+0000] {processor.py:208} INFO - Processing /home/airflow/.local/lib/python3.12/site-packages/airflow/example_dags/example_task_group.py took 0.092 seconds
[2025-03-18T22:56:46.185+0000] {processor.py:186} INFO - Started process (PID=1415) to work on /home/airflow/.local/lib/python3.12/site-packages/airflow/example_dags/example_task_group.py
[2025-03-18T22:56:46.186+0000] {processor.py:914} INFO - Processing file /home/airflow/.local/lib/python3.12/site-packages/airflow/example_dags/example_task_group.py for tasks to queue
[2025-03-18T22:56:46.188+0000] {logging_mixin.py:190} INFO - [2025-03-18T22:56:46.188+0000] {dagbag.py:588} INFO - Filling up the DagBag from /home/airflow/.local/lib/python3.12/site-packages/airflow/example_dags/example_task_group.py
[2025-03-18T22:56:46.216+0000] {processor.py:925} INFO - DAG(s) 'example_task_group' retrieved from /home/airflow/.local/lib/python3.12/site-packages/airflow/example_dags/example_task_group.py
[2025-03-18T22:56:46.243+0000] {logging_mixin.py:190} INFO - [2025-03-18T22:56:46.243+0000] {dag.py:3239} INFO - Sync 1 DAGs
[2025-03-18T22:56:46.267+0000] {logging_mixin.py:190} INFO - [2025-03-18T22:56:46.266+0000] {dag.py:4180} INFO - Setting next_dagrun for example_task_group to None, run_after=None
[2025-03-18T22:56:46.319+0000] {processor.py:208} INFO - Processing /home/airflow/.local/lib/python3.12/site-packages/airflow/example_dags/example_task_group.py took 0.168 seconds
[2025-03-18T22:57:16.854+0000] {processor.py:186} INFO - Started process (PID=1478) to work on /home/airflow/.local/lib/python3.12/site-packages/airflow/example_dags/example_task_group.py
[2025-03-18T22:57:16.857+0000] {processor.py:914} INFO - Processing file /home/airflow/.local/lib/python3.12/site-packages/airflow/example_dags/example_task_group.py for tasks to queue
[2025-03-18T22:57:16.865+0000] {logging_mixin.py:190} INFO - [2025-03-18T22:57:16.864+0000] {dagbag.py:588} INFO - Filling up the DagBag from /home/airflow/.local/lib/python3.12/site-packages/airflow/example_dags/example_task_group.py
[2025-03-18T22:57:16.876+0000] {processor.py:925} INFO - DAG(s) 'example_task_group' retrieved from /home/airflow/.local/lib/python3.12/site-packages/airflow/example_dags/example_task_group.py
[2025-03-18T22:57:16.899+0000] {logging_mixin.py:190} INFO - [2025-03-18T22:57:16.899+0000] {dag.py:3239} INFO - Sync 1 DAGs
[2025-03-18T22:57:16.914+0000] {logging_mixin.py:190} INFO - [2025-03-18T22:57:16.914+0000] {dag.py:4180} INFO - Setting next_dagrun for example_task_group to None, run_after=None
[2025-03-18T22:57:16.938+0000] {processor.py:208} INFO - Processing /home/airflow/.local/lib/python3.12/site-packages/airflow/example_dags/example_task_group.py took 0.095 seconds
[2025-03-18T22:57:47.110+0000] {processor.py:186} INFO - Started process (PID=1541) to work on /home/airflow/.local/lib/python3.12/site-packages/airflow/example_dags/example_task_group.py
[2025-03-18T22:57:47.111+0000] {processor.py:914} INFO - Processing file /home/airflow/.local/lib/python3.12/site-packages/airflow/example_dags/example_task_group.py for tasks to queue
[2025-03-18T22:57:47.114+0000] {logging_mixin.py:190} INFO - [2025-03-18T22:57:47.113+0000] {dagbag.py:588} INFO - Filling up the DagBag from /home/airflow/.local/lib/python3.12/site-packages/airflow/example_dags/example_task_group.py
[2025-03-18T22:57:47.124+0000] {processor.py:925} INFO - DAG(s) 'example_task_group' retrieved from /home/airflow/.local/lib/python3.12/site-packages/airflow/example_dags/example_task_group.py
[2025-03-18T22:57:47.152+0000] {logging_mixin.py:190} INFO - [2025-03-18T22:57:47.151+0000] {dag.py:3239} INFO - Sync 1 DAGs
[2025-03-18T22:57:47.168+0000] {logging_mixin.py:190} INFO - [2025-03-18T22:57:47.168+0000] {dag.py:4180} INFO - Setting next_dagrun for example_task_group to None, run_after=None
[2025-03-18T22:57:47.192+0000] {processor.py:208} INFO - Processing /home/airflow/.local/lib/python3.12/site-packages/airflow/example_dags/example_task_group.py took 0.091 seconds
[2025-03-18T22:58:17.994+0000] {processor.py:186} INFO - Started process (PID=1604) to work on /home/airflow/.local/lib/python3.12/site-packages/airflow/example_dags/example_task_group.py
[2025-03-18T22:58:18.004+0000] {processor.py:914} INFO - Processing file /home/airflow/.local/lib/python3.12/site-packages/airflow/example_dags/example_task_group.py for tasks to queue
[2025-03-18T22:58:18.006+0000] {logging_mixin.py:190} INFO - [2025-03-18T22:58:18.006+0000] {dagbag.py:588} INFO - Filling up the DagBag from /home/airflow/.local/lib/python3.12/site-packages/airflow/example_dags/example_task_group.py
[2025-03-18T22:58:18.015+0000] {processor.py:925} INFO - DAG(s) 'example_task_group' retrieved from /home/airflow/.local/lib/python3.12/site-packages/airflow/example_dags/example_task_group.py
[2025-03-18T22:58:18.045+0000] {logging_mixin.py:190} INFO - [2025-03-18T22:58:18.045+0000] {dag.py:3239} INFO - Sync 1 DAGs
[2025-03-18T22:58:18.061+0000] {logging_mixin.py:190} INFO - [2025-03-18T22:58:18.060+0000] {dag.py:4180} INFO - Setting next_dagrun for example_task_group to None, run_after=None
[2025-03-18T22:58:18.082+0000] {processor.py:208} INFO - Processing /home/airflow/.local/lib/python3.12/site-packages/airflow/example_dags/example_task_group.py took 0.095 seconds
[2025-03-18T22:58:48.676+0000] {processor.py:186} INFO - Started process (PID=1667) to work on /home/airflow/.local/lib/python3.12/site-packages/airflow/example_dags/example_task_group.py
[2025-03-18T22:58:48.677+0000] {processor.py:914} INFO - Processing file /home/airflow/.local/lib/python3.12/site-packages/airflow/example_dags/example_task_group.py for tasks to queue
[2025-03-18T22:58:48.681+0000] {logging_mixin.py:190} INFO - [2025-03-18T22:58:48.681+0000] {dagbag.py:588} INFO - Filling up the DagBag from /home/airflow/.local/lib/python3.12/site-packages/airflow/example_dags/example_task_group.py
[2025-03-18T22:58:48.695+0000] {processor.py:925} INFO - DAG(s) 'example_task_group' retrieved from /home/airflow/.local/lib/python3.12/site-packages/airflow/example_dags/example_task_group.py
[2025-03-18T22:58:48.722+0000] {logging_mixin.py:190} INFO - [2025-03-18T22:58:48.722+0000] {dag.py:3239} INFO - Sync 1 DAGs
[2025-03-18T22:58:48.737+0000] {logging_mixin.py:190} INFO - [2025-03-18T22:58:48.737+0000] {dag.py:4180} INFO - Setting next_dagrun for example_task_group to None, run_after=None
[2025-03-18T22:58:48.760+0000] {processor.py:208} INFO - Processing /home/airflow/.local/lib/python3.12/site-packages/airflow/example_dags/example_task_group.py took 0.095 seconds
[2025-03-18T22:59:18.829+0000] {processor.py:186} INFO - Started process (PID=1724) to work on /home/airflow/.local/lib/python3.12/site-packages/airflow/example_dags/example_task_group.py
[2025-03-18T22:59:18.836+0000] {processor.py:914} INFO - Processing file /home/airflow/.local/lib/python3.12/site-packages/airflow/example_dags/example_task_group.py for tasks to queue
[2025-03-18T22:59:18.839+0000] {logging_mixin.py:190} INFO - [2025-03-18T22:59:18.839+0000] {dagbag.py:588} INFO - Filling up the DagBag from /home/airflow/.local/lib/python3.12/site-packages/airflow/example_dags/example_task_group.py
[2025-03-18T22:59:18.855+0000] {processor.py:925} INFO - DAG(s) 'example_task_group' retrieved from /home/airflow/.local/lib/python3.12/site-packages/airflow/example_dags/example_task_group.py
[2025-03-18T22:59:18.878+0000] {logging_mixin.py:190} INFO - [2025-03-18T22:59:18.877+0000] {dag.py:3239} INFO - Sync 1 DAGs
[2025-03-18T22:59:18.896+0000] {logging_mixin.py:190} INFO - [2025-03-18T22:59:18.895+0000] {dag.py:4180} INFO - Setting next_dagrun for example_task_group to None, run_after=None
[2025-03-18T22:59:18.926+0000] {processor.py:208} INFO - Processing /home/airflow/.local/lib/python3.12/site-packages/airflow/example_dags/example_task_group.py took 0.106 seconds
[2025-03-18T22:59:49.334+0000] {processor.py:186} INFO - Started process (PID=1787) to work on /home/airflow/.local/lib/python3.12/site-packages/airflow/example_dags/example_task_group.py
[2025-03-18T22:59:49.335+0000] {processor.py:914} INFO - Processing file /home/airflow/.local/lib/python3.12/site-packages/airflow/example_dags/example_task_group.py for tasks to queue
[2025-03-18T22:59:49.338+0000] {logging_mixin.py:190} INFO - [2025-03-18T22:59:49.338+0000] {dagbag.py:588} INFO - Filling up the DagBag from /home/airflow/.local/lib/python3.12/site-packages/airflow/example_dags/example_task_group.py
[2025-03-18T22:59:49.349+0000] {processor.py:925} INFO - DAG(s) 'example_task_group' retrieved from /home/airflow/.local/lib/python3.12/site-packages/airflow/example_dags/example_task_group.py
[2025-03-18T22:59:49.380+0000] {logging_mixin.py:190} INFO - [2025-03-18T22:59:49.380+0000] {dag.py:3239} INFO - Sync 1 DAGs
[2025-03-18T22:59:49.397+0000] {logging_mixin.py:190} INFO - [2025-03-18T22:59:49.397+0000] {dag.py:4180} INFO - Setting next_dagrun for example_task_group to None, run_after=None
[2025-03-18T22:59:49.429+0000] {processor.py:208} INFO - Processing /home/airflow/.local/lib/python3.12/site-packages/airflow/example_dags/example_task_group.py took 0.102 seconds
[2025-03-18T23:00:20.583+0000] {processor.py:186} INFO - Started process (PID=1833) to work on /home/airflow/.local/lib/python3.12/site-packages/airflow/example_dags/example_task_group.py
[2025-03-18T23:00:20.595+0000] {processor.py:914} INFO - Processing file /home/airflow/.local/lib/python3.12/site-packages/airflow/example_dags/example_task_group.py for tasks to queue
[2025-03-18T23:00:20.609+0000] {logging_mixin.py:190} INFO - [2025-03-18T23:00:20.608+0000] {dagbag.py:588} INFO - Filling up the DagBag from /home/airflow/.local/lib/python3.12/site-packages/airflow/example_dags/example_task_group.py
[2025-03-18T23:00:20.624+0000] {processor.py:925} INFO - DAG(s) 'example_task_group' retrieved from /home/airflow/.local/lib/python3.12/site-packages/airflow/example_dags/example_task_group.py
[2025-03-18T23:00:20.648+0000] {logging_mixin.py:190} INFO - [2025-03-18T23:00:20.648+0000] {dag.py:3239} INFO - Sync 1 DAGs
[2025-03-18T23:00:20.664+0000] {logging_mixin.py:190} INFO - [2025-03-18T23:00:20.664+0000] {dag.py:4180} INFO - Setting next_dagrun for example_task_group to None, run_after=None
[2025-03-18T23:00:20.708+0000] {processor.py:208} INFO - Processing /home/airflow/.local/lib/python3.12/site-packages/airflow/example_dags/example_task_group.py took 0.141 seconds
[2025-03-18T23:00:54.215+0000] {processor.py:186} INFO - Started process (PID=1897) to work on /home/airflow/.local/lib/python3.12/site-packages/airflow/example_dags/example_task_group.py
[2025-03-18T23:00:54.216+0000] {processor.py:914} INFO - Processing file /home/airflow/.local/lib/python3.12/site-packages/airflow/example_dags/example_task_group.py for tasks to queue
[2025-03-18T23:00:54.218+0000] {logging_mixin.py:190} INFO - [2025-03-18T23:00:54.218+0000] {dagbag.py:588} INFO - Filling up the DagBag from /home/airflow/.local/lib/python3.12/site-packages/airflow/example_dags/example_task_group.py
[2025-03-18T23:00:54.227+0000] {processor.py:925} INFO - DAG(s) 'example_task_group' retrieved from /home/airflow/.local/lib/python3.12/site-packages/airflow/example_dags/example_task_group.py
[2025-03-18T23:00:54.249+0000] {logging_mixin.py:190} INFO - [2025-03-18T23:00:54.248+0000] {dag.py:3239} INFO - Sync 1 DAGs
[2025-03-18T23:00:54.269+0000] {logging_mixin.py:190} INFO - [2025-03-18T23:00:54.268+0000] {dag.py:4180} INFO - Setting next_dagrun for example_task_group to None, run_after=None
[2025-03-18T23:00:54.291+0000] {processor.py:208} INFO - Processing /home/airflow/.local/lib/python3.12/site-packages/airflow/example_dags/example_task_group.py took 0.082 seconds
[2025-03-18T23:01:24.364+0000] {processor.py:186} INFO - Started process (PID=1960) to work on /home/airflow/.local/lib/python3.12/site-packages/airflow/example_dags/example_task_group.py
[2025-03-18T23:01:24.366+0000] {processor.py:914} INFO - Processing file /home/airflow/.local/lib/python3.12/site-packages/airflow/example_dags/example_task_group.py for tasks to queue
[2025-03-18T23:01:24.368+0000] {logging_mixin.py:190} INFO - [2025-03-18T23:01:24.368+0000] {dagbag.py:588} INFO - Filling up the DagBag from /home/airflow/.local/lib/python3.12/site-packages/airflow/example_dags/example_task_group.py
[2025-03-18T23:01:24.377+0000] {processor.py:925} INFO - DAG(s) 'example_task_group' retrieved from /home/airflow/.local/lib/python3.12/site-packages/airflow/example_dags/example_task_group.py
[2025-03-18T23:01:24.398+0000] {logging_mixin.py:190} INFO - [2025-03-18T23:01:24.398+0000] {dag.py:3239} INFO - Sync 1 DAGs
[2025-03-18T23:01:24.415+0000] {logging_mixin.py:190} INFO - [2025-03-18T23:01:24.415+0000] {dag.py:4180} INFO - Setting next_dagrun for example_task_group to None, run_after=None
[2025-03-18T23:01:24.437+0000] {processor.py:208} INFO - Processing /home/airflow/.local/lib/python3.12/site-packages/airflow/example_dags/example_task_group.py took 0.081 seconds
[2025-03-18T23:01:54.524+0000] {processor.py:186} INFO - Started process (PID=2022) to work on /home/airflow/.local/lib/python3.12/site-packages/airflow/example_dags/example_task_group.py
[2025-03-18T23:01:54.524+0000] {processor.py:914} INFO - Processing file /home/airflow/.local/lib/python3.12/site-packages/airflow/example_dags/example_task_group.py for tasks to queue
[2025-03-18T23:01:54.526+0000] {logging_mixin.py:190} INFO - [2025-03-18T23:01:54.526+0000] {dagbag.py:588} INFO - Filling up the DagBag from /home/airflow/.local/lib/python3.12/site-packages/airflow/example_dags/example_task_group.py
[2025-03-18T23:01:54.535+0000] {processor.py:925} INFO - DAG(s) 'example_task_group' retrieved from /home/airflow/.local/lib/python3.12/site-packages/airflow/example_dags/example_task_group.py
[2025-03-18T23:01:54.556+0000] {logging_mixin.py:190} INFO - [2025-03-18T23:01:54.556+0000] {dag.py:3239} INFO - Sync 1 DAGs
[2025-03-18T23:01:54.571+0000] {logging_mixin.py:190} INFO - [2025-03-18T23:01:54.571+0000] {dag.py:4180} INFO - Setting next_dagrun for example_task_group to None, run_after=None
[2025-03-18T23:01:54.591+0000] {processor.py:208} INFO - Processing /home/airflow/.local/lib/python3.12/site-packages/airflow/example_dags/example_task_group.py took 0.074 seconds
[2025-03-18T23:02:25.277+0000] {processor.py:186} INFO - Started process (PID=2086) to work on /home/airflow/.local/lib/python3.12/site-packages/airflow/example_dags/example_task_group.py
[2025-03-18T23:02:25.279+0000] {processor.py:914} INFO - Processing file /home/airflow/.local/lib/python3.12/site-packages/airflow/example_dags/example_task_group.py for tasks to queue
[2025-03-18T23:02:25.281+0000] {logging_mixin.py:190} INFO - [2025-03-18T23:02:25.280+0000] {dagbag.py:588} INFO - Filling up the DagBag from /home/airflow/.local/lib/python3.12/site-packages/airflow/example_dags/example_task_group.py
[2025-03-18T23:02:25.291+0000] {processor.py:925} INFO - DAG(s) 'example_task_group' retrieved from /home/airflow/.local/lib/python3.12/site-packages/airflow/example_dags/example_task_group.py
[2025-03-18T23:02:25.312+0000] {logging_mixin.py:190} INFO - [2025-03-18T23:02:25.311+0000] {dag.py:3239} INFO - Sync 1 DAGs
[2025-03-18T23:02:25.327+0000] {logging_mixin.py:190} INFO - [2025-03-18T23:02:25.326+0000] {dag.py:4180} INFO - Setting next_dagrun for example_task_group to None, run_after=None
[2025-03-18T23:02:25.349+0000] {processor.py:208} INFO - Processing /home/airflow/.local/lib/python3.12/site-packages/airflow/example_dags/example_task_group.py took 0.078 seconds
[2025-03-18T23:02:55.873+0000] {processor.py:186} INFO - Started process (PID=2148) to work on /home/airflow/.local/lib/python3.12/site-packages/airflow/example_dags/example_task_group.py
[2025-03-18T23:02:55.874+0000] {processor.py:914} INFO - Processing file /home/airflow/.local/lib/python3.12/site-packages/airflow/example_dags/example_task_group.py for tasks to queue
[2025-03-18T23:02:55.876+0000] {logging_mixin.py:190} INFO - [2025-03-18T23:02:55.876+0000] {dagbag.py:588} INFO - Filling up the DagBag from /home/airflow/.local/lib/python3.12/site-packages/airflow/example_dags/example_task_group.py
[2025-03-18T23:02:55.887+0000] {processor.py:925} INFO - DAG(s) 'example_task_group' retrieved from /home/airflow/.local/lib/python3.12/site-packages/airflow/example_dags/example_task_group.py
[2025-03-18T23:02:55.910+0000] {logging_mixin.py:190} INFO - [2025-03-18T23:02:55.909+0000] {dag.py:3239} INFO - Sync 1 DAGs
[2025-03-18T23:02:55.925+0000] {logging_mixin.py:190} INFO - [2025-03-18T23:02:55.925+0000] {dag.py:4180} INFO - Setting next_dagrun for example_task_group to None, run_after=None
[2025-03-18T23:02:55.947+0000] {processor.py:208} INFO - Processing /home/airflow/.local/lib/python3.12/site-packages/airflow/example_dags/example_task_group.py took 0.080 seconds
[2025-03-18T23:03:27.247+0000] {processor.py:186} INFO - Started process (PID=2211) to work on /home/airflow/.local/lib/python3.12/site-packages/airflow/example_dags/example_task_group.py
[2025-03-18T23:03:27.253+0000] {processor.py:914} INFO - Processing file /home/airflow/.local/lib/python3.12/site-packages/airflow/example_dags/example_task_group.py for tasks to queue
[2025-03-18T23:03:27.255+0000] {logging_mixin.py:190} INFO - [2025-03-18T23:03:27.255+0000] {dagbag.py:588} INFO - Filling up the DagBag from /home/airflow/.local/lib/python3.12/site-packages/airflow/example_dags/example_task_group.py
[2025-03-18T23:03:27.265+0000] {processor.py:925} INFO - DAG(s) 'example_task_group' retrieved from /home/airflow/.local/lib/python3.12/site-packages/airflow/example_dags/example_task_group.py
[2025-03-18T23:03:27.338+0000] {logging_mixin.py:190} INFO - [2025-03-18T23:03:27.337+0000] {dag.py:3239} INFO - Sync 1 DAGs
[2025-03-18T23:03:27.364+0000] {logging_mixin.py:190} INFO - [2025-03-18T23:03:27.364+0000] {dag.py:4180} INFO - Setting next_dagrun for example_task_group to None, run_after=None
[2025-03-18T23:03:27.411+0000] {processor.py:208} INFO - Processing /home/airflow/.local/lib/python3.12/site-packages/airflow/example_dags/example_task_group.py took 0.180 seconds
[2025-03-18T23:03:57.944+0000] {processor.py:186} INFO - Started process (PID=2274) to work on /home/airflow/.local/lib/python3.12/site-packages/airflow/example_dags/example_task_group.py
[2025-03-18T23:03:57.947+0000] {processor.py:914} INFO - Processing file /home/airflow/.local/lib/python3.12/site-packages/airflow/example_dags/example_task_group.py for tasks to queue
[2025-03-18T23:03:57.950+0000] {logging_mixin.py:190} INFO - [2025-03-18T23:03:57.949+0000] {dagbag.py:588} INFO - Filling up the DagBag from /home/airflow/.local/lib/python3.12/site-packages/airflow/example_dags/example_task_group.py
[2025-03-18T23:03:57.962+0000] {processor.py:925} INFO - DAG(s) 'example_task_group' retrieved from /home/airflow/.local/lib/python3.12/site-packages/airflow/example_dags/example_task_group.py
[2025-03-18T23:03:57.986+0000] {logging_mixin.py:190} INFO - [2025-03-18T23:03:57.986+0000] {dag.py:3239} INFO - Sync 1 DAGs
[2025-03-18T23:03:58.001+0000] {logging_mixin.py:190} INFO - [2025-03-18T23:03:58.001+0000] {dag.py:4180} INFO - Setting next_dagrun for example_task_group to None, run_after=None
[2025-03-18T23:03:58.041+0000] {processor.py:208} INFO - Processing /home/airflow/.local/lib/python3.12/site-packages/airflow/example_dags/example_task_group.py took 0.103 seconds
[2025-03-18T23:04:28.531+0000] {processor.py:186} INFO - Started process (PID=2337) to work on /home/airflow/.local/lib/python3.12/site-packages/airflow/example_dags/example_task_group.py
[2025-03-18T23:04:28.533+0000] {processor.py:914} INFO - Processing file /home/airflow/.local/lib/python3.12/site-packages/airflow/example_dags/example_task_group.py for tasks to queue
[2025-03-18T23:04:28.535+0000] {logging_mixin.py:190} INFO - [2025-03-18T23:04:28.535+0000] {dagbag.py:588} INFO - Filling up the DagBag from /home/airflow/.local/lib/python3.12/site-packages/airflow/example_dags/example_task_group.py
[2025-03-18T23:04:28.545+0000] {processor.py:925} INFO - DAG(s) 'example_task_group' retrieved from /home/airflow/.local/lib/python3.12/site-packages/airflow/example_dags/example_task_group.py
[2025-03-18T23:04:28.566+0000] {logging_mixin.py:190} INFO - [2025-03-18T23:04:28.565+0000] {dag.py:3239} INFO - Sync 1 DAGs
[2025-03-18T23:04:28.581+0000] {logging_mixin.py:190} INFO - [2025-03-18T23:04:28.581+0000] {dag.py:4180} INFO - Setting next_dagrun for example_task_group to None, run_after=None
[2025-03-18T23:04:28.604+0000] {processor.py:208} INFO - Processing /home/airflow/.local/lib/python3.12/site-packages/airflow/example_dags/example_task_group.py took 0.079 seconds
[2025-03-18T23:04:58.742+0000] {processor.py:186} INFO - Started process (PID=2400) to work on /home/airflow/.local/lib/python3.12/site-packages/airflow/example_dags/example_task_group.py
[2025-03-18T23:04:58.742+0000] {processor.py:914} INFO - Processing file /home/airflow/.local/lib/python3.12/site-packages/airflow/example_dags/example_task_group.py for tasks to queue
[2025-03-18T23:04:58.745+0000] {logging_mixin.py:190} INFO - [2025-03-18T23:04:58.744+0000] {dagbag.py:588} INFO - Filling up the DagBag from /home/airflow/.local/lib/python3.12/site-packages/airflow/example_dags/example_task_group.py
[2025-03-18T23:04:58.753+0000] {processor.py:925} INFO - DAG(s) 'example_task_group' retrieved from /home/airflow/.local/lib/python3.12/site-packages/airflow/example_dags/example_task_group.py
[2025-03-18T23:04:58.774+0000] {logging_mixin.py:190} INFO - [2025-03-18T23:04:58.774+0000] {dag.py:3239} INFO - Sync 1 DAGs
[2025-03-18T23:04:58.788+0000] {logging_mixin.py:190} INFO - [2025-03-18T23:04:58.788+0000] {dag.py:4180} INFO - Setting next_dagrun for example_task_group to None, run_after=None
[2025-03-18T23:04:58.806+0000] {processor.py:208} INFO - Processing /home/airflow/.local/lib/python3.12/site-packages/airflow/example_dags/example_task_group.py took 0.071 seconds
[2025-03-18T23:05:29.009+0000] {processor.py:186} INFO - Started process (PID=2462) to work on /home/airflow/.local/lib/python3.12/site-packages/airflow/example_dags/example_task_group.py
[2025-03-18T23:05:29.011+0000] {processor.py:914} INFO - Processing file /home/airflow/.local/lib/python3.12/site-packages/airflow/example_dags/example_task_group.py for tasks to queue
[2025-03-18T23:05:29.014+0000] {logging_mixin.py:190} INFO - [2025-03-18T23:05:29.013+0000] {dagbag.py:588} INFO - Filling up the DagBag from /home/airflow/.local/lib/python3.12/site-packages/airflow/example_dags/example_task_group.py
[2025-03-18T23:05:29.022+0000] {processor.py:925} INFO - DAG(s) 'example_task_group' retrieved from /home/airflow/.local/lib/python3.12/site-packages/airflow/example_dags/example_task_group.py
[2025-03-18T23:05:29.043+0000] {logging_mixin.py:190} INFO - [2025-03-18T23:05:29.042+0000] {dag.py:3239} INFO - Sync 1 DAGs
[2025-03-18T23:05:29.057+0000] {logging_mixin.py:190} INFO - [2025-03-18T23:05:29.056+0000] {dag.py:4180} INFO - Setting next_dagrun for example_task_group to None, run_after=None
[2025-03-18T23:05:29.076+0000] {processor.py:208} INFO - Processing /home/airflow/.local/lib/python3.12/site-packages/airflow/example_dags/example_task_group.py took 0.072 seconds
[2025-03-18T23:05:59.933+0000] {processor.py:186} INFO - Started process (PID=2525) to work on /home/airflow/.local/lib/python3.12/site-packages/airflow/example_dags/example_task_group.py
[2025-03-18T23:05:59.934+0000] {processor.py:914} INFO - Processing file /home/airflow/.local/lib/python3.12/site-packages/airflow/example_dags/example_task_group.py for tasks to queue
[2025-03-18T23:05:59.937+0000] {logging_mixin.py:190} INFO - [2025-03-18T23:05:59.936+0000] {dagbag.py:588} INFO - Filling up the DagBag from /home/airflow/.local/lib/python3.12/site-packages/airflow/example_dags/example_task_group.py
[2025-03-18T23:05:59.946+0000] {processor.py:925} INFO - DAG(s) 'example_task_group' retrieved from /home/airflow/.local/lib/python3.12/site-packages/airflow/example_dags/example_task_group.py
[2025-03-18T23:05:59.971+0000] {logging_mixin.py:190} INFO - [2025-03-18T23:05:59.970+0000] {dag.py:3239} INFO - Sync 1 DAGs
[2025-03-18T23:05:59.987+0000] {logging_mixin.py:190} INFO - [2025-03-18T23:05:59.986+0000] {dag.py:4180} INFO - Setting next_dagrun for example_task_group to None, run_after=None
[2025-03-18T23:06:00.022+0000] {processor.py:208} INFO - Processing /home/airflow/.local/lib/python3.12/site-packages/airflow/example_dags/example_task_group.py took 0.096 seconds
[2025-03-18T23:06:30.422+0000] {processor.py:186} INFO - Started process (PID=2588) to work on /home/airflow/.local/lib/python3.12/site-packages/airflow/example_dags/example_task_group.py
[2025-03-18T23:06:30.429+0000] {processor.py:914} INFO - Processing file /home/airflow/.local/lib/python3.12/site-packages/airflow/example_dags/example_task_group.py for tasks to queue
[2025-03-18T23:06:30.432+0000] {logging_mixin.py:190} INFO - [2025-03-18T23:06:30.432+0000] {dagbag.py:588} INFO - Filling up the DagBag from /home/airflow/.local/lib/python3.12/site-packages/airflow/example_dags/example_task_group.py
[2025-03-18T23:06:30.442+0000] {processor.py:925} INFO - DAG(s) 'example_task_group' retrieved from /home/airflow/.local/lib/python3.12/site-packages/airflow/example_dags/example_task_group.py
[2025-03-18T23:06:30.463+0000] {logging_mixin.py:190} INFO - [2025-03-18T23:06:30.462+0000] {dag.py:3239} INFO - Sync 1 DAGs
[2025-03-18T23:06:30.476+0000] {logging_mixin.py:190} INFO - [2025-03-18T23:06:30.476+0000] {dag.py:4180} INFO - Setting next_dagrun for example_task_group to None, run_after=None
[2025-03-18T23:06:30.496+0000] {processor.py:208} INFO - Processing /home/airflow/.local/lib/python3.12/site-packages/airflow/example_dags/example_task_group.py took 0.080 seconds
[2025-03-18T23:07:00.932+0000] {processor.py:186} INFO - Started process (PID=2651) to work on /home/airflow/.local/lib/python3.12/site-packages/airflow/example_dags/example_task_group.py
[2025-03-18T23:07:00.934+0000] {processor.py:914} INFO - Processing file /home/airflow/.local/lib/python3.12/site-packages/airflow/example_dags/example_task_group.py for tasks to queue
[2025-03-18T23:07:00.937+0000] {logging_mixin.py:190} INFO - [2025-03-18T23:07:00.937+0000] {dagbag.py:588} INFO - Filling up the DagBag from /home/airflow/.local/lib/python3.12/site-packages/airflow/example_dags/example_task_group.py
[2025-03-18T23:07:00.947+0000] {processor.py:925} INFO - DAG(s) 'example_task_group' retrieved from /home/airflow/.local/lib/python3.12/site-packages/airflow/example_dags/example_task_group.py
[2025-03-18T23:07:00.972+0000] {logging_mixin.py:190} INFO - [2025-03-18T23:07:00.972+0000] {dag.py:3239} INFO - Sync 1 DAGs
[2025-03-18T23:07:00.994+0000] {logging_mixin.py:190} INFO - [2025-03-18T23:07:00.994+0000] {dag.py:4180} INFO - Setting next_dagrun for example_task_group to None, run_after=None
[2025-03-18T23:07:01.023+0000] {processor.py:208} INFO - Processing /home/airflow/.local/lib/python3.12/site-packages/airflow/example_dags/example_task_group.py took 0.100 seconds
[2025-03-18T23:07:31.860+0000] {processor.py:186} INFO - Started process (PID=2714) to work on /home/airflow/.local/lib/python3.12/site-packages/airflow/example_dags/example_task_group.py
[2025-03-18T23:07:31.868+0000] {processor.py:914} INFO - Processing file /home/airflow/.local/lib/python3.12/site-packages/airflow/example_dags/example_task_group.py for tasks to queue
[2025-03-18T23:07:31.875+0000] {logging_mixin.py:190} INFO - [2025-03-18T23:07:31.874+0000] {dagbag.py:588} INFO - Filling up the DagBag from /home/airflow/.local/lib/python3.12/site-packages/airflow/example_dags/example_task_group.py
[2025-03-18T23:07:31.891+0000] {processor.py:925} INFO - DAG(s) 'example_task_group' retrieved from /home/airflow/.local/lib/python3.12/site-packages/airflow/example_dags/example_task_group.py
[2025-03-18T23:07:31.912+0000] {logging_mixin.py:190} INFO - [2025-03-18T23:07:31.912+0000] {dag.py:3239} INFO - Sync 1 DAGs
[2025-03-18T23:07:31.926+0000] {logging_mixin.py:190} INFO - [2025-03-18T23:07:31.926+0000] {dag.py:4180} INFO - Setting next_dagrun for example_task_group to None, run_after=None
[2025-03-18T23:07:31.951+0000] {processor.py:208} INFO - Processing /home/airflow/.local/lib/python3.12/site-packages/airflow/example_dags/example_task_group.py took 0.099 seconds
[2025-03-18T23:08:02.088+0000] {processor.py:186} INFO - Started process (PID=2776) to work on /home/airflow/.local/lib/python3.12/site-packages/airflow/example_dags/example_task_group.py
[2025-03-18T23:08:02.088+0000] {processor.py:914} INFO - Processing file /home/airflow/.local/lib/python3.12/site-packages/airflow/example_dags/example_task_group.py for tasks to queue
[2025-03-18T23:08:02.091+0000] {logging_mixin.py:190} INFO - [2025-03-18T23:08:02.090+0000] {dagbag.py:588} INFO - Filling up the DagBag from /home/airflow/.local/lib/python3.12/site-packages/airflow/example_dags/example_task_group.py
[2025-03-18T23:08:02.099+0000] {processor.py:925} INFO - DAG(s) 'example_task_group' retrieved from /home/airflow/.local/lib/python3.12/site-packages/airflow/example_dags/example_task_group.py
[2025-03-18T23:08:02.120+0000] {logging_mixin.py:190} INFO - [2025-03-18T23:08:02.120+0000] {dag.py:3239} INFO - Sync 1 DAGs
[2025-03-18T23:08:02.134+0000] {logging_mixin.py:190} INFO - [2025-03-18T23:08:02.134+0000] {dag.py:4180} INFO - Setting next_dagrun for example_task_group to None, run_after=None
[2025-03-18T23:08:02.153+0000] {processor.py:208} INFO - Processing /home/airflow/.local/lib/python3.12/site-packages/airflow/example_dags/example_task_group.py took 0.074 seconds
[2025-03-18T23:08:32.560+0000] {processor.py:186} INFO - Started process (PID=2833) to work on /home/airflow/.local/lib/python3.12/site-packages/airflow/example_dags/example_task_group.py
[2025-03-18T23:08:32.566+0000] {processor.py:914} INFO - Processing file /home/airflow/.local/lib/python3.12/site-packages/airflow/example_dags/example_task_group.py for tasks to queue
[2025-03-18T23:08:32.570+0000] {logging_mixin.py:190} INFO - [2025-03-18T23:08:32.570+0000] {dagbag.py:588} INFO - Filling up the DagBag from /home/airflow/.local/lib/python3.12/site-packages/airflow/example_dags/example_task_group.py
[2025-03-18T23:08:32.581+0000] {processor.py:925} INFO - DAG(s) 'example_task_group' retrieved from /home/airflow/.local/lib/python3.12/site-packages/airflow/example_dags/example_task_group.py
[2025-03-18T23:08:32.608+0000] {logging_mixin.py:190} INFO - [2025-03-18T23:08:32.608+0000] {dag.py:3239} INFO - Sync 1 DAGs
[2025-03-18T23:08:32.622+0000] {logging_mixin.py:190} INFO - [2025-03-18T23:08:32.622+0000] {dag.py:4180} INFO - Setting next_dagrun for example_task_group to None, run_after=None
[2025-03-18T23:08:32.642+0000] {processor.py:208} INFO - Processing /home/airflow/.local/lib/python3.12/site-packages/airflow/example_dags/example_task_group.py took 0.093 seconds
[2025-03-18T23:09:04.681+0000] {processor.py:186} INFO - Started process (PID=2897) to work on /home/airflow/.local/lib/python3.12/site-packages/airflow/example_dags/example_task_group.py
[2025-03-18T23:09:04.682+0000] {processor.py:914} INFO - Processing file /home/airflow/.local/lib/python3.12/site-packages/airflow/example_dags/example_task_group.py for tasks to queue
[2025-03-18T23:09:04.684+0000] {logging_mixin.py:190} INFO - [2025-03-18T23:09:04.684+0000] {dagbag.py:588} INFO - Filling up the DagBag from /home/airflow/.local/lib/python3.12/site-packages/airflow/example_dags/example_task_group.py
[2025-03-18T23:09:04.708+0000] {processor.py:925} INFO - DAG(s) 'example_task_group' retrieved from /home/airflow/.local/lib/python3.12/site-packages/airflow/example_dags/example_task_group.py
[2025-03-18T23:09:04.739+0000] {logging_mixin.py:190} INFO - [2025-03-18T23:09:04.739+0000] {dag.py:3239} INFO - Sync 1 DAGs
[2025-03-18T23:09:04.760+0000] {logging_mixin.py:190} INFO - [2025-03-18T23:09:04.759+0000] {dag.py:4180} INFO - Setting next_dagrun for example_task_group to None, run_after=None
[2025-03-18T23:09:04.780+0000] {processor.py:208} INFO - Processing /home/airflow/.local/lib/python3.12/site-packages/airflow/example_dags/example_task_group.py took 0.108 seconds
[2025-03-18T23:09:37.906+0000] {processor.py:186} INFO - Started process (PID=2960) to work on /home/airflow/.local/lib/python3.12/site-packages/airflow/example_dags/example_task_group.py
[2025-03-18T23:09:37.907+0000] {processor.py:914} INFO - Processing file /home/airflow/.local/lib/python3.12/site-packages/airflow/example_dags/example_task_group.py for tasks to queue
[2025-03-18T23:09:37.909+0000] {logging_mixin.py:190} INFO - [2025-03-18T23:09:37.909+0000] {dagbag.py:588} INFO - Filling up the DagBag from /home/airflow/.local/lib/python3.12/site-packages/airflow/example_dags/example_task_group.py
[2025-03-18T23:09:37.918+0000] {processor.py:925} INFO - DAG(s) 'example_task_group' retrieved from /home/airflow/.local/lib/python3.12/site-packages/airflow/example_dags/example_task_group.py
[2025-03-18T23:09:37.942+0000] {logging_mixin.py:190} INFO - [2025-03-18T23:09:37.942+0000] {dag.py:3239} INFO - Sync 1 DAGs
[2025-03-18T23:09:37.957+0000] {logging_mixin.py:190} INFO - [2025-03-18T23:09:37.957+0000] {dag.py:4180} INFO - Setting next_dagrun for example_task_group to None, run_after=None
[2025-03-18T23:09:37.975+0000] {processor.py:208} INFO - Processing /home/airflow/.local/lib/python3.12/site-packages/airflow/example_dags/example_task_group.py took 0.075 seconds
[2025-03-18T23:10:09.124+0000] {processor.py:186} INFO - Started process (PID=3029) to work on /home/airflow/.local/lib/python3.12/site-packages/airflow/example_dags/example_task_group.py
[2025-03-18T23:10:09.125+0000] {processor.py:914} INFO - Processing file /home/airflow/.local/lib/python3.12/site-packages/airflow/example_dags/example_task_group.py for tasks to queue
[2025-03-18T23:10:09.128+0000] {logging_mixin.py:190} INFO - [2025-03-18T23:10:09.127+0000] {dagbag.py:588} INFO - Filling up the DagBag from /home/airflow/.local/lib/python3.12/site-packages/airflow/example_dags/example_task_group.py
[2025-03-18T23:10:09.140+0000] {processor.py:925} INFO - DAG(s) 'example_task_group' retrieved from /home/airflow/.local/lib/python3.12/site-packages/airflow/example_dags/example_task_group.py
[2025-03-18T23:10:09.164+0000] {logging_mixin.py:190} INFO - [2025-03-18T23:10:09.163+0000] {dag.py:3239} INFO - Sync 1 DAGs
[2025-03-18T23:10:09.179+0000] {logging_mixin.py:190} INFO - [2025-03-18T23:10:09.179+0000] {dag.py:4180} INFO - Setting next_dagrun for example_task_group to None, run_after=None
[2025-03-18T23:10:09.199+0000] {processor.py:208} INFO - Processing /home/airflow/.local/lib/python3.12/site-packages/airflow/example_dags/example_task_group.py took 0.081 seconds
[2025-03-18T23:10:39.969+0000] {processor.py:186} INFO - Started process (PID=3086) to work on /home/airflow/.local/lib/python3.12/site-packages/airflow/example_dags/example_task_group.py
[2025-03-18T23:10:39.983+0000] {processor.py:914} INFO - Processing file /home/airflow/.local/lib/python3.12/site-packages/airflow/example_dags/example_task_group.py for tasks to queue
[2025-03-18T23:10:39.985+0000] {logging_mixin.py:190} INFO - [2025-03-18T23:10:39.985+0000] {dagbag.py:588} INFO - Filling up the DagBag from /home/airflow/.local/lib/python3.12/site-packages/airflow/example_dags/example_task_group.py
[2025-03-18T23:10:40.015+0000] {processor.py:925} INFO - DAG(s) 'example_task_group' retrieved from /home/airflow/.local/lib/python3.12/site-packages/airflow/example_dags/example_task_group.py
[2025-03-18T23:10:40.074+0000] {logging_mixin.py:190} INFO - [2025-03-18T23:10:40.074+0000] {dag.py:3239} INFO - Sync 1 DAGs
[2025-03-18T23:10:40.101+0000] {logging_mixin.py:190} INFO - [2025-03-18T23:10:40.101+0000] {dag.py:4180} INFO - Setting next_dagrun for example_task_group to None, run_after=None
[2025-03-18T23:10:40.152+0000] {processor.py:208} INFO - Processing /home/airflow/.local/lib/python3.12/site-packages/airflow/example_dags/example_task_group.py took 0.190 seconds
[2025-03-18T23:11:10.870+0000] {processor.py:186} INFO - Started process (PID=3149) to work on /home/airflow/.local/lib/python3.12/site-packages/airflow/example_dags/example_task_group.py
[2025-03-18T23:11:10.871+0000] {processor.py:914} INFO - Processing file /home/airflow/.local/lib/python3.12/site-packages/airflow/example_dags/example_task_group.py for tasks to queue
[2025-03-18T23:11:10.873+0000] {logging_mixin.py:190} INFO - [2025-03-18T23:11:10.873+0000] {dagbag.py:588} INFO - Filling up the DagBag from /home/airflow/.local/lib/python3.12/site-packages/airflow/example_dags/example_task_group.py
[2025-03-18T23:11:10.902+0000] {processor.py:925} INFO - DAG(s) 'example_task_group' retrieved from /home/airflow/.local/lib/python3.12/site-packages/airflow/example_dags/example_task_group.py
[2025-03-18T23:11:10.929+0000] {logging_mixin.py:190} INFO - [2025-03-18T23:11:10.928+0000] {dag.py:3239} INFO - Sync 1 DAGs
[2025-03-18T23:11:10.944+0000] {logging_mixin.py:190} INFO - [2025-03-18T23:11:10.944+0000] {dag.py:4180} INFO - Setting next_dagrun for example_task_group to None, run_after=None
[2025-03-18T23:11:10.978+0000] {processor.py:208} INFO - Processing /home/airflow/.local/lib/python3.12/site-packages/airflow/example_dags/example_task_group.py took 0.115 seconds
[2025-03-18T23:11:41.406+0000] {processor.py:186} INFO - Started process (PID=3211) to work on /home/airflow/.local/lib/python3.12/site-packages/airflow/example_dags/example_task_group.py
[2025-03-18T23:11:41.407+0000] {processor.py:914} INFO - Processing file /home/airflow/.local/lib/python3.12/site-packages/airflow/example_dags/example_task_group.py for tasks to queue
[2025-03-18T23:11:41.410+0000] {logging_mixin.py:190} INFO - [2025-03-18T23:11:41.409+0000] {dagbag.py:588} INFO - Filling up the DagBag from /home/airflow/.local/lib/python3.12/site-packages/airflow/example_dags/example_task_group.py
[2025-03-18T23:11:41.419+0000] {processor.py:925} INFO - DAG(s) 'example_task_group' retrieved from /home/airflow/.local/lib/python3.12/site-packages/airflow/example_dags/example_task_group.py
[2025-03-18T23:11:41.445+0000] {logging_mixin.py:190} INFO - [2025-03-18T23:11:41.445+0000] {dag.py:3239} INFO - Sync 1 DAGs
[2025-03-18T23:11:41.465+0000] {logging_mixin.py:190} INFO - [2025-03-18T23:11:41.464+0000] {dag.py:4180} INFO - Setting next_dagrun for example_task_group to None, run_after=None
[2025-03-18T23:11:41.490+0000] {processor.py:208} INFO - Processing /home/airflow/.local/lib/python3.12/site-packages/airflow/example_dags/example_task_group.py took 0.094 seconds
[2025-03-18T23:12:11.743+0000] {processor.py:186} INFO - Started process (PID=3274) to work on /home/airflow/.local/lib/python3.12/site-packages/airflow/example_dags/example_task_group.py
[2025-03-18T23:12:11.744+0000] {processor.py:914} INFO - Processing file /home/airflow/.local/lib/python3.12/site-packages/airflow/example_dags/example_task_group.py for tasks to queue
[2025-03-18T23:12:11.753+0000] {logging_mixin.py:190} INFO - [2025-03-18T23:12:11.753+0000] {dagbag.py:588} INFO - Filling up the DagBag from /home/airflow/.local/lib/python3.12/site-packages/airflow/example_dags/example_task_group.py
[2025-03-18T23:12:11.770+0000] {processor.py:925} INFO - DAG(s) 'example_task_group' retrieved from /home/airflow/.local/lib/python3.12/site-packages/airflow/example_dags/example_task_group.py
[2025-03-18T23:12:11.804+0000] {logging_mixin.py:190} INFO - [2025-03-18T23:12:11.804+0000] {dag.py:3239} INFO - Sync 1 DAGs
[2025-03-18T23:12:11.839+0000] {logging_mixin.py:190} INFO - [2025-03-18T23:12:11.838+0000] {dag.py:4180} INFO - Setting next_dagrun for example_task_group to None, run_after=None
[2025-03-18T23:12:11.871+0000] {processor.py:208} INFO - Processing /home/airflow/.local/lib/python3.12/site-packages/airflow/example_dags/example_task_group.py took 0.144 seconds
[2025-03-18T23:12:42.451+0000] {processor.py:186} INFO - Started process (PID=3338) to work on /home/airflow/.local/lib/python3.12/site-packages/airflow/example_dags/example_task_group.py
[2025-03-18T23:12:42.453+0000] {processor.py:914} INFO - Processing file /home/airflow/.local/lib/python3.12/site-packages/airflow/example_dags/example_task_group.py for tasks to queue
[2025-03-18T23:12:42.456+0000] {logging_mixin.py:190} INFO - [2025-03-18T23:12:42.456+0000] {dagbag.py:588} INFO - Filling up the DagBag from /home/airflow/.local/lib/python3.12/site-packages/airflow/example_dags/example_task_group.py
[2025-03-18T23:12:42.466+0000] {processor.py:925} INFO - DAG(s) 'example_task_group' retrieved from /home/airflow/.local/lib/python3.12/site-packages/airflow/example_dags/example_task_group.py
[2025-03-18T23:12:42.489+0000] {logging_mixin.py:190} INFO - [2025-03-18T23:12:42.488+0000] {dag.py:3239} INFO - Sync 1 DAGs
[2025-03-18T23:12:42.504+0000] {logging_mixin.py:190} INFO - [2025-03-18T23:12:42.504+0000] {dag.py:4180} INFO - Setting next_dagrun for example_task_group to None, run_after=None
[2025-03-18T23:12:42.525+0000] {processor.py:208} INFO - Processing /home/airflow/.local/lib/python3.12/site-packages/airflow/example_dags/example_task_group.py took 0.080 seconds
[2025-03-18T23:13:12.774+0000] {processor.py:186} INFO - Started process (PID=3400) to work on /home/airflow/.local/lib/python3.12/site-packages/airflow/example_dags/example_task_group.py
[2025-03-18T23:13:12.775+0000] {processor.py:914} INFO - Processing file /home/airflow/.local/lib/python3.12/site-packages/airflow/example_dags/example_task_group.py for tasks to queue
[2025-03-18T23:13:12.780+0000] {logging_mixin.py:190} INFO - [2025-03-18T23:13:12.778+0000] {dagbag.py:588} INFO - Filling up the DagBag from /home/airflow/.local/lib/python3.12/site-packages/airflow/example_dags/example_task_group.py
[2025-03-18T23:13:12.792+0000] {processor.py:925} INFO - DAG(s) 'example_task_group' retrieved from /home/airflow/.local/lib/python3.12/site-packages/airflow/example_dags/example_task_group.py
[2025-03-18T23:13:12.814+0000] {logging_mixin.py:190} INFO - [2025-03-18T23:13:12.814+0000] {dag.py:3239} INFO - Sync 1 DAGs
[2025-03-18T23:13:12.843+0000] {logging_mixin.py:190} INFO - [2025-03-18T23:13:12.843+0000] {dag.py:4180} INFO - Setting next_dagrun for example_task_group to None, run_after=None
[2025-03-18T23:13:12.862+0000] {processor.py:208} INFO - Processing /home/airflow/.local/lib/python3.12/site-packages/airflow/example_dags/example_task_group.py took 0.097 seconds
[2025-03-18T23:13:43.099+0000] {processor.py:186} INFO - Started process (PID=3462) to work on /home/airflow/.local/lib/python3.12/site-packages/airflow/example_dags/example_task_group.py
[2025-03-18T23:13:43.120+0000] {processor.py:914} INFO - Processing file /home/airflow/.local/lib/python3.12/site-packages/airflow/example_dags/example_task_group.py for tasks to queue
[2025-03-18T23:13:43.124+0000] {logging_mixin.py:190} INFO - [2025-03-18T23:13:43.124+0000] {dagbag.py:588} INFO - Filling up the DagBag from /home/airflow/.local/lib/python3.12/site-packages/airflow/example_dags/example_task_group.py
[2025-03-18T23:13:43.137+0000] {processor.py:925} INFO - DAG(s) 'example_task_group' retrieved from /home/airflow/.local/lib/python3.12/site-packages/airflow/example_dags/example_task_group.py
[2025-03-18T23:13:43.203+0000] {logging_mixin.py:190} INFO - [2025-03-18T23:13:43.202+0000] {dag.py:3239} INFO - Sync 1 DAGs
[2025-03-18T23:13:43.219+0000] {logging_mixin.py:190} INFO - [2025-03-18T23:13:43.219+0000] {dag.py:4180} INFO - Setting next_dagrun for example_task_group to None, run_after=None
[2025-03-18T23:13:43.247+0000] {processor.py:208} INFO - Processing /home/airflow/.local/lib/python3.12/site-packages/airflow/example_dags/example_task_group.py took 0.160 seconds
[2025-03-18T23:14:18.673+0000] {processor.py:186} INFO - Started process (PID=3527) to work on /home/airflow/.local/lib/python3.12/site-packages/airflow/example_dags/example_task_group.py
[2025-03-18T23:14:18.675+0000] {processor.py:914} INFO - Processing file /home/airflow/.local/lib/python3.12/site-packages/airflow/example_dags/example_task_group.py for tasks to queue
[2025-03-18T23:14:18.678+0000] {logging_mixin.py:190} INFO - [2025-03-18T23:14:18.678+0000] {dagbag.py:588} INFO - Filling up the DagBag from /home/airflow/.local/lib/python3.12/site-packages/airflow/example_dags/example_task_group.py
[2025-03-18T23:14:18.690+0000] {processor.py:925} INFO - DAG(s) 'example_task_group' retrieved from /home/airflow/.local/lib/python3.12/site-packages/airflow/example_dags/example_task_group.py
[2025-03-18T23:14:18.711+0000] {logging_mixin.py:190} INFO - [2025-03-18T23:14:18.711+0000] {dag.py:3239} INFO - Sync 1 DAGs
[2025-03-18T23:14:18.726+0000] {logging_mixin.py:190} INFO - [2025-03-18T23:14:18.726+0000] {dag.py:4180} INFO - Setting next_dagrun for example_task_group to None, run_after=None
[2025-03-18T23:14:18.745+0000] {processor.py:208} INFO - Processing /home/airflow/.local/lib/python3.12/site-packages/airflow/example_dags/example_task_group.py took 0.083 seconds
[2025-03-18T23:14:52.419+0000] {processor.py:186} INFO - Started process (PID=3588) to work on /home/airflow/.local/lib/python3.12/site-packages/airflow/example_dags/example_task_group.py
[2025-03-18T23:14:52.420+0000] {processor.py:914} INFO - Processing file /home/airflow/.local/lib/python3.12/site-packages/airflow/example_dags/example_task_group.py for tasks to queue
[2025-03-18T23:14:52.423+0000] {logging_mixin.py:190} INFO - [2025-03-18T23:14:52.423+0000] {dagbag.py:588} INFO - Filling up the DagBag from /home/airflow/.local/lib/python3.12/site-packages/airflow/example_dags/example_task_group.py
[2025-03-18T23:14:52.446+0000] {processor.py:925} INFO - DAG(s) 'example_task_group' retrieved from /home/airflow/.local/lib/python3.12/site-packages/airflow/example_dags/example_task_group.py
[2025-03-18T23:14:52.500+0000] {logging_mixin.py:190} INFO - [2025-03-18T23:14:52.500+0000] {dag.py:3239} INFO - Sync 1 DAGs
[2025-03-18T23:14:52.540+0000] {logging_mixin.py:190} INFO - [2025-03-18T23:14:52.540+0000] {dag.py:4180} INFO - Setting next_dagrun for example_task_group to None, run_after=None
[2025-03-18T23:14:52.589+0000] {processor.py:208} INFO - Processing /home/airflow/.local/lib/python3.12/site-packages/airflow/example_dags/example_task_group.py took 0.194 seconds
[2025-03-18T23:15:22.638+0000] {processor.py:186} INFO - Started process (PID=3650) to work on /home/airflow/.local/lib/python3.12/site-packages/airflow/example_dags/example_task_group.py
[2025-03-18T23:15:22.639+0000] {processor.py:914} INFO - Processing file /home/airflow/.local/lib/python3.12/site-packages/airflow/example_dags/example_task_group.py for tasks to queue
[2025-03-18T23:15:22.642+0000] {logging_mixin.py:190} INFO - [2025-03-18T23:15:22.641+0000] {dagbag.py:588} INFO - Filling up the DagBag from /home/airflow/.local/lib/python3.12/site-packages/airflow/example_dags/example_task_group.py
[2025-03-18T23:15:22.651+0000] {processor.py:925} INFO - DAG(s) 'example_task_group' retrieved from /home/airflow/.local/lib/python3.12/site-packages/airflow/example_dags/example_task_group.py
[2025-03-18T23:15:22.675+0000] {logging_mixin.py:190} INFO - [2025-03-18T23:15:22.674+0000] {dag.py:3239} INFO - Sync 1 DAGs
[2025-03-18T23:15:22.695+0000] {logging_mixin.py:190} INFO - [2025-03-18T23:15:22.694+0000] {dag.py:4180} INFO - Setting next_dagrun for example_task_group to None, run_after=None
[2025-03-18T23:15:22.719+0000] {processor.py:208} INFO - Processing /home/airflow/.local/lib/python3.12/site-packages/airflow/example_dags/example_task_group.py took 0.089 seconds
[2025-03-18T23:15:53.171+0000] {processor.py:186} INFO - Started process (PID=3711) to work on /home/airflow/.local/lib/python3.12/site-packages/airflow/example_dags/example_task_group.py
[2025-03-18T23:15:53.171+0000] {processor.py:914} INFO - Processing file /home/airflow/.local/lib/python3.12/site-packages/airflow/example_dags/example_task_group.py for tasks to queue
[2025-03-18T23:15:53.174+0000] {logging_mixin.py:190} INFO - [2025-03-18T23:15:53.173+0000] {dagbag.py:588} INFO - Filling up the DagBag from /home/airflow/.local/lib/python3.12/site-packages/airflow/example_dags/example_task_group.py
[2025-03-18T23:15:53.185+0000] {processor.py:925} INFO - DAG(s) 'example_task_group' retrieved from /home/airflow/.local/lib/python3.12/site-packages/airflow/example_dags/example_task_group.py
[2025-03-18T23:15:53.205+0000] {logging_mixin.py:190} INFO - [2025-03-18T23:15:53.205+0000] {dag.py:3239} INFO - Sync 1 DAGs
[2025-03-18T23:15:53.221+0000] {logging_mixin.py:190} INFO - [2025-03-18T23:15:53.220+0000] {dag.py:4180} INFO - Setting next_dagrun for example_task_group to None, run_after=None
[2025-03-18T23:15:53.451+0000] {processor.py:208} INFO - Processing /home/airflow/.local/lib/python3.12/site-packages/airflow/example_dags/example_task_group.py took 0.289 seconds
[2025-03-18T23:16:23.687+0000] {processor.py:186} INFO - Started process (PID=3774) to work on /home/airflow/.local/lib/python3.12/site-packages/airflow/example_dags/example_task_group.py
[2025-03-18T23:16:23.704+0000] {processor.py:914} INFO - Processing file /home/airflow/.local/lib/python3.12/site-packages/airflow/example_dags/example_task_group.py for tasks to queue
[2025-03-18T23:16:23.706+0000] {logging_mixin.py:190} INFO - [2025-03-18T23:16:23.706+0000] {dagbag.py:588} INFO - Filling up the DagBag from /home/airflow/.local/lib/python3.12/site-packages/airflow/example_dags/example_task_group.py
[2025-03-18T23:16:23.724+0000] {processor.py:925} INFO - DAG(s) 'example_task_group' retrieved from /home/airflow/.local/lib/python3.12/site-packages/airflow/example_dags/example_task_group.py
[2025-03-18T23:16:23.791+0000] {logging_mixin.py:190} INFO - [2025-03-18T23:16:23.791+0000] {dag.py:3239} INFO - Sync 1 DAGs
[2025-03-18T23:16:23.818+0000] {logging_mixin.py:190} INFO - [2025-03-18T23:16:23.818+0000] {dag.py:4180} INFO - Setting next_dagrun for example_task_group to None, run_after=None
[2025-03-18T23:16:23.879+0000] {processor.py:208} INFO - Processing /home/airflow/.local/lib/python3.12/site-packages/airflow/example_dags/example_task_group.py took 0.207 seconds
[2025-03-18T23:16:54.101+0000] {processor.py:186} INFO - Started process (PID=3837) to work on /home/airflow/.local/lib/python3.12/site-packages/airflow/example_dags/example_task_group.py
[2025-03-18T23:16:54.101+0000] {processor.py:914} INFO - Processing file /home/airflow/.local/lib/python3.12/site-packages/airflow/example_dags/example_task_group.py for tasks to queue
[2025-03-18T23:16:54.104+0000] {logging_mixin.py:190} INFO - [2025-03-18T23:16:54.104+0000] {dagbag.py:588} INFO - Filling up the DagBag from /home/airflow/.local/lib/python3.12/site-packages/airflow/example_dags/example_task_group.py
[2025-03-18T23:16:54.113+0000] {processor.py:925} INFO - DAG(s) 'example_task_group' retrieved from /home/airflow/.local/lib/python3.12/site-packages/airflow/example_dags/example_task_group.py
[2025-03-18T23:16:54.140+0000] {logging_mixin.py:190} INFO - [2025-03-18T23:16:54.140+0000] {dag.py:3239} INFO - Sync 1 DAGs
[2025-03-18T23:16:54.155+0000] {logging_mixin.py:190} INFO - [2025-03-18T23:16:54.155+0000] {dag.py:4180} INFO - Setting next_dagrun for example_task_group to None, run_after=None
[2025-03-18T23:16:54.181+0000] {processor.py:208} INFO - Processing /home/airflow/.local/lib/python3.12/site-packages/airflow/example_dags/example_task_group.py took 0.087 seconds
[2025-03-18T23:17:25.124+0000] {processor.py:186} INFO - Started process (PID=3899) to work on /home/airflow/.local/lib/python3.12/site-packages/airflow/example_dags/example_task_group.py
[2025-03-18T23:17:25.125+0000] {processor.py:914} INFO - Processing file /home/airflow/.local/lib/python3.12/site-packages/airflow/example_dags/example_task_group.py for tasks to queue
[2025-03-18T23:17:25.128+0000] {logging_mixin.py:190} INFO - [2025-03-18T23:17:25.127+0000] {dagbag.py:588} INFO - Filling up the DagBag from /home/airflow/.local/lib/python3.12/site-packages/airflow/example_dags/example_task_group.py
[2025-03-18T23:17:25.137+0000] {processor.py:925} INFO - DAG(s) 'example_task_group' retrieved from /home/airflow/.local/lib/python3.12/site-packages/airflow/example_dags/example_task_group.py
[2025-03-18T23:17:25.164+0000] {logging_mixin.py:190} INFO - [2025-03-18T23:17:25.164+0000] {dag.py:3239} INFO - Sync 1 DAGs
[2025-03-18T23:17:25.182+0000] {logging_mixin.py:190} INFO - [2025-03-18T23:17:25.182+0000] {dag.py:4180} INFO - Setting next_dagrun for example_task_group to None, run_after=None
[2025-03-18T23:17:25.211+0000] {processor.py:208} INFO - Processing /home/airflow/.local/lib/python3.12/site-packages/airflow/example_dags/example_task_group.py took 0.096 seconds
[2025-03-18T23:17:55.800+0000] {processor.py:186} INFO - Started process (PID=3962) to work on /home/airflow/.local/lib/python3.12/site-packages/airflow/example_dags/example_task_group.py
[2025-03-18T23:17:55.801+0000] {processor.py:914} INFO - Processing file /home/airflow/.local/lib/python3.12/site-packages/airflow/example_dags/example_task_group.py for tasks to queue
[2025-03-18T23:17:55.804+0000] {logging_mixin.py:190} INFO - [2025-03-18T23:17:55.804+0000] {dagbag.py:588} INFO - Filling up the DagBag from /home/airflow/.local/lib/python3.12/site-packages/airflow/example_dags/example_task_group.py
[2025-03-18T23:17:55.814+0000] {processor.py:925} INFO - DAG(s) 'example_task_group' retrieved from /home/airflow/.local/lib/python3.12/site-packages/airflow/example_dags/example_task_group.py
[2025-03-18T23:17:55.841+0000] {logging_mixin.py:190} INFO - [2025-03-18T23:17:55.840+0000] {dag.py:3239} INFO - Sync 1 DAGs
[2025-03-18T23:17:55.857+0000] {logging_mixin.py:190} INFO - [2025-03-18T23:17:55.857+0000] {dag.py:4180} INFO - Setting next_dagrun for example_task_group to None, run_after=None
[2025-03-18T23:17:55.878+0000] {processor.py:208} INFO - Processing /home/airflow/.local/lib/python3.12/site-packages/airflow/example_dags/example_task_group.py took 0.084 seconds
[2025-03-18T23:18:25.970+0000] {processor.py:186} INFO - Started process (PID=4025) to work on /home/airflow/.local/lib/python3.12/site-packages/airflow/example_dags/example_task_group.py
[2025-03-18T23:18:25.975+0000] {processor.py:914} INFO - Processing file /home/airflow/.local/lib/python3.12/site-packages/airflow/example_dags/example_task_group.py for tasks to queue
[2025-03-18T23:18:25.977+0000] {logging_mixin.py:190} INFO - [2025-03-18T23:18:25.977+0000] {dagbag.py:588} INFO - Filling up the DagBag from /home/airflow/.local/lib/python3.12/site-packages/airflow/example_dags/example_task_group.py
[2025-03-18T23:18:25.986+0000] {processor.py:925} INFO - DAG(s) 'example_task_group' retrieved from /home/airflow/.local/lib/python3.12/site-packages/airflow/example_dags/example_task_group.py
[2025-03-18T23:18:26.014+0000] {logging_mixin.py:190} INFO - [2025-03-18T23:18:26.014+0000] {dag.py:3239} INFO - Sync 1 DAGs
[2025-03-18T23:18:26.037+0000] {logging_mixin.py:190} INFO - [2025-03-18T23:18:26.037+0000] {dag.py:4180} INFO - Setting next_dagrun for example_task_group to None, run_after=None
[2025-03-18T23:18:26.244+0000] {processor.py:208} INFO - Processing /home/airflow/.local/lib/python3.12/site-packages/airflow/example_dags/example_task_group.py took 0.280 seconds
[2025-03-18T23:18:56.337+0000] {processor.py:186} INFO - Started process (PID=4087) to work on /home/airflow/.local/lib/python3.12/site-packages/airflow/example_dags/example_task_group.py
[2025-03-18T23:18:56.338+0000] {processor.py:914} INFO - Processing file /home/airflow/.local/lib/python3.12/site-packages/airflow/example_dags/example_task_group.py for tasks to queue
[2025-03-18T23:18:56.341+0000] {logging_mixin.py:190} INFO - [2025-03-18T23:18:56.340+0000] {dagbag.py:588} INFO - Filling up the DagBag from /home/airflow/.local/lib/python3.12/site-packages/airflow/example_dags/example_task_group.py
[2025-03-18T23:18:56.350+0000] {processor.py:925} INFO - DAG(s) 'example_task_group' retrieved from /home/airflow/.local/lib/python3.12/site-packages/airflow/example_dags/example_task_group.py
[2025-03-18T23:18:56.375+0000] {logging_mixin.py:190} INFO - [2025-03-18T23:18:56.375+0000] {dag.py:3239} INFO - Sync 1 DAGs
[2025-03-18T23:18:56.391+0000] {logging_mixin.py:190} INFO - [2025-03-18T23:18:56.390+0000] {dag.py:4180} INFO - Setting next_dagrun for example_task_group to None, run_after=None
[2025-03-18T23:18:56.411+0000] {processor.py:208} INFO - Processing /home/airflow/.local/lib/python3.12/site-packages/airflow/example_dags/example_task_group.py took 0.079 seconds
[2025-03-18T23:19:28.965+0000] {processor.py:186} INFO - Started process (PID=4150) to work on /home/airflow/.local/lib/python3.12/site-packages/airflow/example_dags/example_task_group.py
[2025-03-18T23:19:28.977+0000] {processor.py:914} INFO - Processing file /home/airflow/.local/lib/python3.12/site-packages/airflow/example_dags/example_task_group.py for tasks to queue
[2025-03-18T23:19:28.980+0000] {logging_mixin.py:190} INFO - [2025-03-18T23:19:28.980+0000] {dagbag.py:588} INFO - Filling up the DagBag from /home/airflow/.local/lib/python3.12/site-packages/airflow/example_dags/example_task_group.py
[2025-03-18T23:19:28.990+0000] {processor.py:925} INFO - DAG(s) 'example_task_group' retrieved from /home/airflow/.local/lib/python3.12/site-packages/airflow/example_dags/example_task_group.py
[2025-03-18T23:19:29.019+0000] {logging_mixin.py:190} INFO - [2025-03-18T23:19:29.019+0000] {dag.py:3239} INFO - Sync 1 DAGs
[2025-03-18T23:19:29.033+0000] {logging_mixin.py:190} INFO - [2025-03-18T23:19:29.032+0000] {dag.py:4180} INFO - Setting next_dagrun for example_task_group to None, run_after=None
[2025-03-18T23:19:29.053+0000] {processor.py:208} INFO - Processing /home/airflow/.local/lib/python3.12/site-packages/airflow/example_dags/example_task_group.py took 0.094 seconds
[2025-03-18T23:19:59.144+0000] {processor.py:186} INFO - Started process (PID=4213) to work on /home/airflow/.local/lib/python3.12/site-packages/airflow/example_dags/example_task_group.py
[2025-03-18T23:19:59.145+0000] {processor.py:914} INFO - Processing file /home/airflow/.local/lib/python3.12/site-packages/airflow/example_dags/example_task_group.py for tasks to queue
[2025-03-18T23:19:59.148+0000] {logging_mixin.py:190} INFO - [2025-03-18T23:19:59.147+0000] {dagbag.py:588} INFO - Filling up the DagBag from /home/airflow/.local/lib/python3.12/site-packages/airflow/example_dags/example_task_group.py
[2025-03-18T23:19:59.157+0000] {processor.py:925} INFO - DAG(s) 'example_task_group' retrieved from /home/airflow/.local/lib/python3.12/site-packages/airflow/example_dags/example_task_group.py
[2025-03-18T23:19:59.178+0000] {logging_mixin.py:190} INFO - [2025-03-18T23:19:59.178+0000] {dag.py:3239} INFO - Sync 1 DAGs
[2025-03-18T23:19:59.193+0000] {logging_mixin.py:190} INFO - [2025-03-18T23:19:59.192+0000] {dag.py:4180} INFO - Setting next_dagrun for example_task_group to None, run_after=None
[2025-03-18T23:19:59.214+0000] {processor.py:208} INFO - Processing /home/airflow/.local/lib/python3.12/site-packages/airflow/example_dags/example_task_group.py took 0.076 seconds
[2025-03-18T23:20:29.294+0000] {processor.py:186} INFO - Started process (PID=4277) to work on /home/airflow/.local/lib/python3.12/site-packages/airflow/example_dags/example_task_group.py
[2025-03-18T23:20:29.296+0000] {processor.py:914} INFO - Processing file /home/airflow/.local/lib/python3.12/site-packages/airflow/example_dags/example_task_group.py for tasks to queue
[2025-03-18T23:20:29.301+0000] {logging_mixin.py:190} INFO - [2025-03-18T23:20:29.300+0000] {dagbag.py:588} INFO - Filling up the DagBag from /home/airflow/.local/lib/python3.12/site-packages/airflow/example_dags/example_task_group.py
[2025-03-18T23:20:29.316+0000] {processor.py:925} INFO - DAG(s) 'example_task_group' retrieved from /home/airflow/.local/lib/python3.12/site-packages/airflow/example_dags/example_task_group.py
[2025-03-18T23:20:29.341+0000] {logging_mixin.py:190} INFO - [2025-03-18T23:20:29.341+0000] {dag.py:3239} INFO - Sync 1 DAGs
[2025-03-18T23:20:29.355+0000] {logging_mixin.py:190} INFO - [2025-03-18T23:20:29.355+0000] {dag.py:4180} INFO - Setting next_dagrun for example_task_group to None, run_after=None
[2025-03-18T23:20:29.377+0000] {processor.py:208} INFO - Processing /home/airflow/.local/lib/python3.12/site-packages/airflow/example_dags/example_task_group.py took 0.091 seconds
[2025-03-18T23:20:59.542+0000] {processor.py:186} INFO - Started process (PID=4340) to work on /home/airflow/.local/lib/python3.12/site-packages/airflow/example_dags/example_task_group.py
[2025-03-18T23:20:59.543+0000] {processor.py:914} INFO - Processing file /home/airflow/.local/lib/python3.12/site-packages/airflow/example_dags/example_task_group.py for tasks to queue
[2025-03-18T23:20:59.545+0000] {logging_mixin.py:190} INFO - [2025-03-18T23:20:59.544+0000] {dagbag.py:588} INFO - Filling up the DagBag from /home/airflow/.local/lib/python3.12/site-packages/airflow/example_dags/example_task_group.py
[2025-03-18T23:20:59.561+0000] {processor.py:925} INFO - DAG(s) 'example_task_group' retrieved from /home/airflow/.local/lib/python3.12/site-packages/airflow/example_dags/example_task_group.py
[2025-03-18T23:20:59.583+0000] {logging_mixin.py:190} INFO - [2025-03-18T23:20:59.583+0000] {dag.py:3239} INFO - Sync 1 DAGs
[2025-03-18T23:20:59.599+0000] {logging_mixin.py:190} INFO - [2025-03-18T23:20:59.599+0000] {dag.py:4180} INFO - Setting next_dagrun for example_task_group to None, run_after=None
[2025-03-18T23:20:59.623+0000] {processor.py:208} INFO - Processing /home/airflow/.local/lib/python3.12/site-packages/airflow/example_dags/example_task_group.py took 0.087 seconds
[2025-03-18T23:21:30.022+0000] {processor.py:186} INFO - Started process (PID=4403) to work on /home/airflow/.local/lib/python3.12/site-packages/airflow/example_dags/example_task_group.py
[2025-03-18T23:21:30.030+0000] {processor.py:914} INFO - Processing file /home/airflow/.local/lib/python3.12/site-packages/airflow/example_dags/example_task_group.py for tasks to queue
[2025-03-18T23:21:30.032+0000] {logging_mixin.py:190} INFO - [2025-03-18T23:21:30.032+0000] {dagbag.py:588} INFO - Filling up the DagBag from /home/airflow/.local/lib/python3.12/site-packages/airflow/example_dags/example_task_group.py
[2025-03-18T23:21:30.044+0000] {processor.py:925} INFO - DAG(s) 'example_task_group' retrieved from /home/airflow/.local/lib/python3.12/site-packages/airflow/example_dags/example_task_group.py
[2025-03-18T23:21:30.066+0000] {logging_mixin.py:190} INFO - [2025-03-18T23:21:30.066+0000] {dag.py:3239} INFO - Sync 1 DAGs
[2025-03-18T23:21:30.080+0000] {logging_mixin.py:190} INFO - [2025-03-18T23:21:30.079+0000] {dag.py:4180} INFO - Setting next_dagrun for example_task_group to None, run_after=None
[2025-03-18T23:21:30.100+0000] {processor.py:208} INFO - Processing /home/airflow/.local/lib/python3.12/site-packages/airflow/example_dags/example_task_group.py took 0.084 seconds
[2025-03-18T23:22:00.383+0000] {processor.py:186} INFO - Started process (PID=4460) to work on /home/airflow/.local/lib/python3.12/site-packages/airflow/example_dags/example_task_group.py
[2025-03-18T23:22:00.384+0000] {processor.py:914} INFO - Processing file /home/airflow/.local/lib/python3.12/site-packages/airflow/example_dags/example_task_group.py for tasks to queue
[2025-03-18T23:22:00.391+0000] {logging_mixin.py:190} INFO - [2025-03-18T23:22:00.390+0000] {dagbag.py:588} INFO - Filling up the DagBag from /home/airflow/.local/lib/python3.12/site-packages/airflow/example_dags/example_task_group.py
[2025-03-18T23:22:00.403+0000] {processor.py:925} INFO - DAG(s) 'example_task_group' retrieved from /home/airflow/.local/lib/python3.12/site-packages/airflow/example_dags/example_task_group.py
[2025-03-18T23:22:00.422+0000] {logging_mixin.py:190} INFO - [2025-03-18T23:22:00.422+0000] {dag.py:3239} INFO - Sync 1 DAGs
[2025-03-18T23:22:00.436+0000] {logging_mixin.py:190} INFO - [2025-03-18T23:22:00.436+0000] {dag.py:4180} INFO - Setting next_dagrun for example_task_group to None, run_after=None
[2025-03-18T23:22:00.455+0000] {processor.py:208} INFO - Processing /home/airflow/.local/lib/python3.12/site-packages/airflow/example_dags/example_task_group.py took 0.078 seconds
[2025-03-18T23:22:30.753+0000] {processor.py:186} INFO - Started process (PID=4523) to work on /home/airflow/.local/lib/python3.12/site-packages/airflow/example_dags/example_task_group.py
[2025-03-18T23:22:30.754+0000] {processor.py:914} INFO - Processing file /home/airflow/.local/lib/python3.12/site-packages/airflow/example_dags/example_task_group.py for tasks to queue
[2025-03-18T23:22:30.761+0000] {logging_mixin.py:190} INFO - [2025-03-18T23:22:30.761+0000] {dagbag.py:588} INFO - Filling up the DagBag from /home/airflow/.local/lib/python3.12/site-packages/airflow/example_dags/example_task_group.py
[2025-03-18T23:22:30.773+0000] {processor.py:925} INFO - DAG(s) 'example_task_group' retrieved from /home/airflow/.local/lib/python3.12/site-packages/airflow/example_dags/example_task_group.py
[2025-03-18T23:22:30.796+0000] {logging_mixin.py:190} INFO - [2025-03-18T23:22:30.795+0000] {dag.py:3239} INFO - Sync 1 DAGs
[2025-03-18T23:22:30.810+0000] {logging_mixin.py:190} INFO - [2025-03-18T23:22:30.810+0000] {dag.py:4180} INFO - Setting next_dagrun for example_task_group to None, run_after=None
[2025-03-18T23:22:30.843+0000] {processor.py:208} INFO - Processing /home/airflow/.local/lib/python3.12/site-packages/airflow/example_dags/example_task_group.py took 0.100 seconds
[2025-03-18T23:23:01.443+0000] {processor.py:186} INFO - Started process (PID=4587) to work on /home/airflow/.local/lib/python3.12/site-packages/airflow/example_dags/example_task_group.py
[2025-03-18T23:23:01.444+0000] {processor.py:914} INFO - Processing file /home/airflow/.local/lib/python3.12/site-packages/airflow/example_dags/example_task_group.py for tasks to queue
[2025-03-18T23:23:01.446+0000] {logging_mixin.py:190} INFO - [2025-03-18T23:23:01.445+0000] {dagbag.py:588} INFO - Filling up the DagBag from /home/airflow/.local/lib/python3.12/site-packages/airflow/example_dags/example_task_group.py
[2025-03-18T23:23:01.459+0000] {processor.py:925} INFO - DAG(s) 'example_task_group' retrieved from /home/airflow/.local/lib/python3.12/site-packages/airflow/example_dags/example_task_group.py
[2025-03-18T23:23:01.488+0000] {logging_mixin.py:190} INFO - [2025-03-18T23:23:01.488+0000] {dag.py:3239} INFO - Sync 1 DAGs
[2025-03-18T23:23:01.505+0000] {logging_mixin.py:190} INFO - [2025-03-18T23:23:01.505+0000] {dag.py:4180} INFO - Setting next_dagrun for example_task_group to None, run_after=None
[2025-03-18T23:23:01.528+0000] {processor.py:208} INFO - Processing /home/airflow/.local/lib/python3.12/site-packages/airflow/example_dags/example_task_group.py took 0.096 seconds
[2025-03-18T23:23:31.610+0000] {processor.py:186} INFO - Started process (PID=4650) to work on /home/airflow/.local/lib/python3.12/site-packages/airflow/example_dags/example_task_group.py
[2025-03-18T23:23:31.618+0000] {processor.py:914} INFO - Processing file /home/airflow/.local/lib/python3.12/site-packages/airflow/example_dags/example_task_group.py for tasks to queue
[2025-03-18T23:23:31.621+0000] {logging_mixin.py:190} INFO - [2025-03-18T23:23:31.621+0000] {dagbag.py:588} INFO - Filling up the DagBag from /home/airflow/.local/lib/python3.12/site-packages/airflow/example_dags/example_task_group.py
[2025-03-18T23:23:31.640+0000] {processor.py:925} INFO - DAG(s) 'example_task_group' retrieved from /home/airflow/.local/lib/python3.12/site-packages/airflow/example_dags/example_task_group.py
[2025-03-18T23:23:31.691+0000] {logging_mixin.py:190} INFO - [2025-03-18T23:23:31.691+0000] {dag.py:3239} INFO - Sync 1 DAGs
[2025-03-18T23:23:31.719+0000] {logging_mixin.py:190} INFO - [2025-03-18T23:23:31.719+0000] {dag.py:4180} INFO - Setting next_dagrun for example_task_group to None, run_after=None
[2025-03-18T23:23:31.761+0000] {processor.py:208} INFO - Processing /home/airflow/.local/lib/python3.12/site-packages/airflow/example_dags/example_task_group.py took 0.163 seconds
[2025-03-18T23:24:02.222+0000] {processor.py:186} INFO - Started process (PID=4713) to work on /home/airflow/.local/lib/python3.12/site-packages/airflow/example_dags/example_task_group.py
[2025-03-18T23:24:02.223+0000] {processor.py:914} INFO - Processing file /home/airflow/.local/lib/python3.12/site-packages/airflow/example_dags/example_task_group.py for tasks to queue
[2025-03-18T23:24:04.540+0000] {logging_mixin.py:190} INFO - [2025-03-18T23:24:04.539+0000] {dagbag.py:588} INFO - Filling up the DagBag from /home/airflow/.local/lib/python3.12/site-packages/airflow/example_dags/example_task_group.py
[2025-03-18T23:24:04.549+0000] {processor.py:925} INFO - DAG(s) 'example_task_group' retrieved from /home/airflow/.local/lib/python3.12/site-packages/airflow/example_dags/example_task_group.py
[2025-03-18T23:24:04.570+0000] {logging_mixin.py:190} INFO - [2025-03-18T23:24:04.570+0000] {dag.py:3239} INFO - Sync 1 DAGs
[2025-03-18T23:24:04.587+0000] {logging_mixin.py:190} INFO - [2025-03-18T23:24:04.587+0000] {dag.py:4180} INFO - Setting next_dagrun for example_task_group to None, run_after=None
[2025-03-18T23:24:04.608+0000] {processor.py:208} INFO - Processing /home/airflow/.local/lib/python3.12/site-packages/airflow/example_dags/example_task_group.py took 0.079 seconds
