[2025-03-18T22:44:58.525+0000] {processor.py:186} INFO - Started process (PID=83) to work on /home/airflow/.local/lib/python3.12/site-packages/airflow/example_dags/example_dag_decorator.py
[2025-03-18T22:44:58.539+0000] {processor.py:914} INFO - Processing file /home/airflow/.local/lib/python3.12/site-packages/airflow/example_dags/example_dag_decorator.py for tasks to queue
[2025-03-18T22:44:58.553+0000] {logging_mixin.py:190} INFO - [2025-03-18T22:44:58.552+0000] {dagbag.py:588} INFO - Filling up the DagBag from /home/airflow/.local/lib/python3.12/site-packages/airflow/example_dags/example_dag_decorator.py
[2025-03-18T22:45:03.757+0000] {processor.py:925} INFO - DAG(s) 'example_dag_decorator' retrieved from /home/airflow/.local/lib/python3.12/site-packages/airflow/example_dags/example_dag_decorator.py
[2025-03-18T22:45:04.458+0000] {logging_mixin.py:190} INFO - [2025-03-18T22:45:04.457+0000] {override.py:1912} INFO - Created Permission View: can read on DAG:example_dag_decorator
[2025-03-18T22:45:04.536+0000] {logging_mixin.py:190} INFO - [2025-03-18T22:45:04.536+0000] {override.py:1912} INFO - Created Permission View: can edit on DAG:example_dag_decorator
[2025-03-18T22:45:04.575+0000] {logging_mixin.py:190} INFO - [2025-03-18T22:45:04.574+0000] {override.py:1912} INFO - Created Permission View: can delete on DAG:example_dag_decorator
[2025-03-18T22:45:04.613+0000] {logging_mixin.py:190} INFO - [2025-03-18T22:45:04.612+0000] {override.py:1912} INFO - Created Permission View: can read on DAG Run:example_dag_decorator
[2025-03-18T22:45:04.642+0000] {logging_mixin.py:190} INFO - [2025-03-18T22:45:04.641+0000] {override.py:1912} INFO - Created Permission View: can delete on DAG Run:example_dag_decorator
[2025-03-18T22:45:04.667+0000] {logging_mixin.py:190} INFO - [2025-03-18T22:45:04.667+0000] {override.py:1912} INFO - Created Permission View: can create on DAG Run:example_dag_decorator
[2025-03-18T22:45:04.711+0000] {logging_mixin.py:190} INFO - [2025-03-18T22:45:04.711+0000] {override.py:1912} INFO - Created Permission View: menu access on DAG Run:example_dag_decorator
[2025-03-18T22:45:04.712+0000] {logging_mixin.py:190} INFO - [2025-03-18T22:45:04.712+0000] {dag.py:3239} INFO - Sync 1 DAGs
[2025-03-18T22:45:04.782+0000] {logging_mixin.py:190} INFO - [2025-03-18T22:45:04.782+0000] {dag.py:3262} INFO - Creating ORM DAG for example_dag_decorator
[2025-03-18T22:45:04.793+0000] {logging_mixin.py:190} INFO - [2025-03-18T22:45:04.793+0000] {dag.py:4180} INFO - Setting next_dagrun for example_dag_decorator to None, run_after=None
[2025-03-18T22:45:04.898+0000] {processor.py:208} INFO - Processing /home/airflow/.local/lib/python3.12/site-packages/airflow/example_dags/example_dag_decorator.py took 3.903 seconds
[2025-03-18T22:46:12.648+0000] {processor.py:186} INFO - Started process (PID=153) to work on /home/airflow/.local/lib/python3.12/site-packages/airflow/example_dags/example_dag_decorator.py
[2025-03-18T22:46:12.650+0000] {processor.py:914} INFO - Processing file /home/airflow/.local/lib/python3.12/site-packages/airflow/example_dags/example_dag_decorator.py for tasks to queue
[2025-03-18T22:46:12.653+0000] {logging_mixin.py:190} INFO - [2025-03-18T22:46:12.653+0000] {dagbag.py:588} INFO - Filling up the DagBag from /home/airflow/.local/lib/python3.12/site-packages/airflow/example_dags/example_dag_decorator.py
[2025-03-18T22:46:12.946+0000] {processor.py:925} INFO - DAG(s) 'example_dag_decorator' retrieved from /home/airflow/.local/lib/python3.12/site-packages/airflow/example_dags/example_dag_decorator.py
[2025-03-18T22:46:13.121+0000] {logging_mixin.py:190} INFO - [2025-03-18T22:46:13.121+0000] {dag.py:3239} INFO - Sync 1 DAGs
[2025-03-18T22:46:13.141+0000] {logging_mixin.py:190} INFO - [2025-03-18T22:46:13.140+0000] {dag.py:4180} INFO - Setting next_dagrun for example_dag_decorator to None, run_after=None
[2025-03-18T22:46:13.171+0000] {processor.py:208} INFO - Processing /home/airflow/.local/lib/python3.12/site-packages/airflow/example_dags/example_dag_decorator.py took 0.533 seconds
[2025-03-18T22:46:43.430+0000] {processor.py:186} INFO - Started process (PID=216) to work on /home/airflow/.local/lib/python3.12/site-packages/airflow/example_dags/example_dag_decorator.py
[2025-03-18T22:46:43.439+0000] {processor.py:914} INFO - Processing file /home/airflow/.local/lib/python3.12/site-packages/airflow/example_dags/example_dag_decorator.py for tasks to queue
[2025-03-18T22:46:43.443+0000] {logging_mixin.py:190} INFO - [2025-03-18T22:46:43.443+0000] {dagbag.py:588} INFO - Filling up the DagBag from /home/airflow/.local/lib/python3.12/site-packages/airflow/example_dags/example_dag_decorator.py
[2025-03-18T22:46:43.641+0000] {processor.py:925} INFO - DAG(s) 'example_dag_decorator' retrieved from /home/airflow/.local/lib/python3.12/site-packages/airflow/example_dags/example_dag_decorator.py
[2025-03-18T22:46:43.700+0000] {logging_mixin.py:190} INFO - [2025-03-18T22:46:43.699+0000] {dag.py:3239} INFO - Sync 1 DAGs
[2025-03-18T22:46:43.729+0000] {logging_mixin.py:190} INFO - [2025-03-18T22:46:43.729+0000] {dag.py:4180} INFO - Setting next_dagrun for example_dag_decorator to None, run_after=None
[2025-03-18T22:46:43.770+0000] {processor.py:208} INFO - Processing /home/airflow/.local/lib/python3.12/site-packages/airflow/example_dags/example_dag_decorator.py took 0.365 seconds
[2025-03-18T22:47:16.473+0000] {processor.py:186} INFO - Started process (PID=279) to work on /home/airflow/.local/lib/python3.12/site-packages/airflow/example_dags/example_dag_decorator.py
[2025-03-18T22:47:16.482+0000] {processor.py:914} INFO - Processing file /home/airflow/.local/lib/python3.12/site-packages/airflow/example_dags/example_dag_decorator.py for tasks to queue
[2025-03-18T22:47:16.496+0000] {logging_mixin.py:190} INFO - [2025-03-18T22:47:16.496+0000] {dagbag.py:588} INFO - Filling up the DagBag from /home/airflow/.local/lib/python3.12/site-packages/airflow/example_dags/example_dag_decorator.py
[2025-03-18T22:47:16.996+0000] {processor.py:925} INFO - DAG(s) 'example_dag_decorator' retrieved from /home/airflow/.local/lib/python3.12/site-packages/airflow/example_dags/example_dag_decorator.py
[2025-03-18T22:47:17.225+0000] {logging_mixin.py:190} INFO - [2025-03-18T22:47:17.215+0000] {dag.py:3239} INFO - Sync 1 DAGs
[2025-03-18T22:47:17.466+0000] {logging_mixin.py:190} INFO - [2025-03-18T22:47:17.465+0000] {dag.py:4180} INFO - Setting next_dagrun for example_dag_decorator to None, run_after=None
[2025-03-18T22:47:17.641+0000] {processor.py:208} INFO - Processing /home/airflow/.local/lib/python3.12/site-packages/airflow/example_dags/example_dag_decorator.py took 1.197 seconds
[2025-03-18T22:47:47.842+0000] {processor.py:186} INFO - Started process (PID=341) to work on /home/airflow/.local/lib/python3.12/site-packages/airflow/example_dags/example_dag_decorator.py
[2025-03-18T22:47:47.843+0000] {processor.py:914} INFO - Processing file /home/airflow/.local/lib/python3.12/site-packages/airflow/example_dags/example_dag_decorator.py for tasks to queue
[2025-03-18T22:47:47.846+0000] {logging_mixin.py:190} INFO - [2025-03-18T22:47:47.846+0000] {dagbag.py:588} INFO - Filling up the DagBag from /home/airflow/.local/lib/python3.12/site-packages/airflow/example_dags/example_dag_decorator.py
[2025-03-18T22:47:47.966+0000] {processor.py:925} INFO - DAG(s) 'example_dag_decorator' retrieved from /home/airflow/.local/lib/python3.12/site-packages/airflow/example_dags/example_dag_decorator.py
[2025-03-18T22:47:48.255+0000] {logging_mixin.py:190} INFO - [2025-03-18T22:47:48.254+0000] {dag.py:3239} INFO - Sync 1 DAGs
[2025-03-18T22:47:48.270+0000] {logging_mixin.py:190} INFO - [2025-03-18T22:47:48.270+0000] {dag.py:4180} INFO - Setting next_dagrun for example_dag_decorator to None, run_after=None
[2025-03-18T22:47:48.308+0000] {processor.py:208} INFO - Processing /home/airflow/.local/lib/python3.12/site-packages/airflow/example_dags/example_dag_decorator.py took 0.473 seconds
[2025-03-18T22:48:18.935+0000] {processor.py:186} INFO - Started process (PID=404) to work on /home/airflow/.local/lib/python3.12/site-packages/airflow/example_dags/example_dag_decorator.py
[2025-03-18T22:48:18.937+0000] {processor.py:914} INFO - Processing file /home/airflow/.local/lib/python3.12/site-packages/airflow/example_dags/example_dag_decorator.py for tasks to queue
[2025-03-18T22:48:18.941+0000] {logging_mixin.py:190} INFO - [2025-03-18T22:48:18.941+0000] {dagbag.py:588} INFO - Filling up the DagBag from /home/airflow/.local/lib/python3.12/site-packages/airflow/example_dags/example_dag_decorator.py
[2025-03-18T22:48:19.079+0000] {processor.py:925} INFO - DAG(s) 'example_dag_decorator' retrieved from /home/airflow/.local/lib/python3.12/site-packages/airflow/example_dags/example_dag_decorator.py
[2025-03-18T22:48:19.213+0000] {logging_mixin.py:190} INFO - [2025-03-18T22:48:19.212+0000] {dag.py:3239} INFO - Sync 1 DAGs
[2025-03-18T22:48:19.226+0000] {logging_mixin.py:190} INFO - [2025-03-18T22:48:19.226+0000] {dag.py:4180} INFO - Setting next_dagrun for example_dag_decorator to None, run_after=None
[2025-03-18T22:48:19.247+0000] {processor.py:208} INFO - Processing /home/airflow/.local/lib/python3.12/site-packages/airflow/example_dags/example_dag_decorator.py took 0.322 seconds
[2025-03-18T22:48:50.125+0000] {processor.py:186} INFO - Started process (PID=467) to work on /home/airflow/.local/lib/python3.12/site-packages/airflow/example_dags/example_dag_decorator.py
[2025-03-18T22:48:50.126+0000] {processor.py:914} INFO - Processing file /home/airflow/.local/lib/python3.12/site-packages/airflow/example_dags/example_dag_decorator.py for tasks to queue
[2025-03-18T22:48:50.131+0000] {logging_mixin.py:190} INFO - [2025-03-18T22:48:50.130+0000] {dagbag.py:588} INFO - Filling up the DagBag from /home/airflow/.local/lib/python3.12/site-packages/airflow/example_dags/example_dag_decorator.py
[2025-03-18T22:48:50.291+0000] {processor.py:925} INFO - DAG(s) 'example_dag_decorator' retrieved from /home/airflow/.local/lib/python3.12/site-packages/airflow/example_dags/example_dag_decorator.py
[2025-03-18T22:48:50.481+0000] {logging_mixin.py:190} INFO - [2025-03-18T22:48:50.481+0000] {dag.py:3239} INFO - Sync 1 DAGs
[2025-03-18T22:48:50.515+0000] {logging_mixin.py:190} INFO - [2025-03-18T22:48:50.515+0000] {dag.py:4180} INFO - Setting next_dagrun for example_dag_decorator to None, run_after=None
[2025-03-18T22:48:50.551+0000] {processor.py:208} INFO - Processing /home/airflow/.local/lib/python3.12/site-packages/airflow/example_dags/example_dag_decorator.py took 0.434 seconds
[2025-03-18T22:49:25.011+0000] {processor.py:186} INFO - Started process (PID=529) to work on /home/airflow/.local/lib/python3.12/site-packages/airflow/example_dags/example_dag_decorator.py
[2025-03-18T22:49:25.030+0000] {processor.py:914} INFO - Processing file /home/airflow/.local/lib/python3.12/site-packages/airflow/example_dags/example_dag_decorator.py for tasks to queue
[2025-03-18T22:49:25.034+0000] {logging_mixin.py:190} INFO - [2025-03-18T22:49:25.033+0000] {dagbag.py:588} INFO - Filling up the DagBag from /home/airflow/.local/lib/python3.12/site-packages/airflow/example_dags/example_dag_decorator.py
[2025-03-18T22:49:25.285+0000] {processor.py:925} INFO - DAG(s) 'example_dag_decorator' retrieved from /home/airflow/.local/lib/python3.12/site-packages/airflow/example_dags/example_dag_decorator.py
[2025-03-18T22:49:25.484+0000] {logging_mixin.py:190} INFO - [2025-03-18T22:49:25.484+0000] {dag.py:3239} INFO - Sync 1 DAGs
[2025-03-18T22:49:25.507+0000] {logging_mixin.py:190} INFO - [2025-03-18T22:49:25.507+0000] {dag.py:4180} INFO - Setting next_dagrun for example_dag_decorator to None, run_after=None
[2025-03-18T22:49:25.545+0000] {processor.py:208} INFO - Processing /home/airflow/.local/lib/python3.12/site-packages/airflow/example_dags/example_dag_decorator.py took 0.558 seconds
[2025-03-18T22:49:56.944+0000] {processor.py:186} INFO - Started process (PID=591) to work on /home/airflow/.local/lib/python3.12/site-packages/airflow/example_dags/example_dag_decorator.py
[2025-03-18T22:49:56.946+0000] {processor.py:914} INFO - Processing file /home/airflow/.local/lib/python3.12/site-packages/airflow/example_dags/example_dag_decorator.py for tasks to queue
[2025-03-18T22:49:56.949+0000] {logging_mixin.py:190} INFO - [2025-03-18T22:49:56.949+0000] {dagbag.py:588} INFO - Filling up the DagBag from /home/airflow/.local/lib/python3.12/site-packages/airflow/example_dags/example_dag_decorator.py
[2025-03-18T22:49:57.193+0000] {processor.py:925} INFO - DAG(s) 'example_dag_decorator' retrieved from /home/airflow/.local/lib/python3.12/site-packages/airflow/example_dags/example_dag_decorator.py
[2025-03-18T22:49:57.509+0000] {logging_mixin.py:190} INFO - [2025-03-18T22:49:57.509+0000] {dag.py:3239} INFO - Sync 1 DAGs
[2025-03-18T22:49:57.541+0000] {logging_mixin.py:190} INFO - [2025-03-18T22:49:57.541+0000] {dag.py:4180} INFO - Setting next_dagrun for example_dag_decorator to None, run_after=None
[2025-03-18T22:49:57.612+0000] {processor.py:208} INFO - Processing /home/airflow/.local/lib/python3.12/site-packages/airflow/example_dags/example_dag_decorator.py took 0.680 seconds
[2025-03-18T22:50:30.132+0000] {processor.py:186} INFO - Started process (PID=654) to work on /home/airflow/.local/lib/python3.12/site-packages/airflow/example_dags/example_dag_decorator.py
[2025-03-18T22:50:30.150+0000] {processor.py:914} INFO - Processing file /home/airflow/.local/lib/python3.12/site-packages/airflow/example_dags/example_dag_decorator.py for tasks to queue
[2025-03-18T22:50:30.153+0000] {logging_mixin.py:190} INFO - [2025-03-18T22:50:30.152+0000] {dagbag.py:588} INFO - Filling up the DagBag from /home/airflow/.local/lib/python3.12/site-packages/airflow/example_dags/example_dag_decorator.py
[2025-03-18T22:50:30.363+0000] {processor.py:925} INFO - DAG(s) 'example_dag_decorator' retrieved from /home/airflow/.local/lib/python3.12/site-packages/airflow/example_dags/example_dag_decorator.py
[2025-03-18T22:50:30.607+0000] {logging_mixin.py:190} INFO - [2025-03-18T22:50:30.607+0000] {dag.py:3239} INFO - Sync 1 DAGs
[2025-03-18T22:50:30.625+0000] {logging_mixin.py:190} INFO - [2025-03-18T22:50:30.625+0000] {dag.py:4180} INFO - Setting next_dagrun for example_dag_decorator to None, run_after=None
[2025-03-18T22:50:30.658+0000] {processor.py:208} INFO - Processing /home/airflow/.local/lib/python3.12/site-packages/airflow/example_dags/example_dag_decorator.py took 0.543 seconds
[2025-03-18T22:51:00.774+0000] {processor.py:186} INFO - Started process (PID=717) to work on /home/airflow/.local/lib/python3.12/site-packages/airflow/example_dags/example_dag_decorator.py
[2025-03-18T22:51:00.776+0000] {processor.py:914} INFO - Processing file /home/airflow/.local/lib/python3.12/site-packages/airflow/example_dags/example_dag_decorator.py for tasks to queue
[2025-03-18T22:51:00.782+0000] {logging_mixin.py:190} INFO - [2025-03-18T22:51:00.782+0000] {dagbag.py:588} INFO - Filling up the DagBag from /home/airflow/.local/lib/python3.12/site-packages/airflow/example_dags/example_dag_decorator.py
[2025-03-18T22:51:01.085+0000] {processor.py:925} INFO - DAG(s) 'example_dag_decorator' retrieved from /home/airflow/.local/lib/python3.12/site-packages/airflow/example_dags/example_dag_decorator.py
[2025-03-18T22:51:01.364+0000] {logging_mixin.py:190} INFO - [2025-03-18T22:51:01.363+0000] {dag.py:3239} INFO - Sync 1 DAGs
[2025-03-18T22:51:01.397+0000] {logging_mixin.py:190} INFO - [2025-03-18T22:51:01.397+0000] {dag.py:4180} INFO - Setting next_dagrun for example_dag_decorator to None, run_after=None
[2025-03-18T22:51:01.504+0000] {processor.py:208} INFO - Processing /home/airflow/.local/lib/python3.12/site-packages/airflow/example_dags/example_dag_decorator.py took 0.747 seconds
[2025-03-18T22:51:31.610+0000] {processor.py:186} INFO - Started process (PID=779) to work on /home/airflow/.local/lib/python3.12/site-packages/airflow/example_dags/example_dag_decorator.py
[2025-03-18T22:51:31.613+0000] {processor.py:914} INFO - Processing file /home/airflow/.local/lib/python3.12/site-packages/airflow/example_dags/example_dag_decorator.py for tasks to queue
[2025-03-18T22:51:31.617+0000] {logging_mixin.py:190} INFO - [2025-03-18T22:51:31.616+0000] {dagbag.py:588} INFO - Filling up the DagBag from /home/airflow/.local/lib/python3.12/site-packages/airflow/example_dags/example_dag_decorator.py
[2025-03-18T22:51:31.972+0000] {processor.py:925} INFO - DAG(s) 'example_dag_decorator' retrieved from /home/airflow/.local/lib/python3.12/site-packages/airflow/example_dags/example_dag_decorator.py
[2025-03-18T22:51:32.150+0000] {logging_mixin.py:190} INFO - [2025-03-18T22:51:32.149+0000] {dag.py:3239} INFO - Sync 1 DAGs
[2025-03-18T22:51:32.164+0000] {logging_mixin.py:190} INFO - [2025-03-18T22:51:32.164+0000] {dag.py:4180} INFO - Setting next_dagrun for example_dag_decorator to None, run_after=None
[2025-03-18T22:51:32.199+0000] {processor.py:208} INFO - Processing /home/airflow/.local/lib/python3.12/site-packages/airflow/example_dags/example_dag_decorator.py took 0.603 seconds
[2025-03-18T22:52:02.341+0000] {processor.py:186} INFO - Started process (PID=843) to work on /home/airflow/.local/lib/python3.12/site-packages/airflow/example_dags/example_dag_decorator.py
[2025-03-18T22:52:02.342+0000] {processor.py:914} INFO - Processing file /home/airflow/.local/lib/python3.12/site-packages/airflow/example_dags/example_dag_decorator.py for tasks to queue
[2025-03-18T22:52:02.345+0000] {logging_mixin.py:190} INFO - [2025-03-18T22:52:02.345+0000] {dagbag.py:588} INFO - Filling up the DagBag from /home/airflow/.local/lib/python3.12/site-packages/airflow/example_dags/example_dag_decorator.py
[2025-03-18T22:52:02.483+0000] {processor.py:925} INFO - DAG(s) 'example_dag_decorator' retrieved from /home/airflow/.local/lib/python3.12/site-packages/airflow/example_dags/example_dag_decorator.py
[2025-03-18T22:52:02.649+0000] {logging_mixin.py:190} INFO - [2025-03-18T22:52:02.648+0000] {dag.py:3239} INFO - Sync 1 DAGs
[2025-03-18T22:52:02.664+0000] {logging_mixin.py:190} INFO - [2025-03-18T22:52:02.664+0000] {dag.py:4180} INFO - Setting next_dagrun for example_dag_decorator to None, run_after=None
[2025-03-18T22:52:02.708+0000] {processor.py:208} INFO - Processing /home/airflow/.local/lib/python3.12/site-packages/airflow/example_dags/example_dag_decorator.py took 0.377 seconds
[2025-03-18T22:52:33.073+0000] {processor.py:186} INFO - Started process (PID=906) to work on /home/airflow/.local/lib/python3.12/site-packages/airflow/example_dags/example_dag_decorator.py
[2025-03-18T22:52:33.074+0000] {processor.py:914} INFO - Processing file /home/airflow/.local/lib/python3.12/site-packages/airflow/example_dags/example_dag_decorator.py for tasks to queue
[2025-03-18T22:52:33.078+0000] {logging_mixin.py:190} INFO - [2025-03-18T22:52:33.077+0000] {dagbag.py:588} INFO - Filling up the DagBag from /home/airflow/.local/lib/python3.12/site-packages/airflow/example_dags/example_dag_decorator.py
[2025-03-18T22:52:33.514+0000] {processor.py:925} INFO - DAG(s) 'example_dag_decorator' retrieved from /home/airflow/.local/lib/python3.12/site-packages/airflow/example_dags/example_dag_decorator.py
[2025-03-18T22:52:33.778+0000] {logging_mixin.py:190} INFO - [2025-03-18T22:52:33.778+0000] {dag.py:3239} INFO - Sync 1 DAGs
[2025-03-18T22:52:33.822+0000] {logging_mixin.py:190} INFO - [2025-03-18T22:52:33.822+0000] {dag.py:4180} INFO - Setting next_dagrun for example_dag_decorator to None, run_after=None
[2025-03-18T22:52:33.930+0000] {processor.py:208} INFO - Processing /home/airflow/.local/lib/python3.12/site-packages/airflow/example_dags/example_dag_decorator.py took 0.889 seconds
[2025-03-18T22:53:04.179+0000] {processor.py:186} INFO - Started process (PID=968) to work on /home/airflow/.local/lib/python3.12/site-packages/airflow/example_dags/example_dag_decorator.py
[2025-03-18T22:53:04.181+0000] {processor.py:914} INFO - Processing file /home/airflow/.local/lib/python3.12/site-packages/airflow/example_dags/example_dag_decorator.py for tasks to queue
[2025-03-18T22:53:04.184+0000] {logging_mixin.py:190} INFO - [2025-03-18T22:53:04.184+0000] {dagbag.py:588} INFO - Filling up the DagBag from /home/airflow/.local/lib/python3.12/site-packages/airflow/example_dags/example_dag_decorator.py
[2025-03-18T22:53:04.370+0000] {processor.py:925} INFO - DAG(s) 'example_dag_decorator' retrieved from /home/airflow/.local/lib/python3.12/site-packages/airflow/example_dags/example_dag_decorator.py
[2025-03-18T22:53:04.529+0000] {logging_mixin.py:190} INFO - [2025-03-18T22:53:04.529+0000] {dag.py:3239} INFO - Sync 1 DAGs
[2025-03-18T22:53:04.548+0000] {logging_mixin.py:190} INFO - [2025-03-18T22:53:04.548+0000] {dag.py:4180} INFO - Setting next_dagrun for example_dag_decorator to None, run_after=None
[2025-03-18T22:53:04.577+0000] {processor.py:208} INFO - Processing /home/airflow/.local/lib/python3.12/site-packages/airflow/example_dags/example_dag_decorator.py took 0.409 seconds
[2025-03-18T22:53:35.285+0000] {processor.py:186} INFO - Started process (PID=1031) to work on /home/airflow/.local/lib/python3.12/site-packages/airflow/example_dags/example_dag_decorator.py
[2025-03-18T22:53:35.299+0000] {processor.py:914} INFO - Processing file /home/airflow/.local/lib/python3.12/site-packages/airflow/example_dags/example_dag_decorator.py for tasks to queue
[2025-03-18T22:53:35.302+0000] {logging_mixin.py:190} INFO - [2025-03-18T22:53:35.301+0000] {dagbag.py:588} INFO - Filling up the DagBag from /home/airflow/.local/lib/python3.12/site-packages/airflow/example_dags/example_dag_decorator.py
[2025-03-18T22:53:35.537+0000] {processor.py:925} INFO - DAG(s) 'example_dag_decorator' retrieved from /home/airflow/.local/lib/python3.12/site-packages/airflow/example_dags/example_dag_decorator.py
[2025-03-18T22:53:35.776+0000] {logging_mixin.py:190} INFO - [2025-03-18T22:53:35.775+0000] {dag.py:3239} INFO - Sync 1 DAGs
[2025-03-18T22:53:35.796+0000] {logging_mixin.py:190} INFO - [2025-03-18T22:53:35.796+0000] {dag.py:4180} INFO - Setting next_dagrun for example_dag_decorator to None, run_after=None
[2025-03-18T22:53:35.834+0000] {processor.py:208} INFO - Processing /home/airflow/.local/lib/python3.12/site-packages/airflow/example_dags/example_dag_decorator.py took 0.563 seconds
[2025-03-18T22:54:05.910+0000] {processor.py:186} INFO - Started process (PID=1094) to work on /home/airflow/.local/lib/python3.12/site-packages/airflow/example_dags/example_dag_decorator.py
[2025-03-18T22:54:06.057+0000] {processor.py:914} INFO - Processing file /home/airflow/.local/lib/python3.12/site-packages/airflow/example_dags/example_dag_decorator.py for tasks to queue
[2025-03-18T22:54:06.059+0000] {logging_mixin.py:190} INFO - [2025-03-18T22:54:06.059+0000] {dagbag.py:588} INFO - Filling up the DagBag from /home/airflow/.local/lib/python3.12/site-packages/airflow/example_dags/example_dag_decorator.py
[2025-03-18T22:54:06.176+0000] {processor.py:925} INFO - DAG(s) 'example_dag_decorator' retrieved from /home/airflow/.local/lib/python3.12/site-packages/airflow/example_dags/example_dag_decorator.py
[2025-03-18T22:54:06.335+0000] {logging_mixin.py:190} INFO - [2025-03-18T22:54:06.335+0000] {dag.py:3239} INFO - Sync 1 DAGs
[2025-03-18T22:54:06.349+0000] {logging_mixin.py:190} INFO - [2025-03-18T22:54:06.349+0000] {dag.py:4180} INFO - Setting next_dagrun for example_dag_decorator to None, run_after=None
[2025-03-18T22:54:06.414+0000] {processor.py:208} INFO - Processing /home/airflow/.local/lib/python3.12/site-packages/airflow/example_dags/example_dag_decorator.py took 0.517 seconds
[2025-03-18T22:54:36.918+0000] {processor.py:186} INFO - Started process (PID=1157) to work on /home/airflow/.local/lib/python3.12/site-packages/airflow/example_dags/example_dag_decorator.py
[2025-03-18T22:54:36.919+0000] {processor.py:914} INFO - Processing file /home/airflow/.local/lib/python3.12/site-packages/airflow/example_dags/example_dag_decorator.py for tasks to queue
[2025-03-18T22:54:36.922+0000] {logging_mixin.py:190} INFO - [2025-03-18T22:54:36.922+0000] {dagbag.py:588} INFO - Filling up the DagBag from /home/airflow/.local/lib/python3.12/site-packages/airflow/example_dags/example_dag_decorator.py
[2025-03-18T22:54:37.033+0000] {processor.py:925} INFO - DAG(s) 'example_dag_decorator' retrieved from /home/airflow/.local/lib/python3.12/site-packages/airflow/example_dags/example_dag_decorator.py
[2025-03-18T22:54:37.149+0000] {logging_mixin.py:190} INFO - [2025-03-18T22:54:37.149+0000] {dag.py:3239} INFO - Sync 1 DAGs
[2025-03-18T22:54:37.161+0000] {logging_mixin.py:190} INFO - [2025-03-18T22:54:37.161+0000] {dag.py:4180} INFO - Setting next_dagrun for example_dag_decorator to None, run_after=None
[2025-03-18T22:54:37.183+0000] {processor.py:208} INFO - Processing /home/airflow/.local/lib/python3.12/site-packages/airflow/example_dags/example_dag_decorator.py took 0.284 seconds
[2025-03-18T22:55:07.791+0000] {processor.py:186} INFO - Started process (PID=1220) to work on /home/airflow/.local/lib/python3.12/site-packages/airflow/example_dags/example_dag_decorator.py
[2025-03-18T22:55:07.796+0000] {processor.py:914} INFO - Processing file /home/airflow/.local/lib/python3.12/site-packages/airflow/example_dags/example_dag_decorator.py for tasks to queue
[2025-03-18T22:55:07.800+0000] {logging_mixin.py:190} INFO - [2025-03-18T22:55:07.799+0000] {dagbag.py:588} INFO - Filling up the DagBag from /home/airflow/.local/lib/python3.12/site-packages/airflow/example_dags/example_dag_decorator.py
[2025-03-18T22:55:07.944+0000] {processor.py:925} INFO - DAG(s) 'example_dag_decorator' retrieved from /home/airflow/.local/lib/python3.12/site-packages/airflow/example_dags/example_dag_decorator.py
[2025-03-18T22:55:08.078+0000] {logging_mixin.py:190} INFO - [2025-03-18T22:55:08.077+0000] {dag.py:3239} INFO - Sync 1 DAGs
[2025-03-18T22:55:08.096+0000] {logging_mixin.py:190} INFO - [2025-03-18T22:55:08.096+0000] {dag.py:4180} INFO - Setting next_dagrun for example_dag_decorator to None, run_after=None
[2025-03-18T22:55:08.120+0000] {processor.py:208} INFO - Processing /home/airflow/.local/lib/python3.12/site-packages/airflow/example_dags/example_dag_decorator.py took 0.335 seconds
[2025-03-18T22:55:40.798+0000] {processor.py:186} INFO - Started process (PID=1283) to work on /home/airflow/.local/lib/python3.12/site-packages/airflow/example_dags/example_dag_decorator.py
[2025-03-18T22:55:40.799+0000] {processor.py:914} INFO - Processing file /home/airflow/.local/lib/python3.12/site-packages/airflow/example_dags/example_dag_decorator.py for tasks to queue
[2025-03-18T22:55:40.802+0000] {logging_mixin.py:190} INFO - [2025-03-18T22:55:40.801+0000] {dagbag.py:588} INFO - Filling up the DagBag from /home/airflow/.local/lib/python3.12/site-packages/airflow/example_dags/example_dag_decorator.py
[2025-03-18T22:55:40.939+0000] {processor.py:925} INFO - DAG(s) 'example_dag_decorator' retrieved from /home/airflow/.local/lib/python3.12/site-packages/airflow/example_dags/example_dag_decorator.py
[2025-03-18T22:55:41.078+0000] {logging_mixin.py:190} INFO - [2025-03-18T22:55:41.077+0000] {dag.py:3239} INFO - Sync 1 DAGs
[2025-03-18T22:55:41.098+0000] {logging_mixin.py:190} INFO - [2025-03-18T22:55:41.098+0000] {dag.py:4180} INFO - Setting next_dagrun for example_dag_decorator to None, run_after=None
[2025-03-18T22:55:41.135+0000] {processor.py:208} INFO - Processing /home/airflow/.local/lib/python3.12/site-packages/airflow/example_dags/example_dag_decorator.py took 0.351 seconds
[2025-03-18T22:56:11.440+0000] {processor.py:186} INFO - Started process (PID=1347) to work on /home/airflow/.local/lib/python3.12/site-packages/airflow/example_dags/example_dag_decorator.py
[2025-03-18T22:56:11.452+0000] {processor.py:914} INFO - Processing file /home/airflow/.local/lib/python3.12/site-packages/airflow/example_dags/example_dag_decorator.py for tasks to queue
[2025-03-18T22:56:11.454+0000] {logging_mixin.py:190} INFO - [2025-03-18T22:56:11.454+0000] {dagbag.py:588} INFO - Filling up the DagBag from /home/airflow/.local/lib/python3.12/site-packages/airflow/example_dags/example_dag_decorator.py
[2025-03-18T22:56:11.640+0000] {processor.py:925} INFO - DAG(s) 'example_dag_decorator' retrieved from /home/airflow/.local/lib/python3.12/site-packages/airflow/example_dags/example_dag_decorator.py
[2025-03-18T22:56:11.872+0000] {logging_mixin.py:190} INFO - [2025-03-18T22:56:11.872+0000] {dag.py:3239} INFO - Sync 1 DAGs
[2025-03-18T22:56:11.885+0000] {logging_mixin.py:190} INFO - [2025-03-18T22:56:11.885+0000] {dag.py:4180} INFO - Setting next_dagrun for example_dag_decorator to None, run_after=None
[2025-03-18T22:56:11.928+0000] {processor.py:208} INFO - Processing /home/airflow/.local/lib/python3.12/site-packages/airflow/example_dags/example_dag_decorator.py took 0.495 seconds
[2025-03-18T22:56:42.416+0000] {processor.py:186} INFO - Started process (PID=1410) to work on /home/airflow/.local/lib/python3.12/site-packages/airflow/example_dags/example_dag_decorator.py
[2025-03-18T22:56:42.421+0000] {processor.py:914} INFO - Processing file /home/airflow/.local/lib/python3.12/site-packages/airflow/example_dags/example_dag_decorator.py for tasks to queue
[2025-03-18T22:56:42.426+0000] {logging_mixin.py:190} INFO - [2025-03-18T22:56:42.426+0000] {dagbag.py:588} INFO - Filling up the DagBag from /home/airflow/.local/lib/python3.12/site-packages/airflow/example_dags/example_dag_decorator.py
[2025-03-18T22:56:42.717+0000] {processor.py:925} INFO - DAG(s) 'example_dag_decorator' retrieved from /home/airflow/.local/lib/python3.12/site-packages/airflow/example_dags/example_dag_decorator.py
[2025-03-18T22:56:42.925+0000] {logging_mixin.py:190} INFO - [2025-03-18T22:56:42.925+0000] {dag.py:3239} INFO - Sync 1 DAGs
[2025-03-18T22:56:42.949+0000] {logging_mixin.py:190} INFO - [2025-03-18T22:56:42.949+0000] {dag.py:4180} INFO - Setting next_dagrun for example_dag_decorator to None, run_after=None
[2025-03-18T22:56:43.032+0000] {processor.py:208} INFO - Processing /home/airflow/.local/lib/python3.12/site-packages/airflow/example_dags/example_dag_decorator.py took 0.625 seconds
[2025-03-18T22:57:13.406+0000] {processor.py:186} INFO - Started process (PID=1473) to work on /home/airflow/.local/lib/python3.12/site-packages/airflow/example_dags/example_dag_decorator.py
[2025-03-18T22:57:13.413+0000] {processor.py:914} INFO - Processing file /home/airflow/.local/lib/python3.12/site-packages/airflow/example_dags/example_dag_decorator.py for tasks to queue
[2025-03-18T22:57:13.415+0000] {logging_mixin.py:190} INFO - [2025-03-18T22:57:13.415+0000] {dagbag.py:588} INFO - Filling up the DagBag from /home/airflow/.local/lib/python3.12/site-packages/airflow/example_dags/example_dag_decorator.py
[2025-03-18T22:57:13.551+0000] {processor.py:925} INFO - DAG(s) 'example_dag_decorator' retrieved from /home/airflow/.local/lib/python3.12/site-packages/airflow/example_dags/example_dag_decorator.py
[2025-03-18T22:57:13.680+0000] {logging_mixin.py:190} INFO - [2025-03-18T22:57:13.680+0000] {dag.py:3239} INFO - Sync 1 DAGs
[2025-03-18T22:57:13.698+0000] {logging_mixin.py:190} INFO - [2025-03-18T22:57:13.698+0000] {dag.py:4180} INFO - Setting next_dagrun for example_dag_decorator to None, run_after=None
[2025-03-18T22:57:13.721+0000] {processor.py:208} INFO - Processing /home/airflow/.local/lib/python3.12/site-packages/airflow/example_dags/example_dag_decorator.py took 0.325 seconds
[2025-03-18T22:57:43.835+0000] {processor.py:186} INFO - Started process (PID=1537) to work on /home/airflow/.local/lib/python3.12/site-packages/airflow/example_dags/example_dag_decorator.py
[2025-03-18T22:57:43.837+0000] {processor.py:914} INFO - Processing file /home/airflow/.local/lib/python3.12/site-packages/airflow/example_dags/example_dag_decorator.py for tasks to queue
[2025-03-18T22:57:43.842+0000] {logging_mixin.py:190} INFO - [2025-03-18T22:57:43.841+0000] {dagbag.py:588} INFO - Filling up the DagBag from /home/airflow/.local/lib/python3.12/site-packages/airflow/example_dags/example_dag_decorator.py
[2025-03-18T22:57:43.963+0000] {processor.py:925} INFO - DAG(s) 'example_dag_decorator' retrieved from /home/airflow/.local/lib/python3.12/site-packages/airflow/example_dags/example_dag_decorator.py
[2025-03-18T22:57:43.991+0000] {logging_mixin.py:190} INFO - [2025-03-18T22:57:43.991+0000] {dag.py:3239} INFO - Sync 1 DAGs
[2025-03-18T22:57:44.009+0000] {logging_mixin.py:190} INFO - [2025-03-18T22:57:44.008+0000] {dag.py:4180} INFO - Setting next_dagrun for example_dag_decorator to None, run_after=None
[2025-03-18T22:57:44.036+0000] {processor.py:208} INFO - Processing /home/airflow/.local/lib/python3.12/site-packages/airflow/example_dags/example_dag_decorator.py took 0.208 seconds
[2025-03-18T22:58:14.555+0000] {processor.py:186} INFO - Started process (PID=1599) to work on /home/airflow/.local/lib/python3.12/site-packages/airflow/example_dags/example_dag_decorator.py
[2025-03-18T22:58:14.559+0000] {processor.py:914} INFO - Processing file /home/airflow/.local/lib/python3.12/site-packages/airflow/example_dags/example_dag_decorator.py for tasks to queue
[2025-03-18T22:58:14.561+0000] {logging_mixin.py:190} INFO - [2025-03-18T22:58:14.561+0000] {dagbag.py:588} INFO - Filling up the DagBag from /home/airflow/.local/lib/python3.12/site-packages/airflow/example_dags/example_dag_decorator.py
[2025-03-18T22:58:14.671+0000] {processor.py:925} INFO - DAG(s) 'example_dag_decorator' retrieved from /home/airflow/.local/lib/python3.12/site-packages/airflow/example_dags/example_dag_decorator.py
[2025-03-18T22:58:14.824+0000] {logging_mixin.py:190} INFO - [2025-03-18T22:58:14.824+0000] {dag.py:3239} INFO - Sync 1 DAGs
[2025-03-18T22:58:14.836+0000] {logging_mixin.py:190} INFO - [2025-03-18T22:58:14.836+0000] {dag.py:4180} INFO - Setting next_dagrun for example_dag_decorator to None, run_after=None
[2025-03-18T22:58:14.856+0000] {processor.py:208} INFO - Processing /home/airflow/.local/lib/python3.12/site-packages/airflow/example_dags/example_dag_decorator.py took 0.307 seconds
[2025-03-18T22:58:45.224+0000] {processor.py:186} INFO - Started process (PID=1656) to work on /home/airflow/.local/lib/python3.12/site-packages/airflow/example_dags/example_dag_decorator.py
[2025-03-18T22:58:45.224+0000] {processor.py:914} INFO - Processing file /home/airflow/.local/lib/python3.12/site-packages/airflow/example_dags/example_dag_decorator.py for tasks to queue
[2025-03-18T22:58:45.227+0000] {logging_mixin.py:190} INFO - [2025-03-18T22:58:45.226+0000] {dagbag.py:588} INFO - Filling up the DagBag from /home/airflow/.local/lib/python3.12/site-packages/airflow/example_dags/example_dag_decorator.py
[2025-03-18T22:58:45.335+0000] {processor.py:925} INFO - DAG(s) 'example_dag_decorator' retrieved from /home/airflow/.local/lib/python3.12/site-packages/airflow/example_dags/example_dag_decorator.py
[2025-03-18T22:58:45.472+0000] {logging_mixin.py:190} INFO - [2025-03-18T22:58:45.471+0000] {dag.py:3239} INFO - Sync 1 DAGs
[2025-03-18T22:58:45.484+0000] {logging_mixin.py:190} INFO - [2025-03-18T22:58:45.484+0000] {dag.py:4180} INFO - Setting next_dagrun for example_dag_decorator to None, run_after=None
[2025-03-18T22:58:45.513+0000] {processor.py:208} INFO - Processing /home/airflow/.local/lib/python3.12/site-packages/airflow/example_dags/example_dag_decorator.py took 0.299 seconds
[2025-03-18T22:59:15.825+0000] {processor.py:186} INFO - Started process (PID=1719) to work on /home/airflow/.local/lib/python3.12/site-packages/airflow/example_dags/example_dag_decorator.py
[2025-03-18T22:59:15.855+0000] {processor.py:914} INFO - Processing file /home/airflow/.local/lib/python3.12/site-packages/airflow/example_dags/example_dag_decorator.py for tasks to queue
[2025-03-18T22:59:15.867+0000] {logging_mixin.py:190} INFO - [2025-03-18T22:59:15.866+0000] {dagbag.py:588} INFO - Filling up the DagBag from /home/airflow/.local/lib/python3.12/site-packages/airflow/example_dags/example_dag_decorator.py
[2025-03-18T22:59:16.156+0000] {processor.py:925} INFO - DAG(s) 'example_dag_decorator' retrieved from /home/airflow/.local/lib/python3.12/site-packages/airflow/example_dags/example_dag_decorator.py
[2025-03-18T22:59:16.598+0000] {logging_mixin.py:190} INFO - [2025-03-18T22:59:16.597+0000] {dag.py:3239} INFO - Sync 1 DAGs
[2025-03-18T22:59:16.610+0000] {logging_mixin.py:190} INFO - [2025-03-18T22:59:16.610+0000] {dag.py:4180} INFO - Setting next_dagrun for example_dag_decorator to None, run_after=None
[2025-03-18T22:59:16.646+0000] {processor.py:208} INFO - Processing /home/airflow/.local/lib/python3.12/site-packages/airflow/example_dags/example_dag_decorator.py took 0.831 seconds
[2025-03-18T22:59:47.927+0000] {processor.py:186} INFO - Started process (PID=1782) to work on /home/airflow/.local/lib/python3.12/site-packages/airflow/example_dags/example_dag_decorator.py
[2025-03-18T22:59:47.929+0000] {processor.py:914} INFO - Processing file /home/airflow/.local/lib/python3.12/site-packages/airflow/example_dags/example_dag_decorator.py for tasks to queue
[2025-03-18T22:59:47.932+0000] {logging_mixin.py:190} INFO - [2025-03-18T22:59:47.932+0000] {dagbag.py:588} INFO - Filling up the DagBag from /home/airflow/.local/lib/python3.12/site-packages/airflow/example_dags/example_dag_decorator.py
[2025-03-18T22:59:48.043+0000] {processor.py:925} INFO - DAG(s) 'example_dag_decorator' retrieved from /home/airflow/.local/lib/python3.12/site-packages/airflow/example_dags/example_dag_decorator.py
[2025-03-18T22:59:48.183+0000] {logging_mixin.py:190} INFO - [2025-03-18T22:59:48.182+0000] {dag.py:3239} INFO - Sync 1 DAGs
[2025-03-18T22:59:48.198+0000] {logging_mixin.py:190} INFO - [2025-03-18T22:59:48.198+0000] {dag.py:4180} INFO - Setting next_dagrun for example_dag_decorator to None, run_after=None
[2025-03-18T22:59:48.221+0000] {processor.py:208} INFO - Processing /home/airflow/.local/lib/python3.12/site-packages/airflow/example_dags/example_dag_decorator.py took 0.300 seconds
[2025-03-18T23:00:20.054+0000] {processor.py:186} INFO - Started process (PID=1830) to work on /home/airflow/.local/lib/python3.12/site-packages/airflow/example_dags/example_dag_decorator.py
[2025-03-18T23:00:20.069+0000] {processor.py:914} INFO - Processing file /home/airflow/.local/lib/python3.12/site-packages/airflow/example_dags/example_dag_decorator.py for tasks to queue
[2025-03-18T23:00:20.071+0000] {logging_mixin.py:190} INFO - [2025-03-18T23:00:20.071+0000] {dagbag.py:588} INFO - Filling up the DagBag from /home/airflow/.local/lib/python3.12/site-packages/airflow/example_dags/example_dag_decorator.py
[2025-03-18T23:00:20.243+0000] {processor.py:925} INFO - DAG(s) 'example_dag_decorator' retrieved from /home/airflow/.local/lib/python3.12/site-packages/airflow/example_dags/example_dag_decorator.py
[2025-03-18T23:00:20.475+0000] {logging_mixin.py:190} INFO - [2025-03-18T23:00:20.474+0000] {dag.py:3239} INFO - Sync 1 DAGs
[2025-03-18T23:00:20.488+0000] {logging_mixin.py:190} INFO - [2025-03-18T23:00:20.487+0000] {dag.py:4180} INFO - Setting next_dagrun for example_dag_decorator to None, run_after=None
[2025-03-18T23:00:20.532+0000] {processor.py:208} INFO - Processing /home/airflow/.local/lib/python3.12/site-packages/airflow/example_dags/example_dag_decorator.py took 0.497 seconds
[2025-03-18T23:00:53.971+0000] {processor.py:186} INFO - Started process (PID=1894) to work on /home/airflow/.local/lib/python3.12/site-packages/airflow/example_dags/example_dag_decorator.py
[2025-03-18T23:00:53.973+0000] {processor.py:914} INFO - Processing file /home/airflow/.local/lib/python3.12/site-packages/airflow/example_dags/example_dag_decorator.py for tasks to queue
[2025-03-18T23:00:53.976+0000] {logging_mixin.py:190} INFO - [2025-03-18T23:00:53.976+0000] {dagbag.py:588} INFO - Filling up the DagBag from /home/airflow/.local/lib/python3.12/site-packages/airflow/example_dags/example_dag_decorator.py
[2025-03-18T23:00:54.148+0000] {processor.py:925} INFO - DAG(s) 'example_dag_decorator' retrieved from /home/airflow/.local/lib/python3.12/site-packages/airflow/example_dags/example_dag_decorator.py
[2025-03-18T23:00:54.266+0000] {logging_mixin.py:190} INFO - [2025-03-18T23:00:54.265+0000] {dag.py:3239} INFO - Sync 1 DAGs
[2025-03-18T23:00:54.278+0000] {logging_mixin.py:190} INFO - [2025-03-18T23:00:54.277+0000] {dag.py:4180} INFO - Setting next_dagrun for example_dag_decorator to None, run_after=None
[2025-03-18T23:00:54.320+0000] {processor.py:208} INFO - Processing /home/airflow/.local/lib/python3.12/site-packages/airflow/example_dags/example_dag_decorator.py took 0.361 seconds
[2025-03-18T23:01:24.357+0000] {processor.py:186} INFO - Started process (PID=1959) to work on /home/airflow/.local/lib/python3.12/site-packages/airflow/example_dags/example_dag_decorator.py
[2025-03-18T23:01:24.359+0000] {processor.py:914} INFO - Processing file /home/airflow/.local/lib/python3.12/site-packages/airflow/example_dags/example_dag_decorator.py for tasks to queue
[2025-03-18T23:01:24.362+0000] {logging_mixin.py:190} INFO - [2025-03-18T23:01:24.362+0000] {dagbag.py:588} INFO - Filling up the DagBag from /home/airflow/.local/lib/python3.12/site-packages/airflow/example_dags/example_dag_decorator.py
[2025-03-18T23:01:24.491+0000] {processor.py:925} INFO - DAG(s) 'example_dag_decorator' retrieved from /home/airflow/.local/lib/python3.12/site-packages/airflow/example_dags/example_dag_decorator.py
[2025-03-18T23:01:24.626+0000] {logging_mixin.py:190} INFO - [2025-03-18T23:01:24.626+0000] {dag.py:3239} INFO - Sync 1 DAGs
[2025-03-18T23:01:24.640+0000] {logging_mixin.py:190} INFO - [2025-03-18T23:01:24.640+0000] {dag.py:4180} INFO - Setting next_dagrun for example_dag_decorator to None, run_after=None
[2025-03-18T23:01:24.662+0000] {processor.py:208} INFO - Processing /home/airflow/.local/lib/python3.12/site-packages/airflow/example_dags/example_dag_decorator.py took 0.312 seconds
[2025-03-18T23:01:54.718+0000] {processor.py:186} INFO - Started process (PID=2024) to work on /home/airflow/.local/lib/python3.12/site-packages/airflow/example_dags/example_dag_decorator.py
[2025-03-18T23:01:54.719+0000] {processor.py:914} INFO - Processing file /home/airflow/.local/lib/python3.12/site-packages/airflow/example_dags/example_dag_decorator.py for tasks to queue
[2025-03-18T23:01:54.722+0000] {logging_mixin.py:190} INFO - [2025-03-18T23:01:54.721+0000] {dagbag.py:588} INFO - Filling up the DagBag from /home/airflow/.local/lib/python3.12/site-packages/airflow/example_dags/example_dag_decorator.py
[2025-03-18T23:01:54.813+0000] {processor.py:925} INFO - DAG(s) 'example_dag_decorator' retrieved from /home/airflow/.local/lib/python3.12/site-packages/airflow/example_dags/example_dag_decorator.py
[2025-03-18T23:01:54.923+0000] {logging_mixin.py:190} INFO - [2025-03-18T23:01:54.923+0000] {dag.py:3239} INFO - Sync 1 DAGs
[2025-03-18T23:01:54.934+0000] {logging_mixin.py:190} INFO - [2025-03-18T23:01:54.934+0000] {dag.py:4180} INFO - Setting next_dagrun for example_dag_decorator to None, run_after=None
[2025-03-18T23:01:54.957+0000] {processor.py:208} INFO - Processing /home/airflow/.local/lib/python3.12/site-packages/airflow/example_dags/example_dag_decorator.py took 0.245 seconds
[2025-03-18T23:02:25.029+0000] {processor.py:186} INFO - Started process (PID=2083) to work on /home/airflow/.local/lib/python3.12/site-packages/airflow/example_dags/example_dag_decorator.py
[2025-03-18T23:02:25.036+0000] {processor.py:914} INFO - Processing file /home/airflow/.local/lib/python3.12/site-packages/airflow/example_dags/example_dag_decorator.py for tasks to queue
[2025-03-18T23:02:25.039+0000] {logging_mixin.py:190} INFO - [2025-03-18T23:02:25.038+0000] {dagbag.py:588} INFO - Filling up the DagBag from /home/airflow/.local/lib/python3.12/site-packages/airflow/example_dags/example_dag_decorator.py
[2025-03-18T23:02:25.148+0000] {processor.py:925} INFO - DAG(s) 'example_dag_decorator' retrieved from /home/airflow/.local/lib/python3.12/site-packages/airflow/example_dags/example_dag_decorator.py
[2025-03-18T23:02:25.293+0000] {logging_mixin.py:190} INFO - [2025-03-18T23:02:25.293+0000] {dag.py:3239} INFO - Sync 1 DAGs
[2025-03-18T23:02:25.307+0000] {logging_mixin.py:190} INFO - [2025-03-18T23:02:25.307+0000] {dag.py:4180} INFO - Setting next_dagrun for example_dag_decorator to None, run_after=None
[2025-03-18T23:02:25.327+0000] {processor.py:208} INFO - Processing /home/airflow/.local/lib/python3.12/site-packages/airflow/example_dags/example_dag_decorator.py took 0.304 seconds
[2025-03-18T23:02:55.486+0000] {processor.py:186} INFO - Started process (PID=2147) to work on /home/airflow/.local/lib/python3.12/site-packages/airflow/example_dags/example_dag_decorator.py
[2025-03-18T23:02:55.486+0000] {processor.py:914} INFO - Processing file /home/airflow/.local/lib/python3.12/site-packages/airflow/example_dags/example_dag_decorator.py for tasks to queue
[2025-03-18T23:02:55.489+0000] {logging_mixin.py:190} INFO - [2025-03-18T23:02:55.488+0000] {dagbag.py:588} INFO - Filling up the DagBag from /home/airflow/.local/lib/python3.12/site-packages/airflow/example_dags/example_dag_decorator.py
[2025-03-18T23:02:55.615+0000] {processor.py:925} INFO - DAG(s) 'example_dag_decorator' retrieved from /home/airflow/.local/lib/python3.12/site-packages/airflow/example_dags/example_dag_decorator.py
[2025-03-18T23:02:55.775+0000] {logging_mixin.py:190} INFO - [2025-03-18T23:02:55.770+0000] {dag.py:3239} INFO - Sync 1 DAGs
[2025-03-18T23:02:55.791+0000] {logging_mixin.py:190} INFO - [2025-03-18T23:02:55.791+0000] {dag.py:4180} INFO - Setting next_dagrun for example_dag_decorator to None, run_after=None
[2025-03-18T23:02:55.836+0000] {processor.py:208} INFO - Processing /home/airflow/.local/lib/python3.12/site-packages/airflow/example_dags/example_dag_decorator.py took 0.357 seconds
[2025-03-18T23:03:26.643+0000] {processor.py:186} INFO - Started process (PID=2209) to work on /home/airflow/.local/lib/python3.12/site-packages/airflow/example_dags/example_dag_decorator.py
[2025-03-18T23:03:26.661+0000] {processor.py:914} INFO - Processing file /home/airflow/.local/lib/python3.12/site-packages/airflow/example_dags/example_dag_decorator.py for tasks to queue
[2025-03-18T23:03:26.663+0000] {logging_mixin.py:190} INFO - [2025-03-18T23:03:26.663+0000] {dagbag.py:588} INFO - Filling up the DagBag from /home/airflow/.local/lib/python3.12/site-packages/airflow/example_dags/example_dag_decorator.py
[2025-03-18T23:03:26.889+0000] {processor.py:925} INFO - DAG(s) 'example_dag_decorator' retrieved from /home/airflow/.local/lib/python3.12/site-packages/airflow/example_dags/example_dag_decorator.py
[2025-03-18T23:03:27.145+0000] {logging_mixin.py:190} INFO - [2025-03-18T23:03:27.145+0000] {dag.py:3239} INFO - Sync 1 DAGs
[2025-03-18T23:03:27.169+0000] {logging_mixin.py:190} INFO - [2025-03-18T23:03:27.169+0000] {dag.py:4180} INFO - Setting next_dagrun for example_dag_decorator to None, run_after=None
[2025-03-18T23:03:27.208+0000] {processor.py:208} INFO - Processing /home/airflow/.local/lib/python3.12/site-packages/airflow/example_dags/example_dag_decorator.py took 0.570 seconds
[2025-03-18T23:03:57.933+0000] {processor.py:186} INFO - Started process (PID=2273) to work on /home/airflow/.local/lib/python3.12/site-packages/airflow/example_dags/example_dag_decorator.py
[2025-03-18T23:03:57.934+0000] {processor.py:914} INFO - Processing file /home/airflow/.local/lib/python3.12/site-packages/airflow/example_dags/example_dag_decorator.py for tasks to queue
[2025-03-18T23:03:57.938+0000] {logging_mixin.py:190} INFO - [2025-03-18T23:03:57.938+0000] {dagbag.py:588} INFO - Filling up the DagBag from /home/airflow/.local/lib/python3.12/site-packages/airflow/example_dags/example_dag_decorator.py
[2025-03-18T23:03:58.106+0000] {processor.py:925} INFO - DAG(s) 'example_dag_decorator' retrieved from /home/airflow/.local/lib/python3.12/site-packages/airflow/example_dags/example_dag_decorator.py
[2025-03-18T23:03:58.239+0000] {logging_mixin.py:190} INFO - [2025-03-18T23:03:58.239+0000] {dag.py:3239} INFO - Sync 1 DAGs
[2025-03-18T23:03:58.257+0000] {logging_mixin.py:190} INFO - [2025-03-18T23:03:58.256+0000] {dag.py:4180} INFO - Setting next_dagrun for example_dag_decorator to None, run_after=None
[2025-03-18T23:03:58.276+0000] {processor.py:208} INFO - Processing /home/airflow/.local/lib/python3.12/site-packages/airflow/example_dags/example_dag_decorator.py took 0.361 seconds
[2025-03-18T23:04:28.520+0000] {processor.py:186} INFO - Started process (PID=2336) to work on /home/airflow/.local/lib/python3.12/site-packages/airflow/example_dags/example_dag_decorator.py
[2025-03-18T23:04:28.529+0000] {processor.py:914} INFO - Processing file /home/airflow/.local/lib/python3.12/site-packages/airflow/example_dags/example_dag_decorator.py for tasks to queue
[2025-03-18T23:04:28.531+0000] {logging_mixin.py:190} INFO - [2025-03-18T23:04:28.531+0000] {dagbag.py:588} INFO - Filling up the DagBag from /home/airflow/.local/lib/python3.12/site-packages/airflow/example_dags/example_dag_decorator.py
[2025-03-18T23:04:28.640+0000] {processor.py:925} INFO - DAG(s) 'example_dag_decorator' retrieved from /home/airflow/.local/lib/python3.12/site-packages/airflow/example_dags/example_dag_decorator.py
[2025-03-18T23:04:28.763+0000] {logging_mixin.py:190} INFO - [2025-03-18T23:04:28.763+0000] {dag.py:3239} INFO - Sync 1 DAGs
[2025-03-18T23:04:28.783+0000] {logging_mixin.py:190} INFO - [2025-03-18T23:04:28.782+0000] {dag.py:4180} INFO - Setting next_dagrun for example_dag_decorator to None, run_after=None
[2025-03-18T23:04:28.802+0000] {processor.py:208} INFO - Processing /home/airflow/.local/lib/python3.12/site-packages/airflow/example_dags/example_dag_decorator.py took 0.294 seconds
[2025-03-18T23:04:58.834+0000] {processor.py:186} INFO - Started process (PID=2401) to work on /home/airflow/.local/lib/python3.12/site-packages/airflow/example_dags/example_dag_decorator.py
[2025-03-18T23:04:58.834+0000] {processor.py:914} INFO - Processing file /home/airflow/.local/lib/python3.12/site-packages/airflow/example_dags/example_dag_decorator.py for tasks to queue
[2025-03-18T23:04:58.837+0000] {logging_mixin.py:190} INFO - [2025-03-18T23:04:58.837+0000] {dagbag.py:588} INFO - Filling up the DagBag from /home/airflow/.local/lib/python3.12/site-packages/airflow/example_dags/example_dag_decorator.py
[2025-03-18T23:04:58.954+0000] {processor.py:925} INFO - DAG(s) 'example_dag_decorator' retrieved from /home/airflow/.local/lib/python3.12/site-packages/airflow/example_dags/example_dag_decorator.py
[2025-03-18T23:04:59.093+0000] {logging_mixin.py:190} INFO - [2025-03-18T23:04:59.093+0000] {dag.py:3239} INFO - Sync 1 DAGs
[2025-03-18T23:04:59.115+0000] {logging_mixin.py:190} INFO - [2025-03-18T23:04:59.114+0000] {dag.py:4180} INFO - Setting next_dagrun for example_dag_decorator to None, run_after=None
[2025-03-18T23:04:59.142+0000] {processor.py:208} INFO - Processing /home/airflow/.local/lib/python3.12/site-packages/airflow/example_dags/example_dag_decorator.py took 0.314 seconds
[2025-03-18T23:05:29.204+0000] {processor.py:186} INFO - Started process (PID=2464) to work on /home/airflow/.local/lib/python3.12/site-packages/airflow/example_dags/example_dag_decorator.py
[2025-03-18T23:05:29.205+0000] {processor.py:914} INFO - Processing file /home/airflow/.local/lib/python3.12/site-packages/airflow/example_dags/example_dag_decorator.py for tasks to queue
[2025-03-18T23:05:29.208+0000] {logging_mixin.py:190} INFO - [2025-03-18T23:05:29.207+0000] {dagbag.py:588} INFO - Filling up the DagBag from /home/airflow/.local/lib/python3.12/site-packages/airflow/example_dags/example_dag_decorator.py
[2025-03-18T23:05:29.316+0000] {processor.py:925} INFO - DAG(s) 'example_dag_decorator' retrieved from /home/airflow/.local/lib/python3.12/site-packages/airflow/example_dags/example_dag_decorator.py
[2025-03-18T23:05:29.463+0000] {logging_mixin.py:190} INFO - [2025-03-18T23:05:29.463+0000] {dag.py:3239} INFO - Sync 1 DAGs
[2025-03-18T23:05:29.475+0000] {logging_mixin.py:190} INFO - [2025-03-18T23:05:29.475+0000] {dag.py:4180} INFO - Setting next_dagrun for example_dag_decorator to None, run_after=None
[2025-03-18T23:05:29.501+0000] {processor.py:208} INFO - Processing /home/airflow/.local/lib/python3.12/site-packages/airflow/example_dags/example_dag_decorator.py took 0.303 seconds
[2025-03-18T23:05:59.675+0000] {processor.py:186} INFO - Started process (PID=2522) to work on /home/airflow/.local/lib/python3.12/site-packages/airflow/example_dags/example_dag_decorator.py
[2025-03-18T23:05:59.677+0000] {processor.py:914} INFO - Processing file /home/airflow/.local/lib/python3.12/site-packages/airflow/example_dags/example_dag_decorator.py for tasks to queue
[2025-03-18T23:05:59.681+0000] {logging_mixin.py:190} INFO - [2025-03-18T23:05:59.680+0000] {dagbag.py:588} INFO - Filling up the DagBag from /home/airflow/.local/lib/python3.12/site-packages/airflow/example_dags/example_dag_decorator.py
[2025-03-18T23:05:59.802+0000] {processor.py:925} INFO - DAG(s) 'example_dag_decorator' retrieved from /home/airflow/.local/lib/python3.12/site-packages/airflow/example_dags/example_dag_decorator.py
[2025-03-18T23:05:59.964+0000] {logging_mixin.py:190} INFO - [2025-03-18T23:05:59.964+0000] {dag.py:3239} INFO - Sync 1 DAGs
[2025-03-18T23:05:59.999+0000] {logging_mixin.py:190} INFO - [2025-03-18T23:05:59.998+0000] {dag.py:4180} INFO - Setting next_dagrun for example_dag_decorator to None, run_after=None
[2025-03-18T23:06:00.033+0000] {processor.py:208} INFO - Processing /home/airflow/.local/lib/python3.12/site-packages/airflow/example_dags/example_dag_decorator.py took 0.376 seconds
[2025-03-18T23:06:30.133+0000] {processor.py:186} INFO - Started process (PID=2587) to work on /home/airflow/.local/lib/python3.12/site-packages/airflow/example_dags/example_dag_decorator.py
[2025-03-18T23:06:30.135+0000] {processor.py:914} INFO - Processing file /home/airflow/.local/lib/python3.12/site-packages/airflow/example_dags/example_dag_decorator.py for tasks to queue
[2025-03-18T23:06:30.138+0000] {logging_mixin.py:190} INFO - [2025-03-18T23:06:30.137+0000] {dagbag.py:588} INFO - Filling up the DagBag from /home/airflow/.local/lib/python3.12/site-packages/airflow/example_dags/example_dag_decorator.py
[2025-03-18T23:06:30.237+0000] {processor.py:925} INFO - DAG(s) 'example_dag_decorator' retrieved from /home/airflow/.local/lib/python3.12/site-packages/airflow/example_dags/example_dag_decorator.py
[2025-03-18T23:06:30.362+0000] {logging_mixin.py:190} INFO - [2025-03-18T23:06:30.362+0000] {dag.py:3239} INFO - Sync 1 DAGs
[2025-03-18T23:06:30.377+0000] {logging_mixin.py:190} INFO - [2025-03-18T23:06:30.377+0000] {dag.py:4180} INFO - Setting next_dagrun for example_dag_decorator to None, run_after=None
[2025-03-18T23:06:30.397+0000] {processor.py:208} INFO - Processing /home/airflow/.local/lib/python3.12/site-packages/airflow/example_dags/example_dag_decorator.py took 0.270 seconds
[2025-03-18T23:07:00.490+0000] {processor.py:186} INFO - Started process (PID=2650) to work on /home/airflow/.local/lib/python3.12/site-packages/airflow/example_dags/example_dag_decorator.py
[2025-03-18T23:07:00.491+0000] {processor.py:914} INFO - Processing file /home/airflow/.local/lib/python3.12/site-packages/airflow/example_dags/example_dag_decorator.py for tasks to queue
[2025-03-18T23:07:00.493+0000] {logging_mixin.py:190} INFO - [2025-03-18T23:07:00.493+0000] {dagbag.py:588} INFO - Filling up the DagBag from /home/airflow/.local/lib/python3.12/site-packages/airflow/example_dags/example_dag_decorator.py
[2025-03-18T23:07:00.585+0000] {processor.py:925} INFO - DAG(s) 'example_dag_decorator' retrieved from /home/airflow/.local/lib/python3.12/site-packages/airflow/example_dags/example_dag_decorator.py
[2025-03-18T23:07:00.694+0000] {logging_mixin.py:190} INFO - [2025-03-18T23:07:00.693+0000] {dag.py:3239} INFO - Sync 1 DAGs
[2025-03-18T23:07:00.879+0000] {logging_mixin.py:190} INFO - [2025-03-18T23:07:00.879+0000] {dag.py:4180} INFO - Setting next_dagrun for example_dag_decorator to None, run_after=None
[2025-03-18T23:07:00.898+0000] {processor.py:208} INFO - Processing /home/airflow/.local/lib/python3.12/site-packages/airflow/example_dags/example_dag_decorator.py took 0.414 seconds
[2025-03-18T23:07:31.851+0000] {processor.py:186} INFO - Started process (PID=2713) to work on /home/airflow/.local/lib/python3.12/site-packages/airflow/example_dags/example_dag_decorator.py
[2025-03-18T23:07:31.862+0000] {processor.py:914} INFO - Processing file /home/airflow/.local/lib/python3.12/site-packages/airflow/example_dags/example_dag_decorator.py for tasks to queue
[2025-03-18T23:07:31.864+0000] {logging_mixin.py:190} INFO - [2025-03-18T23:07:31.864+0000] {dagbag.py:588} INFO - Filling up the DagBag from /home/airflow/.local/lib/python3.12/site-packages/airflow/example_dags/example_dag_decorator.py
[2025-03-18T23:07:31.978+0000] {processor.py:925} INFO - DAG(s) 'example_dag_decorator' retrieved from /home/airflow/.local/lib/python3.12/site-packages/airflow/example_dags/example_dag_decorator.py
[2025-03-18T23:07:32.114+0000] {logging_mixin.py:190} INFO - [2025-03-18T23:07:32.114+0000] {dag.py:3239} INFO - Sync 1 DAGs
[2025-03-18T23:07:32.127+0000] {logging_mixin.py:190} INFO - [2025-03-18T23:07:32.127+0000] {dag.py:4180} INFO - Setting next_dagrun for example_dag_decorator to None, run_after=None
[2025-03-18T23:07:32.344+0000] {processor.py:208} INFO - Processing /home/airflow/.local/lib/python3.12/site-packages/airflow/example_dags/example_dag_decorator.py took 0.500 seconds
[2025-03-18T23:08:02.400+0000] {processor.py:186} INFO - Started process (PID=2779) to work on /home/airflow/.local/lib/python3.12/site-packages/airflow/example_dags/example_dag_decorator.py
[2025-03-18T23:08:02.401+0000] {processor.py:914} INFO - Processing file /home/airflow/.local/lib/python3.12/site-packages/airflow/example_dags/example_dag_decorator.py for tasks to queue
[2025-03-18T23:08:02.403+0000] {logging_mixin.py:190} INFO - [2025-03-18T23:08:02.403+0000] {dagbag.py:588} INFO - Filling up the DagBag from /home/airflow/.local/lib/python3.12/site-packages/airflow/example_dags/example_dag_decorator.py
[2025-03-18T23:08:02.494+0000] {processor.py:925} INFO - DAG(s) 'example_dag_decorator' retrieved from /home/airflow/.local/lib/python3.12/site-packages/airflow/example_dags/example_dag_decorator.py
[2025-03-18T23:08:02.602+0000] {logging_mixin.py:190} INFO - [2025-03-18T23:08:02.602+0000] {dag.py:3239} INFO - Sync 1 DAGs
[2025-03-18T23:08:02.614+0000] {logging_mixin.py:190} INFO - [2025-03-18T23:08:02.614+0000] {dag.py:4180} INFO - Setting next_dagrun for example_dag_decorator to None, run_after=None
[2025-03-18T23:08:02.640+0000] {processor.py:208} INFO - Processing /home/airflow/.local/lib/python3.12/site-packages/airflow/example_dags/example_dag_decorator.py took 0.246 seconds
[2025-03-18T23:08:32.694+0000] {processor.py:186} INFO - Started process (PID=2836) to work on /home/airflow/.local/lib/python3.12/site-packages/airflow/example_dags/example_dag_decorator.py
[2025-03-18T23:08:32.701+0000] {processor.py:914} INFO - Processing file /home/airflow/.local/lib/python3.12/site-packages/airflow/example_dags/example_dag_decorator.py for tasks to queue
[2025-03-18T23:08:32.704+0000] {logging_mixin.py:190} INFO - [2025-03-18T23:08:32.703+0000] {dagbag.py:588} INFO - Filling up the DagBag from /home/airflow/.local/lib/python3.12/site-packages/airflow/example_dags/example_dag_decorator.py
[2025-03-18T23:08:32.835+0000] {processor.py:925} INFO - DAG(s) 'example_dag_decorator' retrieved from /home/airflow/.local/lib/python3.12/site-packages/airflow/example_dags/example_dag_decorator.py
[2025-03-18T23:08:32.961+0000] {logging_mixin.py:190} INFO - [2025-03-18T23:08:32.960+0000] {dag.py:3239} INFO - Sync 1 DAGs
[2025-03-18T23:08:32.983+0000] {logging_mixin.py:190} INFO - [2025-03-18T23:08:32.982+0000] {dag.py:4180} INFO - Setting next_dagrun for example_dag_decorator to None, run_after=None
[2025-03-18T23:08:33.032+0000] {processor.py:208} INFO - Processing /home/airflow/.local/lib/python3.12/site-packages/airflow/example_dags/example_dag_decorator.py took 0.344 seconds
[2025-03-18T23:09:03.783+0000] {processor.py:186} INFO - Started process (PID=2894) to work on /home/airflow/.local/lib/python3.12/site-packages/airflow/example_dags/example_dag_decorator.py
[2025-03-18T23:09:03.785+0000] {processor.py:914} INFO - Processing file /home/airflow/.local/lib/python3.12/site-packages/airflow/example_dags/example_dag_decorator.py for tasks to queue
[2025-03-18T23:09:03.788+0000] {logging_mixin.py:190} INFO - [2025-03-18T23:09:03.788+0000] {dagbag.py:588} INFO - Filling up the DagBag from /home/airflow/.local/lib/python3.12/site-packages/airflow/example_dags/example_dag_decorator.py
[2025-03-18T23:09:03.949+0000] {processor.py:925} INFO - DAG(s) 'example_dag_decorator' retrieved from /home/airflow/.local/lib/python3.12/site-packages/airflow/example_dags/example_dag_decorator.py
[2025-03-18T23:09:04.278+0000] {logging_mixin.py:190} INFO - [2025-03-18T23:09:04.277+0000] {dag.py:3239} INFO - Sync 1 DAGs
[2025-03-18T23:09:04.293+0000] {logging_mixin.py:190} INFO - [2025-03-18T23:09:04.293+0000] {dag.py:4180} INFO - Setting next_dagrun for example_dag_decorator to None, run_after=None
[2025-03-18T23:09:04.311+0000] {processor.py:208} INFO - Processing /home/airflow/.local/lib/python3.12/site-packages/airflow/example_dags/example_dag_decorator.py took 0.542 seconds
[2025-03-18T23:09:34.909+0000] {processor.py:186} INFO - Started process (PID=2957) to work on /home/airflow/.local/lib/python3.12/site-packages/airflow/example_dags/example_dag_decorator.py
[2025-03-18T23:09:34.911+0000] {processor.py:914} INFO - Processing file /home/airflow/.local/lib/python3.12/site-packages/airflow/example_dags/example_dag_decorator.py for tasks to queue
[2025-03-18T23:09:34.914+0000] {logging_mixin.py:190} INFO - [2025-03-18T23:09:34.914+0000] {dagbag.py:588} INFO - Filling up the DagBag from /home/airflow/.local/lib/python3.12/site-packages/airflow/example_dags/example_dag_decorator.py
[2025-03-18T23:09:35.046+0000] {processor.py:925} INFO - DAG(s) 'example_dag_decorator' retrieved from /home/airflow/.local/lib/python3.12/site-packages/airflow/example_dags/example_dag_decorator.py
[2025-03-18T23:09:37.616+0000] {logging_mixin.py:190} INFO - [2025-03-18T23:09:37.616+0000] {dag.py:3239} INFO - Sync 1 DAGs
[2025-03-18T23:09:37.629+0000] {logging_mixin.py:190} INFO - [2025-03-18T23:09:37.629+0000] {dag.py:4180} INFO - Setting next_dagrun for example_dag_decorator to None, run_after=None
[2025-03-18T23:09:37.655+0000] {processor.py:208} INFO - Processing /home/airflow/.local/lib/python3.12/site-packages/airflow/example_dags/example_dag_decorator.py took 0.523 seconds
[2025-03-18T23:10:08.305+0000] {processor.py:186} INFO - Started process (PID=3020) to work on /home/airflow/.local/lib/python3.12/site-packages/airflow/example_dags/example_dag_decorator.py
[2025-03-18T23:10:08.306+0000] {processor.py:914} INFO - Processing file /home/airflow/.local/lib/python3.12/site-packages/airflow/example_dags/example_dag_decorator.py for tasks to queue
[2025-03-18T23:10:08.309+0000] {logging_mixin.py:190} INFO - [2025-03-18T23:10:08.309+0000] {dagbag.py:588} INFO - Filling up the DagBag from /home/airflow/.local/lib/python3.12/site-packages/airflow/example_dags/example_dag_decorator.py
[2025-03-18T23:10:08.461+0000] {processor.py:925} INFO - DAG(s) 'example_dag_decorator' retrieved from /home/airflow/.local/lib/python3.12/site-packages/airflow/example_dags/example_dag_decorator.py
[2025-03-18T23:10:08.807+0000] {logging_mixin.py:190} INFO - [2025-03-18T23:10:08.807+0000] {dag.py:3239} INFO - Sync 1 DAGs
[2025-03-18T23:10:08.821+0000] {logging_mixin.py:190} INFO - [2025-03-18T23:10:08.821+0000] {dag.py:4180} INFO - Setting next_dagrun for example_dag_decorator to None, run_after=None
[2025-03-18T23:10:08.847+0000] {processor.py:208} INFO - Processing /home/airflow/.local/lib/python3.12/site-packages/airflow/example_dags/example_dag_decorator.py took 0.552 seconds
[2025-03-18T23:10:38.990+0000] {processor.py:186} INFO - Started process (PID=3082) to work on /home/airflow/.local/lib/python3.12/site-packages/airflow/example_dags/example_dag_decorator.py
[2025-03-18T23:10:38.992+0000] {processor.py:914} INFO - Processing file /home/airflow/.local/lib/python3.12/site-packages/airflow/example_dags/example_dag_decorator.py for tasks to queue
[2025-03-18T23:10:38.994+0000] {logging_mixin.py:190} INFO - [2025-03-18T23:10:38.994+0000] {dagbag.py:588} INFO - Filling up the DagBag from /home/airflow/.local/lib/python3.12/site-packages/airflow/example_dags/example_dag_decorator.py
[2025-03-18T23:10:39.093+0000] {processor.py:925} INFO - DAG(s) 'example_dag_decorator' retrieved from /home/airflow/.local/lib/python3.12/site-packages/airflow/example_dags/example_dag_decorator.py
[2025-03-18T23:10:39.401+0000] {logging_mixin.py:190} INFO - [2025-03-18T23:10:39.401+0000] {dag.py:3239} INFO - Sync 1 DAGs
[2025-03-18T23:10:39.416+0000] {logging_mixin.py:190} INFO - [2025-03-18T23:10:39.416+0000] {dag.py:4180} INFO - Setting next_dagrun for example_dag_decorator to None, run_after=None
[2025-03-18T23:10:39.433+0000] {processor.py:208} INFO - Processing /home/airflow/.local/lib/python3.12/site-packages/airflow/example_dags/example_dag_decorator.py took 0.449 seconds
[2025-03-18T23:11:09.512+0000] {processor.py:186} INFO - Started process (PID=3145) to work on /home/airflow/.local/lib/python3.12/site-packages/airflow/example_dags/example_dag_decorator.py
[2025-03-18T23:11:09.514+0000] {processor.py:914} INFO - Processing file /home/airflow/.local/lib/python3.12/site-packages/airflow/example_dags/example_dag_decorator.py for tasks to queue
[2025-03-18T23:11:09.521+0000] {logging_mixin.py:190} INFO - [2025-03-18T23:11:09.521+0000] {dagbag.py:588} INFO - Filling up the DagBag from /home/airflow/.local/lib/python3.12/site-packages/airflow/example_dags/example_dag_decorator.py
[2025-03-18T23:11:09.626+0000] {processor.py:925} INFO - DAG(s) 'example_dag_decorator' retrieved from /home/airflow/.local/lib/python3.12/site-packages/airflow/example_dags/example_dag_decorator.py
[2025-03-18T23:11:09.649+0000] {logging_mixin.py:190} INFO - [2025-03-18T23:11:09.649+0000] {dag.py:3239} INFO - Sync 1 DAGs
[2025-03-18T23:11:09.663+0000] {logging_mixin.py:190} INFO - [2025-03-18T23:11:09.662+0000] {dag.py:4180} INFO - Setting next_dagrun for example_dag_decorator to None, run_after=None
[2025-03-18T23:11:09.687+0000] {processor.py:208} INFO - Processing /home/airflow/.local/lib/python3.12/site-packages/airflow/example_dags/example_dag_decorator.py took 0.189 seconds
[2025-03-18T23:11:40.115+0000] {processor.py:186} INFO - Started process (PID=3208) to work on /home/airflow/.local/lib/python3.12/site-packages/airflow/example_dags/example_dag_decorator.py
[2025-03-18T23:11:40.127+0000] {processor.py:914} INFO - Processing file /home/airflow/.local/lib/python3.12/site-packages/airflow/example_dags/example_dag_decorator.py for tasks to queue
[2025-03-18T23:11:40.131+0000] {logging_mixin.py:190} INFO - [2025-03-18T23:11:40.131+0000] {dagbag.py:588} INFO - Filling up the DagBag from /home/airflow/.local/lib/python3.12/site-packages/airflow/example_dags/example_dag_decorator.py
[2025-03-18T23:11:40.363+0000] {processor.py:925} INFO - DAG(s) 'example_dag_decorator' retrieved from /home/airflow/.local/lib/python3.12/site-packages/airflow/example_dags/example_dag_decorator.py
[2025-03-18T23:11:40.689+0000] {logging_mixin.py:190} INFO - [2025-03-18T23:11:40.689+0000] {dag.py:3239} INFO - Sync 1 DAGs
[2025-03-18T23:11:40.705+0000] {logging_mixin.py:190} INFO - [2025-03-18T23:11:40.705+0000] {dag.py:4180} INFO - Setting next_dagrun for example_dag_decorator to None, run_after=None
[2025-03-18T23:11:40.725+0000] {processor.py:208} INFO - Processing /home/airflow/.local/lib/python3.12/site-packages/airflow/example_dags/example_dag_decorator.py took 0.617 seconds
[2025-03-18T23:12:11.437+0000] {processor.py:186} INFO - Started process (PID=3272) to work on /home/airflow/.local/lib/python3.12/site-packages/airflow/example_dags/example_dag_decorator.py
[2025-03-18T23:12:11.438+0000] {processor.py:914} INFO - Processing file /home/airflow/.local/lib/python3.12/site-packages/airflow/example_dags/example_dag_decorator.py for tasks to queue
[2025-03-18T23:12:11.440+0000] {logging_mixin.py:190} INFO - [2025-03-18T23:12:11.440+0000] {dagbag.py:588} INFO - Filling up the DagBag from /home/airflow/.local/lib/python3.12/site-packages/airflow/example_dags/example_dag_decorator.py
[2025-03-18T23:12:11.543+0000] {processor.py:925} INFO - DAG(s) 'example_dag_decorator' retrieved from /home/airflow/.local/lib/python3.12/site-packages/airflow/example_dags/example_dag_decorator.py
[2025-03-18T23:12:11.963+0000] {logging_mixin.py:190} INFO - [2025-03-18T23:12:11.963+0000] {dag.py:3239} INFO - Sync 1 DAGs
[2025-03-18T23:12:11.975+0000] {logging_mixin.py:190} INFO - [2025-03-18T23:12:11.974+0000] {dag.py:4180} INFO - Setting next_dagrun for example_dag_decorator to None, run_after=None
[2025-03-18T23:12:12.001+0000] {processor.py:208} INFO - Processing /home/airflow/.local/lib/python3.12/site-packages/airflow/example_dags/example_dag_decorator.py took 0.570 seconds
[2025-03-18T23:12:42.238+0000] {processor.py:186} INFO - Started process (PID=3336) to work on /home/airflow/.local/lib/python3.12/site-packages/airflow/example_dags/example_dag_decorator.py
[2025-03-18T23:12:42.240+0000] {processor.py:914} INFO - Processing file /home/airflow/.local/lib/python3.12/site-packages/airflow/example_dags/example_dag_decorator.py for tasks to queue
[2025-03-18T23:12:42.243+0000] {logging_mixin.py:190} INFO - [2025-03-18T23:12:42.242+0000] {dagbag.py:588} INFO - Filling up the DagBag from /home/airflow/.local/lib/python3.12/site-packages/airflow/example_dags/example_dag_decorator.py
[2025-03-18T23:12:42.560+0000] {processor.py:925} INFO - DAG(s) 'example_dag_decorator' retrieved from /home/airflow/.local/lib/python3.12/site-packages/airflow/example_dags/example_dag_decorator.py
[2025-03-18T23:12:42.683+0000] {logging_mixin.py:190} INFO - [2025-03-18T23:12:42.682+0000] {dag.py:3239} INFO - Sync 1 DAGs
[2025-03-18T23:12:42.697+0000] {logging_mixin.py:190} INFO - [2025-03-18T23:12:42.696+0000] {dag.py:4180} INFO - Setting next_dagrun for example_dag_decorator to None, run_after=None
[2025-03-18T23:12:42.715+0000] {processor.py:208} INFO - Processing /home/airflow/.local/lib/python3.12/site-packages/airflow/example_dags/example_dag_decorator.py took 0.485 seconds
[2025-03-18T23:13:12.814+0000] {processor.py:186} INFO - Started process (PID=3401) to work on /home/airflow/.local/lib/python3.12/site-packages/airflow/example_dags/example_dag_decorator.py
[2025-03-18T23:13:12.826+0000] {processor.py:914} INFO - Processing file /home/airflow/.local/lib/python3.12/site-packages/airflow/example_dags/example_dag_decorator.py for tasks to queue
[2025-03-18T23:13:12.829+0000] {logging_mixin.py:190} INFO - [2025-03-18T23:13:12.828+0000] {dagbag.py:588} INFO - Filling up the DagBag from /home/airflow/.local/lib/python3.12/site-packages/airflow/example_dags/example_dag_decorator.py
[2025-03-18T23:13:13.164+0000] {processor.py:925} INFO - DAG(s) 'example_dag_decorator' retrieved from /home/airflow/.local/lib/python3.12/site-packages/airflow/example_dags/example_dag_decorator.py
[2025-03-18T23:13:13.271+0000] {logging_mixin.py:190} INFO - [2025-03-18T23:13:13.271+0000] {dag.py:3239} INFO - Sync 1 DAGs
[2025-03-18T23:13:13.282+0000] {logging_mixin.py:190} INFO - [2025-03-18T23:13:13.281+0000] {dag.py:4180} INFO - Setting next_dagrun for example_dag_decorator to None, run_after=None
[2025-03-18T23:13:13.298+0000] {processor.py:208} INFO - Processing /home/airflow/.local/lib/python3.12/site-packages/airflow/example_dags/example_dag_decorator.py took 0.492 seconds
[2025-03-18T23:13:43.630+0000] {processor.py:186} INFO - Started process (PID=3467) to work on /home/airflow/.local/lib/python3.12/site-packages/airflow/example_dags/example_dag_decorator.py
[2025-03-18T23:13:43.631+0000] {processor.py:914} INFO - Processing file /home/airflow/.local/lib/python3.12/site-packages/airflow/example_dags/example_dag_decorator.py for tasks to queue
[2025-03-18T23:13:43.633+0000] {logging_mixin.py:190} INFO - [2025-03-18T23:13:43.633+0000] {dagbag.py:588} INFO - Filling up the DagBag from /home/airflow/.local/lib/python3.12/site-packages/airflow/example_dags/example_dag_decorator.py
[2025-03-18T23:13:43.763+0000] {processor.py:925} INFO - DAG(s) 'example_dag_decorator' retrieved from /home/airflow/.local/lib/python3.12/site-packages/airflow/example_dags/example_dag_decorator.py
[2025-03-18T23:13:44.114+0000] {logging_mixin.py:190} INFO - [2025-03-18T23:13:44.114+0000] {dag.py:3239} INFO - Sync 1 DAGs
[2025-03-18T23:13:44.130+0000] {logging_mixin.py:190} INFO - [2025-03-18T23:13:44.130+0000] {dag.py:4180} INFO - Setting next_dagrun for example_dag_decorator to None, run_after=None
[2025-03-18T23:13:44.151+0000] {processor.py:208} INFO - Processing /home/airflow/.local/lib/python3.12/site-packages/airflow/example_dags/example_dag_decorator.py took 0.528 seconds
[2025-03-18T23:14:17.653+0000] {processor.py:186} INFO - Started process (PID=3525) to work on /home/airflow/.local/lib/python3.12/site-packages/airflow/example_dags/example_dag_decorator.py
[2025-03-18T23:14:17.668+0000] {processor.py:914} INFO - Processing file /home/airflow/.local/lib/python3.12/site-packages/airflow/example_dags/example_dag_decorator.py for tasks to queue
[2025-03-18T23:14:17.671+0000] {logging_mixin.py:190} INFO - [2025-03-18T23:14:17.671+0000] {dagbag.py:588} INFO - Filling up the DagBag from /home/airflow/.local/lib/python3.12/site-packages/airflow/example_dags/example_dag_decorator.py
[2025-03-18T23:14:17.872+0000] {processor.py:925} INFO - DAG(s) 'example_dag_decorator' retrieved from /home/airflow/.local/lib/python3.12/site-packages/airflow/example_dags/example_dag_decorator.py
[2025-03-18T23:14:18.334+0000] {logging_mixin.py:190} INFO - [2025-03-18T23:14:18.334+0000] {dag.py:3239} INFO - Sync 1 DAGs
[2025-03-18T23:14:18.360+0000] {logging_mixin.py:190} INFO - [2025-03-18T23:14:18.360+0000] {dag.py:4180} INFO - Setting next_dagrun for example_dag_decorator to None, run_after=None
[2025-03-18T23:14:18.390+0000] {processor.py:208} INFO - Processing /home/airflow/.local/lib/python3.12/site-packages/airflow/example_dags/example_dag_decorator.py took 0.744 seconds
[2025-03-18T23:14:52.160+0000] {processor.py:186} INFO - Started process (PID=3586) to work on /home/airflow/.local/lib/python3.12/site-packages/airflow/example_dags/example_dag_decorator.py
[2025-03-18T23:14:52.167+0000] {processor.py:914} INFO - Processing file /home/airflow/.local/lib/python3.12/site-packages/airflow/example_dags/example_dag_decorator.py for tasks to queue
[2025-03-18T23:14:52.170+0000] {logging_mixin.py:190} INFO - [2025-03-18T23:14:52.169+0000] {dagbag.py:588} INFO - Filling up the DagBag from /home/airflow/.local/lib/python3.12/site-packages/airflow/example_dags/example_dag_decorator.py
[2025-03-18T23:14:52.440+0000] {processor.py:925} INFO - DAG(s) 'example_dag_decorator' retrieved from /home/airflow/.local/lib/python3.12/site-packages/airflow/example_dags/example_dag_decorator.py
[2025-03-18T23:14:53.160+0000] {logging_mixin.py:190} INFO - [2025-03-18T23:14:53.160+0000] {dag.py:3239} INFO - Sync 1 DAGs
[2025-03-18T23:14:53.179+0000] {logging_mixin.py:190} INFO - [2025-03-18T23:14:53.179+0000] {dag.py:4180} INFO - Setting next_dagrun for example_dag_decorator to None, run_after=None
[2025-03-18T23:14:53.224+0000] {processor.py:208} INFO - Processing /home/airflow/.local/lib/python3.12/site-packages/airflow/example_dags/example_dag_decorator.py took 1.077 seconds
[2025-03-18T23:15:23.301+0000] {processor.py:186} INFO - Started process (PID=3653) to work on /home/airflow/.local/lib/python3.12/site-packages/airflow/example_dags/example_dag_decorator.py
[2025-03-18T23:15:23.302+0000] {processor.py:914} INFO - Processing file /home/airflow/.local/lib/python3.12/site-packages/airflow/example_dags/example_dag_decorator.py for tasks to queue
[2025-03-18T23:15:23.307+0000] {logging_mixin.py:190} INFO - [2025-03-18T23:15:23.307+0000] {dagbag.py:588} INFO - Filling up the DagBag from /home/airflow/.local/lib/python3.12/site-packages/airflow/example_dags/example_dag_decorator.py
[2025-03-18T23:15:26.108+0000] {processor.py:925} INFO - DAG(s) 'example_dag_decorator' retrieved from /home/airflow/.local/lib/python3.12/site-packages/airflow/example_dags/example_dag_decorator.py
[2025-03-18T23:15:26.227+0000] {logging_mixin.py:190} INFO - [2025-03-18T23:15:26.227+0000] {dag.py:3239} INFO - Sync 1 DAGs
[2025-03-18T23:15:26.238+0000] {logging_mixin.py:190} INFO - [2025-03-18T23:15:26.237+0000] {dag.py:4180} INFO - Setting next_dagrun for example_dag_decorator to None, run_after=None
[2025-03-18T23:15:26.267+0000] {processor.py:208} INFO - Processing /home/airflow/.local/lib/python3.12/site-packages/airflow/example_dags/example_dag_decorator.py took 0.482 seconds
[2025-03-18T23:15:56.408+0000] {processor.py:186} INFO - Started process (PID=3716) to work on /home/airflow/.local/lib/python3.12/site-packages/airflow/example_dags/example_dag_decorator.py
[2025-03-18T23:15:56.410+0000] {processor.py:914} INFO - Processing file /home/airflow/.local/lib/python3.12/site-packages/airflow/example_dags/example_dag_decorator.py for tasks to queue
[2025-03-18T23:15:56.416+0000] {logging_mixin.py:190} INFO - [2025-03-18T23:15:56.415+0000] {dagbag.py:588} INFO - Filling up the DagBag from /home/airflow/.local/lib/python3.12/site-packages/airflow/example_dags/example_dag_decorator.py
[2025-03-18T23:15:56.846+0000] {processor.py:925} INFO - DAG(s) 'example_dag_decorator' retrieved from /home/airflow/.local/lib/python3.12/site-packages/airflow/example_dags/example_dag_decorator.py
[2025-03-18T23:15:56.960+0000] {logging_mixin.py:190} INFO - [2025-03-18T23:15:56.960+0000] {dag.py:3239} INFO - Sync 1 DAGs
[2025-03-18T23:15:56.971+0000] {logging_mixin.py:190} INFO - [2025-03-18T23:15:56.971+0000] {dag.py:4180} INFO - Setting next_dagrun for example_dag_decorator to None, run_after=None
[2025-03-18T23:15:56.989+0000] {processor.py:208} INFO - Processing /home/airflow/.local/lib/python3.12/site-packages/airflow/example_dags/example_dag_decorator.py took 0.596 seconds
[2025-03-18T23:16:27.114+0000] {processor.py:186} INFO - Started process (PID=3781) to work on /home/airflow/.local/lib/python3.12/site-packages/airflow/example_dags/example_dag_decorator.py
[2025-03-18T23:16:27.125+0000] {processor.py:914} INFO - Processing file /home/airflow/.local/lib/python3.12/site-packages/airflow/example_dags/example_dag_decorator.py for tasks to queue
[2025-03-18T23:16:27.128+0000] {logging_mixin.py:190} INFO - [2025-03-18T23:16:27.127+0000] {dagbag.py:588} INFO - Filling up the DagBag from /home/airflow/.local/lib/python3.12/site-packages/airflow/example_dags/example_dag_decorator.py
[2025-03-18T23:16:27.444+0000] {processor.py:925} INFO - DAG(s) 'example_dag_decorator' retrieved from /home/airflow/.local/lib/python3.12/site-packages/airflow/example_dags/example_dag_decorator.py
[2025-03-18T23:16:27.591+0000] {logging_mixin.py:190} INFO - [2025-03-18T23:16:27.590+0000] {dag.py:3239} INFO - Sync 1 DAGs
[2025-03-18T23:16:27.612+0000] {logging_mixin.py:190} INFO - [2025-03-18T23:16:27.612+0000] {dag.py:4180} INFO - Setting next_dagrun for example_dag_decorator to None, run_after=None
[2025-03-18T23:16:27.643+0000] {processor.py:208} INFO - Processing /home/airflow/.local/lib/python3.12/site-packages/airflow/example_dags/example_dag_decorator.py took 0.535 seconds
[2025-03-18T23:16:58.379+0000] {processor.py:186} INFO - Started process (PID=3845) to work on /home/airflow/.local/lib/python3.12/site-packages/airflow/example_dags/example_dag_decorator.py
[2025-03-18T23:16:58.384+0000] {processor.py:914} INFO - Processing file /home/airflow/.local/lib/python3.12/site-packages/airflow/example_dags/example_dag_decorator.py for tasks to queue
[2025-03-18T23:16:58.386+0000] {logging_mixin.py:190} INFO - [2025-03-18T23:16:58.386+0000] {dagbag.py:588} INFO - Filling up the DagBag from /home/airflow/.local/lib/python3.12/site-packages/airflow/example_dags/example_dag_decorator.py
[2025-03-18T23:16:58.936+0000] {processor.py:925} INFO - DAG(s) 'example_dag_decorator' retrieved from /home/airflow/.local/lib/python3.12/site-packages/airflow/example_dags/example_dag_decorator.py
[2025-03-18T23:16:59.166+0000] {logging_mixin.py:190} INFO - [2025-03-18T23:16:59.165+0000] {dag.py:3239} INFO - Sync 1 DAGs
[2025-03-18T23:16:59.181+0000] {logging_mixin.py:190} INFO - [2025-03-18T23:16:59.181+0000] {dag.py:4180} INFO - Setting next_dagrun for example_dag_decorator to None, run_after=None
[2025-03-18T23:16:59.223+0000] {processor.py:208} INFO - Processing /home/airflow/.local/lib/python3.12/site-packages/airflow/example_dags/example_dag_decorator.py took 0.850 seconds
[2025-03-18T23:17:29.326+0000] {processor.py:186} INFO - Started process (PID=3911) to work on /home/airflow/.local/lib/python3.12/site-packages/airflow/example_dags/example_dag_decorator.py
[2025-03-18T23:17:29.332+0000] {processor.py:914} INFO - Processing file /home/airflow/.local/lib/python3.12/site-packages/airflow/example_dags/example_dag_decorator.py for tasks to queue
[2025-03-18T23:17:29.335+0000] {logging_mixin.py:190} INFO - [2025-03-18T23:17:29.334+0000] {dagbag.py:588} INFO - Filling up the DagBag from /home/airflow/.local/lib/python3.12/site-packages/airflow/example_dags/example_dag_decorator.py
[2025-03-18T23:17:29.609+0000] {processor.py:925} INFO - DAG(s) 'example_dag_decorator' retrieved from /home/airflow/.local/lib/python3.12/site-packages/airflow/example_dags/example_dag_decorator.py
[2025-03-18T23:17:29.706+0000] {logging_mixin.py:190} INFO - [2025-03-18T23:17:29.706+0000] {dag.py:3239} INFO - Sync 1 DAGs
[2025-03-18T23:17:29.716+0000] {logging_mixin.py:190} INFO - [2025-03-18T23:17:29.716+0000] {dag.py:4180} INFO - Setting next_dagrun for example_dag_decorator to None, run_after=None
[2025-03-18T23:17:29.735+0000] {processor.py:208} INFO - Processing /home/airflow/.local/lib/python3.12/site-packages/airflow/example_dags/example_dag_decorator.py took 0.418 seconds
[2025-03-18T23:18:00.542+0000] {processor.py:186} INFO - Started process (PID=3975) to work on /home/airflow/.local/lib/python3.12/site-packages/airflow/example_dags/example_dag_decorator.py
[2025-03-18T23:18:00.542+0000] {processor.py:914} INFO - Processing file /home/airflow/.local/lib/python3.12/site-packages/airflow/example_dags/example_dag_decorator.py for tasks to queue
[2025-03-18T23:18:00.545+0000] {logging_mixin.py:190} INFO - [2025-03-18T23:18:00.545+0000] {dagbag.py:588} INFO - Filling up the DagBag from /home/airflow/.local/lib/python3.12/site-packages/airflow/example_dags/example_dag_decorator.py
[2025-03-18T23:18:00.909+0000] {processor.py:925} INFO - DAG(s) 'example_dag_decorator' retrieved from /home/airflow/.local/lib/python3.12/site-packages/airflow/example_dags/example_dag_decorator.py
[2025-03-18T23:18:00.932+0000] {logging_mixin.py:190} INFO - [2025-03-18T23:18:00.932+0000] {dag.py:3239} INFO - Sync 1 DAGs
[2025-03-18T23:18:00.946+0000] {logging_mixin.py:190} INFO - [2025-03-18T23:18:00.946+0000] {dag.py:4180} INFO - Setting next_dagrun for example_dag_decorator to None, run_after=None
[2025-03-18T23:18:00.969+0000] {processor.py:208} INFO - Processing /home/airflow/.local/lib/python3.12/site-packages/airflow/example_dags/example_dag_decorator.py took 0.434 seconds
[2025-03-18T23:18:31.594+0000] {processor.py:186} INFO - Started process (PID=4037) to work on /home/airflow/.local/lib/python3.12/site-packages/airflow/example_dags/example_dag_decorator.py
[2025-03-18T23:18:31.600+0000] {processor.py:914} INFO - Processing file /home/airflow/.local/lib/python3.12/site-packages/airflow/example_dags/example_dag_decorator.py for tasks to queue
[2025-03-18T23:18:31.603+0000] {logging_mixin.py:190} INFO - [2025-03-18T23:18:31.603+0000] {dagbag.py:588} INFO - Filling up the DagBag from /home/airflow/.local/lib/python3.12/site-packages/airflow/example_dags/example_dag_decorator.py
[2025-03-18T23:18:31.940+0000] {processor.py:925} INFO - DAG(s) 'example_dag_decorator' retrieved from /home/airflow/.local/lib/python3.12/site-packages/airflow/example_dags/example_dag_decorator.py
[2025-03-18T23:18:32.049+0000] {logging_mixin.py:190} INFO - [2025-03-18T23:18:32.049+0000] {dag.py:3239} INFO - Sync 1 DAGs
[2025-03-18T23:18:32.066+0000] {logging_mixin.py:190} INFO - [2025-03-18T23:18:32.066+0000] {dag.py:4180} INFO - Setting next_dagrun for example_dag_decorator to None, run_after=None
[2025-03-18T23:18:32.086+0000] {processor.py:208} INFO - Processing /home/airflow/.local/lib/python3.12/site-packages/airflow/example_dags/example_dag_decorator.py took 0.499 seconds
[2025-03-18T23:19:02.271+0000] {processor.py:186} INFO - Started process (PID=4097) to work on /home/airflow/.local/lib/python3.12/site-packages/airflow/example_dags/example_dag_decorator.py
[2025-03-18T23:19:02.272+0000] {processor.py:914} INFO - Processing file /home/airflow/.local/lib/python3.12/site-packages/airflow/example_dags/example_dag_decorator.py for tasks to queue
[2025-03-18T23:19:02.274+0000] {logging_mixin.py:190} INFO - [2025-03-18T23:19:02.274+0000] {dagbag.py:588} INFO - Filling up the DagBag from /home/airflow/.local/lib/python3.12/site-packages/airflow/example_dags/example_dag_decorator.py
[2025-03-18T23:19:02.573+0000] {processor.py:925} INFO - DAG(s) 'example_dag_decorator' retrieved from /home/airflow/.local/lib/python3.12/site-packages/airflow/example_dags/example_dag_decorator.py
[2025-03-18T23:19:02.698+0000] {logging_mixin.py:190} INFO - [2025-03-18T23:19:02.698+0000] {dag.py:3239} INFO - Sync 1 DAGs
[2025-03-18T23:19:02.711+0000] {logging_mixin.py:190} INFO - [2025-03-18T23:19:02.711+0000] {dag.py:4180} INFO - Setting next_dagrun for example_dag_decorator to None, run_after=None
[2025-03-18T23:19:02.734+0000] {processor.py:208} INFO - Processing /home/airflow/.local/lib/python3.12/site-packages/airflow/example_dags/example_dag_decorator.py took 0.469 seconds
[2025-03-18T23:19:33.076+0000] {processor.py:186} INFO - Started process (PID=4159) to work on /home/airflow/.local/lib/python3.12/site-packages/airflow/example_dags/example_dag_decorator.py
[2025-03-18T23:19:33.083+0000] {processor.py:914} INFO - Processing file /home/airflow/.local/lib/python3.12/site-packages/airflow/example_dags/example_dag_decorator.py for tasks to queue
[2025-03-18T23:19:33.086+0000] {logging_mixin.py:190} INFO - [2025-03-18T23:19:33.086+0000] {dagbag.py:588} INFO - Filling up the DagBag from /home/airflow/.local/lib/python3.12/site-packages/airflow/example_dags/example_dag_decorator.py
[2025-03-18T23:19:33.211+0000] {processor.py:925} INFO - DAG(s) 'example_dag_decorator' retrieved from /home/airflow/.local/lib/python3.12/site-packages/airflow/example_dags/example_dag_decorator.py
[2025-03-18T23:19:33.352+0000] {logging_mixin.py:190} INFO - [2025-03-18T23:19:33.351+0000] {dag.py:3239} INFO - Sync 1 DAGs
[2025-03-18T23:19:33.363+0000] {logging_mixin.py:190} INFO - [2025-03-18T23:19:33.363+0000] {dag.py:4180} INFO - Setting next_dagrun for example_dag_decorator to None, run_after=None
[2025-03-18T23:19:33.394+0000] {processor.py:208} INFO - Processing /home/airflow/.local/lib/python3.12/site-packages/airflow/example_dags/example_dag_decorator.py took 0.325 seconds
[2025-03-18T23:20:03.480+0000] {processor.py:186} INFO - Started process (PID=4221) to work on /home/airflow/.local/lib/python3.12/site-packages/airflow/example_dags/example_dag_decorator.py
[2025-03-18T23:20:03.481+0000] {processor.py:914} INFO - Processing file /home/airflow/.local/lib/python3.12/site-packages/airflow/example_dags/example_dag_decorator.py for tasks to queue
[2025-03-18T23:20:03.484+0000] {logging_mixin.py:190} INFO - [2025-03-18T23:20:03.483+0000] {dagbag.py:588} INFO - Filling up the DagBag from /home/airflow/.local/lib/python3.12/site-packages/airflow/example_dags/example_dag_decorator.py
[2025-03-18T23:20:03.576+0000] {processor.py:925} INFO - DAG(s) 'example_dag_decorator' retrieved from /home/airflow/.local/lib/python3.12/site-packages/airflow/example_dags/example_dag_decorator.py
[2025-03-18T23:20:03.685+0000] {logging_mixin.py:190} INFO - [2025-03-18T23:20:03.685+0000] {dag.py:3239} INFO - Sync 1 DAGs
[2025-03-18T23:20:03.696+0000] {logging_mixin.py:190} INFO - [2025-03-18T23:20:03.695+0000] {dag.py:4180} INFO - Setting next_dagrun for example_dag_decorator to None, run_after=None
[2025-03-18T23:20:03.720+0000] {processor.py:208} INFO - Processing /home/airflow/.local/lib/python3.12/site-packages/airflow/example_dags/example_dag_decorator.py took 0.246 seconds
[2025-03-18T23:20:33.766+0000] {processor.py:186} INFO - Started process (PID=4285) to work on /home/airflow/.local/lib/python3.12/site-packages/airflow/example_dags/example_dag_decorator.py
[2025-03-18T23:20:33.767+0000] {processor.py:914} INFO - Processing file /home/airflow/.local/lib/python3.12/site-packages/airflow/example_dags/example_dag_decorator.py for tasks to queue
[2025-03-18T23:20:33.770+0000] {logging_mixin.py:190} INFO - [2025-03-18T23:20:33.769+0000] {dagbag.py:588} INFO - Filling up the DagBag from /home/airflow/.local/lib/python3.12/site-packages/airflow/example_dags/example_dag_decorator.py
[2025-03-18T23:20:33.870+0000] {processor.py:925} INFO - DAG(s) 'example_dag_decorator' retrieved from /home/airflow/.local/lib/python3.12/site-packages/airflow/example_dags/example_dag_decorator.py
[2025-03-18T23:20:34.001+0000] {logging_mixin.py:190} INFO - [2025-03-18T23:20:34.000+0000] {dag.py:3239} INFO - Sync 1 DAGs
[2025-03-18T23:20:34.014+0000] {logging_mixin.py:190} INFO - [2025-03-18T23:20:34.013+0000] {dag.py:4180} INFO - Setting next_dagrun for example_dag_decorator to None, run_after=None
[2025-03-18T23:20:34.033+0000] {processor.py:208} INFO - Processing /home/airflow/.local/lib/python3.12/site-packages/airflow/example_dags/example_dag_decorator.py took 0.274 seconds
[2025-03-18T23:21:04.990+0000] {processor.py:186} INFO - Started process (PID=4347) to work on /home/airflow/.local/lib/python3.12/site-packages/airflow/example_dags/example_dag_decorator.py
[2025-03-18T23:21:04.991+0000] {processor.py:914} INFO - Processing file /home/airflow/.local/lib/python3.12/site-packages/airflow/example_dags/example_dag_decorator.py for tasks to queue
[2025-03-18T23:21:04.994+0000] {logging_mixin.py:190} INFO - [2025-03-18T23:21:04.994+0000] {dagbag.py:588} INFO - Filling up the DagBag from /home/airflow/.local/lib/python3.12/site-packages/airflow/example_dags/example_dag_decorator.py
[2025-03-18T23:21:05.203+0000] {processor.py:925} INFO - DAG(s) 'example_dag_decorator' retrieved from /home/airflow/.local/lib/python3.12/site-packages/airflow/example_dags/example_dag_decorator.py
[2025-03-18T23:21:05.483+0000] {logging_mixin.py:190} INFO - [2025-03-18T23:21:05.483+0000] {dag.py:3239} INFO - Sync 1 DAGs
[2025-03-18T23:21:05.520+0000] {logging_mixin.py:190} INFO - [2025-03-18T23:21:05.519+0000] {dag.py:4180} INFO - Setting next_dagrun for example_dag_decorator to None, run_after=None
[2025-03-18T23:21:05.540+0000] {processor.py:208} INFO - Processing /home/airflow/.local/lib/python3.12/site-packages/airflow/example_dags/example_dag_decorator.py took 0.560 seconds
[2025-03-18T23:21:35.729+0000] {processor.py:186} INFO - Started process (PID=4413) to work on /home/airflow/.local/lib/python3.12/site-packages/airflow/example_dags/example_dag_decorator.py
[2025-03-18T23:21:35.730+0000] {processor.py:914} INFO - Processing file /home/airflow/.local/lib/python3.12/site-packages/airflow/example_dags/example_dag_decorator.py for tasks to queue
[2025-03-18T23:21:35.733+0000] {logging_mixin.py:190} INFO - [2025-03-18T23:21:35.733+0000] {dagbag.py:588} INFO - Filling up the DagBag from /home/airflow/.local/lib/python3.12/site-packages/airflow/example_dags/example_dag_decorator.py
[2025-03-18T23:21:35.835+0000] {processor.py:925} INFO - DAG(s) 'example_dag_decorator' retrieved from /home/airflow/.local/lib/python3.12/site-packages/airflow/example_dags/example_dag_decorator.py
[2025-03-18T23:21:35.949+0000] {logging_mixin.py:190} INFO - [2025-03-18T23:21:35.949+0000] {dag.py:3239} INFO - Sync 1 DAGs
[2025-03-18T23:21:35.960+0000] {logging_mixin.py:190} INFO - [2025-03-18T23:21:35.960+0000] {dag.py:4180} INFO - Setting next_dagrun for example_dag_decorator to None, run_after=None
[2025-03-18T23:21:35.979+0000] {processor.py:208} INFO - Processing /home/airflow/.local/lib/python3.12/site-packages/airflow/example_dags/example_dag_decorator.py took 0.256 seconds
[2025-03-18T23:22:06.303+0000] {processor.py:186} INFO - Started process (PID=4477) to work on /home/airflow/.local/lib/python3.12/site-packages/airflow/example_dags/example_dag_decorator.py
[2025-03-18T23:22:06.304+0000] {processor.py:914} INFO - Processing file /home/airflow/.local/lib/python3.12/site-packages/airflow/example_dags/example_dag_decorator.py for tasks to queue
[2025-03-18T23:22:06.306+0000] {logging_mixin.py:190} INFO - [2025-03-18T23:22:06.305+0000] {dagbag.py:588} INFO - Filling up the DagBag from /home/airflow/.local/lib/python3.12/site-packages/airflow/example_dags/example_dag_decorator.py
[2025-03-18T23:22:06.401+0000] {processor.py:925} INFO - DAG(s) 'example_dag_decorator' retrieved from /home/airflow/.local/lib/python3.12/site-packages/airflow/example_dags/example_dag_decorator.py
[2025-03-18T23:22:06.508+0000] {logging_mixin.py:190} INFO - [2025-03-18T23:22:06.508+0000] {dag.py:3239} INFO - Sync 1 DAGs
[2025-03-18T23:22:06.520+0000] {logging_mixin.py:190} INFO - [2025-03-18T23:22:06.520+0000] {dag.py:4180} INFO - Setting next_dagrun for example_dag_decorator to None, run_after=None
[2025-03-18T23:22:06.544+0000] {processor.py:208} INFO - Processing /home/airflow/.local/lib/python3.12/site-packages/airflow/example_dags/example_dag_decorator.py took 0.247 seconds
[2025-03-18T23:22:36.736+0000] {processor.py:186} INFO - Started process (PID=4541) to work on /home/airflow/.local/lib/python3.12/site-packages/airflow/example_dags/example_dag_decorator.py
[2025-03-18T23:22:36.738+0000] {processor.py:914} INFO - Processing file /home/airflow/.local/lib/python3.12/site-packages/airflow/example_dags/example_dag_decorator.py for tasks to queue
[2025-03-18T23:22:36.740+0000] {logging_mixin.py:190} INFO - [2025-03-18T23:22:36.740+0000] {dagbag.py:588} INFO - Filling up the DagBag from /home/airflow/.local/lib/python3.12/site-packages/airflow/example_dags/example_dag_decorator.py
[2025-03-18T23:22:36.847+0000] {processor.py:925} INFO - DAG(s) 'example_dag_decorator' retrieved from /home/airflow/.local/lib/python3.12/site-packages/airflow/example_dags/example_dag_decorator.py
[2025-03-18T23:22:36.963+0000] {logging_mixin.py:190} INFO - [2025-03-18T23:22:36.962+0000] {dag.py:3239} INFO - Sync 1 DAGs
[2025-03-18T23:22:36.980+0000] {logging_mixin.py:190} INFO - [2025-03-18T23:22:36.980+0000] {dag.py:4180} INFO - Setting next_dagrun for example_dag_decorator to None, run_after=None
[2025-03-18T23:22:37.003+0000] {processor.py:208} INFO - Processing /home/airflow/.local/lib/python3.12/site-packages/airflow/example_dags/example_dag_decorator.py took 0.274 seconds
[2025-03-18T23:23:07.221+0000] {processor.py:186} INFO - Started process (PID=4604) to work on /home/airflow/.local/lib/python3.12/site-packages/airflow/example_dags/example_dag_decorator.py
[2025-03-18T23:23:07.222+0000] {processor.py:914} INFO - Processing file /home/airflow/.local/lib/python3.12/site-packages/airflow/example_dags/example_dag_decorator.py for tasks to queue
[2025-03-18T23:23:07.226+0000] {logging_mixin.py:190} INFO - [2025-03-18T23:23:07.226+0000] {dagbag.py:588} INFO - Filling up the DagBag from /home/airflow/.local/lib/python3.12/site-packages/airflow/example_dags/example_dag_decorator.py
[2025-03-18T23:23:07.316+0000] {processor.py:925} INFO - DAG(s) 'example_dag_decorator' retrieved from /home/airflow/.local/lib/python3.12/site-packages/airflow/example_dags/example_dag_decorator.py
[2025-03-18T23:23:07.422+0000] {logging_mixin.py:190} INFO - [2025-03-18T23:23:07.422+0000] {dag.py:3239} INFO - Sync 1 DAGs
[2025-03-18T23:23:07.433+0000] {logging_mixin.py:190} INFO - [2025-03-18T23:23:07.433+0000] {dag.py:4180} INFO - Setting next_dagrun for example_dag_decorator to None, run_after=None
[2025-03-18T23:23:07.457+0000] {processor.py:208} INFO - Processing /home/airflow/.local/lib/python3.12/site-packages/airflow/example_dags/example_dag_decorator.py took 0.245 seconds
[2025-03-18T23:23:37.506+0000] {processor.py:186} INFO - Started process (PID=4661) to work on /home/airflow/.local/lib/python3.12/site-packages/airflow/example_dags/example_dag_decorator.py
[2025-03-18T23:23:37.508+0000] {processor.py:914} INFO - Processing file /home/airflow/.local/lib/python3.12/site-packages/airflow/example_dags/example_dag_decorator.py for tasks to queue
[2025-03-18T23:23:37.512+0000] {logging_mixin.py:190} INFO - [2025-03-18T23:23:37.511+0000] {dagbag.py:588} INFO - Filling up the DagBag from /home/airflow/.local/lib/python3.12/site-packages/airflow/example_dags/example_dag_decorator.py
[2025-03-18T23:23:37.618+0000] {processor.py:925} INFO - DAG(s) 'example_dag_decorator' retrieved from /home/airflow/.local/lib/python3.12/site-packages/airflow/example_dags/example_dag_decorator.py
[2025-03-18T23:23:37.744+0000] {logging_mixin.py:190} INFO - [2025-03-18T23:23:37.743+0000] {dag.py:3239} INFO - Sync 1 DAGs
[2025-03-18T23:23:37.758+0000] {logging_mixin.py:190} INFO - [2025-03-18T23:23:37.757+0000] {dag.py:4180} INFO - Setting next_dagrun for example_dag_decorator to None, run_after=None
[2025-03-18T23:23:37.779+0000] {processor.py:208} INFO - Processing /home/airflow/.local/lib/python3.12/site-packages/airflow/example_dags/example_dag_decorator.py took 0.283 seconds
[2025-03-18T23:24:08.121+0000] {processor.py:186} INFO - Started process (PID=4720) to work on /home/airflow/.local/lib/python3.12/site-packages/airflow/example_dags/example_dag_decorator.py
[2025-03-18T23:24:08.124+0000] {processor.py:914} INFO - Processing file /home/airflow/.local/lib/python3.12/site-packages/airflow/example_dags/example_dag_decorator.py for tasks to queue
[2025-03-18T23:24:08.133+0000] {logging_mixin.py:190} INFO - [2025-03-18T23:24:08.133+0000] {dagbag.py:588} INFO - Filling up the DagBag from /home/airflow/.local/lib/python3.12/site-packages/airflow/example_dags/example_dag_decorator.py
[2025-03-18T23:24:08.284+0000] {processor.py:925} INFO - DAG(s) 'example_dag_decorator' retrieved from /home/airflow/.local/lib/python3.12/site-packages/airflow/example_dags/example_dag_decorator.py
[2025-03-18T23:24:08.408+0000] {logging_mixin.py:190} INFO - [2025-03-18T23:24:08.408+0000] {dag.py:3239} INFO - Sync 1 DAGs
[2025-03-18T23:24:08.421+0000] {logging_mixin.py:190} INFO - [2025-03-18T23:24:08.420+0000] {dag.py:4180} INFO - Setting next_dagrun for example_dag_decorator to None, run_after=None
[2025-03-18T23:24:08.441+0000] {processor.py:208} INFO - Processing /home/airflow/.local/lib/python3.12/site-packages/airflow/example_dags/example_dag_decorator.py took 0.332 seconds
