[2025-03-18T22:45:26.435+0000] {processor.py:186} INFO - Started process (PID=112) to work on /home/airflow/.local/lib/python3.12/site-packages/airflow/example_dags/tutorial.py
[2025-03-18T22:45:26.435+0000] {processor.py:914} INFO - Processing file /home/airflow/.local/lib/python3.12/site-packages/airflow/example_dags/tutorial.py for tasks to queue
[2025-03-18T22:45:26.438+0000] {logging_mixin.py:190} INFO - [2025-03-18T22:45:26.438+0000] {dagbag.py:588} INFO - Filling up the DagBag from /home/airflow/.local/lib/python3.12/site-packages/airflow/example_dags/tutorial.py
[2025-03-18T22:45:26.488+0000] {processor.py:925} INFO - DAG(s) 'tutorial' retrieved from /home/airflow/.local/lib/python3.12/site-packages/airflow/example_dags/tutorial.py
[2025-03-18T22:45:26.904+0000] {logging_mixin.py:190} INFO - [2025-03-18T22:45:26.900+0000] {override.py:1912} INFO - Created Permission View: can read on DAG:tutorial
[2025-03-18T22:45:27.193+0000] {logging_mixin.py:190} INFO - [2025-03-18T22:45:27.193+0000] {override.py:1912} INFO - Created Permission View: can edit on DAG:tutorial
[2025-03-18T22:45:27.315+0000] {logging_mixin.py:190} INFO - [2025-03-18T22:45:27.315+0000] {override.py:1912} INFO - Created Permission View: can delete on DAG:tutorial
[2025-03-18T22:45:27.457+0000] {logging_mixin.py:190} INFO - [2025-03-18T22:45:27.456+0000] {override.py:1912} INFO - Created Permission View: can read on DAG Run:tutorial
[2025-03-18T22:45:27.503+0000] {logging_mixin.py:190} INFO - [2025-03-18T22:45:27.502+0000] {override.py:1912} INFO - Created Permission View: can delete on DAG Run:tutorial
[2025-03-18T22:45:27.571+0000] {logging_mixin.py:190} INFO - [2025-03-18T22:45:27.570+0000] {override.py:1912} INFO - Created Permission View: can create on DAG Run:tutorial
[2025-03-18T22:45:27.639+0000] {logging_mixin.py:190} INFO - [2025-03-18T22:45:27.639+0000] {override.py:1912} INFO - Created Permission View: menu access on DAG Run:tutorial
[2025-03-18T22:45:27.641+0000] {logging_mixin.py:190} INFO - [2025-03-18T22:45:27.640+0000] {dag.py:3239} INFO - Sync 1 DAGs
[2025-03-18T22:45:27.739+0000] {logging_mixin.py:190} INFO - [2025-03-18T22:45:27.738+0000] {dag.py:3262} INFO - Creating ORM DAG for tutorial
[2025-03-18T22:45:27.911+0000] {logging_mixin.py:190} INFO - [2025-03-18T22:45:27.911+0000] {dag.py:4180} INFO - Setting next_dagrun for tutorial to 2025-03-17 00:00:00+00:00, run_after=2025-03-18 00:00:00+00:00
[2025-03-18T22:45:28.023+0000] {processor.py:208} INFO - Processing /home/airflow/.local/lib/python3.12/site-packages/airflow/example_dags/tutorial.py took 1.606 seconds
[2025-03-18T22:46:17.027+0000] {processor.py:186} INFO - Started process (PID=176) to work on /home/airflow/.local/lib/python3.12/site-packages/airflow/example_dags/tutorial.py
[2025-03-18T22:46:17.030+0000] {processor.py:914} INFO - Processing file /home/airflow/.local/lib/python3.12/site-packages/airflow/example_dags/tutorial.py for tasks to queue
[2025-03-18T22:46:17.034+0000] {logging_mixin.py:190} INFO - [2025-03-18T22:46:17.034+0000] {dagbag.py:588} INFO - Filling up the DagBag from /home/airflow/.local/lib/python3.12/site-packages/airflow/example_dags/tutorial.py
[2025-03-18T22:46:17.049+0000] {processor.py:925} INFO - DAG(s) 'tutorial' retrieved from /home/airflow/.local/lib/python3.12/site-packages/airflow/example_dags/tutorial.py
[2025-03-18T22:46:17.082+0000] {logging_mixin.py:190} INFO - [2025-03-18T22:46:17.081+0000] {dag.py:3239} INFO - Sync 1 DAGs
[2025-03-18T22:46:17.119+0000] {logging_mixin.py:190} INFO - [2025-03-18T22:46:17.119+0000] {dag.py:4180} INFO - Setting next_dagrun for tutorial to 2025-03-17 00:00:00+00:00, run_after=2025-03-18 00:00:00+00:00
[2025-03-18T22:46:17.151+0000] {processor.py:208} INFO - Processing /home/airflow/.local/lib/python3.12/site-packages/airflow/example_dags/tutorial.py took 0.134 seconds
[2025-03-18T22:46:48.134+0000] {processor.py:186} INFO - Started process (PID=239) to work on /home/airflow/.local/lib/python3.12/site-packages/airflow/example_dags/tutorial.py
[2025-03-18T22:46:48.136+0000] {processor.py:914} INFO - Processing file /home/airflow/.local/lib/python3.12/site-packages/airflow/example_dags/tutorial.py for tasks to queue
[2025-03-18T22:46:48.139+0000] {logging_mixin.py:190} INFO - [2025-03-18T22:46:48.138+0000] {dagbag.py:588} INFO - Filling up the DagBag from /home/airflow/.local/lib/python3.12/site-packages/airflow/example_dags/tutorial.py
[2025-03-18T22:46:48.153+0000] {processor.py:925} INFO - DAG(s) 'tutorial' retrieved from /home/airflow/.local/lib/python3.12/site-packages/airflow/example_dags/tutorial.py
[2025-03-18T22:46:48.182+0000] {logging_mixin.py:190} INFO - [2025-03-18T22:46:48.182+0000] {dag.py:3239} INFO - Sync 1 DAGs
[2025-03-18T22:46:48.228+0000] {logging_mixin.py:190} INFO - [2025-03-18T22:46:48.228+0000] {dag.py:4180} INFO - Setting next_dagrun for tutorial to 2025-03-17 00:00:00+00:00, run_after=2025-03-18 00:00:00+00:00
[2025-03-18T22:46:48.257+0000] {processor.py:208} INFO - Processing /home/airflow/.local/lib/python3.12/site-packages/airflow/example_dags/tutorial.py took 0.130 seconds
[2025-03-18T22:47:24.771+0000] {processor.py:186} INFO - Started process (PID=303) to work on /home/airflow/.local/lib/python3.12/site-packages/airflow/example_dags/tutorial.py
[2025-03-18T22:47:24.784+0000] {processor.py:914} INFO - Processing file /home/airflow/.local/lib/python3.12/site-packages/airflow/example_dags/tutorial.py for tasks to queue
[2025-03-18T22:47:24.790+0000] {logging_mixin.py:190} INFO - [2025-03-18T22:47:24.789+0000] {dagbag.py:588} INFO - Filling up the DagBag from /home/airflow/.local/lib/python3.12/site-packages/airflow/example_dags/tutorial.py
[2025-03-18T22:47:24.807+0000] {processor.py:925} INFO - DAG(s) 'tutorial' retrieved from /home/airflow/.local/lib/python3.12/site-packages/airflow/example_dags/tutorial.py
[2025-03-18T22:47:24.848+0000] {logging_mixin.py:190} INFO - [2025-03-18T22:47:24.847+0000] {dag.py:3239} INFO - Sync 1 DAGs
[2025-03-18T22:47:24.879+0000] {logging_mixin.py:190} INFO - [2025-03-18T22:47:24.879+0000] {dag.py:4180} INFO - Setting next_dagrun for tutorial to 2025-03-17 00:00:00+00:00, run_after=2025-03-18 00:00:00+00:00
[2025-03-18T22:47:24.923+0000] {processor.py:208} INFO - Processing /home/airflow/.local/lib/python3.12/site-packages/airflow/example_dags/tutorial.py took 0.162 seconds
[2025-03-18T22:47:59.936+0000] {processor.py:186} INFO - Started process (PID=372) to work on /home/airflow/.local/lib/python3.12/site-packages/airflow/example_dags/tutorial.py
[2025-03-18T22:48:00.056+0000] {processor.py:914} INFO - Processing file /home/airflow/.local/lib/python3.12/site-packages/airflow/example_dags/tutorial.py for tasks to queue
[2025-03-18T22:48:00.059+0000] {logging_mixin.py:190} INFO - [2025-03-18T22:48:00.058+0000] {dagbag.py:588} INFO - Filling up the DagBag from /home/airflow/.local/lib/python3.12/site-packages/airflow/example_dags/tutorial.py
[2025-03-18T22:48:00.331+0000] {processor.py:925} INFO - DAG(s) 'tutorial' retrieved from /home/airflow/.local/lib/python3.12/site-packages/airflow/example_dags/tutorial.py
[2025-03-18T22:48:00.635+0000] {logging_mixin.py:190} INFO - [2025-03-18T22:48:00.635+0000] {dag.py:3239} INFO - Sync 1 DAGs
[2025-03-18T22:48:01.792+0000] {logging_mixin.py:190} INFO - [2025-03-18T22:48:01.792+0000] {dag.py:4180} INFO - Setting next_dagrun for tutorial to 2025-03-17 00:00:00+00:00, run_after=2025-03-18 00:00:00+00:00
[2025-03-18T22:48:03.384+0000] {processor.py:208} INFO - Processing /home/airflow/.local/lib/python3.12/site-packages/airflow/example_dags/tutorial.py took 3.468 seconds
[2025-03-18T22:48:33.891+0000] {processor.py:186} INFO - Started process (PID=435) to work on /home/airflow/.local/lib/python3.12/site-packages/airflow/example_dags/tutorial.py
[2025-03-18T22:48:33.892+0000] {processor.py:914} INFO - Processing file /home/airflow/.local/lib/python3.12/site-packages/airflow/example_dags/tutorial.py for tasks to queue
[2025-03-18T22:48:33.894+0000] {logging_mixin.py:190} INFO - [2025-03-18T22:48:33.894+0000] {dagbag.py:588} INFO - Filling up the DagBag from /home/airflow/.local/lib/python3.12/site-packages/airflow/example_dags/tutorial.py
[2025-03-18T22:48:33.907+0000] {processor.py:925} INFO - DAG(s) 'tutorial' retrieved from /home/airflow/.local/lib/python3.12/site-packages/airflow/example_dags/tutorial.py
[2025-03-18T22:48:33.941+0000] {logging_mixin.py:190} INFO - [2025-03-18T22:48:33.940+0000] {dag.py:3239} INFO - Sync 1 DAGs
[2025-03-18T22:48:33.974+0000] {logging_mixin.py:190} INFO - [2025-03-18T22:48:33.974+0000] {dag.py:4180} INFO - Setting next_dagrun for tutorial to 2025-03-17 00:00:00+00:00, run_after=2025-03-18 00:00:00+00:00
[2025-03-18T22:48:34.014+0000] {processor.py:208} INFO - Processing /home/airflow/.local/lib/python3.12/site-packages/airflow/example_dags/tutorial.py took 0.135 seconds
[2025-03-18T22:49:04.414+0000] {processor.py:186} INFO - Started process (PID=498) to work on /home/airflow/.local/lib/python3.12/site-packages/airflow/example_dags/tutorial.py
[2025-03-18T22:49:04.420+0000] {processor.py:914} INFO - Processing file /home/airflow/.local/lib/python3.12/site-packages/airflow/example_dags/tutorial.py for tasks to queue
[2025-03-18T22:49:04.425+0000] {logging_mixin.py:190} INFO - [2025-03-18T22:49:04.425+0000] {dagbag.py:588} INFO - Filling up the DagBag from /home/airflow/.local/lib/python3.12/site-packages/airflow/example_dags/tutorial.py
[2025-03-18T22:49:04.438+0000] {processor.py:925} INFO - DAG(s) 'tutorial' retrieved from /home/airflow/.local/lib/python3.12/site-packages/airflow/example_dags/tutorial.py
[2025-03-18T22:49:04.471+0000] {logging_mixin.py:190} INFO - [2025-03-18T22:49:04.471+0000] {dag.py:3239} INFO - Sync 1 DAGs
[2025-03-18T22:49:04.508+0000] {logging_mixin.py:190} INFO - [2025-03-18T22:49:04.507+0000] {dag.py:4180} INFO - Setting next_dagrun for tutorial to 2025-03-17 00:00:00+00:00, run_after=2025-03-18 00:00:00+00:00
[2025-03-18T22:49:04.535+0000] {processor.py:208} INFO - Processing /home/airflow/.local/lib/python3.12/site-packages/airflow/example_dags/tutorial.py took 0.140 seconds
[2025-03-18T22:49:35.349+0000] {processor.py:186} INFO - Started process (PID=555) to work on /home/airflow/.local/lib/python3.12/site-packages/airflow/example_dags/tutorial.py
[2025-03-18T22:49:35.351+0000] {processor.py:914} INFO - Processing file /home/airflow/.local/lib/python3.12/site-packages/airflow/example_dags/tutorial.py for tasks to queue
[2025-03-18T22:49:35.357+0000] {logging_mixin.py:190} INFO - [2025-03-18T22:49:35.355+0000] {dagbag.py:588} INFO - Filling up the DagBag from /home/airflow/.local/lib/python3.12/site-packages/airflow/example_dags/tutorial.py
[2025-03-18T22:49:35.370+0000] {processor.py:925} INFO - DAG(s) 'tutorial' retrieved from /home/airflow/.local/lib/python3.12/site-packages/airflow/example_dags/tutorial.py
[2025-03-18T22:49:35.406+0000] {logging_mixin.py:190} INFO - [2025-03-18T22:49:35.406+0000] {dag.py:3239} INFO - Sync 1 DAGs
[2025-03-18T22:49:35.445+0000] {logging_mixin.py:190} INFO - [2025-03-18T22:49:35.444+0000] {dag.py:4180} INFO - Setting next_dagrun for tutorial to 2025-03-17 00:00:00+00:00, run_after=2025-03-18 00:00:00+00:00
[2025-03-18T22:49:35.496+0000] {processor.py:208} INFO - Processing /home/airflow/.local/lib/python3.12/site-packages/airflow/example_dags/tutorial.py took 0.160 seconds
[2025-03-18T22:50:06.845+0000] {processor.py:186} INFO - Started process (PID=618) to work on /home/airflow/.local/lib/python3.12/site-packages/airflow/example_dags/tutorial.py
[2025-03-18T22:50:06.850+0000] {processor.py:914} INFO - Processing file /home/airflow/.local/lib/python3.12/site-packages/airflow/example_dags/tutorial.py for tasks to queue
[2025-03-18T22:50:06.853+0000] {logging_mixin.py:190} INFO - [2025-03-18T22:50:06.852+0000] {dagbag.py:588} INFO - Filling up the DagBag from /home/airflow/.local/lib/python3.12/site-packages/airflow/example_dags/tutorial.py
[2025-03-18T22:50:06.872+0000] {processor.py:925} INFO - DAG(s) 'tutorial' retrieved from /home/airflow/.local/lib/python3.12/site-packages/airflow/example_dags/tutorial.py
[2025-03-18T22:50:06.910+0000] {logging_mixin.py:190} INFO - [2025-03-18T22:50:06.910+0000] {dag.py:3239} INFO - Sync 1 DAGs
[2025-03-18T22:50:06.957+0000] {logging_mixin.py:190} INFO - [2025-03-18T22:50:06.956+0000] {dag.py:4180} INFO - Setting next_dagrun for tutorial to 2025-03-17 00:00:00+00:00, run_after=2025-03-18 00:00:00+00:00
[2025-03-18T22:50:07.023+0000] {processor.py:208} INFO - Processing /home/airflow/.local/lib/python3.12/site-packages/airflow/example_dags/tutorial.py took 0.186 seconds
[2025-03-18T22:50:40.852+0000] {processor.py:186} INFO - Started process (PID=681) to work on /home/airflow/.local/lib/python3.12/site-packages/airflow/example_dags/tutorial.py
[2025-03-18T22:50:40.858+0000] {processor.py:914} INFO - Processing file /home/airflow/.local/lib/python3.12/site-packages/airflow/example_dags/tutorial.py for tasks to queue
[2025-03-18T22:50:40.877+0000] {logging_mixin.py:190} INFO - [2025-03-18T22:50:40.876+0000] {dagbag.py:588} INFO - Filling up the DagBag from /home/airflow/.local/lib/python3.12/site-packages/airflow/example_dags/tutorial.py
[2025-03-18T22:50:40.907+0000] {processor.py:925} INFO - DAG(s) 'tutorial' retrieved from /home/airflow/.local/lib/python3.12/site-packages/airflow/example_dags/tutorial.py
[2025-03-18T22:50:40.987+0000] {logging_mixin.py:190} INFO - [2025-03-18T22:50:40.987+0000] {dag.py:3239} INFO - Sync 1 DAGs
[2025-03-18T22:50:41.068+0000] {logging_mixin.py:190} INFO - [2025-03-18T22:50:41.068+0000] {dag.py:4180} INFO - Setting next_dagrun for tutorial to 2025-03-17 00:00:00+00:00, run_after=2025-03-18 00:00:00+00:00
[2025-03-18T22:50:41.150+0000] {processor.py:208} INFO - Processing /home/airflow/.local/lib/python3.12/site-packages/airflow/example_dags/tutorial.py took 0.333 seconds
[2025-03-18T22:51:12.018+0000] {processor.py:186} INFO - Started process (PID=749) to work on /home/airflow/.local/lib/python3.12/site-packages/airflow/example_dags/tutorial.py
[2025-03-18T22:51:12.024+0000] {processor.py:914} INFO - Processing file /home/airflow/.local/lib/python3.12/site-packages/airflow/example_dags/tutorial.py for tasks to queue
[2025-03-18T22:51:12.035+0000] {logging_mixin.py:190} INFO - [2025-03-18T22:51:12.034+0000] {dagbag.py:588} INFO - Filling up the DagBag from /home/airflow/.local/lib/python3.12/site-packages/airflow/example_dags/tutorial.py
[2025-03-18T22:51:12.053+0000] {processor.py:925} INFO - DAG(s) 'tutorial' retrieved from /home/airflow/.local/lib/python3.12/site-packages/airflow/example_dags/tutorial.py
[2025-03-18T22:51:12.084+0000] {logging_mixin.py:190} INFO - [2025-03-18T22:51:12.084+0000] {dag.py:3239} INFO - Sync 1 DAGs
[2025-03-18T22:51:12.131+0000] {logging_mixin.py:190} INFO - [2025-03-18T22:51:12.130+0000] {dag.py:4180} INFO - Setting next_dagrun for tutorial to 2025-03-17 00:00:00+00:00, run_after=2025-03-18 00:00:00+00:00
[2025-03-18T22:51:12.165+0000] {processor.py:208} INFO - Processing /home/airflow/.local/lib/python3.12/site-packages/airflow/example_dags/tutorial.py took 0.166 seconds
[2025-03-18T22:51:42.250+0000] {processor.py:186} INFO - Started process (PID=805) to work on /home/airflow/.local/lib/python3.12/site-packages/airflow/example_dags/tutorial.py
[2025-03-18T22:51:42.251+0000] {processor.py:914} INFO - Processing file /home/airflow/.local/lib/python3.12/site-packages/airflow/example_dags/tutorial.py for tasks to queue
[2025-03-18T22:51:42.259+0000] {logging_mixin.py:190} INFO - [2025-03-18T22:51:42.258+0000] {dagbag.py:588} INFO - Filling up the DagBag from /home/airflow/.local/lib/python3.12/site-packages/airflow/example_dags/tutorial.py
[2025-03-18T22:51:42.275+0000] {processor.py:925} INFO - DAG(s) 'tutorial' retrieved from /home/airflow/.local/lib/python3.12/site-packages/airflow/example_dags/tutorial.py
[2025-03-18T22:51:42.304+0000] {logging_mixin.py:190} INFO - [2025-03-18T22:51:42.304+0000] {dag.py:3239} INFO - Sync 1 DAGs
[2025-03-18T22:51:42.339+0000] {logging_mixin.py:190} INFO - [2025-03-18T22:51:42.339+0000] {dag.py:4180} INFO - Setting next_dagrun for tutorial to 2025-03-17 00:00:00+00:00, run_after=2025-03-18 00:00:00+00:00
[2025-03-18T22:51:42.376+0000] {processor.py:208} INFO - Processing /home/airflow/.local/lib/python3.12/site-packages/airflow/example_dags/tutorial.py took 0.141 seconds
[2025-03-18T22:52:13.665+0000] {processor.py:186} INFO - Started process (PID=869) to work on /home/airflow/.local/lib/python3.12/site-packages/airflow/example_dags/tutorial.py
[2025-03-18T22:52:13.673+0000] {processor.py:914} INFO - Processing file /home/airflow/.local/lib/python3.12/site-packages/airflow/example_dags/tutorial.py for tasks to queue
[2025-03-18T22:52:13.676+0000] {logging_mixin.py:190} INFO - [2025-03-18T22:52:13.675+0000] {dagbag.py:588} INFO - Filling up the DagBag from /home/airflow/.local/lib/python3.12/site-packages/airflow/example_dags/tutorial.py
[2025-03-18T22:52:13.693+0000] {processor.py:925} INFO - DAG(s) 'tutorial' retrieved from /home/airflow/.local/lib/python3.12/site-packages/airflow/example_dags/tutorial.py
[2025-03-18T22:52:13.758+0000] {logging_mixin.py:190} INFO - [2025-03-18T22:52:13.757+0000] {dag.py:3239} INFO - Sync 1 DAGs
[2025-03-18T22:52:13.806+0000] {logging_mixin.py:190} INFO - [2025-03-18T22:52:13.805+0000] {dag.py:4180} INFO - Setting next_dagrun for tutorial to 2025-03-17 00:00:00+00:00, run_after=2025-03-18 00:00:00+00:00
[2025-03-18T22:52:13.847+0000] {processor.py:208} INFO - Processing /home/airflow/.local/lib/python3.12/site-packages/airflow/example_dags/tutorial.py took 0.189 seconds
[2025-03-18T22:52:47.457+0000] {processor.py:186} INFO - Started process (PID=933) to work on /home/airflow/.local/lib/python3.12/site-packages/airflow/example_dags/tutorial.py
[2025-03-18T22:52:47.458+0000] {processor.py:914} INFO - Processing file /home/airflow/.local/lib/python3.12/site-packages/airflow/example_dags/tutorial.py for tasks to queue
[2025-03-18T22:52:47.461+0000] {logging_mixin.py:190} INFO - [2025-03-18T22:52:47.460+0000] {dagbag.py:588} INFO - Filling up the DagBag from /home/airflow/.local/lib/python3.12/site-packages/airflow/example_dags/tutorial.py
[2025-03-18T22:52:47.473+0000] {processor.py:925} INFO - DAG(s) 'tutorial' retrieved from /home/airflow/.local/lib/python3.12/site-packages/airflow/example_dags/tutorial.py
[2025-03-18T22:52:47.501+0000] {logging_mixin.py:190} INFO - [2025-03-18T22:52:47.501+0000] {dag.py:3239} INFO - Sync 1 DAGs
[2025-03-18T22:52:47.537+0000] {logging_mixin.py:190} INFO - [2025-03-18T22:52:47.536+0000] {dag.py:4180} INFO - Setting next_dagrun for tutorial to 2025-03-17 00:00:00+00:00, run_after=2025-03-18 00:00:00+00:00
[2025-03-18T22:52:47.586+0000] {processor.py:208} INFO - Processing /home/airflow/.local/lib/python3.12/site-packages/airflow/example_dags/tutorial.py took 0.141 seconds
[2025-03-18T22:53:21.992+0000] {processor.py:186} INFO - Started process (PID=1001) to work on /home/airflow/.local/lib/python3.12/site-packages/airflow/example_dags/tutorial.py
[2025-03-18T22:53:22.000+0000] {processor.py:914} INFO - Processing file /home/airflow/.local/lib/python3.12/site-packages/airflow/example_dags/tutorial.py for tasks to queue
[2025-03-18T22:53:22.004+0000] {logging_mixin.py:190} INFO - [2025-03-18T22:53:22.003+0000] {dagbag.py:588} INFO - Filling up the DagBag from /home/airflow/.local/lib/python3.12/site-packages/airflow/example_dags/tutorial.py
[2025-03-18T22:53:22.022+0000] {processor.py:925} INFO - DAG(s) 'tutorial' retrieved from /home/airflow/.local/lib/python3.12/site-packages/airflow/example_dags/tutorial.py
[2025-03-18T22:53:22.051+0000] {logging_mixin.py:190} INFO - [2025-03-18T22:53:22.051+0000] {dag.py:3239} INFO - Sync 1 DAGs
[2025-03-18T22:53:22.084+0000] {logging_mixin.py:190} INFO - [2025-03-18T22:53:22.084+0000] {dag.py:4180} INFO - Setting next_dagrun for tutorial to 2025-03-17 00:00:00+00:00, run_after=2025-03-18 00:00:00+00:00
[2025-03-18T22:53:22.133+0000] {processor.py:208} INFO - Processing /home/airflow/.local/lib/python3.12/site-packages/airflow/example_dags/tutorial.py took 0.155 seconds
[2025-03-18T22:53:52.430+0000] {processor.py:186} INFO - Started process (PID=1064) to work on /home/airflow/.local/lib/python3.12/site-packages/airflow/example_dags/tutorial.py
[2025-03-18T22:53:52.431+0000] {processor.py:914} INFO - Processing file /home/airflow/.local/lib/python3.12/site-packages/airflow/example_dags/tutorial.py for tasks to queue
[2025-03-18T22:53:52.434+0000] {logging_mixin.py:190} INFO - [2025-03-18T22:53:52.433+0000] {dagbag.py:588} INFO - Filling up the DagBag from /home/airflow/.local/lib/python3.12/site-packages/airflow/example_dags/tutorial.py
[2025-03-18T22:53:52.442+0000] {processor.py:925} INFO - DAG(s) 'tutorial' retrieved from /home/airflow/.local/lib/python3.12/site-packages/airflow/example_dags/tutorial.py
[2025-03-18T22:53:52.466+0000] {logging_mixin.py:190} INFO - [2025-03-18T22:53:52.465+0000] {dag.py:3239} INFO - Sync 1 DAGs
[2025-03-18T22:53:52.500+0000] {logging_mixin.py:190} INFO - [2025-03-18T22:53:52.500+0000] {dag.py:4180} INFO - Setting next_dagrun for tutorial to 2025-03-17 00:00:00+00:00, run_after=2025-03-18 00:00:00+00:00
[2025-03-18T22:53:52.525+0000] {processor.py:208} INFO - Processing /home/airflow/.local/lib/python3.12/site-packages/airflow/example_dags/tutorial.py took 0.102 seconds
[2025-03-18T22:54:23.160+0000] {processor.py:186} INFO - Started process (PID=1121) to work on /home/airflow/.local/lib/python3.12/site-packages/airflow/example_dags/tutorial.py
[2025-03-18T22:54:23.181+0000] {processor.py:914} INFO - Processing file /home/airflow/.local/lib/python3.12/site-packages/airflow/example_dags/tutorial.py for tasks to queue
[2025-03-18T22:54:23.195+0000] {logging_mixin.py:190} INFO - [2025-03-18T22:54:23.189+0000] {dagbag.py:588} INFO - Filling up the DagBag from /home/airflow/.local/lib/python3.12/site-packages/airflow/example_dags/tutorial.py
[2025-03-18T22:54:23.228+0000] {processor.py:925} INFO - DAG(s) 'tutorial' retrieved from /home/airflow/.local/lib/python3.12/site-packages/airflow/example_dags/tutorial.py
[2025-03-18T22:54:23.272+0000] {logging_mixin.py:190} INFO - [2025-03-18T22:54:23.272+0000] {dag.py:3239} INFO - Sync 1 DAGs
[2025-03-18T22:54:23.326+0000] {logging_mixin.py:190} INFO - [2025-03-18T22:54:23.326+0000] {dag.py:4180} INFO - Setting next_dagrun for tutorial to 2025-03-17 00:00:00+00:00, run_after=2025-03-18 00:00:00+00:00
[2025-03-18T22:54:23.374+0000] {processor.py:208} INFO - Processing /home/airflow/.local/lib/python3.12/site-packages/airflow/example_dags/tutorial.py took 0.223 seconds
[2025-03-18T22:54:53.427+0000] {processor.py:186} INFO - Started process (PID=1184) to work on /home/airflow/.local/lib/python3.12/site-packages/airflow/example_dags/tutorial.py
[2025-03-18T22:54:53.432+0000] {processor.py:914} INFO - Processing file /home/airflow/.local/lib/python3.12/site-packages/airflow/example_dags/tutorial.py for tasks to queue
[2025-03-18T22:54:53.435+0000] {logging_mixin.py:190} INFO - [2025-03-18T22:54:53.434+0000] {dagbag.py:588} INFO - Filling up the DagBag from /home/airflow/.local/lib/python3.12/site-packages/airflow/example_dags/tutorial.py
[2025-03-18T22:54:53.443+0000] {processor.py:925} INFO - DAG(s) 'tutorial' retrieved from /home/airflow/.local/lib/python3.12/site-packages/airflow/example_dags/tutorial.py
[2025-03-18T22:54:53.465+0000] {logging_mixin.py:190} INFO - [2025-03-18T22:54:53.464+0000] {dag.py:3239} INFO - Sync 1 DAGs
[2025-03-18T22:54:53.489+0000] {logging_mixin.py:190} INFO - [2025-03-18T22:54:53.488+0000] {dag.py:4180} INFO - Setting next_dagrun for tutorial to 2025-03-17 00:00:00+00:00, run_after=2025-03-18 00:00:00+00:00
[2025-03-18T22:54:53.510+0000] {processor.py:208} INFO - Processing /home/airflow/.local/lib/python3.12/site-packages/airflow/example_dags/tutorial.py took 0.090 seconds
[2025-03-18T22:55:24.680+0000] {processor.py:186} INFO - Started process (PID=1247) to work on /home/airflow/.local/lib/python3.12/site-packages/airflow/example_dags/tutorial.py
[2025-03-18T22:55:24.681+0000] {processor.py:914} INFO - Processing file /home/airflow/.local/lib/python3.12/site-packages/airflow/example_dags/tutorial.py for tasks to queue
[2025-03-18T22:55:24.683+0000] {logging_mixin.py:190} INFO - [2025-03-18T22:55:24.683+0000] {dagbag.py:588} INFO - Filling up the DagBag from /home/airflow/.local/lib/python3.12/site-packages/airflow/example_dags/tutorial.py
[2025-03-18T22:55:24.692+0000] {processor.py:925} INFO - DAG(s) 'tutorial' retrieved from /home/airflow/.local/lib/python3.12/site-packages/airflow/example_dags/tutorial.py
[2025-03-18T22:55:24.711+0000] {logging_mixin.py:190} INFO - [2025-03-18T22:55:24.711+0000] {dag.py:3239} INFO - Sync 1 DAGs
[2025-03-18T22:55:24.737+0000] {logging_mixin.py:190} INFO - [2025-03-18T22:55:24.736+0000] {dag.py:4180} INFO - Setting next_dagrun for tutorial to 2025-03-17 00:00:00+00:00, run_after=2025-03-18 00:00:00+00:00
[2025-03-18T22:55:24.763+0000] {processor.py:208} INFO - Processing /home/airflow/.local/lib/python3.12/site-packages/airflow/example_dags/tutorial.py took 0.090 seconds
[2025-03-18T22:55:55.181+0000] {processor.py:186} INFO - Started process (PID=1310) to work on /home/airflow/.local/lib/python3.12/site-packages/airflow/example_dags/tutorial.py
[2025-03-18T22:55:55.183+0000] {processor.py:914} INFO - Processing file /home/airflow/.local/lib/python3.12/site-packages/airflow/example_dags/tutorial.py for tasks to queue
[2025-03-18T22:55:55.186+0000] {logging_mixin.py:190} INFO - [2025-03-18T22:55:55.186+0000] {dagbag.py:588} INFO - Filling up the DagBag from /home/airflow/.local/lib/python3.12/site-packages/airflow/example_dags/tutorial.py
[2025-03-18T22:55:55.195+0000] {processor.py:925} INFO - DAG(s) 'tutorial' retrieved from /home/airflow/.local/lib/python3.12/site-packages/airflow/example_dags/tutorial.py
[2025-03-18T22:55:55.218+0000] {logging_mixin.py:190} INFO - [2025-03-18T22:55:55.218+0000] {dag.py:3239} INFO - Sync 1 DAGs
[2025-03-18T22:55:55.244+0000] {logging_mixin.py:190} INFO - [2025-03-18T22:55:55.244+0000] {dag.py:4180} INFO - Setting next_dagrun for tutorial to 2025-03-17 00:00:00+00:00, run_after=2025-03-18 00:00:00+00:00
[2025-03-18T22:55:55.266+0000] {processor.py:208} INFO - Processing /home/airflow/.local/lib/python3.12/site-packages/airflow/example_dags/tutorial.py took 0.091 seconds
[2025-03-18T22:56:25.881+0000] {processor.py:186} INFO - Started process (PID=1373) to work on /home/airflow/.local/lib/python3.12/site-packages/airflow/example_dags/tutorial.py
[2025-03-18T22:56:25.881+0000] {processor.py:914} INFO - Processing file /home/airflow/.local/lib/python3.12/site-packages/airflow/example_dags/tutorial.py for tasks to queue
[2025-03-18T22:56:25.884+0000] {logging_mixin.py:190} INFO - [2025-03-18T22:56:25.884+0000] {dagbag.py:588} INFO - Filling up the DagBag from /home/airflow/.local/lib/python3.12/site-packages/airflow/example_dags/tutorial.py
[2025-03-18T22:56:25.893+0000] {processor.py:925} INFO - DAG(s) 'tutorial' retrieved from /home/airflow/.local/lib/python3.12/site-packages/airflow/example_dags/tutorial.py
[2025-03-18T22:56:25.913+0000] {logging_mixin.py:190} INFO - [2025-03-18T22:56:25.912+0000] {dag.py:3239} INFO - Sync 1 DAGs
[2025-03-18T22:56:25.937+0000] {logging_mixin.py:190} INFO - [2025-03-18T22:56:25.936+0000] {dag.py:4180} INFO - Setting next_dagrun for tutorial to 2025-03-17 00:00:00+00:00, run_after=2025-03-18 00:00:00+00:00
[2025-03-18T22:56:25.958+0000] {processor.py:208} INFO - Processing /home/airflow/.local/lib/python3.12/site-packages/airflow/example_dags/tutorial.py took 0.084 seconds
[2025-03-18T22:56:56.389+0000] {processor.py:186} INFO - Started process (PID=1436) to work on /home/airflow/.local/lib/python3.12/site-packages/airflow/example_dags/tutorial.py
[2025-03-18T22:56:56.391+0000] {processor.py:914} INFO - Processing file /home/airflow/.local/lib/python3.12/site-packages/airflow/example_dags/tutorial.py for tasks to queue
[2025-03-18T22:56:56.394+0000] {logging_mixin.py:190} INFO - [2025-03-18T22:56:56.394+0000] {dagbag.py:588} INFO - Filling up the DagBag from /home/airflow/.local/lib/python3.12/site-packages/airflow/example_dags/tutorial.py
[2025-03-18T22:56:56.403+0000] {processor.py:925} INFO - DAG(s) 'tutorial' retrieved from /home/airflow/.local/lib/python3.12/site-packages/airflow/example_dags/tutorial.py
[2025-03-18T22:56:56.425+0000] {logging_mixin.py:190} INFO - [2025-03-18T22:56:56.424+0000] {dag.py:3239} INFO - Sync 1 DAGs
[2025-03-18T22:56:56.452+0000] {logging_mixin.py:190} INFO - [2025-03-18T22:56:56.452+0000] {dag.py:4180} INFO - Setting next_dagrun for tutorial to 2025-03-17 00:00:00+00:00, run_after=2025-03-18 00:00:00+00:00
[2025-03-18T22:56:56.473+0000] {processor.py:208} INFO - Processing /home/airflow/.local/lib/python3.12/site-packages/airflow/example_dags/tutorial.py took 0.091 seconds
[2025-03-18T22:57:27.605+0000] {processor.py:186} INFO - Started process (PID=1499) to work on /home/airflow/.local/lib/python3.12/site-packages/airflow/example_dags/tutorial.py
[2025-03-18T22:57:27.606+0000] {processor.py:914} INFO - Processing file /home/airflow/.local/lib/python3.12/site-packages/airflow/example_dags/tutorial.py for tasks to queue
[2025-03-18T22:57:27.609+0000] {logging_mixin.py:190} INFO - [2025-03-18T22:57:27.608+0000] {dagbag.py:588} INFO - Filling up the DagBag from /home/airflow/.local/lib/python3.12/site-packages/airflow/example_dags/tutorial.py
[2025-03-18T22:57:27.618+0000] {processor.py:925} INFO - DAG(s) 'tutorial' retrieved from /home/airflow/.local/lib/python3.12/site-packages/airflow/example_dags/tutorial.py
[2025-03-18T22:57:27.640+0000] {logging_mixin.py:190} INFO - [2025-03-18T22:57:27.639+0000] {dag.py:3239} INFO - Sync 1 DAGs
[2025-03-18T22:57:27.674+0000] {logging_mixin.py:190} INFO - [2025-03-18T22:57:27.674+0000] {dag.py:4180} INFO - Setting next_dagrun for tutorial to 2025-03-17 00:00:00+00:00, run_after=2025-03-18 00:00:00+00:00
[2025-03-18T22:57:27.711+0000] {processor.py:208} INFO - Processing /home/airflow/.local/lib/python3.12/site-packages/airflow/example_dags/tutorial.py took 0.112 seconds
[2025-03-18T22:58:02.486+0000] {processor.py:186} INFO - Started process (PID=1563) to work on /home/airflow/.local/lib/python3.12/site-packages/airflow/example_dags/tutorial.py
[2025-03-18T22:58:02.498+0000] {processor.py:914} INFO - Processing file /home/airflow/.local/lib/python3.12/site-packages/airflow/example_dags/tutorial.py for tasks to queue
[2025-03-18T22:58:02.500+0000] {logging_mixin.py:190} INFO - [2025-03-18T22:58:02.500+0000] {dagbag.py:588} INFO - Filling up the DagBag from /home/airflow/.local/lib/python3.12/site-packages/airflow/example_dags/tutorial.py
[2025-03-18T22:58:02.509+0000] {processor.py:925} INFO - DAG(s) 'tutorial' retrieved from /home/airflow/.local/lib/python3.12/site-packages/airflow/example_dags/tutorial.py
[2025-03-18T22:58:02.565+0000] {logging_mixin.py:190} INFO - [2025-03-18T22:58:02.564+0000] {dag.py:3239} INFO - Sync 1 DAGs
[2025-03-18T22:58:02.631+0000] {logging_mixin.py:190} INFO - [2025-03-18T22:58:02.630+0000] {dag.py:4180} INFO - Setting next_dagrun for tutorial to 2025-03-17 00:00:00+00:00, run_after=2025-03-18 00:00:00+00:00
[2025-03-18T22:58:02.701+0000] {processor.py:208} INFO - Processing /home/airflow/.local/lib/python3.12/site-packages/airflow/example_dags/tutorial.py took 0.222 seconds
[2025-03-18T22:58:36.237+0000] {processor.py:186} INFO - Started process (PID=1626) to work on /home/airflow/.local/lib/python3.12/site-packages/airflow/example_dags/tutorial.py
[2025-03-18T22:58:36.238+0000] {processor.py:914} INFO - Processing file /home/airflow/.local/lib/python3.12/site-packages/airflow/example_dags/tutorial.py for tasks to queue
[2025-03-18T22:58:36.241+0000] {logging_mixin.py:190} INFO - [2025-03-18T22:58:36.240+0000] {dagbag.py:588} INFO - Filling up the DagBag from /home/airflow/.local/lib/python3.12/site-packages/airflow/example_dags/tutorial.py
[2025-03-18T22:58:36.250+0000] {processor.py:925} INFO - DAG(s) 'tutorial' retrieved from /home/airflow/.local/lib/python3.12/site-packages/airflow/example_dags/tutorial.py
[2025-03-18T22:58:36.270+0000] {logging_mixin.py:190} INFO - [2025-03-18T22:58:36.270+0000] {dag.py:3239} INFO - Sync 1 DAGs
[2025-03-18T22:58:36.295+0000] {logging_mixin.py:190} INFO - [2025-03-18T22:58:36.295+0000] {dag.py:4180} INFO - Setting next_dagrun for tutorial to 2025-03-17 00:00:00+00:00, run_after=2025-03-18 00:00:00+00:00
[2025-03-18T22:58:36.319+0000] {processor.py:208} INFO - Processing /home/airflow/.local/lib/python3.12/site-packages/airflow/example_dags/tutorial.py took 0.088 seconds
[2025-03-18T22:59:10.423+0000] {processor.py:186} INFO - Started process (PID=1693) to work on /home/airflow/.local/lib/python3.12/site-packages/airflow/example_dags/tutorial.py
[2025-03-18T22:59:10.424+0000] {processor.py:914} INFO - Processing file /home/airflow/.local/lib/python3.12/site-packages/airflow/example_dags/tutorial.py for tasks to queue
[2025-03-18T22:59:10.427+0000] {logging_mixin.py:190} INFO - [2025-03-18T22:59:10.427+0000] {dagbag.py:588} INFO - Filling up the DagBag from /home/airflow/.local/lib/python3.12/site-packages/airflow/example_dags/tutorial.py
[2025-03-18T22:59:10.435+0000] {processor.py:925} INFO - DAG(s) 'tutorial' retrieved from /home/airflow/.local/lib/python3.12/site-packages/airflow/example_dags/tutorial.py
[2025-03-18T22:59:10.461+0000] {logging_mixin.py:190} INFO - [2025-03-18T22:59:10.461+0000] {dag.py:3239} INFO - Sync 1 DAGs
[2025-03-18T22:59:10.488+0000] {logging_mixin.py:190} INFO - [2025-03-18T22:59:10.488+0000] {dag.py:4180} INFO - Setting next_dagrun for tutorial to 2025-03-17 00:00:00+00:00, run_after=2025-03-18 00:00:00+00:00
[2025-03-18T22:59:10.511+0000] {processor.py:208} INFO - Processing /home/airflow/.local/lib/python3.12/site-packages/airflow/example_dags/tutorial.py took 0.094 seconds
[2025-03-18T22:59:44.824+0000] {processor.py:186} INFO - Started process (PID=1756) to work on /home/airflow/.local/lib/python3.12/site-packages/airflow/example_dags/tutorial.py
[2025-03-18T22:59:44.825+0000] {processor.py:914} INFO - Processing file /home/airflow/.local/lib/python3.12/site-packages/airflow/example_dags/tutorial.py for tasks to queue
[2025-03-18T22:59:44.828+0000] {logging_mixin.py:190} INFO - [2025-03-18T22:59:44.827+0000] {dagbag.py:588} INFO - Filling up the DagBag from /home/airflow/.local/lib/python3.12/site-packages/airflow/example_dags/tutorial.py
[2025-03-18T22:59:44.836+0000] {processor.py:925} INFO - DAG(s) 'tutorial' retrieved from /home/airflow/.local/lib/python3.12/site-packages/airflow/example_dags/tutorial.py
[2025-03-18T22:59:44.875+0000] {logging_mixin.py:190} INFO - [2025-03-18T22:59:44.875+0000] {dag.py:3239} INFO - Sync 1 DAGs
[2025-03-18T22:59:44.918+0000] {logging_mixin.py:190} INFO - [2025-03-18T22:59:44.918+0000] {dag.py:4180} INFO - Setting next_dagrun for tutorial to 2025-03-17 00:00:00+00:00, run_after=2025-03-18 00:00:00+00:00
[2025-03-18T22:59:44.992+0000] {processor.py:208} INFO - Processing /home/airflow/.local/lib/python3.12/site-packages/airflow/example_dags/tutorial.py took 0.200 seconds
[2025-03-18T23:00:15.958+0000] {processor.py:186} INFO - Started process (PID=1819) to work on /home/airflow/.local/lib/python3.12/site-packages/airflow/example_dags/tutorial.py
[2025-03-18T23:00:15.959+0000] {processor.py:914} INFO - Processing file /home/airflow/.local/lib/python3.12/site-packages/airflow/example_dags/tutorial.py for tasks to queue
[2025-03-18T23:00:15.962+0000] {logging_mixin.py:190} INFO - [2025-03-18T23:00:15.961+0000] {dagbag.py:588} INFO - Filling up the DagBag from /home/airflow/.local/lib/python3.12/site-packages/airflow/example_dags/tutorial.py
[2025-03-18T23:00:15.970+0000] {processor.py:925} INFO - DAG(s) 'tutorial' retrieved from /home/airflow/.local/lib/python3.12/site-packages/airflow/example_dags/tutorial.py
[2025-03-18T23:00:15.990+0000] {logging_mixin.py:190} INFO - [2025-03-18T23:00:15.990+0000] {dag.py:3239} INFO - Sync 1 DAGs
[2025-03-18T23:00:16.020+0000] {logging_mixin.py:190} INFO - [2025-03-18T23:00:16.020+0000] {dag.py:4180} INFO - Setting next_dagrun for tutorial to 2025-03-17 00:00:00+00:00, run_after=2025-03-18 00:00:00+00:00
[2025-03-18T23:00:16.087+0000] {processor.py:208} INFO - Processing /home/airflow/.local/lib/python3.12/site-packages/airflow/example_dags/tutorial.py took 0.135 seconds
[2025-03-18T23:00:46.247+0000] {processor.py:186} INFO - Started process (PID=1882) to work on /home/airflow/.local/lib/python3.12/site-packages/airflow/example_dags/tutorial.py
[2025-03-18T23:00:46.248+0000] {processor.py:914} INFO - Processing file /home/airflow/.local/lib/python3.12/site-packages/airflow/example_dags/tutorial.py for tasks to queue
[2025-03-18T23:00:46.250+0000] {logging_mixin.py:190} INFO - [2025-03-18T23:00:46.250+0000] {dagbag.py:588} INFO - Filling up the DagBag from /home/airflow/.local/lib/python3.12/site-packages/airflow/example_dags/tutorial.py
[2025-03-18T23:00:46.259+0000] {processor.py:925} INFO - DAG(s) 'tutorial' retrieved from /home/airflow/.local/lib/python3.12/site-packages/airflow/example_dags/tutorial.py
[2025-03-18T23:00:46.278+0000] {logging_mixin.py:190} INFO - [2025-03-18T23:00:46.277+0000] {dag.py:3239} INFO - Sync 1 DAGs
[2025-03-18T23:00:46.300+0000] {logging_mixin.py:190} INFO - [2025-03-18T23:00:46.300+0000] {dag.py:4180} INFO - Setting next_dagrun for tutorial to 2025-03-17 00:00:00+00:00, run_after=2025-03-18 00:00:00+00:00
[2025-03-18T23:00:46.321+0000] {processor.py:208} INFO - Processing /home/airflow/.local/lib/python3.12/site-packages/airflow/example_dags/tutorial.py took 0.079 seconds
[2025-03-18T23:01:16.445+0000] {processor.py:186} INFO - Started process (PID=1945) to work on /home/airflow/.local/lib/python3.12/site-packages/airflow/example_dags/tutorial.py
[2025-03-18T23:01:16.446+0000] {processor.py:914} INFO - Processing file /home/airflow/.local/lib/python3.12/site-packages/airflow/example_dags/tutorial.py for tasks to queue
[2025-03-18T23:01:16.449+0000] {logging_mixin.py:190} INFO - [2025-03-18T23:01:16.449+0000] {dagbag.py:588} INFO - Filling up the DagBag from /home/airflow/.local/lib/python3.12/site-packages/airflow/example_dags/tutorial.py
[2025-03-18T23:01:16.457+0000] {processor.py:925} INFO - DAG(s) 'tutorial' retrieved from /home/airflow/.local/lib/python3.12/site-packages/airflow/example_dags/tutorial.py
[2025-03-18T23:01:16.477+0000] {logging_mixin.py:190} INFO - [2025-03-18T23:01:16.477+0000] {dag.py:3239} INFO - Sync 1 DAGs
[2025-03-18T23:01:16.499+0000] {logging_mixin.py:190} INFO - [2025-03-18T23:01:16.499+0000] {dag.py:4180} INFO - Setting next_dagrun for tutorial to 2025-03-17 00:00:00+00:00, run_after=2025-03-18 00:00:00+00:00
[2025-03-18T23:01:16.530+0000] {processor.py:208} INFO - Processing /home/airflow/.local/lib/python3.12/site-packages/airflow/example_dags/tutorial.py took 0.091 seconds
[2025-03-18T23:01:46.937+0000] {processor.py:186} INFO - Started process (PID=2008) to work on /home/airflow/.local/lib/python3.12/site-packages/airflow/example_dags/tutorial.py
[2025-03-18T23:01:46.938+0000] {processor.py:914} INFO - Processing file /home/airflow/.local/lib/python3.12/site-packages/airflow/example_dags/tutorial.py for tasks to queue
[2025-03-18T23:01:46.940+0000] {logging_mixin.py:190} INFO - [2025-03-18T23:01:46.939+0000] {dagbag.py:588} INFO - Filling up the DagBag from /home/airflow/.local/lib/python3.12/site-packages/airflow/example_dags/tutorial.py
[2025-03-18T23:01:46.952+0000] {processor.py:925} INFO - DAG(s) 'tutorial' retrieved from /home/airflow/.local/lib/python3.12/site-packages/airflow/example_dags/tutorial.py
[2025-03-18T23:01:46.975+0000] {logging_mixin.py:190} INFO - [2025-03-18T23:01:46.974+0000] {dag.py:3239} INFO - Sync 1 DAGs
[2025-03-18T23:01:47.000+0000] {logging_mixin.py:190} INFO - [2025-03-18T23:01:46.999+0000] {dag.py:4180} INFO - Setting next_dagrun for tutorial to 2025-03-17 00:00:00+00:00, run_after=2025-03-18 00:00:00+00:00
[2025-03-18T23:01:47.019+0000] {processor.py:208} INFO - Processing /home/airflow/.local/lib/python3.12/site-packages/airflow/example_dags/tutorial.py took 0.089 seconds
[2025-03-18T23:02:17.391+0000] {processor.py:186} INFO - Started process (PID=2071) to work on /home/airflow/.local/lib/python3.12/site-packages/airflow/example_dags/tutorial.py
[2025-03-18T23:02:17.398+0000] {processor.py:914} INFO - Processing file /home/airflow/.local/lib/python3.12/site-packages/airflow/example_dags/tutorial.py for tasks to queue
[2025-03-18T23:02:17.400+0000] {logging_mixin.py:190} INFO - [2025-03-18T23:02:17.400+0000] {dagbag.py:588} INFO - Filling up the DagBag from /home/airflow/.local/lib/python3.12/site-packages/airflow/example_dags/tutorial.py
[2025-03-18T23:02:17.409+0000] {processor.py:925} INFO - DAG(s) 'tutorial' retrieved from /home/airflow/.local/lib/python3.12/site-packages/airflow/example_dags/tutorial.py
[2025-03-18T23:02:17.433+0000] {logging_mixin.py:190} INFO - [2025-03-18T23:02:17.433+0000] {dag.py:3239} INFO - Sync 1 DAGs
[2025-03-18T23:02:17.465+0000] {logging_mixin.py:190} INFO - [2025-03-18T23:02:17.465+0000] {dag.py:4180} INFO - Setting next_dagrun for tutorial to 2025-03-17 00:00:00+00:00, run_after=2025-03-18 00:00:00+00:00
[2025-03-18T23:02:17.489+0000] {processor.py:208} INFO - Processing /home/airflow/.local/lib/python3.12/site-packages/airflow/example_dags/tutorial.py took 0.108 seconds
[2025-03-18T23:02:48.162+0000] {processor.py:186} INFO - Started process (PID=2133) to work on /home/airflow/.local/lib/python3.12/site-packages/airflow/example_dags/tutorial.py
[2025-03-18T23:02:48.163+0000] {processor.py:914} INFO - Processing file /home/airflow/.local/lib/python3.12/site-packages/airflow/example_dags/tutorial.py for tasks to queue
[2025-03-18T23:02:48.166+0000] {logging_mixin.py:190} INFO - [2025-03-18T23:02:48.166+0000] {dagbag.py:588} INFO - Filling up the DagBag from /home/airflow/.local/lib/python3.12/site-packages/airflow/example_dags/tutorial.py
[2025-03-18T23:02:48.175+0000] {processor.py:925} INFO - DAG(s) 'tutorial' retrieved from /home/airflow/.local/lib/python3.12/site-packages/airflow/example_dags/tutorial.py
[2025-03-18T23:02:48.200+0000] {logging_mixin.py:190} INFO - [2025-03-18T23:02:48.200+0000] {dag.py:3239} INFO - Sync 1 DAGs
[2025-03-18T23:02:48.233+0000] {logging_mixin.py:190} INFO - [2025-03-18T23:02:48.233+0000] {dag.py:4180} INFO - Setting next_dagrun for tutorial to 2025-03-17 00:00:00+00:00, run_after=2025-03-18 00:00:00+00:00
[2025-03-18T23:02:48.258+0000] {processor.py:208} INFO - Processing /home/airflow/.local/lib/python3.12/site-packages/airflow/example_dags/tutorial.py took 0.102 seconds
[2025-03-18T23:03:18.494+0000] {processor.py:186} INFO - Started process (PID=2195) to work on /home/airflow/.local/lib/python3.12/site-packages/airflow/example_dags/tutorial.py
[2025-03-18T23:03:18.495+0000] {processor.py:914} INFO - Processing file /home/airflow/.local/lib/python3.12/site-packages/airflow/example_dags/tutorial.py for tasks to queue
[2025-03-18T23:03:18.497+0000] {logging_mixin.py:190} INFO - [2025-03-18T23:03:18.497+0000] {dagbag.py:588} INFO - Filling up the DagBag from /home/airflow/.local/lib/python3.12/site-packages/airflow/example_dags/tutorial.py
[2025-03-18T23:03:18.507+0000] {processor.py:925} INFO - DAG(s) 'tutorial' retrieved from /home/airflow/.local/lib/python3.12/site-packages/airflow/example_dags/tutorial.py
[2025-03-18T23:03:18.528+0000] {logging_mixin.py:190} INFO - [2025-03-18T23:03:18.528+0000] {dag.py:3239} INFO - Sync 1 DAGs
[2025-03-18T23:03:18.554+0000] {logging_mixin.py:190} INFO - [2025-03-18T23:03:18.553+0000] {dag.py:4180} INFO - Setting next_dagrun for tutorial to 2025-03-17 00:00:00+00:00, run_after=2025-03-18 00:00:00+00:00
[2025-03-18T23:03:18.573+0000] {processor.py:208} INFO - Processing /home/airflow/.local/lib/python3.12/site-packages/airflow/example_dags/tutorial.py took 0.087 seconds
[2025-03-18T23:03:48.744+0000] {processor.py:186} INFO - Started process (PID=2259) to work on /home/airflow/.local/lib/python3.12/site-packages/airflow/example_dags/tutorial.py
[2025-03-18T23:03:48.744+0000] {processor.py:914} INFO - Processing file /home/airflow/.local/lib/python3.12/site-packages/airflow/example_dags/tutorial.py for tasks to queue
[2025-03-18T23:03:48.747+0000] {logging_mixin.py:190} INFO - [2025-03-18T23:03:48.746+0000] {dagbag.py:588} INFO - Filling up the DagBag from /home/airflow/.local/lib/python3.12/site-packages/airflow/example_dags/tutorial.py
[2025-03-18T23:03:48.755+0000] {processor.py:925} INFO - DAG(s) 'tutorial' retrieved from /home/airflow/.local/lib/python3.12/site-packages/airflow/example_dags/tutorial.py
[2025-03-18T23:03:48.773+0000] {logging_mixin.py:190} INFO - [2025-03-18T23:03:48.773+0000] {dag.py:3239} INFO - Sync 1 DAGs
[2025-03-18T23:03:48.797+0000] {logging_mixin.py:190} INFO - [2025-03-18T23:03:48.796+0000] {dag.py:4180} INFO - Setting next_dagrun for tutorial to 2025-03-17 00:00:00+00:00, run_after=2025-03-18 00:00:00+00:00
[2025-03-18T23:03:48.816+0000] {processor.py:208} INFO - Processing /home/airflow/.local/lib/python3.12/site-packages/airflow/example_dags/tutorial.py took 0.078 seconds
[2025-03-18T23:04:19.532+0000] {processor.py:186} INFO - Started process (PID=2322) to work on /home/airflow/.local/lib/python3.12/site-packages/airflow/example_dags/tutorial.py
[2025-03-18T23:04:19.534+0000] {processor.py:914} INFO - Processing file /home/airflow/.local/lib/python3.12/site-packages/airflow/example_dags/tutorial.py for tasks to queue
[2025-03-18T23:04:19.536+0000] {logging_mixin.py:190} INFO - [2025-03-18T23:04:19.536+0000] {dagbag.py:588} INFO - Filling up the DagBag from /home/airflow/.local/lib/python3.12/site-packages/airflow/example_dags/tutorial.py
[2025-03-18T23:04:19.546+0000] {processor.py:925} INFO - DAG(s) 'tutorial' retrieved from /home/airflow/.local/lib/python3.12/site-packages/airflow/example_dags/tutorial.py
[2025-03-18T23:04:19.567+0000] {logging_mixin.py:190} INFO - [2025-03-18T23:04:19.566+0000] {dag.py:3239} INFO - Sync 1 DAGs
[2025-03-18T23:04:19.591+0000] {logging_mixin.py:190} INFO - [2025-03-18T23:04:19.591+0000] {dag.py:4180} INFO - Setting next_dagrun for tutorial to 2025-03-17 00:00:00+00:00, run_after=2025-03-18 00:00:00+00:00
[2025-03-18T23:04:19.617+0000] {processor.py:208} INFO - Processing /home/airflow/.local/lib/python3.12/site-packages/airflow/example_dags/tutorial.py took 0.092 seconds
[2025-03-18T23:04:49.824+0000] {processor.py:186} INFO - Started process (PID=2386) to work on /home/airflow/.local/lib/python3.12/site-packages/airflow/example_dags/tutorial.py
[2025-03-18T23:04:49.825+0000] {processor.py:914} INFO - Processing file /home/airflow/.local/lib/python3.12/site-packages/airflow/example_dags/tutorial.py for tasks to queue
[2025-03-18T23:04:49.828+0000] {logging_mixin.py:190} INFO - [2025-03-18T23:04:49.827+0000] {dagbag.py:588} INFO - Filling up the DagBag from /home/airflow/.local/lib/python3.12/site-packages/airflow/example_dags/tutorial.py
[2025-03-18T23:04:49.837+0000] {processor.py:925} INFO - DAG(s) 'tutorial' retrieved from /home/airflow/.local/lib/python3.12/site-packages/airflow/example_dags/tutorial.py
[2025-03-18T23:04:49.860+0000] {logging_mixin.py:190} INFO - [2025-03-18T23:04:49.860+0000] {dag.py:3239} INFO - Sync 1 DAGs
[2025-03-18T23:04:49.883+0000] {logging_mixin.py:190} INFO - [2025-03-18T23:04:49.883+0000] {dag.py:4180} INFO - Setting next_dagrun for tutorial to 2025-03-17 00:00:00+00:00, run_after=2025-03-18 00:00:00+00:00
[2025-03-18T23:04:49.903+0000] {processor.py:208} INFO - Processing /home/airflow/.local/lib/python3.12/site-packages/airflow/example_dags/tutorial.py took 0.085 seconds
[2025-03-18T23:05:20.632+0000] {processor.py:186} INFO - Started process (PID=2448) to work on /home/airflow/.local/lib/python3.12/site-packages/airflow/example_dags/tutorial.py
[2025-03-18T23:05:20.633+0000] {processor.py:914} INFO - Processing file /home/airflow/.local/lib/python3.12/site-packages/airflow/example_dags/tutorial.py for tasks to queue
[2025-03-18T23:05:20.636+0000] {logging_mixin.py:190} INFO - [2025-03-18T23:05:20.635+0000] {dagbag.py:588} INFO - Filling up the DagBag from /home/airflow/.local/lib/python3.12/site-packages/airflow/example_dags/tutorial.py
[2025-03-18T23:05:20.645+0000] {processor.py:925} INFO - DAG(s) 'tutorial' retrieved from /home/airflow/.local/lib/python3.12/site-packages/airflow/example_dags/tutorial.py
[2025-03-18T23:05:20.665+0000] {logging_mixin.py:190} INFO - [2025-03-18T23:05:20.665+0000] {dag.py:3239} INFO - Sync 1 DAGs
[2025-03-18T23:05:20.691+0000] {logging_mixin.py:190} INFO - [2025-03-18T23:05:20.691+0000] {dag.py:4180} INFO - Setting next_dagrun for tutorial to 2025-03-17 00:00:00+00:00, run_after=2025-03-18 00:00:00+00:00
[2025-03-18T23:05:20.710+0000] {processor.py:208} INFO - Processing /home/airflow/.local/lib/python3.12/site-packages/airflow/example_dags/tutorial.py took 0.095 seconds
[2025-03-18T23:05:51.020+0000] {processor.py:186} INFO - Started process (PID=2510) to work on /home/airflow/.local/lib/python3.12/site-packages/airflow/example_dags/tutorial.py
[2025-03-18T23:05:51.021+0000] {processor.py:914} INFO - Processing file /home/airflow/.local/lib/python3.12/site-packages/airflow/example_dags/tutorial.py for tasks to queue
[2025-03-18T23:05:51.023+0000] {logging_mixin.py:190} INFO - [2025-03-18T23:05:51.023+0000] {dagbag.py:588} INFO - Filling up the DagBag from /home/airflow/.local/lib/python3.12/site-packages/airflow/example_dags/tutorial.py
[2025-03-18T23:05:51.036+0000] {processor.py:925} INFO - DAG(s) 'tutorial' retrieved from /home/airflow/.local/lib/python3.12/site-packages/airflow/example_dags/tutorial.py
[2025-03-18T23:05:51.082+0000] {logging_mixin.py:190} INFO - [2025-03-18T23:05:51.082+0000] {dag.py:3239} INFO - Sync 1 DAGs
[2025-03-18T23:05:51.112+0000] {logging_mixin.py:190} INFO - [2025-03-18T23:05:51.112+0000] {dag.py:4180} INFO - Setting next_dagrun for tutorial to 2025-03-17 00:00:00+00:00, run_after=2025-03-18 00:00:00+00:00
[2025-03-18T23:05:51.144+0000] {processor.py:208} INFO - Processing /home/airflow/.local/lib/python3.12/site-packages/airflow/example_dags/tutorial.py took 0.171 seconds
[2025-03-18T23:06:22.008+0000] {processor.py:186} INFO - Started process (PID=2567) to work on /home/airflow/.local/lib/python3.12/site-packages/airflow/example_dags/tutorial.py
[2025-03-18T23:06:22.010+0000] {processor.py:914} INFO - Processing file /home/airflow/.local/lib/python3.12/site-packages/airflow/example_dags/tutorial.py for tasks to queue
[2025-03-18T23:06:22.012+0000] {logging_mixin.py:190} INFO - [2025-03-18T23:06:22.012+0000] {dagbag.py:588} INFO - Filling up the DagBag from /home/airflow/.local/lib/python3.12/site-packages/airflow/example_dags/tutorial.py
[2025-03-18T23:06:22.021+0000] {processor.py:925} INFO - DAG(s) 'tutorial' retrieved from /home/airflow/.local/lib/python3.12/site-packages/airflow/example_dags/tutorial.py
[2025-03-18T23:06:22.061+0000] {logging_mixin.py:190} INFO - [2025-03-18T23:06:22.060+0000] {dag.py:3239} INFO - Sync 1 DAGs
[2025-03-18T23:06:22.109+0000] {logging_mixin.py:190} INFO - [2025-03-18T23:06:22.109+0000] {dag.py:4180} INFO - Setting next_dagrun for tutorial to 2025-03-17 00:00:00+00:00, run_after=2025-03-18 00:00:00+00:00
[2025-03-18T23:06:22.131+0000] {processor.py:208} INFO - Processing /home/airflow/.local/lib/python3.12/site-packages/airflow/example_dags/tutorial.py took 0.129 seconds
[2025-03-18T23:06:52.408+0000] {processor.py:186} INFO - Started process (PID=2630) to work on /home/airflow/.local/lib/python3.12/site-packages/airflow/example_dags/tutorial.py
[2025-03-18T23:06:52.409+0000] {processor.py:914} INFO - Processing file /home/airflow/.local/lib/python3.12/site-packages/airflow/example_dags/tutorial.py for tasks to queue
[2025-03-18T23:06:52.412+0000] {logging_mixin.py:190} INFO - [2025-03-18T23:06:52.411+0000] {dagbag.py:588} INFO - Filling up the DagBag from /home/airflow/.local/lib/python3.12/site-packages/airflow/example_dags/tutorial.py
[2025-03-18T23:06:52.422+0000] {processor.py:925} INFO - DAG(s) 'tutorial' retrieved from /home/airflow/.local/lib/python3.12/site-packages/airflow/example_dags/tutorial.py
[2025-03-18T23:06:52.452+0000] {logging_mixin.py:190} INFO - [2025-03-18T23:06:52.451+0000] {dag.py:3239} INFO - Sync 1 DAGs
[2025-03-18T23:06:52.490+0000] {logging_mixin.py:190} INFO - [2025-03-18T23:06:52.490+0000] {dag.py:4180} INFO - Setting next_dagrun for tutorial to 2025-03-17 00:00:00+00:00, run_after=2025-03-18 00:00:00+00:00
[2025-03-18T23:06:52.529+0000] {processor.py:208} INFO - Processing /home/airflow/.local/lib/python3.12/site-packages/airflow/example_dags/tutorial.py took 0.127 seconds
[2025-03-18T23:07:22.999+0000] {processor.py:186} INFO - Started process (PID=2693) to work on /home/airflow/.local/lib/python3.12/site-packages/airflow/example_dags/tutorial.py
[2025-03-18T23:07:23.000+0000] {processor.py:914} INFO - Processing file /home/airflow/.local/lib/python3.12/site-packages/airflow/example_dags/tutorial.py for tasks to queue
[2025-03-18T23:07:23.009+0000] {logging_mixin.py:190} INFO - [2025-03-18T23:07:23.002+0000] {dagbag.py:588} INFO - Filling up the DagBag from /home/airflow/.local/lib/python3.12/site-packages/airflow/example_dags/tutorial.py
[2025-03-18T23:07:23.018+0000] {processor.py:925} INFO - DAG(s) 'tutorial' retrieved from /home/airflow/.local/lib/python3.12/site-packages/airflow/example_dags/tutorial.py
[2025-03-18T23:07:23.048+0000] {logging_mixin.py:190} INFO - [2025-03-18T23:07:23.048+0000] {dag.py:3239} INFO - Sync 1 DAGs
[2025-03-18T23:07:23.076+0000] {logging_mixin.py:190} INFO - [2025-03-18T23:07:23.076+0000] {dag.py:4180} INFO - Setting next_dagrun for tutorial to 2025-03-17 00:00:00+00:00, run_after=2025-03-18 00:00:00+00:00
[2025-03-18T23:07:23.106+0000] {processor.py:208} INFO - Processing /home/airflow/.local/lib/python3.12/site-packages/airflow/example_dags/tutorial.py took 0.114 seconds
[2025-03-18T23:07:53.409+0000] {processor.py:186} INFO - Started process (PID=2755) to work on /home/airflow/.local/lib/python3.12/site-packages/airflow/example_dags/tutorial.py
[2025-03-18T23:07:53.410+0000] {processor.py:914} INFO - Processing file /home/airflow/.local/lib/python3.12/site-packages/airflow/example_dags/tutorial.py for tasks to queue
[2025-03-18T23:07:53.413+0000] {logging_mixin.py:190} INFO - [2025-03-18T23:07:53.412+0000] {dagbag.py:588} INFO - Filling up the DagBag from /home/airflow/.local/lib/python3.12/site-packages/airflow/example_dags/tutorial.py
[2025-03-18T23:07:53.425+0000] {processor.py:925} INFO - DAG(s) 'tutorial' retrieved from /home/airflow/.local/lib/python3.12/site-packages/airflow/example_dags/tutorial.py
[2025-03-18T23:07:53.447+0000] {logging_mixin.py:190} INFO - [2025-03-18T23:07:53.447+0000] {dag.py:3239} INFO - Sync 1 DAGs
[2025-03-18T23:07:53.473+0000] {logging_mixin.py:190} INFO - [2025-03-18T23:07:53.473+0000] {dag.py:4180} INFO - Setting next_dagrun for tutorial to 2025-03-17 00:00:00+00:00, run_after=2025-03-18 00:00:00+00:00
[2025-03-18T23:07:53.496+0000] {processor.py:208} INFO - Processing /home/airflow/.local/lib/python3.12/site-packages/airflow/example_dags/tutorial.py took 0.094 seconds
[2025-03-18T23:08:24.724+0000] {processor.py:186} INFO - Started process (PID=2818) to work on /home/airflow/.local/lib/python3.12/site-packages/airflow/example_dags/tutorial.py
[2025-03-18T23:08:24.725+0000] {processor.py:914} INFO - Processing file /home/airflow/.local/lib/python3.12/site-packages/airflow/example_dags/tutorial.py for tasks to queue
[2025-03-18T23:08:24.728+0000] {logging_mixin.py:190} INFO - [2025-03-18T23:08:24.727+0000] {dagbag.py:588} INFO - Filling up the DagBag from /home/airflow/.local/lib/python3.12/site-packages/airflow/example_dags/tutorial.py
[2025-03-18T23:08:24.737+0000] {processor.py:925} INFO - DAG(s) 'tutorial' retrieved from /home/airflow/.local/lib/python3.12/site-packages/airflow/example_dags/tutorial.py
[2025-03-18T23:08:24.763+0000] {logging_mixin.py:190} INFO - [2025-03-18T23:08:24.762+0000] {dag.py:3239} INFO - Sync 1 DAGs
[2025-03-18T23:08:24.788+0000] {logging_mixin.py:190} INFO - [2025-03-18T23:08:24.788+0000] {dag.py:4180} INFO - Setting next_dagrun for tutorial to 2025-03-17 00:00:00+00:00, run_after=2025-03-18 00:00:00+00:00
[2025-03-18T23:08:24.825+0000] {processor.py:208} INFO - Processing /home/airflow/.local/lib/python3.12/site-packages/airflow/example_dags/tutorial.py took 0.107 seconds
[2025-03-18T23:08:55.186+0000] {processor.py:186} INFO - Started process (PID=2874) to work on /home/airflow/.local/lib/python3.12/site-packages/airflow/example_dags/tutorial.py
[2025-03-18T23:08:55.187+0000] {processor.py:914} INFO - Processing file /home/airflow/.local/lib/python3.12/site-packages/airflow/example_dags/tutorial.py for tasks to queue
[2025-03-18T23:08:55.189+0000] {logging_mixin.py:190} INFO - [2025-03-18T23:08:55.189+0000] {dagbag.py:588} INFO - Filling up the DagBag from /home/airflow/.local/lib/python3.12/site-packages/airflow/example_dags/tutorial.py
[2025-03-18T23:08:55.203+0000] {processor.py:925} INFO - DAG(s) 'tutorial' retrieved from /home/airflow/.local/lib/python3.12/site-packages/airflow/example_dags/tutorial.py
[2025-03-18T23:08:55.224+0000] {logging_mixin.py:190} INFO - [2025-03-18T23:08:55.223+0000] {dag.py:3239} INFO - Sync 1 DAGs
[2025-03-18T23:08:55.258+0000] {logging_mixin.py:190} INFO - [2025-03-18T23:08:55.258+0000] {dag.py:4180} INFO - Setting next_dagrun for tutorial to 2025-03-17 00:00:00+00:00, run_after=2025-03-18 00:00:00+00:00
[2025-03-18T23:08:55.282+0000] {processor.py:208} INFO - Processing /home/airflow/.local/lib/python3.12/site-packages/airflow/example_dags/tutorial.py took 0.104 seconds
[2025-03-18T23:09:25.891+0000] {processor.py:186} INFO - Started process (PID=2937) to work on /home/airflow/.local/lib/python3.12/site-packages/airflow/example_dags/tutorial.py
[2025-03-18T23:09:25.893+0000] {processor.py:914} INFO - Processing file /home/airflow/.local/lib/python3.12/site-packages/airflow/example_dags/tutorial.py for tasks to queue
[2025-03-18T23:09:25.900+0000] {logging_mixin.py:190} INFO - [2025-03-18T23:09:25.900+0000] {dagbag.py:588} INFO - Filling up the DagBag from /home/airflow/.local/lib/python3.12/site-packages/airflow/example_dags/tutorial.py
[2025-03-18T23:09:25.920+0000] {processor.py:925} INFO - DAG(s) 'tutorial' retrieved from /home/airflow/.local/lib/python3.12/site-packages/airflow/example_dags/tutorial.py
[2025-03-18T23:09:25.957+0000] {logging_mixin.py:190} INFO - [2025-03-18T23:09:25.956+0000] {dag.py:3239} INFO - Sync 1 DAGs
[2025-03-18T23:09:26.007+0000] {logging_mixin.py:190} INFO - [2025-03-18T23:09:26.007+0000] {dag.py:4180} INFO - Setting next_dagrun for tutorial to 2025-03-17 00:00:00+00:00, run_after=2025-03-18 00:00:00+00:00
[2025-03-18T23:09:26.062+0000] {processor.py:208} INFO - Processing /home/airflow/.local/lib/python3.12/site-packages/airflow/example_dags/tutorial.py took 0.185 seconds
[2025-03-18T23:09:56.600+0000] {processor.py:186} INFO - Started process (PID=3000) to work on /home/airflow/.local/lib/python3.12/site-packages/airflow/example_dags/tutorial.py
[2025-03-18T23:09:56.601+0000] {processor.py:914} INFO - Processing file /home/airflow/.local/lib/python3.12/site-packages/airflow/example_dags/tutorial.py for tasks to queue
[2025-03-18T23:09:56.604+0000] {logging_mixin.py:190} INFO - [2025-03-18T23:09:56.603+0000] {dagbag.py:588} INFO - Filling up the DagBag from /home/airflow/.local/lib/python3.12/site-packages/airflow/example_dags/tutorial.py
[2025-03-18T23:09:56.613+0000] {processor.py:925} INFO - DAG(s) 'tutorial' retrieved from /home/airflow/.local/lib/python3.12/site-packages/airflow/example_dags/tutorial.py
[2025-03-18T23:09:56.646+0000] {logging_mixin.py:190} INFO - [2025-03-18T23:09:56.645+0000] {dag.py:3239} INFO - Sync 1 DAGs
[2025-03-18T23:09:56.678+0000] {logging_mixin.py:190} INFO - [2025-03-18T23:09:56.678+0000] {dag.py:4180} INFO - Setting next_dagrun for tutorial to 2025-03-17 00:00:00+00:00, run_after=2025-03-18 00:00:00+00:00
[2025-03-18T23:09:56.704+0000] {processor.py:208} INFO - Processing /home/airflow/.local/lib/python3.12/site-packages/airflow/example_dags/tutorial.py took 0.116 seconds
[2025-03-18T23:10:27.181+0000] {processor.py:186} INFO - Started process (PID=3063) to work on /home/airflow/.local/lib/python3.12/site-packages/airflow/example_dags/tutorial.py
[2025-03-18T23:10:27.202+0000] {processor.py:914} INFO - Processing file /home/airflow/.local/lib/python3.12/site-packages/airflow/example_dags/tutorial.py for tasks to queue
[2025-03-18T23:10:27.205+0000] {logging_mixin.py:190} INFO - [2025-03-18T23:10:27.205+0000] {dagbag.py:588} INFO - Filling up the DagBag from /home/airflow/.local/lib/python3.12/site-packages/airflow/example_dags/tutorial.py
[2025-03-18T23:10:27.225+0000] {processor.py:925} INFO - DAG(s) 'tutorial' retrieved from /home/airflow/.local/lib/python3.12/site-packages/airflow/example_dags/tutorial.py
[2025-03-18T23:10:27.294+0000] {logging_mixin.py:190} INFO - [2025-03-18T23:10:27.294+0000] {dag.py:3239} INFO - Sync 1 DAGs
[2025-03-18T23:10:27.357+0000] {logging_mixin.py:190} INFO - [2025-03-18T23:10:27.357+0000] {dag.py:4180} INFO - Setting next_dagrun for tutorial to 2025-03-17 00:00:00+00:00, run_after=2025-03-18 00:00:00+00:00
[2025-03-18T23:10:27.397+0000] {processor.py:208} INFO - Processing /home/airflow/.local/lib/python3.12/site-packages/airflow/example_dags/tutorial.py took 0.222 seconds
[2025-03-18T23:10:57.507+0000] {processor.py:186} INFO - Started process (PID=3125) to work on /home/airflow/.local/lib/python3.12/site-packages/airflow/example_dags/tutorial.py
[2025-03-18T23:10:57.508+0000] {processor.py:914} INFO - Processing file /home/airflow/.local/lib/python3.12/site-packages/airflow/example_dags/tutorial.py for tasks to queue
[2025-03-18T23:10:57.511+0000] {logging_mixin.py:190} INFO - [2025-03-18T23:10:57.510+0000] {dagbag.py:588} INFO - Filling up the DagBag from /home/airflow/.local/lib/python3.12/site-packages/airflow/example_dags/tutorial.py
[2025-03-18T23:10:57.520+0000] {processor.py:925} INFO - DAG(s) 'tutorial' retrieved from /home/airflow/.local/lib/python3.12/site-packages/airflow/example_dags/tutorial.py
[2025-03-18T23:10:57.539+0000] {logging_mixin.py:190} INFO - [2025-03-18T23:10:57.539+0000] {dag.py:3239} INFO - Sync 1 DAGs
[2025-03-18T23:10:57.568+0000] {logging_mixin.py:190} INFO - [2025-03-18T23:10:57.568+0000] {dag.py:4180} INFO - Setting next_dagrun for tutorial to 2025-03-17 00:00:00+00:00, run_after=2025-03-18 00:00:00+00:00
[2025-03-18T23:10:57.594+0000] {processor.py:208} INFO - Processing /home/airflow/.local/lib/python3.12/site-packages/airflow/example_dags/tutorial.py took 0.103 seconds
[2025-03-18T23:11:28.152+0000] {processor.py:186} INFO - Started process (PID=3188) to work on /home/airflow/.local/lib/python3.12/site-packages/airflow/example_dags/tutorial.py
[2025-03-18T23:11:28.155+0000] {processor.py:914} INFO - Processing file /home/airflow/.local/lib/python3.12/site-packages/airflow/example_dags/tutorial.py for tasks to queue
[2025-03-18T23:11:28.159+0000] {logging_mixin.py:190} INFO - [2025-03-18T23:11:28.158+0000] {dagbag.py:588} INFO - Filling up the DagBag from /home/airflow/.local/lib/python3.12/site-packages/airflow/example_dags/tutorial.py
[2025-03-18T23:11:28.170+0000] {processor.py:925} INFO - DAG(s) 'tutorial' retrieved from /home/airflow/.local/lib/python3.12/site-packages/airflow/example_dags/tutorial.py
[2025-03-18T23:11:28.190+0000] {logging_mixin.py:190} INFO - [2025-03-18T23:11:28.190+0000] {dag.py:3239} INFO - Sync 1 DAGs
[2025-03-18T23:11:28.214+0000] {logging_mixin.py:190} INFO - [2025-03-18T23:11:28.214+0000] {dag.py:4180} INFO - Setting next_dagrun for tutorial to 2025-03-17 00:00:00+00:00, run_after=2025-03-18 00:00:00+00:00
[2025-03-18T23:11:28.242+0000] {processor.py:208} INFO - Processing /home/airflow/.local/lib/python3.12/site-packages/airflow/example_dags/tutorial.py took 0.097 seconds
[2025-03-18T23:11:58.452+0000] {processor.py:186} INFO - Started process (PID=3251) to work on /home/airflow/.local/lib/python3.12/site-packages/airflow/example_dags/tutorial.py
[2025-03-18T23:11:58.453+0000] {processor.py:914} INFO - Processing file /home/airflow/.local/lib/python3.12/site-packages/airflow/example_dags/tutorial.py for tasks to queue
[2025-03-18T23:11:58.455+0000] {logging_mixin.py:190} INFO - [2025-03-18T23:11:58.455+0000] {dagbag.py:588} INFO - Filling up the DagBag from /home/airflow/.local/lib/python3.12/site-packages/airflow/example_dags/tutorial.py
[2025-03-18T23:11:58.463+0000] {processor.py:925} INFO - DAG(s) 'tutorial' retrieved from /home/airflow/.local/lib/python3.12/site-packages/airflow/example_dags/tutorial.py
[2025-03-18T23:11:58.483+0000] {logging_mixin.py:190} INFO - [2025-03-18T23:11:58.483+0000] {dag.py:3239} INFO - Sync 1 DAGs
[2025-03-18T23:11:58.506+0000] {logging_mixin.py:190} INFO - [2025-03-18T23:11:58.506+0000] {dag.py:4180} INFO - Setting next_dagrun for tutorial to 2025-03-17 00:00:00+00:00, run_after=2025-03-18 00:00:00+00:00
[2025-03-18T23:11:58.530+0000] {processor.py:208} INFO - Processing /home/airflow/.local/lib/python3.12/site-packages/airflow/example_dags/tutorial.py took 0.087 seconds
[2025-03-18T23:12:29.073+0000] {processor.py:186} INFO - Started process (PID=3314) to work on /home/airflow/.local/lib/python3.12/site-packages/airflow/example_dags/tutorial.py
[2025-03-18T23:12:29.076+0000] {processor.py:914} INFO - Processing file /home/airflow/.local/lib/python3.12/site-packages/airflow/example_dags/tutorial.py for tasks to queue
[2025-03-18T23:12:29.082+0000] {logging_mixin.py:190} INFO - [2025-03-18T23:12:29.082+0000] {dagbag.py:588} INFO - Filling up the DagBag from /home/airflow/.local/lib/python3.12/site-packages/airflow/example_dags/tutorial.py
[2025-03-18T23:12:29.100+0000] {processor.py:925} INFO - DAG(s) 'tutorial' retrieved from /home/airflow/.local/lib/python3.12/site-packages/airflow/example_dags/tutorial.py
[2025-03-18T23:12:29.120+0000] {logging_mixin.py:190} INFO - [2025-03-18T23:12:29.119+0000] {dag.py:3239} INFO - Sync 1 DAGs
[2025-03-18T23:12:29.147+0000] {logging_mixin.py:190} INFO - [2025-03-18T23:12:29.146+0000] {dag.py:4180} INFO - Setting next_dagrun for tutorial to 2025-03-17 00:00:00+00:00, run_after=2025-03-18 00:00:00+00:00
[2025-03-18T23:12:29.171+0000] {processor.py:208} INFO - Processing /home/airflow/.local/lib/python3.12/site-packages/airflow/example_dags/tutorial.py took 0.108 seconds
[2025-03-18T23:12:59.711+0000] {processor.py:186} INFO - Started process (PID=3377) to work on /home/airflow/.local/lib/python3.12/site-packages/airflow/example_dags/tutorial.py
[2025-03-18T23:12:59.712+0000] {processor.py:914} INFO - Processing file /home/airflow/.local/lib/python3.12/site-packages/airflow/example_dags/tutorial.py for tasks to queue
[2025-03-18T23:12:59.726+0000] {logging_mixin.py:190} INFO - [2025-03-18T23:12:59.721+0000] {dagbag.py:588} INFO - Filling up the DagBag from /home/airflow/.local/lib/python3.12/site-packages/airflow/example_dags/tutorial.py
[2025-03-18T23:12:59.736+0000] {processor.py:925} INFO - DAG(s) 'tutorial' retrieved from /home/airflow/.local/lib/python3.12/site-packages/airflow/example_dags/tutorial.py
[2025-03-18T23:12:59.757+0000] {logging_mixin.py:190} INFO - [2025-03-18T23:12:59.757+0000] {dag.py:3239} INFO - Sync 1 DAGs
[2025-03-18T23:12:59.781+0000] {logging_mixin.py:190} INFO - [2025-03-18T23:12:59.781+0000] {dag.py:4180} INFO - Setting next_dagrun for tutorial to 2025-03-17 00:00:00+00:00, run_after=2025-03-18 00:00:00+00:00
[2025-03-18T23:12:59.800+0000] {processor.py:208} INFO - Processing /home/airflow/.local/lib/python3.12/site-packages/airflow/example_dags/tutorial.py took 0.097 seconds
[2025-03-18T23:13:30.069+0000] {processor.py:186} INFO - Started process (PID=3440) to work on /home/airflow/.local/lib/python3.12/site-packages/airflow/example_dags/tutorial.py
[2025-03-18T23:13:30.070+0000] {processor.py:914} INFO - Processing file /home/airflow/.local/lib/python3.12/site-packages/airflow/example_dags/tutorial.py for tasks to queue
[2025-03-18T23:13:30.073+0000] {logging_mixin.py:190} INFO - [2025-03-18T23:13:30.072+0000] {dagbag.py:588} INFO - Filling up the DagBag from /home/airflow/.local/lib/python3.12/site-packages/airflow/example_dags/tutorial.py
[2025-03-18T23:13:30.083+0000] {processor.py:925} INFO - DAG(s) 'tutorial' retrieved from /home/airflow/.local/lib/python3.12/site-packages/airflow/example_dags/tutorial.py
[2025-03-18T23:13:30.107+0000] {logging_mixin.py:190} INFO - [2025-03-18T23:13:30.107+0000] {dag.py:3239} INFO - Sync 1 DAGs
[2025-03-18T23:13:30.133+0000] {logging_mixin.py:190} INFO - [2025-03-18T23:13:30.133+0000] {dag.py:4180} INFO - Setting next_dagrun for tutorial to 2025-03-17 00:00:00+00:00, run_after=2025-03-18 00:00:00+00:00
[2025-03-18T23:13:30.151+0000] {processor.py:208} INFO - Processing /home/airflow/.local/lib/python3.12/site-packages/airflow/example_dags/tutorial.py took 0.088 seconds
[2025-03-18T23:14:00.256+0000] {processor.py:186} INFO - Started process (PID=3502) to work on /home/airflow/.local/lib/python3.12/site-packages/airflow/example_dags/tutorial.py
[2025-03-18T23:14:00.257+0000] {processor.py:914} INFO - Processing file /home/airflow/.local/lib/python3.12/site-packages/airflow/example_dags/tutorial.py for tasks to queue
[2025-03-18T23:14:00.260+0000] {logging_mixin.py:190} INFO - [2025-03-18T23:14:00.259+0000] {dagbag.py:588} INFO - Filling up the DagBag from /home/airflow/.local/lib/python3.12/site-packages/airflow/example_dags/tutorial.py
[2025-03-18T23:14:00.271+0000] {processor.py:925} INFO - DAG(s) 'tutorial' retrieved from /home/airflow/.local/lib/python3.12/site-packages/airflow/example_dags/tutorial.py
[2025-03-18T23:14:00.291+0000] {logging_mixin.py:190} INFO - [2025-03-18T23:14:00.291+0000] {dag.py:3239} INFO - Sync 1 DAGs
[2025-03-18T23:14:00.315+0000] {logging_mixin.py:190} INFO - [2025-03-18T23:14:00.315+0000] {dag.py:4180} INFO - Setting next_dagrun for tutorial to 2025-03-17 00:00:00+00:00, run_after=2025-03-18 00:00:00+00:00
[2025-03-18T23:14:00.335+0000] {processor.py:208} INFO - Processing /home/airflow/.local/lib/python3.12/site-packages/airflow/example_dags/tutorial.py took 0.085 seconds
[2025-03-18T23:14:30.418+0000] {processor.py:186} INFO - Started process (PID=3565) to work on /home/airflow/.local/lib/python3.12/site-packages/airflow/example_dags/tutorial.py
[2025-03-18T23:14:30.419+0000] {processor.py:914} INFO - Processing file /home/airflow/.local/lib/python3.12/site-packages/airflow/example_dags/tutorial.py for tasks to queue
[2025-03-18T23:14:30.422+0000] {logging_mixin.py:190} INFO - [2025-03-18T23:14:30.421+0000] {dagbag.py:588} INFO - Filling up the DagBag from /home/airflow/.local/lib/python3.12/site-packages/airflow/example_dags/tutorial.py
[2025-03-18T23:14:30.433+0000] {processor.py:925} INFO - DAG(s) 'tutorial' retrieved from /home/airflow/.local/lib/python3.12/site-packages/airflow/example_dags/tutorial.py
[2025-03-18T23:14:30.461+0000] {logging_mixin.py:190} INFO - [2025-03-18T23:14:30.461+0000] {dag.py:3239} INFO - Sync 1 DAGs
[2025-03-18T23:14:30.500+0000] {logging_mixin.py:190} INFO - [2025-03-18T23:14:30.500+0000] {dag.py:4180} INFO - Setting next_dagrun for tutorial to 2025-03-17 00:00:00+00:00, run_after=2025-03-18 00:00:00+00:00
[2025-03-18T23:14:30.528+0000] {processor.py:208} INFO - Processing /home/airflow/.local/lib/python3.12/site-packages/airflow/example_dags/tutorial.py took 0.116 seconds
[2025-03-18T23:15:00.722+0000] {processor.py:186} INFO - Started process (PID=3622) to work on /home/airflow/.local/lib/python3.12/site-packages/airflow/example_dags/tutorial.py
[2025-03-18T23:15:00.723+0000] {processor.py:914} INFO - Processing file /home/airflow/.local/lib/python3.12/site-packages/airflow/example_dags/tutorial.py for tasks to queue
[2025-03-18T23:15:00.726+0000] {logging_mixin.py:190} INFO - [2025-03-18T23:15:00.725+0000] {dagbag.py:588} INFO - Filling up the DagBag from /home/airflow/.local/lib/python3.12/site-packages/airflow/example_dags/tutorial.py
[2025-03-18T23:15:00.734+0000] {processor.py:925} INFO - DAG(s) 'tutorial' retrieved from /home/airflow/.local/lib/python3.12/site-packages/airflow/example_dags/tutorial.py
[2025-03-18T23:15:00.757+0000] {logging_mixin.py:190} INFO - [2025-03-18T23:15:00.756+0000] {dag.py:3239} INFO - Sync 1 DAGs
[2025-03-18T23:15:00.783+0000] {logging_mixin.py:190} INFO - [2025-03-18T23:15:00.783+0000] {dag.py:4180} INFO - Setting next_dagrun for tutorial to 2025-03-17 00:00:00+00:00, run_after=2025-03-18 00:00:00+00:00
[2025-03-18T23:15:00.807+0000] {processor.py:208} INFO - Processing /home/airflow/.local/lib/python3.12/site-packages/airflow/example_dags/tutorial.py took 0.095 seconds
[2025-03-18T23:15:31.442+0000] {processor.py:186} INFO - Started process (PID=3685) to work on /home/airflow/.local/lib/python3.12/site-packages/airflow/example_dags/tutorial.py
[2025-03-18T23:15:31.445+0000] {processor.py:914} INFO - Processing file /home/airflow/.local/lib/python3.12/site-packages/airflow/example_dags/tutorial.py for tasks to queue
[2025-03-18T23:15:31.454+0000] {logging_mixin.py:190} INFO - [2025-03-18T23:15:31.454+0000] {dagbag.py:588} INFO - Filling up the DagBag from /home/airflow/.local/lib/python3.12/site-packages/airflow/example_dags/tutorial.py
[2025-03-18T23:15:31.472+0000] {processor.py:925} INFO - DAG(s) 'tutorial' retrieved from /home/airflow/.local/lib/python3.12/site-packages/airflow/example_dags/tutorial.py
[2025-03-18T23:15:31.512+0000] {logging_mixin.py:190} INFO - [2025-03-18T23:15:31.512+0000] {dag.py:3239} INFO - Sync 1 DAGs
[2025-03-18T23:15:31.558+0000] {logging_mixin.py:190} INFO - [2025-03-18T23:15:31.558+0000] {dag.py:4180} INFO - Setting next_dagrun for tutorial to 2025-03-17 00:00:00+00:00, run_after=2025-03-18 00:00:00+00:00
[2025-03-18T23:15:31.596+0000] {processor.py:208} INFO - Processing /home/airflow/.local/lib/python3.12/site-packages/airflow/example_dags/tutorial.py took 0.161 seconds
[2025-03-18T23:16:02.623+0000] {processor.py:186} INFO - Started process (PID=3748) to work on /home/airflow/.local/lib/python3.12/site-packages/airflow/example_dags/tutorial.py
[2025-03-18T23:16:02.624+0000] {processor.py:914} INFO - Processing file /home/airflow/.local/lib/python3.12/site-packages/airflow/example_dags/tutorial.py for tasks to queue
[2025-03-18T23:16:02.627+0000] {logging_mixin.py:190} INFO - [2025-03-18T23:16:02.626+0000] {dagbag.py:588} INFO - Filling up the DagBag from /home/airflow/.local/lib/python3.12/site-packages/airflow/example_dags/tutorial.py
[2025-03-18T23:16:02.636+0000] {processor.py:925} INFO - DAG(s) 'tutorial' retrieved from /home/airflow/.local/lib/python3.12/site-packages/airflow/example_dags/tutorial.py
[2025-03-18T23:16:02.656+0000] {logging_mixin.py:190} INFO - [2025-03-18T23:16:02.655+0000] {dag.py:3239} INFO - Sync 1 DAGs
[2025-03-18T23:16:02.683+0000] {logging_mixin.py:190} INFO - [2025-03-18T23:16:02.683+0000] {dag.py:4180} INFO - Setting next_dagrun for tutorial to 2025-03-17 00:00:00+00:00, run_after=2025-03-18 00:00:00+00:00
[2025-03-18T23:16:02.711+0000] {processor.py:208} INFO - Processing /home/airflow/.local/lib/python3.12/site-packages/airflow/example_dags/tutorial.py took 0.095 seconds
[2025-03-18T23:16:36.487+0000] {processor.py:186} INFO - Started process (PID=3814) to work on /home/airflow/.local/lib/python3.12/site-packages/airflow/example_dags/tutorial.py
[2025-03-18T23:16:36.489+0000] {processor.py:914} INFO - Processing file /home/airflow/.local/lib/python3.12/site-packages/airflow/example_dags/tutorial.py for tasks to queue
[2025-03-18T23:16:36.492+0000] {logging_mixin.py:190} INFO - [2025-03-18T23:16:36.491+0000] {dagbag.py:588} INFO - Filling up the DagBag from /home/airflow/.local/lib/python3.12/site-packages/airflow/example_dags/tutorial.py
[2025-03-18T23:16:36.501+0000] {processor.py:925} INFO - DAG(s) 'tutorial' retrieved from /home/airflow/.local/lib/python3.12/site-packages/airflow/example_dags/tutorial.py
[2025-03-18T23:16:36.522+0000] {logging_mixin.py:190} INFO - [2025-03-18T23:16:36.521+0000] {dag.py:3239} INFO - Sync 1 DAGs
[2025-03-18T23:16:36.552+0000] {logging_mixin.py:190} INFO - [2025-03-18T23:16:36.551+0000] {dag.py:4180} INFO - Setting next_dagrun for tutorial to 2025-03-17 00:00:00+00:00, run_after=2025-03-18 00:00:00+00:00
[2025-03-18T23:16:36.575+0000] {processor.py:208} INFO - Processing /home/airflow/.local/lib/python3.12/site-packages/airflow/example_dags/tutorial.py took 0.099 seconds
[2025-03-18T23:17:07.010+0000] {processor.py:186} INFO - Started process (PID=3878) to work on /home/airflow/.local/lib/python3.12/site-packages/airflow/example_dags/tutorial.py
[2025-03-18T23:17:07.012+0000] {processor.py:914} INFO - Processing file /home/airflow/.local/lib/python3.12/site-packages/airflow/example_dags/tutorial.py for tasks to queue
[2025-03-18T23:17:07.017+0000] {logging_mixin.py:190} INFO - [2025-03-18T23:17:07.016+0000] {dagbag.py:588} INFO - Filling up the DagBag from /home/airflow/.local/lib/python3.12/site-packages/airflow/example_dags/tutorial.py
[2025-03-18T23:17:07.029+0000] {processor.py:925} INFO - DAG(s) 'tutorial' retrieved from /home/airflow/.local/lib/python3.12/site-packages/airflow/example_dags/tutorial.py
[2025-03-18T23:17:07.056+0000] {logging_mixin.py:190} INFO - [2025-03-18T23:17:07.056+0000] {dag.py:3239} INFO - Sync 1 DAGs
[2025-03-18T23:17:07.083+0000] {logging_mixin.py:190} INFO - [2025-03-18T23:17:07.082+0000] {dag.py:4180} INFO - Setting next_dagrun for tutorial to 2025-03-17 00:00:00+00:00, run_after=2025-03-18 00:00:00+00:00
[2025-03-18T23:17:07.103+0000] {processor.py:208} INFO - Processing /home/airflow/.local/lib/python3.12/site-packages/airflow/example_dags/tutorial.py took 0.098 seconds
[2025-03-18T23:17:37.581+0000] {processor.py:186} INFO - Started process (PID=3941) to work on /home/airflow/.local/lib/python3.12/site-packages/airflow/example_dags/tutorial.py
[2025-03-18T23:17:37.587+0000] {processor.py:914} INFO - Processing file /home/airflow/.local/lib/python3.12/site-packages/airflow/example_dags/tutorial.py for tasks to queue
[2025-03-18T23:17:37.590+0000] {logging_mixin.py:190} INFO - [2025-03-18T23:17:37.589+0000] {dagbag.py:588} INFO - Filling up the DagBag from /home/airflow/.local/lib/python3.12/site-packages/airflow/example_dags/tutorial.py
[2025-03-18T23:17:37.615+0000] {processor.py:925} INFO - DAG(s) 'tutorial' retrieved from /home/airflow/.local/lib/python3.12/site-packages/airflow/example_dags/tutorial.py
[2025-03-18T23:17:37.677+0000] {logging_mixin.py:190} INFO - [2025-03-18T23:17:37.677+0000] {dag.py:3239} INFO - Sync 1 DAGs
[2025-03-18T23:17:37.905+0000] {logging_mixin.py:190} INFO - [2025-03-18T23:17:37.905+0000] {dag.py:4180} INFO - Setting next_dagrun for tutorial to 2025-03-17 00:00:00+00:00, run_after=2025-03-18 00:00:00+00:00
[2025-03-18T23:17:37.922+0000] {processor.py:208} INFO - Processing /home/airflow/.local/lib/python3.12/site-packages/airflow/example_dags/tutorial.py took 0.350 seconds
[2025-03-18T23:18:08.733+0000] {processor.py:186} INFO - Started process (PID=4004) to work on /home/airflow/.local/lib/python3.12/site-packages/airflow/example_dags/tutorial.py
[2025-03-18T23:18:08.734+0000] {processor.py:914} INFO - Processing file /home/airflow/.local/lib/python3.12/site-packages/airflow/example_dags/tutorial.py for tasks to queue
[2025-03-18T23:18:08.737+0000] {logging_mixin.py:190} INFO - [2025-03-18T23:18:08.736+0000] {dagbag.py:588} INFO - Filling up the DagBag from /home/airflow/.local/lib/python3.12/site-packages/airflow/example_dags/tutorial.py
[2025-03-18T23:18:08.753+0000] {processor.py:925} INFO - DAG(s) 'tutorial' retrieved from /home/airflow/.local/lib/python3.12/site-packages/airflow/example_dags/tutorial.py
[2025-03-18T23:18:08.781+0000] {logging_mixin.py:190} INFO - [2025-03-18T23:18:08.781+0000] {dag.py:3239} INFO - Sync 1 DAGs
[2025-03-18T23:18:08.815+0000] {logging_mixin.py:190} INFO - [2025-03-18T23:18:08.815+0000] {dag.py:4180} INFO - Setting next_dagrun for tutorial to 2025-03-17 00:00:00+00:00, run_after=2025-03-18 00:00:00+00:00
[2025-03-18T23:18:08.841+0000] {processor.py:208} INFO - Processing /home/airflow/.local/lib/python3.12/site-packages/airflow/example_dags/tutorial.py took 0.123 seconds
[2025-03-18T23:18:39.445+0000] {processor.py:186} INFO - Started process (PID=4067) to work on /home/airflow/.local/lib/python3.12/site-packages/airflow/example_dags/tutorial.py
[2025-03-18T23:18:39.452+0000] {processor.py:914} INFO - Processing file /home/airflow/.local/lib/python3.12/site-packages/airflow/example_dags/tutorial.py for tasks to queue
[2025-03-18T23:18:39.454+0000] {logging_mixin.py:190} INFO - [2025-03-18T23:18:39.454+0000] {dagbag.py:588} INFO - Filling up the DagBag from /home/airflow/.local/lib/python3.12/site-packages/airflow/example_dags/tutorial.py
[2025-03-18T23:18:39.462+0000] {processor.py:925} INFO - DAG(s) 'tutorial' retrieved from /home/airflow/.local/lib/python3.12/site-packages/airflow/example_dags/tutorial.py
[2025-03-18T23:18:39.485+0000] {logging_mixin.py:190} INFO - [2025-03-18T23:18:39.485+0000] {dag.py:3239} INFO - Sync 1 DAGs
[2025-03-18T23:18:39.512+0000] {logging_mixin.py:190} INFO - [2025-03-18T23:18:39.512+0000] {dag.py:4180} INFO - Setting next_dagrun for tutorial to 2025-03-17 00:00:00+00:00, run_after=2025-03-18 00:00:00+00:00
[2025-03-18T23:18:39.532+0000] {processor.py:208} INFO - Processing /home/airflow/.local/lib/python3.12/site-packages/airflow/example_dags/tutorial.py took 0.095 seconds
[2025-03-18T23:19:10.544+0000] {processor.py:186} INFO - Started process (PID=4129) to work on /home/airflow/.local/lib/python3.12/site-packages/airflow/example_dags/tutorial.py
[2025-03-18T23:19:10.545+0000] {processor.py:914} INFO - Processing file /home/airflow/.local/lib/python3.12/site-packages/airflow/example_dags/tutorial.py for tasks to queue
[2025-03-18T23:19:10.547+0000] {logging_mixin.py:190} INFO - [2025-03-18T23:19:10.546+0000] {dagbag.py:588} INFO - Filling up the DagBag from /home/airflow/.local/lib/python3.12/site-packages/airflow/example_dags/tutorial.py
[2025-03-18T23:19:10.558+0000] {processor.py:925} INFO - DAG(s) 'tutorial' retrieved from /home/airflow/.local/lib/python3.12/site-packages/airflow/example_dags/tutorial.py
[2025-03-18T23:19:10.799+0000] {logging_mixin.py:190} INFO - [2025-03-18T23:19:10.798+0000] {dag.py:3239} INFO - Sync 1 DAGs
[2025-03-18T23:19:10.828+0000] {logging_mixin.py:190} INFO - [2025-03-18T23:19:10.827+0000] {dag.py:4180} INFO - Setting next_dagrun for tutorial to 2025-03-17 00:00:00+00:00, run_after=2025-03-18 00:00:00+00:00
[2025-03-18T23:19:10.844+0000] {processor.py:208} INFO - Processing /home/airflow/.local/lib/python3.12/site-packages/airflow/example_dags/tutorial.py took 0.309 seconds
[2025-03-18T23:19:41.733+0000] {processor.py:186} INFO - Started process (PID=4192) to work on /home/airflow/.local/lib/python3.12/site-packages/airflow/example_dags/tutorial.py
[2025-03-18T23:19:41.735+0000] {processor.py:914} INFO - Processing file /home/airflow/.local/lib/python3.12/site-packages/airflow/example_dags/tutorial.py for tasks to queue
[2025-03-18T23:19:41.741+0000] {logging_mixin.py:190} INFO - [2025-03-18T23:19:41.740+0000] {dagbag.py:588} INFO - Filling up the DagBag from /home/airflow/.local/lib/python3.12/site-packages/airflow/example_dags/tutorial.py
[2025-03-18T23:19:41.764+0000] {processor.py:925} INFO - DAG(s) 'tutorial' retrieved from /home/airflow/.local/lib/python3.12/site-packages/airflow/example_dags/tutorial.py
[2025-03-18T23:19:41.806+0000] {logging_mixin.py:190} INFO - [2025-03-18T23:19:41.806+0000] {dag.py:3239} INFO - Sync 1 DAGs
[2025-03-18T23:19:41.847+0000] {logging_mixin.py:190} INFO - [2025-03-18T23:19:41.847+0000] {dag.py:4180} INFO - Setting next_dagrun for tutorial to 2025-03-17 00:00:00+00:00, run_after=2025-03-18 00:00:00+00:00
[2025-03-18T23:19:41.893+0000] {processor.py:208} INFO - Processing /home/airflow/.local/lib/python3.12/site-packages/airflow/example_dags/tutorial.py took 0.188 seconds
[2025-03-18T23:20:12.081+0000] {processor.py:186} INFO - Started process (PID=4255) to work on /home/airflow/.local/lib/python3.12/site-packages/airflow/example_dags/tutorial.py
[2025-03-18T23:20:12.082+0000] {processor.py:914} INFO - Processing file /home/airflow/.local/lib/python3.12/site-packages/airflow/example_dags/tutorial.py for tasks to queue
[2025-03-18T23:20:12.084+0000] {logging_mixin.py:190} INFO - [2025-03-18T23:20:12.084+0000] {dagbag.py:588} INFO - Filling up the DagBag from /home/airflow/.local/lib/python3.12/site-packages/airflow/example_dags/tutorial.py
[2025-03-18T23:20:12.097+0000] {processor.py:925} INFO - DAG(s) 'tutorial' retrieved from /home/airflow/.local/lib/python3.12/site-packages/airflow/example_dags/tutorial.py
[2025-03-18T23:20:12.154+0000] {logging_mixin.py:190} INFO - [2025-03-18T23:20:12.154+0000] {dag.py:3239} INFO - Sync 1 DAGs
[2025-03-18T23:20:12.194+0000] {logging_mixin.py:190} INFO - [2025-03-18T23:20:12.193+0000] {dag.py:4180} INFO - Setting next_dagrun for tutorial to 2025-03-17 00:00:00+00:00, run_after=2025-03-18 00:00:00+00:00
[2025-03-18T23:20:12.217+0000] {processor.py:208} INFO - Processing /home/airflow/.local/lib/python3.12/site-packages/airflow/example_dags/tutorial.py took 0.143 seconds
[2025-03-18T23:20:42.576+0000] {processor.py:186} INFO - Started process (PID=4319) to work on /home/airflow/.local/lib/python3.12/site-packages/airflow/example_dags/tutorial.py
[2025-03-18T23:20:42.589+0000] {processor.py:914} INFO - Processing file /home/airflow/.local/lib/python3.12/site-packages/airflow/example_dags/tutorial.py for tasks to queue
[2025-03-18T23:20:42.593+0000] {logging_mixin.py:190} INFO - [2025-03-18T23:20:42.592+0000] {dagbag.py:588} INFO - Filling up the DagBag from /home/airflow/.local/lib/python3.12/site-packages/airflow/example_dags/tutorial.py
[2025-03-18T23:20:42.604+0000] {processor.py:925} INFO - DAG(s) 'tutorial' retrieved from /home/airflow/.local/lib/python3.12/site-packages/airflow/example_dags/tutorial.py
[2025-03-18T23:20:42.629+0000] {logging_mixin.py:190} INFO - [2025-03-18T23:20:42.629+0000] {dag.py:3239} INFO - Sync 1 DAGs
[2025-03-18T23:20:42.655+0000] {logging_mixin.py:190} INFO - [2025-03-18T23:20:42.655+0000] {dag.py:4180} INFO - Setting next_dagrun for tutorial to 2025-03-17 00:00:00+00:00, run_after=2025-03-18 00:00:00+00:00
[2025-03-18T23:20:42.682+0000] {processor.py:208} INFO - Processing /home/airflow/.local/lib/python3.12/site-packages/airflow/example_dags/tutorial.py took 0.113 seconds
[2025-03-18T23:21:13.537+0000] {processor.py:186} INFO - Started process (PID=4381) to work on /home/airflow/.local/lib/python3.12/site-packages/airflow/example_dags/tutorial.py
[2025-03-18T23:21:13.538+0000] {processor.py:914} INFO - Processing file /home/airflow/.local/lib/python3.12/site-packages/airflow/example_dags/tutorial.py for tasks to queue
[2025-03-18T23:21:13.540+0000] {logging_mixin.py:190} INFO - [2025-03-18T23:21:13.540+0000] {dagbag.py:588} INFO - Filling up the DagBag from /home/airflow/.local/lib/python3.12/site-packages/airflow/example_dags/tutorial.py
[2025-03-18T23:21:13.549+0000] {processor.py:925} INFO - DAG(s) 'tutorial' retrieved from /home/airflow/.local/lib/python3.12/site-packages/airflow/example_dags/tutorial.py
[2025-03-18T23:21:13.573+0000] {logging_mixin.py:190} INFO - [2025-03-18T23:21:13.571+0000] {dag.py:3239} INFO - Sync 1 DAGs
[2025-03-18T23:21:13.599+0000] {logging_mixin.py:190} INFO - [2025-03-18T23:21:13.599+0000] {dag.py:4180} INFO - Setting next_dagrun for tutorial to 2025-03-17 00:00:00+00:00, run_after=2025-03-18 00:00:00+00:00
[2025-03-18T23:21:13.618+0000] {processor.py:208} INFO - Processing /home/airflow/.local/lib/python3.12/site-packages/airflow/example_dags/tutorial.py took 0.091 seconds
[2025-03-18T23:21:43.876+0000] {processor.py:186} INFO - Started process (PID=4436) to work on /home/airflow/.local/lib/python3.12/site-packages/airflow/example_dags/tutorial.py
[2025-03-18T23:21:43.877+0000] {processor.py:914} INFO - Processing file /home/airflow/.local/lib/python3.12/site-packages/airflow/example_dags/tutorial.py for tasks to queue
[2025-03-18T23:21:43.881+0000] {logging_mixin.py:190} INFO - [2025-03-18T23:21:43.880+0000] {dagbag.py:588} INFO - Filling up the DagBag from /home/airflow/.local/lib/python3.12/site-packages/airflow/example_dags/tutorial.py
[2025-03-18T23:21:43.897+0000] {processor.py:925} INFO - DAG(s) 'tutorial' retrieved from /home/airflow/.local/lib/python3.12/site-packages/airflow/example_dags/tutorial.py
[2025-03-18T23:21:43.917+0000] {logging_mixin.py:190} INFO - [2025-03-18T23:21:43.917+0000] {dag.py:3239} INFO - Sync 1 DAGs
[2025-03-18T23:21:43.946+0000] {logging_mixin.py:190} INFO - [2025-03-18T23:21:43.946+0000] {dag.py:4180} INFO - Setting next_dagrun for tutorial to 2025-03-17 00:00:00+00:00, run_after=2025-03-18 00:00:00+00:00
[2025-03-18T23:21:43.974+0000] {processor.py:208} INFO - Processing /home/airflow/.local/lib/python3.12/site-packages/airflow/example_dags/tutorial.py took 0.106 seconds
[2025-03-18T23:22:17.142+0000] {processor.py:186} INFO - Started process (PID=4500) to work on /home/airflow/.local/lib/python3.12/site-packages/airflow/example_dags/tutorial.py
[2025-03-18T23:22:17.149+0000] {processor.py:914} INFO - Processing file /home/airflow/.local/lib/python3.12/site-packages/airflow/example_dags/tutorial.py for tasks to queue
[2025-03-18T23:22:17.152+0000] {logging_mixin.py:190} INFO - [2025-03-18T23:22:17.151+0000] {dagbag.py:588} INFO - Filling up the DagBag from /home/airflow/.local/lib/python3.12/site-packages/airflow/example_dags/tutorial.py
[2025-03-18T23:22:17.165+0000] {processor.py:925} INFO - DAG(s) 'tutorial' retrieved from /home/airflow/.local/lib/python3.12/site-packages/airflow/example_dags/tutorial.py
[2025-03-18T23:22:17.206+0000] {logging_mixin.py:190} INFO - [2025-03-18T23:22:17.205+0000] {dag.py:3239} INFO - Sync 1 DAGs
[2025-03-18T23:22:17.268+0000] {logging_mixin.py:190} INFO - [2025-03-18T23:22:17.267+0000] {dag.py:4180} INFO - Setting next_dagrun for tutorial to 2025-03-17 00:00:00+00:00, run_after=2025-03-18 00:00:00+00:00
[2025-03-18T23:22:17.305+0000] {processor.py:208} INFO - Processing /home/airflow/.local/lib/python3.12/site-packages/airflow/example_dags/tutorial.py took 0.170 seconds
[2025-03-18T23:22:47.929+0000] {processor.py:186} INFO - Started process (PID=4564) to work on /home/airflow/.local/lib/python3.12/site-packages/airflow/example_dags/tutorial.py
[2025-03-18T23:22:47.930+0000] {processor.py:914} INFO - Processing file /home/airflow/.local/lib/python3.12/site-packages/airflow/example_dags/tutorial.py for tasks to queue
[2025-03-18T23:22:47.934+0000] {logging_mixin.py:190} INFO - [2025-03-18T23:22:47.933+0000] {dagbag.py:588} INFO - Filling up the DagBag from /home/airflow/.local/lib/python3.12/site-packages/airflow/example_dags/tutorial.py
[2025-03-18T23:22:47.943+0000] {processor.py:925} INFO - DAG(s) 'tutorial' retrieved from /home/airflow/.local/lib/python3.12/site-packages/airflow/example_dags/tutorial.py
[2025-03-18T23:22:47.963+0000] {logging_mixin.py:190} INFO - [2025-03-18T23:22:47.963+0000] {dag.py:3239} INFO - Sync 1 DAGs
[2025-03-18T23:22:47.988+0000] {logging_mixin.py:190} INFO - [2025-03-18T23:22:47.988+0000] {dag.py:4180} INFO - Setting next_dagrun for tutorial to 2025-03-17 00:00:00+00:00, run_after=2025-03-18 00:00:00+00:00
[2025-03-18T23:22:48.010+0000] {processor.py:208} INFO - Processing /home/airflow/.local/lib/python3.12/site-packages/airflow/example_dags/tutorial.py took 0.091 seconds
[2025-03-18T23:23:18.422+0000] {processor.py:186} INFO - Started process (PID=4627) to work on /home/airflow/.local/lib/python3.12/site-packages/airflow/example_dags/tutorial.py
[2025-03-18T23:23:18.427+0000] {processor.py:914} INFO - Processing file /home/airflow/.local/lib/python3.12/site-packages/airflow/example_dags/tutorial.py for tasks to queue
[2025-03-18T23:23:18.430+0000] {logging_mixin.py:190} INFO - [2025-03-18T23:23:18.430+0000] {dagbag.py:588} INFO - Filling up the DagBag from /home/airflow/.local/lib/python3.12/site-packages/airflow/example_dags/tutorial.py
[2025-03-18T23:23:18.441+0000] {processor.py:925} INFO - DAG(s) 'tutorial' retrieved from /home/airflow/.local/lib/python3.12/site-packages/airflow/example_dags/tutorial.py
[2025-03-18T23:23:18.469+0000] {logging_mixin.py:190} INFO - [2025-03-18T23:23:18.469+0000] {dag.py:3239} INFO - Sync 1 DAGs
[2025-03-18T23:23:18.509+0000] {logging_mixin.py:190} INFO - [2025-03-18T23:23:18.508+0000] {dag.py:4180} INFO - Setting next_dagrun for tutorial to 2025-03-17 00:00:00+00:00, run_after=2025-03-18 00:00:00+00:00
[2025-03-18T23:23:18.535+0000] {processor.py:208} INFO - Processing /home/airflow/.local/lib/python3.12/site-packages/airflow/example_dags/tutorial.py took 0.126 seconds
[2025-03-18T23:23:48.640+0000] {processor.py:186} INFO - Started process (PID=4690) to work on /home/airflow/.local/lib/python3.12/site-packages/airflow/example_dags/tutorial.py
[2025-03-18T23:23:48.651+0000] {processor.py:914} INFO - Processing file /home/airflow/.local/lib/python3.12/site-packages/airflow/example_dags/tutorial.py for tasks to queue
[2025-03-18T23:23:48.653+0000] {logging_mixin.py:190} INFO - [2025-03-18T23:23:48.653+0000] {dagbag.py:588} INFO - Filling up the DagBag from /home/airflow/.local/lib/python3.12/site-packages/airflow/example_dags/tutorial.py
[2025-03-18T23:23:48.671+0000] {processor.py:925} INFO - DAG(s) 'tutorial' retrieved from /home/airflow/.local/lib/python3.12/site-packages/airflow/example_dags/tutorial.py
[2025-03-18T23:23:48.708+0000] {logging_mixin.py:190} INFO - [2025-03-18T23:23:48.708+0000] {dag.py:3239} INFO - Sync 1 DAGs
[2025-03-18T23:23:48.741+0000] {logging_mixin.py:190} INFO - [2025-03-18T23:23:48.740+0000] {dag.py:4180} INFO - Setting next_dagrun for tutorial to 2025-03-17 00:00:00+00:00, run_after=2025-03-18 00:00:00+00:00
[2025-03-18T23:23:48.771+0000] {processor.py:208} INFO - Processing /home/airflow/.local/lib/python3.12/site-packages/airflow/example_dags/tutorial.py took 0.139 seconds
