[2025-03-18T22:44:52.306+0000] {processor.py:186} INFO - Started process (PID=78) to work on /home/airflow/.local/lib/python3.12/site-packages/airflow/example_dags/tutorial_dag.py
[2025-03-18T22:44:52.319+0000] {processor.py:914} INFO - Processing file /home/airflow/.local/lib/python3.12/site-packages/airflow/example_dags/tutorial_dag.py for tasks to queue
[2025-03-18T22:44:52.329+0000] {logging_mixin.py:190} INFO - [2025-03-18T22:44:52.328+0000] {dagbag.py:588} INFO - Filling up the DagBag from /home/airflow/.local/lib/python3.12/site-packages/airflow/example_dags/tutorial_dag.py
[2025-03-18T22:44:52.382+0000] {processor.py:925} INFO - DAG(s) 'tutorial_dag' retrieved from /home/airflow/.local/lib/python3.12/site-packages/airflow/example_dags/tutorial_dag.py
[2025-03-18T22:44:53.070+0000] {logging_mixin.py:190} INFO - [2025-03-18T22:44:53.057+0000] {override.py:1912} INFO - Created Permission View: can read on DAG:tutorial_dag
[2025-03-18T22:44:53.120+0000] {logging_mixin.py:190} INFO - [2025-03-18T22:44:53.120+0000] {override.py:1912} INFO - Created Permission View: can edit on DAG:tutorial_dag
[2025-03-18T22:44:53.172+0000] {logging_mixin.py:190} INFO - [2025-03-18T22:44:53.171+0000] {override.py:1912} INFO - Created Permission View: can delete on DAG:tutorial_dag
[2025-03-18T22:44:53.248+0000] {logging_mixin.py:190} INFO - [2025-03-18T22:44:53.248+0000] {override.py:1912} INFO - Created Permission View: can read on DAG Run:tutorial_dag
[2025-03-18T22:44:53.258+0000] {logging_mixin.py:190} INFO - [2025-03-18T22:44:53.258+0000] {override.py:1912} INFO - Created Permission View: can delete on DAG Run:tutorial_dag
[2025-03-18T22:44:53.304+0000] {logging_mixin.py:190} INFO - [2025-03-18T22:44:53.303+0000] {override.py:1912} INFO - Created Permission View: can create on DAG Run:tutorial_dag
[2025-03-18T22:44:53.349+0000] {logging_mixin.py:190} INFO - [2025-03-18T22:44:53.348+0000] {override.py:1912} INFO - Created Permission View: menu access on DAG Run:tutorial_dag
[2025-03-18T22:44:53.349+0000] {logging_mixin.py:190} INFO - [2025-03-18T22:44:53.349+0000] {dag.py:3239} INFO - Sync 1 DAGs
[2025-03-18T22:44:53.403+0000] {logging_mixin.py:190} INFO - [2025-03-18T22:44:53.403+0000] {dag.py:3262} INFO - Creating ORM DAG for tutorial_dag
[2025-03-18T22:44:53.417+0000] {logging_mixin.py:190} INFO - [2025-03-18T22:44:53.417+0000] {dag.py:4180} INFO - Setting next_dagrun for tutorial_dag to None, run_after=None
[2025-03-18T22:44:53.524+0000] {processor.py:208} INFO - Processing /home/airflow/.local/lib/python3.12/site-packages/airflow/example_dags/tutorial_dag.py took 1.255 seconds
[2025-03-18T22:46:11.395+0000] {processor.py:186} INFO - Started process (PID=148) to work on /home/airflow/.local/lib/python3.12/site-packages/airflow/example_dags/tutorial_dag.py
[2025-03-18T22:46:11.399+0000] {processor.py:914} INFO - Processing file /home/airflow/.local/lib/python3.12/site-packages/airflow/example_dags/tutorial_dag.py for tasks to queue
[2025-03-18T22:46:11.411+0000] {logging_mixin.py:190} INFO - [2025-03-18T22:46:11.409+0000] {dagbag.py:588} INFO - Filling up the DagBag from /home/airflow/.local/lib/python3.12/site-packages/airflow/example_dags/tutorial_dag.py
[2025-03-18T22:46:11.442+0000] {processor.py:925} INFO - DAG(s) 'tutorial_dag' retrieved from /home/airflow/.local/lib/python3.12/site-packages/airflow/example_dags/tutorial_dag.py
[2025-03-18T22:46:11.522+0000] {logging_mixin.py:190} INFO - [2025-03-18T22:46:11.521+0000] {dag.py:3239} INFO - Sync 1 DAGs
[2025-03-18T22:46:11.562+0000] {logging_mixin.py:190} INFO - [2025-03-18T22:46:11.561+0000] {dag.py:4180} INFO - Setting next_dagrun for tutorial_dag to None, run_after=None
[2025-03-18T22:46:11.671+0000] {processor.py:208} INFO - Processing /home/airflow/.local/lib/python3.12/site-packages/airflow/example_dags/tutorial_dag.py took 0.317 seconds
[2025-03-18T22:46:41.770+0000] {processor.py:186} INFO - Started process (PID=212) to work on /home/airflow/.local/lib/python3.12/site-packages/airflow/example_dags/tutorial_dag.py
[2025-03-18T22:46:41.772+0000] {processor.py:914} INFO - Processing file /home/airflow/.local/lib/python3.12/site-packages/airflow/example_dags/tutorial_dag.py for tasks to queue
[2025-03-18T22:46:41.775+0000] {logging_mixin.py:190} INFO - [2025-03-18T22:46:41.774+0000] {dagbag.py:588} INFO - Filling up the DagBag from /home/airflow/.local/lib/python3.12/site-packages/airflow/example_dags/tutorial_dag.py
[2025-03-18T22:46:41.785+0000] {processor.py:925} INFO - DAG(s) 'tutorial_dag' retrieved from /home/airflow/.local/lib/python3.12/site-packages/airflow/example_dags/tutorial_dag.py
[2025-03-18T22:46:41.822+0000] {logging_mixin.py:190} INFO - [2025-03-18T22:46:41.822+0000] {dag.py:3239} INFO - Sync 1 DAGs
[2025-03-18T22:46:41.863+0000] {logging_mixin.py:190} INFO - [2025-03-18T22:46:41.863+0000] {dag.py:4180} INFO - Setting next_dagrun for tutorial_dag to None, run_after=None
[2025-03-18T22:46:41.931+0000] {processor.py:208} INFO - Processing /home/airflow/.local/lib/python3.12/site-packages/airflow/example_dags/tutorial_dag.py took 0.170 seconds
[2025-03-18T22:47:14.465+0000] {processor.py:186} INFO - Started process (PID=274) to work on /home/airflow/.local/lib/python3.12/site-packages/airflow/example_dags/tutorial_dag.py
[2025-03-18T22:47:14.479+0000] {processor.py:914} INFO - Processing file /home/airflow/.local/lib/python3.12/site-packages/airflow/example_dags/tutorial_dag.py for tasks to queue
[2025-03-18T22:47:14.487+0000] {logging_mixin.py:190} INFO - [2025-03-18T22:47:14.486+0000] {dagbag.py:588} INFO - Filling up the DagBag from /home/airflow/.local/lib/python3.12/site-packages/airflow/example_dags/tutorial_dag.py
[2025-03-18T22:47:14.536+0000] {processor.py:925} INFO - DAG(s) 'tutorial_dag' retrieved from /home/airflow/.local/lib/python3.12/site-packages/airflow/example_dags/tutorial_dag.py
[2025-03-18T22:47:14.641+0000] {logging_mixin.py:190} INFO - [2025-03-18T22:47:14.641+0000] {dag.py:3239} INFO - Sync 1 DAGs
[2025-03-18T22:47:14.736+0000] {logging_mixin.py:190} INFO - [2025-03-18T22:47:14.735+0000] {dag.py:4180} INFO - Setting next_dagrun for tutorial_dag to None, run_after=None
[2025-03-18T22:47:14.829+0000] {processor.py:208} INFO - Processing /home/airflow/.local/lib/python3.12/site-packages/airflow/example_dags/tutorial_dag.py took 0.382 seconds
[2025-03-18T22:47:45.526+0000] {processor.py:186} INFO - Started process (PID=337) to work on /home/airflow/.local/lib/python3.12/site-packages/airflow/example_dags/tutorial_dag.py
[2025-03-18T22:47:45.528+0000] {processor.py:914} INFO - Processing file /home/airflow/.local/lib/python3.12/site-packages/airflow/example_dags/tutorial_dag.py for tasks to queue
[2025-03-18T22:47:45.532+0000] {logging_mixin.py:190} INFO - [2025-03-18T22:47:45.531+0000] {dagbag.py:588} INFO - Filling up the DagBag from /home/airflow/.local/lib/python3.12/site-packages/airflow/example_dags/tutorial_dag.py
[2025-03-18T22:47:45.549+0000] {processor.py:925} INFO - DAG(s) 'tutorial_dag' retrieved from /home/airflow/.local/lib/python3.12/site-packages/airflow/example_dags/tutorial_dag.py
[2025-03-18T22:47:45.571+0000] {logging_mixin.py:190} INFO - [2025-03-18T22:47:45.571+0000] {dag.py:3239} INFO - Sync 1 DAGs
[2025-03-18T22:47:45.606+0000] {logging_mixin.py:190} INFO - [2025-03-18T22:47:45.606+0000] {dag.py:4180} INFO - Setting next_dagrun for tutorial_dag to None, run_after=None
[2025-03-18T22:47:45.641+0000] {processor.py:208} INFO - Processing /home/airflow/.local/lib/python3.12/site-packages/airflow/example_dags/tutorial_dag.py took 0.125 seconds
[2025-03-18T22:48:16.563+0000] {processor.py:186} INFO - Started process (PID=400) to work on /home/airflow/.local/lib/python3.12/site-packages/airflow/example_dags/tutorial_dag.py
[2025-03-18T22:48:16.564+0000] {processor.py:914} INFO - Processing file /home/airflow/.local/lib/python3.12/site-packages/airflow/example_dags/tutorial_dag.py for tasks to queue
[2025-03-18T22:48:16.566+0000] {logging_mixin.py:190} INFO - [2025-03-18T22:48:16.566+0000] {dagbag.py:588} INFO - Filling up the DagBag from /home/airflow/.local/lib/python3.12/site-packages/airflow/example_dags/tutorial_dag.py
[2025-03-18T22:48:16.580+0000] {processor.py:925} INFO - DAG(s) 'tutorial_dag' retrieved from /home/airflow/.local/lib/python3.12/site-packages/airflow/example_dags/tutorial_dag.py
[2025-03-18T22:48:16.611+0000] {logging_mixin.py:190} INFO - [2025-03-18T22:48:16.611+0000] {dag.py:3239} INFO - Sync 1 DAGs
[2025-03-18T22:48:16.632+0000] {logging_mixin.py:190} INFO - [2025-03-18T22:48:16.631+0000] {dag.py:4180} INFO - Setting next_dagrun for tutorial_dag to None, run_after=None
[2025-03-18T22:48:16.705+0000] {processor.py:208} INFO - Processing /home/airflow/.local/lib/python3.12/site-packages/airflow/example_dags/tutorial_dag.py took 0.154 seconds
[2025-03-18T22:48:47.304+0000] {processor.py:186} INFO - Started process (PID=463) to work on /home/airflow/.local/lib/python3.12/site-packages/airflow/example_dags/tutorial_dag.py
[2025-03-18T22:48:47.406+0000] {processor.py:914} INFO - Processing file /home/airflow/.local/lib/python3.12/site-packages/airflow/example_dags/tutorial_dag.py for tasks to queue
[2025-03-18T22:48:47.410+0000] {logging_mixin.py:190} INFO - [2025-03-18T22:48:47.409+0000] {dagbag.py:588} INFO - Filling up the DagBag from /home/airflow/.local/lib/python3.12/site-packages/airflow/example_dags/tutorial_dag.py
[2025-03-18T22:48:47.427+0000] {processor.py:925} INFO - DAG(s) 'tutorial_dag' retrieved from /home/airflow/.local/lib/python3.12/site-packages/airflow/example_dags/tutorial_dag.py
[2025-03-18T22:48:47.463+0000] {logging_mixin.py:190} INFO - [2025-03-18T22:48:47.462+0000] {dag.py:3239} INFO - Sync 1 DAGs
[2025-03-18T22:48:47.481+0000] {logging_mixin.py:190} INFO - [2025-03-18T22:48:47.481+0000] {dag.py:4180} INFO - Setting next_dagrun for tutorial_dag to None, run_after=None
[2025-03-18T22:48:47.788+0000] {processor.py:208} INFO - Processing /home/airflow/.local/lib/python3.12/site-packages/airflow/example_dags/tutorial_dag.py took 0.493 seconds
[2025-03-18T22:49:23.729+0000] {processor.py:186} INFO - Started process (PID=525) to work on /home/airflow/.local/lib/python3.12/site-packages/airflow/example_dags/tutorial_dag.py
[2025-03-18T22:49:23.742+0000] {processor.py:914} INFO - Processing file /home/airflow/.local/lib/python3.12/site-packages/airflow/example_dags/tutorial_dag.py for tasks to queue
[2025-03-18T22:49:23.759+0000] {logging_mixin.py:190} INFO - [2025-03-18T22:49:23.758+0000] {dagbag.py:588} INFO - Filling up the DagBag from /home/airflow/.local/lib/python3.12/site-packages/airflow/example_dags/tutorial_dag.py
[2025-03-18T22:49:23.919+0000] {processor.py:925} INFO - DAG(s) 'tutorial_dag' retrieved from /home/airflow/.local/lib/python3.12/site-packages/airflow/example_dags/tutorial_dag.py
[2025-03-18T22:49:24.034+0000] {logging_mixin.py:190} INFO - [2025-03-18T22:49:24.034+0000] {dag.py:3239} INFO - Sync 1 DAGs
[2025-03-18T22:49:24.115+0000] {logging_mixin.py:190} INFO - [2025-03-18T22:49:24.115+0000] {dag.py:4180} INFO - Setting next_dagrun for tutorial_dag to None, run_after=None
[2025-03-18T22:49:24.207+0000] {processor.py:208} INFO - Processing /home/airflow/.local/lib/python3.12/site-packages/airflow/example_dags/tutorial_dag.py took 0.543 seconds
[2025-03-18T22:49:56.578+0000] {processor.py:186} INFO - Started process (PID=587) to work on /home/airflow/.local/lib/python3.12/site-packages/airflow/example_dags/tutorial_dag.py
[2025-03-18T22:49:56.580+0000] {processor.py:914} INFO - Processing file /home/airflow/.local/lib/python3.12/site-packages/airflow/example_dags/tutorial_dag.py for tasks to queue
[2025-03-18T22:49:56.586+0000] {logging_mixin.py:190} INFO - [2025-03-18T22:49:56.586+0000] {dagbag.py:588} INFO - Filling up the DagBag from /home/airflow/.local/lib/python3.12/site-packages/airflow/example_dags/tutorial_dag.py
[2025-03-18T22:49:56.600+0000] {processor.py:925} INFO - DAG(s) 'tutorial_dag' retrieved from /home/airflow/.local/lib/python3.12/site-packages/airflow/example_dags/tutorial_dag.py
[2025-03-18T22:49:56.633+0000] {logging_mixin.py:190} INFO - [2025-03-18T22:49:56.632+0000] {dag.py:3239} INFO - Sync 1 DAGs
[2025-03-18T22:49:56.667+0000] {logging_mixin.py:190} INFO - [2025-03-18T22:49:56.666+0000] {dag.py:4180} INFO - Setting next_dagrun for tutorial_dag to None, run_after=None
[2025-03-18T22:49:56.701+0000] {processor.py:208} INFO - Processing /home/airflow/.local/lib/python3.12/site-packages/airflow/example_dags/tutorial_dag.py took 0.132 seconds
[2025-03-18T22:50:27.112+0000] {processor.py:186} INFO - Started process (PID=650) to work on /home/airflow/.local/lib/python3.12/site-packages/airflow/example_dags/tutorial_dag.py
[2025-03-18T22:50:27.116+0000] {processor.py:914} INFO - Processing file /home/airflow/.local/lib/python3.12/site-packages/airflow/example_dags/tutorial_dag.py for tasks to queue
[2025-03-18T22:50:27.133+0000] {logging_mixin.py:190} INFO - [2025-03-18T22:50:27.122+0000] {dagbag.py:588} INFO - Filling up the DagBag from /home/airflow/.local/lib/python3.12/site-packages/airflow/example_dags/tutorial_dag.py
[2025-03-18T22:50:27.184+0000] {processor.py:925} INFO - DAG(s) 'tutorial_dag' retrieved from /home/airflow/.local/lib/python3.12/site-packages/airflow/example_dags/tutorial_dag.py
[2025-03-18T22:50:27.221+0000] {logging_mixin.py:190} INFO - [2025-03-18T22:50:27.221+0000] {dag.py:3239} INFO - Sync 1 DAGs
[2025-03-18T22:50:27.261+0000] {logging_mixin.py:190} INFO - [2025-03-18T22:50:27.260+0000] {dag.py:4180} INFO - Setting next_dagrun for tutorial_dag to None, run_after=None
[2025-03-18T22:50:27.313+0000] {processor.py:208} INFO - Processing /home/airflow/.local/lib/python3.12/site-packages/airflow/example_dags/tutorial_dag.py took 0.222 seconds
[2025-03-18T22:50:58.340+0000] {processor.py:186} INFO - Started process (PID=713) to work on /home/airflow/.local/lib/python3.12/site-packages/airflow/example_dags/tutorial_dag.py
[2025-03-18T22:50:58.341+0000] {processor.py:914} INFO - Processing file /home/airflow/.local/lib/python3.12/site-packages/airflow/example_dags/tutorial_dag.py for tasks to queue
[2025-03-18T22:50:58.355+0000] {logging_mixin.py:190} INFO - [2025-03-18T22:50:58.355+0000] {dagbag.py:588} INFO - Filling up the DagBag from /home/airflow/.local/lib/python3.12/site-packages/airflow/example_dags/tutorial_dag.py
[2025-03-18T22:50:58.395+0000] {processor.py:925} INFO - DAG(s) 'tutorial_dag' retrieved from /home/airflow/.local/lib/python3.12/site-packages/airflow/example_dags/tutorial_dag.py
[2025-03-18T22:50:58.487+0000] {logging_mixin.py:190} INFO - [2025-03-18T22:50:58.483+0000] {dag.py:3239} INFO - Sync 1 DAGs
[2025-03-18T22:50:58.564+0000] {logging_mixin.py:190} INFO - [2025-03-18T22:50:58.563+0000] {dag.py:4180} INFO - Setting next_dagrun for tutorial_dag to None, run_after=None
[2025-03-18T22:50:58.826+0000] {processor.py:208} INFO - Processing /home/airflow/.local/lib/python3.12/site-packages/airflow/example_dags/tutorial_dag.py took 0.505 seconds
[2025-03-18T22:51:29.391+0000] {processor.py:186} INFO - Started process (PID=775) to work on /home/airflow/.local/lib/python3.12/site-packages/airflow/example_dags/tutorial_dag.py
[2025-03-18T22:51:29.392+0000] {processor.py:914} INFO - Processing file /home/airflow/.local/lib/python3.12/site-packages/airflow/example_dags/tutorial_dag.py for tasks to queue
[2025-03-18T22:51:29.395+0000] {logging_mixin.py:190} INFO - [2025-03-18T22:51:29.395+0000] {dagbag.py:588} INFO - Filling up the DagBag from /home/airflow/.local/lib/python3.12/site-packages/airflow/example_dags/tutorial_dag.py
[2025-03-18T22:51:29.408+0000] {processor.py:925} INFO - DAG(s) 'tutorial_dag' retrieved from /home/airflow/.local/lib/python3.12/site-packages/airflow/example_dags/tutorial_dag.py
[2025-03-18T22:51:29.433+0000] {logging_mixin.py:190} INFO - [2025-03-18T22:51:29.433+0000] {dag.py:3239} INFO - Sync 1 DAGs
[2025-03-18T22:51:29.455+0000] {logging_mixin.py:190} INFO - [2025-03-18T22:51:29.455+0000] {dag.py:4180} INFO - Setting next_dagrun for tutorial_dag to None, run_after=None
[2025-03-18T22:51:29.485+0000] {processor.py:208} INFO - Processing /home/airflow/.local/lib/python3.12/site-packages/airflow/example_dags/tutorial_dag.py took 0.105 seconds
[2025-03-18T22:51:59.997+0000] {processor.py:186} INFO - Started process (PID=839) to work on /home/airflow/.local/lib/python3.12/site-packages/airflow/example_dags/tutorial_dag.py
[2025-03-18T22:51:59.999+0000] {processor.py:914} INFO - Processing file /home/airflow/.local/lib/python3.12/site-packages/airflow/example_dags/tutorial_dag.py for tasks to queue
[2025-03-18T22:52:00.003+0000] {logging_mixin.py:190} INFO - [2025-03-18T22:52:00.002+0000] {dagbag.py:588} INFO - Filling up the DagBag from /home/airflow/.local/lib/python3.12/site-packages/airflow/example_dags/tutorial_dag.py
[2025-03-18T22:52:00.015+0000] {processor.py:925} INFO - DAG(s) 'tutorial_dag' retrieved from /home/airflow/.local/lib/python3.12/site-packages/airflow/example_dags/tutorial_dag.py
[2025-03-18T22:52:00.041+0000] {logging_mixin.py:190} INFO - [2025-03-18T22:52:00.041+0000] {dag.py:3239} INFO - Sync 1 DAGs
[2025-03-18T22:52:00.061+0000] {logging_mixin.py:190} INFO - [2025-03-18T22:52:00.061+0000] {dag.py:4180} INFO - Setting next_dagrun for tutorial_dag to None, run_after=None
[2025-03-18T22:52:00.090+0000] {processor.py:208} INFO - Processing /home/airflow/.local/lib/python3.12/site-packages/airflow/example_dags/tutorial_dag.py took 0.101 seconds
[2025-03-18T22:52:30.561+0000] {processor.py:186} INFO - Started process (PID=902) to work on /home/airflow/.local/lib/python3.12/site-packages/airflow/example_dags/tutorial_dag.py
[2025-03-18T22:52:30.568+0000] {processor.py:914} INFO - Processing file /home/airflow/.local/lib/python3.12/site-packages/airflow/example_dags/tutorial_dag.py for tasks to queue
[2025-03-18T22:52:30.572+0000] {logging_mixin.py:190} INFO - [2025-03-18T22:52:30.571+0000] {dagbag.py:588} INFO - Filling up the DagBag from /home/airflow/.local/lib/python3.12/site-packages/airflow/example_dags/tutorial_dag.py
[2025-03-18T22:52:30.594+0000] {processor.py:925} INFO - DAG(s) 'tutorial_dag' retrieved from /home/airflow/.local/lib/python3.12/site-packages/airflow/example_dags/tutorial_dag.py
[2025-03-18T22:52:30.639+0000] {logging_mixin.py:190} INFO - [2025-03-18T22:52:30.639+0000] {dag.py:3239} INFO - Sync 1 DAGs
[2025-03-18T22:52:30.669+0000] {logging_mixin.py:190} INFO - [2025-03-18T22:52:30.669+0000] {dag.py:4180} INFO - Setting next_dagrun for tutorial_dag to None, run_after=None
[2025-03-18T22:52:30.702+0000] {processor.py:208} INFO - Processing /home/airflow/.local/lib/python3.12/site-packages/airflow/example_dags/tutorial_dag.py took 0.179 seconds
[2025-03-18T22:53:00.893+0000] {processor.py:186} INFO - Started process (PID=964) to work on /home/airflow/.local/lib/python3.12/site-packages/airflow/example_dags/tutorial_dag.py
[2025-03-18T22:53:00.894+0000] {processor.py:914} INFO - Processing file /home/airflow/.local/lib/python3.12/site-packages/airflow/example_dags/tutorial_dag.py for tasks to queue
[2025-03-18T22:53:00.897+0000] {logging_mixin.py:190} INFO - [2025-03-18T22:53:00.896+0000] {dagbag.py:588} INFO - Filling up the DagBag from /home/airflow/.local/lib/python3.12/site-packages/airflow/example_dags/tutorial_dag.py
[2025-03-18T22:53:00.907+0000] {processor.py:925} INFO - DAG(s) 'tutorial_dag' retrieved from /home/airflow/.local/lib/python3.12/site-packages/airflow/example_dags/tutorial_dag.py
[2025-03-18T22:53:00.929+0000] {logging_mixin.py:190} INFO - [2025-03-18T22:53:00.929+0000] {dag.py:3239} INFO - Sync 1 DAGs
[2025-03-18T22:53:00.946+0000] {logging_mixin.py:190} INFO - [2025-03-18T22:53:00.946+0000] {dag.py:4180} INFO - Setting next_dagrun for tutorial_dag to None, run_after=None
[2025-03-18T22:53:00.967+0000] {processor.py:208} INFO - Processing /home/airflow/.local/lib/python3.12/site-packages/airflow/example_dags/tutorial_dag.py took 0.082 seconds
[2025-03-18T22:53:32.647+0000] {processor.py:186} INFO - Started process (PID=1027) to work on /home/airflow/.local/lib/python3.12/site-packages/airflow/example_dags/tutorial_dag.py
[2025-03-18T22:53:32.663+0000] {processor.py:914} INFO - Processing file /home/airflow/.local/lib/python3.12/site-packages/airflow/example_dags/tutorial_dag.py for tasks to queue
[2025-03-18T22:53:32.666+0000] {logging_mixin.py:190} INFO - [2025-03-18T22:53:32.665+0000] {dagbag.py:588} INFO - Filling up the DagBag from /home/airflow/.local/lib/python3.12/site-packages/airflow/example_dags/tutorial_dag.py
[2025-03-18T22:53:32.707+0000] {processor.py:925} INFO - DAG(s) 'tutorial_dag' retrieved from /home/airflow/.local/lib/python3.12/site-packages/airflow/example_dags/tutorial_dag.py
[2025-03-18T22:53:32.781+0000] {logging_mixin.py:190} INFO - [2025-03-18T22:53:32.780+0000] {dag.py:3239} INFO - Sync 1 DAGs
[2025-03-18T22:53:32.893+0000] {logging_mixin.py:190} INFO - [2025-03-18T22:53:32.883+0000] {dag.py:4180} INFO - Setting next_dagrun for tutorial_dag to None, run_after=None
[2025-03-18T22:53:32.986+0000] {processor.py:208} INFO - Processing /home/airflow/.local/lib/python3.12/site-packages/airflow/example_dags/tutorial_dag.py took 0.366 seconds
[2025-03-18T22:54:04.079+0000] {processor.py:186} INFO - Started process (PID=1090) to work on /home/airflow/.local/lib/python3.12/site-packages/airflow/example_dags/tutorial_dag.py
[2025-03-18T22:54:04.176+0000] {processor.py:914} INFO - Processing file /home/airflow/.local/lib/python3.12/site-packages/airflow/example_dags/tutorial_dag.py for tasks to queue
[2025-03-18T22:54:04.180+0000] {logging_mixin.py:190} INFO - [2025-03-18T22:54:04.180+0000] {dagbag.py:588} INFO - Filling up the DagBag from /home/airflow/.local/lib/python3.12/site-packages/airflow/example_dags/tutorial_dag.py
[2025-03-18T22:54:04.199+0000] {processor.py:925} INFO - DAG(s) 'tutorial_dag' retrieved from /home/airflow/.local/lib/python3.12/site-packages/airflow/example_dags/tutorial_dag.py
[2025-03-18T22:54:04.241+0000] {logging_mixin.py:190} INFO - [2025-03-18T22:54:04.241+0000] {dag.py:3239} INFO - Sync 1 DAGs
[2025-03-18T22:54:04.257+0000] {logging_mixin.py:190} INFO - [2025-03-18T22:54:04.256+0000] {dag.py:4180} INFO - Setting next_dagrun for tutorial_dag to None, run_after=None
[2025-03-18T22:54:04.521+0000] {processor.py:208} INFO - Processing /home/airflow/.local/lib/python3.12/site-packages/airflow/example_dags/tutorial_dag.py took 0.451 seconds
[2025-03-18T22:54:34.719+0000] {processor.py:186} INFO - Started process (PID=1153) to work on /home/airflow/.local/lib/python3.12/site-packages/airflow/example_dags/tutorial_dag.py
[2025-03-18T22:54:34.720+0000] {processor.py:914} INFO - Processing file /home/airflow/.local/lib/python3.12/site-packages/airflow/example_dags/tutorial_dag.py for tasks to queue
[2025-03-18T22:54:34.722+0000] {logging_mixin.py:190} INFO - [2025-03-18T22:54:34.722+0000] {dagbag.py:588} INFO - Filling up the DagBag from /home/airflow/.local/lib/python3.12/site-packages/airflow/example_dags/tutorial_dag.py
[2025-03-18T22:54:34.730+0000] {processor.py:925} INFO - DAG(s) 'tutorial_dag' retrieved from /home/airflow/.local/lib/python3.12/site-packages/airflow/example_dags/tutorial_dag.py
[2025-03-18T22:54:34.752+0000] {logging_mixin.py:190} INFO - [2025-03-18T22:54:34.752+0000] {dag.py:3239} INFO - Sync 1 DAGs
[2025-03-18T22:54:34.783+0000] {logging_mixin.py:190} INFO - [2025-03-18T22:54:34.783+0000] {dag.py:4180} INFO - Setting next_dagrun for tutorial_dag to None, run_after=None
[2025-03-18T22:54:34.816+0000] {processor.py:208} INFO - Processing /home/airflow/.local/lib/python3.12/site-packages/airflow/example_dags/tutorial_dag.py took 0.103 seconds
[2025-03-18T22:55:05.664+0000] {processor.py:186} INFO - Started process (PID=1216) to work on /home/airflow/.local/lib/python3.12/site-packages/airflow/example_dags/tutorial_dag.py
[2025-03-18T22:55:05.665+0000] {processor.py:914} INFO - Processing file /home/airflow/.local/lib/python3.12/site-packages/airflow/example_dags/tutorial_dag.py for tasks to queue
[2025-03-18T22:55:05.668+0000] {logging_mixin.py:190} INFO - [2025-03-18T22:55:05.667+0000] {dagbag.py:588} INFO - Filling up the DagBag from /home/airflow/.local/lib/python3.12/site-packages/airflow/example_dags/tutorial_dag.py
[2025-03-18T22:55:05.676+0000] {processor.py:925} INFO - DAG(s) 'tutorial_dag' retrieved from /home/airflow/.local/lib/python3.12/site-packages/airflow/example_dags/tutorial_dag.py
[2025-03-18T22:55:05.695+0000] {logging_mixin.py:190} INFO - [2025-03-18T22:55:05.694+0000] {dag.py:3239} INFO - Sync 1 DAGs
[2025-03-18T22:55:05.708+0000] {logging_mixin.py:190} INFO - [2025-03-18T22:55:05.708+0000] {dag.py:4180} INFO - Setting next_dagrun for tutorial_dag to None, run_after=None
[2025-03-18T22:55:05.726+0000] {processor.py:208} INFO - Processing /home/airflow/.local/lib/python3.12/site-packages/airflow/example_dags/tutorial_dag.py took 0.070 seconds
[2025-03-18T22:55:36.609+0000] {processor.py:186} INFO - Started process (PID=1277) to work on /home/airflow/.local/lib/python3.12/site-packages/airflow/example_dags/tutorial_dag.py
[2025-03-18T22:55:36.610+0000] {processor.py:914} INFO - Processing file /home/airflow/.local/lib/python3.12/site-packages/airflow/example_dags/tutorial_dag.py for tasks to queue
[2025-03-18T22:55:36.613+0000] {logging_mixin.py:190} INFO - [2025-03-18T22:55:36.613+0000] {dagbag.py:588} INFO - Filling up the DagBag from /home/airflow/.local/lib/python3.12/site-packages/airflow/example_dags/tutorial_dag.py
[2025-03-18T22:55:36.628+0000] {processor.py:925} INFO - DAG(s) 'tutorial_dag' retrieved from /home/airflow/.local/lib/python3.12/site-packages/airflow/example_dags/tutorial_dag.py
[2025-03-18T22:55:36.678+0000] {logging_mixin.py:190} INFO - [2025-03-18T22:55:36.677+0000] {dag.py:3239} INFO - Sync 1 DAGs
[2025-03-18T22:55:36.699+0000] {logging_mixin.py:190} INFO - [2025-03-18T22:55:36.699+0000] {dag.py:4180} INFO - Setting next_dagrun for tutorial_dag to None, run_after=None
[2025-03-18T22:55:36.739+0000] {processor.py:208} INFO - Processing /home/airflow/.local/lib/python3.12/site-packages/airflow/example_dags/tutorial_dag.py took 0.137 seconds
[2025-03-18T22:56:07.017+0000] {processor.py:186} INFO - Started process (PID=1341) to work on /home/airflow/.local/lib/python3.12/site-packages/airflow/example_dags/tutorial_dag.py
[2025-03-18T22:56:07.018+0000] {processor.py:914} INFO - Processing file /home/airflow/.local/lib/python3.12/site-packages/airflow/example_dags/tutorial_dag.py for tasks to queue
[2025-03-18T22:56:07.020+0000] {logging_mixin.py:190} INFO - [2025-03-18T22:56:07.020+0000] {dagbag.py:588} INFO - Filling up the DagBag from /home/airflow/.local/lib/python3.12/site-packages/airflow/example_dags/tutorial_dag.py
[2025-03-18T22:56:07.033+0000] {processor.py:925} INFO - DAG(s) 'tutorial_dag' retrieved from /home/airflow/.local/lib/python3.12/site-packages/airflow/example_dags/tutorial_dag.py
[2025-03-18T22:56:07.073+0000] {logging_mixin.py:190} INFO - [2025-03-18T22:56:07.073+0000] {dag.py:3239} INFO - Sync 1 DAGs
[2025-03-18T22:56:07.104+0000] {logging_mixin.py:190} INFO - [2025-03-18T22:56:07.103+0000] {dag.py:4180} INFO - Setting next_dagrun for tutorial_dag to None, run_after=None
[2025-03-18T22:56:07.128+0000] {processor.py:208} INFO - Processing /home/airflow/.local/lib/python3.12/site-packages/airflow/example_dags/tutorial_dag.py took 0.131 seconds
[2025-03-18T22:56:37.181+0000] {processor.py:186} INFO - Started process (PID=1405) to work on /home/airflow/.local/lib/python3.12/site-packages/airflow/example_dags/tutorial_dag.py
[2025-03-18T22:56:37.181+0000] {processor.py:914} INFO - Processing file /home/airflow/.local/lib/python3.12/site-packages/airflow/example_dags/tutorial_dag.py for tasks to queue
[2025-03-18T22:56:37.184+0000] {logging_mixin.py:190} INFO - [2025-03-18T22:56:37.184+0000] {dagbag.py:588} INFO - Filling up the DagBag from /home/airflow/.local/lib/python3.12/site-packages/airflow/example_dags/tutorial_dag.py
[2025-03-18T22:56:37.191+0000] {processor.py:925} INFO - DAG(s) 'tutorial_dag' retrieved from /home/airflow/.local/lib/python3.12/site-packages/airflow/example_dags/tutorial_dag.py
[2025-03-18T22:56:37.210+0000] {logging_mixin.py:190} INFO - [2025-03-18T22:56:37.210+0000] {dag.py:3239} INFO - Sync 1 DAGs
[2025-03-18T22:56:37.230+0000] {logging_mixin.py:190} INFO - [2025-03-18T22:56:37.230+0000] {dag.py:4180} INFO - Setting next_dagrun for tutorial_dag to None, run_after=None
[2025-03-18T22:56:37.257+0000] {processor.py:208} INFO - Processing /home/airflow/.local/lib/python3.12/site-packages/airflow/example_dags/tutorial_dag.py took 0.083 seconds
[2025-03-18T22:57:07.855+0000] {processor.py:186} INFO - Started process (PID=1458) to work on /home/airflow/.local/lib/python3.12/site-packages/airflow/example_dags/tutorial_dag.py
[2025-03-18T22:57:07.856+0000] {processor.py:914} INFO - Processing file /home/airflow/.local/lib/python3.12/site-packages/airflow/example_dags/tutorial_dag.py for tasks to queue
[2025-03-18T22:57:07.858+0000] {logging_mixin.py:190} INFO - [2025-03-18T22:57:07.858+0000] {dagbag.py:588} INFO - Filling up the DagBag from /home/airflow/.local/lib/python3.12/site-packages/airflow/example_dags/tutorial_dag.py
[2025-03-18T22:57:07.867+0000] {processor.py:925} INFO - DAG(s) 'tutorial_dag' retrieved from /home/airflow/.local/lib/python3.12/site-packages/airflow/example_dags/tutorial_dag.py
[2025-03-18T22:57:07.890+0000] {logging_mixin.py:190} INFO - [2025-03-18T22:57:07.890+0000] {dag.py:3239} INFO - Sync 1 DAGs
[2025-03-18T22:57:07.911+0000] {logging_mixin.py:190} INFO - [2025-03-18T22:57:07.911+0000] {dag.py:4180} INFO - Setting next_dagrun for tutorial_dag to None, run_after=None
[2025-03-18T22:57:07.934+0000] {processor.py:208} INFO - Processing /home/airflow/.local/lib/python3.12/site-packages/airflow/example_dags/tutorial_dag.py took 0.085 seconds
[2025-03-18T22:57:39.299+0000] {processor.py:186} INFO - Started process (PID=1521) to work on /home/airflow/.local/lib/python3.12/site-packages/airflow/example_dags/tutorial_dag.py
[2025-03-18T22:57:39.300+0000] {processor.py:914} INFO - Processing file /home/airflow/.local/lib/python3.12/site-packages/airflow/example_dags/tutorial_dag.py for tasks to queue
[2025-03-18T22:57:39.303+0000] {logging_mixin.py:190} INFO - [2025-03-18T22:57:39.302+0000] {dagbag.py:588} INFO - Filling up the DagBag from /home/airflow/.local/lib/python3.12/site-packages/airflow/example_dags/tutorial_dag.py
[2025-03-18T22:57:39.311+0000] {processor.py:925} INFO - DAG(s) 'tutorial_dag' retrieved from /home/airflow/.local/lib/python3.12/site-packages/airflow/example_dags/tutorial_dag.py
[2025-03-18T22:57:39.330+0000] {logging_mixin.py:190} INFO - [2025-03-18T22:57:39.330+0000] {dag.py:3239} INFO - Sync 1 DAGs
[2025-03-18T22:57:39.349+0000] {logging_mixin.py:190} INFO - [2025-03-18T22:57:39.349+0000] {dag.py:4180} INFO - Setting next_dagrun for tutorial_dag to None, run_after=None
[2025-03-18T22:57:39.370+0000] {processor.py:208} INFO - Processing /home/airflow/.local/lib/python3.12/site-packages/airflow/example_dags/tutorial_dag.py took 0.077 seconds
[2025-03-18T22:58:10.074+0000] {processor.py:186} INFO - Started process (PID=1580) to work on /home/airflow/.local/lib/python3.12/site-packages/airflow/example_dags/tutorial_dag.py
[2025-03-18T22:58:10.085+0000] {processor.py:914} INFO - Processing file /home/airflow/.local/lib/python3.12/site-packages/airflow/example_dags/tutorial_dag.py for tasks to queue
[2025-03-18T22:58:10.087+0000] {logging_mixin.py:190} INFO - [2025-03-18T22:58:10.087+0000] {dagbag.py:588} INFO - Filling up the DagBag from /home/airflow/.local/lib/python3.12/site-packages/airflow/example_dags/tutorial_dag.py
[2025-03-18T22:58:10.095+0000] {processor.py:925} INFO - DAG(s) 'tutorial_dag' retrieved from /home/airflow/.local/lib/python3.12/site-packages/airflow/example_dags/tutorial_dag.py
[2025-03-18T22:58:10.118+0000] {logging_mixin.py:190} INFO - [2025-03-18T22:58:10.118+0000] {dag.py:3239} INFO - Sync 1 DAGs
[2025-03-18T22:58:10.138+0000] {logging_mixin.py:190} INFO - [2025-03-18T22:58:10.138+0000] {dag.py:4180} INFO - Setting next_dagrun for tutorial_dag to None, run_after=None
[2025-03-18T22:58:10.157+0000] {processor.py:208} INFO - Processing /home/airflow/.local/lib/python3.12/site-packages/airflow/example_dags/tutorial_dag.py took 0.089 seconds
[2025-03-18T22:58:40.557+0000] {processor.py:186} INFO - Started process (PID=1643) to work on /home/airflow/.local/lib/python3.12/site-packages/airflow/example_dags/tutorial_dag.py
[2025-03-18T22:58:40.558+0000] {processor.py:914} INFO - Processing file /home/airflow/.local/lib/python3.12/site-packages/airflow/example_dags/tutorial_dag.py for tasks to queue
[2025-03-18T22:58:40.561+0000] {logging_mixin.py:190} INFO - [2025-03-18T22:58:40.560+0000] {dagbag.py:588} INFO - Filling up the DagBag from /home/airflow/.local/lib/python3.12/site-packages/airflow/example_dags/tutorial_dag.py
[2025-03-18T22:58:40.568+0000] {processor.py:925} INFO - DAG(s) 'tutorial_dag' retrieved from /home/airflow/.local/lib/python3.12/site-packages/airflow/example_dags/tutorial_dag.py
[2025-03-18T22:58:40.589+0000] {logging_mixin.py:190} INFO - [2025-03-18T22:58:40.588+0000] {dag.py:3239} INFO - Sync 1 DAGs
[2025-03-18T22:58:40.603+0000] {logging_mixin.py:190} INFO - [2025-03-18T22:58:40.603+0000] {dag.py:4180} INFO - Setting next_dagrun for tutorial_dag to None, run_after=None
[2025-03-18T22:58:40.633+0000] {processor.py:208} INFO - Processing /home/airflow/.local/lib/python3.12/site-packages/airflow/example_dags/tutorial_dag.py took 0.096 seconds
[2025-03-18T22:59:11.398+0000] {processor.py:186} INFO - Started process (PID=1706) to work on /home/airflow/.local/lib/python3.12/site-packages/airflow/example_dags/tutorial_dag.py
[2025-03-18T22:59:11.400+0000] {processor.py:914} INFO - Processing file /home/airflow/.local/lib/python3.12/site-packages/airflow/example_dags/tutorial_dag.py for tasks to queue
[2025-03-18T22:59:11.402+0000] {logging_mixin.py:190} INFO - [2025-03-18T22:59:11.402+0000] {dagbag.py:588} INFO - Filling up the DagBag from /home/airflow/.local/lib/python3.12/site-packages/airflow/example_dags/tutorial_dag.py
[2025-03-18T22:59:11.410+0000] {processor.py:925} INFO - DAG(s) 'tutorial_dag' retrieved from /home/airflow/.local/lib/python3.12/site-packages/airflow/example_dags/tutorial_dag.py
[2025-03-18T22:59:11.432+0000] {logging_mixin.py:190} INFO - [2025-03-18T22:59:11.431+0000] {dag.py:3239} INFO - Sync 1 DAGs
[2025-03-18T22:59:11.447+0000] {logging_mixin.py:190} INFO - [2025-03-18T22:59:11.447+0000] {dag.py:4180} INFO - Setting next_dagrun for tutorial_dag to None, run_after=None
[2025-03-18T22:59:11.468+0000] {processor.py:208} INFO - Processing /home/airflow/.local/lib/python3.12/site-packages/airflow/example_dags/tutorial_dag.py took 0.077 seconds
[2025-03-18T22:59:46.324+0000] {processor.py:186} INFO - Started process (PID=1768) to work on /home/airflow/.local/lib/python3.12/site-packages/airflow/example_dags/tutorial_dag.py
[2025-03-18T22:59:46.326+0000] {processor.py:914} INFO - Processing file /home/airflow/.local/lib/python3.12/site-packages/airflow/example_dags/tutorial_dag.py for tasks to queue
[2025-03-18T22:59:46.328+0000] {logging_mixin.py:190} INFO - [2025-03-18T22:59:46.328+0000] {dagbag.py:588} INFO - Filling up the DagBag from /home/airflow/.local/lib/python3.12/site-packages/airflow/example_dags/tutorial_dag.py
[2025-03-18T22:59:46.336+0000] {processor.py:925} INFO - DAG(s) 'tutorial_dag' retrieved from /home/airflow/.local/lib/python3.12/site-packages/airflow/example_dags/tutorial_dag.py
[2025-03-18T22:59:46.362+0000] {logging_mixin.py:190} INFO - [2025-03-18T22:59:46.362+0000] {dag.py:3239} INFO - Sync 1 DAGs
[2025-03-18T22:59:46.377+0000] {logging_mixin.py:190} INFO - [2025-03-18T22:59:46.377+0000] {dag.py:4180} INFO - Setting next_dagrun for tutorial_dag to None, run_after=None
[2025-03-18T22:59:46.414+0000] {processor.py:208} INFO - Processing /home/airflow/.local/lib/python3.12/site-packages/airflow/example_dags/tutorial_dag.py took 0.096 seconds
[2025-03-18T23:00:19.664+0000] {processor.py:186} INFO - Started process (PID=1826) to work on /home/airflow/.local/lib/python3.12/site-packages/airflow/example_dags/tutorial_dag.py
[2025-03-18T23:00:19.665+0000] {processor.py:914} INFO - Processing file /home/airflow/.local/lib/python3.12/site-packages/airflow/example_dags/tutorial_dag.py for tasks to queue
[2025-03-18T23:00:19.668+0000] {logging_mixin.py:190} INFO - [2025-03-18T23:00:19.667+0000] {dagbag.py:588} INFO - Filling up the DagBag from /home/airflow/.local/lib/python3.12/site-packages/airflow/example_dags/tutorial_dag.py
[2025-03-18T23:00:19.683+0000] {processor.py:925} INFO - DAG(s) 'tutorial_dag' retrieved from /home/airflow/.local/lib/python3.12/site-packages/airflow/example_dags/tutorial_dag.py
[2025-03-18T23:00:19.747+0000] {logging_mixin.py:190} INFO - [2025-03-18T23:00:19.746+0000] {dag.py:3239} INFO - Sync 1 DAGs
[2025-03-18T23:00:19.774+0000] {logging_mixin.py:190} INFO - [2025-03-18T23:00:19.773+0000] {dag.py:4180} INFO - Setting next_dagrun for tutorial_dag to None, run_after=None
[2025-03-18T23:00:19.836+0000] {processor.py:208} INFO - Processing /home/airflow/.local/lib/python3.12/site-packages/airflow/example_dags/tutorial_dag.py took 0.189 seconds
[2025-03-18T23:00:49.966+0000] {processor.py:186} INFO - Started process (PID=1890) to work on /home/airflow/.local/lib/python3.12/site-packages/airflow/example_dags/tutorial_dag.py
[2025-03-18T23:00:49.967+0000] {processor.py:914} INFO - Processing file /home/airflow/.local/lib/python3.12/site-packages/airflow/example_dags/tutorial_dag.py for tasks to queue
[2025-03-18T23:00:49.970+0000] {logging_mixin.py:190} INFO - [2025-03-18T23:00:49.969+0000] {dagbag.py:588} INFO - Filling up the DagBag from /home/airflow/.local/lib/python3.12/site-packages/airflow/example_dags/tutorial_dag.py
[2025-03-18T23:00:49.978+0000] {processor.py:925} INFO - DAG(s) 'tutorial_dag' retrieved from /home/airflow/.local/lib/python3.12/site-packages/airflow/example_dags/tutorial_dag.py
[2025-03-18T23:00:50.002+0000] {logging_mixin.py:190} INFO - [2025-03-18T23:00:50.002+0000] {dag.py:3239} INFO - Sync 1 DAGs
[2025-03-18T23:00:50.024+0000] {logging_mixin.py:190} INFO - [2025-03-18T23:00:50.024+0000] {dag.py:4180} INFO - Setting next_dagrun for tutorial_dag to None, run_after=None
[2025-03-18T23:00:50.049+0000] {processor.py:208} INFO - Processing /home/airflow/.local/lib/python3.12/site-packages/airflow/example_dags/tutorial_dag.py took 0.092 seconds
[2025-03-18T23:01:20.875+0000] {processor.py:186} INFO - Started process (PID=1951) to work on /home/airflow/.local/lib/python3.12/site-packages/airflow/example_dags/tutorial_dag.py
[2025-03-18T23:01:20.876+0000] {processor.py:914} INFO - Processing file /home/airflow/.local/lib/python3.12/site-packages/airflow/example_dags/tutorial_dag.py for tasks to queue
[2025-03-18T23:01:20.882+0000] {logging_mixin.py:190} INFO - [2025-03-18T23:01:20.882+0000] {dagbag.py:588} INFO - Filling up the DagBag from /home/airflow/.local/lib/python3.12/site-packages/airflow/example_dags/tutorial_dag.py
[2025-03-18T23:01:20.894+0000] {processor.py:925} INFO - DAG(s) 'tutorial_dag' retrieved from /home/airflow/.local/lib/python3.12/site-packages/airflow/example_dags/tutorial_dag.py
[2025-03-18T23:01:20.942+0000] {logging_mixin.py:190} INFO - [2025-03-18T23:01:20.942+0000] {dag.py:3239} INFO - Sync 1 DAGs
[2025-03-18T23:01:20.973+0000] {logging_mixin.py:190} INFO - [2025-03-18T23:01:20.973+0000] {dag.py:4180} INFO - Setting next_dagrun for tutorial_dag to None, run_after=None
[2025-03-18T23:01:21.010+0000] {processor.py:208} INFO - Processing /home/airflow/.local/lib/python3.12/site-packages/airflow/example_dags/tutorial_dag.py took 0.147 seconds
[2025-03-18T23:01:51.336+0000] {processor.py:186} INFO - Started process (PID=2014) to work on /home/airflow/.local/lib/python3.12/site-packages/airflow/example_dags/tutorial_dag.py
[2025-03-18T23:01:51.338+0000] {processor.py:914} INFO - Processing file /home/airflow/.local/lib/python3.12/site-packages/airflow/example_dags/tutorial_dag.py for tasks to queue
[2025-03-18T23:01:51.341+0000] {logging_mixin.py:190} INFO - [2025-03-18T23:01:51.341+0000] {dagbag.py:588} INFO - Filling up the DagBag from /home/airflow/.local/lib/python3.12/site-packages/airflow/example_dags/tutorial_dag.py
[2025-03-18T23:01:51.352+0000] {processor.py:925} INFO - DAG(s) 'tutorial_dag' retrieved from /home/airflow/.local/lib/python3.12/site-packages/airflow/example_dags/tutorial_dag.py
[2025-03-18T23:01:51.371+0000] {logging_mixin.py:190} INFO - [2025-03-18T23:01:51.370+0000] {dag.py:3239} INFO - Sync 1 DAGs
[2025-03-18T23:01:51.385+0000] {logging_mixin.py:190} INFO - [2025-03-18T23:01:51.385+0000] {dag.py:4180} INFO - Setting next_dagrun for tutorial_dag to None, run_after=None
[2025-03-18T23:01:51.405+0000] {processor.py:208} INFO - Processing /home/airflow/.local/lib/python3.12/site-packages/airflow/example_dags/tutorial_dag.py took 0.081 seconds
[2025-03-18T23:02:21.953+0000] {processor.py:186} INFO - Started process (PID=2077) to work on /home/airflow/.local/lib/python3.12/site-packages/airflow/example_dags/tutorial_dag.py
[2025-03-18T23:02:21.953+0000] {processor.py:914} INFO - Processing file /home/airflow/.local/lib/python3.12/site-packages/airflow/example_dags/tutorial_dag.py for tasks to queue
[2025-03-18T23:02:21.956+0000] {logging_mixin.py:190} INFO - [2025-03-18T23:02:21.956+0000] {dagbag.py:588} INFO - Filling up the DagBag from /home/airflow/.local/lib/python3.12/site-packages/airflow/example_dags/tutorial_dag.py
[2025-03-18T23:02:21.964+0000] {processor.py:925} INFO - DAG(s) 'tutorial_dag' retrieved from /home/airflow/.local/lib/python3.12/site-packages/airflow/example_dags/tutorial_dag.py
[2025-03-18T23:02:21.985+0000] {logging_mixin.py:190} INFO - [2025-03-18T23:02:21.985+0000] {dag.py:3239} INFO - Sync 1 DAGs
[2025-03-18T23:02:22.009+0000] {logging_mixin.py:190} INFO - [2025-03-18T23:02:22.009+0000] {dag.py:4180} INFO - Setting next_dagrun for tutorial_dag to None, run_after=None
[2025-03-18T23:02:22.042+0000] {processor.py:208} INFO - Processing /home/airflow/.local/lib/python3.12/site-packages/airflow/example_dags/tutorial_dag.py took 0.101 seconds
[2025-03-18T23:02:52.712+0000] {processor.py:186} INFO - Started process (PID=2139) to work on /home/airflow/.local/lib/python3.12/site-packages/airflow/example_dags/tutorial_dag.py
[2025-03-18T23:02:52.720+0000] {processor.py:914} INFO - Processing file /home/airflow/.local/lib/python3.12/site-packages/airflow/example_dags/tutorial_dag.py for tasks to queue
[2025-03-18T23:02:52.722+0000] {logging_mixin.py:190} INFO - [2025-03-18T23:02:52.722+0000] {dagbag.py:588} INFO - Filling up the DagBag from /home/airflow/.local/lib/python3.12/site-packages/airflow/example_dags/tutorial_dag.py
[2025-03-18T23:02:52.730+0000] {processor.py:925} INFO - DAG(s) 'tutorial_dag' retrieved from /home/airflow/.local/lib/python3.12/site-packages/airflow/example_dags/tutorial_dag.py
[2025-03-18T23:02:52.752+0000] {logging_mixin.py:190} INFO - [2025-03-18T23:02:52.751+0000] {dag.py:3239} INFO - Sync 1 DAGs
[2025-03-18T23:02:52.769+0000] {logging_mixin.py:190} INFO - [2025-03-18T23:02:52.769+0000] {dag.py:4180} INFO - Setting next_dagrun for tutorial_dag to None, run_after=None
[2025-03-18T23:02:52.799+0000] {processor.py:208} INFO - Processing /home/airflow/.local/lib/python3.12/site-packages/airflow/example_dags/tutorial_dag.py took 0.096 seconds
[2025-03-18T23:03:23.076+0000] {processor.py:186} INFO - Started process (PID=2202) to work on /home/airflow/.local/lib/python3.12/site-packages/airflow/example_dags/tutorial_dag.py
[2025-03-18T23:03:23.094+0000] {processor.py:914} INFO - Processing file /home/airflow/.local/lib/python3.12/site-packages/airflow/example_dags/tutorial_dag.py for tasks to queue
[2025-03-18T23:03:23.099+0000] {logging_mixin.py:190} INFO - [2025-03-18T23:03:23.099+0000] {dagbag.py:588} INFO - Filling up the DagBag from /home/airflow/.local/lib/python3.12/site-packages/airflow/example_dags/tutorial_dag.py
[2025-03-18T23:03:23.106+0000] {processor.py:925} INFO - DAG(s) 'tutorial_dag' retrieved from /home/airflow/.local/lib/python3.12/site-packages/airflow/example_dags/tutorial_dag.py
[2025-03-18T23:03:23.125+0000] {logging_mixin.py:190} INFO - [2025-03-18T23:03:23.125+0000] {dag.py:3239} INFO - Sync 1 DAGs
[2025-03-18T23:03:23.141+0000] {logging_mixin.py:190} INFO - [2025-03-18T23:03:23.141+0000] {dag.py:4180} INFO - Setting next_dagrun for tutorial_dag to None, run_after=None
[2025-03-18T23:03:23.168+0000] {processor.py:208} INFO - Processing /home/airflow/.local/lib/python3.12/site-packages/airflow/example_dags/tutorial_dag.py took 0.098 seconds
[2025-03-18T23:03:53.270+0000] {processor.py:186} INFO - Started process (PID=2266) to work on /home/airflow/.local/lib/python3.12/site-packages/airflow/example_dags/tutorial_dag.py
[2025-03-18T23:03:53.276+0000] {processor.py:914} INFO - Processing file /home/airflow/.local/lib/python3.12/site-packages/airflow/example_dags/tutorial_dag.py for tasks to queue
[2025-03-18T23:03:53.278+0000] {logging_mixin.py:190} INFO - [2025-03-18T23:03:53.278+0000] {dagbag.py:588} INFO - Filling up the DagBag from /home/airflow/.local/lib/python3.12/site-packages/airflow/example_dags/tutorial_dag.py
[2025-03-18T23:03:53.286+0000] {processor.py:925} INFO - DAG(s) 'tutorial_dag' retrieved from /home/airflow/.local/lib/python3.12/site-packages/airflow/example_dags/tutorial_dag.py
[2025-03-18T23:03:53.306+0000] {logging_mixin.py:190} INFO - [2025-03-18T23:03:53.305+0000] {dag.py:3239} INFO - Sync 1 DAGs
[2025-03-18T23:03:53.324+0000] {logging_mixin.py:190} INFO - [2025-03-18T23:03:53.323+0000] {dag.py:4180} INFO - Setting next_dagrun for tutorial_dag to None, run_after=None
[2025-03-18T23:03:53.344+0000] {processor.py:208} INFO - Processing /home/airflow/.local/lib/python3.12/site-packages/airflow/example_dags/tutorial_dag.py took 0.083 seconds
[2025-03-18T23:04:23.811+0000] {processor.py:186} INFO - Started process (PID=2329) to work on /home/airflow/.local/lib/python3.12/site-packages/airflow/example_dags/tutorial_dag.py
[2025-03-18T23:04:23.812+0000] {processor.py:914} INFO - Processing file /home/airflow/.local/lib/python3.12/site-packages/airflow/example_dags/tutorial_dag.py for tasks to queue
[2025-03-18T23:04:23.815+0000] {logging_mixin.py:190} INFO - [2025-03-18T23:04:23.815+0000] {dagbag.py:588} INFO - Filling up the DagBag from /home/airflow/.local/lib/python3.12/site-packages/airflow/example_dags/tutorial_dag.py
[2025-03-18T23:04:23.826+0000] {processor.py:925} INFO - DAG(s) 'tutorial_dag' retrieved from /home/airflow/.local/lib/python3.12/site-packages/airflow/example_dags/tutorial_dag.py
[2025-03-18T23:04:23.845+0000] {logging_mixin.py:190} INFO - [2025-03-18T23:04:23.844+0000] {dag.py:3239} INFO - Sync 1 DAGs
[2025-03-18T23:04:23.863+0000] {logging_mixin.py:190} INFO - [2025-03-18T23:04:23.863+0000] {dag.py:4180} INFO - Setting next_dagrun for tutorial_dag to None, run_after=None
[2025-03-18T23:04:23.885+0000] {processor.py:208} INFO - Processing /home/airflow/.local/lib/python3.12/site-packages/airflow/example_dags/tutorial_dag.py took 0.080 seconds
[2025-03-18T23:04:54.025+0000] {processor.py:186} INFO - Started process (PID=2389) to work on /home/airflow/.local/lib/python3.12/site-packages/airflow/example_dags/tutorial_dag.py
[2025-03-18T23:04:54.034+0000] {processor.py:914} INFO - Processing file /home/airflow/.local/lib/python3.12/site-packages/airflow/example_dags/tutorial_dag.py for tasks to queue
[2025-03-18T23:04:54.036+0000] {logging_mixin.py:190} INFO - [2025-03-18T23:04:54.036+0000] {dagbag.py:588} INFO - Filling up the DagBag from /home/airflow/.local/lib/python3.12/site-packages/airflow/example_dags/tutorial_dag.py
[2025-03-18T23:04:54.050+0000] {processor.py:925} INFO - DAG(s) 'tutorial_dag' retrieved from /home/airflow/.local/lib/python3.12/site-packages/airflow/example_dags/tutorial_dag.py
[2025-03-18T23:04:54.086+0000] {logging_mixin.py:190} INFO - [2025-03-18T23:04:54.085+0000] {dag.py:3239} INFO - Sync 1 DAGs
[2025-03-18T23:04:54.101+0000] {logging_mixin.py:190} INFO - [2025-03-18T23:04:54.101+0000] {dag.py:4180} INFO - Setting next_dagrun for tutorial_dag to None, run_after=None
[2025-03-18T23:04:54.121+0000] {processor.py:208} INFO - Processing /home/airflow/.local/lib/python3.12/site-packages/airflow/example_dags/tutorial_dag.py took 0.102 seconds
[2025-03-18T23:05:24.785+0000] {processor.py:186} INFO - Started process (PID=2451) to work on /home/airflow/.local/lib/python3.12/site-packages/airflow/example_dags/tutorial_dag.py
[2025-03-18T23:05:24.786+0000] {processor.py:914} INFO - Processing file /home/airflow/.local/lib/python3.12/site-packages/airflow/example_dags/tutorial_dag.py for tasks to queue
[2025-03-18T23:05:24.788+0000] {logging_mixin.py:190} INFO - [2025-03-18T23:05:24.788+0000] {dagbag.py:588} INFO - Filling up the DagBag from /home/airflow/.local/lib/python3.12/site-packages/airflow/example_dags/tutorial_dag.py
[2025-03-18T23:05:24.796+0000] {processor.py:925} INFO - DAG(s) 'tutorial_dag' retrieved from /home/airflow/.local/lib/python3.12/site-packages/airflow/example_dags/tutorial_dag.py
[2025-03-18T23:05:24.816+0000] {logging_mixin.py:190} INFO - [2025-03-18T23:05:24.815+0000] {dag.py:3239} INFO - Sync 1 DAGs
[2025-03-18T23:05:24.831+0000] {logging_mixin.py:190} INFO - [2025-03-18T23:05:24.831+0000] {dag.py:4180} INFO - Setting next_dagrun for tutorial_dag to None, run_after=None
[2025-03-18T23:05:24.850+0000] {processor.py:208} INFO - Processing /home/airflow/.local/lib/python3.12/site-packages/airflow/example_dags/tutorial_dag.py took 0.072 seconds
[2025-03-18T23:05:55.303+0000] {processor.py:186} INFO - Started process (PID=2513) to work on /home/airflow/.local/lib/python3.12/site-packages/airflow/example_dags/tutorial_dag.py
[2025-03-18T23:05:55.304+0000] {processor.py:914} INFO - Processing file /home/airflow/.local/lib/python3.12/site-packages/airflow/example_dags/tutorial_dag.py for tasks to queue
[2025-03-18T23:05:55.307+0000] {logging_mixin.py:190} INFO - [2025-03-18T23:05:55.306+0000] {dagbag.py:588} INFO - Filling up the DagBag from /home/airflow/.local/lib/python3.12/site-packages/airflow/example_dags/tutorial_dag.py
[2025-03-18T23:05:55.315+0000] {processor.py:925} INFO - DAG(s) 'tutorial_dag' retrieved from /home/airflow/.local/lib/python3.12/site-packages/airflow/example_dags/tutorial_dag.py
[2025-03-18T23:05:55.338+0000] {logging_mixin.py:190} INFO - [2025-03-18T23:05:55.338+0000] {dag.py:3239} INFO - Sync 1 DAGs
[2025-03-18T23:05:55.358+0000] {logging_mixin.py:190} INFO - [2025-03-18T23:05:55.358+0000] {dag.py:4180} INFO - Setting next_dagrun for tutorial_dag to None, run_after=None
[2025-03-18T23:05:55.382+0000] {processor.py:208} INFO - Processing /home/airflow/.local/lib/python3.12/site-packages/airflow/example_dags/tutorial_dag.py took 0.087 seconds
[2025-03-18T23:06:26.221+0000] {processor.py:186} INFO - Started process (PID=2576) to work on /home/airflow/.local/lib/python3.12/site-packages/airflow/example_dags/tutorial_dag.py
[2025-03-18T23:06:26.233+0000] {processor.py:914} INFO - Processing file /home/airflow/.local/lib/python3.12/site-packages/airflow/example_dags/tutorial_dag.py for tasks to queue
[2025-03-18T23:06:26.235+0000] {logging_mixin.py:190} INFO - [2025-03-18T23:06:26.235+0000] {dagbag.py:588} INFO - Filling up the DagBag from /home/airflow/.local/lib/python3.12/site-packages/airflow/example_dags/tutorial_dag.py
[2025-03-18T23:06:26.252+0000] {processor.py:925} INFO - DAG(s) 'tutorial_dag' retrieved from /home/airflow/.local/lib/python3.12/site-packages/airflow/example_dags/tutorial_dag.py
[2025-03-18T23:06:26.292+0000] {logging_mixin.py:190} INFO - [2025-03-18T23:06:26.292+0000] {dag.py:3239} INFO - Sync 1 DAGs
[2025-03-18T23:06:26.334+0000] {logging_mixin.py:190} INFO - [2025-03-18T23:06:26.333+0000] {dag.py:4180} INFO - Setting next_dagrun for tutorial_dag to None, run_after=None
[2025-03-18T23:06:26.380+0000] {processor.py:208} INFO - Processing /home/airflow/.local/lib/python3.12/site-packages/airflow/example_dags/tutorial_dag.py took 0.167 seconds
[2025-03-18T23:06:56.639+0000] {processor.py:186} INFO - Started process (PID=2639) to work on /home/airflow/.local/lib/python3.12/site-packages/airflow/example_dags/tutorial_dag.py
[2025-03-18T23:06:56.641+0000] {processor.py:914} INFO - Processing file /home/airflow/.local/lib/python3.12/site-packages/airflow/example_dags/tutorial_dag.py for tasks to queue
[2025-03-18T23:06:56.643+0000] {logging_mixin.py:190} INFO - [2025-03-18T23:06:56.643+0000] {dagbag.py:588} INFO - Filling up the DagBag from /home/airflow/.local/lib/python3.12/site-packages/airflow/example_dags/tutorial_dag.py
[2025-03-18T23:06:56.651+0000] {processor.py:925} INFO - DAG(s) 'tutorial_dag' retrieved from /home/airflow/.local/lib/python3.12/site-packages/airflow/example_dags/tutorial_dag.py
[2025-03-18T23:06:56.669+0000] {logging_mixin.py:190} INFO - [2025-03-18T23:06:56.669+0000] {dag.py:3239} INFO - Sync 1 DAGs
[2025-03-18T23:06:56.684+0000] {logging_mixin.py:190} INFO - [2025-03-18T23:06:56.684+0000] {dag.py:4180} INFO - Setting next_dagrun for tutorial_dag to None, run_after=None
[2025-03-18T23:06:56.703+0000] {processor.py:208} INFO - Processing /home/airflow/.local/lib/python3.12/site-packages/airflow/example_dags/tutorial_dag.py took 0.069 seconds
[2025-03-18T23:07:27.219+0000] {processor.py:186} INFO - Started process (PID=2696) to work on /home/airflow/.local/lib/python3.12/site-packages/airflow/example_dags/tutorial_dag.py
[2025-03-18T23:07:27.220+0000] {processor.py:914} INFO - Processing file /home/airflow/.local/lib/python3.12/site-packages/airflow/example_dags/tutorial_dag.py for tasks to queue
[2025-03-18T23:07:27.223+0000] {logging_mixin.py:190} INFO - [2025-03-18T23:07:27.223+0000] {dagbag.py:588} INFO - Filling up the DagBag from /home/airflow/.local/lib/python3.12/site-packages/airflow/example_dags/tutorial_dag.py
[2025-03-18T23:07:27.233+0000] {processor.py:925} INFO - DAG(s) 'tutorial_dag' retrieved from /home/airflow/.local/lib/python3.12/site-packages/airflow/example_dags/tutorial_dag.py
[2025-03-18T23:07:27.252+0000] {logging_mixin.py:190} INFO - [2025-03-18T23:07:27.252+0000] {dag.py:3239} INFO - Sync 1 DAGs
[2025-03-18T23:07:27.267+0000] {logging_mixin.py:190} INFO - [2025-03-18T23:07:27.267+0000] {dag.py:4180} INFO - Setting next_dagrun for tutorial_dag to None, run_after=None
[2025-03-18T23:07:27.288+0000] {processor.py:208} INFO - Processing /home/airflow/.local/lib/python3.12/site-packages/airflow/example_dags/tutorial_dag.py took 0.078 seconds
[2025-03-18T23:07:58.195+0000] {processor.py:186} INFO - Started process (PID=2759) to work on /home/airflow/.local/lib/python3.12/site-packages/airflow/example_dags/tutorial_dag.py
[2025-03-18T23:07:58.197+0000] {processor.py:914} INFO - Processing file /home/airflow/.local/lib/python3.12/site-packages/airflow/example_dags/tutorial_dag.py for tasks to queue
[2025-03-18T23:07:58.200+0000] {logging_mixin.py:190} INFO - [2025-03-18T23:07:58.199+0000] {dagbag.py:588} INFO - Filling up the DagBag from /home/airflow/.local/lib/python3.12/site-packages/airflow/example_dags/tutorial_dag.py
[2025-03-18T23:07:58.208+0000] {processor.py:925} INFO - DAG(s) 'tutorial_dag' retrieved from /home/airflow/.local/lib/python3.12/site-packages/airflow/example_dags/tutorial_dag.py
[2025-03-18T23:07:58.234+0000] {logging_mixin.py:190} INFO - [2025-03-18T23:07:58.233+0000] {dag.py:3239} INFO - Sync 1 DAGs
[2025-03-18T23:07:58.262+0000] {logging_mixin.py:190} INFO - [2025-03-18T23:07:58.261+0000] {dag.py:4180} INFO - Setting next_dagrun for tutorial_dag to None, run_after=None
[2025-03-18T23:07:58.310+0000] {processor.py:208} INFO - Processing /home/airflow/.local/lib/python3.12/site-packages/airflow/example_dags/tutorial_dag.py took 0.122 seconds
[2025-03-18T23:08:28.667+0000] {processor.py:186} INFO - Started process (PID=2822) to work on /home/airflow/.local/lib/python3.12/site-packages/airflow/example_dags/tutorial_dag.py
[2025-03-18T23:08:28.668+0000] {processor.py:914} INFO - Processing file /home/airflow/.local/lib/python3.12/site-packages/airflow/example_dags/tutorial_dag.py for tasks to queue
[2025-03-18T23:08:28.672+0000] {logging_mixin.py:190} INFO - [2025-03-18T23:08:28.671+0000] {dagbag.py:588} INFO - Filling up the DagBag from /home/airflow/.local/lib/python3.12/site-packages/airflow/example_dags/tutorial_dag.py
[2025-03-18T23:08:28.682+0000] {processor.py:925} INFO - DAG(s) 'tutorial_dag' retrieved from /home/airflow/.local/lib/python3.12/site-packages/airflow/example_dags/tutorial_dag.py
[2025-03-18T23:08:28.712+0000] {logging_mixin.py:190} INFO - [2025-03-18T23:08:28.712+0000] {dag.py:3239} INFO - Sync 1 DAGs
[2025-03-18T23:08:28.730+0000] {logging_mixin.py:190} INFO - [2025-03-18T23:08:28.729+0000] {dag.py:4180} INFO - Setting next_dagrun for tutorial_dag to None, run_after=None
[2025-03-18T23:08:28.749+0000] {processor.py:208} INFO - Processing /home/airflow/.local/lib/python3.12/site-packages/airflow/example_dags/tutorial_dag.py took 0.089 seconds
[2025-03-18T23:08:58.948+0000] {processor.py:186} INFO - Started process (PID=2884) to work on /home/airflow/.local/lib/python3.12/site-packages/airflow/example_dags/tutorial_dag.py
[2025-03-18T23:08:58.949+0000] {processor.py:914} INFO - Processing file /home/airflow/.local/lib/python3.12/site-packages/airflow/example_dags/tutorial_dag.py for tasks to queue
[2025-03-18T23:08:58.951+0000] {logging_mixin.py:190} INFO - [2025-03-18T23:08:58.951+0000] {dagbag.py:588} INFO - Filling up the DagBag from /home/airflow/.local/lib/python3.12/site-packages/airflow/example_dags/tutorial_dag.py
[2025-03-18T23:08:58.959+0000] {processor.py:925} INFO - DAG(s) 'tutorial_dag' retrieved from /home/airflow/.local/lib/python3.12/site-packages/airflow/example_dags/tutorial_dag.py
[2025-03-18T23:08:58.977+0000] {logging_mixin.py:190} INFO - [2025-03-18T23:08:58.977+0000] {dag.py:3239} INFO - Sync 1 DAGs
[2025-03-18T23:08:58.995+0000] {logging_mixin.py:190} INFO - [2025-03-18T23:08:58.995+0000] {dag.py:4180} INFO - Setting next_dagrun for tutorial_dag to None, run_after=None
[2025-03-18T23:08:59.025+0000] {processor.py:208} INFO - Processing /home/airflow/.local/lib/python3.12/site-packages/airflow/example_dags/tutorial_dag.py took 0.084 seconds
[2025-03-18T23:09:29.591+0000] {processor.py:186} INFO - Started process (PID=2947) to work on /home/airflow/.local/lib/python3.12/site-packages/airflow/example_dags/tutorial_dag.py
[2025-03-18T23:09:29.593+0000] {processor.py:914} INFO - Processing file /home/airflow/.local/lib/python3.12/site-packages/airflow/example_dags/tutorial_dag.py for tasks to queue
[2025-03-18T23:09:29.596+0000] {logging_mixin.py:190} INFO - [2025-03-18T23:09:29.595+0000] {dagbag.py:588} INFO - Filling up the DagBag from /home/airflow/.local/lib/python3.12/site-packages/airflow/example_dags/tutorial_dag.py
[2025-03-18T23:09:29.604+0000] {processor.py:925} INFO - DAG(s) 'tutorial_dag' retrieved from /home/airflow/.local/lib/python3.12/site-packages/airflow/example_dags/tutorial_dag.py
[2025-03-18T23:09:29.623+0000] {logging_mixin.py:190} INFO - [2025-03-18T23:09:29.623+0000] {dag.py:3239} INFO - Sync 1 DAGs
[2025-03-18T23:09:29.640+0000] {logging_mixin.py:190} INFO - [2025-03-18T23:09:29.640+0000] {dag.py:4180} INFO - Setting next_dagrun for tutorial_dag to None, run_after=None
[2025-03-18T23:09:29.659+0000] {processor.py:208} INFO - Processing /home/airflow/.local/lib/python3.12/site-packages/airflow/example_dags/tutorial_dag.py took 0.077 seconds
[2025-03-18T23:09:59.913+0000] {processor.py:186} INFO - Started process (PID=3010) to work on /home/airflow/.local/lib/python3.12/site-packages/airflow/example_dags/tutorial_dag.py
[2025-03-18T23:09:59.914+0000] {processor.py:914} INFO - Processing file /home/airflow/.local/lib/python3.12/site-packages/airflow/example_dags/tutorial_dag.py for tasks to queue
[2025-03-18T23:09:59.917+0000] {logging_mixin.py:190} INFO - [2025-03-18T23:09:59.916+0000] {dagbag.py:588} INFO - Filling up the DagBag from /home/airflow/.local/lib/python3.12/site-packages/airflow/example_dags/tutorial_dag.py
[2025-03-18T23:09:59.924+0000] {processor.py:925} INFO - DAG(s) 'tutorial_dag' retrieved from /home/airflow/.local/lib/python3.12/site-packages/airflow/example_dags/tutorial_dag.py
[2025-03-18T23:09:59.944+0000] {logging_mixin.py:190} INFO - [2025-03-18T23:09:59.943+0000] {dag.py:3239} INFO - Sync 1 DAGs
[2025-03-18T23:09:59.958+0000] {logging_mixin.py:190} INFO - [2025-03-18T23:09:59.958+0000] {dag.py:4180} INFO - Setting next_dagrun for tutorial_dag to None, run_after=None
[2025-03-18T23:09:59.978+0000] {processor.py:208} INFO - Processing /home/airflow/.local/lib/python3.12/site-packages/airflow/example_dags/tutorial_dag.py took 0.077 seconds
[2025-03-18T23:10:30.237+0000] {processor.py:186} INFO - Started process (PID=3073) to work on /home/airflow/.local/lib/python3.12/site-packages/airflow/example_dags/tutorial_dag.py
[2025-03-18T23:10:30.238+0000] {processor.py:914} INFO - Processing file /home/airflow/.local/lib/python3.12/site-packages/airflow/example_dags/tutorial_dag.py for tasks to queue
[2025-03-18T23:10:30.240+0000] {logging_mixin.py:190} INFO - [2025-03-18T23:10:30.240+0000] {dagbag.py:588} INFO - Filling up the DagBag from /home/airflow/.local/lib/python3.12/site-packages/airflow/example_dags/tutorial_dag.py
[2025-03-18T23:10:30.248+0000] {processor.py:925} INFO - DAG(s) 'tutorial_dag' retrieved from /home/airflow/.local/lib/python3.12/site-packages/airflow/example_dags/tutorial_dag.py
[2025-03-18T23:10:30.276+0000] {logging_mixin.py:190} INFO - [2025-03-18T23:10:30.275+0000] {dag.py:3239} INFO - Sync 1 DAGs
[2025-03-18T23:10:30.290+0000] {logging_mixin.py:190} INFO - [2025-03-18T23:10:30.290+0000] {dag.py:4180} INFO - Setting next_dagrun for tutorial_dag to None, run_after=None
[2025-03-18T23:10:30.313+0000] {processor.py:208} INFO - Processing /home/airflow/.local/lib/python3.12/site-packages/airflow/example_dags/tutorial_dag.py took 0.084 seconds
[2025-03-18T23:11:00.623+0000] {processor.py:186} INFO - Started process (PID=3136) to work on /home/airflow/.local/lib/python3.12/site-packages/airflow/example_dags/tutorial_dag.py
[2025-03-18T23:11:00.624+0000] {processor.py:914} INFO - Processing file /home/airflow/.local/lib/python3.12/site-packages/airflow/example_dags/tutorial_dag.py for tasks to queue
[2025-03-18T23:11:00.627+0000] {logging_mixin.py:190} INFO - [2025-03-18T23:11:00.626+0000] {dagbag.py:588} INFO - Filling up the DagBag from /home/airflow/.local/lib/python3.12/site-packages/airflow/example_dags/tutorial_dag.py
[2025-03-18T23:11:00.634+0000] {processor.py:925} INFO - DAG(s) 'tutorial_dag' retrieved from /home/airflow/.local/lib/python3.12/site-packages/airflow/example_dags/tutorial_dag.py
[2025-03-18T23:11:00.653+0000] {logging_mixin.py:190} INFO - [2025-03-18T23:11:00.653+0000] {dag.py:3239} INFO - Sync 1 DAGs
[2025-03-18T23:11:00.674+0000] {logging_mixin.py:190} INFO - [2025-03-18T23:11:00.673+0000] {dag.py:4180} INFO - Setting next_dagrun for tutorial_dag to None, run_after=None
[2025-03-18T23:11:00.693+0000] {processor.py:208} INFO - Processing /home/airflow/.local/lib/python3.12/site-packages/airflow/example_dags/tutorial_dag.py took 0.076 seconds
[2025-03-18T23:11:30.829+0000] {processor.py:186} INFO - Started process (PID=3198) to work on /home/airflow/.local/lib/python3.12/site-packages/airflow/example_dags/tutorial_dag.py
[2025-03-18T23:11:30.830+0000] {processor.py:914} INFO - Processing file /home/airflow/.local/lib/python3.12/site-packages/airflow/example_dags/tutorial_dag.py for tasks to queue
[2025-03-18T23:11:30.832+0000] {logging_mixin.py:190} INFO - [2025-03-18T23:11:30.832+0000] {dagbag.py:588} INFO - Filling up the DagBag from /home/airflow/.local/lib/python3.12/site-packages/airflow/example_dags/tutorial_dag.py
[2025-03-18T23:11:30.840+0000] {processor.py:925} INFO - DAG(s) 'tutorial_dag' retrieved from /home/airflow/.local/lib/python3.12/site-packages/airflow/example_dags/tutorial_dag.py
[2025-03-18T23:11:30.860+0000] {logging_mixin.py:190} INFO - [2025-03-18T23:11:30.860+0000] {dag.py:3239} INFO - Sync 1 DAGs
[2025-03-18T23:11:30.874+0000] {logging_mixin.py:190} INFO - [2025-03-18T23:11:30.874+0000] {dag.py:4180} INFO - Setting next_dagrun for tutorial_dag to None, run_after=None
[2025-03-18T23:11:30.894+0000] {processor.py:208} INFO - Processing /home/airflow/.local/lib/python3.12/site-packages/airflow/example_dags/tutorial_dag.py took 0.071 seconds
[2025-03-18T23:12:01.114+0000] {processor.py:186} INFO - Started process (PID=3261) to work on /home/airflow/.local/lib/python3.12/site-packages/airflow/example_dags/tutorial_dag.py
[2025-03-18T23:12:01.116+0000] {processor.py:914} INFO - Processing file /home/airflow/.local/lib/python3.12/site-packages/airflow/example_dags/tutorial_dag.py for tasks to queue
[2025-03-18T23:12:01.118+0000] {logging_mixin.py:190} INFO - [2025-03-18T23:12:01.118+0000] {dagbag.py:588} INFO - Filling up the DagBag from /home/airflow/.local/lib/python3.12/site-packages/airflow/example_dags/tutorial_dag.py
[2025-03-18T23:12:01.126+0000] {processor.py:925} INFO - DAG(s) 'tutorial_dag' retrieved from /home/airflow/.local/lib/python3.12/site-packages/airflow/example_dags/tutorial_dag.py
[2025-03-18T23:12:01.153+0000] {logging_mixin.py:190} INFO - [2025-03-18T23:12:01.152+0000] {dag.py:3239} INFO - Sync 1 DAGs
[2025-03-18T23:12:01.173+0000] {logging_mixin.py:190} INFO - [2025-03-18T23:12:01.172+0000] {dag.py:4180} INFO - Setting next_dagrun for tutorial_dag to None, run_after=None
[2025-03-18T23:12:01.197+0000] {processor.py:208} INFO - Processing /home/airflow/.local/lib/python3.12/site-packages/airflow/example_dags/tutorial_dag.py took 0.089 seconds
[2025-03-18T23:12:32.883+0000] {processor.py:186} INFO - Started process (PID=3316) to work on /home/airflow/.local/lib/python3.12/site-packages/airflow/example_dags/tutorial_dag.py
[2025-03-18T23:12:32.884+0000] {processor.py:914} INFO - Processing file /home/airflow/.local/lib/python3.12/site-packages/airflow/example_dags/tutorial_dag.py for tasks to queue
[2025-03-18T23:12:32.887+0000] {logging_mixin.py:190} INFO - [2025-03-18T23:12:32.887+0000] {dagbag.py:588} INFO - Filling up the DagBag from /home/airflow/.local/lib/python3.12/site-packages/airflow/example_dags/tutorial_dag.py
[2025-03-18T23:12:32.898+0000] {processor.py:925} INFO - DAG(s) 'tutorial_dag' retrieved from /home/airflow/.local/lib/python3.12/site-packages/airflow/example_dags/tutorial_dag.py
[2025-03-18T23:12:32.921+0000] {logging_mixin.py:190} INFO - [2025-03-18T23:12:32.920+0000] {dag.py:3239} INFO - Sync 1 DAGs
[2025-03-18T23:12:32.937+0000] {logging_mixin.py:190} INFO - [2025-03-18T23:12:32.936+0000] {dag.py:4180} INFO - Setting next_dagrun for tutorial_dag to None, run_after=None
[2025-03-18T23:12:32.957+0000] {processor.py:208} INFO - Processing /home/airflow/.local/lib/python3.12/site-packages/airflow/example_dags/tutorial_dag.py took 0.082 seconds
[2025-03-18T23:13:03.886+0000] {processor.py:186} INFO - Started process (PID=3379) to work on /home/airflow/.local/lib/python3.12/site-packages/airflow/example_dags/tutorial_dag.py
[2025-03-18T23:13:03.890+0000] {processor.py:914} INFO - Processing file /home/airflow/.local/lib/python3.12/site-packages/airflow/example_dags/tutorial_dag.py for tasks to queue
[2025-03-18T23:13:03.892+0000] {logging_mixin.py:190} INFO - [2025-03-18T23:13:03.892+0000] {dagbag.py:588} INFO - Filling up the DagBag from /home/airflow/.local/lib/python3.12/site-packages/airflow/example_dags/tutorial_dag.py
[2025-03-18T23:13:03.902+0000] {processor.py:925} INFO - DAG(s) 'tutorial_dag' retrieved from /home/airflow/.local/lib/python3.12/site-packages/airflow/example_dags/tutorial_dag.py
[2025-03-18T23:13:03.925+0000] {logging_mixin.py:190} INFO - [2025-03-18T23:13:03.925+0000] {dag.py:3239} INFO - Sync 1 DAGs
[2025-03-18T23:13:03.941+0000] {logging_mixin.py:190} INFO - [2025-03-18T23:13:03.941+0000] {dag.py:4180} INFO - Setting next_dagrun for tutorial_dag to None, run_after=None
[2025-03-18T23:13:03.960+0000] {processor.py:208} INFO - Processing /home/airflow/.local/lib/python3.12/site-packages/airflow/example_dags/tutorial_dag.py took 0.081 seconds
[2025-03-18T23:13:34.249+0000] {processor.py:186} INFO - Started process (PID=3442) to work on /home/airflow/.local/lib/python3.12/site-packages/airflow/example_dags/tutorial_dag.py
[2025-03-18T23:13:34.253+0000] {processor.py:914} INFO - Processing file /home/airflow/.local/lib/python3.12/site-packages/airflow/example_dags/tutorial_dag.py for tasks to queue
[2025-03-18T23:13:34.256+0000] {logging_mixin.py:190} INFO - [2025-03-18T23:13:34.255+0000] {dagbag.py:588} INFO - Filling up the DagBag from /home/airflow/.local/lib/python3.12/site-packages/airflow/example_dags/tutorial_dag.py
[2025-03-18T23:13:34.265+0000] {processor.py:925} INFO - DAG(s) 'tutorial_dag' retrieved from /home/airflow/.local/lib/python3.12/site-packages/airflow/example_dags/tutorial_dag.py
[2025-03-18T23:13:34.284+0000] {logging_mixin.py:190} INFO - [2025-03-18T23:13:34.283+0000] {dag.py:3239} INFO - Sync 1 DAGs
[2025-03-18T23:13:34.300+0000] {logging_mixin.py:190} INFO - [2025-03-18T23:13:34.300+0000] {dag.py:4180} INFO - Setting next_dagrun for tutorial_dag to None, run_after=None
[2025-03-18T23:13:34.320+0000] {processor.py:208} INFO - Processing /home/airflow/.local/lib/python3.12/site-packages/airflow/example_dags/tutorial_dag.py took 0.077 seconds
[2025-03-18T23:14:04.424+0000] {processor.py:186} INFO - Started process (PID=3505) to work on /home/airflow/.local/lib/python3.12/site-packages/airflow/example_dags/tutorial_dag.py
[2025-03-18T23:14:04.425+0000] {processor.py:914} INFO - Processing file /home/airflow/.local/lib/python3.12/site-packages/airflow/example_dags/tutorial_dag.py for tasks to queue
[2025-03-18T23:14:04.427+0000] {logging_mixin.py:190} INFO - [2025-03-18T23:14:04.427+0000] {dagbag.py:588} INFO - Filling up the DagBag from /home/airflow/.local/lib/python3.12/site-packages/airflow/example_dags/tutorial_dag.py
[2025-03-18T23:14:04.435+0000] {processor.py:925} INFO - DAG(s) 'tutorial_dag' retrieved from /home/airflow/.local/lib/python3.12/site-packages/airflow/example_dags/tutorial_dag.py
[2025-03-18T23:14:04.455+0000] {logging_mixin.py:190} INFO - [2025-03-18T23:14:04.454+0000] {dag.py:3239} INFO - Sync 1 DAGs
[2025-03-18T23:14:04.470+0000] {logging_mixin.py:190} INFO - [2025-03-18T23:14:04.470+0000] {dag.py:4180} INFO - Setting next_dagrun for tutorial_dag to None, run_after=None
[2025-03-18T23:14:04.489+0000] {processor.py:208} INFO - Processing /home/airflow/.local/lib/python3.12/site-packages/airflow/example_dags/tutorial_dag.py took 0.073 seconds
[2025-03-18T23:14:34.599+0000] {processor.py:186} INFO - Started process (PID=3568) to work on /home/airflow/.local/lib/python3.12/site-packages/airflow/example_dags/tutorial_dag.py
[2025-03-18T23:14:34.600+0000] {processor.py:914} INFO - Processing file /home/airflow/.local/lib/python3.12/site-packages/airflow/example_dags/tutorial_dag.py for tasks to queue
[2025-03-18T23:14:34.603+0000] {logging_mixin.py:190} INFO - [2025-03-18T23:14:34.603+0000] {dagbag.py:588} INFO - Filling up the DagBag from /home/airflow/.local/lib/python3.12/site-packages/airflow/example_dags/tutorial_dag.py
[2025-03-18T23:14:34.616+0000] {processor.py:925} INFO - DAG(s) 'tutorial_dag' retrieved from /home/airflow/.local/lib/python3.12/site-packages/airflow/example_dags/tutorial_dag.py
[2025-03-18T23:14:34.652+0000] {logging_mixin.py:190} INFO - [2025-03-18T23:14:34.652+0000] {dag.py:3239} INFO - Sync 1 DAGs
[2025-03-18T23:14:34.674+0000] {logging_mixin.py:190} INFO - [2025-03-18T23:14:34.674+0000] {dag.py:4180} INFO - Setting next_dagrun for tutorial_dag to None, run_after=None
[2025-03-18T23:14:34.710+0000] {processor.py:208} INFO - Processing /home/airflow/.local/lib/python3.12/site-packages/airflow/example_dags/tutorial_dag.py took 0.118 seconds
[2025-03-18T23:15:04.946+0000] {processor.py:186} INFO - Started process (PID=3631) to work on /home/airflow/.local/lib/python3.12/site-packages/airflow/example_dags/tutorial_dag.py
[2025-03-18T23:15:04.948+0000] {processor.py:914} INFO - Processing file /home/airflow/.local/lib/python3.12/site-packages/airflow/example_dags/tutorial_dag.py for tasks to queue
[2025-03-18T23:15:04.950+0000] {logging_mixin.py:190} INFO - [2025-03-18T23:15:04.950+0000] {dagbag.py:588} INFO - Filling up the DagBag from /home/airflow/.local/lib/python3.12/site-packages/airflow/example_dags/tutorial_dag.py
[2025-03-18T23:15:04.958+0000] {processor.py:925} INFO - DAG(s) 'tutorial_dag' retrieved from /home/airflow/.local/lib/python3.12/site-packages/airflow/example_dags/tutorial_dag.py
[2025-03-18T23:15:04.977+0000] {logging_mixin.py:190} INFO - [2025-03-18T23:15:04.977+0000] {dag.py:3239} INFO - Sync 1 DAGs
[2025-03-18T23:15:05.001+0000] {logging_mixin.py:190} INFO - [2025-03-18T23:15:05.000+0000] {dag.py:4180} INFO - Setting next_dagrun for tutorial_dag to None, run_after=None
[2025-03-18T23:15:05.024+0000] {processor.py:208} INFO - Processing /home/airflow/.local/lib/python3.12/site-packages/airflow/example_dags/tutorial_dag.py took 0.085 seconds
[2025-03-18T23:15:35.420+0000] {processor.py:186} INFO - Started process (PID=3694) to work on /home/airflow/.local/lib/python3.12/site-packages/airflow/example_dags/tutorial_dag.py
[2025-03-18T23:15:35.421+0000] {processor.py:914} INFO - Processing file /home/airflow/.local/lib/python3.12/site-packages/airflow/example_dags/tutorial_dag.py for tasks to queue
[2025-03-18T23:15:35.424+0000] {logging_mixin.py:190} INFO - [2025-03-18T23:15:35.423+0000] {dagbag.py:588} INFO - Filling up the DagBag from /home/airflow/.local/lib/python3.12/site-packages/airflow/example_dags/tutorial_dag.py
[2025-03-18T23:15:35.432+0000] {processor.py:925} INFO - DAG(s) 'tutorial_dag' retrieved from /home/airflow/.local/lib/python3.12/site-packages/airflow/example_dags/tutorial_dag.py
[2025-03-18T23:15:35.452+0000] {logging_mixin.py:190} INFO - [2025-03-18T23:15:35.451+0000] {dag.py:3239} INFO - Sync 1 DAGs
[2025-03-18T23:15:35.472+0000] {logging_mixin.py:190} INFO - [2025-03-18T23:15:35.471+0000] {dag.py:4180} INFO - Setting next_dagrun for tutorial_dag to None, run_after=None
[2025-03-18T23:15:35.492+0000] {processor.py:208} INFO - Processing /home/airflow/.local/lib/python3.12/site-packages/airflow/example_dags/tutorial_dag.py took 0.077 seconds
[2025-03-18T23:16:05.776+0000] {processor.py:186} INFO - Started process (PID=3750) to work on /home/airflow/.local/lib/python3.12/site-packages/airflow/example_dags/tutorial_dag.py
[2025-03-18T23:16:05.794+0000] {processor.py:914} INFO - Processing file /home/airflow/.local/lib/python3.12/site-packages/airflow/example_dags/tutorial_dag.py for tasks to queue
[2025-03-18T23:16:05.796+0000] {logging_mixin.py:190} INFO - [2025-03-18T23:16:05.796+0000] {dagbag.py:588} INFO - Filling up the DagBag from /home/airflow/.local/lib/python3.12/site-packages/airflow/example_dags/tutorial_dag.py
[2025-03-18T23:16:05.805+0000] {processor.py:925} INFO - DAG(s) 'tutorial_dag' retrieved from /home/airflow/.local/lib/python3.12/site-packages/airflow/example_dags/tutorial_dag.py
[2025-03-18T23:16:05.843+0000] {logging_mixin.py:190} INFO - [2025-03-18T23:16:05.843+0000] {dag.py:3239} INFO - Sync 1 DAGs
[2025-03-18T23:16:05.888+0000] {logging_mixin.py:190} INFO - [2025-03-18T23:16:05.888+0000] {dag.py:4180} INFO - Setting next_dagrun for tutorial_dag to None, run_after=None
[2025-03-18T23:16:05.934+0000] {processor.py:208} INFO - Processing /home/airflow/.local/lib/python3.12/site-packages/airflow/example_dags/tutorial_dag.py took 0.171 seconds
[2025-03-18T23:16:36.231+0000] {processor.py:186} INFO - Started process (PID=3811) to work on /home/airflow/.local/lib/python3.12/site-packages/airflow/example_dags/tutorial_dag.py
[2025-03-18T23:16:36.232+0000] {processor.py:914} INFO - Processing file /home/airflow/.local/lib/python3.12/site-packages/airflow/example_dags/tutorial_dag.py for tasks to queue
[2025-03-18T23:16:36.235+0000] {logging_mixin.py:190} INFO - [2025-03-18T23:16:36.234+0000] {dagbag.py:588} INFO - Filling up the DagBag from /home/airflow/.local/lib/python3.12/site-packages/airflow/example_dags/tutorial_dag.py
[2025-03-18T23:16:36.245+0000] {processor.py:925} INFO - DAG(s) 'tutorial_dag' retrieved from /home/airflow/.local/lib/python3.12/site-packages/airflow/example_dags/tutorial_dag.py
[2025-03-18T23:16:36.264+0000] {logging_mixin.py:190} INFO - [2025-03-18T23:16:36.264+0000] {dag.py:3239} INFO - Sync 1 DAGs
[2025-03-18T23:16:36.280+0000] {logging_mixin.py:190} INFO - [2025-03-18T23:16:36.279+0000] {dag.py:4180} INFO - Setting next_dagrun for tutorial_dag to None, run_after=None
[2025-03-18T23:16:36.301+0000] {processor.py:208} INFO - Processing /home/airflow/.local/lib/python3.12/site-packages/airflow/example_dags/tutorial_dag.py took 0.083 seconds
[2025-03-18T23:17:06.384+0000] {processor.py:186} INFO - Started process (PID=3874) to work on /home/airflow/.local/lib/python3.12/site-packages/airflow/example_dags/tutorial_dag.py
[2025-03-18T23:17:06.385+0000] {processor.py:914} INFO - Processing file /home/airflow/.local/lib/python3.12/site-packages/airflow/example_dags/tutorial_dag.py for tasks to queue
[2025-03-18T23:17:06.388+0000] {logging_mixin.py:190} INFO - [2025-03-18T23:17:06.387+0000] {dagbag.py:588} INFO - Filling up the DagBag from /home/airflow/.local/lib/python3.12/site-packages/airflow/example_dags/tutorial_dag.py
[2025-03-18T23:17:06.396+0000] {processor.py:925} INFO - DAG(s) 'tutorial_dag' retrieved from /home/airflow/.local/lib/python3.12/site-packages/airflow/example_dags/tutorial_dag.py
[2025-03-18T23:17:06.416+0000] {logging_mixin.py:190} INFO - [2025-03-18T23:17:06.415+0000] {dag.py:3239} INFO - Sync 1 DAGs
[2025-03-18T23:17:06.433+0000] {logging_mixin.py:190} INFO - [2025-03-18T23:17:06.433+0000] {dag.py:4180} INFO - Setting next_dagrun for tutorial_dag to None, run_after=None
[2025-03-18T23:17:06.684+0000] {processor.py:208} INFO - Processing /home/airflow/.local/lib/python3.12/site-packages/airflow/example_dags/tutorial_dag.py took 0.306 seconds
[2025-03-18T23:17:36.875+0000] {processor.py:186} INFO - Started process (PID=3937) to work on /home/airflow/.local/lib/python3.12/site-packages/airflow/example_dags/tutorial_dag.py
[2025-03-18T23:17:36.886+0000] {processor.py:914} INFO - Processing file /home/airflow/.local/lib/python3.12/site-packages/airflow/example_dags/tutorial_dag.py for tasks to queue
[2025-03-18T23:17:36.889+0000] {logging_mixin.py:190} INFO - [2025-03-18T23:17:36.889+0000] {dagbag.py:588} INFO - Filling up the DagBag from /home/airflow/.local/lib/python3.12/site-packages/airflow/example_dags/tutorial_dag.py
[2025-03-18T23:17:36.903+0000] {processor.py:925} INFO - DAG(s) 'tutorial_dag' retrieved from /home/airflow/.local/lib/python3.12/site-packages/airflow/example_dags/tutorial_dag.py
[2025-03-18T23:17:36.944+0000] {logging_mixin.py:190} INFO - [2025-03-18T23:17:36.944+0000] {dag.py:3239} INFO - Sync 1 DAGs
[2025-03-18T23:17:36.961+0000] {logging_mixin.py:190} INFO - [2025-03-18T23:17:36.961+0000] {dag.py:4180} INFO - Setting next_dagrun for tutorial_dag to None, run_after=None
[2025-03-18T23:17:36.991+0000] {processor.py:208} INFO - Processing /home/airflow/.local/lib/python3.12/site-packages/airflow/example_dags/tutorial_dag.py took 0.124 seconds
[2025-03-18T23:18:07.445+0000] {processor.py:186} INFO - Started process (PID=4000) to work on /home/airflow/.local/lib/python3.12/site-packages/airflow/example_dags/tutorial_dag.py
[2025-03-18T23:18:07.446+0000] {processor.py:914} INFO - Processing file /home/airflow/.local/lib/python3.12/site-packages/airflow/example_dags/tutorial_dag.py for tasks to queue
[2025-03-18T23:18:07.449+0000] {logging_mixin.py:190} INFO - [2025-03-18T23:18:07.448+0000] {dagbag.py:588} INFO - Filling up the DagBag from /home/airflow/.local/lib/python3.12/site-packages/airflow/example_dags/tutorial_dag.py
[2025-03-18T23:18:07.457+0000] {processor.py:925} INFO - DAG(s) 'tutorial_dag' retrieved from /home/airflow/.local/lib/python3.12/site-packages/airflow/example_dags/tutorial_dag.py
[2025-03-18T23:18:07.476+0000] {logging_mixin.py:190} INFO - [2025-03-18T23:18:07.476+0000] {dag.py:3239} INFO - Sync 1 DAGs
[2025-03-18T23:18:07.492+0000] {logging_mixin.py:190} INFO - [2025-03-18T23:18:07.492+0000] {dag.py:4180} INFO - Setting next_dagrun for tutorial_dag to None, run_after=None
[2025-03-18T23:18:07.510+0000] {processor.py:208} INFO - Processing /home/airflow/.local/lib/python3.12/site-packages/airflow/example_dags/tutorial_dag.py took 0.071 seconds
[2025-03-18T23:18:38.161+0000] {processor.py:186} INFO - Started process (PID=4063) to work on /home/airflow/.local/lib/python3.12/site-packages/airflow/example_dags/tutorial_dag.py
[2025-03-18T23:18:38.162+0000] {processor.py:914} INFO - Processing file /home/airflow/.local/lib/python3.12/site-packages/airflow/example_dags/tutorial_dag.py for tasks to queue
[2025-03-18T23:18:38.164+0000] {logging_mixin.py:190} INFO - [2025-03-18T23:18:38.164+0000] {dagbag.py:588} INFO - Filling up the DagBag from /home/airflow/.local/lib/python3.12/site-packages/airflow/example_dags/tutorial_dag.py
[2025-03-18T23:18:38.172+0000] {processor.py:925} INFO - DAG(s) 'tutorial_dag' retrieved from /home/airflow/.local/lib/python3.12/site-packages/airflow/example_dags/tutorial_dag.py
[2025-03-18T23:18:38.193+0000] {logging_mixin.py:190} INFO - [2025-03-18T23:18:38.193+0000] {dag.py:3239} INFO - Sync 1 DAGs
[2025-03-18T23:18:38.209+0000] {logging_mixin.py:190} INFO - [2025-03-18T23:18:38.209+0000] {dag.py:4180} INFO - Setting next_dagrun for tutorial_dag to None, run_after=None
[2025-03-18T23:18:38.228+0000] {processor.py:208} INFO - Processing /home/airflow/.local/lib/python3.12/site-packages/airflow/example_dags/tutorial_dag.py took 0.073 seconds
[2025-03-18T23:19:08.824+0000] {processor.py:186} INFO - Started process (PID=4125) to work on /home/airflow/.local/lib/python3.12/site-packages/airflow/example_dags/tutorial_dag.py
[2025-03-18T23:19:08.849+0000] {processor.py:914} INFO - Processing file /home/airflow/.local/lib/python3.12/site-packages/airflow/example_dags/tutorial_dag.py for tasks to queue
[2025-03-18T23:19:08.851+0000] {logging_mixin.py:190} INFO - [2025-03-18T23:19:08.851+0000] {dagbag.py:588} INFO - Filling up the DagBag from /home/airflow/.local/lib/python3.12/site-packages/airflow/example_dags/tutorial_dag.py
[2025-03-18T23:19:08.859+0000] {processor.py:925} INFO - DAG(s) 'tutorial_dag' retrieved from /home/airflow/.local/lib/python3.12/site-packages/airflow/example_dags/tutorial_dag.py
[2025-03-18T23:19:08.913+0000] {logging_mixin.py:190} INFO - [2025-03-18T23:19:08.912+0000] {dag.py:3239} INFO - Sync 1 DAGs
[2025-03-18T23:19:09.155+0000] {logging_mixin.py:190} INFO - [2025-03-18T23:19:09.155+0000] {dag.py:4180} INFO - Setting next_dagrun for tutorial_dag to None, run_after=None
[2025-03-18T23:19:09.174+0000] {processor.py:208} INFO - Processing /home/airflow/.local/lib/python3.12/site-packages/airflow/example_dags/tutorial_dag.py took 0.355 seconds
[2025-03-18T23:19:39.365+0000] {processor.py:186} INFO - Started process (PID=4188) to work on /home/airflow/.local/lib/python3.12/site-packages/airflow/example_dags/tutorial_dag.py
[2025-03-18T23:19:39.366+0000] {processor.py:914} INFO - Processing file /home/airflow/.local/lib/python3.12/site-packages/airflow/example_dags/tutorial_dag.py for tasks to queue
[2025-03-18T23:19:39.368+0000] {logging_mixin.py:190} INFO - [2025-03-18T23:19:39.368+0000] {dagbag.py:588} INFO - Filling up the DagBag from /home/airflow/.local/lib/python3.12/site-packages/airflow/example_dags/tutorial_dag.py
[2025-03-18T23:19:39.379+0000] {processor.py:925} INFO - DAG(s) 'tutorial_dag' retrieved from /home/airflow/.local/lib/python3.12/site-packages/airflow/example_dags/tutorial_dag.py
[2025-03-18T23:19:39.398+0000] {logging_mixin.py:190} INFO - [2025-03-18T23:19:39.397+0000] {dag.py:3239} INFO - Sync 1 DAGs
[2025-03-18T23:19:39.412+0000] {logging_mixin.py:190} INFO - [2025-03-18T23:19:39.411+0000] {dag.py:4180} INFO - Setting next_dagrun for tutorial_dag to None, run_after=None
[2025-03-18T23:19:39.436+0000] {processor.py:208} INFO - Processing /home/airflow/.local/lib/python3.12/site-packages/airflow/example_dags/tutorial_dag.py took 0.077 seconds
[2025-03-18T23:20:10.300+0000] {processor.py:186} INFO - Started process (PID=4250) to work on /home/airflow/.local/lib/python3.12/site-packages/airflow/example_dags/tutorial_dag.py
[2025-03-18T23:20:10.301+0000] {processor.py:914} INFO - Processing file /home/airflow/.local/lib/python3.12/site-packages/airflow/example_dags/tutorial_dag.py for tasks to queue
[2025-03-18T23:20:10.307+0000] {logging_mixin.py:190} INFO - [2025-03-18T23:20:10.303+0000] {dagbag.py:588} INFO - Filling up the DagBag from /home/airflow/.local/lib/python3.12/site-packages/airflow/example_dags/tutorial_dag.py
[2025-03-18T23:20:10.318+0000] {processor.py:925} INFO - DAG(s) 'tutorial_dag' retrieved from /home/airflow/.local/lib/python3.12/site-packages/airflow/example_dags/tutorial_dag.py
[2025-03-18T23:20:10.338+0000] {logging_mixin.py:190} INFO - [2025-03-18T23:20:10.338+0000] {dag.py:3239} INFO - Sync 1 DAGs
[2025-03-18T23:20:10.352+0000] {logging_mixin.py:190} INFO - [2025-03-18T23:20:10.352+0000] {dag.py:4180} INFO - Setting next_dagrun for tutorial_dag to None, run_after=None
[2025-03-18T23:20:10.375+0000] {processor.py:208} INFO - Processing /home/airflow/.local/lib/python3.12/site-packages/airflow/example_dags/tutorial_dag.py took 0.084 seconds
[2025-03-18T23:20:41.260+0000] {processor.py:186} INFO - Started process (PID=4314) to work on /home/airflow/.local/lib/python3.12/site-packages/airflow/example_dags/tutorial_dag.py
[2025-03-18T23:20:41.261+0000] {processor.py:914} INFO - Processing file /home/airflow/.local/lib/python3.12/site-packages/airflow/example_dags/tutorial_dag.py for tasks to queue
[2025-03-18T23:20:41.264+0000] {logging_mixin.py:190} INFO - [2025-03-18T23:20:41.263+0000] {dagbag.py:588} INFO - Filling up the DagBag from /home/airflow/.local/lib/python3.12/site-packages/airflow/example_dags/tutorial_dag.py
[2025-03-18T23:20:41.279+0000] {processor.py:925} INFO - DAG(s) 'tutorial_dag' retrieved from /home/airflow/.local/lib/python3.12/site-packages/airflow/example_dags/tutorial_dag.py
[2025-03-18T23:20:41.306+0000] {logging_mixin.py:190} INFO - [2025-03-18T23:20:41.306+0000] {dag.py:3239} INFO - Sync 1 DAGs
[2025-03-18T23:20:41.326+0000] {logging_mixin.py:190} INFO - [2025-03-18T23:20:41.325+0000] {dag.py:4180} INFO - Setting next_dagrun for tutorial_dag to None, run_after=None
[2025-03-18T23:20:41.352+0000] {processor.py:208} INFO - Processing /home/airflow/.local/lib/python3.12/site-packages/airflow/example_dags/tutorial_dag.py took 0.099 seconds
[2025-03-18T23:21:12.210+0000] {processor.py:186} INFO - Started process (PID=4365) to work on /home/airflow/.local/lib/python3.12/site-packages/airflow/example_dags/tutorial_dag.py
[2025-03-18T23:21:12.211+0000] {processor.py:914} INFO - Processing file /home/airflow/.local/lib/python3.12/site-packages/airflow/example_dags/tutorial_dag.py for tasks to queue
[2025-03-18T23:21:12.214+0000] {logging_mixin.py:190} INFO - [2025-03-18T23:21:12.213+0000] {dagbag.py:588} INFO - Filling up the DagBag from /home/airflow/.local/lib/python3.12/site-packages/airflow/example_dags/tutorial_dag.py
[2025-03-18T23:21:12.222+0000] {processor.py:925} INFO - DAG(s) 'tutorial_dag' retrieved from /home/airflow/.local/lib/python3.12/site-packages/airflow/example_dags/tutorial_dag.py
[2025-03-18T23:21:12.247+0000] {logging_mixin.py:190} INFO - [2025-03-18T23:21:12.247+0000] {dag.py:3239} INFO - Sync 1 DAGs
[2025-03-18T23:21:12.265+0000] {logging_mixin.py:190} INFO - [2025-03-18T23:21:12.264+0000] {dag.py:4180} INFO - Setting next_dagrun for tutorial_dag to None, run_after=None
[2025-03-18T23:21:12.288+0000] {processor.py:208} INFO - Processing /home/airflow/.local/lib/python3.12/site-packages/airflow/example_dags/tutorial_dag.py took 0.084 seconds
[2025-03-18T23:21:43.122+0000] {processor.py:186} INFO - Started process (PID=4428) to work on /home/airflow/.local/lib/python3.12/site-packages/airflow/example_dags/tutorial_dag.py
[2025-03-18T23:21:43.129+0000] {processor.py:914} INFO - Processing file /home/airflow/.local/lib/python3.12/site-packages/airflow/example_dags/tutorial_dag.py for tasks to queue
[2025-03-18T23:21:43.133+0000] {logging_mixin.py:190} INFO - [2025-03-18T23:21:43.132+0000] {dagbag.py:588} INFO - Filling up the DagBag from /home/airflow/.local/lib/python3.12/site-packages/airflow/example_dags/tutorial_dag.py
[2025-03-18T23:21:43.148+0000] {processor.py:925} INFO - DAG(s) 'tutorial_dag' retrieved from /home/airflow/.local/lib/python3.12/site-packages/airflow/example_dags/tutorial_dag.py
[2025-03-18T23:21:43.192+0000] {logging_mixin.py:190} INFO - [2025-03-18T23:21:43.192+0000] {dag.py:3239} INFO - Sync 1 DAGs
[2025-03-18T23:21:43.226+0000] {logging_mixin.py:190} INFO - [2025-03-18T23:21:43.226+0000] {dag.py:4180} INFO - Setting next_dagrun for tutorial_dag to None, run_after=None
[2025-03-18T23:21:43.265+0000] {processor.py:208} INFO - Processing /home/airflow/.local/lib/python3.12/site-packages/airflow/example_dags/tutorial_dag.py took 0.151 seconds
[2025-03-18T23:22:13.421+0000] {processor.py:186} INFO - Started process (PID=4491) to work on /home/airflow/.local/lib/python3.12/site-packages/airflow/example_dags/tutorial_dag.py
[2025-03-18T23:22:13.422+0000] {processor.py:914} INFO - Processing file /home/airflow/.local/lib/python3.12/site-packages/airflow/example_dags/tutorial_dag.py for tasks to queue
[2025-03-18T23:22:13.424+0000] {logging_mixin.py:190} INFO - [2025-03-18T23:22:13.424+0000] {dagbag.py:588} INFO - Filling up the DagBag from /home/airflow/.local/lib/python3.12/site-packages/airflow/example_dags/tutorial_dag.py
[2025-03-18T23:22:13.432+0000] {processor.py:925} INFO - DAG(s) 'tutorial_dag' retrieved from /home/airflow/.local/lib/python3.12/site-packages/airflow/example_dags/tutorial_dag.py
[2025-03-18T23:22:13.452+0000] {logging_mixin.py:190} INFO - [2025-03-18T23:22:13.451+0000] {dag.py:3239} INFO - Sync 1 DAGs
[2025-03-18T23:22:13.466+0000] {logging_mixin.py:190} INFO - [2025-03-18T23:22:13.466+0000] {dag.py:4180} INFO - Setting next_dagrun for tutorial_dag to None, run_after=None
[2025-03-18T23:22:13.498+0000] {processor.py:208} INFO - Processing /home/airflow/.local/lib/python3.12/site-packages/airflow/example_dags/tutorial_dag.py took 0.084 seconds
[2025-03-18T23:22:44.371+0000] {processor.py:186} INFO - Started process (PID=4555) to work on /home/airflow/.local/lib/python3.12/site-packages/airflow/example_dags/tutorial_dag.py
[2025-03-18T23:22:44.372+0000] {processor.py:914} INFO - Processing file /home/airflow/.local/lib/python3.12/site-packages/airflow/example_dags/tutorial_dag.py for tasks to queue
[2025-03-18T23:22:44.374+0000] {logging_mixin.py:190} INFO - [2025-03-18T23:22:44.374+0000] {dagbag.py:588} INFO - Filling up the DagBag from /home/airflow/.local/lib/python3.12/site-packages/airflow/example_dags/tutorial_dag.py
[2025-03-18T23:22:44.382+0000] {processor.py:925} INFO - DAG(s) 'tutorial_dag' retrieved from /home/airflow/.local/lib/python3.12/site-packages/airflow/example_dags/tutorial_dag.py
[2025-03-18T23:22:44.405+0000] {logging_mixin.py:190} INFO - [2025-03-18T23:22:44.405+0000] {dag.py:3239} INFO - Sync 1 DAGs
[2025-03-18T23:22:44.421+0000] {logging_mixin.py:190} INFO - [2025-03-18T23:22:44.420+0000] {dag.py:4180} INFO - Setting next_dagrun for tutorial_dag to None, run_after=None
[2025-03-18T23:22:44.440+0000] {processor.py:208} INFO - Processing /home/airflow/.local/lib/python3.12/site-packages/airflow/example_dags/tutorial_dag.py took 0.075 seconds
[2025-03-18T23:23:14.702+0000] {processor.py:186} INFO - Started process (PID=4618) to work on /home/airflow/.local/lib/python3.12/site-packages/airflow/example_dags/tutorial_dag.py
[2025-03-18T23:23:14.711+0000] {processor.py:914} INFO - Processing file /home/airflow/.local/lib/python3.12/site-packages/airflow/example_dags/tutorial_dag.py for tasks to queue
[2025-03-18T23:23:14.714+0000] {logging_mixin.py:190} INFO - [2025-03-18T23:23:14.714+0000] {dagbag.py:588} INFO - Filling up the DagBag from /home/airflow/.local/lib/python3.12/site-packages/airflow/example_dags/tutorial_dag.py
[2025-03-18T23:23:14.724+0000] {processor.py:925} INFO - DAG(s) 'tutorial_dag' retrieved from /home/airflow/.local/lib/python3.12/site-packages/airflow/example_dags/tutorial_dag.py
[2025-03-18T23:23:14.780+0000] {logging_mixin.py:190} INFO - [2025-03-18T23:23:14.780+0000] {dag.py:3239} INFO - Sync 1 DAGs
[2025-03-18T23:23:14.812+0000] {logging_mixin.py:190} INFO - [2025-03-18T23:23:14.812+0000] {dag.py:4180} INFO - Setting next_dagrun for tutorial_dag to None, run_after=None
[2025-03-18T23:23:14.852+0000] {processor.py:208} INFO - Processing /home/airflow/.local/lib/python3.12/site-packages/airflow/example_dags/tutorial_dag.py took 0.160 seconds
[2025-03-18T23:23:44.914+0000] {processor.py:186} INFO - Started process (PID=4681) to work on /home/airflow/.local/lib/python3.12/site-packages/airflow/example_dags/tutorial_dag.py
[2025-03-18T23:23:44.915+0000] {processor.py:914} INFO - Processing file /home/airflow/.local/lib/python3.12/site-packages/airflow/example_dags/tutorial_dag.py for tasks to queue
[2025-03-18T23:23:44.918+0000] {logging_mixin.py:190} INFO - [2025-03-18T23:23:44.917+0000] {dagbag.py:588} INFO - Filling up the DagBag from /home/airflow/.local/lib/python3.12/site-packages/airflow/example_dags/tutorial_dag.py
[2025-03-18T23:23:44.929+0000] {processor.py:925} INFO - DAG(s) 'tutorial_dag' retrieved from /home/airflow/.local/lib/python3.12/site-packages/airflow/example_dags/tutorial_dag.py
[2025-03-18T23:23:44.972+0000] {logging_mixin.py:190} INFO - [2025-03-18T23:23:44.971+0000] {dag.py:3239} INFO - Sync 1 DAGs
[2025-03-18T23:23:44.988+0000] {logging_mixin.py:190} INFO - [2025-03-18T23:23:44.988+0000] {dag.py:4180} INFO - Setting next_dagrun for tutorial_dag to None, run_after=None
[2025-03-18T23:23:45.014+0000] {processor.py:208} INFO - Processing /home/airflow/.local/lib/python3.12/site-packages/airflow/example_dags/tutorial_dag.py took 0.109 seconds
[2025-03-18T23:24:15.177+0000] {processor.py:186} INFO - Started process (PID=4743) to work on /home/airflow/.local/lib/python3.12/site-packages/airflow/example_dags/tutorial_dag.py
[2025-03-18T23:24:15.178+0000] {processor.py:914} INFO - Processing file /home/airflow/.local/lib/python3.12/site-packages/airflow/example_dags/tutorial_dag.py for tasks to queue
[2025-03-18T23:24:15.180+0000] {logging_mixin.py:190} INFO - [2025-03-18T23:24:15.180+0000] {dagbag.py:588} INFO - Filling up the DagBag from /home/airflow/.local/lib/python3.12/site-packages/airflow/example_dags/tutorial_dag.py
[2025-03-18T23:24:15.189+0000] {processor.py:925} INFO - DAG(s) 'tutorial_dag' retrieved from /home/airflow/.local/lib/python3.12/site-packages/airflow/example_dags/tutorial_dag.py
[2025-03-18T23:24:15.208+0000] {logging_mixin.py:190} INFO - [2025-03-18T23:24:15.207+0000] {dag.py:3239} INFO - Sync 1 DAGs
[2025-03-18T23:24:15.222+0000] {logging_mixin.py:190} INFO - [2025-03-18T23:24:15.222+0000] {dag.py:4180} INFO - Setting next_dagrun for tutorial_dag to None, run_after=None
[2025-03-18T23:24:15.241+0000] {processor.py:208} INFO - Processing /home/airflow/.local/lib/python3.12/site-packages/airflow/example_dags/tutorial_dag.py took 0.074 seconds
