[2025-03-20T18:48:43.605+0000] {local_task_job_runner.py:123} INFO - ::group::Pre task execution logs
[2025-03-20T18:48:43.660+0000] {taskinstance.py:2614} INFO - Dependencies all met for dep_context=non-requeueable deps ti=<TaskInstance: ETL_breweries_list.load_to_bronze_layer manual__2025-03-20T18:46:33.543938+00:00 [queued]>
[2025-03-20T18:48:44.021+0000] {taskinstance.py:2614} INFO - Dependencies all met for dep_context=requeueable deps ti=<TaskInstance: ETL_breweries_list.load_to_bronze_layer manual__2025-03-20T18:46:33.543938+00:00 [queued]>
[2025-03-20T18:48:44.022+0000] {taskinstance.py:2867} INFO - Starting attempt 1 of 2
[2025-03-20T18:48:44.068+0000] {taskinstance.py:2890} INFO - Executing <Task(PythonOperator): load_to_bronze_layer> on 2025-03-20 18:46:33.543938+00:00
[2025-03-20T18:48:44.086+0000] {warnings.py:112} WARNING - /home/***/.local/lib/python3.12/site-packages/***/task/task_runner/standard_task_runner.py:70: DeprecationWarning: This process (pid=475) is multi-threaded, use of fork() may lead to deadlocks in the child.
  pid = os.fork()

[2025-03-20T18:48:44.088+0000] {standard_task_runner.py:72} INFO - Started process 484 to run task
[2025-03-20T18:48:44.100+0000] {standard_task_runner.py:104} INFO - Running: ['***', 'tasks', 'run', 'ETL_breweries_list', 'load_to_bronze_layer', 'manual__2025-03-20T18:46:33.543938+00:00', '--job-id', '201', '--raw', '--subdir', 'DAGS_FOLDER/breweries_list_etl.py', '--cfg-path', '/tmp/tmpos4stnrj']
[2025-03-20T18:48:44.102+0000] {standard_task_runner.py:105} INFO - Job 201: Subtask load_to_bronze_layer
[2025-03-20T18:48:44.202+0000] {task_command.py:467} INFO - Running <TaskInstance: ETL_breweries_list.load_to_bronze_layer manual__2025-03-20T18:46:33.543938+00:00 [running]> on host d8a3cf37e739
[2025-03-20T18:48:44.385+0000] {taskinstance.py:3134} INFO - Exporting env vars: AIRFLOW_CTX_DAG_OWNER='***' AIRFLOW_CTX_DAG_ID='ETL_breweries_list' AIRFLOW_CTX_TASK_ID='load_to_bronze_layer' AIRFLOW_CTX_EXECUTION_DATE='2025-03-20T18:46:33.543938+00:00' AIRFLOW_CTX_TRY_NUMBER='1' AIRFLOW_CTX_DAG_RUN_ID='manual__2025-03-20T18:46:33.543938+00:00'
[2025-03-20T18:48:44.388+0000] {logging_mixin.py:190} INFO - Task instance is in running state
[2025-03-20T18:48:44.388+0000] {logging_mixin.py:190} INFO -  Previous state of the Task instance: queued
[2025-03-20T18:48:44.389+0000] {logging_mixin.py:190} INFO - Current task name:load_to_bronze_layer state:running start_date:2025-03-20 18:48:43.661936+00:00
[2025-03-20T18:48:44.389+0000] {logging_mixin.py:190} INFO - Dag name:ETL_breweries_list and current dag run status:running
[2025-03-20T18:48:44.389+0000] {taskinstance.py:732} INFO - ::endgroup::
[2025-03-20T18:48:44.927+0000] {breweries_list_etl.py:84} INFO - Path where the file will be saved:2025/03/20/breweries_20250320.csv
[2025-03-20T18:48:44.996+0000] {breweries_list_etl.py:95} INFO - Data of size 10277 bytes was successfully saved to 2025/03/20/breweries_20250320.csv
[2025-03-20T18:48:44.997+0000] {python.py:240} INFO - Done. Returned value was: None
[2025-03-20T18:48:45.014+0000] {taskinstance.py:341} INFO - ::group::Post task execution logs
[2025-03-20T18:48:45.015+0000] {taskinstance.py:353} INFO - Marking task as SUCCESS. dag_id=ETL_breweries_list, task_id=load_to_bronze_layer, run_id=manual__2025-03-20T18:46:33.543938+00:00, execution_date=20250320T184633, start_date=20250320T184843, end_date=20250320T184845
[2025-03-20T18:48:45.103+0000] {logging_mixin.py:190} INFO - Task instance in success state
[2025-03-20T18:48:45.104+0000] {logging_mixin.py:190} INFO -  Previous state of the Task instance: running
[2025-03-20T18:48:45.104+0000] {logging_mixin.py:190} INFO - Dag name:ETL_breweries_list queued_at:2025-03-20 18:46:36.587642+00:00
[2025-03-20T18:48:45.105+0000] {logging_mixin.py:190} INFO - Task hostname:d8a3cf37e739 operator:PythonOperator
[2025-03-20T18:48:45.179+0000] {local_task_job_runner.py:266} INFO - Task exited with return code 0
[2025-03-20T18:48:45.313+0000] {taskinstance.py:3901} INFO - 1 downstream tasks scheduled from follow-on schedule check
[2025-03-20T18:48:45.319+0000] {local_task_job_runner.py:245} INFO - ::endgroup::
