[2025-03-20T19:02:22.636+0000] {local_task_job_runner.py:123} INFO - ::group::Pre task execution logs
[2025-03-20T19:02:22.669+0000] {taskinstance.py:2614} INFO - Dependencies all met for dep_context=non-requeueable deps ti=<TaskInstance: ETL_breweries_list.watcher_task manual__2025-03-20T19:01:01.189539+00:00 [queued]>
[2025-03-20T19:02:22.838+0000] {taskinstance.py:2614} INFO - Dependencies all met for dep_context=requeueable deps ti=<TaskInstance: ETL_breweries_list.watcher_task manual__2025-03-20T19:01:01.189539+00:00 [queued]>
[2025-03-20T19:02:22.839+0000] {taskinstance.py:2867} INFO - Starting attempt 1 of 1
[2025-03-20T19:02:23.120+0000] {taskinstance.py:2890} INFO - Executing <Task(PythonOperator): watcher_task> on 2025-03-20 19:01:01.189539+00:00
[2025-03-20T19:02:23.161+0000] {warnings.py:112} WARNING - /home/***/.local/lib/python3.12/site-packages/***/task/task_runner/standard_task_runner.py:70: DeprecationWarning: This process (pid=700) is multi-threaded, use of fork() may lead to deadlocks in the child.
  pid = os.fork()

[2025-03-20T19:02:23.166+0000] {standard_task_runner.py:72} INFO - Started process 702 to run task
[2025-03-20T19:02:23.167+0000] {standard_task_runner.py:104} INFO - Running: ['***', 'tasks', 'run', 'ETL_breweries_list', 'watcher_task', 'manual__2025-03-20T19:01:01.189539+00:00', '--job-id', '211', '--raw', '--subdir', 'DAGS_FOLDER/breweries_list_etl.py', '--cfg-path', '/tmp/tmpzw1dlvf9']
[2025-03-20T19:02:23.169+0000] {standard_task_runner.py:105} INFO - Job 211: Subtask watcher_task
[2025-03-20T19:02:23.607+0000] {task_command.py:467} INFO - Running <TaskInstance: ETL_breweries_list.watcher_task manual__2025-03-20T19:01:01.189539+00:00 [running]> on host d8a3cf37e739
[2025-03-20T19:02:24.062+0000] {taskinstance.py:3134} INFO - Exporting env vars: AIRFLOW_CTX_DAG_OWNER='***' AIRFLOW_CTX_DAG_ID='ETL_breweries_list' AIRFLOW_CTX_TASK_ID='watcher_task' AIRFLOW_CTX_EXECUTION_DATE='2025-03-20T19:01:01.189539+00:00' AIRFLOW_CTX_TRY_NUMBER='1' AIRFLOW_CTX_DAG_RUN_ID='manual__2025-03-20T19:01:01.189539+00:00'
[2025-03-20T19:02:24.065+0000] {logging_mixin.py:190} INFO - Task instance is in running state
[2025-03-20T19:02:24.067+0000] {logging_mixin.py:190} INFO -  Previous state of the Task instance: queued
[2025-03-20T19:02:24.068+0000] {logging_mixin.py:190} INFO - Current task name:watcher_task state:running start_date:2025-03-20 19:02:22.670271+00:00
[2025-03-20T19:02:24.069+0000] {logging_mixin.py:190} INFO - Dag name:ETL_breweries_list and current dag run status:running
[2025-03-20T19:02:24.069+0000] {taskinstance.py:732} INFO - ::endgroup::
[2025-03-20T19:02:24.102+0000] {breweries_list_etl.py:233} INFO - All tasks ran successfully!
[2025-03-20T19:02:24.102+0000] {python.py:240} INFO - Done. Returned value was: None
[2025-03-20T19:02:24.112+0000] {taskinstance.py:341} INFO - ::group::Post task execution logs
[2025-03-20T19:02:24.112+0000] {taskinstance.py:353} INFO - Marking task as SUCCESS. dag_id=ETL_breweries_list, task_id=watcher_task, run_id=manual__2025-03-20T19:01:01.189539+00:00, execution_date=20250320T190101, start_date=20250320T190222, end_date=20250320T190224
[2025-03-20T19:02:24.755+0000] {logging_mixin.py:190} INFO - Task instance in success state
[2025-03-20T19:02:24.757+0000] {logging_mixin.py:190} INFO -  Previous state of the Task instance: running
[2025-03-20T19:02:24.758+0000] {logging_mixin.py:190} INFO - Dag name:ETL_breweries_list queued_at:2025-03-20 19:01:03.376328+00:00
[2025-03-20T19:02:24.769+0000] {logging_mixin.py:190} INFO - Task hostname:d8a3cf37e739 operator:PythonOperator
[2025-03-20T19:02:25.043+0000] {local_task_job_runner.py:266} INFO - Task exited with return code 0
[2025-03-20T19:02:25.211+0000] {taskinstance.py:3901} INFO - 1 downstream tasks scheduled from follow-on schedule check
[2025-03-20T19:02:25.546+0000] {local_task_job_runner.py:245} INFO - ::endgroup::
