[2025-03-20T22:37:22.948+0000] {local_task_job_runner.py:123} INFO - ::group::Pre task execution logs
[2025-03-20T22:37:22.969+0000] {taskinstance.py:2614} INFO - Dependencies all met for dep_context=non-requeueable deps ti=<TaskInstance: ETL_breweries_list.clean_and_load_to_silver_layer manual__2025-03-20T22:36:34.022626+00:00 [queued]>
[2025-03-20T22:37:22.979+0000] {taskinstance.py:2614} INFO - Dependencies all met for dep_context=requeueable deps ti=<TaskInstance: ETL_breweries_list.clean_and_load_to_silver_layer manual__2025-03-20T22:36:34.022626+00:00 [queued]>
[2025-03-20T22:37:22.980+0000] {taskinstance.py:2867} INFO - Starting attempt 1 of 2
[2025-03-20T22:37:23.719+0000] {taskinstance.py:2890} INFO - Executing <Task(PythonOperator): clean_and_load_to_silver_layer> on 2025-03-20 22:36:34.022626+00:00
[2025-03-20T22:37:23.733+0000] {warnings.py:112} WARNING - /home/***/.local/lib/python3.12/site-packages/***/task/task_runner/standard_task_runner.py:70: DeprecationWarning: This process (pid=940) is multi-threaded, use of fork() may lead to deadlocks in the child.
  pid = os.fork()

[2025-03-20T22:37:23.738+0000] {standard_task_runner.py:72} INFO - Started process 942 to run task
[2025-03-20T22:37:23.739+0000] {standard_task_runner.py:104} INFO - Running: ['***', 'tasks', 'run', 'ETL_breweries_list', 'clean_and_load_to_silver_layer', 'manual__2025-03-20T22:36:34.022626+00:00', '--job-id', '269', '--raw', '--subdir', 'DAGS_FOLDER/breweries_list_etl.py', '--cfg-path', '/tmp/tmp8y1zblup']
[2025-03-20T22:37:23.742+0000] {standard_task_runner.py:105} INFO - Job 269: Subtask clean_and_load_to_silver_layer
[2025-03-20T22:37:24.445+0000] {task_command.py:467} INFO - Running <TaskInstance: ETL_breweries_list.clean_and_load_to_silver_layer manual__2025-03-20T22:36:34.022626+00:00 [running]> on host 5414e2764892
[2025-03-20T22:37:24.987+0000] {taskinstance.py:3134} INFO - Exporting env vars: AIRFLOW_CTX_DAG_OWNER='***' AIRFLOW_CTX_DAG_ID='ETL_breweries_list' AIRFLOW_CTX_TASK_ID='clean_and_load_to_silver_layer' AIRFLOW_CTX_EXECUTION_DATE='2025-03-20T22:36:34.022626+00:00' AIRFLOW_CTX_TRY_NUMBER='1' AIRFLOW_CTX_DAG_RUN_ID='manual__2025-03-20T22:36:34.022626+00:00'
[2025-03-20T22:37:24.990+0000] {logging_mixin.py:190} INFO - Task instance is in running state
[2025-03-20T22:37:24.990+0000] {logging_mixin.py:190} INFO -  Previous state of the Task instance: queued
[2025-03-20T22:37:24.991+0000] {logging_mixin.py:190} INFO - Current task name:clean_and_load_to_silver_layer state:running start_date:2025-03-20 22:37:22.970103+00:00
[2025-03-20T22:37:24.992+0000] {logging_mixin.py:190} INFO - Dag name:ETL_breweries_list and current dag run status:running
[2025-03-20T22:37:24.992+0000] {taskinstance.py:732} INFO - ::endgroup::
[2025-03-20T22:37:27.282+0000] {breweries_list_etl.py:117} INFO - Data successfully read from bronze bucket
[2025-03-20T22:37:27.983+0000] {breweries_list_etl.py:155} INFO - Data saved successfully to silver/IRELAND/LAOIS/breweries.parquet
[2025-03-20T22:37:28.052+0000] {breweries_list_etl.py:155} INFO - Data saved successfully to silver/UNITED STATES/ARIZONA/breweries.parquet
[2025-03-20T22:37:28.096+0000] {breweries_list_etl.py:155} INFO - Data saved successfully to silver/UNITED STATES/CALIFORNIA/breweries.parquet
[2025-03-20T22:37:28.135+0000] {breweries_list_etl.py:155} INFO - Data saved successfully to silver/UNITED STATES/COLORADO/breweries.parquet
[2025-03-20T22:37:28.195+0000] {breweries_list_etl.py:155} INFO - Data saved successfully to silver/UNITED STATES/DELAWARE/breweries.parquet
[2025-03-20T22:37:28.311+0000] {breweries_list_etl.py:155} INFO - Data saved successfully to silver/UNITED STATES/IDAHO/breweries.parquet
[2025-03-20T22:37:28.369+0000] {breweries_list_etl.py:155} INFO - Data saved successfully to silver/UNITED STATES/ILLINOIS/breweries.parquet
[2025-03-20T22:37:28.449+0000] {breweries_list_etl.py:155} INFO - Data saved successfully to silver/UNITED STATES/INDIANA/breweries.parquet
[2025-03-20T22:37:28.484+0000] {breweries_list_etl.py:155} INFO - Data saved successfully to silver/UNITED STATES/IOWA/breweries.parquet
[2025-03-20T22:37:28.536+0000] {breweries_list_etl.py:155} INFO - Data saved successfully to silver/UNITED STATES/MARYLAND/breweries.parquet
[2025-03-20T22:37:28.621+0000] {breweries_list_etl.py:155} INFO - Data saved successfully to silver/UNITED STATES/MASSACHUSETTS/breweries.parquet
[2025-03-20T22:37:28.702+0000] {breweries_list_etl.py:155} INFO - Data saved successfully to silver/UNITED STATES/MICHIGAN/breweries.parquet
[2025-03-20T22:37:28.809+0000] {breweries_list_etl.py:155} INFO - Data saved successfully to silver/UNITED STATES/MINNESOTA/breweries.parquet
[2025-03-20T22:37:28.883+0000] {breweries_list_etl.py:155} INFO - Data saved successfully to silver/UNITED STATES/MISSISSIPPI/breweries.parquet
[2025-03-20T22:37:28.971+0000] {breweries_list_etl.py:155} INFO - Data saved successfully to silver/UNITED STATES/NEVADA/breweries.parquet
[2025-03-20T22:37:29.054+0000] {breweries_list_etl.py:155} INFO - Data saved successfully to silver/UNITED STATES/NEW YORK/breweries.parquet
[2025-03-20T22:37:29.244+0000] {breweries_list_etl.py:155} INFO - Data saved successfully to silver/UNITED STATES/NORTH CAROLINA/breweries.parquet
[2025-03-20T22:37:29.387+0000] {breweries_list_etl.py:155} INFO - Data saved successfully to silver/UNITED STATES/OHIO/breweries.parquet
[2025-03-20T22:37:29.445+0000] {breweries_list_etl.py:155} INFO - Data saved successfully to silver/UNITED STATES/OKLAHOMA/breweries.parquet
[2025-03-20T22:37:29.526+0000] {breweries_list_etl.py:155} INFO - Data saved successfully to silver/UNITED STATES/OREGON/breweries.parquet
[2025-03-20T22:37:29.592+0000] {breweries_list_etl.py:155} INFO - Data saved successfully to silver/UNITED STATES/PENNSYLVANIA/breweries.parquet
[2025-03-20T22:37:29.665+0000] {breweries_list_etl.py:155} INFO - Data saved successfully to silver/UNITED STATES/SOUTH CAROLINA/breweries.parquet
[2025-03-20T22:37:29.726+0000] {breweries_list_etl.py:155} INFO - Data saved successfully to silver/UNITED STATES/TEXAS/breweries.parquet
[2025-03-20T22:37:29.884+0000] {breweries_list_etl.py:155} INFO - Data saved successfully to silver/UNITED STATES/VERMONT/breweries.parquet
[2025-03-20T22:37:29.990+0000] {breweries_list_etl.py:155} INFO - Data saved successfully to silver/UNITED STATES/VIRGINIA/breweries.parquet
[2025-03-20T22:37:30.105+0000] {breweries_list_etl.py:155} INFO - Data saved successfully to silver/UNITED STATES/WASHINGTON/breweries.parquet
[2025-03-20T22:37:30.215+0000] {breweries_list_etl.py:155} INFO - Data saved successfully to silver/UNITED STATES/WISCONSIN/breweries.parquet
[2025-03-20T22:37:30.216+0000] {python.py:240} INFO - Done. Returned value was: None
[2025-03-20T22:37:30.266+0000] {taskinstance.py:341} INFO - ::group::Post task execution logs
[2025-03-20T22:37:30.267+0000] {taskinstance.py:353} INFO - Marking task as SUCCESS. dag_id=ETL_breweries_list, task_id=clean_and_load_to_silver_layer, run_id=manual__2025-03-20T22:36:34.022626+00:00, execution_date=20250320T223634, start_date=20250320T223722, end_date=20250320T223730
[2025-03-20T22:37:30.347+0000] {logging_mixin.py:190} INFO - Task instance in success state
[2025-03-20T22:37:30.351+0000] {logging_mixin.py:190} INFO -  Previous state of the Task instance: running
[2025-03-20T22:37:30.352+0000] {logging_mixin.py:190} INFO - Dag name:ETL_breweries_list queued_at:2025-03-20 22:36:34.381649+00:00
[2025-03-20T22:37:30.352+0000] {logging_mixin.py:190} INFO - Task hostname:5414e2764892 operator:PythonOperator
[2025-03-20T22:37:30.411+0000] {local_task_job_runner.py:266} INFO - Task exited with return code 0
[2025-03-20T22:37:30.459+0000] {taskinstance.py:3901} INFO - 1 downstream tasks scheduled from follow-on schedule check
[2025-03-20T22:37:30.462+0000] {local_task_job_runner.py:245} INFO - ::endgroup::
