[2025-03-20T11:05:33.205+0000] {local_task_job_runner.py:123} INFO - ::group::Pre task execution logs
[2025-03-20T11:05:33.228+0000] {taskinstance.py:2614} INFO - Dependencies all met for dep_context=non-requeueable deps ti=<TaskInstance: ETL_breweries_list.pipeline_end manual__2025-03-20T10:59:45.608726+00:00 [queued]>
[2025-03-20T11:05:33.241+0000] {taskinstance.py:2614} INFO - Dependencies all met for dep_context=requeueable deps ti=<TaskInstance: ETL_breweries_list.pipeline_end manual__2025-03-20T10:59:45.608726+00:00 [queued]>
[2025-03-20T11:05:33.241+0000] {taskinstance.py:2867} INFO - Starting attempt 1 of 2
[2025-03-20T11:05:33.257+0000] {taskinstance.py:2890} INFO - Executing <Task(BashOperator): pipeline_end> on 2025-03-20 10:59:45.608726+00:00
[2025-03-20T11:05:33.268+0000] {warnings.py:112} WARNING - /home/***/.local/lib/python3.12/site-packages/***/task/task_runner/standard_task_runner.py:70: DeprecationWarning: This process (pid=869) is multi-threaded, use of fork() may lead to deadlocks in the child.
  pid = os.fork()

[2025-03-20T11:05:33.271+0000] {standard_task_runner.py:72} INFO - Started process 871 to run task
[2025-03-20T11:05:33.272+0000] {standard_task_runner.py:104} INFO - Running: ['***', 'tasks', 'run', 'ETL_breweries_list', 'pipeline_end', 'manual__2025-03-20T10:59:45.608726+00:00', '--job-id', '122', '--raw', '--subdir', 'DAGS_FOLDER/breweries_list_etl.py', '--cfg-path', '/tmp/tmp50v1vnio']
[2025-03-20T11:05:33.273+0000] {standard_task_runner.py:105} INFO - Job 122: Subtask pipeline_end
[2025-03-20T11:05:33.322+0000] {task_command.py:467} INFO - Running <TaskInstance: ETL_breweries_list.pipeline_end manual__2025-03-20T10:59:45.608726+00:00 [running]> on host db435bd7841b
[2025-03-20T11:05:33.427+0000] {taskinstance.py:3134} INFO - Exporting env vars: AIRFLOW_CTX_DAG_OWNER='***' AIRFLOW_CTX_DAG_ID='ETL_breweries_list' AIRFLOW_CTX_TASK_ID='pipeline_end' AIRFLOW_CTX_EXECUTION_DATE='2025-03-20T10:59:45.608726+00:00' AIRFLOW_CTX_TRY_NUMBER='1' AIRFLOW_CTX_DAG_RUN_ID='manual__2025-03-20T10:59:45.608726+00:00'
[2025-03-20T11:05:33.428+0000] {logging_mixin.py:190} INFO - Task instance is in running state
[2025-03-20T11:05:33.429+0000] {logging_mixin.py:190} INFO -  Previous state of the Task instance: queued
[2025-03-20T11:05:33.429+0000] {logging_mixin.py:190} INFO - Current task name:pipeline_end state:running start_date:2025-03-20 11:05:33.228816+00:00
[2025-03-20T11:05:33.429+0000] {logging_mixin.py:190} INFO - Dag name:ETL_breweries_list and current dag run status:running
[2025-03-20T11:05:33.430+0000] {taskinstance.py:732} INFO - ::endgroup::
[2025-03-20T11:05:33.431+0000] {subprocess.py:78} INFO - Tmp dir root location: /tmp
[2025-03-20T11:05:33.433+0000] {subprocess.py:88} INFO - Running command: ['/usr/bin/bash', '-c', 'echo "PIPELINE ENDED"; sleep 15']
[2025-03-20T11:05:33.457+0000] {subprocess.py:99} INFO - Output:
[2025-03-20T11:05:33.460+0000] {subprocess.py:106} INFO - PIPELINE ENDED
[2025-03-20T11:05:48.472+0000] {subprocess.py:110} INFO - Command exited with return code 0
[2025-03-20T11:05:48.543+0000] {taskinstance.py:341} INFO - ::group::Post task execution logs
[2025-03-20T11:05:48.544+0000] {taskinstance.py:353} INFO - Marking task as SUCCESS. dag_id=ETL_breweries_list, task_id=pipeline_end, run_id=manual__2025-03-20T10:59:45.608726+00:00, execution_date=20250320T105945, start_date=20250320T110533, end_date=20250320T110548
[2025-03-20T11:05:48.580+0000] {logging_mixin.py:190} INFO - Task instance in success state
[2025-03-20T11:05:48.581+0000] {logging_mixin.py:190} INFO -  Previous state of the Task instance: running
[2025-03-20T11:05:48.581+0000] {logging_mixin.py:190} INFO - Dag name:ETL_breweries_list queued_at:2025-03-20 10:59:45.739676+00:00
[2025-03-20T11:05:48.581+0000] {logging_mixin.py:190} INFO - Task hostname:db435bd7841b operator:BashOperator
[2025-03-20T11:05:48.623+0000] {local_task_job_runner.py:266} INFO - Task exited with return code 0
[2025-03-20T11:05:48.643+0000] {taskinstance.py:3901} INFO - 0 downstream tasks scheduled from follow-on schedule check
[2025-03-20T11:05:48.646+0000] {local_task_job_runner.py:245} INFO - ::endgroup::
