[2025-03-20T08:15:50.062+0000] {local_task_job_runner.py:123} INFO - ::group::Pre task execution logs
[2025-03-20T08:15:50.102+0000] {taskinstance.py:2614} INFO - Dependencies all met for dep_context=non-requeueable deps ti=<TaskInstance: ETL_breweries_list.pipeline_end manual__2025-03-20T08:13:20.727332+00:00 [queued]>
[2025-03-20T08:15:50.119+0000] {taskinstance.py:2614} INFO - Dependencies all met for dep_context=requeueable deps ti=<TaskInstance: ETL_breweries_list.pipeline_end manual__2025-03-20T08:13:20.727332+00:00 [queued]>
[2025-03-20T08:15:50.120+0000] {taskinstance.py:2867} INFO - Starting attempt 1 of 2
[2025-03-20T08:15:50.155+0000] {taskinstance.py:2890} INFO - Executing <Task(BashOperator): pipeline_end> on 2025-03-20 08:13:20.727332+00:00
[2025-03-20T08:15:50.166+0000] {warnings.py:112} WARNING - /home/***/.local/lib/python3.12/site-packages/***/task/task_runner/standard_task_runner.py:70: DeprecationWarning: This process (pid=599) is multi-threaded, use of fork() may lead to deadlocks in the child.
  pid = os.fork()

[2025-03-20T08:15:50.169+0000] {standard_task_runner.py:72} INFO - Started process 601 to run task
[2025-03-20T08:15:50.170+0000] {standard_task_runner.py:104} INFO - Running: ['***', 'tasks', 'run', 'ETL_breweries_list', 'pipeline_end', 'manual__2025-03-20T08:13:20.727332+00:00', '--job-id', '79', '--raw', '--subdir', 'DAGS_FOLDER/bronze_layer.py', '--cfg-path', '/tmp/tmpkgm9b1k5']
[2025-03-20T08:15:50.171+0000] {standard_task_runner.py:105} INFO - Job 79: Subtask pipeline_end
[2025-03-20T08:15:50.226+0000] {task_command.py:467} INFO - Running <TaskInstance: ETL_breweries_list.pipeline_end manual__2025-03-20T08:13:20.727332+00:00 [running]> on host b945a9f18e3e
[2025-03-20T08:15:50.337+0000] {taskinstance.py:3134} INFO - Exporting env vars: AIRFLOW_CTX_DAG_OWNER='***' AIRFLOW_CTX_DAG_ID='ETL_breweries_list' AIRFLOW_CTX_TASK_ID='pipeline_end' AIRFLOW_CTX_EXECUTION_DATE='2025-03-20T08:13:20.727332+00:00' AIRFLOW_CTX_TRY_NUMBER='1' AIRFLOW_CTX_DAG_RUN_ID='manual__2025-03-20T08:13:20.727332+00:00'
[2025-03-20T08:15:50.340+0000] {logging_mixin.py:190} INFO - Task instance is in running state
[2025-03-20T08:15:50.341+0000] {logging_mixin.py:190} INFO -  Previous state of the Task instance: queued
[2025-03-20T08:15:50.341+0000] {logging_mixin.py:190} INFO - Current task name:pipeline_end state:running start_date:2025-03-20 08:15:50.103051+00:00
[2025-03-20T08:15:50.341+0000] {logging_mixin.py:190} INFO - Dag name:ETL_breweries_list and current dag run status:running
[2025-03-20T08:15:50.342+0000] {taskinstance.py:732} INFO - ::endgroup::
[2025-03-20T08:15:50.343+0000] {subprocess.py:78} INFO - Tmp dir root location: /tmp
[2025-03-20T08:15:50.344+0000] {subprocess.py:88} INFO - Running command: ['/usr/bin/bash', '-c', 'echo "PIPELINE ENDED"; sleep 15']
[2025-03-20T08:15:50.363+0000] {subprocess.py:99} INFO - Output:
[2025-03-20T08:15:50.365+0000] {subprocess.py:106} INFO - PIPELINE ENDED
[2025-03-20T08:16:06.341+0000] {subprocess.py:110} INFO - Command exited with return code 0
[2025-03-20T08:16:19.872+0000] {job.py:229} INFO - Heartbeat recovered after 24.64 seconds
[2025-03-20T08:16:21.207+0000] {taskinstance.py:341} INFO - ::group::Post task execution logs
[2025-03-20T08:16:21.213+0000] {taskinstance.py:353} INFO - Marking task as SUCCESS. dag_id=ETL_breweries_list, task_id=pipeline_end, run_id=manual__2025-03-20T08:13:20.727332+00:00, execution_date=20250320T081320, start_date=20250320T081550, end_date=20250320T081621
[2025-03-20T08:16:21.726+0000] {logging_mixin.py:190} INFO - Task instance in success state
[2025-03-20T08:16:21.727+0000] {logging_mixin.py:190} INFO -  Previous state of the Task instance: running
[2025-03-20T08:16:21.727+0000] {logging_mixin.py:190} INFO - Dag name:ETL_breweries_list queued_at:2025-03-20 08:13:20.883977+00:00
[2025-03-20T08:16:21.728+0000] {logging_mixin.py:190} INFO - Task hostname:b945a9f18e3e operator:BashOperator
[2025-03-20T08:16:21.785+0000] {local_task_job_runner.py:266} INFO - Task exited with return code 0
[2025-03-20T08:16:21.900+0000] {taskinstance.py:3901} INFO - 0 downstream tasks scheduled from follow-on schedule check
[2025-03-20T08:16:21.956+0000] {local_task_job_runner.py:245} INFO - ::endgroup::
