[2025-03-20T19:05:19.329+0000] {local_task_job_runner.py:123} INFO - ::group::Pre task execution logs
[2025-03-20T19:05:19.400+0000] {taskinstance.py:2614} INFO - Dependencies all met for dep_context=non-requeueable deps ti=<TaskInstance: ETL_breweries_list.load_to_bronze_layer manual__2025-03-20T19:04:29.248434+00:00 [queued]>
[2025-03-20T19:05:19.736+0000] {taskinstance.py:2614} INFO - Dependencies all met for dep_context=requeueable deps ti=<TaskInstance: ETL_breweries_list.load_to_bronze_layer manual__2025-03-20T19:04:29.248434+00:00 [queued]>
[2025-03-20T19:05:19.737+0000] {taskinstance.py:2867} INFO - Starting attempt 1 of 2
[2025-03-20T19:05:21.216+0000] {taskinstance.py:2890} INFO - Executing <Task(PythonOperator): load_to_bronze_layer> on 2025-03-20 19:04:29.248434+00:00
[2025-03-20T19:05:37.406+0000] {warnings.py:112} WARNING - /home/***/.local/lib/python3.12/site-packages/***/task/task_runner/standard_task_runner.py:70: DeprecationWarning: This process (pid=746) is multi-threaded, use of fork() may lead to deadlocks in the child.
  pid = os.fork()

[2025-03-20T19:05:43.329+0000] {standard_task_runner.py:72} INFO - Started process 756 to run task
[2025-03-20T19:05:43.432+0000] {standard_task_runner.py:104} INFO - Running: ['***', 'tasks', 'run', 'ETL_breweries_list', 'load_to_bronze_layer', 'manual__2025-03-20T19:04:29.248434+00:00', '--job-id', '215', '--raw', '--subdir', 'DAGS_FOLDER/breweries_list_etl.py', '--cfg-path', '/tmp/tmpffgfv4to']
[2025-03-20T19:05:43.585+0000] {standard_task_runner.py:105} INFO - Job 215: Subtask load_to_bronze_layer
[2025-03-20T19:05:49.126+0000] {job.py:229} INFO - Heartbeat recovered after 29.99 seconds
[2025-03-20T19:05:49.368+0000] {task_command.py:467} INFO - Running <TaskInstance: ETL_breweries_list.load_to_bronze_layer manual__2025-03-20T19:04:29.248434+00:00 [running]> on host d8a3cf37e739
[2025-03-20T19:05:51.635+0000] {taskinstance.py:3134} INFO - Exporting env vars: AIRFLOW_CTX_DAG_OWNER='***' AIRFLOW_CTX_DAG_ID='ETL_breweries_list' AIRFLOW_CTX_TASK_ID='load_to_bronze_layer' AIRFLOW_CTX_EXECUTION_DATE='2025-03-20T19:04:29.248434+00:00' AIRFLOW_CTX_TRY_NUMBER='1' AIRFLOW_CTX_DAG_RUN_ID='manual__2025-03-20T19:04:29.248434+00:00'
[2025-03-20T19:05:51.658+0000] {logging_mixin.py:190} INFO - Task instance is in running state
[2025-03-20T19:05:51.659+0000] {logging_mixin.py:190} INFO -  Previous state of the Task instance: queued
[2025-03-20T19:05:51.659+0000] {logging_mixin.py:190} INFO - Current task name:load_to_bronze_layer state:running start_date:2025-03-20 19:05:19.401246+00:00
[2025-03-20T19:05:51.660+0000] {logging_mixin.py:190} INFO - Dag name:ETL_breweries_list and current dag run status:running
[2025-03-20T19:05:51.660+0000] {taskinstance.py:732} INFO - ::endgroup::
[2025-03-20T19:05:52.878+0000] {breweries_list_etl.py:85} INFO - Path where the file will be saved:2025/03/20/breweries_20250320.csv
[2025-03-20T19:05:53.034+0000] {breweries_list_etl.py:96} INFO - Data of size 10277 bytes was successfully saved to 2025/03/20/breweries_20250320.csv
[2025-03-20T19:05:53.038+0000] {python.py:240} INFO - Done. Returned value was: None
[2025-03-20T19:05:53.102+0000] {taskinstance.py:341} INFO - ::group::Post task execution logs
[2025-03-20T19:05:53.109+0000] {taskinstance.py:353} INFO - Marking task as SUCCESS. dag_id=ETL_breweries_list, task_id=load_to_bronze_layer, run_id=manual__2025-03-20T19:04:29.248434+00:00, execution_date=20250320T190429, start_date=20250320T190519, end_date=20250320T190553
[2025-03-20T19:05:53.305+0000] {logging_mixin.py:190} INFO - Task instance in success state
[2025-03-20T19:05:53.306+0000] {logging_mixin.py:190} INFO -  Previous state of the Task instance: running
[2025-03-20T19:05:53.307+0000] {logging_mixin.py:190} INFO - Dag name:ETL_breweries_list queued_at:2025-03-20 19:04:29.681954+00:00
[2025-03-20T19:05:53.307+0000] {logging_mixin.py:190} INFO - Task hostname:d8a3cf37e739 operator:PythonOperator
[2025-03-20T19:05:53.402+0000] {local_task_job_runner.py:266} INFO - Task exited with return code 0
[2025-03-20T19:05:53.516+0000] {standard_task_runner.py:217} INFO - Process not found (most likely exited), stop collecting metrics
[2025-03-20T19:05:53.545+0000] {taskinstance.py:3901} INFO - 1 downstream tasks scheduled from follow-on schedule check
[2025-03-20T19:05:53.552+0000] {local_task_job_runner.py:245} INFO - ::endgroup::
