[2025-03-20T17:19:58.356+0000] {local_task_job_runner.py:123} INFO - ::group::Pre task execution logs
[2025-03-20T17:19:58.410+0000] {taskinstance.py:2614} INFO - Dependencies all met for dep_context=non-requeueable deps ti=<TaskInstance: ETL_breweries_list.watcher_task manual__2025-03-20T17:18:36.217128+00:00 [queued]>
[2025-03-20T17:19:58.436+0000] {taskinstance.py:2614} INFO - Dependencies all met for dep_context=requeueable deps ti=<TaskInstance: ETL_breweries_list.watcher_task manual__2025-03-20T17:18:36.217128+00:00 [queued]>
[2025-03-20T17:19:58.436+0000] {taskinstance.py:2867} INFO - Starting attempt 1 of 1
[2025-03-20T17:19:59.986+0000] {taskinstance.py:2890} INFO - Executing <Task(PythonOperator): watcher_task> on 2025-03-20 17:18:36.217128+00:00
[2025-03-20T17:20:00.329+0000] {warnings.py:112} WARNING - /home/***/.local/lib/python3.12/site-packages/***/task/task_runner/standard_task_runner.py:70: DeprecationWarning: This process (pid=490) is multi-threaded, use of fork() may lead to deadlocks in the child.
  pid = os.fork()

[2025-03-20T17:20:01.256+0000] {standard_task_runner.py:72} INFO - Started process 499 to run task
[2025-03-20T17:20:01.303+0000] {standard_task_runner.py:104} INFO - Running: ['***', 'tasks', 'run', 'ETL_breweries_list', 'watcher_task', 'manual__2025-03-20T17:18:36.217128+00:00', '--job-id', '181', '--raw', '--subdir', 'DAGS_FOLDER/breweries_list_etl.py', '--cfg-path', '/tmp/tmpc2gstsey']
[2025-03-20T17:20:01.416+0000] {standard_task_runner.py:105} INFO - Job 181: Subtask watcher_task
[2025-03-20T17:20:02.347+0000] {task_command.py:467} INFO - Running <TaskInstance: ETL_breweries_list.watcher_task manual__2025-03-20T17:18:36.217128+00:00 [running]> on host a0c933cdb3ee
[2025-03-20T17:20:04.160+0000] {taskinstance.py:3134} INFO - Exporting env vars: AIRFLOW_CTX_DAG_OWNER='***' AIRFLOW_CTX_DAG_ID='ETL_breweries_list' AIRFLOW_CTX_TASK_ID='watcher_task' AIRFLOW_CTX_EXECUTION_DATE='2025-03-20T17:18:36.217128+00:00' AIRFLOW_CTX_TRY_NUMBER='1' AIRFLOW_CTX_DAG_RUN_ID='manual__2025-03-20T17:18:36.217128+00:00'
[2025-03-20T17:20:04.174+0000] {logging_mixin.py:190} INFO - Task instance is in running state
[2025-03-20T17:20:04.175+0000] {logging_mixin.py:190} INFO -  Previous state of the Task instance: queued
[2025-03-20T17:20:04.175+0000] {logging_mixin.py:190} INFO - Current task name:watcher_task state:running start_date:2025-03-20 17:19:58.412955+00:00
[2025-03-20T17:20:04.176+0000] {logging_mixin.py:190} INFO - Dag name:ETL_breweries_list and current dag run status:running
[2025-03-20T17:20:04.176+0000] {taskinstance.py:732} INFO - ::endgroup::
[2025-03-20T17:20:04.288+0000] {breweries_list_etl.py:178} INFO - All tasks ran successfully!
[2025-03-20T17:20:04.289+0000] {python.py:240} INFO - Done. Returned value was: None
[2025-03-20T17:20:04.537+0000] {taskinstance.py:341} INFO - ::group::Post task execution logs
[2025-03-20T17:20:04.538+0000] {taskinstance.py:353} INFO - Marking task as SUCCESS. dag_id=ETL_breweries_list, task_id=watcher_task, run_id=manual__2025-03-20T17:18:36.217128+00:00, execution_date=20250320T171836, start_date=20250320T171958, end_date=20250320T172004
[2025-03-20T17:20:05.748+0000] {logging_mixin.py:190} INFO - Task instance in success state
[2025-03-20T17:20:05.749+0000] {logging_mixin.py:190} INFO -  Previous state of the Task instance: running
[2025-03-20T17:20:05.753+0000] {logging_mixin.py:190} INFO - Dag name:ETL_breweries_list queued_at:2025-03-20 17:18:36.769519+00:00
[2025-03-20T17:20:05.754+0000] {logging_mixin.py:190} INFO - Task hostname:a0c933cdb3ee operator:PythonOperator
[2025-03-20T17:20:07.819+0000] {local_task_job_runner.py:266} INFO - Task exited with return code 0
[2025-03-20T17:20:07.824+0000] {standard_task_runner.py:217} INFO - Process not found (most likely exited), stop collecting metrics
[2025-03-20T17:20:09.394+0000] {local_task_job_runner.py:245} INFO - ::endgroup::
