[2025-03-20T03:43:31.789+0000] {local_task_job_runner.py:123} INFO - ::group::Pre task execution logs
[2025-03-20T03:43:31.953+0000] {taskinstance.py:2614} INFO - Dependencies all met for dep_context=non-requeueable deps ti=<TaskInstance: ETL_breweries_list.load_to_bronze_layer manual__2025-03-20T03:42:36.879923+00:00 [queued]>
[2025-03-20T03:43:32.219+0000] {taskinstance.py:2614} INFO - Dependencies all met for dep_context=requeueable deps ti=<TaskInstance: ETL_breweries_list.load_to_bronze_layer manual__2025-03-20T03:42:36.879923+00:00 [queued]>
[2025-03-20T03:43:32.219+0000] {taskinstance.py:2867} INFO - Starting attempt 1 of 2
[2025-03-20T03:43:32.490+0000] {taskinstance.py:2890} INFO - Executing <Task(PythonOperator): load_to_bronze_layer> on 2025-03-20 03:42:36.879923+00:00
[2025-03-20T03:43:32.503+0000] {warnings.py:112} WARNING - /home/***/.local/lib/python3.12/site-packages/***/task/task_runner/standard_task_runner.py:70: DeprecationWarning: This process (pid=804) is multi-threaded, use of fork() may lead to deadlocks in the child.
  pid = os.fork()

[2025-03-20T03:43:32.505+0000] {standard_task_runner.py:72} INFO - Started process 806 to run task
[2025-03-20T03:43:32.506+0000] {standard_task_runner.py:104} INFO - Running: ['***', 'tasks', 'run', 'ETL_breweries_list', 'load_to_bronze_layer', 'manual__2025-03-20T03:42:36.879923+00:00', '--job-id', '37', '--raw', '--subdir', 'DAGS_FOLDER/bronze_layer.py', '--cfg-path', '/tmp/tmpesd1kmzf']
[2025-03-20T03:43:32.508+0000] {standard_task_runner.py:105} INFO - Job 37: Subtask load_to_bronze_layer
[2025-03-20T03:43:32.786+0000] {task_command.py:467} INFO - Running <TaskInstance: ETL_breweries_list.load_to_bronze_layer manual__2025-03-20T03:42:36.879923+00:00 [running]> on host d760444a6a5e
[2025-03-20T03:43:33.328+0000] {taskinstance.py:3134} INFO - Exporting env vars: AIRFLOW_CTX_DAG_OWNER='***' AIRFLOW_CTX_DAG_ID='ETL_breweries_list' AIRFLOW_CTX_TASK_ID='load_to_bronze_layer' AIRFLOW_CTX_EXECUTION_DATE='2025-03-20T03:42:36.879923+00:00' AIRFLOW_CTX_TRY_NUMBER='1' AIRFLOW_CTX_DAG_RUN_ID='manual__2025-03-20T03:42:36.879923+00:00'
[2025-03-20T03:43:33.330+0000] {logging_mixin.py:190} INFO - Task instance is in running state
[2025-03-20T03:43:33.331+0000] {logging_mixin.py:190} INFO -  Previous state of the Task instance: queued
[2025-03-20T03:43:33.331+0000] {logging_mixin.py:190} INFO - Current task name:load_to_bronze_layer state:running start_date:2025-03-20 03:43:31.954195+00:00
[2025-03-20T03:43:33.332+0000] {logging_mixin.py:190} INFO - Dag name:ETL_breweries_list and current dag run status:running
[2025-03-20T03:43:33.333+0000] {taskinstance.py:732} INFO - ::endgroup::
[2025-03-20T03:43:42.863+0000] {logging_mixin.py:190} INFO - s3://bronze/2025/03/20/breweries_20250320.parquet
[2025-03-20T03:43:42.894+0000] {logging_mixin.py:190} INFO - Could not save the data to MinIO: Install s3fs to access S3
[2025-03-20T03:43:42.895+0000] {python.py:240} INFO - Done. Returned value was: None
[2025-03-20T03:43:42.917+0000] {taskinstance.py:341} INFO - ::group::Post task execution logs
[2025-03-20T03:43:42.922+0000] {taskinstance.py:353} INFO - Marking task as SUCCESS. dag_id=ETL_breweries_list, task_id=load_to_bronze_layer, run_id=manual__2025-03-20T03:42:36.879923+00:00, execution_date=20250320T034236, start_date=20250320T034331, end_date=20250320T034342
[2025-03-20T03:43:43.058+0000] {logging_mixin.py:190} INFO - Task instance in success state
[2025-03-20T03:43:43.059+0000] {logging_mixin.py:190} INFO -  Previous state of the Task instance: running
[2025-03-20T03:43:43.059+0000] {logging_mixin.py:190} INFO - Dag name:ETL_breweries_list queued_at:2025-03-20 03:42:38.868795+00:00
[2025-03-20T03:43:43.060+0000] {logging_mixin.py:190} INFO - Task hostname:d760444a6a5e operator:PythonOperator
[2025-03-20T03:43:43.128+0000] {local_task_job_runner.py:266} INFO - Task exited with return code 0
[2025-03-20T03:43:43.194+0000] {taskinstance.py:3901} INFO - 1 downstream tasks scheduled from follow-on schedule check
[2025-03-20T03:43:43.207+0000] {local_task_job_runner.py:245} INFO - ::endgroup::
