[2025-03-20T19:04:59.254+0000] {local_task_job_runner.py:123} INFO - ::group::Pre task execution logs
[2025-03-20T19:04:59.315+0000] {taskinstance.py:2614} INFO - Dependencies all met for dep_context=non-requeueable deps ti=<TaskInstance: ETL_breweries_list.extract_from_api manual__2025-03-20T19:04:29.248434+00:00 [queued]>
[2025-03-20T19:04:59.685+0000] {taskinstance.py:2614} INFO - Dependencies all met for dep_context=requeueable deps ti=<TaskInstance: ETL_breweries_list.extract_from_api manual__2025-03-20T19:04:29.248434+00:00 [queued]>
[2025-03-20T19:04:59.686+0000] {taskinstance.py:2867} INFO - Starting attempt 1 of 2
[2025-03-20T19:04:59.750+0000] {taskinstance.py:2890} INFO - Executing <Task(PythonOperator): extract_from_api> on 2025-03-20 19:04:29.248434+00:00
[2025-03-20T19:04:59.769+0000] {warnings.py:112} WARNING - /home/***/.local/lib/python3.12/site-packages/***/task/task_runner/standard_task_runner.py:70: DeprecationWarning: This process (pid=742) is multi-threaded, use of fork() may lead to deadlocks in the child.
  pid = os.fork()

[2025-03-20T19:04:59.772+0000] {standard_task_runner.py:72} INFO - Started process 744 to run task
[2025-03-20T19:04:59.772+0000] {standard_task_runner.py:104} INFO - Running: ['***', 'tasks', 'run', 'ETL_breweries_list', 'extract_from_api', 'manual__2025-03-20T19:04:29.248434+00:00', '--job-id', '214', '--raw', '--subdir', 'DAGS_FOLDER/breweries_list_etl.py', '--cfg-path', '/tmp/tmp71yjbdc6']
[2025-03-20T19:04:59.780+0000] {standard_task_runner.py:105} INFO - Job 214: Subtask extract_from_api
[2025-03-20T19:04:59.910+0000] {task_command.py:467} INFO - Running <TaskInstance: ETL_breweries_list.extract_from_api manual__2025-03-20T19:04:29.248434+00:00 [running]> on host d8a3cf37e739
[2025-03-20T19:05:00.251+0000] {taskinstance.py:3134} INFO - Exporting env vars: AIRFLOW_CTX_DAG_OWNER='***' AIRFLOW_CTX_DAG_ID='ETL_breweries_list' AIRFLOW_CTX_TASK_ID='extract_from_api' AIRFLOW_CTX_EXECUTION_DATE='2025-03-20T19:04:29.248434+00:00' AIRFLOW_CTX_TRY_NUMBER='1' AIRFLOW_CTX_DAG_RUN_ID='manual__2025-03-20T19:04:29.248434+00:00'
[2025-03-20T19:05:00.253+0000] {logging_mixin.py:190} INFO - Task instance is in running state
[2025-03-20T19:05:00.254+0000] {logging_mixin.py:190} INFO -  Previous state of the Task instance: queued
[2025-03-20T19:05:00.255+0000] {logging_mixin.py:190} INFO - Current task name:extract_from_api state:running start_date:2025-03-20 19:04:59.316321+00:00
[2025-03-20T19:05:00.255+0000] {logging_mixin.py:190} INFO - Dag name:ETL_breweries_list and current dag run status:running
[2025-03-20T19:05:00.258+0000] {taskinstance.py:732} INFO - ::endgroup::
[2025-03-20T19:05:00.483+0000] {breweries_list_etl.py:37} INFO - Breweries list is not empty (SUCCESS)!
[2025-03-20T19:05:00.511+0000] {breweries_list_etl.py:42} INFO - 
Number of breweries: id                50
name              50
brewery_type      50
address_1         47
address_2          1
address_3          0
city              50
state_province    50
postal_code       50
country           50
longitude         40
latitude          40
phone             45
website_url       39
state             50
street            47
dtype: int64
[2025-03-20T19:05:00.718+0000] {python.py:240} INFO - Done. Returned value was: None
[2025-03-20T19:05:00.732+0000] {taskinstance.py:341} INFO - ::group::Post task execution logs
[2025-03-20T19:05:00.732+0000] {taskinstance.py:353} INFO - Marking task as SUCCESS. dag_id=ETL_breweries_list, task_id=extract_from_api, run_id=manual__2025-03-20T19:04:29.248434+00:00, execution_date=20250320T190429, start_date=20250320T190459, end_date=20250320T190500
[2025-03-20T19:05:00.767+0000] {logging_mixin.py:190} INFO - Task instance in success state
[2025-03-20T19:05:00.769+0000] {logging_mixin.py:190} INFO -  Previous state of the Task instance: running
[2025-03-20T19:05:00.770+0000] {logging_mixin.py:190} INFO - Dag name:ETL_breweries_list queued_at:2025-03-20 19:04:29.681954+00:00
[2025-03-20T19:05:00.771+0000] {logging_mixin.py:190} INFO - Task hostname:d8a3cf37e739 operator:PythonOperator
[2025-03-20T19:05:00.815+0000] {local_task_job_runner.py:266} INFO - Task exited with return code 0
[2025-03-20T19:05:00.860+0000] {taskinstance.py:3901} INFO - 1 downstream tasks scheduled from follow-on schedule check
[2025-03-20T19:05:00.863+0000] {local_task_job_runner.py:245} INFO - ::endgroup::
