[2025-03-20T19:02:10.457+0000] {local_task_job_runner.py:123} INFO - ::group::Pre task execution logs
[2025-03-20T19:02:10.533+0000] {taskinstance.py:2614} INFO - Dependencies all met for dep_context=non-requeueable deps ti=<TaskInstance: ETL_breweries_list.load_to_bronze_layer manual__2025-03-20T19:01:01.189539+00:00 [queued]>
[2025-03-20T19:02:10.889+0000] {taskinstance.py:2614} INFO - Dependencies all met for dep_context=requeueable deps ti=<TaskInstance: ETL_breweries_list.load_to_bronze_layer manual__2025-03-20T19:01:01.189539+00:00 [queued]>
[2025-03-20T19:02:10.890+0000] {taskinstance.py:2867} INFO - Starting attempt 1 of 2
[2025-03-20T19:02:10.938+0000] {taskinstance.py:2890} INFO - Executing <Task(PythonOperator): load_to_bronze_layer> on 2025-03-20 19:01:01.189539+00:00
[2025-03-20T19:02:10.954+0000] {warnings.py:112} WARNING - /home/***/.local/lib/python3.12/site-packages/***/task/task_runner/standard_task_runner.py:70: DeprecationWarning: This process (pid=678) is multi-threaded, use of fork() may lead to deadlocks in the child.
  pid = os.fork()

[2025-03-20T19:02:10.956+0000] {standard_task_runner.py:104} INFO - Running: ['***', 'tasks', 'run', 'ETL_breweries_list', 'load_to_bronze_layer', 'manual__2025-03-20T19:01:01.189539+00:00', '--job-id', '208', '--raw', '--subdir', 'DAGS_FOLDER/breweries_list_etl.py', '--cfg-path', '/tmp/tmp65iwx0_r']
[2025-03-20T19:02:10.958+0000] {standard_task_runner.py:105} INFO - Job 208: Subtask load_to_bronze_layer
[2025-03-20T19:02:10.958+0000] {standard_task_runner.py:72} INFO - Started process 680 to run task
[2025-03-20T19:02:11.125+0000] {task_command.py:467} INFO - Running <TaskInstance: ETL_breweries_list.load_to_bronze_layer manual__2025-03-20T19:01:01.189539+00:00 [running]> on host d8a3cf37e739
[2025-03-20T19:02:11.336+0000] {taskinstance.py:3134} INFO - Exporting env vars: AIRFLOW_CTX_DAG_OWNER='***' AIRFLOW_CTX_DAG_ID='ETL_breweries_list' AIRFLOW_CTX_TASK_ID='load_to_bronze_layer' AIRFLOW_CTX_EXECUTION_DATE='2025-03-20T19:01:01.189539+00:00' AIRFLOW_CTX_TRY_NUMBER='1' AIRFLOW_CTX_DAG_RUN_ID='manual__2025-03-20T19:01:01.189539+00:00'
[2025-03-20T19:02:11.337+0000] {logging_mixin.py:190} INFO - Task instance is in running state
[2025-03-20T19:02:11.338+0000] {logging_mixin.py:190} INFO -  Previous state of the Task instance: queued
[2025-03-20T19:02:11.338+0000] {logging_mixin.py:190} INFO - Current task name:load_to_bronze_layer state:running start_date:2025-03-20 19:02:10.534647+00:00
[2025-03-20T19:02:11.338+0000] {logging_mixin.py:190} INFO - Dag name:ETL_breweries_list and current dag run status:running
[2025-03-20T19:02:11.338+0000] {taskinstance.py:732} INFO - ::endgroup::
[2025-03-20T19:02:11.623+0000] {breweries_list_etl.py:84} INFO - Path where the file will be saved:2025/03/20/breweries_20250320.csv
[2025-03-20T19:02:11.679+0000] {breweries_list_etl.py:95} INFO - Data of size 10277 bytes was successfully saved to 2025/03/20/breweries_20250320.csv
[2025-03-20T19:02:11.680+0000] {python.py:240} INFO - Done. Returned value was: None
[2025-03-20T19:02:11.697+0000] {taskinstance.py:341} INFO - ::group::Post task execution logs
[2025-03-20T19:02:11.697+0000] {taskinstance.py:353} INFO - Marking task as SUCCESS. dag_id=ETL_breweries_list, task_id=load_to_bronze_layer, run_id=manual__2025-03-20T19:01:01.189539+00:00, execution_date=20250320T190101, start_date=20250320T190210, end_date=20250320T190211
[2025-03-20T19:02:11.740+0000] {logging_mixin.py:190} INFO - Task instance in success state
[2025-03-20T19:02:11.741+0000] {logging_mixin.py:190} INFO -  Previous state of the Task instance: running
[2025-03-20T19:02:11.742+0000] {logging_mixin.py:190} INFO - Dag name:ETL_breweries_list queued_at:2025-03-20 19:01:03.376328+00:00
[2025-03-20T19:02:11.742+0000] {logging_mixin.py:190} INFO - Task hostname:d8a3cf37e739 operator:PythonOperator
[2025-03-20T19:02:11.771+0000] {local_task_job_runner.py:266} INFO - Task exited with return code 0
[2025-03-20T19:02:11.815+0000] {taskinstance.py:3901} INFO - 1 downstream tasks scheduled from follow-on schedule check
[2025-03-20T19:02:11.818+0000] {local_task_job_runner.py:245} INFO - ::endgroup::
