[2025-03-20T19:02:18.104+0000] {local_task_job_runner.py:123} INFO - ::group::Pre task execution logs
[2025-03-20T19:02:18.144+0000] {taskinstance.py:2614} INFO - Dependencies all met for dep_context=non-requeueable deps ti=<TaskInstance: ETL_breweries_list.create_view_and_load_to_gold manual__2025-03-20T19:01:01.189539+00:00 [queued]>
[2025-03-20T19:02:18.382+0000] {taskinstance.py:2614} INFO - Dependencies all met for dep_context=requeueable deps ti=<TaskInstance: ETL_breweries_list.create_view_and_load_to_gold manual__2025-03-20T19:01:01.189539+00:00 [queued]>
[2025-03-20T19:02:18.382+0000] {taskinstance.py:2867} INFO - Starting attempt 1 of 2
[2025-03-20T19:02:18.400+0000] {taskinstance.py:2890} INFO - Executing <Task(PythonOperator): create_view_and_load_to_gold> on 2025-03-20 19:01:01.189539+00:00
[2025-03-20T19:02:18.410+0000] {warnings.py:112} WARNING - /home/***/.local/lib/python3.12/site-packages/***/task/task_runner/standard_task_runner.py:70: DeprecationWarning: This process (pid=691) is multi-threaded, use of fork() may lead to deadlocks in the child.
  pid = os.fork()

[2025-03-20T19:02:18.414+0000] {standard_task_runner.py:72} INFO - Started process 693 to run task
[2025-03-20T19:02:18.414+0000] {standard_task_runner.py:104} INFO - Running: ['***', 'tasks', 'run', 'ETL_breweries_list', 'create_view_and_load_to_gold', 'manual__2025-03-20T19:01:01.189539+00:00', '--job-id', '210', '--raw', '--subdir', 'DAGS_FOLDER/breweries_list_etl.py', '--cfg-path', '/tmp/tmpivmvv1m3']
[2025-03-20T19:02:18.416+0000] {standard_task_runner.py:105} INFO - Job 210: Subtask create_view_and_load_to_gold
[2025-03-20T19:02:18.467+0000] {task_command.py:467} INFO - Running <TaskInstance: ETL_breweries_list.create_view_and_load_to_gold manual__2025-03-20T19:01:01.189539+00:00 [running]> on host d8a3cf37e739
[2025-03-20T19:02:18.572+0000] {taskinstance.py:3134} INFO - Exporting env vars: AIRFLOW_CTX_DAG_OWNER='***' AIRFLOW_CTX_DAG_ID='ETL_breweries_list' AIRFLOW_CTX_TASK_ID='create_view_and_load_to_gold' AIRFLOW_CTX_EXECUTION_DATE='2025-03-20T19:01:01.189539+00:00' AIRFLOW_CTX_TRY_NUMBER='1' AIRFLOW_CTX_DAG_RUN_ID='manual__2025-03-20T19:01:01.189539+00:00'
[2025-03-20T19:02:18.574+0000] {logging_mixin.py:190} INFO - Task instance is in running state
[2025-03-20T19:02:18.574+0000] {logging_mixin.py:190} INFO -  Previous state of the Task instance: queued
[2025-03-20T19:02:18.575+0000] {logging_mixin.py:190} INFO - Current task name:create_view_and_load_to_gold state:running start_date:2025-03-20 19:02:18.144698+00:00
[2025-03-20T19:02:18.575+0000] {logging_mixin.py:190} INFO - Dag name:ETL_breweries_list and current dag run status:running
[2025-03-20T19:02:18.576+0000] {taskinstance.py:732} INFO - ::endgroup::
[2025-03-20T19:02:18.692+0000] {breweries_list_etl.py:173} INFO - Fetched silver/IRELAND/LAOIS/breweries.parquet
[2025-03-20T19:02:18.702+0000] {breweries_list_etl.py:173} INFO - Fetched silver/UNITED STATES/ARIZONA/breweries.parquet
[2025-03-20T19:02:18.713+0000] {breweries_list_etl.py:173} INFO - Fetched silver/UNITED STATES/CALIFORNIA/breweries.parquet
[2025-03-20T19:02:18.721+0000] {breweries_list_etl.py:173} INFO - Fetched silver/UNITED STATES/COLORADO/breweries.parquet
[2025-03-20T19:02:18.733+0000] {breweries_list_etl.py:173} INFO - Fetched silver/UNITED STATES/DELAWARE/breweries.parquet
[2025-03-20T19:02:18.746+0000] {breweries_list_etl.py:173} INFO - Fetched silver/UNITED STATES/IDAHO/breweries.parquet
[2025-03-20T19:02:18.756+0000] {breweries_list_etl.py:173} INFO - Fetched silver/UNITED STATES/ILLINOIS/breweries.parquet
[2025-03-20T19:02:18.766+0000] {breweries_list_etl.py:173} INFO - Fetched silver/UNITED STATES/INDIANA/breweries.parquet
[2025-03-20T19:02:18.776+0000] {breweries_list_etl.py:173} INFO - Fetched silver/UNITED STATES/IOWA/breweries.parquet
[2025-03-20T19:02:18.785+0000] {breweries_list_etl.py:173} INFO - Fetched silver/UNITED STATES/MARYLAND/breweries.parquet
[2025-03-20T19:02:18.794+0000] {breweries_list_etl.py:173} INFO - Fetched silver/UNITED STATES/MASSACHUSETTS/breweries.parquet
[2025-03-20T19:02:18.800+0000] {breweries_list_etl.py:173} INFO - Fetched silver/UNITED STATES/MICHIGAN/breweries.parquet
[2025-03-20T19:02:18.810+0000] {breweries_list_etl.py:173} INFO - Fetched silver/UNITED STATES/MINNESOTA/breweries.parquet
[2025-03-20T19:02:18.819+0000] {breweries_list_etl.py:173} INFO - Fetched silver/UNITED STATES/MISSISSIPPI/breweries.parquet
[2025-03-20T19:02:18.828+0000] {breweries_list_etl.py:173} INFO - Fetched silver/UNITED STATES/NEVADA/breweries.parquet
[2025-03-20T19:02:18.836+0000] {breweries_list_etl.py:173} INFO - Fetched silver/UNITED STATES/NEW YORK/breweries.parquet
[2025-03-20T19:02:18.845+0000] {breweries_list_etl.py:173} INFO - Fetched silver/UNITED STATES/NORTH CAROLINA/breweries.parquet
[2025-03-20T19:02:18.855+0000] {breweries_list_etl.py:173} INFO - Fetched silver/UNITED STATES/OHIO/breweries.parquet
[2025-03-20T19:02:18.869+0000] {breweries_list_etl.py:173} INFO - Fetched silver/UNITED STATES/OKLAHOMA/breweries.parquet
[2025-03-20T19:02:18.876+0000] {breweries_list_etl.py:173} INFO - Fetched silver/UNITED STATES/OREGON/breweries.parquet
[2025-03-20T19:02:18.884+0000] {breweries_list_etl.py:173} INFO - Fetched silver/UNITED STATES/PENNSYLVANIA/breweries.parquet
[2025-03-20T19:02:18.893+0000] {breweries_list_etl.py:173} INFO - Fetched silver/UNITED STATES/SOUTH CAROLINA/breweries.parquet
[2025-03-20T19:02:18.901+0000] {breweries_list_etl.py:173} INFO - Fetched silver/UNITED STATES/TEXAS/breweries.parquet
[2025-03-20T19:02:18.910+0000] {breweries_list_etl.py:173} INFO - Fetched silver/UNITED STATES/VERMONT/breweries.parquet
[2025-03-20T19:02:18.917+0000] {breweries_list_etl.py:173} INFO - Fetched silver/UNITED STATES/VIRGINIA/breweries.parquet
[2025-03-20T19:02:18.926+0000] {breweries_list_etl.py:173} INFO - Fetched silver/UNITED STATES/WASHINGTON/breweries.parquet
[2025-03-20T19:02:18.934+0000] {breweries_list_etl.py:173} INFO - Fetched silver/UNITED STATES/WISCONSIN/breweries.parquet
[2025-03-20T19:02:18.955+0000] {breweries_list_etl.py:218} ERROR - Failed to create aggregated view: name 'sqlite3' is not defined
[2025-03-20T19:02:18.956+0000] {python.py:240} INFO - Done. Returned value was: None
[2025-03-20T19:02:18.968+0000] {taskinstance.py:341} INFO - ::group::Post task execution logs
[2025-03-20T19:02:18.969+0000] {taskinstance.py:353} INFO - Marking task as SUCCESS. dag_id=ETL_breweries_list, task_id=create_view_and_load_to_gold, run_id=manual__2025-03-20T19:01:01.189539+00:00, execution_date=20250320T190101, start_date=20250320T190218, end_date=20250320T190218
[2025-03-20T19:02:18.998+0000] {logging_mixin.py:190} INFO - Task instance in success state
[2025-03-20T19:02:18.999+0000] {logging_mixin.py:190} INFO -  Previous state of the Task instance: running
[2025-03-20T19:02:18.999+0000] {logging_mixin.py:190} INFO - Dag name:ETL_breweries_list queued_at:2025-03-20 19:01:03.376328+00:00
[2025-03-20T19:02:18.999+0000] {logging_mixin.py:190} INFO - Task hostname:d8a3cf37e739 operator:PythonOperator
[2025-03-20T19:02:19.031+0000] {local_task_job_runner.py:266} INFO - Task exited with return code 0
[2025-03-20T19:02:19.063+0000] {taskinstance.py:3901} INFO - 1 downstream tasks scheduled from follow-on schedule check
[2025-03-20T19:02:19.068+0000] {local_task_job_runner.py:245} INFO - ::endgroup::
