[2025-03-20T06:27:04.607+0000] {local_task_job_runner.py:123} INFO - ::group::Pre task execution logs
[2025-03-20T06:27:04.631+0000] {taskinstance.py:2614} INFO - Dependencies all met for dep_context=non-requeueable deps ti=<TaskInstance: ETL_breweries_list.load_to_bronze_layer manual__2025-03-20T06:23:27.061268+00:00 [queued]>
[2025-03-20T06:27:04.809+0000] {taskinstance.py:2614} INFO - Dependencies all met for dep_context=requeueable deps ti=<TaskInstance: ETL_breweries_list.load_to_bronze_layer manual__2025-03-20T06:23:27.061268+00:00 [queued]>
[2025-03-20T06:27:04.809+0000] {taskinstance.py:2867} INFO - Starting attempt 1 of 2
[2025-03-20T06:27:04.833+0000] {taskinstance.py:2890} INFO - Executing <Task(PythonOperator): load_to_bronze_layer> on 2025-03-20 06:23:27.061268+00:00
[2025-03-20T06:27:04.845+0000] {warnings.py:112} WARNING - /home/***/.local/lib/python3.12/site-packages/***/task/task_runner/standard_task_runner.py:70: DeprecationWarning: This process (pid=149) is multi-threaded, use of fork() may lead to deadlocks in the child.
  pid = os.fork()

[2025-03-20T06:27:04.847+0000] {standard_task_runner.py:72} INFO - Started process 151 to run task
[2025-03-20T06:27:04.848+0000] {standard_task_runner.py:104} INFO - Running: ['***', 'tasks', 'run', 'ETL_breweries_list', 'load_to_bronze_layer', 'manual__2025-03-20T06:23:27.061268+00:00', '--job-id', '62', '--raw', '--subdir', 'DAGS_FOLDER/bronze_layer.py', '--cfg-path', '/tmp/tmpgoj2cijw']
[2025-03-20T06:27:04.850+0000] {standard_task_runner.py:105} INFO - Job 62: Subtask load_to_bronze_layer
[2025-03-20T06:27:04.912+0000] {task_command.py:467} INFO - Running <TaskInstance: ETL_breweries_list.load_to_bronze_layer manual__2025-03-20T06:23:27.061268+00:00 [running]> on host 0cd85f9e721c
[2025-03-20T06:27:05.019+0000] {taskinstance.py:3134} INFO - Exporting env vars: AIRFLOW_CTX_DAG_OWNER='***' AIRFLOW_CTX_DAG_ID='ETL_breweries_list' AIRFLOW_CTX_TASK_ID='load_to_bronze_layer' AIRFLOW_CTX_EXECUTION_DATE='2025-03-20T06:23:27.061268+00:00' AIRFLOW_CTX_TRY_NUMBER='1' AIRFLOW_CTX_DAG_RUN_ID='manual__2025-03-20T06:23:27.061268+00:00'
[2025-03-20T06:27:05.020+0000] {logging_mixin.py:190} INFO - Task instance is in running state
[2025-03-20T06:27:05.021+0000] {logging_mixin.py:190} INFO -  Previous state of the Task instance: queued
[2025-03-20T06:27:05.021+0000] {logging_mixin.py:190} INFO - Current task name:load_to_bronze_layer state:running start_date:2025-03-20 06:27:04.632294+00:00
[2025-03-20T06:27:05.022+0000] {logging_mixin.py:190} INFO - Dag name:ETL_breweries_list and current dag run status:running
[2025-03-20T06:27:05.023+0000] {taskinstance.py:732} INFO - ::endgroup::
[2025-03-20T06:27:05.331+0000] {bronze_layer.py:83} INFO - Path where the file will be saved:2025/03/20/breweries_20250320.csv
[2025-03-20T06:27:05.332+0000] {bronze_layer.py:95} ERROR - Could not save the data to MinIO: Minio.put_object() missing 1 required positional argument: 'length'
[2025-03-20T06:27:05.332+0000] {python.py:240} INFO - Done. Returned value was: None
[2025-03-20T06:27:05.347+0000] {taskinstance.py:341} INFO - ::group::Post task execution logs
[2025-03-20T06:27:05.348+0000] {taskinstance.py:353} INFO - Marking task as SUCCESS. dag_id=ETL_breweries_list, task_id=load_to_bronze_layer, run_id=manual__2025-03-20T06:23:27.061268+00:00, execution_date=20250320T062327, start_date=20250320T062704, end_date=20250320T062705
[2025-03-20T06:27:05.381+0000] {logging_mixin.py:190} INFO - Task instance in success state
[2025-03-20T06:27:05.382+0000] {logging_mixin.py:190} INFO -  Previous state of the Task instance: running
[2025-03-20T06:27:05.382+0000] {logging_mixin.py:190} INFO - Dag name:ETL_breweries_list queued_at:2025-03-20 06:23:27.134839+00:00
[2025-03-20T06:27:05.383+0000] {logging_mixin.py:190} INFO - Task hostname:0cd85f9e721c operator:PythonOperator
[2025-03-20T06:27:05.424+0000] {local_task_job_runner.py:266} INFO - Task exited with return code 0
[2025-03-20T06:27:05.470+0000] {taskinstance.py:3901} INFO - 1 downstream tasks scheduled from follow-on schedule check
[2025-03-20T06:27:05.474+0000] {local_task_job_runner.py:245} INFO - ::endgroup::
