[2025-03-20T23:36:58.327+0000] {local_task_job_runner.py:123} INFO - ::group::Pre task execution logs
[2025-03-20T23:36:58.377+0000] {taskinstance.py:2614} INFO - Dependencies all met for dep_context=non-requeueable deps ti=<TaskInstance: ETL_breweries_list.create_table manual__2025-03-20T23:35:33.327642+00:00 [queued]>
[2025-03-20T23:36:58.405+0000] {taskinstance.py:2614} INFO - Dependencies all met for dep_context=requeueable deps ti=<TaskInstance: ETL_breweries_list.create_table manual__2025-03-20T23:35:33.327642+00:00 [queued]>
[2025-03-20T23:36:58.406+0000] {taskinstance.py:2867} INFO - Starting attempt 1 of 2
[2025-03-20T23:36:58.447+0000] {taskinstance.py:2890} INFO - Executing <Task(PostgresOperator): create_table> on 2025-03-20 23:35:33.327642+00:00
[2025-03-20T23:36:58.459+0000] {warnings.py:112} WARNING - /home/***/.local/lib/python3.12/site-packages/***/task/task_runner/standard_task_runner.py:70: DeprecationWarning: This process (pid=1679) is multi-threaded, use of fork() may lead to deadlocks in the child.
  pid = os.fork()

[2025-03-20T23:36:58.462+0000] {standard_task_runner.py:72} INFO - Started process 1681 to run task
[2025-03-20T23:36:58.469+0000] {standard_task_runner.py:104} INFO - Running: ['***', 'tasks', 'run', 'ETL_breweries_list', 'create_table', 'manual__2025-03-20T23:35:33.327642+00:00', '--job-id', '280', '--raw', '--subdir', 'DAGS_FOLDER/breweries_list_etl.py', '--cfg-path', '/tmp/tmpdouq121g']
[2025-03-20T23:36:58.471+0000] {standard_task_runner.py:105} INFO - Job 280: Subtask create_table
[2025-03-20T23:36:58.942+0000] {task_command.py:467} INFO - Running <TaskInstance: ETL_breweries_list.create_table manual__2025-03-20T23:35:33.327642+00:00 [running]> on host 5414e2764892
[2025-03-20T23:36:59.165+0000] {taskinstance.py:3134} INFO - Exporting env vars: AIRFLOW_CTX_DAG_OWNER='***' AIRFLOW_CTX_DAG_ID='ETL_breweries_list' AIRFLOW_CTX_TASK_ID='create_table' AIRFLOW_CTX_EXECUTION_DATE='2025-03-20T23:35:33.327642+00:00' AIRFLOW_CTX_TRY_NUMBER='1' AIRFLOW_CTX_DAG_RUN_ID='manual__2025-03-20T23:35:33.327642+00:00'
[2025-03-20T23:36:59.166+0000] {logging_mixin.py:190} INFO - Task instance is in running state
[2025-03-20T23:36:59.166+0000] {logging_mixin.py:190} INFO -  Previous state of the Task instance: queued
[2025-03-20T23:36:59.167+0000] {logging_mixin.py:190} INFO - Current task name:create_table state:running start_date:2025-03-20 23:36:58.378584+00:00
[2025-03-20T23:36:59.167+0000] {logging_mixin.py:190} INFO - Dag name:ETL_breweries_list and current dag run status:running
[2025-03-20T23:36:59.167+0000] {taskinstance.py:732} INFO - ::endgroup::
[2025-03-20T23:36:59.195+0000] {base.py:84} INFO - Retrieving connection 'brewery_connection'
[2025-03-20T23:36:59.196+0000] {sql.py:186} WARNING - This setter is for backward compatibility and should not be used.
Since the introduction of connection property, the providers listed below breaks due to assigning value to self.connection in their __init__ method.
* apache-***-providers-mysql<5.7.1
* apache-***-providers-elasticsearch<5.5.1
* apache-***-providers-postgres<5.13.0
[2025-03-20T23:36:59.212+0000] {sql.py:511} INFO - Running statement: 
    CREATE TABLE IF NOT EXISTS brewery_type_per_location (
        country TEXT,
        state TEXT,
        brewery_type TEXT,
        brewery_count INTEGER
    );
    , parameters: None
[2025-03-20T23:36:59.227+0000] {postgres.py:94} INFO - NOTICE:  relation "brewery_type_per_location" already exists, skipping

[2025-03-20T23:36:59.251+0000] {taskinstance.py:341} INFO - ::group::Post task execution logs
[2025-03-20T23:36:59.252+0000] {taskinstance.py:353} INFO - Marking task as SUCCESS. dag_id=ETL_breweries_list, task_id=create_table, run_id=manual__2025-03-20T23:35:33.327642+00:00, execution_date=20250320T233533, start_date=20250320T233658, end_date=20250320T233659
[2025-03-20T23:36:59.376+0000] {logging_mixin.py:190} INFO - Task instance in success state
[2025-03-20T23:36:59.376+0000] {logging_mixin.py:190} INFO -  Previous state of the Task instance: running
[2025-03-20T23:36:59.376+0000] {logging_mixin.py:190} INFO - Dag name:ETL_breweries_list queued_at:2025-03-20 23:35:33.783036+00:00
[2025-03-20T23:36:59.377+0000] {logging_mixin.py:190} INFO - Task hostname:5414e2764892 operator:PostgresOperator
[2025-03-20T23:36:59.412+0000] {local_task_job_runner.py:266} INFO - Task exited with return code 0
[2025-03-20T23:36:59.866+0000] {taskinstance.py:3901} INFO - 1 downstream tasks scheduled from follow-on schedule check
[2025-03-20T23:36:59.869+0000] {local_task_job_runner.py:245} INFO - ::endgroup::
