[2025-03-20T04:00:31.943+0000] {local_task_job_runner.py:123} INFO - ::group::Pre task execution logs
[2025-03-20T04:00:31.968+0000] {taskinstance.py:2614} INFO - Dependencies all met for dep_context=non-requeueable deps ti=<TaskInstance: ETL_breweries_list.load_to_bronze_layer scheduled__2025-03-19T04:00:00+00:00 [queued]>
[2025-03-20T04:00:31.980+0000] {taskinstance.py:2614} INFO - Dependencies all met for dep_context=requeueable deps ti=<TaskInstance: ETL_breweries_list.load_to_bronze_layer scheduled__2025-03-19T04:00:00+00:00 [queued]>
[2025-03-20T04:00:31.981+0000] {taskinstance.py:2867} INFO - Starting attempt 1 of 2
[2025-03-20T04:00:32.131+0000] {taskinstance.py:2890} INFO - Executing <Task(PythonOperator): load_to_bronze_layer> on 2025-03-19 04:00:00+00:00
[2025-03-20T04:00:32.141+0000] {warnings.py:112} WARNING - /home/***/.local/lib/python3.12/site-packages/***/task/task_runner/standard_task_runner.py:70: DeprecationWarning: This process (pid=1030) is multi-threaded, use of fork() may lead to deadlocks in the child.
  pid = os.fork()

[2025-03-20T04:00:32.144+0000] {standard_task_runner.py:72} INFO - Started process 1032 to run task
[2025-03-20T04:00:32.145+0000] {standard_task_runner.py:104} INFO - Running: ['***', 'tasks', 'run', 'ETL_breweries_list', 'load_to_bronze_layer', 'scheduled__2025-03-19T04:00:00+00:00', '--job-id', '41', '--raw', '--subdir', 'DAGS_FOLDER/bronze_layer.py', '--cfg-path', '/tmp/tmp56be07fi']
[2025-03-20T04:00:32.147+0000] {standard_task_runner.py:105} INFO - Job 41: Subtask load_to_bronze_layer
[2025-03-20T04:00:32.224+0000] {task_command.py:467} INFO - Running <TaskInstance: ETL_breweries_list.load_to_bronze_layer scheduled__2025-03-19T04:00:00+00:00 [running]> on host d760444a6a5e
[2025-03-20T04:00:32.353+0000] {taskinstance.py:3134} INFO - Exporting env vars: AIRFLOW_CTX_DAG_OWNER='***' AIRFLOW_CTX_DAG_ID='ETL_breweries_list' AIRFLOW_CTX_TASK_ID='load_to_bronze_layer' AIRFLOW_CTX_EXECUTION_DATE='2025-03-19T04:00:00+00:00' AIRFLOW_CTX_TRY_NUMBER='1' AIRFLOW_CTX_DAG_RUN_ID='scheduled__2025-03-19T04:00:00+00:00'
[2025-03-20T04:00:32.355+0000] {logging_mixin.py:190} INFO - Task instance is in running state
[2025-03-20T04:00:32.356+0000] {logging_mixin.py:190} INFO -  Previous state of the Task instance: queued
[2025-03-20T04:00:32.356+0000] {logging_mixin.py:190} INFO - Current task name:load_to_bronze_layer state:running start_date:2025-03-20 04:00:31.969078+00:00
[2025-03-20T04:00:32.357+0000] {logging_mixin.py:190} INFO - Dag name:ETL_breweries_list and current dag run status:running
[2025-03-20T04:00:32.357+0000] {taskinstance.py:732} INFO - ::endgroup::
[2025-03-20T04:00:32.485+0000] {logging_mixin.py:190} INFO - s3://bronze/2025/03/20/breweries_20250320.parquet
[2025-03-20T04:00:32.497+0000] {logging_mixin.py:190} INFO - Could not save the data to MinIO: Install s3fs to access S3
[2025-03-20T04:00:32.498+0000] {python.py:240} INFO - Done. Returned value was: None
[2025-03-20T04:00:32.510+0000] {taskinstance.py:341} INFO - ::group::Post task execution logs
[2025-03-20T04:00:32.511+0000] {taskinstance.py:353} INFO - Marking task as SUCCESS. dag_id=ETL_breweries_list, task_id=load_to_bronze_layer, run_id=scheduled__2025-03-19T04:00:00+00:00, execution_date=20250319T040000, start_date=20250320T040031, end_date=20250320T040032
[2025-03-20T04:00:32.543+0000] {logging_mixin.py:190} INFO - Task instance in success state
[2025-03-20T04:00:32.543+0000] {logging_mixin.py:190} INFO -  Previous state of the Task instance: running
[2025-03-20T04:00:32.544+0000] {logging_mixin.py:190} INFO - Dag name:ETL_breweries_list queued_at:2025-03-20 04:00:00.936324+00:00
[2025-03-20T04:00:32.544+0000] {logging_mixin.py:190} INFO - Task hostname:d760444a6a5e operator:PythonOperator
[2025-03-20T04:00:32.565+0000] {local_task_job_runner.py:266} INFO - Task exited with return code 0
[2025-03-20T04:00:32.593+0000] {taskinstance.py:3901} INFO - 1 downstream tasks scheduled from follow-on schedule check
[2025-03-20T04:00:32.596+0000] {local_task_job_runner.py:245} INFO - ::endgroup::
