[2025-03-20T17:19:52.089+0000] {local_task_job_runner.py:123} INFO - ::group::Pre task execution logs
[2025-03-20T17:19:52.122+0000] {taskinstance.py:2614} INFO - Dependencies all met for dep_context=non-requeueable deps ti=<TaskInstance: ETL_breweries_list.clean_and_load_to_silver_layer manual__2025-03-20T17:18:36.217128+00:00 [queued]>
[2025-03-20T17:19:52.147+0000] {taskinstance.py:2614} INFO - Dependencies all met for dep_context=requeueable deps ti=<TaskInstance: ETL_breweries_list.clean_and_load_to_silver_layer manual__2025-03-20T17:18:36.217128+00:00 [queued]>
[2025-03-20T17:19:52.148+0000] {taskinstance.py:2867} INFO - Starting attempt 1 of 2
[2025-03-20T17:19:52.196+0000] {taskinstance.py:2890} INFO - Executing <Task(PythonOperator): clean_and_load_to_silver_layer> on 2025-03-20 17:18:36.217128+00:00
[2025-03-20T17:19:52.215+0000] {warnings.py:112} WARNING - /home/***/.local/lib/python3.12/site-packages/***/task/task_runner/standard_task_runner.py:70: DeprecationWarning: This process (pid=486) is multi-threaded, use of fork() may lead to deadlocks in the child.
  pid = os.fork()

[2025-03-20T17:19:52.218+0000] {standard_task_runner.py:72} INFO - Started process 488 to run task
[2025-03-20T17:19:52.218+0000] {standard_task_runner.py:104} INFO - Running: ['***', 'tasks', 'run', 'ETL_breweries_list', 'clean_and_load_to_silver_layer', 'manual__2025-03-20T17:18:36.217128+00:00', '--job-id', '180', '--raw', '--subdir', 'DAGS_FOLDER/breweries_list_etl.py', '--cfg-path', '/tmp/tmpz7s853mx']
[2025-03-20T17:19:52.221+0000] {standard_task_runner.py:105} INFO - Job 180: Subtask clean_and_load_to_silver_layer
[2025-03-20T17:19:52.330+0000] {task_command.py:467} INFO - Running <TaskInstance: ETL_breweries_list.clean_and_load_to_silver_layer manual__2025-03-20T17:18:36.217128+00:00 [running]> on host a0c933cdb3ee
[2025-03-20T17:19:52.568+0000] {taskinstance.py:3134} INFO - Exporting env vars: AIRFLOW_CTX_DAG_OWNER='***' AIRFLOW_CTX_DAG_ID='ETL_breweries_list' AIRFLOW_CTX_TASK_ID='clean_and_load_to_silver_layer' AIRFLOW_CTX_EXECUTION_DATE='2025-03-20T17:18:36.217128+00:00' AIRFLOW_CTX_TRY_NUMBER='1' AIRFLOW_CTX_DAG_RUN_ID='manual__2025-03-20T17:18:36.217128+00:00'
[2025-03-20T17:19:52.572+0000] {logging_mixin.py:190} INFO - Task instance is in running state
[2025-03-20T17:19:52.572+0000] {logging_mixin.py:190} INFO -  Previous state of the Task instance: queued
[2025-03-20T17:19:52.573+0000] {logging_mixin.py:190} INFO - Current task name:clean_and_load_to_silver_layer state:running start_date:2025-03-20 17:19:52.123004+00:00
[2025-03-20T17:19:52.574+0000] {logging_mixin.py:190} INFO - Dag name:ETL_breweries_list and current dag run status:running
[2025-03-20T17:19:52.575+0000] {taskinstance.py:732} INFO - ::endgroup::
[2025-03-20T17:19:52.668+0000] {breweries_list_etl.py:120} INFO - Data successfully read from bronze bucket
[2025-03-20T17:19:52.868+0000] {breweries_list_etl.py:158} INFO - Data saved successfully to silver/IRELAND/LAOIS/breweries.parquet
[2025-03-20T17:19:52.886+0000] {breweries_list_etl.py:158} INFO - Data saved successfully to silver/UNITED STATES/ARIZONA/breweries.parquet
[2025-03-20T17:19:52.897+0000] {breweries_list_etl.py:158} INFO - Data saved successfully to silver/UNITED STATES/CALIFORNIA/breweries.parquet
[2025-03-20T17:19:52.917+0000] {breweries_list_etl.py:158} INFO - Data saved successfully to silver/UNITED STATES/COLORADO/breweries.parquet
[2025-03-20T17:19:52.931+0000] {breweries_list_etl.py:158} INFO - Data saved successfully to silver/UNITED STATES/DELAWARE/breweries.parquet
[2025-03-20T17:19:52.946+0000] {breweries_list_etl.py:158} INFO - Data saved successfully to silver/UNITED STATES/IDAHO/breweries.parquet
[2025-03-20T17:19:52.962+0000] {breweries_list_etl.py:158} INFO - Data saved successfully to silver/UNITED STATES/ILLINOIS/breweries.parquet
[2025-03-20T17:19:52.973+0000] {breweries_list_etl.py:158} INFO - Data saved successfully to silver/UNITED STATES/INDIANA/breweries.parquet
[2025-03-20T17:19:52.996+0000] {breweries_list_etl.py:158} INFO - Data saved successfully to silver/UNITED STATES/IOWA/breweries.parquet
[2025-03-20T17:19:53.010+0000] {breweries_list_etl.py:158} INFO - Data saved successfully to silver/UNITED STATES/MARYLAND/breweries.parquet
[2025-03-20T17:19:53.025+0000] {breweries_list_etl.py:158} INFO - Data saved successfully to silver/UNITED STATES/MASSACHUSETTS/breweries.parquet
[2025-03-20T17:19:53.040+0000] {breweries_list_etl.py:158} INFO - Data saved successfully to silver/UNITED STATES/MICHIGAN/breweries.parquet
[2025-03-20T17:19:53.056+0000] {breweries_list_etl.py:158} INFO - Data saved successfully to silver/UNITED STATES/MINNESOTA/breweries.parquet
[2025-03-20T17:19:53.071+0000] {breweries_list_etl.py:158} INFO - Data saved successfully to silver/UNITED STATES/MISSISSIPPI/breweries.parquet
[2025-03-20T17:19:53.087+0000] {breweries_list_etl.py:158} INFO - Data saved successfully to silver/UNITED STATES/NEVADA/breweries.parquet
[2025-03-20T17:19:53.099+0000] {breweries_list_etl.py:158} INFO - Data saved successfully to silver/UNITED STATES/NEW YORK/breweries.parquet
[2025-03-20T17:19:53.112+0000] {breweries_list_etl.py:158} INFO - Data saved successfully to silver/UNITED STATES/NORTH CAROLINA/breweries.parquet
[2025-03-20T17:19:53.125+0000] {breweries_list_etl.py:158} INFO - Data saved successfully to silver/UNITED STATES/OHIO/breweries.parquet
[2025-03-20T17:19:53.138+0000] {breweries_list_etl.py:158} INFO - Data saved successfully to silver/UNITED STATES/OKLAHOMA/breweries.parquet
[2025-03-20T17:19:53.155+0000] {breweries_list_etl.py:158} INFO - Data saved successfully to silver/UNITED STATES/OREGON/breweries.parquet
[2025-03-20T17:19:53.172+0000] {breweries_list_etl.py:158} INFO - Data saved successfully to silver/UNITED STATES/PENNSYLVANIA/breweries.parquet
[2025-03-20T17:19:53.192+0000] {breweries_list_etl.py:158} INFO - Data saved successfully to silver/UNITED STATES/SOUTH CAROLINA/breweries.parquet
[2025-03-20T17:19:53.212+0000] {breweries_list_etl.py:158} INFO - Data saved successfully to silver/UNITED STATES/TEXAS/breweries.parquet
[2025-03-20T17:19:53.226+0000] {breweries_list_etl.py:158} INFO - Data saved successfully to silver/UNITED STATES/VERMONT/breweries.parquet
[2025-03-20T17:19:53.244+0000] {breweries_list_etl.py:158} INFO - Data saved successfully to silver/UNITED STATES/VIRGINIA/breweries.parquet
[2025-03-20T17:19:53.260+0000] {breweries_list_etl.py:158} INFO - Data saved successfully to silver/UNITED STATES/WASHINGTON/breweries.parquet
[2025-03-20T17:19:53.274+0000] {breweries_list_etl.py:158} INFO - Data saved successfully to silver/UNITED STATES/WISCONSIN/breweries.parquet
[2025-03-20T17:19:53.275+0000] {python.py:240} INFO - Done. Returned value was: None
[2025-03-20T17:19:53.288+0000] {taskinstance.py:341} INFO - ::group::Post task execution logs
[2025-03-20T17:19:53.288+0000] {taskinstance.py:353} INFO - Marking task as SUCCESS. dag_id=ETL_breweries_list, task_id=clean_and_load_to_silver_layer, run_id=manual__2025-03-20T17:18:36.217128+00:00, execution_date=20250320T171836, start_date=20250320T171952, end_date=20250320T171953
[2025-03-20T17:19:53.332+0000] {logging_mixin.py:190} INFO - Task instance in success state
[2025-03-20T17:19:53.333+0000] {logging_mixin.py:190} INFO -  Previous state of the Task instance: running
[2025-03-20T17:19:53.337+0000] {logging_mixin.py:190} INFO - Dag name:ETL_breweries_list queued_at:2025-03-20 17:18:36.769519+00:00
[2025-03-20T17:19:53.337+0000] {logging_mixin.py:190} INFO - Task hostname:a0c933cdb3ee operator:PythonOperator
[2025-03-20T17:19:53.387+0000] {local_task_job_runner.py:266} INFO - Task exited with return code 0
[2025-03-20T17:19:53.448+0000] {taskinstance.py:3901} INFO - 1 downstream tasks scheduled from follow-on schedule check
[2025-03-20T17:19:53.450+0000] {local_task_job_runner.py:245} INFO - ::endgroup::
