[2025-03-20T06:32:43.285+0000] {local_task_job_runner.py:123} INFO - ::group::Pre task execution logs
[2025-03-20T06:32:43.330+0000] {taskinstance.py:2614} INFO - Dependencies all met for dep_context=non-requeueable deps ti=<TaskInstance: ETL_breweries_list.pipeline_end manual__2025-03-20T06:31:59.832017+00:00 [queued]>
[2025-03-20T06:32:43.544+0000] {taskinstance.py:2614} INFO - Dependencies all met for dep_context=requeueable deps ti=<TaskInstance: ETL_breweries_list.pipeline_end manual__2025-03-20T06:31:59.832017+00:00 [queued]>
[2025-03-20T06:32:43.545+0000] {taskinstance.py:2867} INFO - Starting attempt 1 of 2
[2025-03-20T06:32:43.571+0000] {taskinstance.py:2890} INFO - Executing <Task(BashOperator): pipeline_end> on 2025-03-20 06:31:59.832017+00:00
[2025-03-20T06:32:43.586+0000] {warnings.py:112} WARNING - /home/***/.local/lib/python3.12/site-packages/***/task/task_runner/standard_task_runner.py:70: DeprecationWarning: This process (pid=244) is multi-threaded, use of fork() may lead to deadlocks in the child.
  pid = os.fork()

[2025-03-20T06:32:43.588+0000] {standard_task_runner.py:72} INFO - Started process 253 to run task
[2025-03-20T06:32:43.589+0000] {standard_task_runner.py:104} INFO - Running: ['***', 'tasks', 'run', 'ETL_breweries_list', 'pipeline_end', 'manual__2025-03-20T06:31:59.832017+00:00', '--job-id', '67', '--raw', '--subdir', 'DAGS_FOLDER/bronze_layer.py', '--cfg-path', '/tmp/tmp7m8mcks3']
[2025-03-20T06:32:43.591+0000] {standard_task_runner.py:105} INFO - Job 67: Subtask pipeline_end
[2025-03-20T06:32:43.663+0000] {task_command.py:467} INFO - Running <TaskInstance: ETL_breweries_list.pipeline_end manual__2025-03-20T06:31:59.832017+00:00 [running]> on host 0cd85f9e721c
[2025-03-20T06:32:43.784+0000] {taskinstance.py:3134} INFO - Exporting env vars: AIRFLOW_CTX_DAG_OWNER='***' AIRFLOW_CTX_DAG_ID='ETL_breweries_list' AIRFLOW_CTX_TASK_ID='pipeline_end' AIRFLOW_CTX_EXECUTION_DATE='2025-03-20T06:31:59.832017+00:00' AIRFLOW_CTX_TRY_NUMBER='1' AIRFLOW_CTX_DAG_RUN_ID='manual__2025-03-20T06:31:59.832017+00:00'
[2025-03-20T06:32:43.786+0000] {logging_mixin.py:190} INFO - Task instance is in running state
[2025-03-20T06:32:43.787+0000] {logging_mixin.py:190} INFO -  Previous state of the Task instance: queued
[2025-03-20T06:32:43.788+0000] {logging_mixin.py:190} INFO - Current task name:pipeline_end state:running start_date:2025-03-20 06:32:43.330613+00:00
[2025-03-20T06:32:43.789+0000] {logging_mixin.py:190} INFO - Dag name:ETL_breweries_list and current dag run status:running
[2025-03-20T06:32:43.790+0000] {taskinstance.py:732} INFO - ::endgroup::
[2025-03-20T06:32:43.791+0000] {subprocess.py:78} INFO - Tmp dir root location: /tmp
[2025-03-20T06:32:43.792+0000] {subprocess.py:88} INFO - Running command: ['/usr/bin/bash', '-c', 'echo "PIPELINE ENDED"; sleep 15']
[2025-03-20T06:32:43.813+0000] {subprocess.py:99} INFO - Output:
[2025-03-20T06:32:43.815+0000] {subprocess.py:106} INFO - PIPELINE ENDED
[2025-03-20T06:32:58.818+0000] {subprocess.py:110} INFO - Command exited with return code 0
[2025-03-20T06:32:58.869+0000] {taskinstance.py:341} INFO - ::group::Post task execution logs
[2025-03-20T06:32:58.870+0000] {taskinstance.py:353} INFO - Marking task as SUCCESS. dag_id=ETL_breweries_list, task_id=pipeline_end, run_id=manual__2025-03-20T06:31:59.832017+00:00, execution_date=20250320T063159, start_date=20250320T063243, end_date=20250320T063258
[2025-03-20T06:32:58.911+0000] {logging_mixin.py:190} INFO - Task instance in success state
[2025-03-20T06:32:58.911+0000] {logging_mixin.py:190} INFO -  Previous state of the Task instance: running
[2025-03-20T06:32:58.912+0000] {logging_mixin.py:190} INFO - Dag name:ETL_breweries_list queued_at:2025-03-20 06:32:00.605259+00:00
[2025-03-20T06:32:58.912+0000] {logging_mixin.py:190} INFO - Task hostname:0cd85f9e721c operator:BashOperator
[2025-03-20T06:32:58.966+0000] {local_task_job_runner.py:266} INFO - Task exited with return code 0
[2025-03-20T06:32:58.984+0000] {taskinstance.py:3901} INFO - 0 downstream tasks scheduled from follow-on schedule check
[2025-03-20T06:32:58.988+0000] {local_task_job_runner.py:245} INFO - ::endgroup::
