[2025-03-20T22:16:44.952+0000] {local_task_job_runner.py:123} INFO - ::group::Pre task execution logs
[2025-03-20T22:16:44.988+0000] {taskinstance.py:2614} INFO - Dependencies all met for dep_context=non-requeueable deps ti=<TaskInstance: ETL_breweries_list.clean_and_load_to_silver_layer manual__2025-03-20T22:15:36.708843+00:00 [queued]>
[2025-03-20T22:16:45.000+0000] {taskinstance.py:2614} INFO - Dependencies all met for dep_context=requeueable deps ti=<TaskInstance: ETL_breweries_list.clean_and_load_to_silver_layer manual__2025-03-20T22:15:36.708843+00:00 [queued]>
[2025-03-20T22:16:45.000+0000] {taskinstance.py:2867} INFO - Starting attempt 1 of 2
[2025-03-20T22:16:45.063+0000] {taskinstance.py:2890} INFO - Executing <Task(PythonOperator): clean_and_load_to_silver_layer> on 2025-03-20 22:15:36.708843+00:00
[2025-03-20T22:16:45.075+0000] {warnings.py:112} WARNING - /home/***/.local/lib/python3.12/site-packages/***/task/task_runner/standard_task_runner.py:70: DeprecationWarning: This process (pid=618) is multi-threaded, use of fork() may lead to deadlocks in the child.
  pid = os.fork()

[2025-03-20T22:16:45.078+0000] {standard_task_runner.py:72} INFO - Started process 620 to run task
[2025-03-20T22:16:45.079+0000] {standard_task_runner.py:104} INFO - Running: ['***', 'tasks', 'run', 'ETL_breweries_list', 'clean_and_load_to_silver_layer', 'manual__2025-03-20T22:15:36.708843+00:00', '--job-id', '251', '--raw', '--subdir', 'DAGS_FOLDER/breweries_list_etl.py', '--cfg-path', '/tmp/tmpp7n7hwml']
[2025-03-20T22:16:45.081+0000] {standard_task_runner.py:105} INFO - Job 251: Subtask clean_and_load_to_silver_layer
[2025-03-20T22:16:45.671+0000] {task_command.py:467} INFO - Running <TaskInstance: ETL_breweries_list.clean_and_load_to_silver_layer manual__2025-03-20T22:15:36.708843+00:00 [running]> on host 5414e2764892
[2025-03-20T22:16:46.040+0000] {taskinstance.py:3134} INFO - Exporting env vars: AIRFLOW_CTX_DAG_OWNER='***' AIRFLOW_CTX_DAG_ID='ETL_breweries_list' AIRFLOW_CTX_TASK_ID='clean_and_load_to_silver_layer' AIRFLOW_CTX_EXECUTION_DATE='2025-03-20T22:15:36.708843+00:00' AIRFLOW_CTX_TRY_NUMBER='1' AIRFLOW_CTX_DAG_RUN_ID='manual__2025-03-20T22:15:36.708843+00:00'
[2025-03-20T22:16:46.043+0000] {logging_mixin.py:190} INFO - Task instance is in running state
[2025-03-20T22:16:46.044+0000] {logging_mixin.py:190} INFO -  Previous state of the Task instance: queued
[2025-03-20T22:16:46.045+0000] {logging_mixin.py:190} INFO - Current task name:clean_and_load_to_silver_layer state:running start_date:2025-03-20 22:16:44.988385+00:00
[2025-03-20T22:16:46.045+0000] {logging_mixin.py:190} INFO - Dag name:ETL_breweries_list and current dag run status:running
[2025-03-20T22:16:46.046+0000] {taskinstance.py:732} INFO - ::endgroup::
[2025-03-20T22:16:46.380+0000] {breweries_list_etl.py:117} INFO - Data successfully read from bronze bucket
[2025-03-20T22:16:47.150+0000] {breweries_list_etl.py:155} INFO - Data saved successfully to silver/IRELAND/LAOIS/breweries.parquet
[2025-03-20T22:16:47.462+0000] {breweries_list_etl.py:155} INFO - Data saved successfully to silver/UNITED STATES/ARIZONA/breweries.parquet
[2025-03-20T22:16:48.596+0000] {breweries_list_etl.py:155} INFO - Data saved successfully to silver/UNITED STATES/CALIFORNIA/breweries.parquet
[2025-03-20T22:16:49.800+0000] {breweries_list_etl.py:155} INFO - Data saved successfully to silver/UNITED STATES/COLORADO/breweries.parquet
[2025-03-20T22:16:50.303+0000] {breweries_list_etl.py:155} INFO - Data saved successfully to silver/UNITED STATES/DELAWARE/breweries.parquet
[2025-03-20T22:16:50.350+0000] {breweries_list_etl.py:155} INFO - Data saved successfully to silver/UNITED STATES/IDAHO/breweries.parquet
[2025-03-20T22:16:50.409+0000] {breweries_list_etl.py:155} INFO - Data saved successfully to silver/UNITED STATES/ILLINOIS/breweries.parquet
[2025-03-20T22:16:50.437+0000] {breweries_list_etl.py:155} INFO - Data saved successfully to silver/UNITED STATES/INDIANA/breweries.parquet
[2025-03-20T22:16:50.461+0000] {breweries_list_etl.py:155} INFO - Data saved successfully to silver/UNITED STATES/IOWA/breweries.parquet
[2025-03-20T22:16:50.489+0000] {breweries_list_etl.py:155} INFO - Data saved successfully to silver/UNITED STATES/MARYLAND/breweries.parquet
[2025-03-20T22:16:50.534+0000] {breweries_list_etl.py:155} INFO - Data saved successfully to silver/UNITED STATES/MASSACHUSETTS/breweries.parquet
[2025-03-20T22:16:50.564+0000] {breweries_list_etl.py:155} INFO - Data saved successfully to silver/UNITED STATES/MICHIGAN/breweries.parquet
[2025-03-20T22:16:50.603+0000] {breweries_list_etl.py:155} INFO - Data saved successfully to silver/UNITED STATES/MINNESOTA/breweries.parquet
[2025-03-20T22:16:50.632+0000] {breweries_list_etl.py:155} INFO - Data saved successfully to silver/UNITED STATES/MISSISSIPPI/breweries.parquet
[2025-03-20T22:16:50.663+0000] {breweries_list_etl.py:155} INFO - Data saved successfully to silver/UNITED STATES/NEVADA/breweries.parquet
[2025-03-20T22:16:50.701+0000] {breweries_list_etl.py:155} INFO - Data saved successfully to silver/UNITED STATES/NEW YORK/breweries.parquet
[2025-03-20T22:16:50.738+0000] {breweries_list_etl.py:155} INFO - Data saved successfully to silver/UNITED STATES/NORTH CAROLINA/breweries.parquet
[2025-03-20T22:16:50.777+0000] {breweries_list_etl.py:155} INFO - Data saved successfully to silver/UNITED STATES/OHIO/breweries.parquet
[2025-03-20T22:16:50.810+0000] {breweries_list_etl.py:155} INFO - Data saved successfully to silver/UNITED STATES/OKLAHOMA/breweries.parquet
[2025-03-20T22:16:50.837+0000] {breweries_list_etl.py:155} INFO - Data saved successfully to silver/UNITED STATES/OREGON/breweries.parquet
[2025-03-20T22:16:50.864+0000] {breweries_list_etl.py:155} INFO - Data saved successfully to silver/UNITED STATES/PENNSYLVANIA/breweries.parquet
[2025-03-20T22:16:50.902+0000] {breweries_list_etl.py:155} INFO - Data saved successfully to silver/UNITED STATES/SOUTH CAROLINA/breweries.parquet
[2025-03-20T22:16:50.942+0000] {breweries_list_etl.py:155} INFO - Data saved successfully to silver/UNITED STATES/TEXAS/breweries.parquet
[2025-03-20T22:16:50.963+0000] {breweries_list_etl.py:155} INFO - Data saved successfully to silver/UNITED STATES/VERMONT/breweries.parquet
[2025-03-20T22:16:50.979+0000] {breweries_list_etl.py:155} INFO - Data saved successfully to silver/UNITED STATES/VIRGINIA/breweries.parquet
[2025-03-20T22:16:51.002+0000] {breweries_list_etl.py:155} INFO - Data saved successfully to silver/UNITED STATES/WASHINGTON/breweries.parquet
[2025-03-20T22:16:51.029+0000] {breweries_list_etl.py:155} INFO - Data saved successfully to silver/UNITED STATES/WISCONSIN/breweries.parquet
[2025-03-20T22:16:51.030+0000] {python.py:240} INFO - Done. Returned value was: None
[2025-03-20T22:16:51.041+0000] {taskinstance.py:341} INFO - ::group::Post task execution logs
[2025-03-20T22:16:51.042+0000] {taskinstance.py:353} INFO - Marking task as SUCCESS. dag_id=ETL_breweries_list, task_id=clean_and_load_to_silver_layer, run_id=manual__2025-03-20T22:15:36.708843+00:00, execution_date=20250320T221536, start_date=20250320T221644, end_date=20250320T221651
[2025-03-20T22:16:51.075+0000] {logging_mixin.py:190} INFO - Task instance in success state
[2025-03-20T22:16:51.076+0000] {logging_mixin.py:190} INFO -  Previous state of the Task instance: running
[2025-03-20T22:16:51.077+0000] {logging_mixin.py:190} INFO - Dag name:ETL_breweries_list queued_at:2025-03-20 22:15:36.884348+00:00
[2025-03-20T22:16:51.077+0000] {logging_mixin.py:190} INFO - Task hostname:5414e2764892 operator:PythonOperator
[2025-03-20T22:16:51.127+0000] {local_task_job_runner.py:266} INFO - Task exited with return code 0
[2025-03-20T22:16:51.157+0000] {taskinstance.py:3901} INFO - 1 downstream tasks scheduled from follow-on schedule check
[2025-03-20T22:16:51.159+0000] {local_task_job_runner.py:245} INFO - ::endgroup::
