[2025-03-20T16:04:31.314+0000] {local_task_job_runner.py:123} INFO - ::group::Pre task execution logs
[2025-03-20T16:04:31.448+0000] {taskinstance.py:2614} INFO - Dependencies all met for dep_context=non-requeueable deps ti=<TaskInstance: ETL_breweries_list.clean_and_load_to_silver_layer manual__2025-03-20T16:02:12.641298+00:00 [queued]>
[2025-03-20T16:04:31.499+0000] {taskinstance.py:2614} INFO - Dependencies all met for dep_context=requeueable deps ti=<TaskInstance: ETL_breweries_list.clean_and_load_to_silver_layer manual__2025-03-20T16:02:12.641298+00:00 [queued]>
[2025-03-20T16:04:31.503+0000] {taskinstance.py:2867} INFO - Starting attempt 1 of 1
[2025-03-20T16:04:31.605+0000] {taskinstance.py:2890} INFO - Executing <Task(SparkSubmitOperator): clean_and_load_to_silver_layer> on 2025-03-20 16:02:12.641298+00:00
[2025-03-20T16:04:31.652+0000] {warnings.py:112} WARNING - /home/***/.local/lib/python3.12/site-packages/***/task/task_runner/standard_task_runner.py:70: DeprecationWarning: This process (pid=455) is multi-threaded, use of fork() may lead to deadlocks in the child.
  pid = os.fork()

[2025-03-20T16:04:31.655+0000] {standard_task_runner.py:72} INFO - Started process 465 to run task
[2025-03-20T16:04:31.667+0000] {standard_task_runner.py:104} INFO - Running: ['***', 'tasks', 'run', 'ETL_breweries_list', 'clean_and_load_to_silver_layer', 'manual__2025-03-20T16:02:12.641298+00:00', '--job-id', '161', '--raw', '--subdir', 'DAGS_FOLDER/breweries_list_etl.py', '--cfg-path', '/tmp/tmpjfbhoi4f']
[2025-03-20T16:04:31.669+0000] {standard_task_runner.py:105} INFO - Job 161: Subtask clean_and_load_to_silver_layer
[2025-03-20T16:04:31.837+0000] {task_command.py:467} INFO - Running <TaskInstance: ETL_breweries_list.clean_and_load_to_silver_layer manual__2025-03-20T16:02:12.641298+00:00 [running]> on host adee468dd389
[2025-03-20T16:04:32.490+0000] {taskinstance.py:3134} INFO - Exporting env vars: AIRFLOW_CTX_DAG_OWNER='***' AIRFLOW_CTX_DAG_ID='ETL_breweries_list' AIRFLOW_CTX_TASK_ID='clean_and_load_to_silver_layer' AIRFLOW_CTX_EXECUTION_DATE='2025-03-20T16:02:12.641298+00:00' AIRFLOW_CTX_TRY_NUMBER='1' AIRFLOW_CTX_DAG_RUN_ID='manual__2025-03-20T16:02:12.641298+00:00'
[2025-03-20T16:04:32.493+0000] {logging_mixin.py:190} INFO - Task instance is in running state
[2025-03-20T16:04:32.494+0000] {logging_mixin.py:190} INFO -  Previous state of the Task instance: queued
[2025-03-20T16:04:32.503+0000] {logging_mixin.py:190} INFO - Current task name:clean_and_load_to_silver_layer state:running start_date:2025-03-20 16:04:31.449513+00:00
[2025-03-20T16:04:32.505+0000] {logging_mixin.py:190} INFO - Dag name:ETL_breweries_list and current dag run status:running
[2025-03-20T16:04:32.507+0000] {taskinstance.py:732} INFO - ::endgroup::
[2025-03-20T16:04:32.696+0000] {base.py:84} INFO - Retrieving connection 'my_spark_conn'
[2025-03-20T16:04:32.700+0000] {spark_submit.py:474} INFO - Spark-Submit cmd: spark-submit --master spark://spark-master:7077 --name arrow-spark --verbose --deploy-mode client /opt/***/dags/fetch_and_clean_data.py
[2025-03-20T16:04:53.702+0000] {job.py:229} INFO - Heartbeat recovered after 16.85 seconds
[2025-03-20T16:05:08.547+0000] {job.py:229} INFO - Heartbeat recovered after 15.99 seconds
[2025-03-20T16:05:30.399+0000] {job.py:229} INFO - Heartbeat recovered after 10.53 seconds
[2025-03-20T16:05:51.612+0000] {job.py:229} INFO - Heartbeat recovered after 13.18 seconds
[2025-03-20T16:06:03.336+0000] {job.py:229} INFO - Heartbeat recovered after 11.74 seconds
[2025-03-20T16:06:08.848+0000] {job.py:229} INFO - Heartbeat recovered after 12.10 seconds
[2025-03-20T16:06:12.405+0000] {spark_submit.py:645} INFO - Using properties file: null
[2025-03-20T16:06:12.897+0000] {spark_submit.py:645} INFO - Parsed arguments:
[2025-03-20T16:06:12.918+0000] {spark_submit.py:645} INFO - master                  spark://spark-master:7077
[2025-03-20T16:06:12.920+0000] {spark_submit.py:645} INFO - remote                  null
[2025-03-20T16:06:12.935+0000] {spark_submit.py:645} INFO - deployMode              client
[2025-03-20T16:06:12.936+0000] {spark_submit.py:645} INFO - executorMemory          null
[2025-03-20T16:06:12.938+0000] {spark_submit.py:645} INFO - executorCores           null
[2025-03-20T16:06:12.939+0000] {spark_submit.py:645} INFO - totalExecutorCores      null
[2025-03-20T16:06:12.942+0000] {spark_submit.py:645} INFO - propertiesFile          null
[2025-03-20T16:06:12.945+0000] {spark_submit.py:645} INFO - driverMemory            null
[2025-03-20T16:06:12.955+0000] {spark_submit.py:645} INFO - driverCores             null
[2025-03-20T16:06:12.956+0000] {spark_submit.py:645} INFO - driverExtraClassPath    null
[2025-03-20T16:06:12.957+0000] {spark_submit.py:645} INFO - driverExtraLibraryPath  null
[2025-03-20T16:06:12.959+0000] {spark_submit.py:645} INFO - driverExtraJavaOptions  null
[2025-03-20T16:06:12.986+0000] {spark_submit.py:645} INFO - supervise               false
[2025-03-20T16:06:12.988+0000] {spark_submit.py:645} INFO - queue                   null
[2025-03-20T16:06:12.990+0000] {spark_submit.py:645} INFO - numExecutors            null
[2025-03-20T16:06:12.991+0000] {spark_submit.py:645} INFO - files                   null
[2025-03-20T16:06:12.993+0000] {spark_submit.py:645} INFO - pyFiles                 null
[2025-03-20T16:06:13.043+0000] {spark_submit.py:645} INFO - archives                null
[2025-03-20T16:06:13.045+0000] {spark_submit.py:645} INFO - mainClass               null
[2025-03-20T16:06:13.046+0000] {spark_submit.py:645} INFO - primaryResource         file:/opt/***/dags/fetch_and_clean_data.py
[2025-03-20T16:06:13.052+0000] {spark_submit.py:645} INFO - name                    arrow-spark
[2025-03-20T16:06:13.055+0000] {spark_submit.py:645} INFO - childArgs               []
[2025-03-20T16:06:13.057+0000] {spark_submit.py:645} INFO - jars                    null
[2025-03-20T16:06:13.058+0000] {spark_submit.py:645} INFO - packages                null
[2025-03-20T16:06:13.059+0000] {spark_submit.py:645} INFO - packagesExclusions      null
[2025-03-20T16:06:13.060+0000] {spark_submit.py:645} INFO - repositories            null
[2025-03-20T16:06:13.061+0000] {spark_submit.py:645} INFO - verbose                 true
[2025-03-20T16:06:13.061+0000] {spark_submit.py:645} INFO - 
[2025-03-20T16:06:13.062+0000] {spark_submit.py:645} INFO - Spark properties used, including those specified through
[2025-03-20T16:06:13.062+0000] {spark_submit.py:645} INFO - --conf and those from the properties file null:
[2025-03-20T16:06:13.063+0000] {spark_submit.py:645} INFO - 
[2025-03-20T16:06:13.064+0000] {spark_submit.py:645} INFO - 
[2025-03-20T16:06:13.064+0000] {spark_submit.py:645} INFO - 
[2025-03-20T16:06:16.724+0000] {spark_submit.py:645} INFO - Main class:
[2025-03-20T16:06:16.727+0000] {spark_submit.py:645} INFO - org.apache.spark.deploy.PythonRunner
[2025-03-20T16:06:16.729+0000] {spark_submit.py:645} INFO - Arguments:
[2025-03-20T16:06:16.731+0000] {spark_submit.py:645} INFO - file:/opt/***/dags/fetch_and_clean_data.py
[2025-03-20T16:06:16.733+0000] {spark_submit.py:645} INFO - null
[2025-03-20T16:06:16.764+0000] {spark_submit.py:645} INFO - Spark config:
[2025-03-20T16:06:16.765+0000] {spark_submit.py:645} INFO - (spark.app.name,arrow-spark)
[2025-03-20T16:06:16.766+0000] {spark_submit.py:645} INFO - (spark.app.submitTime,1742486776520)
[2025-03-20T16:06:16.767+0000] {spark_submit.py:645} INFO - (spark.master,spark://spark-master:7077)
[2025-03-20T16:06:16.785+0000] {spark_submit.py:645} INFO - (spark.submit.deployMode,client)
[2025-03-20T16:06:16.786+0000] {spark_submit.py:645} INFO - (spark.submit.pyFiles,)
[2025-03-20T16:06:16.788+0000] {spark_submit.py:645} INFO - Classpath elements:
[2025-03-20T16:06:16.789+0000] {spark_submit.py:645} INFO - 
[2025-03-20T16:06:16.795+0000] {spark_submit.py:645} INFO - 
[2025-03-20T16:06:16.805+0000] {spark_submit.py:645} INFO - 
[2025-03-20T16:06:23.818+0000] {spark_submit.py:645} INFO - 25/03/20 16:06:23 INFO SparkContext: Running Spark version 3.5.5
[2025-03-20T16:06:23.835+0000] {spark_submit.py:645} INFO - 25/03/20 16:06:23 INFO SparkContext: OS info Linux, 5.15.167.4-microsoft-standard-WSL2, amd64
[2025-03-20T16:06:23.837+0000] {spark_submit.py:645} INFO - 25/03/20 16:06:23 INFO SparkContext: Java version 17.0.14
[2025-03-20T16:06:24.284+0000] {spark_submit.py:645} INFO - 25/03/20 16:06:24 WARN NativeCodeLoader: Unable to load native-hadoop library for your platform... using builtin-java classes where applicable
[2025-03-20T16:06:24.703+0000] {spark_submit.py:645} INFO - 25/03/20 16:06:24 INFO ResourceUtils: ==============================================================
[2025-03-20T16:06:24.704+0000] {spark_submit.py:645} INFO - 25/03/20 16:06:24 INFO ResourceUtils: No custom resources configured for spark.driver.
[2025-03-20T16:06:24.706+0000] {spark_submit.py:645} INFO - 25/03/20 16:06:24 INFO ResourceUtils: ==============================================================
[2025-03-20T16:06:24.707+0000] {spark_submit.py:645} INFO - 25/03/20 16:06:24 INFO SparkContext: Submitted application: BreweryDataProcessing
[2025-03-20T16:06:24.753+0000] {spark_submit.py:645} INFO - 25/03/20 16:06:24 INFO ResourceProfile: Default ResourceProfile created, executor resources: Map(memory -> name: memory, amount: 1024, script: , vendor: , offHeap -> name: offHeap, amount: 0, script: , vendor: ), task resources: Map(cpus -> name: cpus, amount: 1.0)
[2025-03-20T16:06:24.764+0000] {spark_submit.py:645} INFO - 25/03/20 16:06:24 INFO ResourceProfile: Limiting resource is cpu
[2025-03-20T16:06:24.765+0000] {spark_submit.py:645} INFO - 25/03/20 16:06:24 INFO ResourceProfileManager: Added ResourceProfile id: 0
[2025-03-20T16:06:25.008+0000] {spark_submit.py:645} INFO - 25/03/20 16:06:25 INFO SecurityManager: Changing view acls to: default
[2025-03-20T16:06:25.010+0000] {spark_submit.py:645} INFO - 25/03/20 16:06:25 INFO SecurityManager: Changing modify acls to: default
[2025-03-20T16:06:25.011+0000] {spark_submit.py:645} INFO - 25/03/20 16:06:25 INFO SecurityManager: Changing view acls groups to:
[2025-03-20T16:06:25.011+0000] {spark_submit.py:645} INFO - 25/03/20 16:06:25 INFO SecurityManager: Changing modify acls groups to:
[2025-03-20T16:06:25.013+0000] {spark_submit.py:645} INFO - 25/03/20 16:06:25 INFO SecurityManager: SecurityManager: authentication disabled; ui acls disabled; users with view permissions: default; groups with view permissions: EMPTY; users with modify permissions: default; groups with modify permissions: EMPTY
[2025-03-20T16:06:25.707+0000] {spark_submit.py:645} INFO - 25/03/20 16:06:25 INFO Utils: Successfully started service 'sparkDriver' on port 38625.
[2025-03-20T16:06:25.777+0000] {spark_submit.py:645} INFO - 25/03/20 16:06:25 INFO SparkEnv: Registering MapOutputTracker
[2025-03-20T16:06:25.861+0000] {spark_submit.py:645} INFO - 25/03/20 16:06:25 INFO SparkEnv: Registering BlockManagerMaster
[2025-03-20T16:06:25.906+0000] {spark_submit.py:645} INFO - 25/03/20 16:06:25 INFO BlockManagerMasterEndpoint: Using org.apache.spark.storage.DefaultTopologyMapper for getting topology information
[2025-03-20T16:06:25.909+0000] {spark_submit.py:645} INFO - 25/03/20 16:06:25 INFO BlockManagerMasterEndpoint: BlockManagerMasterEndpoint up
[2025-03-20T16:06:25.920+0000] {spark_submit.py:645} INFO - 25/03/20 16:06:25 INFO SparkEnv: Registering BlockManagerMasterHeartbeat
[2025-03-20T16:06:25.978+0000] {spark_submit.py:645} INFO - 25/03/20 16:06:25 INFO DiskBlockManager: Created local directory at /tmp/blockmgr-4cf97002-a8fb-4b11-b8ec-b2ec3b4ffdbe
[2025-03-20T16:06:26.004+0000] {spark_submit.py:645} INFO - 25/03/20 16:06:26 INFO MemoryStore: MemoryStore started with capacity 434.4 MiB
[2025-03-20T16:06:26.031+0000] {spark_submit.py:645} INFO - 25/03/20 16:06:26 INFO SparkEnv: Registering OutputCommitCoordinator
[2025-03-20T16:06:26.667+0000] {spark_submit.py:645} INFO - 25/03/20 16:06:26 INFO JettyUtils: Start Jetty 0.0.0.0:4040 for SparkUI
[2025-03-20T16:06:26.804+0000] {spark_submit.py:645} INFO - 25/03/20 16:06:26 INFO Utils: Successfully started service 'SparkUI' on port 4040.
[2025-03-20T16:06:27.365+0000] {spark_submit.py:645} INFO - 25/03/20 16:06:27 INFO StandaloneAppClient$ClientEndpoint: Connecting to master spark://spark:7077...
[2025-03-20T16:06:29.496+0000] {spark_submit.py:645} INFO - 25/03/20 16:06:29 WARN TransportClientFactory: DNS resolution failed for spark/<unresolved>:7077 took 2089 ms
[2025-03-20T16:06:29.560+0000] {spark_submit.py:645} INFO - 25/03/20 16:06:29 WARN StandaloneAppClient$ClientEndpoint: Failed to connect to master spark:7077
[2025-03-20T16:06:29.560+0000] {spark_submit.py:645} INFO - org.apache.spark.SparkException: Exception thrown in awaitResult:
[2025-03-20T16:06:29.561+0000] {spark_submit.py:645} INFO - at org.apache.spark.util.SparkThreadUtils$.awaitResult(SparkThreadUtils.scala:56)
[2025-03-20T16:06:29.561+0000] {spark_submit.py:645} INFO - at org.apache.spark.util.ThreadUtils$.awaitResult(ThreadUtils.scala:310)
[2025-03-20T16:06:29.562+0000] {spark_submit.py:645} INFO - at org.apache.spark.rpc.RpcTimeout.awaitResult(RpcTimeout.scala:75)
[2025-03-20T16:06:29.562+0000] {spark_submit.py:645} INFO - at org.apache.spark.rpc.RpcEnv.setupEndpointRefByURI(RpcEnv.scala:102)
[2025-03-20T16:06:29.563+0000] {spark_submit.py:645} INFO - at org.apache.spark.rpc.RpcEnv.setupEndpointRef(RpcEnv.scala:110)
[2025-03-20T16:06:29.563+0000] {spark_submit.py:645} INFO - at org.apache.spark.deploy.client.StandaloneAppClient$ClientEndpoint$$anon$1.run(StandaloneAppClient.scala:108)
[2025-03-20T16:06:29.564+0000] {spark_submit.py:645} INFO - at java.base/java.util.concurrent.Executors$RunnableAdapter.call(Executors.java:539)
[2025-03-20T16:06:29.564+0000] {spark_submit.py:645} INFO - at java.base/java.util.concurrent.FutureTask.run(FutureTask.java:264)
[2025-03-20T16:06:29.564+0000] {spark_submit.py:645} INFO - at java.base/java.util.concurrent.ThreadPoolExecutor.runWorker(ThreadPoolExecutor.java:1136)
[2025-03-20T16:06:29.565+0000] {spark_submit.py:645} INFO - at java.base/java.util.concurrent.ThreadPoolExecutor$Worker.run(ThreadPoolExecutor.java:635)
[2025-03-20T16:06:29.565+0000] {spark_submit.py:645} INFO - at java.base/java.lang.Thread.run(Thread.java:840)
[2025-03-20T16:06:29.566+0000] {spark_submit.py:645} INFO - Caused by: java.io.IOException: Failed to connect to spark/<unresolved>:7077
[2025-03-20T16:06:29.566+0000] {spark_submit.py:645} INFO - at org.apache.spark.network.client.TransportClientFactory.createClient(TransportClientFactory.java:294)
[2025-03-20T16:06:29.567+0000] {spark_submit.py:645} INFO - at org.apache.spark.network.client.TransportClientFactory.createClient(TransportClientFactory.java:214)
[2025-03-20T16:06:29.568+0000] {spark_submit.py:645} INFO - at org.apache.spark.network.client.TransportClientFactory.createClient(TransportClientFactory.java:226)
[2025-03-20T16:06:29.569+0000] {spark_submit.py:645} INFO - at org.apache.spark.rpc.netty.NettyRpcEnv.createClient(NettyRpcEnv.scala:204)
[2025-03-20T16:06:29.569+0000] {spark_submit.py:645} INFO - at org.apache.spark.rpc.netty.Outbox$$anon$1.call(Outbox.scala:202)
[2025-03-20T16:06:29.570+0000] {spark_submit.py:645} INFO - at org.apache.spark.rpc.netty.Outbox$$anon$1.call(Outbox.scala:198)
[2025-03-20T16:06:29.570+0000] {spark_submit.py:645} INFO - ... 4 more
[2025-03-20T16:06:29.571+0000] {spark_submit.py:645} INFO - Caused by: java.net.UnknownHostException: spark
[2025-03-20T16:06:29.571+0000] {spark_submit.py:645} INFO - at java.base/java.net.InetAddress$CachedAddresses.get(InetAddress.java:801)
[2025-03-20T16:06:29.572+0000] {spark_submit.py:645} INFO - at java.base/java.net.InetAddress.getAllByName0(InetAddress.java:1533)
[2025-03-20T16:06:29.572+0000] {spark_submit.py:645} INFO - at java.base/java.net.InetAddress.getAllByName(InetAddress.java:1385)
[2025-03-20T16:06:29.572+0000] {spark_submit.py:645} INFO - at java.base/java.net.InetAddress.getAllByName(InetAddress.java:1306)
[2025-03-20T16:06:29.573+0000] {spark_submit.py:645} INFO - at java.base/java.net.InetAddress.getByName(InetAddress.java:1256)
[2025-03-20T16:06:29.573+0000] {spark_submit.py:645} INFO - at io.netty.util.internal.SocketUtils$8.run(SocketUtils.java:156)
[2025-03-20T16:06:29.573+0000] {spark_submit.py:645} INFO - at io.netty.util.internal.SocketUtils$8.run(SocketUtils.java:153)
[2025-03-20T16:06:29.574+0000] {spark_submit.py:645} INFO - at java.base/java.security.AccessController.doPrivileged(AccessController.java:569)
[2025-03-20T16:06:29.574+0000] {spark_submit.py:645} INFO - at io.netty.util.internal.SocketUtils.addressByName(SocketUtils.java:153)
[2025-03-20T16:06:29.575+0000] {spark_submit.py:645} INFO - at io.netty.resolver.DefaultNameResolver.doResolve(DefaultNameResolver.java:41)
[2025-03-20T16:06:29.576+0000] {spark_submit.py:645} INFO - at io.netty.resolver.SimpleNameResolver.resolve(SimpleNameResolver.java:61)
[2025-03-20T16:06:29.576+0000] {spark_submit.py:645} INFO - at io.netty.resolver.SimpleNameResolver.resolve(SimpleNameResolver.java:53)
[2025-03-20T16:06:29.577+0000] {spark_submit.py:645} INFO - at io.netty.resolver.InetSocketAddressResolver.doResolve(InetSocketAddressResolver.java:55)
[2025-03-20T16:06:29.577+0000] {spark_submit.py:645} INFO - at io.netty.resolver.InetSocketAddressResolver.doResolve(InetSocketAddressResolver.java:31)
[2025-03-20T16:06:29.578+0000] {spark_submit.py:645} INFO - at io.netty.resolver.AbstractAddressResolver.resolve(AbstractAddressResolver.java:106)
[2025-03-20T16:06:29.578+0000] {spark_submit.py:645} INFO - at io.netty.bootstrap.Bootstrap.doResolveAndConnect0(Bootstrap.java:220)
[2025-03-20T16:06:29.579+0000] {spark_submit.py:645} INFO - at io.netty.bootstrap.Bootstrap.access$000(Bootstrap.java:46)
[2025-03-20T16:06:29.579+0000] {spark_submit.py:645} INFO - at io.netty.bootstrap.Bootstrap$1.operationComplete(Bootstrap.java:189)
[2025-03-20T16:06:29.579+0000] {spark_submit.py:645} INFO - at io.netty.bootstrap.Bootstrap$1.operationComplete(Bootstrap.java:175)
[2025-03-20T16:06:29.580+0000] {spark_submit.py:645} INFO - at io.netty.util.concurrent.DefaultPromise.notifyListener0(DefaultPromise.java:590)
[2025-03-20T16:06:29.581+0000] {spark_submit.py:645} INFO - at io.netty.util.concurrent.DefaultPromise.notifyListenersNow(DefaultPromise.java:557)
[2025-03-20T16:06:29.581+0000] {spark_submit.py:645} INFO - at io.netty.util.concurrent.DefaultPromise.notifyListeners(DefaultPromise.java:492)
[2025-03-20T16:06:29.581+0000] {spark_submit.py:645} INFO - at io.netty.util.concurrent.DefaultPromise.setValue0(DefaultPromise.java:636)
[2025-03-20T16:06:29.582+0000] {spark_submit.py:645} INFO - at io.netty.util.concurrent.DefaultPromise.setSuccess0(DefaultPromise.java:625)
[2025-03-20T16:06:29.582+0000] {spark_submit.py:645} INFO - at io.netty.util.concurrent.DefaultPromise.trySuccess(DefaultPromise.java:105)
[2025-03-20T16:06:29.582+0000] {spark_submit.py:645} INFO - at io.netty.channel.DefaultChannelPromise.trySuccess(DefaultChannelPromise.java:84)
[2025-03-20T16:06:29.582+0000] {spark_submit.py:645} INFO - at io.netty.channel.AbstractChannel$AbstractUnsafe.safeSetSuccess(AbstractChannel.java:990)
[2025-03-20T16:06:29.583+0000] {spark_submit.py:645} INFO - at io.netty.channel.AbstractChannel$AbstractUnsafe.register0(AbstractChannel.java:516)
[2025-03-20T16:06:29.583+0000] {spark_submit.py:645} INFO - at io.netty.channel.AbstractChannel$AbstractUnsafe.access$200(AbstractChannel.java:429)
[2025-03-20T16:06:29.583+0000] {spark_submit.py:645} INFO - at io.netty.channel.AbstractChannel$AbstractUnsafe$1.run(AbstractChannel.java:486)
[2025-03-20T16:06:29.583+0000] {spark_submit.py:645} INFO - at io.netty.util.concurrent.AbstractEventExecutor.runTask(AbstractEventExecutor.java:174)
[2025-03-20T16:06:29.583+0000] {spark_submit.py:645} INFO - at io.netty.util.concurrent.AbstractEventExecutor.safeExecute(AbstractEventExecutor.java:167)
[2025-03-20T16:06:29.584+0000] {spark_submit.py:645} INFO - at io.netty.util.concurrent.SingleThreadEventExecutor.runAllTasks(SingleThreadEventExecutor.java:470)
[2025-03-20T16:06:29.585+0000] {spark_submit.py:645} INFO - at io.netty.channel.nio.NioEventLoop.run(NioEventLoop.java:569)
[2025-03-20T16:06:29.585+0000] {spark_submit.py:645} INFO - at io.netty.util.concurrent.SingleThreadEventExecutor$4.run(SingleThreadEventExecutor.java:997)
[2025-03-20T16:06:29.585+0000] {spark_submit.py:645} INFO - at io.netty.util.internal.ThreadExecutorMap$2.run(ThreadExecutorMap.java:74)
[2025-03-20T16:06:29.586+0000] {spark_submit.py:645} INFO - at io.netty.util.concurrent.FastThreadLocalRunnable.run(FastThreadLocalRunnable.java:30)
[2025-03-20T16:06:29.586+0000] {spark_submit.py:645} INFO - ... 1 more
[2025-03-20T16:06:50.156+0000] {spark_submit.py:645} INFO - 25/03/20 16:06:49 INFO StandaloneAppClient$ClientEndpoint: Connecting to master spark://spark:7077...
[2025-03-20T16:06:51.218+0000] {job.py:229} INFO - Heartbeat recovered after 16.58 seconds
[2025-03-20T16:06:52.372+0000] {spark_submit.py:645} INFO - 25/03/20 16:06:52 WARN TransportClientFactory: DNS resolution failed for spark/<unresolved>:7077 took 2131 ms
[2025-03-20T16:06:52.381+0000] {spark_submit.py:645} INFO - 25/03/20 16:06:52 WARN StandaloneAppClient$ClientEndpoint: Failed to connect to master spark:7077
[2025-03-20T16:06:52.382+0000] {spark_submit.py:645} INFO - org.apache.spark.SparkException: Exception thrown in awaitResult:
[2025-03-20T16:06:52.382+0000] {spark_submit.py:645} INFO - at org.apache.spark.util.SparkThreadUtils$.awaitResult(SparkThreadUtils.scala:56)
[2025-03-20T16:06:52.382+0000] {spark_submit.py:645} INFO - at org.apache.spark.util.ThreadUtils$.awaitResult(ThreadUtils.scala:310)
[2025-03-20T16:06:52.383+0000] {spark_submit.py:645} INFO - at org.apache.spark.rpc.RpcTimeout.awaitResult(RpcTimeout.scala:75)
[2025-03-20T16:06:52.383+0000] {spark_submit.py:645} INFO - at org.apache.spark.rpc.RpcEnv.setupEndpointRefByURI(RpcEnv.scala:102)
[2025-03-20T16:06:52.383+0000] {spark_submit.py:645} INFO - at org.apache.spark.rpc.RpcEnv.setupEndpointRef(RpcEnv.scala:110)
[2025-03-20T16:06:52.384+0000] {spark_submit.py:645} INFO - at org.apache.spark.deploy.client.StandaloneAppClient$ClientEndpoint$$anon$1.run(StandaloneAppClient.scala:108)
[2025-03-20T16:06:52.384+0000] {spark_submit.py:645} INFO - at java.base/java.util.concurrent.Executors$RunnableAdapter.call(Executors.java:539)
[2025-03-20T16:06:52.384+0000] {spark_submit.py:645} INFO - at java.base/java.util.concurrent.FutureTask.run(FutureTask.java:264)
[2025-03-20T16:06:52.385+0000] {spark_submit.py:645} INFO - at java.base/java.util.concurrent.ThreadPoolExecutor.runWorker(ThreadPoolExecutor.java:1136)
[2025-03-20T16:06:52.385+0000] {spark_submit.py:645} INFO - at java.base/java.util.concurrent.ThreadPoolExecutor$Worker.run(ThreadPoolExecutor.java:635)
[2025-03-20T16:06:52.385+0000] {spark_submit.py:645} INFO - at java.base/java.lang.Thread.run(Thread.java:840)
[2025-03-20T16:06:52.385+0000] {spark_submit.py:645} INFO - Caused by: java.io.IOException: Failed to connect to spark/<unresolved>:7077
[2025-03-20T16:06:52.386+0000] {spark_submit.py:645} INFO - at org.apache.spark.network.client.TransportClientFactory.createClient(TransportClientFactory.java:294)
[2025-03-20T16:06:52.386+0000] {spark_submit.py:645} INFO - at org.apache.spark.network.client.TransportClientFactory.createClient(TransportClientFactory.java:214)
[2025-03-20T16:06:52.386+0000] {spark_submit.py:645} INFO - at org.apache.spark.network.client.TransportClientFactory.createClient(TransportClientFactory.java:226)
[2025-03-20T16:06:52.386+0000] {spark_submit.py:645} INFO - at org.apache.spark.rpc.netty.NettyRpcEnv.createClient(NettyRpcEnv.scala:204)
[2025-03-20T16:06:52.387+0000] {spark_submit.py:645} INFO - at org.apache.spark.rpc.netty.Outbox$$anon$1.call(Outbox.scala:202)
[2025-03-20T16:06:52.387+0000] {spark_submit.py:645} INFO - at org.apache.spark.rpc.netty.Outbox$$anon$1.call(Outbox.scala:198)
[2025-03-20T16:06:52.387+0000] {spark_submit.py:645} INFO - ... 4 more
[2025-03-20T16:06:52.388+0000] {spark_submit.py:645} INFO - Caused by: java.net.UnknownHostException: spark
[2025-03-20T16:06:52.388+0000] {spark_submit.py:645} INFO - at java.base/java.net.InetAddress$CachedAddresses.get(InetAddress.java:801)
[2025-03-20T16:06:52.389+0000] {spark_submit.py:645} INFO - at java.base/java.net.InetAddress.getAllByName0(InetAddress.java:1533)
[2025-03-20T16:06:52.389+0000] {spark_submit.py:645} INFO - at java.base/java.net.InetAddress.getAllByName(InetAddress.java:1385)
[2025-03-20T16:06:52.389+0000] {spark_submit.py:645} INFO - at java.base/java.net.InetAddress.getAllByName(InetAddress.java:1306)
[2025-03-20T16:06:52.390+0000] {spark_submit.py:645} INFO - at java.base/java.net.InetAddress.getByName(InetAddress.java:1256)
[2025-03-20T16:06:52.390+0000] {spark_submit.py:645} INFO - at io.netty.util.internal.SocketUtils$8.run(SocketUtils.java:156)
[2025-03-20T16:06:52.390+0000] {spark_submit.py:645} INFO - at io.netty.util.internal.SocketUtils$8.run(SocketUtils.java:153)
[2025-03-20T16:06:52.390+0000] {spark_submit.py:645} INFO - at java.base/java.security.AccessController.doPrivileged(AccessController.java:569)
[2025-03-20T16:06:52.391+0000] {spark_submit.py:645} INFO - at io.netty.util.internal.SocketUtils.addressByName(SocketUtils.java:153)
[2025-03-20T16:06:52.391+0000] {spark_submit.py:645} INFO - at io.netty.resolver.DefaultNameResolver.doResolve(DefaultNameResolver.java:41)
[2025-03-20T16:06:52.392+0000] {spark_submit.py:645} INFO - at io.netty.resolver.SimpleNameResolver.resolve(SimpleNameResolver.java:61)
[2025-03-20T16:06:52.392+0000] {spark_submit.py:645} INFO - at io.netty.resolver.SimpleNameResolver.resolve(SimpleNameResolver.java:53)
[2025-03-20T16:06:52.393+0000] {spark_submit.py:645} INFO - at io.netty.resolver.InetSocketAddressResolver.doResolve(InetSocketAddressResolver.java:55)
[2025-03-20T16:06:52.393+0000] {spark_submit.py:645} INFO - at io.netty.resolver.InetSocketAddressResolver.doResolve(InetSocketAddressResolver.java:31)
[2025-03-20T16:06:52.393+0000] {spark_submit.py:645} INFO - at io.netty.resolver.AbstractAddressResolver.resolve(AbstractAddressResolver.java:106)
[2025-03-20T16:06:52.394+0000] {spark_submit.py:645} INFO - at io.netty.bootstrap.Bootstrap.doResolveAndConnect0(Bootstrap.java:220)
[2025-03-20T16:06:52.394+0000] {spark_submit.py:645} INFO - at io.netty.bootstrap.Bootstrap.access$000(Bootstrap.java:46)
[2025-03-20T16:06:52.395+0000] {spark_submit.py:645} INFO - at io.netty.bootstrap.Bootstrap$1.operationComplete(Bootstrap.java:189)
[2025-03-20T16:06:52.395+0000] {spark_submit.py:645} INFO - at io.netty.bootstrap.Bootstrap$1.operationComplete(Bootstrap.java:175)
[2025-03-20T16:06:52.396+0000] {spark_submit.py:645} INFO - at io.netty.util.concurrent.DefaultPromise.notifyListener0(DefaultPromise.java:590)
[2025-03-20T16:06:52.396+0000] {spark_submit.py:645} INFO - at io.netty.util.concurrent.DefaultPromise.notifyListenersNow(DefaultPromise.java:557)
[2025-03-20T16:06:52.397+0000] {spark_submit.py:645} INFO - at io.netty.util.concurrent.DefaultPromise.notifyListeners(DefaultPromise.java:492)
[2025-03-20T16:06:52.398+0000] {spark_submit.py:645} INFO - at io.netty.util.concurrent.DefaultPromise.setValue0(DefaultPromise.java:636)
[2025-03-20T16:06:52.399+0000] {spark_submit.py:645} INFO - at io.netty.util.concurrent.DefaultPromise.setSuccess0(DefaultPromise.java:625)
[2025-03-20T16:06:52.399+0000] {spark_submit.py:645} INFO - at io.netty.util.concurrent.DefaultPromise.trySuccess(DefaultPromise.java:105)
[2025-03-20T16:06:52.400+0000] {spark_submit.py:645} INFO - at io.netty.channel.DefaultChannelPromise.trySuccess(DefaultChannelPromise.java:84)
[2025-03-20T16:06:52.400+0000] {spark_submit.py:645} INFO - at io.netty.channel.AbstractChannel$AbstractUnsafe.safeSetSuccess(AbstractChannel.java:990)
[2025-03-20T16:06:52.400+0000] {spark_submit.py:645} INFO - at io.netty.channel.AbstractChannel$AbstractUnsafe.register0(AbstractChannel.java:516)
[2025-03-20T16:06:52.401+0000] {spark_submit.py:645} INFO - at io.netty.channel.AbstractChannel$AbstractUnsafe.access$200(AbstractChannel.java:429)
[2025-03-20T16:06:52.402+0000] {spark_submit.py:645} INFO - at io.netty.channel.AbstractChannel$AbstractUnsafe$1.run(AbstractChannel.java:486)
[2025-03-20T16:06:52.402+0000] {spark_submit.py:645} INFO - at io.netty.util.concurrent.AbstractEventExecutor.runTask(AbstractEventExecutor.java:174)
[2025-03-20T16:06:52.402+0000] {spark_submit.py:645} INFO - at io.netty.util.concurrent.AbstractEventExecutor.safeExecute(AbstractEventExecutor.java:167)
[2025-03-20T16:06:52.403+0000] {spark_submit.py:645} INFO - at io.netty.util.concurrent.SingleThreadEventExecutor.runAllTasks(SingleThreadEventExecutor.java:470)
[2025-03-20T16:06:52.403+0000] {spark_submit.py:645} INFO - at io.netty.channel.nio.NioEventLoop.run(NioEventLoop.java:569)
[2025-03-20T16:06:52.403+0000] {spark_submit.py:645} INFO - at io.netty.util.concurrent.SingleThreadEventExecutor$4.run(SingleThreadEventExecutor.java:997)
[2025-03-20T16:06:52.404+0000] {spark_submit.py:645} INFO - at io.netty.util.internal.ThreadExecutorMap$2.run(ThreadExecutorMap.java:74)
[2025-03-20T16:06:52.404+0000] {spark_submit.py:645} INFO - at io.netty.util.concurrent.FastThreadLocalRunnable.run(FastThreadLocalRunnable.java:30)
[2025-03-20T16:06:52.404+0000] {spark_submit.py:645} INFO - ... 1 more
[2025-03-20T16:07:10.669+0000] {spark_submit.py:645} INFO - 25/03/20 16:07:10 INFO StandaloneAppClient$ClientEndpoint: Connecting to master spark://spark:7077...
[2025-03-20T16:07:11.425+0000] {job.py:229} INFO - Heartbeat recovered after 14.73 seconds
[2025-03-20T16:07:13.585+0000] {spark_submit.py:645} INFO - 25/03/20 16:07:12 WARN TransportClientFactory: DNS resolution failed for spark/<unresolved>:7077 took 2232 ms
[2025-03-20T16:07:13.587+0000] {spark_submit.py:645} INFO - 25/03/20 16:07:12 WARN StandaloneAppClient$ClientEndpoint: Failed to connect to master spark:7077
[2025-03-20T16:07:13.588+0000] {spark_submit.py:645} INFO - org.apache.spark.SparkException: Exception thrown in awaitResult:
[2025-03-20T16:07:13.589+0000] {spark_submit.py:645} INFO - at org.apache.spark.util.SparkThreadUtils$.awaitResult(SparkThreadUtils.scala:56)
[2025-03-20T16:07:13.590+0000] {spark_submit.py:645} INFO - at org.apache.spark.util.ThreadUtils$.awaitResult(ThreadUtils.scala:310)
[2025-03-20T16:07:13.590+0000] {spark_submit.py:645} INFO - at org.apache.spark.rpc.RpcTimeout.awaitResult(RpcTimeout.scala:75)
[2025-03-20T16:07:13.591+0000] {spark_submit.py:645} INFO - at org.apache.spark.rpc.RpcEnv.setupEndpointRefByURI(RpcEnv.scala:102)
[2025-03-20T16:07:13.592+0000] {spark_submit.py:645} INFO - at org.apache.spark.rpc.RpcEnv.setupEndpointRef(RpcEnv.scala:110)
[2025-03-20T16:07:13.593+0000] {spark_submit.py:645} INFO - at org.apache.spark.deploy.client.StandaloneAppClient$ClientEndpoint$$anon$1.run(StandaloneAppClient.scala:108)
[2025-03-20T16:07:13.594+0000] {spark_submit.py:645} INFO - at java.base/java.util.concurrent.Executors$RunnableAdapter.call(Executors.java:539)
[2025-03-20T16:07:15.999+0000] {spark_submit.py:645} INFO - at java.base/java.util.concurrent.FutureTask.run(FutureTask.java:264)
[2025-03-20T16:07:16.001+0000] {spark_submit.py:645} INFO - at java.base/java.util.concurrent.ThreadPoolExecutor.runWorker(ThreadPoolExecutor.java:1136)
[2025-03-20T16:07:16.002+0000] {spark_submit.py:645} INFO - at java.base/java.util.concurrent.ThreadPoolExecutor$Worker.run(ThreadPoolExecutor.java:635)
[2025-03-20T16:07:16.003+0000] {spark_submit.py:645} INFO - at java.base/java.lang.Thread.run(Thread.java:840)
[2025-03-20T16:07:16.004+0000] {spark_submit.py:645} INFO - Caused by: java.io.IOException: Failed to connect to spark/<unresolved>:7077
[2025-03-20T16:07:16.708+0000] {spark_submit.py:645} INFO - at org.apache.spark.network.client.TransportClientFactory.createClient(TransportClientFactory.java:294)
[2025-03-20T16:07:16.710+0000] {spark_submit.py:645} INFO - at org.apache.spark.network.client.TransportClientFactory.createClient(TransportClientFactory.java:214)
[2025-03-20T16:07:16.711+0000] {spark_submit.py:645} INFO - at org.apache.spark.network.client.TransportClientFactory.createClient(TransportClientFactory.java:226)
[2025-03-20T16:07:16.755+0000] {spark_submit.py:645} INFO - at org.apache.spark.rpc.netty.NettyRpcEnv.createClient(NettyRpcEnv.scala:204)
[2025-03-20T16:07:16.756+0000] {spark_submit.py:645} INFO - at org.apache.spark.rpc.netty.Outbox$$anon$1.call(Outbox.scala:202)
[2025-03-20T16:07:16.756+0000] {spark_submit.py:645} INFO - at org.apache.spark.rpc.netty.Outbox$$anon$1.call(Outbox.scala:198)
[2025-03-20T16:07:16.756+0000] {spark_submit.py:645} INFO - ... 4 more
[2025-03-20T16:07:16.756+0000] {spark_submit.py:645} INFO - Caused by: java.net.UnknownHostException: spark
[2025-03-20T16:07:16.757+0000] {spark_submit.py:645} INFO - at java.base/java.net.InetAddress$CachedAddresses.get(InetAddress.java:801)
[2025-03-20T16:07:16.757+0000] {spark_submit.py:645} INFO - at java.base/java.net.InetAddress.getAllByName0(InetAddress.java:1533)
[2025-03-20T16:07:16.757+0000] {spark_submit.py:645} INFO - at java.base/java.net.InetAddress.getAllByName(InetAddress.java:1385)
[2025-03-20T16:07:16.758+0000] {spark_submit.py:645} INFO - at java.base/java.net.InetAddress.getAllByName(InetAddress.java:1306)
[2025-03-20T16:07:16.758+0000] {spark_submit.py:645} INFO - at java.base/java.net.InetAddress.getByName(InetAddress.java:1256)
[2025-03-20T16:07:16.763+0000] {spark_submit.py:645} INFO - at io.netty.util.internal.SocketUtils$8.run(SocketUtils.java:156)
[2025-03-20T16:07:16.764+0000] {spark_submit.py:645} INFO - at io.netty.util.internal.SocketUtils$8.run(SocketUtils.java:153)
[2025-03-20T16:07:16.771+0000] {spark_submit.py:645} INFO - at java.base/java.security.AccessController.doPrivileged(AccessController.java:569)
[2025-03-20T16:07:16.772+0000] {spark_submit.py:645} INFO - at io.netty.util.internal.SocketUtils.addressByName(SocketUtils.java:153)
[2025-03-20T16:07:16.773+0000] {spark_submit.py:645} INFO - at io.netty.resolver.DefaultNameResolver.doResolve(DefaultNameResolver.java:41)
[2025-03-20T16:07:16.774+0000] {spark_submit.py:645} INFO - at io.netty.resolver.SimpleNameResolver.resolve(SimpleNameResolver.java:61)
[2025-03-20T16:07:16.774+0000] {spark_submit.py:645} INFO - at io.netty.resolver.SimpleNameResolver.resolve(SimpleNameResolver.java:53)
[2025-03-20T16:07:16.775+0000] {spark_submit.py:645} INFO - at io.netty.resolver.InetSocketAddressResolver.doResolve(InetSocketAddressResolver.java:55)
[2025-03-20T16:07:16.776+0000] {spark_submit.py:645} INFO - at io.netty.resolver.InetSocketAddressResolver.doResolve(InetSocketAddressResolver.java:31)
[2025-03-20T16:07:16.776+0000] {spark_submit.py:645} INFO - at io.netty.resolver.AbstractAddressResolver.resolve(AbstractAddressResolver.java:106)
[2025-03-20T16:07:16.783+0000] {spark_submit.py:645} INFO - at io.netty.bootstrap.Bootstrap.doResolveAndConnect0(Bootstrap.java:220)
[2025-03-20T16:07:16.787+0000] {spark_submit.py:645} INFO - at io.netty.bootstrap.Bootstrap.access$000(Bootstrap.java:46)
[2025-03-20T16:07:16.788+0000] {spark_submit.py:645} INFO - at io.netty.bootstrap.Bootstrap$1.operationComplete(Bootstrap.java:189)
[2025-03-20T16:07:16.790+0000] {spark_submit.py:645} INFO - at io.netty.bootstrap.Bootstrap$1.operationComplete(Bootstrap.java:175)
[2025-03-20T16:07:16.791+0000] {spark_submit.py:645} INFO - at io.netty.util.concurrent.DefaultPromise.notifyListener0(DefaultPromise.java:590)
[2025-03-20T16:07:16.792+0000] {spark_submit.py:645} INFO - at io.netty.util.concurrent.DefaultPromise.notifyListenersNow(DefaultPromise.java:557)
[2025-03-20T16:07:16.793+0000] {spark_submit.py:645} INFO - at io.netty.util.concurrent.DefaultPromise.notifyListeners(DefaultPromise.java:492)
[2025-03-20T16:07:16.795+0000] {spark_submit.py:645} INFO - at io.netty.util.concurrent.DefaultPromise.setValue0(DefaultPromise.java:636)
[2025-03-20T16:07:16.796+0000] {spark_submit.py:645} INFO - at io.netty.util.concurrent.DefaultPromise.setSuccess0(DefaultPromise.java:625)
[2025-03-20T16:07:16.797+0000] {spark_submit.py:645} INFO - at io.netty.util.concurrent.DefaultPromise.trySuccess(DefaultPromise.java:105)
[2025-03-20T16:07:16.798+0000] {spark_submit.py:645} INFO - at io.netty.channel.DefaultChannelPromise.trySuccess(DefaultChannelPromise.java:84)
[2025-03-20T16:07:16.799+0000] {spark_submit.py:645} INFO - at io.netty.channel.AbstractChannel$AbstractUnsafe.safeSetSuccess(AbstractChannel.java:990)
[2025-03-20T16:07:16.799+0000] {spark_submit.py:645} INFO - at io.netty.channel.AbstractChannel$AbstractUnsafe.register0(AbstractChannel.java:516)
[2025-03-20T16:07:16.800+0000] {spark_submit.py:645} INFO - at io.netty.channel.AbstractChannel$AbstractUnsafe.access$200(AbstractChannel.java:429)
[2025-03-20T16:07:16.801+0000] {spark_submit.py:645} INFO - at io.netty.channel.AbstractChannel$AbstractUnsafe$1.run(AbstractChannel.java:486)
[2025-03-20T16:07:16.802+0000] {spark_submit.py:645} INFO - at io.netty.util.concurrent.AbstractEventExecutor.runTask(AbstractEventExecutor.java:174)
[2025-03-20T16:07:16.803+0000] {spark_submit.py:645} INFO - at io.netty.util.concurrent.AbstractEventExecutor.safeExecute(AbstractEventExecutor.java:167)
[2025-03-20T16:07:16.804+0000] {spark_submit.py:645} INFO - at io.netty.util.concurrent.SingleThreadEventExecutor.runAllTasks(SingleThreadEventExecutor.java:470)
[2025-03-20T16:07:16.805+0000] {spark_submit.py:645} INFO - at io.netty.channel.nio.NioEventLoop.run(NioEventLoop.java:569)
[2025-03-20T16:07:16.806+0000] {spark_submit.py:645} INFO - at io.netty.util.concurrent.SingleThreadEventExecutor$4.run(SingleThreadEventExecutor.java:997)
[2025-03-20T16:07:16.807+0000] {spark_submit.py:645} INFO - at io.netty.util.internal.ThreadExecutorMap$2.run(ThreadExecutorMap.java:74)
[2025-03-20T16:07:16.808+0000] {spark_submit.py:645} INFO - at io.netty.util.concurrent.FastThreadLocalRunnable.run(FastThreadLocalRunnable.java:30)
[2025-03-20T16:07:16.809+0000] {spark_submit.py:645} INFO - ... 1 more
[2025-03-20T16:07:30.224+0000] {spark_submit.py:645} INFO - 25/03/20 16:07:30 ERROR StandaloneSchedulerBackend: Application has been killed. Reason: All masters are unresponsive! Giving up.
[2025-03-20T16:07:30.235+0000] {spark_submit.py:645} INFO - 25/03/20 16:07:30 WARN StandaloneSchedulerBackend: Application ID is not initialized yet.
[2025-03-20T16:07:30.271+0000] {spark_submit.py:645} INFO - 25/03/20 16:07:30 INFO Utils: Successfully started service 'org.apache.spark.network.netty.NettyBlockTransferService' on port 35815.
[2025-03-20T16:07:30.272+0000] {spark_submit.py:645} INFO - 25/03/20 16:07:30 INFO NettyBlockTransferService: Server created on adee468dd389:35815
[2025-03-20T16:07:30.281+0000] {spark_submit.py:645} INFO - 25/03/20 16:07:30 INFO BlockManager: Using org.apache.spark.storage.RandomBlockReplicationPolicy for block replication policy
[2025-03-20T16:07:30.322+0000] {spark_submit.py:645} INFO - 25/03/20 16:07:30 INFO BlockManagerMaster: Registering BlockManager BlockManagerId(driver, adee468dd389, 35815, None)
[2025-03-20T16:07:30.330+0000] {spark_submit.py:645} INFO - 25/03/20 16:07:30 INFO BlockManagerMasterEndpoint: Registering block manager adee468dd389:35815 with 434.4 MiB RAM, BlockManagerId(driver, adee468dd389, 35815, None)
[2025-03-20T16:07:30.334+0000] {spark_submit.py:645} INFO - 25/03/20 16:07:30 INFO BlockManagerMaster: Registered BlockManager BlockManagerId(driver, adee468dd389, 35815, None)
[2025-03-20T16:07:30.347+0000] {spark_submit.py:645} INFO - 25/03/20 16:07:30 INFO BlockManager: Initialized BlockManager: BlockManagerId(driver, adee468dd389, 35815, None)
[2025-03-20T16:07:31.145+0000] {spark_submit.py:645} INFO - 25/03/20 16:07:31 INFO StandaloneSchedulerBackend: SchedulerBackend is ready for scheduling beginning after reached minRegisteredResourcesRatio: 0.0
[2025-03-20T16:07:31.687+0000] {spark_submit.py:645} INFO - 25/03/20 16:07:31 INFO SparkContext: SparkContext is stopping with exitCode 0.
[2025-03-20T16:07:31.726+0000] {spark_submit.py:645} INFO - 25/03/20 16:07:31 INFO SparkUI: Stopped Spark web UI at http://adee468dd389:4040
[2025-03-20T16:07:31.739+0000] {spark_submit.py:645} INFO - 25/03/20 16:07:31 INFO StandaloneSchedulerBackend: Shutting down all executors
[2025-03-20T16:07:31.749+0000] {spark_submit.py:645} INFO - 25/03/20 16:07:31 INFO StandaloneSchedulerBackend$StandaloneDriverEndpoint: Asking each executor to shut down
[2025-03-20T16:07:31.761+0000] {spark_submit.py:645} INFO - Traceback (most recent call last):
[2025-03-20T16:07:31.762+0000] {spark_submit.py:645} INFO - File "/opt/***/dags/fetch_and_clean_data.py", line 121, in <module>
[2025-03-20T16:07:31.764+0000] {spark_submit.py:645} INFO - clean_and_load_data()
[2025-03-20T16:07:31.766+0000] {spark_submit.py:645} INFO - File "/opt/***/dags/fetch_and_clean_data.py", line 39, in clean_and_load_data
[2025-03-20T16:07:31.768+0000] {spark_submit.py:645} INFO - spark = SparkSession.builder.appName("BreweryDataProcessing").master("spark://spark:7077").getOrCreate()
[2025-03-20T16:07:31.769+0000] {spark_submit.py:645} INFO - ^^^^^^^^^^^^^^^^^^^^^^^^^^^^^^^^^^^^^^^^^^^^^^^^^^^^^^^^^^^^^^^^^^^^^^^^^^^^^^^^^^^^^^^^^^^^^^^^
[2025-03-20T16:07:31.770+0000] {spark_submit.py:645} INFO - File "/home/***/.local/lib/python3.12/site-packages/pyspark/python/lib/pyspark.zip/pyspark/sql/session.py", line 500, in getOrCreate
[2025-03-20T16:07:31.774+0000] {spark_submit.py:645} INFO - File "/home/***/.local/lib/python3.12/site-packages/pyspark/python/lib/pyspark.zip/pyspark/sql/session.py", line 589, in __init__
[2025-03-20T16:07:31.775+0000] {spark_submit.py:645} INFO - File "/home/***/.local/lib/python3.12/site-packages/pyspark/python/lib/py4j-0.10.9.7-src.zip/py4j/java_gateway.py", line 1587, in __call__
[2025-03-20T16:07:31.777+0000] {spark_submit.py:645} INFO - File "/home/***/.local/lib/python3.12/site-packages/pyspark/python/lib/py4j-0.10.9.7-src.zip/py4j/protocol.py", line 326, in get_return_value
[2025-03-20T16:07:31.778+0000] {spark_submit.py:645} INFO - py4j.protocol.Py4JJavaError25/03/20 16:07:31 WARN StandaloneAppClient$ClientEndpoint: Drop UnregisterApplication(null) because has not yet connected to master
[2025-03-20T16:07:31.779+0000] {spark_submit.py:645} INFO - : An error occurred while calling None.org.apache.spark.sql.SparkSession.
[2025-03-20T16:07:31.780+0000] {spark_submit.py:645} INFO - : java.lang.IllegalStateException: Cannot call methods on a stopped SparkContext.
[2025-03-20T16:07:31.781+0000] {spark_submit.py:645} INFO - This stopped SparkContext was created at:
[2025-03-20T16:07:31.781+0000] {spark_submit.py:645} INFO - 
[2025-03-20T16:07:31.782+0000] {spark_submit.py:645} INFO - org.apache.spark.api.java.JavaSparkContext.<init>(JavaSparkContext.scala:58)
[2025-03-20T16:07:31.782+0000] {spark_submit.py:645} INFO - java.base/jdk.internal.reflect.NativeConstructorAccessorImpl.newInstance0(Native Method)
[2025-03-20T16:07:31.782+0000] {spark_submit.py:645} INFO - java.base/jdk.internal.reflect.NativeConstructorAccessorImpl.newInstance(NativeConstructorAccessorImpl.java:77)
[2025-03-20T16:07:31.783+0000] {spark_submit.py:645} INFO - java.base/jdk.internal.reflect.DelegatingConstructorAccessorImpl.newInstance(DelegatingConstructorAccessorImpl.java:45)
[2025-03-20T16:07:31.783+0000] {spark_submit.py:645} INFO - java.base/java.lang.reflect.Constructor.newInstanceWithCaller(Constructor.java:500)
[2025-03-20T16:07:31.784+0000] {spark_submit.py:645} INFO - java.base/java.lang.reflect.Constructor.newInstance(Constructor.java:481)
[2025-03-20T16:07:31.785+0000] {spark_submit.py:645} INFO - py4j.reflection.MethodInvoker.invoke(MethodInvoker.java:247)
[2025-03-20T16:07:31.786+0000] {spark_submit.py:645} INFO - py4j.reflection.ReflectionEngine.invoke(ReflectionEngine.java:374)
[2025-03-20T16:07:31.786+0000] {spark_submit.py:645} INFO - py4j.Gateway.invoke(Gateway.java:238)
[2025-03-20T16:07:31.786+0000] {spark_submit.py:645} INFO - py4j.commands.ConstructorCommand.invokeConstructor(ConstructorCommand.java:80)
[2025-03-20T16:07:31.787+0000] {spark_submit.py:645} INFO - py4j.commands.ConstructorCommand.execute(ConstructorCommand.java:69)
[2025-03-20T16:07:31.787+0000] {spark_submit.py:645} INFO - py4j.ClientServerConnection.waitForCommands(ClientServerConnection.java:182)
[2025-03-20T16:07:31.787+0000] {spark_submit.py:645} INFO - py4j.ClientServerConnection.run(ClientServerConnection.java:106)
[2025-03-20T16:07:31.788+0000] {spark_submit.py:645} INFO - java.base/java.lang.Thread.run(Thread.java:840)
[2025-03-20T16:07:31.788+0000] {spark_submit.py:645} INFO - 
[2025-03-20T16:07:31.789+0000] {spark_submit.py:645} INFO - The currently active SparkContext was created at:
[2025-03-20T16:07:31.789+0000] {spark_submit.py:645} INFO - 
[2025-03-20T16:07:31.790+0000] {spark_submit.py:645} INFO - org.apache.spark.api.java.JavaSparkContext.<init>(JavaSparkContext.scala:58)
[2025-03-20T16:07:31.790+0000] {spark_submit.py:645} INFO - java.base/jdk.internal.reflect.NativeConstructorAccessorImpl.newInstance0(Native Method)
[2025-03-20T16:07:31.790+0000] {spark_submit.py:645} INFO - java.base/jdk.internal.reflect.NativeConstructorAccessorImpl.newInstance(NativeConstructorAccessorImpl.java:77)
[2025-03-20T16:07:31.791+0000] {spark_submit.py:645} INFO - java.base/jdk.internal.reflect.DelegatingConstructorAccessorImpl.newInstance(DelegatingConstructorAccessorImpl.java:45)
[2025-03-20T16:07:31.791+0000] {spark_submit.py:645} INFO - java.base/java.lang.reflect.Constructor.newInstanceWithCaller(Constructor.java:500)
[2025-03-20T16:07:31.791+0000] {spark_submit.py:645} INFO - java.base/java.lang.reflect.Constructor.newInstance(Constructor.java:481)
[2025-03-20T16:07:31.792+0000] {spark_submit.py:645} INFO - py4j.reflection.MethodInvoker.invoke(MethodInvoker.java:247)
[2025-03-20T16:07:31.792+0000] {spark_submit.py:645} INFO - py4j.reflection.ReflectionEngine.invoke(ReflectionEngine.java:374)
[2025-03-20T16:07:31.793+0000] {spark_submit.py:645} INFO - py4j.Gateway.invoke(Gateway.java:238)
[2025-03-20T16:07:31.793+0000] {spark_submit.py:645} INFO - py4j.commands.ConstructorCommand.invokeConstructor(ConstructorCommand.java:80)
[2025-03-20T16:07:31.793+0000] {spark_submit.py:645} INFO - py4j.commands.ConstructorCommand.execute(ConstructorCommand.java:69)
[2025-03-20T16:07:31.794+0000] {spark_submit.py:645} INFO - py4j.ClientServerConnection.waitForCommands(ClientServerConnection.java:182)
[2025-03-20T16:07:31.794+0000] {spark_submit.py:645} INFO - py4j.ClientServerConnection.run(ClientServerConnection.java:106)
[2025-03-20T16:07:31.794+0000] {spark_submit.py:645} INFO - java.base/java.lang.Thread.run(Thread.java:840)
[2025-03-20T16:07:31.795+0000] {spark_submit.py:645} INFO - 
[2025-03-20T16:07:31.795+0000] {spark_submit.py:645} INFO - at org.apache.spark.SparkContext.assertNotStopped(SparkContext.scala:122)
[2025-03-20T16:07:31.796+0000] {spark_submit.py:645} INFO - at org.apache.spark.sql.SparkSession.<init>(SparkSession.scala:113)
[2025-03-20T16:07:31.796+0000] {spark_submit.py:645} INFO - at org.apache.spark.sql.SparkSession.<init>(SparkSession.scala:106)
[2025-03-20T16:07:31.796+0000] {spark_submit.py:645} INFO - at java.base/jdk.internal.reflect.NativeConstructorAccessorImpl.newInstance0(Native Method)
[2025-03-20T16:07:31.799+0000] {spark_submit.py:645} INFO - at java.base/jdk.internal.reflect.NativeConstructorAccessorImpl.newInstance(NativeConstructorAccessorImpl.java:77)
[2025-03-20T16:07:31.801+0000] {spark_submit.py:645} INFO - at java.base/jdk.internal.reflect.DelegatingConstructorAccessorImpl.newInstance(DelegatingConstructorAccessorImpl.java:45)
[2025-03-20T16:07:31.806+0000] {spark_submit.py:645} INFO - at java.base/java.lang.reflect.Constructor.newInstanceWithCaller(Constructor.java:500)
[2025-03-20T16:07:31.807+0000] {spark_submit.py:645} INFO - at java.base/java.lang.reflect.Constructor.newInstance(Constructor.java:481)
[2025-03-20T16:07:31.808+0000] {spark_submit.py:645} INFO - at py4j.reflection.MethodInvoker.invoke(MethodInvoker.java:247)
[2025-03-20T16:07:31.808+0000] {spark_submit.py:645} INFO - at py4j.reflection.ReflectionEngine.invoke(ReflectionEngine.java:374)
[2025-03-20T16:07:31.810+0000] {spark_submit.py:645} INFO - at py4j.Gateway.invoke(Gateway.java:238)
[2025-03-20T16:07:31.810+0000] {spark_submit.py:645} INFO - at py4j.commands.ConstructorCommand.invokeConstructor(ConstructorCommand.java:80)
[2025-03-20T16:07:31.811+0000] {spark_submit.py:645} INFO - at py4j.commands.ConstructorCommand.execute(ConstructorCommand.java:69)
[2025-03-20T16:07:31.812+0000] {spark_submit.py:645} INFO - at py4j.ClientServerConnection.waitForCommands(ClientServerConnection.java:182)
[2025-03-20T16:07:31.813+0000] {spark_submit.py:645} INFO - at py4j.ClientServerConnection.run(ClientServerConnection.java:106)
[2025-03-20T16:07:31.813+0000] {spark_submit.py:645} INFO - at java.base/java.lang.Thread.run(Thread.java:840)
[2025-03-20T16:07:31.815+0000] {spark_submit.py:645} INFO - 
[2025-03-20T16:07:31.816+0000] {spark_submit.py:645} INFO - 25/03/20 16:07:31 INFO MapOutputTrackerMasterEndpoint: MapOutputTrackerMasterEndpoint stopped!
[2025-03-20T16:07:31.847+0000] {spark_submit.py:645} INFO - 25/03/20 16:07:31 INFO MemoryStore: MemoryStore cleared
[2025-03-20T16:07:31.848+0000] {spark_submit.py:645} INFO - 25/03/20 16:07:31 INFO BlockManager: BlockManager stopped
[2025-03-20T16:07:31.859+0000] {spark_submit.py:645} INFO - 25/03/20 16:07:31 INFO BlockManagerMaster: BlockManagerMaster stopped
[2025-03-20T16:07:31.865+0000] {spark_submit.py:645} INFO - 25/03/20 16:07:31 INFO OutputCommitCoordinator$OutputCommitCoordinatorEndpoint: OutputCommitCoordinator stopped!
[2025-03-20T16:07:31.902+0000] {spark_submit.py:645} INFO - 25/03/20 16:07:31 INFO SparkContext: Successfully stopped SparkContext
[2025-03-20T16:07:31.954+0000] {spark_submit.py:645} INFO - 25/03/20 16:07:31 INFO ShutdownHookManager: Shutdown hook called
[2025-03-20T16:07:31.955+0000] {spark_submit.py:645} INFO - 25/03/20 16:07:31 INFO ShutdownHookManager: Deleting directory /tmp/spark-8a0b2e1d-aa7e-45e4-ac71-60bbf517ef75
[2025-03-20T16:07:31.963+0000] {spark_submit.py:645} INFO - 25/03/20 16:07:31 INFO ShutdownHookManager: Deleting directory /tmp/spark-118b5dc1-cda6-4147-891b-07c2f40fa40d
[2025-03-20T16:07:31.971+0000] {spark_submit.py:645} INFO - 25/03/20 16:07:31 INFO ShutdownHookManager: Deleting directory /tmp/spark-8a0b2e1d-aa7e-45e4-ac71-60bbf517ef75/pyspark-a90288d5-e0ef-46f5-97f4-908668ef7148
[2025-03-20T16:07:32.753+0000] {taskinstance.py:3313} ERROR - Task failed with exception
Traceback (most recent call last):
  File "/home/airflow/.local/lib/python3.12/site-packages/airflow/models/taskinstance.py", line 768, in _execute_task
    result = _execute_callable(context=context, **execute_callable_kwargs)
             ^^^^^^^^^^^^^^^^^^^^^^^^^^^^^^^^^^^^^^^^^^^^^^^^^^^^^^^^^^^^^
  File "/home/airflow/.local/lib/python3.12/site-packages/airflow/models/taskinstance.py", line 734, in _execute_callable
    return ExecutionCallableRunner(
           ^^^^^^^^^^^^^^^^^^^^^^^^
  File "/home/airflow/.local/lib/python3.12/site-packages/airflow/utils/operator_helpers.py", line 252, in run
    return self.func(*args, **kwargs)
           ^^^^^^^^^^^^^^^^^^^^^^^^^^
  File "/home/airflow/.local/lib/python3.12/site-packages/airflow/models/baseoperator.py", line 424, in wrapper
    return func(self, *args, **kwargs)
           ^^^^^^^^^^^^^^^^^^^^^^^^^^^
  File "/home/airflow/.local/lib/python3.12/site-packages/airflow/providers/apache/spark/operators/spark_submit.py", line 177, in execute
    self._hook.submit(self.application)
  File "/home/airflow/.local/lib/python3.12/site-packages/airflow/providers/apache/spark/hooks/spark_submit.py", line 567, in submit
    raise AirflowException(
airflow.exceptions.AirflowException: Cannot execute: spark-submit --master spark://spark-master:7077 --name arrow-spark --verbose --deploy-mode client /opt/***/dags/fetch_and_clean_data.py. Error code is: 1.
[2025-03-20T16:07:32.886+0000] {logging_mixin.py:190} INFO - Task instance in failure state
[2025-03-20T16:07:32.887+0000] {logging_mixin.py:190} INFO - Task start:2025-03-20 16:04:31.449513+00:00 end:2025-03-20 16:07:32.818606+00:00 duration:181.369093
[2025-03-20T16:07:32.897+0000] {logging_mixin.py:190} INFO - Task:<Task(SparkSubmitOperator): clean_and_load_to_silver_layer> dag:<DAG: ETL_breweries_list> dagrun:<DagRun ETL_breweries_list @ 2025-03-20 16:02:12.641298+00:00: manual__2025-03-20T16:02:12.641298+00:00, state:running, queued_at: 2025-03-20 16:02:12.819374+00:00. externally triggered: True>
[2025-03-20T16:07:32.898+0000] {logging_mixin.py:190} INFO - Failure caused by Cannot execute: spark-submit --master spark://spark-master:7077 --name arrow-spark --verbose --deploy-mode client /opt/***/dags/fetch_and_clean_data.py. Error code is: 1.
[2025-03-20T16:07:32.902+0000] {taskinstance.py:1226} INFO - Marking task as FAILED. dag_id=ETL_breweries_list, task_id=clean_and_load_to_silver_layer, run_id=manual__2025-03-20T16:02:12.641298+00:00, execution_date=20250320T160212, start_date=20250320T160431, end_date=20250320T160732
[2025-03-20T16:07:33.120+0000] {taskinstance.py:341} INFO - ::group::Post task execution logs
[2025-03-20T16:07:33.130+0000] {standard_task_runner.py:124} ERROR - Failed to execute job 161 for task clean_and_load_to_silver_layer (Cannot execute: spark-submit --master spark://spark-master:7077 --name arrow-spark --verbose --deploy-mode client /opt/***/dags/fetch_and_clean_data.py. Error code is: 1.; 465)
Traceback (most recent call last):
  File "/home/airflow/.local/lib/python3.12/site-packages/airflow/task/task_runner/standard_task_runner.py", line 117, in _start_by_fork
    ret = args.func(args, dag=self.dag)
          ^^^^^^^^^^^^^^^^^^^^^^^^^^^^^
  File "/home/airflow/.local/lib/python3.12/site-packages/airflow/cli/cli_config.py", line 49, in command
    return func(*args, **kwargs)
           ^^^^^^^^^^^^^^^^^^^^^
  File "/home/airflow/.local/lib/python3.12/site-packages/airflow/utils/cli.py", line 116, in wrapper
    return f(*args, **kwargs)
           ^^^^^^^^^^^^^^^^^^
  File "/home/airflow/.local/lib/python3.12/site-packages/airflow/cli/commands/task_command.py", line 483, in task_run
    task_return_code = _run_task_by_selected_method(args, _dag, ti)
                       ^^^^^^^^^^^^^^^^^^^^^^^^^^^^^^^^^^^^^^^^^^^^
  File "/home/airflow/.local/lib/python3.12/site-packages/airflow/cli/commands/task_command.py", line 256, in _run_task_by_selected_method
    return _run_raw_task(args, ti)
           ^^^^^^^^^^^^^^^^^^^^^^^
  File "/home/airflow/.local/lib/python3.12/site-packages/airflow/cli/commands/task_command.py", line 341, in _run_raw_task
    return ti._run_raw_task(
           ^^^^^^^^^^^^^^^^^
  File "/home/airflow/.local/lib/python3.12/site-packages/airflow/utils/session.py", line 97, in wrapper
    return func(*args, session=session, **kwargs)
           ^^^^^^^^^^^^^^^^^^^^^^^^^^^^^^^^^^^^^^
  File "/home/airflow/.local/lib/python3.12/site-packages/airflow/models/taskinstance.py", line 3006, in _run_raw_task
    return _run_raw_task(
           ^^^^^^^^^^^^^^
  File "/home/airflow/.local/lib/python3.12/site-packages/airflow/models/taskinstance.py", line 274, in _run_raw_task
    TaskInstance._execute_task_with_callbacks(
  File "/home/airflow/.local/lib/python3.12/site-packages/airflow/models/taskinstance.py", line 3161, in _execute_task_with_callbacks
    result = self._execute_task(context, task_orig)
             ^^^^^^^^^^^^^^^^^^^^^^^^^^^^^^^^^^^^^^
  File "/home/airflow/.local/lib/python3.12/site-packages/airflow/models/taskinstance.py", line 3185, in _execute_task
    return _execute_task(self, context, task_orig)
           ^^^^^^^^^^^^^^^^^^^^^^^^^^^^^^^^^^^^^^^
  File "/home/airflow/.local/lib/python3.12/site-packages/airflow/models/taskinstance.py", line 768, in _execute_task
    result = _execute_callable(context=context, **execute_callable_kwargs)
             ^^^^^^^^^^^^^^^^^^^^^^^^^^^^^^^^^^^^^^^^^^^^^^^^^^^^^^^^^^^^^
  File "/home/airflow/.local/lib/python3.12/site-packages/airflow/models/taskinstance.py", line 734, in _execute_callable
    return ExecutionCallableRunner(
           ^^^^^^^^^^^^^^^^^^^^^^^^
  File "/home/airflow/.local/lib/python3.12/site-packages/airflow/utils/operator_helpers.py", line 252, in run
    return self.func(*args, **kwargs)
           ^^^^^^^^^^^^^^^^^^^^^^^^^^
  File "/home/airflow/.local/lib/python3.12/site-packages/airflow/models/baseoperator.py", line 424, in wrapper
    return func(self, *args, **kwargs)
           ^^^^^^^^^^^^^^^^^^^^^^^^^^^
  File "/home/airflow/.local/lib/python3.12/site-packages/airflow/providers/apache/spark/operators/spark_submit.py", line 177, in execute
    self._hook.submit(self.application)
  File "/home/airflow/.local/lib/python3.12/site-packages/airflow/providers/apache/spark/hooks/spark_submit.py", line 567, in submit
    raise AirflowException(
airflow.exceptions.AirflowException: Cannot execute: spark-submit --master spark://spark-master:7077 --name arrow-spark --verbose --deploy-mode client /opt/***/dags/fetch_and_clean_data.py. Error code is: 1.
[2025-03-20T16:07:33.270+0000] {local_task_job_runner.py:266} INFO - Task exited with return code 1
[2025-03-20T16:07:33.570+0000] {taskinstance.py:3901} INFO - 0 downstream tasks scheduled from follow-on schedule check
[2025-03-20T16:07:33.597+0000] {local_task_job_runner.py:245} INFO - ::endgroup::
