[2025-03-20T22:24:08.732+0000] {local_task_job_runner.py:123} INFO - ::group::Pre task execution logs
[2025-03-20T22:24:08.881+0000] {taskinstance.py:2614} INFO - Dependencies all met for dep_context=non-requeueable deps ti=<TaskInstance: ETL_breweries_list.create_view_and_load_to_gold manual__2025-03-20T22:22:33.328195+00:00 [queued]>
[2025-03-20T22:24:08.893+0000] {taskinstance.py:2614} INFO - Dependencies all met for dep_context=requeueable deps ti=<TaskInstance: ETL_breweries_list.create_view_and_load_to_gold manual__2025-03-20T22:22:33.328195+00:00 [queued]>
[2025-03-20T22:24:08.893+0000] {taskinstance.py:2867} INFO - Starting attempt 1 of 2
[2025-03-20T22:24:09.031+0000] {taskinstance.py:2890} INFO - Executing <Task(PythonOperator): create_view_and_load_to_gold> on 2025-03-20 22:22:33.328195+00:00
[2025-03-20T22:24:09.046+0000] {warnings.py:112} WARNING - /home/***/.local/lib/python3.12/site-packages/***/task/task_runner/standard_task_runner.py:70: DeprecationWarning: This process (pid=751) is multi-threaded, use of fork() may lead to deadlocks in the child.
  pid = os.fork()

[2025-03-20T22:24:09.051+0000] {standard_task_runner.py:72} INFO - Started process 753 to run task
[2025-03-20T22:24:09.056+0000] {standard_task_runner.py:104} INFO - Running: ['***', 'tasks', 'run', 'ETL_breweries_list', 'create_view_and_load_to_gold', 'manual__2025-03-20T22:22:33.328195+00:00', '--job-id', '261', '--raw', '--subdir', 'DAGS_FOLDER/breweries_list_etl.py', '--cfg-path', '/tmp/tmpfrtzqoau']
[2025-03-20T22:24:09.058+0000] {standard_task_runner.py:105} INFO - Job 261: Subtask create_view_and_load_to_gold
[2025-03-20T22:24:10.584+0000] {task_command.py:467} INFO - Running <TaskInstance: ETL_breweries_list.create_view_and_load_to_gold manual__2025-03-20T22:22:33.328195+00:00 [running]> on host 5414e2764892
[2025-03-20T22:24:13.926+0000] {taskinstance.py:3134} INFO - Exporting env vars: AIRFLOW_CTX_DAG_OWNER='***' AIRFLOW_CTX_DAG_ID='ETL_breweries_list' AIRFLOW_CTX_TASK_ID='create_view_and_load_to_gold' AIRFLOW_CTX_EXECUTION_DATE='2025-03-20T22:22:33.328195+00:00' AIRFLOW_CTX_TRY_NUMBER='1' AIRFLOW_CTX_DAG_RUN_ID='manual__2025-03-20T22:22:33.328195+00:00'
[2025-03-20T22:24:13.969+0000] {logging_mixin.py:190} INFO - Task instance is in running state
[2025-03-20T22:24:13.970+0000] {logging_mixin.py:190} INFO -  Previous state of the Task instance: queued
[2025-03-20T22:24:13.972+0000] {logging_mixin.py:190} INFO - Current task name:create_view_and_load_to_gold state:running start_date:2025-03-20 22:24:08.881418+00:00
[2025-03-20T22:24:13.972+0000] {logging_mixin.py:190} INFO - Dag name:ETL_breweries_list and current dag run status:running
[2025-03-20T22:24:13.973+0000] {taskinstance.py:732} INFO - ::endgroup::
[2025-03-20T22:24:18.668+0000] {breweries_list_etl.py:175} INFO - Fetched silver/IRELAND/LAOIS/breweries.parquet
[2025-03-20T22:24:18.701+0000] {breweries_list_etl.py:175} INFO - Fetched silver/UNITED STATES/ARIZONA/breweries.parquet
[2025-03-20T22:24:18.719+0000] {breweries_list_etl.py:175} INFO - Fetched silver/UNITED STATES/CALIFORNIA/breweries.parquet
[2025-03-20T22:24:18.738+0000] {breweries_list_etl.py:175} INFO - Fetched silver/UNITED STATES/COLORADO/breweries.parquet
[2025-03-20T22:24:18.799+0000] {breweries_list_etl.py:175} INFO - Fetched silver/UNITED STATES/DELAWARE/breweries.parquet
[2025-03-20T22:24:18.861+0000] {breweries_list_etl.py:175} INFO - Fetched silver/UNITED STATES/IDAHO/breweries.parquet
[2025-03-20T22:24:18.911+0000] {breweries_list_etl.py:175} INFO - Fetched silver/UNITED STATES/ILLINOIS/breweries.parquet
[2025-03-20T22:24:18.968+0000] {breweries_list_etl.py:175} INFO - Fetched silver/UNITED STATES/INDIANA/breweries.parquet
[2025-03-20T22:24:18.989+0000] {breweries_list_etl.py:175} INFO - Fetched silver/UNITED STATES/IOWA/breweries.parquet
[2025-03-20T22:24:19.007+0000] {breweries_list_etl.py:175} INFO - Fetched silver/UNITED STATES/MARYLAND/breweries.parquet
[2025-03-20T22:24:19.026+0000] {breweries_list_etl.py:175} INFO - Fetched silver/UNITED STATES/MASSACHUSETTS/breweries.parquet
[2025-03-20T22:24:19.135+0000] {breweries_list_etl.py:175} INFO - Fetched silver/UNITED STATES/MICHIGAN/breweries.parquet
[2025-03-20T22:24:19.171+0000] {breweries_list_etl.py:175} INFO - Fetched silver/UNITED STATES/MINNESOTA/breweries.parquet
[2025-03-20T22:24:19.215+0000] {breweries_list_etl.py:175} INFO - Fetched silver/UNITED STATES/MISSISSIPPI/breweries.parquet
[2025-03-20T22:24:19.332+0000] {breweries_list_etl.py:175} INFO - Fetched silver/UNITED STATES/NEVADA/breweries.parquet
[2025-03-20T22:24:19.351+0000] {breweries_list_etl.py:175} INFO - Fetched silver/UNITED STATES/NEW YORK/breweries.parquet
[2025-03-20T22:24:19.373+0000] {breweries_list_etl.py:175} INFO - Fetched silver/UNITED STATES/NORTH CAROLINA/breweries.parquet
[2025-03-20T22:24:19.391+0000] {breweries_list_etl.py:175} INFO - Fetched silver/UNITED STATES/OHIO/breweries.parquet
[2025-03-20T22:24:19.412+0000] {breweries_list_etl.py:175} INFO - Fetched silver/UNITED STATES/OKLAHOMA/breweries.parquet
[2025-03-20T22:24:19.429+0000] {breweries_list_etl.py:175} INFO - Fetched silver/UNITED STATES/OREGON/breweries.parquet
[2025-03-20T22:24:19.461+0000] {breweries_list_etl.py:175} INFO - Fetched silver/UNITED STATES/PENNSYLVANIA/breweries.parquet
[2025-03-20T22:24:19.518+0000] {breweries_list_etl.py:175} INFO - Fetched silver/UNITED STATES/SOUTH CAROLINA/breweries.parquet
[2025-03-20T22:24:19.550+0000] {breweries_list_etl.py:175} INFO - Fetched silver/UNITED STATES/TEXAS/breweries.parquet
[2025-03-20T22:24:19.577+0000] {breweries_list_etl.py:175} INFO - Fetched silver/UNITED STATES/VERMONT/breweries.parquet
[2025-03-20T22:24:19.616+0000] {breweries_list_etl.py:175} INFO - Fetched silver/UNITED STATES/VIRGINIA/breweries.parquet
[2025-03-20T22:24:19.652+0000] {breweries_list_etl.py:175} INFO - Fetched silver/UNITED STATES/WASHINGTON/breweries.parquet
[2025-03-20T22:24:19.704+0000] {breweries_list_etl.py:175} INFO - Fetched silver/UNITED STATES/WISCONSIN/breweries.parquet
[2025-03-20T22:24:19.933+0000] {breweries_list_etl.py:204} INFO - Aggregated view successfully saved to view_aggregated_breweries.parquet
[2025-03-20T22:24:20.008+0000] {python.py:240} INFO - Done. Returned value was: None
[2025-03-20T22:24:20.072+0000] {taskinstance.py:341} INFO - ::group::Post task execution logs
[2025-03-20T22:24:20.073+0000] {taskinstance.py:353} INFO - Marking task as SUCCESS. dag_id=ETL_breweries_list, task_id=create_view_and_load_to_gold, run_id=manual__2025-03-20T22:22:33.328195+00:00, execution_date=20250320T222233, start_date=20250320T222408, end_date=20250320T222420
[2025-03-20T22:24:20.127+0000] {logging_mixin.py:190} INFO - Task instance in success state
[2025-03-20T22:24:20.127+0000] {logging_mixin.py:190} INFO -  Previous state of the Task instance: running
[2025-03-20T22:24:20.128+0000] {logging_mixin.py:190} INFO - Dag name:ETL_breweries_list queued_at:2025-03-20 22:22:33.960581+00:00
[2025-03-20T22:24:20.128+0000] {logging_mixin.py:190} INFO - Task hostname:5414e2764892 operator:PythonOperator
[2025-03-20T22:24:20.189+0000] {local_task_job_runner.py:266} INFO - Task exited with return code 0
[2025-03-20T22:24:20.266+0000] {taskinstance.py:3901} INFO - 1 downstream tasks scheduled from follow-on schedule check
[2025-03-20T22:24:20.271+0000] {local_task_job_runner.py:245} INFO - ::endgroup::
