[2025-03-20T22:17:05.958+0000] {local_task_job_runner.py:123} INFO - ::group::Pre task execution logs
[2025-03-20T22:17:05.986+0000] {taskinstance.py:2614} INFO - Dependencies all met for dep_context=non-requeueable deps ti=<TaskInstance: ETL_breweries_list.load_view_into_postgres manual__2025-03-20T22:15:36.708843+00:00 [queued]>
[2025-03-20T22:17:06.000+0000] {taskinstance.py:2614} INFO - Dependencies all met for dep_context=requeueable deps ti=<TaskInstance: ETL_breweries_list.load_view_into_postgres manual__2025-03-20T22:15:36.708843+00:00 [queued]>
[2025-03-20T22:17:06.000+0000] {taskinstance.py:2867} INFO - Starting attempt 1 of 2
[2025-03-20T22:17:06.023+0000] {taskinstance.py:2890} INFO - Executing <Task(PythonOperator): load_view_into_postgres> on 2025-03-20 22:15:36.708843+00:00
[2025-03-20T22:17:06.034+0000] {warnings.py:112} WARNING - /home/***/.local/lib/python3.12/site-packages/***/task/task_runner/standard_task_runner.py:70: DeprecationWarning: This process (pid=641) is multi-threaded, use of fork() may lead to deadlocks in the child.
  pid = os.fork()

[2025-03-20T22:17:06.036+0000] {standard_task_runner.py:72} INFO - Started process 643 to run task
[2025-03-20T22:17:06.036+0000] {standard_task_runner.py:104} INFO - Running: ['***', 'tasks', 'run', 'ETL_breweries_list', 'load_view_into_postgres', 'manual__2025-03-20T22:15:36.708843+00:00', '--job-id', '254', '--raw', '--subdir', 'DAGS_FOLDER/breweries_list_etl.py', '--cfg-path', '/tmp/tmp788w7qig']
[2025-03-20T22:17:06.038+0000] {standard_task_runner.py:105} INFO - Job 254: Subtask load_view_into_postgres
[2025-03-20T22:17:06.492+0000] {task_command.py:467} INFO - Running <TaskInstance: ETL_breweries_list.load_view_into_postgres manual__2025-03-20T22:15:36.708843+00:00 [running]> on host 5414e2764892
[2025-03-20T22:17:06.658+0000] {taskinstance.py:3134} INFO - Exporting env vars: AIRFLOW_CTX_DAG_OWNER='***' AIRFLOW_CTX_DAG_ID='ETL_breweries_list' AIRFLOW_CTX_TASK_ID='load_view_into_postgres' AIRFLOW_CTX_EXECUTION_DATE='2025-03-20T22:15:36.708843+00:00' AIRFLOW_CTX_TRY_NUMBER='1' AIRFLOW_CTX_DAG_RUN_ID='manual__2025-03-20T22:15:36.708843+00:00'
[2025-03-20T22:17:06.659+0000] {logging_mixin.py:190} INFO - Task instance is in running state
[2025-03-20T22:17:06.659+0000] {logging_mixin.py:190} INFO -  Previous state of the Task instance: queued
[2025-03-20T22:17:06.660+0000] {logging_mixin.py:190} INFO - Current task name:load_view_into_postgres state:running start_date:2025-03-20 22:17:05.987050+00:00
[2025-03-20T22:17:06.660+0000] {logging_mixin.py:190} INFO - Dag name:ETL_breweries_list and current dag run status:running
[2025-03-20T22:17:06.660+0000] {taskinstance.py:732} INFO - ::endgroup::
[2025-03-20T22:17:06.730+0000] {base.py:84} INFO - Retrieving connection 'brewery_connection'
[2025-03-20T22:17:06.730+0000] {sql.py:186} WARNING - This setter is for backward compatibility and should not be used.
Since the introduction of connection property, the providers listed below breaks due to assigning value to self.connection in their __init__ method.
* apache-***-providers-mysql<5.7.1
* apache-***-providers-elasticsearch<5.5.1
* apache-***-providers-postgres<5.13.0
[2025-03-20T22:17:06.731+0000] {breweries_list_etl.py:234} ERROR - Failed to insert aggregated data: string indices must be integers, not 'str'
[2025-03-20T22:17:06.740+0000] {python.py:240} INFO - Done. Returned value was: None
[2025-03-20T22:17:06.798+0000] {taskinstance.py:341} INFO - ::group::Post task execution logs
[2025-03-20T22:17:06.799+0000] {taskinstance.py:353} INFO - Marking task as SUCCESS. dag_id=ETL_breweries_list, task_id=load_view_into_postgres, run_id=manual__2025-03-20T22:15:36.708843+00:00, execution_date=20250320T221536, start_date=20250320T221705, end_date=20250320T221706
[2025-03-20T22:17:06.872+0000] {logging_mixin.py:190} INFO - Task instance in success state
[2025-03-20T22:17:06.873+0000] {logging_mixin.py:190} INFO -  Previous state of the Task instance: running
[2025-03-20T22:17:06.873+0000] {logging_mixin.py:190} INFO - Dag name:ETL_breweries_list queued_at:2025-03-20 22:15:36.884348+00:00
[2025-03-20T22:17:06.874+0000] {logging_mixin.py:190} INFO - Task hostname:5414e2764892 operator:PythonOperator
[2025-03-20T22:17:06.937+0000] {local_task_job_runner.py:266} INFO - Task exited with return code 0
[2025-03-20T22:17:06.952+0000] {local_task_job_runner.py:245} INFO - ::endgroup::
