[2025-03-20T23:37:05.329+0000] {local_task_job_runner.py:123} INFO - ::group::Pre task execution logs
[2025-03-20T23:37:05.359+0000] {taskinstance.py:2614} INFO - Dependencies all met for dep_context=non-requeueable deps ti=<TaskInstance: ETL_breweries_list.load_view_into_postgres manual__2025-03-20T23:35:33.327642+00:00 [queued]>
[2025-03-20T23:37:05.375+0000] {taskinstance.py:2614} INFO - Dependencies all met for dep_context=requeueable deps ti=<TaskInstance: ETL_breweries_list.load_view_into_postgres manual__2025-03-20T23:35:33.327642+00:00 [queued]>
[2025-03-20T23:37:05.376+0000] {taskinstance.py:2867} INFO - Starting attempt 1 of 2
[2025-03-20T23:37:05.396+0000] {taskinstance.py:2890} INFO - Executing <Task(PythonOperator): load_view_into_postgres> on 2025-03-20 23:35:33.327642+00:00
[2025-03-20T23:37:05.406+0000] {warnings.py:112} WARNING - /home/***/.local/lib/python3.12/site-packages/***/task/task_runner/standard_task_runner.py:70: DeprecationWarning: This process (pid=1683) is multi-threaded, use of fork() may lead to deadlocks in the child.
  pid = os.fork()

[2025-03-20T23:37:05.410+0000] {standard_task_runner.py:72} INFO - Started process 1685 to run task
[2025-03-20T23:37:05.410+0000] {standard_task_runner.py:104} INFO - Running: ['***', 'tasks', 'run', 'ETL_breweries_list', 'load_view_into_postgres', 'manual__2025-03-20T23:35:33.327642+00:00', '--job-id', '281', '--raw', '--subdir', 'DAGS_FOLDER/breweries_list_etl.py', '--cfg-path', '/tmp/tmpb4zggc7a']
[2025-03-20T23:37:05.412+0000] {standard_task_runner.py:105} INFO - Job 281: Subtask load_view_into_postgres
[2025-03-20T23:37:05.755+0000] {task_command.py:467} INFO - Running <TaskInstance: ETL_breweries_list.load_view_into_postgres manual__2025-03-20T23:35:33.327642+00:00 [running]> on host 5414e2764892
[2025-03-20T23:37:05.871+0000] {taskinstance.py:3134} INFO - Exporting env vars: AIRFLOW_CTX_DAG_OWNER='***' AIRFLOW_CTX_DAG_ID='ETL_breweries_list' AIRFLOW_CTX_TASK_ID='load_view_into_postgres' AIRFLOW_CTX_EXECUTION_DATE='2025-03-20T23:35:33.327642+00:00' AIRFLOW_CTX_TRY_NUMBER='1' AIRFLOW_CTX_DAG_RUN_ID='manual__2025-03-20T23:35:33.327642+00:00'
[2025-03-20T23:37:05.872+0000] {logging_mixin.py:190} INFO - Task instance is in running state
[2025-03-20T23:37:05.872+0000] {logging_mixin.py:190} INFO -  Previous state of the Task instance: queued
[2025-03-20T23:37:05.872+0000] {logging_mixin.py:190} INFO - Current task name:load_view_into_postgres state:running start_date:2025-03-20 23:37:05.359969+00:00
[2025-03-20T23:37:05.873+0000] {logging_mixin.py:190} INFO - Dag name:ETL_breweries_list and current dag run status:running
[2025-03-20T23:37:05.873+0000] {taskinstance.py:732} INFO - ::endgroup::
[2025-03-20T23:37:05.903+0000] {base.py:84} INFO - Retrieving connection 'brewery_connection'
[2025-03-20T23:37:05.904+0000] {sql.py:186} WARNING - This setter is for backward compatibility and should not be used.
Since the introduction of connection property, the providers listed below breaks due to assigning value to self.connection in their __init__ method.
* apache-***-providers-mysql<5.7.1
* apache-***-providers-elasticsearch<5.5.1
* apache-***-providers-postgres<5.13.0
[2025-03-20T23:37:05.911+0000] {sql.py:511} INFO - Running statement: 
        INSERT INTO brewery_type_per_location (country, state, brewery_type, brewery_count)
        VALUES (%s, %s, %s, %s)
        ON CONFLICT (country, state, brewery_type) DO UPDATE
        SET brewery_count = EXCLUDED.brewery_count;
        , parameters: ('IRELAND', 'LAOIS', 'MICRO', 1)
[2025-03-20T23:37:05.926+0000] {breweries_list_etl.py:240} ERROR - Failed to insert aggregated data: there is no unique or exclusion constraint matching the ON CONFLICT specification

[2025-03-20T23:37:05.927+0000] {python.py:240} INFO - Done. Returned value was: None
[2025-03-20T23:37:05.952+0000] {taskinstance.py:341} INFO - ::group::Post task execution logs
[2025-03-20T23:37:05.952+0000] {taskinstance.py:353} INFO - Marking task as SUCCESS. dag_id=ETL_breweries_list, task_id=load_view_into_postgres, run_id=manual__2025-03-20T23:35:33.327642+00:00, execution_date=20250320T233533, start_date=20250320T233705, end_date=20250320T233705
[2025-03-20T23:37:06.021+0000] {logging_mixin.py:190} INFO - Task instance in success state
[2025-03-20T23:37:06.022+0000] {logging_mixin.py:190} INFO -  Previous state of the Task instance: running
[2025-03-20T23:37:06.023+0000] {logging_mixin.py:190} INFO - Dag name:ETL_breweries_list queued_at:2025-03-20 23:35:33.783036+00:00
[2025-03-20T23:37:06.024+0000] {logging_mixin.py:190} INFO - Task hostname:5414e2764892 operator:PythonOperator
[2025-03-20T23:37:06.075+0000] {local_task_job_runner.py:266} INFO - Task exited with return code 0
[2025-03-20T23:37:06.298+0000] {taskinstance.py:3901} INFO - 0 downstream tasks scheduled from follow-on schedule check
[2025-03-20T23:37:06.301+0000] {local_task_job_runner.py:245} INFO - ::endgroup::
