[2025-03-20T21:53:31.683+0000] {local_task_job_runner.py:123} INFO - ::group::Pre task execution logs
[2025-03-20T21:53:31.784+0000] {taskinstance.py:2614} INFO - Dependencies all met for dep_context=non-requeueable deps ti=<TaskInstance: ETL_breweries_list.clean_and_load_to_silver_layer manual__2025-03-20T21:51:54.624451+00:00 [queued]>
[2025-03-20T21:53:31.829+0000] {taskinstance.py:2614} INFO - Dependencies all met for dep_context=requeueable deps ti=<TaskInstance: ETL_breweries_list.clean_and_load_to_silver_layer manual__2025-03-20T21:51:54.624451+00:00 [queued]>
[2025-03-20T21:53:31.830+0000] {taskinstance.py:2867} INFO - Starting attempt 1 of 2
[2025-03-20T21:53:31.878+0000] {taskinstance.py:2890} INFO - Executing <Task(PythonOperator): clean_and_load_to_silver_layer> on 2025-03-20 21:51:54.624451+00:00
[2025-03-20T21:53:31.890+0000] {warnings.py:112} WARNING - /home/***/.local/lib/python3.12/site-packages/***/task/task_runner/standard_task_runner.py:70: DeprecationWarning: This process (pid=300) is multi-threaded, use of fork() may lead to deadlocks in the child.
  pid = os.fork()

[2025-03-20T21:53:31.893+0000] {standard_task_runner.py:72} INFO - Started process 302 to run task
[2025-03-20T21:53:31.893+0000] {standard_task_runner.py:104} INFO - Running: ['***', 'tasks', 'run', 'ETL_breweries_list', 'clean_and_load_to_silver_layer', 'manual__2025-03-20T21:51:54.624451+00:00', '--job-id', '242', '--raw', '--subdir', 'DAGS_FOLDER/breweries_list_etl.py', '--cfg-path', '/tmp/tmpcj9d_r3y']
[2025-03-20T21:53:31.894+0000] {standard_task_runner.py:105} INFO - Job 242: Subtask clean_and_load_to_silver_layer
[2025-03-20T21:53:32.265+0000] {task_command.py:467} INFO - Running <TaskInstance: ETL_breweries_list.clean_and_load_to_silver_layer manual__2025-03-20T21:51:54.624451+00:00 [running]> on host 5414e2764892
[2025-03-20T21:53:32.388+0000] {taskinstance.py:3134} INFO - Exporting env vars: AIRFLOW_CTX_DAG_OWNER='***' AIRFLOW_CTX_DAG_ID='ETL_breweries_list' AIRFLOW_CTX_TASK_ID='clean_and_load_to_silver_layer' AIRFLOW_CTX_EXECUTION_DATE='2025-03-20T21:51:54.624451+00:00' AIRFLOW_CTX_TRY_NUMBER='1' AIRFLOW_CTX_DAG_RUN_ID='manual__2025-03-20T21:51:54.624451+00:00'
[2025-03-20T21:53:32.389+0000] {logging_mixin.py:190} INFO - Task instance is in running state
[2025-03-20T21:53:32.389+0000] {logging_mixin.py:190} INFO -  Previous state of the Task instance: queued
[2025-03-20T21:53:32.389+0000] {logging_mixin.py:190} INFO - Current task name:clean_and_load_to_silver_layer state:running start_date:2025-03-20 21:53:31.787020+00:00
[2025-03-20T21:53:32.390+0000] {logging_mixin.py:190} INFO - Dag name:ETL_breweries_list and current dag run status:running
[2025-03-20T21:53:32.390+0000] {taskinstance.py:732} INFO - ::endgroup::
[2025-03-20T21:53:32.461+0000] {breweries_list_etl.py:117} INFO - Data successfully read from bronze bucket
[2025-03-20T21:53:32.584+0000] {breweries_list_etl.py:155} INFO - Data saved successfully to silver/IRELAND/LAOIS/breweries.parquet
[2025-03-20T21:53:32.618+0000] {breweries_list_etl.py:155} INFO - Data saved successfully to silver/UNITED STATES/ARIZONA/breweries.parquet
[2025-03-20T21:53:32.636+0000] {breweries_list_etl.py:155} INFO - Data saved successfully to silver/UNITED STATES/CALIFORNIA/breweries.parquet
[2025-03-20T21:53:32.659+0000] {breweries_list_etl.py:155} INFO - Data saved successfully to silver/UNITED STATES/COLORADO/breweries.parquet
[2025-03-20T21:53:32.676+0000] {breweries_list_etl.py:155} INFO - Data saved successfully to silver/UNITED STATES/DELAWARE/breweries.parquet
[2025-03-20T21:53:32.697+0000] {breweries_list_etl.py:155} INFO - Data saved successfully to silver/UNITED STATES/IDAHO/breweries.parquet
[2025-03-20T21:53:32.738+0000] {breweries_list_etl.py:155} INFO - Data saved successfully to silver/UNITED STATES/ILLINOIS/breweries.parquet
[2025-03-20T21:53:32.771+0000] {breweries_list_etl.py:155} INFO - Data saved successfully to silver/UNITED STATES/INDIANA/breweries.parquet
[2025-03-20T21:53:32.789+0000] {breweries_list_etl.py:155} INFO - Data saved successfully to silver/UNITED STATES/IOWA/breweries.parquet
[2025-03-20T21:53:32.804+0000] {breweries_list_etl.py:155} INFO - Data saved successfully to silver/UNITED STATES/MARYLAND/breweries.parquet
[2025-03-20T21:53:32.819+0000] {breweries_list_etl.py:155} INFO - Data saved successfully to silver/UNITED STATES/MASSACHUSETTS/breweries.parquet
[2025-03-20T21:53:32.835+0000] {breweries_list_etl.py:155} INFO - Data saved successfully to silver/UNITED STATES/MICHIGAN/breweries.parquet
[2025-03-20T21:53:32.858+0000] {breweries_list_etl.py:155} INFO - Data saved successfully to silver/UNITED STATES/MINNESOTA/breweries.parquet
[2025-03-20T21:53:32.874+0000] {breweries_list_etl.py:155} INFO - Data saved successfully to silver/UNITED STATES/MISSISSIPPI/breweries.parquet
[2025-03-20T21:53:32.892+0000] {breweries_list_etl.py:155} INFO - Data saved successfully to silver/UNITED STATES/NEVADA/breweries.parquet
[2025-03-20T21:53:32.916+0000] {breweries_list_etl.py:155} INFO - Data saved successfully to silver/UNITED STATES/NEW YORK/breweries.parquet
[2025-03-20T21:53:32.944+0000] {breweries_list_etl.py:155} INFO - Data saved successfully to silver/UNITED STATES/NORTH CAROLINA/breweries.parquet
[2025-03-20T21:53:32.985+0000] {breweries_list_etl.py:155} INFO - Data saved successfully to silver/UNITED STATES/OHIO/breweries.parquet
[2025-03-20T21:53:33.016+0000] {breweries_list_etl.py:155} INFO - Data saved successfully to silver/UNITED STATES/OKLAHOMA/breweries.parquet
[2025-03-20T21:53:33.039+0000] {breweries_list_etl.py:155} INFO - Data saved successfully to silver/UNITED STATES/OREGON/breweries.parquet
[2025-03-20T21:53:33.063+0000] {breweries_list_etl.py:155} INFO - Data saved successfully to silver/UNITED STATES/PENNSYLVANIA/breweries.parquet
[2025-03-20T21:53:33.103+0000] {breweries_list_etl.py:155} INFO - Data saved successfully to silver/UNITED STATES/SOUTH CAROLINA/breweries.parquet
[2025-03-20T21:53:33.124+0000] {breweries_list_etl.py:155} INFO - Data saved successfully to silver/UNITED STATES/TEXAS/breweries.parquet
[2025-03-20T21:53:33.172+0000] {breweries_list_etl.py:155} INFO - Data saved successfully to silver/UNITED STATES/VERMONT/breweries.parquet
[2025-03-20T21:53:33.225+0000] {breweries_list_etl.py:155} INFO - Data saved successfully to silver/UNITED STATES/VIRGINIA/breweries.parquet
[2025-03-20T21:53:33.250+0000] {breweries_list_etl.py:155} INFO - Data saved successfully to silver/UNITED STATES/WASHINGTON/breweries.parquet
[2025-03-20T21:53:33.279+0000] {breweries_list_etl.py:155} INFO - Data saved successfully to silver/UNITED STATES/WISCONSIN/breweries.parquet
[2025-03-20T21:53:33.280+0000] {python.py:240} INFO - Done. Returned value was: None
[2025-03-20T21:53:33.293+0000] {taskinstance.py:341} INFO - ::group::Post task execution logs
[2025-03-20T21:53:33.293+0000] {taskinstance.py:353} INFO - Marking task as SUCCESS. dag_id=ETL_breweries_list, task_id=clean_and_load_to_silver_layer, run_id=manual__2025-03-20T21:51:54.624451+00:00, execution_date=20250320T215154, start_date=20250320T215331, end_date=20250320T215333
[2025-03-20T21:53:33.351+0000] {logging_mixin.py:190} INFO - Task instance in success state
[2025-03-20T21:53:33.352+0000] {logging_mixin.py:190} INFO -  Previous state of the Task instance: running
[2025-03-20T21:53:33.353+0000] {logging_mixin.py:190} INFO - Dag name:ETL_breweries_list queued_at:2025-03-20 21:51:54.950966+00:00
[2025-03-20T21:53:33.353+0000] {logging_mixin.py:190} INFO - Task hostname:5414e2764892 operator:PythonOperator
[2025-03-20T21:53:33.398+0000] {local_task_job_runner.py:266} INFO - Task exited with return code 0
[2025-03-20T21:53:33.700+0000] {taskinstance.py:3901} INFO - 1 downstream tasks scheduled from follow-on schedule check
[2025-03-20T21:53:33.709+0000] {local_task_job_runner.py:245} INFO - ::endgroup::
