[2025-03-20T09:30:03.107+0000] {local_task_job_runner.py:123} INFO - ::group::Pre task execution logs
[2025-03-20T09:30:03.309+0000] {taskinstance.py:2614} INFO - Dependencies all met for dep_context=non-requeueable deps ti=<TaskInstance: ETL_breweries_list.pipeline_end manual__2025-03-20T09:26:09.176886+00:00 [queued]>
[2025-03-20T09:30:03.387+0000] {taskinstance.py:2614} INFO - Dependencies all met for dep_context=requeueable deps ti=<TaskInstance: ETL_breweries_list.pipeline_end manual__2025-03-20T09:26:09.176886+00:00 [queued]>
[2025-03-20T09:30:03.389+0000] {taskinstance.py:2867} INFO - Starting attempt 1 of 2
[2025-03-20T09:30:03.453+0000] {taskinstance.py:2890} INFO - Executing <Task(BashOperator): pipeline_end> on 2025-03-20 09:26:09.176886+00:00
[2025-03-20T09:30:03.480+0000] {standard_task_runner.py:104} INFO - Running: ['***', 'tasks', 'run', 'ETL_breweries_list', 'pipeline_end', 'manual__2025-03-20T09:26:09.176886+00:00', '--job-id', '103', '--raw', '--subdir', 'DAGS_FOLDER/breweries_list_etl.py', '--cfg-path', '/tmp/tmpe414vfx6']
[2025-03-20T09:30:03.486+0000] {standard_task_runner.py:105} INFO - Job 103: Subtask pipeline_end
[2025-03-20T09:30:03.475+0000] {warnings.py:112} WARNING - /home/***/.local/lib/python3.12/site-packages/***/task/task_runner/standard_task_runner.py:70: DeprecationWarning: This process (pid=222) is multi-threaded, use of fork() may lead to deadlocks in the child.
  pid = os.fork()

[2025-03-20T09:30:03.487+0000] {standard_task_runner.py:72} INFO - Started process 224 to run task
[2025-03-20T09:30:03.733+0000] {task_command.py:467} INFO - Running <TaskInstance: ETL_breweries_list.pipeline_end manual__2025-03-20T09:26:09.176886+00:00 [running]> on host 795b184f50db
[2025-03-20T09:30:04.010+0000] {taskinstance.py:3134} INFO - Exporting env vars: AIRFLOW_CTX_DAG_OWNER='***' AIRFLOW_CTX_DAG_ID='ETL_breweries_list' AIRFLOW_CTX_TASK_ID='pipeline_end' AIRFLOW_CTX_EXECUTION_DATE='2025-03-20T09:26:09.176886+00:00' AIRFLOW_CTX_TRY_NUMBER='1' AIRFLOW_CTX_DAG_RUN_ID='manual__2025-03-20T09:26:09.176886+00:00'
[2025-03-20T09:30:04.014+0000] {logging_mixin.py:190} INFO - Task instance is in running state
[2025-03-20T09:30:04.015+0000] {logging_mixin.py:190} INFO -  Previous state of the Task instance: queued
[2025-03-20T09:30:04.015+0000] {logging_mixin.py:190} INFO - Current task name:pipeline_end state:running start_date:2025-03-20 09:30:03.310578+00:00
[2025-03-20T09:30:04.016+0000] {logging_mixin.py:190} INFO - Dag name:ETL_breweries_list and current dag run status:running
[2025-03-20T09:30:04.017+0000] {taskinstance.py:732} INFO - ::endgroup::
[2025-03-20T09:30:04.018+0000] {subprocess.py:78} INFO - Tmp dir root location: /tmp
[2025-03-20T09:30:04.020+0000] {subprocess.py:88} INFO - Running command: ['/usr/bin/bash', '-c', 'echo "PIPELINE ENDED"; sleep 15']
[2025-03-20T09:30:04.084+0000] {subprocess.py:99} INFO - Output:
[2025-03-20T09:30:04.087+0000] {subprocess.py:106} INFO - PIPELINE ENDED
[2025-03-20T09:30:08.567+0000] {job.py:229} INFO - Heartbeat recovered after 16.47 seconds
[2025-03-20T09:30:19.094+0000] {subprocess.py:110} INFO - Command exited with return code 0
[2025-03-20T09:30:19.203+0000] {taskinstance.py:341} INFO - ::group::Post task execution logs
[2025-03-20T09:30:19.215+0000] {taskinstance.py:353} INFO - Marking task as SUCCESS. dag_id=ETL_breweries_list, task_id=pipeline_end, run_id=manual__2025-03-20T09:26:09.176886+00:00, execution_date=20250320T092609, start_date=20250320T093003, end_date=20250320T093019
[2025-03-20T09:30:19.418+0000] {logging_mixin.py:190} INFO - Task instance in success state
[2025-03-20T09:30:19.422+0000] {logging_mixin.py:190} INFO -  Previous state of the Task instance: running
[2025-03-20T09:30:19.427+0000] {logging_mixin.py:190} INFO - Dag name:ETL_breweries_list queued_at:2025-03-20 09:26:09.318955+00:00
[2025-03-20T09:30:19.438+0000] {logging_mixin.py:190} INFO - Task hostname:795b184f50db operator:BashOperator
[2025-03-20T09:30:19.526+0000] {local_task_job_runner.py:266} INFO - Task exited with return code 0
[2025-03-20T09:30:19.630+0000] {taskinstance.py:3901} INFO - 0 downstream tasks scheduled from follow-on schedule check
[2025-03-20T09:30:19.988+0000] {local_task_job_runner.py:245} INFO - ::endgroup::
