[2025-03-20T19:02:32.551+0000] {local_task_job_runner.py:123} INFO - ::group::Pre task execution logs
[2025-03-20T19:02:32.591+0000] {taskinstance.py:2614} INFO - Dependencies all met for dep_context=non-requeueable deps ti=<TaskInstance: ETL_breweries_list.pipeline_end manual__2025-03-20T19:01:01.189539+00:00 [queued]>
[2025-03-20T19:02:32.806+0000] {taskinstance.py:2614} INFO - Dependencies all met for dep_context=requeueable deps ti=<TaskInstance: ETL_breweries_list.pipeline_end manual__2025-03-20T19:01:01.189539+00:00 [queued]>
[2025-03-20T19:02:32.806+0000] {taskinstance.py:2867} INFO - Starting attempt 1 of 2
[2025-03-20T19:02:34.388+0000] {taskinstance.py:2890} INFO - Executing <Task(BashOperator): pipeline_end> on 2025-03-20 19:01:01.189539+00:00
[2025-03-20T19:02:34.400+0000] {warnings.py:112} WARNING - /home/***/.local/lib/python3.12/site-packages/***/task/task_runner/standard_task_runner.py:70: DeprecationWarning: This process (pid=704) is multi-threaded, use of fork() may lead to deadlocks in the child.
  pid = os.fork()

[2025-03-20T19:02:34.401+0000] {standard_task_runner.py:72} INFO - Started process 713 to run task
[2025-03-20T19:02:34.425+0000] {standard_task_runner.py:104} INFO - Running: ['***', 'tasks', 'run', 'ETL_breweries_list', 'pipeline_end', 'manual__2025-03-20T19:01:01.189539+00:00', '--job-id', '212', '--raw', '--subdir', 'DAGS_FOLDER/breweries_list_etl.py', '--cfg-path', '/tmp/tmp_6dkpv4e']
[2025-03-20T19:02:34.427+0000] {standard_task_runner.py:105} INFO - Job 212: Subtask pipeline_end
[2025-03-20T19:02:35.353+0000] {task_command.py:467} INFO - Running <TaskInstance: ETL_breweries_list.pipeline_end manual__2025-03-20T19:01:01.189539+00:00 [running]> on host d8a3cf37e739
[2025-03-20T19:02:35.792+0000] {taskinstance.py:3134} INFO - Exporting env vars: AIRFLOW_CTX_DAG_OWNER='***' AIRFLOW_CTX_DAG_ID='ETL_breweries_list' AIRFLOW_CTX_TASK_ID='pipeline_end' AIRFLOW_CTX_EXECUTION_DATE='2025-03-20T19:01:01.189539+00:00' AIRFLOW_CTX_TRY_NUMBER='1' AIRFLOW_CTX_DAG_RUN_ID='manual__2025-03-20T19:01:01.189539+00:00'
[2025-03-20T19:02:35.798+0000] {logging_mixin.py:190} INFO - Task instance is in running state
[2025-03-20T19:02:35.805+0000] {logging_mixin.py:190} INFO -  Previous state of the Task instance: queued
[2025-03-20T19:02:35.806+0000] {logging_mixin.py:190} INFO - Current task name:pipeline_end state:running start_date:2025-03-20 19:02:32.592499+00:00
[2025-03-20T19:02:35.815+0000] {logging_mixin.py:190} INFO - Dag name:ETL_breweries_list and current dag run status:running
[2025-03-20T19:02:35.816+0000] {taskinstance.py:732} INFO - ::endgroup::
[2025-03-20T19:02:35.818+0000] {subprocess.py:78} INFO - Tmp dir root location: /tmp
[2025-03-20T19:02:35.820+0000] {subprocess.py:88} INFO - Running command: ['/usr/bin/bash', '-c', 'echo "PIPELINE ENDED"; sleep 15']
[2025-03-20T19:02:35.875+0000] {subprocess.py:99} INFO - Output:
[2025-03-20T19:02:35.879+0000] {subprocess.py:106} INFO - PIPELINE ENDED
[2025-03-20T19:02:50.888+0000] {subprocess.py:110} INFO - Command exited with return code 0
[2025-03-20T19:02:50.951+0000] {taskinstance.py:341} INFO - ::group::Post task execution logs
[2025-03-20T19:02:50.952+0000] {taskinstance.py:353} INFO - Marking task as SUCCESS. dag_id=ETL_breweries_list, task_id=pipeline_end, run_id=manual__2025-03-20T19:01:01.189539+00:00, execution_date=20250320T190101, start_date=20250320T190232, end_date=20250320T190250
[2025-03-20T19:02:50.985+0000] {logging_mixin.py:190} INFO - Task instance in success state
[2025-03-20T19:02:50.986+0000] {logging_mixin.py:190} INFO -  Previous state of the Task instance: running
[2025-03-20T19:02:50.986+0000] {logging_mixin.py:190} INFO - Dag name:ETL_breweries_list queued_at:2025-03-20 19:01:03.376328+00:00
[2025-03-20T19:02:50.986+0000] {logging_mixin.py:190} INFO - Task hostname:d8a3cf37e739 operator:BashOperator
[2025-03-20T19:02:51.005+0000] {local_task_job_runner.py:266} INFO - Task exited with return code 0
[2025-03-20T19:02:51.021+0000] {taskinstance.py:3901} INFO - 0 downstream tasks scheduled from follow-on schedule check
[2025-03-20T19:02:51.024+0000] {local_task_job_runner.py:245} INFO - ::endgroup::
