[2025-03-20T18:37:02.695+0000] {local_task_job_runner.py:123} INFO - ::group::Pre task execution logs
[2025-03-20T18:37:02.797+0000] {taskinstance.py:2614} INFO - Dependencies all met for dep_context=non-requeueable deps ti=<TaskInstance: ETL_breweries_list.clean_and_load_to_silver_layer manual__2025-03-20T18:34:35.507261+00:00 [queued]>
[2025-03-20T18:37:02.969+0000] {taskinstance.py:2614} INFO - Dependencies all met for dep_context=requeueable deps ti=<TaskInstance: ETL_breweries_list.clean_and_load_to_silver_layer manual__2025-03-20T18:34:35.507261+00:00 [queued]>
[2025-03-20T18:37:02.969+0000] {taskinstance.py:2867} INFO - Starting attempt 1 of 2
[2025-03-20T18:37:05.041+0000] {taskinstance.py:2890} INFO - Executing <Task(PythonOperator): clean_and_load_to_silver_layer> on 2025-03-20 18:34:35.507261+00:00
[2025-03-20T18:37:05.058+0000] {warnings.py:112} WARNING - /home/***/.local/lib/python3.12/site-packages/***/task/task_runner/standard_task_runner.py:70: DeprecationWarning: This process (pid=284) is multi-threaded, use of fork() may lead to deadlocks in the child.
  pid = os.fork()

[2025-03-20T18:37:05.060+0000] {standard_task_runner.py:72} INFO - Started process 286 to run task
[2025-03-20T18:37:05.068+0000] {standard_task_runner.py:104} INFO - Running: ['***', 'tasks', 'run', 'ETL_breweries_list', 'clean_and_load_to_silver_layer', 'manual__2025-03-20T18:34:35.507261+00:00', '--job-id', '188', '--raw', '--subdir', 'DAGS_FOLDER/breweries_list_etl.py', '--cfg-path', '/tmp/tmp3v3zz6lg']
[2025-03-20T18:37:05.071+0000] {standard_task_runner.py:105} INFO - Job 188: Subtask clean_and_load_to_silver_layer
[2025-03-20T18:37:05.633+0000] {task_command.py:467} INFO - Running <TaskInstance: ETL_breweries_list.clean_and_load_to_silver_layer manual__2025-03-20T18:34:35.507261+00:00 [running]> on host d8a3cf37e739
[2025-03-20T18:37:07.186+0000] {taskinstance.py:3134} INFO - Exporting env vars: AIRFLOW_CTX_DAG_OWNER='***' AIRFLOW_CTX_DAG_ID='ETL_breweries_list' AIRFLOW_CTX_TASK_ID='clean_and_load_to_silver_layer' AIRFLOW_CTX_EXECUTION_DATE='2025-03-20T18:34:35.507261+00:00' AIRFLOW_CTX_TRY_NUMBER='1' AIRFLOW_CTX_DAG_RUN_ID='manual__2025-03-20T18:34:35.507261+00:00'
[2025-03-20T18:37:07.195+0000] {logging_mixin.py:190} INFO - Task instance is in running state
[2025-03-20T18:37:07.198+0000] {logging_mixin.py:190} INFO -  Previous state of the Task instance: queued
[2025-03-20T18:37:07.200+0000] {logging_mixin.py:190} INFO - Current task name:clean_and_load_to_silver_layer state:running start_date:2025-03-20 18:37:02.797769+00:00
[2025-03-20T18:37:07.201+0000] {logging_mixin.py:190} INFO - Dag name:ETL_breweries_list and current dag run status:running
[2025-03-20T18:37:07.202+0000] {taskinstance.py:732} INFO - ::endgroup::
[2025-03-20T18:37:10.622+0000] {breweries_list_etl.py:115} INFO - Data successfully read from bronze bucket
[2025-03-20T18:37:10.929+0000] {breweries_list_etl.py:153} INFO - Data saved successfully to silver/IRELAND/LAOIS/breweries.parquet
[2025-03-20T18:37:10.984+0000] {breweries_list_etl.py:153} INFO - Data saved successfully to silver/UNITED STATES/ARIZONA/breweries.parquet
[2025-03-20T18:37:11.021+0000] {breweries_list_etl.py:153} INFO - Data saved successfully to silver/UNITED STATES/CALIFORNIA/breweries.parquet
[2025-03-20T18:37:11.066+0000] {breweries_list_etl.py:153} INFO - Data saved successfully to silver/UNITED STATES/COLORADO/breweries.parquet
[2025-03-20T18:37:11.095+0000] {breweries_list_etl.py:153} INFO - Data saved successfully to silver/UNITED STATES/DELAWARE/breweries.parquet
[2025-03-20T18:37:11.152+0000] {breweries_list_etl.py:153} INFO - Data saved successfully to silver/UNITED STATES/IDAHO/breweries.parquet
[2025-03-20T18:37:11.196+0000] {breweries_list_etl.py:153} INFO - Data saved successfully to silver/UNITED STATES/ILLINOIS/breweries.parquet
[2025-03-20T18:37:11.228+0000] {breweries_list_etl.py:153} INFO - Data saved successfully to silver/UNITED STATES/INDIANA/breweries.parquet
[2025-03-20T18:37:11.426+0000] {breweries_list_etl.py:153} INFO - Data saved successfully to silver/UNITED STATES/IOWA/breweries.parquet
[2025-03-20T18:37:11.495+0000] {breweries_list_etl.py:153} INFO - Data saved successfully to silver/UNITED STATES/MARYLAND/breweries.parquet
[2025-03-20T18:37:11.720+0000] {breweries_list_etl.py:153} INFO - Data saved successfully to silver/UNITED STATES/MASSACHUSETTS/breweries.parquet
[2025-03-20T18:37:11.795+0000] {breweries_list_etl.py:153} INFO - Data saved successfully to silver/UNITED STATES/MICHIGAN/breweries.parquet
[2025-03-20T18:37:11.823+0000] {breweries_list_etl.py:153} INFO - Data saved successfully to silver/UNITED STATES/MINNESOTA/breweries.parquet
[2025-03-20T18:37:11.850+0000] {breweries_list_etl.py:153} INFO - Data saved successfully to silver/UNITED STATES/MISSISSIPPI/breweries.parquet
[2025-03-20T18:37:11.877+0000] {breweries_list_etl.py:153} INFO - Data saved successfully to silver/UNITED STATES/NEVADA/breweries.parquet
[2025-03-20T18:37:11.905+0000] {breweries_list_etl.py:153} INFO - Data saved successfully to silver/UNITED STATES/NEW YORK/breweries.parquet
[2025-03-20T18:37:11.930+0000] {breweries_list_etl.py:153} INFO - Data saved successfully to silver/UNITED STATES/NORTH CAROLINA/breweries.parquet
[2025-03-20T18:37:11.952+0000] {breweries_list_etl.py:153} INFO - Data saved successfully to silver/UNITED STATES/OHIO/breweries.parquet
[2025-03-20T18:37:11.984+0000] {breweries_list_etl.py:153} INFO - Data saved successfully to silver/UNITED STATES/OKLAHOMA/breweries.parquet
[2025-03-20T18:37:12.004+0000] {breweries_list_etl.py:153} INFO - Data saved successfully to silver/UNITED STATES/OREGON/breweries.parquet
[2025-03-20T18:37:12.021+0000] {breweries_list_etl.py:153} INFO - Data saved successfully to silver/UNITED STATES/PENNSYLVANIA/breweries.parquet
[2025-03-20T18:37:12.040+0000] {breweries_list_etl.py:153} INFO - Data saved successfully to silver/UNITED STATES/SOUTH CAROLINA/breweries.parquet
[2025-03-20T18:37:12.071+0000] {breweries_list_etl.py:153} INFO - Data saved successfully to silver/UNITED STATES/TEXAS/breweries.parquet
[2025-03-20T18:37:12.091+0000] {breweries_list_etl.py:153} INFO - Data saved successfully to silver/UNITED STATES/VERMONT/breweries.parquet
[2025-03-20T18:37:12.111+0000] {breweries_list_etl.py:153} INFO - Data saved successfully to silver/UNITED STATES/VIRGINIA/breweries.parquet
[2025-03-20T18:37:12.131+0000] {breweries_list_etl.py:153} INFO - Data saved successfully to silver/UNITED STATES/WASHINGTON/breweries.parquet
[2025-03-20T18:37:12.149+0000] {breweries_list_etl.py:153} INFO - Data saved successfully to silver/UNITED STATES/WISCONSIN/breweries.parquet
[2025-03-20T18:37:12.150+0000] {python.py:240} INFO - Done. Returned value was: None
[2025-03-20T18:37:12.163+0000] {taskinstance.py:341} INFO - ::group::Post task execution logs
[2025-03-20T18:37:12.164+0000] {taskinstance.py:353} INFO - Marking task as SUCCESS. dag_id=ETL_breweries_list, task_id=clean_and_load_to_silver_layer, run_id=manual__2025-03-20T18:34:35.507261+00:00, execution_date=20250320T183435, start_date=20250320T183702, end_date=20250320T183712
[2025-03-20T18:37:12.202+0000] {logging_mixin.py:190} INFO - Task instance in success state
[2025-03-20T18:37:12.202+0000] {logging_mixin.py:190} INFO -  Previous state of the Task instance: running
[2025-03-20T18:37:12.202+0000] {logging_mixin.py:190} INFO - Dag name:ETL_breweries_list queued_at:2025-03-20 18:34:36.147163+00:00
[2025-03-20T18:37:12.203+0000] {logging_mixin.py:190} INFO - Task hostname:d8a3cf37e739 operator:PythonOperator
[2025-03-20T18:37:12.223+0000] {local_task_job_runner.py:266} INFO - Task exited with return code 0
[2025-03-20T18:37:12.283+0000] {taskinstance.py:3901} INFO - 1 downstream tasks scheduled from follow-on schedule check
[2025-03-20T18:37:12.290+0000] {local_task_job_runner.py:245} INFO - ::endgroup::
