[2025-03-20T21:54:06.251+0000] {local_task_job_runner.py:123} INFO - ::group::Pre task execution logs
[2025-03-20T21:54:06.281+0000] {taskinstance.py:2614} INFO - Dependencies all met for dep_context=non-requeueable deps ti=<TaskInstance: ETL_breweries_list.load_view_into_postgres manual__2025-03-20T21:51:54.624451+00:00 [queued]>
[2025-03-20T21:54:06.298+0000] {taskinstance.py:2614} INFO - Dependencies all met for dep_context=requeueable deps ti=<TaskInstance: ETL_breweries_list.load_view_into_postgres manual__2025-03-20T21:51:54.624451+00:00 [queued]>
[2025-03-20T21:54:06.299+0000] {taskinstance.py:2867} INFO - Starting attempt 1 of 2
[2025-03-20T21:54:06.445+0000] {taskinstance.py:2890} INFO - Executing <Task(PythonOperator): load_view_into_postgres> on 2025-03-20 21:51:54.624451+00:00
[2025-03-20T21:54:06.467+0000] {warnings.py:112} WARNING - /home/***/.local/lib/python3.12/site-packages/***/task/task_runner/standard_task_runner.py:70: DeprecationWarning: This process (pid=324) is multi-threaded, use of fork() may lead to deadlocks in the child.
  pid = os.fork()

[2025-03-20T21:54:06.470+0000] {standard_task_runner.py:72} INFO - Started process 326 to run task
[2025-03-20T21:54:06.472+0000] {standard_task_runner.py:104} INFO - Running: ['***', 'tasks', 'run', 'ETL_breweries_list', 'load_view_into_postgres', 'manual__2025-03-20T21:51:54.624451+00:00', '--job-id', '245', '--raw', '--subdir', 'DAGS_FOLDER/breweries_list_etl.py', '--cfg-path', '/tmp/tmpyst8ler2']
[2025-03-20T21:54:06.475+0000] {standard_task_runner.py:105} INFO - Job 245: Subtask load_view_into_postgres
[2025-03-20T21:54:06.948+0000] {task_command.py:467} INFO - Running <TaskInstance: ETL_breweries_list.load_view_into_postgres manual__2025-03-20T21:51:54.624451+00:00 [running]> on host 5414e2764892
[2025-03-20T21:54:07.585+0000] {taskinstance.py:3134} INFO - Exporting env vars: AIRFLOW_CTX_DAG_OWNER='***' AIRFLOW_CTX_DAG_ID='ETL_breweries_list' AIRFLOW_CTX_TASK_ID='load_view_into_postgres' AIRFLOW_CTX_EXECUTION_DATE='2025-03-20T21:51:54.624451+00:00' AIRFLOW_CTX_TRY_NUMBER='1' AIRFLOW_CTX_DAG_RUN_ID='manual__2025-03-20T21:51:54.624451+00:00'
[2025-03-20T21:54:07.586+0000] {logging_mixin.py:190} INFO - Task instance is in running state
[2025-03-20T21:54:07.586+0000] {logging_mixin.py:190} INFO -  Previous state of the Task instance: queued
[2025-03-20T21:54:07.587+0000] {logging_mixin.py:190} INFO - Current task name:load_view_into_postgres state:running start_date:2025-03-20 21:54:06.282315+00:00
[2025-03-20T21:54:07.587+0000] {logging_mixin.py:190} INFO - Dag name:ETL_breweries_list and current dag run status:running
[2025-03-20T21:54:07.588+0000] {taskinstance.py:732} INFO - ::endgroup::
[2025-03-20T21:54:07.589+0000] {breweries_list_etl.py:234} ERROR - Failed to insert aggregated data: 'TaskInstance' object has no attribute 'xom_pull'
[2025-03-20T21:54:07.589+0000] {python.py:240} INFO - Done. Returned value was: None
[2025-03-20T21:54:07.610+0000] {taskinstance.py:341} INFO - ::group::Post task execution logs
[2025-03-20T21:54:07.611+0000] {taskinstance.py:353} INFO - Marking task as SUCCESS. dag_id=ETL_breweries_list, task_id=load_view_into_postgres, run_id=manual__2025-03-20T21:51:54.624451+00:00, execution_date=20250320T215154, start_date=20250320T215406, end_date=20250320T215407
[2025-03-20T21:54:08.064+0000] {logging_mixin.py:190} INFO - Task instance in success state
[2025-03-20T21:54:08.065+0000] {logging_mixin.py:190} INFO -  Previous state of the Task instance: running
[2025-03-20T21:54:08.067+0000] {logging_mixin.py:190} INFO - Dag name:ETL_breweries_list queued_at:2025-03-20 21:51:54.950966+00:00
[2025-03-20T21:54:08.068+0000] {logging_mixin.py:190} INFO - Task hostname:5414e2764892 operator:PythonOperator
[2025-03-20T21:54:08.123+0000] {local_task_job_runner.py:266} INFO - Task exited with return code 0
[2025-03-20T21:54:08.381+0000] {taskinstance.py:3901} INFO - 1 downstream tasks scheduled from follow-on schedule check
[2025-03-20T21:54:08.524+0000] {local_task_job_runner.py:245} INFO - ::endgroup::
