[2025-03-20T17:09:36.929+0000] {local_task_job_runner.py:123} INFO - ::group::Pre task execution logs
[2025-03-20T17:09:39.152+0000] {taskinstance.py:2614} INFO - Dependencies all met for dep_context=non-requeueable deps ti=<TaskInstance: ETL_breweries_list.extract_from_api manual__2025-03-20T17:07:36.774527+00:00 [queued]>
[2025-03-20T17:09:39.164+0000] {taskinstance.py:2614} INFO - Dependencies all met for dep_context=requeueable deps ti=<TaskInstance: ETL_breweries_list.extract_from_api manual__2025-03-20T17:07:36.774527+00:00 [queued]>
[2025-03-20T17:09:39.165+0000] {taskinstance.py:2867} INFO - Starting attempt 1 of 2
[2025-03-20T17:09:43.575+0000] {taskinstance.py:2890} INFO - Executing <Task(PythonOperator): extract_from_api> on 2025-03-20 17:07:36.774527+00:00
[2025-03-20T17:09:43.587+0000] {warnings.py:112} WARNING - /home/***/.local/lib/python3.12/site-packages/***/task/task_runner/standard_task_runner.py:70: DeprecationWarning: This process (pid=207) is multi-threaded, use of fork() may lead to deadlocks in the child.
  pid = os.fork()

[2025-03-20T17:09:43.589+0000] {standard_task_runner.py:72} INFO - Started process 209 to run task
[2025-03-20T17:09:43.714+0000] {standard_task_runner.py:104} INFO - Running: ['***', 'tasks', 'run', 'ETL_breweries_list', 'extract_from_api', 'manual__2025-03-20T17:07:36.774527+00:00', '--job-id', '173', '--raw', '--subdir', 'DAGS_FOLDER/breweries_list_etl.py', '--cfg-path', '/tmp/tmpvujtnlzw']
[2025-03-20T17:09:43.717+0000] {standard_task_runner.py:105} INFO - Job 173: Subtask extract_from_api
[2025-03-20T17:09:44.918+0000] {task_command.py:467} INFO - Running <TaskInstance: ETL_breweries_list.extract_from_api manual__2025-03-20T17:07:36.774527+00:00 [running]> on host a0c933cdb3ee
[2025-03-20T17:09:46.687+0000] {taskinstance.py:3134} INFO - Exporting env vars: AIRFLOW_CTX_DAG_OWNER='***' AIRFLOW_CTX_DAG_ID='ETL_breweries_list' AIRFLOW_CTX_TASK_ID='extract_from_api' AIRFLOW_CTX_EXECUTION_DATE='2025-03-20T17:07:36.774527+00:00' AIRFLOW_CTX_TRY_NUMBER='1' AIRFLOW_CTX_DAG_RUN_ID='manual__2025-03-20T17:07:36.774527+00:00'
[2025-03-20T17:09:46.688+0000] {logging_mixin.py:190} INFO - Task instance is in running state
[2025-03-20T17:09:46.688+0000] {logging_mixin.py:190} INFO -  Previous state of the Task instance: queued
[2025-03-20T17:09:46.689+0000] {logging_mixin.py:190} INFO - Current task name:extract_from_api state:running start_date:2025-03-20 17:09:39.152877+00:00
[2025-03-20T17:09:46.689+0000] {logging_mixin.py:190} INFO - Dag name:ETL_breweries_list and current dag run status:running
[2025-03-20T17:09:46.689+0000] {taskinstance.py:732} INFO - ::endgroup::
[2025-03-20T17:09:49.356+0000] {job.py:229} INFO - Heartbeat recovered after 15.45 seconds
[2025-03-20T17:09:56.326+0000] {breweries_list_etl.py:41} INFO - Breweries list is not empty (SUCCESS)!
[2025-03-20T17:09:56.453+0000] {breweries_list_etl.py:46} INFO - 
Number of breweries: id                50
name              50
brewery_type      50
address_1         47
address_2          1
address_3          0
city              50
state_province    50
postal_code       50
country           50
longitude         40
latitude          40
phone             45
website_url       39
state             50
street            47
dtype: int64
[2025-03-20T17:09:57.957+0000] {python.py:240} INFO - Done. Returned value was: None
[2025-03-20T17:09:58.006+0000] {taskinstance.py:341} INFO - ::group::Post task execution logs
[2025-03-20T17:09:58.008+0000] {taskinstance.py:353} INFO - Marking task as SUCCESS. dag_id=ETL_breweries_list, task_id=extract_from_api, run_id=manual__2025-03-20T17:07:36.774527+00:00, execution_date=20250320T170736, start_date=20250320T170939, end_date=20250320T170958
[2025-03-20T17:09:58.257+0000] {logging_mixin.py:190} INFO - Task instance in success state
[2025-03-20T17:09:58.258+0000] {logging_mixin.py:190} INFO -  Previous state of the Task instance: running
[2025-03-20T17:09:58.261+0000] {logging_mixin.py:190} INFO - Dag name:ETL_breweries_list queued_at:2025-03-20 17:07:36.855953+00:00
[2025-03-20T17:09:58.262+0000] {logging_mixin.py:190} INFO - Task hostname:a0c933cdb3ee operator:PythonOperator
[2025-03-20T17:09:58.413+0000] {local_task_job_runner.py:266} INFO - Task exited with return code 0
[2025-03-20T17:09:58.659+0000] {taskinstance.py:3901} INFO - 1 downstream tasks scheduled from follow-on schedule check
[2025-03-20T17:09:58.679+0000] {local_task_job_runner.py:245} INFO - ::endgroup::
