[2025-03-20T22:22:48.420+0000] {local_task_job_runner.py:123} INFO - ::group::Pre task execution logs
[2025-03-20T22:22:48.439+0000] {taskinstance.py:2614} INFO - Dependencies all met for dep_context=non-requeueable deps ti=<TaskInstance: ETL_breweries_list.start_pipeline manual__2025-03-20T22:22:33.328195+00:00 [queued]>
[2025-03-20T22:22:48.451+0000] {taskinstance.py:2614} INFO - Dependencies all met for dep_context=requeueable deps ti=<TaskInstance: ETL_breweries_list.start_pipeline manual__2025-03-20T22:22:33.328195+00:00 [queued]>
[2025-03-20T22:22:48.452+0000] {taskinstance.py:2867} INFO - Starting attempt 1 of 2
[2025-03-20T22:22:48.471+0000] {taskinstance.py:2890} INFO - Executing <Task(BashOperator): start_pipeline> on 2025-03-20 22:22:33.328195+00:00
[2025-03-20T22:22:48.493+0000] {warnings.py:112} WARNING - /home/***/.local/lib/python3.12/site-packages/***/task/task_runner/standard_task_runner.py:70: DeprecationWarning: This process (pid=715) is multi-threaded, use of fork() may lead to deadlocks in the child.
  pid = os.fork()

[2025-03-20T22:22:48.496+0000] {standard_task_runner.py:72} INFO - Started process 717 to run task
[2025-03-20T22:22:48.502+0000] {standard_task_runner.py:104} INFO - Running: ['***', 'tasks', 'run', 'ETL_breweries_list', 'start_pipeline', 'manual__2025-03-20T22:22:33.328195+00:00', '--job-id', '257', '--raw', '--subdir', 'DAGS_FOLDER/breweries_list_etl.py', '--cfg-path', '/tmp/tmpj5ppiyso']
[2025-03-20T22:22:48.504+0000] {standard_task_runner.py:105} INFO - Job 257: Subtask start_pipeline
[2025-03-20T22:22:48.577+0000] {task_command.py:467} INFO - Running <TaskInstance: ETL_breweries_list.start_pipeline manual__2025-03-20T22:22:33.328195+00:00 [running]> on host 5414e2764892
[2025-03-20T22:22:48.946+0000] {taskinstance.py:3134} INFO - Exporting env vars: AIRFLOW_CTX_DAG_OWNER='***' AIRFLOW_CTX_DAG_ID='ETL_breweries_list' AIRFLOW_CTX_TASK_ID='start_pipeline' AIRFLOW_CTX_EXECUTION_DATE='2025-03-20T22:22:33.328195+00:00' AIRFLOW_CTX_TRY_NUMBER='1' AIRFLOW_CTX_DAG_RUN_ID='manual__2025-03-20T22:22:33.328195+00:00'
[2025-03-20T22:22:48.947+0000] {logging_mixin.py:190} INFO - Task instance is in running state
[2025-03-20T22:22:48.947+0000] {logging_mixin.py:190} INFO -  Previous state of the Task instance: queued
[2025-03-20T22:22:48.947+0000] {logging_mixin.py:190} INFO - Current task name:start_pipeline state:running start_date:2025-03-20 22:22:48.440232+00:00
[2025-03-20T22:22:48.947+0000] {logging_mixin.py:190} INFO - Dag name:ETL_breweries_list and current dag run status:running
[2025-03-20T22:22:48.947+0000] {taskinstance.py:732} INFO - ::endgroup::
[2025-03-20T22:22:48.948+0000] {subprocess.py:78} INFO - Tmp dir root location: /tmp
[2025-03-20T22:22:48.949+0000] {subprocess.py:88} INFO - Running command: ['/usr/bin/bash', '-c', 'echo "START PIPELINE"; sleep 15']
[2025-03-20T22:22:48.967+0000] {subprocess.py:99} INFO - Output:
[2025-03-20T22:22:48.992+0000] {subprocess.py:106} INFO - START PIPELINE
[2025-03-20T22:23:04.026+0000] {subprocess.py:110} INFO - Command exited with return code 0
[2025-03-20T22:23:13.903+0000] {job.py:229} INFO - Heartbeat recovered after 15.08 seconds
[2025-03-20T22:23:14.550+0000] {taskinstance.py:341} INFO - ::group::Post task execution logs
[2025-03-20T22:23:14.552+0000] {taskinstance.py:353} INFO - Marking task as SUCCESS. dag_id=ETL_breweries_list, task_id=start_pipeline, run_id=manual__2025-03-20T22:22:33.328195+00:00, execution_date=20250320T222233, start_date=20250320T222248, end_date=20250320T222314
[2025-03-20T22:23:17.183+0000] {logging_mixin.py:190} INFO - Task instance in success state
[2025-03-20T22:23:17.183+0000] {logging_mixin.py:190} INFO -  Previous state of the Task instance: running
[2025-03-20T22:23:17.184+0000] {logging_mixin.py:190} INFO - Dag name:ETL_breweries_list queued_at:2025-03-20 22:22:33.960581+00:00
[2025-03-20T22:23:17.184+0000] {logging_mixin.py:190} INFO - Task hostname:5414e2764892 operator:BashOperator
[2025-03-20T22:23:17.944+0000] {local_task_job_runner.py:266} INFO - Task exited with return code 0
[2025-03-20T22:23:18.000+0000] {local_task_job_runner.py:245} INFO - ::endgroup::
