[2025-03-20T13:11:15.369+0000] {local_task_job_runner.py:123} INFO - ::group::Pre task execution logs
[2025-03-20T13:11:15.438+0000] {taskinstance.py:2614} INFO - Dependencies all met for dep_context=non-requeueable deps ti=<TaskInstance: ETL_breweries_list.clean_and_load_to_silver_layer manual__2025-03-20T13:09:36.602992+00:00 [queued]>
[2025-03-20T13:11:15.463+0000] {taskinstance.py:2614} INFO - Dependencies all met for dep_context=requeueable deps ti=<TaskInstance: ETL_breweries_list.clean_and_load_to_silver_layer manual__2025-03-20T13:09:36.602992+00:00 [queued]>
[2025-03-20T13:11:15.464+0000] {taskinstance.py:2867} INFO - Starting attempt 1 of 1
[2025-03-20T13:11:15.501+0000] {taskinstance.py:2890} INFO - Executing <Task(SparkSubmitOperator): clean_and_load_to_silver_layer> on 2025-03-20 13:09:36.602992+00:00
[2025-03-20T13:11:15.526+0000] {warnings.py:112} WARNING - /home/***/.local/lib/python3.12/site-packages/***/task/task_runner/standard_task_runner.py:70: DeprecationWarning: This process (pid=350) is multi-threaded, use of fork() may lead to deadlocks in the child.
  pid = os.fork()

[2025-03-20T13:11:15.528+0000] {standard_task_runner.py:72} INFO - Started process 352 to run task
[2025-03-20T13:11:15.526+0000] {standard_task_runner.py:104} INFO - Running: ['***', 'tasks', 'run', 'ETL_breweries_list', 'clean_and_load_to_silver_layer', 'manual__2025-03-20T13:09:36.602992+00:00', '--job-id', '147', '--raw', '--subdir', 'DAGS_FOLDER/breweries_list_etl.py', '--cfg-path', '/tmp/tmpep4slep7']
[2025-03-20T13:11:15.549+0000] {standard_task_runner.py:105} INFO - Job 147: Subtask clean_and_load_to_silver_layer
[2025-03-20T13:11:15.670+0000] {task_command.py:467} INFO - Running <TaskInstance: ETL_breweries_list.clean_and_load_to_silver_layer manual__2025-03-20T13:09:36.602992+00:00 [running]> on host 155a81680138
[2025-03-20T13:11:15.877+0000] {taskinstance.py:3134} INFO - Exporting env vars: AIRFLOW_CTX_DAG_OWNER='***' AIRFLOW_CTX_DAG_ID='ETL_breweries_list' AIRFLOW_CTX_TASK_ID='clean_and_load_to_silver_layer' AIRFLOW_CTX_EXECUTION_DATE='2025-03-20T13:09:36.602992+00:00' AIRFLOW_CTX_TRY_NUMBER='1' AIRFLOW_CTX_DAG_RUN_ID='manual__2025-03-20T13:09:36.602992+00:00'
[2025-03-20T13:11:15.879+0000] {logging_mixin.py:190} INFO - Task instance is in running state
[2025-03-20T13:11:15.879+0000] {logging_mixin.py:190} INFO -  Previous state of the Task instance: queued
[2025-03-20T13:11:15.880+0000] {logging_mixin.py:190} INFO - Current task name:clean_and_load_to_silver_layer state:running start_date:2025-03-20 13:11:15.439041+00:00
[2025-03-20T13:11:15.880+0000] {logging_mixin.py:190} INFO - Dag name:ETL_breweries_list and current dag run status:running
[2025-03-20T13:11:15.881+0000] {taskinstance.py:732} INFO - ::endgroup::
[2025-03-20T13:11:15.905+0000] {base.py:84} INFO - Retrieving connection 'my_spark_conn'
[2025-03-20T13:11:15.908+0000] {spark_submit.py:474} INFO - Spark-Submit cmd: spark-submit --master spark://spark-master:7077 --name arrow-spark --verbose --deploy-mode client /opt/***/dags/fetch_and_clean_data.py
[2025-03-20T13:11:24.183+0000] {spark_submit.py:645} INFO - Using properties file: null
[2025-03-20T13:11:24.370+0000] {spark_submit.py:645} INFO - Parsed arguments:
[2025-03-20T13:11:24.371+0000] {spark_submit.py:645} INFO - master                  spark://spark-master:7077
[2025-03-20T13:11:24.371+0000] {spark_submit.py:645} INFO - remote                  null
[2025-03-20T13:11:24.372+0000] {spark_submit.py:645} INFO - deployMode              client
[2025-03-20T13:11:24.372+0000] {spark_submit.py:645} INFO - executorMemory          null
[2025-03-20T13:11:24.373+0000] {spark_submit.py:645} INFO - executorCores           null
[2025-03-20T13:11:24.373+0000] {spark_submit.py:645} INFO - totalExecutorCores      null
[2025-03-20T13:11:24.374+0000] {spark_submit.py:645} INFO - propertiesFile          null
[2025-03-20T13:11:24.375+0000] {spark_submit.py:645} INFO - driverMemory            null
[2025-03-20T13:11:24.375+0000] {spark_submit.py:645} INFO - driverCores             null
[2025-03-20T13:11:24.376+0000] {spark_submit.py:645} INFO - driverExtraClassPath    null
[2025-03-20T13:11:24.377+0000] {spark_submit.py:645} INFO - driverExtraLibraryPath  null
[2025-03-20T13:11:24.377+0000] {spark_submit.py:645} INFO - driverExtraJavaOptions  null
[2025-03-20T13:11:24.378+0000] {spark_submit.py:645} INFO - supervise               false
[2025-03-20T13:11:24.378+0000] {spark_submit.py:645} INFO - queue                   null
[2025-03-20T13:11:24.379+0000] {spark_submit.py:645} INFO - numExecutors            null
[2025-03-20T13:11:24.379+0000] {spark_submit.py:645} INFO - files                   null
[2025-03-20T13:11:24.380+0000] {spark_submit.py:645} INFO - pyFiles                 null
[2025-03-20T13:11:24.380+0000] {spark_submit.py:645} INFO - archives                null
[2025-03-20T13:11:24.381+0000] {spark_submit.py:645} INFO - mainClass               null
[2025-03-20T13:11:24.381+0000] {spark_submit.py:645} INFO - primaryResource         file:/opt/***/dags/fetch_and_clean_data.py
[2025-03-20T13:11:24.382+0000] {spark_submit.py:645} INFO - name                    arrow-spark
[2025-03-20T13:11:24.382+0000] {spark_submit.py:645} INFO - childArgs               []
[2025-03-20T13:11:24.383+0000] {spark_submit.py:645} INFO - jars                    null
[2025-03-20T13:11:24.384+0000] {spark_submit.py:645} INFO - packages                null
[2025-03-20T13:11:24.384+0000] {spark_submit.py:645} INFO - packagesExclusions      null
[2025-03-20T13:11:24.385+0000] {spark_submit.py:645} INFO - repositories            null
[2025-03-20T13:11:24.385+0000] {spark_submit.py:645} INFO - verbose                 true
[2025-03-20T13:11:24.386+0000] {spark_submit.py:645} INFO - 
[2025-03-20T13:11:24.386+0000] {spark_submit.py:645} INFO - Spark properties used, including those specified through
[2025-03-20T13:11:24.387+0000] {spark_submit.py:645} INFO - --conf and those from the properties file null:
[2025-03-20T13:11:24.387+0000] {spark_submit.py:645} INFO - 
[2025-03-20T13:11:24.388+0000] {spark_submit.py:645} INFO - 
[2025-03-20T13:11:24.388+0000] {spark_submit.py:645} INFO - 
[2025-03-20T13:11:25.105+0000] {spark_submit.py:645} INFO - Main class:
[2025-03-20T13:11:25.106+0000] {spark_submit.py:645} INFO - org.apache.spark.deploy.PythonRunner
[2025-03-20T13:11:25.107+0000] {spark_submit.py:645} INFO - Arguments:
[2025-03-20T13:11:25.108+0000] {spark_submit.py:645} INFO - file:/opt/***/dags/fetch_and_clean_data.py
[2025-03-20T13:11:25.110+0000] {spark_submit.py:645} INFO - null
[2025-03-20T13:11:25.114+0000] {spark_submit.py:645} INFO - Spark config:
[2025-03-20T13:11:25.115+0000] {spark_submit.py:645} INFO - (spark.app.name,arrow-spark)
[2025-03-20T13:11:25.116+0000] {spark_submit.py:645} INFO - (spark.app.submitTime,1742476285077)
[2025-03-20T13:11:25.116+0000] {spark_submit.py:645} INFO - (spark.master,spark://spark-master:7077)
[2025-03-20T13:11:25.117+0000] {spark_submit.py:645} INFO - (spark.submit.deployMode,client)
[2025-03-20T13:11:25.117+0000] {spark_submit.py:645} INFO - (spark.submit.pyFiles,)
[2025-03-20T13:11:25.117+0000] {spark_submit.py:645} INFO - Classpath elements:
[2025-03-20T13:11:25.118+0000] {spark_submit.py:645} INFO - 
[2025-03-20T13:11:25.118+0000] {spark_submit.py:645} INFO - 
[2025-03-20T13:11:25.119+0000] {spark_submit.py:645} INFO - 
[2025-03-20T13:11:27.728+0000] {spark_submit.py:645} INFO - 25/03/20 13:11:27 INFO SparkContext: Running Spark version 3.5.5
[2025-03-20T13:11:27.733+0000] {spark_submit.py:645} INFO - 25/03/20 13:11:27 INFO SparkContext: OS info Linux, 5.15.167.4-microsoft-standard-WSL2, amd64
[2025-03-20T13:11:27.734+0000] {spark_submit.py:645} INFO - 25/03/20 13:11:27 INFO SparkContext: Java version 17.0.14
[2025-03-20T13:11:28.447+0000] {spark_submit.py:645} INFO - 25/03/20 13:11:28 WARN NativeCodeLoader: Unable to load native-hadoop library for your platform... using builtin-java classes where applicable
[2025-03-20T13:11:28.668+0000] {spark_submit.py:645} INFO - 25/03/20 13:11:28 INFO ResourceUtils: ==============================================================
[2025-03-20T13:11:28.669+0000] {spark_submit.py:645} INFO - 25/03/20 13:11:28 INFO ResourceUtils: No custom resources configured for spark.driver.
[2025-03-20T13:11:28.670+0000] {spark_submit.py:645} INFO - 25/03/20 13:11:28 INFO ResourceUtils: ==============================================================
[2025-03-20T13:11:28.671+0000] {spark_submit.py:645} INFO - 25/03/20 13:11:28 INFO SparkContext: Submitted application: BreweryDataProcessing
[2025-03-20T13:11:28.706+0000] {spark_submit.py:645} INFO - 25/03/20 13:11:28 INFO ResourceProfile: Default ResourceProfile created, executor resources: Map(memory -> name: memory, amount: 1024, script: , vendor: , offHeap -> name: offHeap, amount: 0, script: , vendor: ), task resources: Map(cpus -> name: cpus, amount: 1.0)
[2025-03-20T13:11:28.716+0000] {spark_submit.py:645} INFO - 25/03/20 13:11:28 INFO ResourceProfile: Limiting resource is cpu
[2025-03-20T13:11:28.717+0000] {spark_submit.py:645} INFO - 25/03/20 13:11:28 INFO ResourceProfileManager: Added ResourceProfile id: 0
[2025-03-20T13:11:28.858+0000] {spark_submit.py:645} INFO - 25/03/20 13:11:28 INFO SecurityManager: Changing view acls to: default
[2025-03-20T13:11:28.860+0000] {spark_submit.py:645} INFO - 25/03/20 13:11:28 INFO SecurityManager: Changing modify acls to: default
[2025-03-20T13:11:28.861+0000] {spark_submit.py:645} INFO - 25/03/20 13:11:28 INFO SecurityManager: Changing view acls groups to:
[2025-03-20T13:11:28.862+0000] {spark_submit.py:645} INFO - 25/03/20 13:11:28 INFO SecurityManager: Changing modify acls groups to:
[2025-03-20T13:11:28.863+0000] {spark_submit.py:645} INFO - 25/03/20 13:11:28 INFO SecurityManager: SecurityManager: authentication disabled; ui acls disabled; users with view permissions: default; groups with view permissions: EMPTY; users with modify permissions: default; groups with modify permissions: EMPTY
[2025-03-20T13:11:29.383+0000] {spark_submit.py:645} INFO - 25/03/20 13:11:29 INFO Utils: Successfully started service 'sparkDriver' on port 38537.
[2025-03-20T13:11:29.448+0000] {spark_submit.py:645} INFO - 25/03/20 13:11:29 INFO SparkEnv: Registering MapOutputTracker
[2025-03-20T13:11:29.871+0000] {spark_submit.py:645} INFO - 25/03/20 13:11:29 INFO SparkEnv: Registering BlockManagerMaster
[2025-03-20T13:11:32.120+0000] {spark_submit.py:645} INFO - 25/03/20 13:11:32 INFO BlockManagerMasterEndpoint: Using org.apache.spark.storage.DefaultTopologyMapper for getting topology information
[2025-03-20T13:11:32.123+0000] {spark_submit.py:645} INFO - 25/03/20 13:11:32 INFO BlockManagerMasterEndpoint: BlockManagerMasterEndpoint up
[2025-03-20T13:11:32.299+0000] {spark_submit.py:645} INFO - 25/03/20 13:11:32 INFO SparkEnv: Registering BlockManagerMasterHeartbeat
[2025-03-20T13:11:35.798+0000] {spark_submit.py:645} INFO - 25/03/20 13:11:35 INFO DiskBlockManager: Created local directory at /tmp/blockmgr-3864a0a7-3bd5-4969-aa66-903f1d7dfea7
[2025-03-20T13:11:36.067+0000] {spark_submit.py:645} INFO - 25/03/20 13:11:36 INFO MemoryStore: MemoryStore started with capacity 434.4 MiB
[2025-03-20T13:11:36.582+0000] {spark_submit.py:645} INFO - 25/03/20 13:11:36 INFO SparkEnv: Registering OutputCommitCoordinator
[2025-03-20T13:11:46.182+0000] {spark_submit.py:645} INFO - 25/03/20 13:11:46 INFO JettyUtils: Start Jetty 0.0.0.0:4040 for SparkUI
[2025-03-20T13:11:46.590+0000] {spark_submit.py:645} INFO - 25/03/20 13:11:46 INFO Utils: Successfully started service 'SparkUI' on port 4040.
[2025-03-20T13:11:47.297+0000] {spark_submit.py:645} INFO - 25/03/20 13:11:47 INFO StandaloneAppClient$ClientEndpoint: Connecting to master spark://spark:7077...
[2025-03-20T13:11:50.467+0000] {spark_submit.py:645} INFO - 25/03/20 13:11:50 WARN TransportClientFactory: DNS resolution failed for spark/<unresolved>:7077 took 2331 ms
[2025-03-20T13:11:50.750+0000] {spark_submit.py:645} INFO - 25/03/20 13:11:50 WARN StandaloneAppClient$ClientEndpoint: Failed to connect to master spark:7077
[2025-03-20T13:11:50.751+0000] {spark_submit.py:645} INFO - org.apache.spark.SparkException: Exception thrown in awaitResult:
[2025-03-20T13:11:50.752+0000] {spark_submit.py:645} INFO - at org.apache.spark.util.SparkThreadUtils$.awaitResult(SparkThreadUtils.scala:56)
[2025-03-20T13:11:50.752+0000] {spark_submit.py:645} INFO - at org.apache.spark.util.ThreadUtils$.awaitResult(ThreadUtils.scala:310)
[2025-03-20T13:11:50.753+0000] {spark_submit.py:645} INFO - at org.apache.spark.rpc.RpcTimeout.awaitResult(RpcTimeout.scala:75)
[2025-03-20T13:11:50.753+0000] {spark_submit.py:645} INFO - at org.apache.spark.rpc.RpcEnv.setupEndpointRefByURI(RpcEnv.scala:102)
[2025-03-20T13:11:50.765+0000] {spark_submit.py:645} INFO - at org.apache.spark.rpc.RpcEnv.setupEndpointRef(RpcEnv.scala:110)
[2025-03-20T13:11:50.766+0000] {spark_submit.py:645} INFO - at org.apache.spark.deploy.client.StandaloneAppClient$ClientEndpoint$$anon$1.run(StandaloneAppClient.scala:108)
[2025-03-20T13:11:50.767+0000] {spark_submit.py:645} INFO - at java.base/java.util.concurrent.Executors$RunnableAdapter.call(Executors.java:539)
[2025-03-20T13:11:50.768+0000] {spark_submit.py:645} INFO - at java.base/java.util.concurrent.FutureTask.run(FutureTask.java:264)
[2025-03-20T13:11:50.769+0000] {spark_submit.py:645} INFO - at java.base/java.util.concurrent.ThreadPoolExecutor.runWorker(ThreadPoolExecutor.java:1136)
[2025-03-20T13:11:50.770+0000] {spark_submit.py:645} INFO - at java.base/java.util.concurrent.ThreadPoolExecutor$Worker.run(ThreadPoolExecutor.java:635)
[2025-03-20T13:11:50.771+0000] {spark_submit.py:645} INFO - at java.base/java.lang.Thread.run(Thread.java:840)
[2025-03-20T13:11:50.772+0000] {spark_submit.py:645} INFO - Caused by: java.io.IOException: Failed to connect to spark/<unresolved>:7077
[2025-03-20T13:11:50.776+0000] {spark_submit.py:645} INFO - at org.apache.spark.network.client.TransportClientFactory.createClient(TransportClientFactory.java:294)
[2025-03-20T13:11:50.787+0000] {spark_submit.py:645} INFO - at org.apache.spark.network.client.TransportClientFactory.createClient(TransportClientFactory.java:214)
[2025-03-20T13:11:50.788+0000] {spark_submit.py:645} INFO - at org.apache.spark.network.client.TransportClientFactory.createClient(TransportClientFactory.java:226)
[2025-03-20T13:11:50.789+0000] {spark_submit.py:645} INFO - at org.apache.spark.rpc.netty.NettyRpcEnv.createClient(NettyRpcEnv.scala:204)
[2025-03-20T13:11:50.790+0000] {spark_submit.py:645} INFO - at org.apache.spark.rpc.netty.Outbox$$anon$1.call(Outbox.scala:202)
[2025-03-20T13:11:50.791+0000] {spark_submit.py:645} INFO - at org.apache.spark.rpc.netty.Outbox$$anon$1.call(Outbox.scala:198)
[2025-03-20T13:11:50.791+0000] {spark_submit.py:645} INFO - ... 4 more
[2025-03-20T13:11:50.802+0000] {spark_submit.py:645} INFO - Caused by: java.net.UnknownHostException: spark
[2025-03-20T13:11:50.803+0000] {spark_submit.py:645} INFO - at java.base/java.net.InetAddress$CachedAddresses.get(InetAddress.java:801)
[2025-03-20T13:11:50.805+0000] {spark_submit.py:645} INFO - at java.base/java.net.InetAddress.getAllByName0(InetAddress.java:1533)
[2025-03-20T13:11:50.807+0000] {spark_submit.py:645} INFO - at java.base/java.net.InetAddress.getAllByName(InetAddress.java:1385)
[2025-03-20T13:11:50.808+0000] {spark_submit.py:645} INFO - at java.base/java.net.InetAddress.getAllByName(InetAddress.java:1306)
[2025-03-20T13:11:50.809+0000] {spark_submit.py:645} INFO - at java.base/java.net.InetAddress.getByName(InetAddress.java:1256)
[2025-03-20T13:11:50.810+0000] {spark_submit.py:645} INFO - at io.netty.util.internal.SocketUtils$8.run(SocketUtils.java:156)
[2025-03-20T13:11:50.822+0000] {spark_submit.py:645} INFO - at io.netty.util.internal.SocketUtils$8.run(SocketUtils.java:153)
[2025-03-20T13:11:50.824+0000] {spark_submit.py:645} INFO - at java.base/java.security.AccessController.doPrivileged(AccessController.java:569)
[2025-03-20T13:11:50.824+0000] {spark_submit.py:645} INFO - at io.netty.util.internal.SocketUtils.addressByName(SocketUtils.java:153)
[2025-03-20T13:11:50.825+0000] {spark_submit.py:645} INFO - at io.netty.resolver.DefaultNameResolver.doResolve(DefaultNameResolver.java:41)
[2025-03-20T13:11:50.826+0000] {spark_submit.py:645} INFO - at io.netty.resolver.SimpleNameResolver.resolve(SimpleNameResolver.java:61)
[2025-03-20T13:11:50.827+0000] {spark_submit.py:645} INFO - at io.netty.resolver.SimpleNameResolver.resolve(SimpleNameResolver.java:53)
[2025-03-20T13:11:50.827+0000] {spark_submit.py:645} INFO - at io.netty.resolver.InetSocketAddressResolver.doResolve(InetSocketAddressResolver.java:55)
[2025-03-20T13:11:50.828+0000] {spark_submit.py:645} INFO - at io.netty.resolver.InetSocketAddressResolver.doResolve(InetSocketAddressResolver.java:31)
[2025-03-20T13:11:50.829+0000] {spark_submit.py:645} INFO - at io.netty.resolver.AbstractAddressResolver.resolve(AbstractAddressResolver.java:106)
[2025-03-20T13:11:50.829+0000] {spark_submit.py:645} INFO - at io.netty.bootstrap.Bootstrap.doResolveAndConnect0(Bootstrap.java:220)
[2025-03-20T13:11:50.830+0000] {spark_submit.py:645} INFO - at io.netty.bootstrap.Bootstrap.access$000(Bootstrap.java:46)
[2025-03-20T13:11:50.862+0000] {spark_submit.py:645} INFO - at io.netty.bootstrap.Bootstrap$1.operationComplete(Bootstrap.java:189)
[2025-03-20T13:11:50.863+0000] {spark_submit.py:645} INFO - at io.netty.bootstrap.Bootstrap$1.operationComplete(Bootstrap.java:175)
[2025-03-20T13:11:50.864+0000] {spark_submit.py:645} INFO - at io.netty.util.concurrent.DefaultPromise.notifyListener0(DefaultPromise.java:590)
[2025-03-20T13:11:50.865+0000] {spark_submit.py:645} INFO - at io.netty.util.concurrent.DefaultPromise.notifyListenersNow(DefaultPromise.java:557)
[2025-03-20T13:11:50.866+0000] {spark_submit.py:645} INFO - at io.netty.util.concurrent.DefaultPromise.notifyListeners(DefaultPromise.java:492)
[2025-03-20T13:11:50.869+0000] {spark_submit.py:645} INFO - at io.netty.util.concurrent.DefaultPromise.setValue0(DefaultPromise.java:636)
[2025-03-20T13:11:50.878+0000] {spark_submit.py:645} INFO - at io.netty.util.concurrent.DefaultPromise.setSuccess0(DefaultPromise.java:625)
[2025-03-20T13:11:50.887+0000] {spark_submit.py:645} INFO - at io.netty.util.concurrent.DefaultPromise.trySuccess(DefaultPromise.java:105)
[2025-03-20T13:11:50.888+0000] {spark_submit.py:645} INFO - at io.netty.channel.DefaultChannelPromise.trySuccess(DefaultChannelPromise.java:84)
[2025-03-20T13:11:50.901+0000] {spark_submit.py:645} INFO - at io.netty.channel.AbstractChannel$AbstractUnsafe.safeSetSuccess(AbstractChannel.java:990)
[2025-03-20T13:11:50.902+0000] {spark_submit.py:645} INFO - at io.netty.channel.AbstractChannel$AbstractUnsafe.register0(AbstractChannel.java:516)
[2025-03-20T13:11:50.903+0000] {spark_submit.py:645} INFO - at io.netty.channel.AbstractChannel$AbstractUnsafe.access$200(AbstractChannel.java:429)
[2025-03-20T13:11:50.904+0000] {spark_submit.py:645} INFO - at io.netty.channel.AbstractChannel$AbstractUnsafe$1.run(AbstractChannel.java:486)
[2025-03-20T13:11:50.905+0000] {spark_submit.py:645} INFO - at io.netty.util.concurrent.AbstractEventExecutor.runTask(AbstractEventExecutor.java:174)
[2025-03-20T13:11:50.905+0000] {spark_submit.py:645} INFO - at io.netty.util.concurrent.AbstractEventExecutor.safeExecute(AbstractEventExecutor.java:167)
[2025-03-20T13:11:50.906+0000] {spark_submit.py:645} INFO - at io.netty.util.concurrent.SingleThreadEventExecutor.runAllTasks(SingleThreadEventExecutor.java:470)
[2025-03-20T13:11:50.907+0000] {spark_submit.py:645} INFO - at io.netty.channel.nio.NioEventLoop.run(NioEventLoop.java:569)
[2025-03-20T13:11:50.908+0000] {spark_submit.py:645} INFO - at io.netty.util.concurrent.SingleThreadEventExecutor$4.run(SingleThreadEventExecutor.java:997)
[2025-03-20T13:11:50.908+0000] {spark_submit.py:645} INFO - at io.netty.util.internal.ThreadExecutorMap$2.run(ThreadExecutorMap.java:74)
[2025-03-20T13:11:50.910+0000] {spark_submit.py:645} INFO - at io.netty.util.concurrent.FastThreadLocalRunnable.run(FastThreadLocalRunnable.java:30)
[2025-03-20T13:11:50.920+0000] {spark_submit.py:645} INFO - ... 1 more
[2025-03-20T13:12:07.313+0000] {spark_submit.py:645} INFO - 25/03/20 13:12:07 INFO StandaloneAppClient$ClientEndpoint: Connecting to master spark://spark:7077...
[2025-03-20T13:12:09.407+0000] {spark_submit.py:645} INFO - 25/03/20 13:12:09 WARN TransportClientFactory: DNS resolution failed for spark/<unresolved>:7077 took 2048 ms
[2025-03-20T13:12:09.424+0000] {spark_submit.py:645} INFO - 25/03/20 13:12:09 WARN StandaloneAppClient$ClientEndpoint: Failed to connect to master spark:7077
[2025-03-20T13:12:09.425+0000] {spark_submit.py:645} INFO - org.apache.spark.SparkException: Exception thrown in awaitResult:
[2025-03-20T13:12:09.426+0000] {spark_submit.py:645} INFO - at org.apache.spark.util.SparkThreadUtils$.awaitResult(SparkThreadUtils.scala:56)
[2025-03-20T13:12:09.426+0000] {spark_submit.py:645} INFO - at org.apache.spark.util.ThreadUtils$.awaitResult(ThreadUtils.scala:310)
[2025-03-20T13:12:09.427+0000] {spark_submit.py:645} INFO - at org.apache.spark.rpc.RpcTimeout.awaitResult(RpcTimeout.scala:75)
[2025-03-20T13:12:09.428+0000] {spark_submit.py:645} INFO - at org.apache.spark.rpc.RpcEnv.setupEndpointRefByURI(RpcEnv.scala:102)
[2025-03-20T13:12:09.428+0000] {spark_submit.py:645} INFO - at org.apache.spark.rpc.RpcEnv.setupEndpointRef(RpcEnv.scala:110)
[2025-03-20T13:12:09.429+0000] {spark_submit.py:645} INFO - at org.apache.spark.deploy.client.StandaloneAppClient$ClientEndpoint$$anon$1.run(StandaloneAppClient.scala:108)
[2025-03-20T13:12:09.429+0000] {spark_submit.py:645} INFO - at java.base/java.util.concurrent.Executors$RunnableAdapter.call(Executors.java:539)
[2025-03-20T13:12:09.430+0000] {spark_submit.py:645} INFO - at java.base/java.util.concurrent.FutureTask.run(FutureTask.java:264)
[2025-03-20T13:12:09.431+0000] {spark_submit.py:645} INFO - at java.base/java.util.concurrent.ThreadPoolExecutor.runWorker(ThreadPoolExecutor.java:1136)
[2025-03-20T13:12:09.431+0000] {spark_submit.py:645} INFO - at java.base/java.util.concurrent.ThreadPoolExecutor$Worker.run(ThreadPoolExecutor.java:635)
[2025-03-20T13:12:09.431+0000] {spark_submit.py:645} INFO - at java.base/java.lang.Thread.run(Thread.java:840)
[2025-03-20T13:12:09.432+0000] {spark_submit.py:645} INFO - Caused by: java.io.IOException: Failed to connect to spark/<unresolved>:7077
[2025-03-20T13:12:09.432+0000] {spark_submit.py:645} INFO - at org.apache.spark.network.client.TransportClientFactory.createClient(TransportClientFactory.java:294)
[2025-03-20T13:12:09.433+0000] {spark_submit.py:645} INFO - at org.apache.spark.network.client.TransportClientFactory.createClient(TransportClientFactory.java:214)
[2025-03-20T13:12:09.433+0000] {spark_submit.py:645} INFO - at org.apache.spark.network.client.TransportClientFactory.createClient(TransportClientFactory.java:226)
[2025-03-20T13:12:09.433+0000] {spark_submit.py:645} INFO - at org.apache.spark.rpc.netty.NettyRpcEnv.createClient(NettyRpcEnv.scala:204)
[2025-03-20T13:12:09.434+0000] {spark_submit.py:645} INFO - at org.apache.spark.rpc.netty.Outbox$$anon$1.call(Outbox.scala:202)
[2025-03-20T13:12:09.434+0000] {spark_submit.py:645} INFO - at org.apache.spark.rpc.netty.Outbox$$anon$1.call(Outbox.scala:198)
[2025-03-20T13:12:09.435+0000] {spark_submit.py:645} INFO - ... 4 more
[2025-03-20T13:12:09.435+0000] {spark_submit.py:645} INFO - Caused by: java.net.UnknownHostException: spark
[2025-03-20T13:12:09.436+0000] {spark_submit.py:645} INFO - at java.base/java.net.InetAddress$CachedAddresses.get(InetAddress.java:801)
[2025-03-20T13:12:09.436+0000] {spark_submit.py:645} INFO - at java.base/java.net.InetAddress.getAllByName0(InetAddress.java:1533)
[2025-03-20T13:12:09.436+0000] {spark_submit.py:645} INFO - at java.base/java.net.InetAddress.getAllByName(InetAddress.java:1385)
[2025-03-20T13:12:09.437+0000] {spark_submit.py:645} INFO - at java.base/java.net.InetAddress.getAllByName(InetAddress.java:1306)
[2025-03-20T13:12:09.437+0000] {spark_submit.py:645} INFO - at java.base/java.net.InetAddress.getByName(InetAddress.java:1256)
[2025-03-20T13:12:09.437+0000] {spark_submit.py:645} INFO - at io.netty.util.internal.SocketUtils$8.run(SocketUtils.java:156)
[2025-03-20T13:12:09.438+0000] {spark_submit.py:645} INFO - at io.netty.util.internal.SocketUtils$8.run(SocketUtils.java:153)
[2025-03-20T13:12:09.438+0000] {spark_submit.py:645} INFO - at java.base/java.security.AccessController.doPrivileged(AccessController.java:569)
[2025-03-20T13:12:09.438+0000] {spark_submit.py:645} INFO - at io.netty.util.internal.SocketUtils.addressByName(SocketUtils.java:153)
[2025-03-20T13:12:09.439+0000] {spark_submit.py:645} INFO - at io.netty.resolver.DefaultNameResolver.doResolve(DefaultNameResolver.java:41)
[2025-03-20T13:12:09.439+0000] {spark_submit.py:645} INFO - at io.netty.resolver.SimpleNameResolver.resolve(SimpleNameResolver.java:61)
[2025-03-20T13:12:09.439+0000] {spark_submit.py:645} INFO - at io.netty.resolver.SimpleNameResolver.resolve(SimpleNameResolver.java:53)
[2025-03-20T13:12:09.440+0000] {spark_submit.py:645} INFO - at io.netty.resolver.InetSocketAddressResolver.doResolve(InetSocketAddressResolver.java:55)
[2025-03-20T13:12:09.440+0000] {spark_submit.py:645} INFO - at io.netty.resolver.InetSocketAddressResolver.doResolve(InetSocketAddressResolver.java:31)
[2025-03-20T13:12:09.441+0000] {spark_submit.py:645} INFO - at io.netty.resolver.AbstractAddressResolver.resolve(AbstractAddressResolver.java:106)
[2025-03-20T13:12:09.441+0000] {spark_submit.py:645} INFO - at io.netty.bootstrap.Bootstrap.doResolveAndConnect0(Bootstrap.java:220)
[2025-03-20T13:12:09.441+0000] {spark_submit.py:645} INFO - at io.netty.bootstrap.Bootstrap.access$000(Bootstrap.java:46)
[2025-03-20T13:12:09.441+0000] {spark_submit.py:645} INFO - at io.netty.bootstrap.Bootstrap$1.operationComplete(Bootstrap.java:189)
[2025-03-20T13:12:09.442+0000] {spark_submit.py:645} INFO - at io.netty.bootstrap.Bootstrap$1.operationComplete(Bootstrap.java:175)
[2025-03-20T13:12:09.442+0000] {spark_submit.py:645} INFO - at io.netty.util.concurrent.DefaultPromise.notifyListener0(DefaultPromise.java:590)
[2025-03-20T13:12:09.442+0000] {spark_submit.py:645} INFO - at io.netty.util.concurrent.DefaultPromise.notifyListenersNow(DefaultPromise.java:557)
[2025-03-20T13:12:09.442+0000] {spark_submit.py:645} INFO - at io.netty.util.concurrent.DefaultPromise.notifyListeners(DefaultPromise.java:492)
[2025-03-20T13:12:09.442+0000] {spark_submit.py:645} INFO - at io.netty.util.concurrent.DefaultPromise.setValue0(DefaultPromise.java:636)
[2025-03-20T13:12:09.443+0000] {spark_submit.py:645} INFO - at io.netty.util.concurrent.DefaultPromise.setSuccess0(DefaultPromise.java:625)
[2025-03-20T13:12:09.443+0000] {spark_submit.py:645} INFO - at io.netty.util.concurrent.DefaultPromise.trySuccess(DefaultPromise.java:105)
[2025-03-20T13:12:09.443+0000] {spark_submit.py:645} INFO - at io.netty.channel.DefaultChannelPromise.trySuccess(DefaultChannelPromise.java:84)
[2025-03-20T13:12:09.443+0000] {spark_submit.py:645} INFO - at io.netty.channel.AbstractChannel$AbstractUnsafe.safeSetSuccess(AbstractChannel.java:990)
[2025-03-20T13:12:09.444+0000] {spark_submit.py:645} INFO - at io.netty.channel.AbstractChannel$AbstractUnsafe.register0(AbstractChannel.java:516)
[2025-03-20T13:12:09.444+0000] {spark_submit.py:645} INFO - at io.netty.channel.AbstractChannel$AbstractUnsafe.access$200(AbstractChannel.java:429)
[2025-03-20T13:12:09.444+0000] {spark_submit.py:645} INFO - at io.netty.channel.AbstractChannel$AbstractUnsafe$1.run(AbstractChannel.java:486)
[2025-03-20T13:12:09.444+0000] {spark_submit.py:645} INFO - at io.netty.util.concurrent.AbstractEventExecutor.runTask(AbstractEventExecutor.java:174)
[2025-03-20T13:12:09.444+0000] {spark_submit.py:645} INFO - at io.netty.util.concurrent.AbstractEventExecutor.safeExecute(AbstractEventExecutor.java:167)
[2025-03-20T13:12:09.445+0000] {spark_submit.py:645} INFO - at io.netty.util.concurrent.SingleThreadEventExecutor.runAllTasks(SingleThreadEventExecutor.java:470)
[2025-03-20T13:12:09.445+0000] {spark_submit.py:645} INFO - at io.netty.channel.nio.NioEventLoop.run(NioEventLoop.java:569)
[2025-03-20T13:12:09.445+0000] {spark_submit.py:645} INFO - at io.netty.util.concurrent.SingleThreadEventExecutor$4.run(SingleThreadEventExecutor.java:997)
[2025-03-20T13:12:09.445+0000] {spark_submit.py:645} INFO - at io.netty.util.internal.ThreadExecutorMap$2.run(ThreadExecutorMap.java:74)
[2025-03-20T13:12:09.445+0000] {spark_submit.py:645} INFO - at io.netty.util.concurrent.FastThreadLocalRunnable.run(FastThreadLocalRunnable.java:30)
[2025-03-20T13:12:09.446+0000] {spark_submit.py:645} INFO - ... 1 more
[2025-03-20T13:12:27.321+0000] {spark_submit.py:645} INFO - 25/03/20 13:12:27 INFO StandaloneAppClient$ClientEndpoint: Connecting to master spark://spark:7077...
[2025-03-20T13:12:29.427+0000] {spark_submit.py:645} INFO - 25/03/20 13:12:29 WARN TransportClientFactory: DNS resolution failed for spark/<unresolved>:7077 took 2077 ms
[2025-03-20T13:12:29.441+0000] {spark_submit.py:645} INFO - 25/03/20 13:12:29 WARN StandaloneAppClient$ClientEndpoint: Failed to connect to master spark:7077
[2025-03-20T13:12:29.442+0000] {spark_submit.py:645} INFO - org.apache.spark.SparkException: Exception thrown in awaitResult:
[2025-03-20T13:12:29.449+0000] {spark_submit.py:645} INFO - at org.apache.spark.util.SparkThreadUtils$.awaitResult(SparkThreadUtils.scala:56)
[2025-03-20T13:12:29.454+0000] {spark_submit.py:645} INFO - at org.apache.spark.util.ThreadUtils$.awaitResult(ThreadUtils.scala:310)
[2025-03-20T13:12:29.455+0000] {spark_submit.py:645} INFO - at org.apache.spark.rpc.RpcTimeout.awaitResult(RpcTimeout.scala:75)
[2025-03-20T13:12:29.456+0000] {spark_submit.py:645} INFO - at org.apache.spark.rpc.RpcEnv.setupEndpointRefByURI(RpcEnv.scala:102)
[2025-03-20T13:12:29.457+0000] {spark_submit.py:645} INFO - at org.apache.spark.rpc.RpcEnv.setupEndpointRef(RpcEnv.scala:110)
[2025-03-20T13:12:29.458+0000] {spark_submit.py:645} INFO - at org.apache.spark.deploy.client.StandaloneAppClient$ClientEndpoint$$anon$1.run(StandaloneAppClient.scala:108)
[2025-03-20T13:12:29.459+0000] {spark_submit.py:645} INFO - at java.base/java.util.concurrent.Executors$RunnableAdapter.call(Executors.java:539)
[2025-03-20T13:12:29.460+0000] {spark_submit.py:645} INFO - at java.base/java.util.concurrent.FutureTask.run(FutureTask.java:264)
[2025-03-20T13:12:29.462+0000] {spark_submit.py:645} INFO - at java.base/java.util.concurrent.ThreadPoolExecutor.runWorker(ThreadPoolExecutor.java:1136)
[2025-03-20T13:12:29.463+0000] {spark_submit.py:645} INFO - at java.base/java.util.concurrent.ThreadPoolExecutor$Worker.run(ThreadPoolExecutor.java:635)
[2025-03-20T13:12:29.471+0000] {spark_submit.py:645} INFO - at java.base/java.lang.Thread.run(Thread.java:840)
[2025-03-20T13:12:29.473+0000] {spark_submit.py:645} INFO - Caused by: java.io.IOException: Failed to connect to spark/<unresolved>:7077
[2025-03-20T13:12:29.474+0000] {spark_submit.py:645} INFO - at org.apache.spark.network.client.TransportClientFactory.createClient(TransportClientFactory.java:294)
[2025-03-20T13:12:29.475+0000] {spark_submit.py:645} INFO - at org.apache.spark.network.client.TransportClientFactory.createClient(TransportClientFactory.java:214)
[2025-03-20T13:12:29.476+0000] {spark_submit.py:645} INFO - at org.apache.spark.network.client.TransportClientFactory.createClient(TransportClientFactory.java:226)
[2025-03-20T13:12:29.477+0000] {spark_submit.py:645} INFO - at org.apache.spark.rpc.netty.NettyRpcEnv.createClient(NettyRpcEnv.scala:204)
[2025-03-20T13:12:29.480+0000] {spark_submit.py:645} INFO - at org.apache.spark.rpc.netty.Outbox$$anon$1.call(Outbox.scala:202)
[2025-03-20T13:12:29.487+0000] {spark_submit.py:645} INFO - at org.apache.spark.rpc.netty.Outbox$$anon$1.call(Outbox.scala:198)
[2025-03-20T13:12:29.489+0000] {spark_submit.py:645} INFO - ... 4 more
[2025-03-20T13:12:29.490+0000] {spark_submit.py:645} INFO - Caused by: java.net.UnknownHostException: spark
[2025-03-20T13:12:29.491+0000] {spark_submit.py:645} INFO - at java.base/java.net.InetAddress$CachedAddresses.get(InetAddress.java:801)
[2025-03-20T13:12:29.492+0000] {spark_submit.py:645} INFO - at java.base/java.net.InetAddress.getAllByName0(InetAddress.java:1533)
[2025-03-20T13:12:29.493+0000] {spark_submit.py:645} INFO - at java.base/java.net.InetAddress.getAllByName(InetAddress.java:1385)
[2025-03-20T13:12:29.494+0000] {spark_submit.py:645} INFO - at java.base/java.net.InetAddress.getAllByName(InetAddress.java:1306)
[2025-03-20T13:12:29.494+0000] {spark_submit.py:645} INFO - at java.base/java.net.InetAddress.getByName(InetAddress.java:1256)
[2025-03-20T13:12:29.495+0000] {spark_submit.py:645} INFO - at io.netty.util.internal.SocketUtils$8.run(SocketUtils.java:156)
[2025-03-20T13:12:29.496+0000] {spark_submit.py:645} INFO - at io.netty.util.internal.SocketUtils$8.run(SocketUtils.java:153)
[2025-03-20T13:12:29.496+0000] {spark_submit.py:645} INFO - at java.base/java.security.AccessController.doPrivileged(AccessController.java:569)
[2025-03-20T13:12:29.497+0000] {spark_submit.py:645} INFO - at io.netty.util.internal.SocketUtils.addressByName(SocketUtils.java:153)
[2025-03-20T13:12:29.497+0000] {spark_submit.py:645} INFO - at io.netty.resolver.DefaultNameResolver.doResolve(DefaultNameResolver.java:41)
[2025-03-20T13:12:29.498+0000] {spark_submit.py:645} INFO - at io.netty.resolver.SimpleNameResolver.resolve(SimpleNameResolver.java:61)
[2025-03-20T13:12:29.506+0000] {spark_submit.py:645} INFO - at io.netty.resolver.SimpleNameResolver.resolve(SimpleNameResolver.java:53)
[2025-03-20T13:12:29.507+0000] {spark_submit.py:645} INFO - at io.netty.resolver.InetSocketAddressResolver.doResolve(InetSocketAddressResolver.java:55)
[2025-03-20T13:12:29.511+0000] {spark_submit.py:645} INFO - at io.netty.resolver.InetSocketAddressResolver.doResolve(InetSocketAddressResolver.java:31)
[2025-03-20T13:12:29.512+0000] {spark_submit.py:645} INFO - at io.netty.resolver.AbstractAddressResolver.resolve(AbstractAddressResolver.java:106)
[2025-03-20T13:12:29.512+0000] {spark_submit.py:645} INFO - at io.netty.bootstrap.Bootstrap.doResolveAndConnect0(Bootstrap.java:220)
[2025-03-20T13:12:29.513+0000] {spark_submit.py:645} INFO - at io.netty.bootstrap.Bootstrap.access$000(Bootstrap.java:46)
[2025-03-20T13:12:29.517+0000] {spark_submit.py:645} INFO - at io.netty.bootstrap.Bootstrap$1.operationComplete(Bootstrap.java:189)
[2025-03-20T13:12:29.518+0000] {spark_submit.py:645} INFO - at io.netty.bootstrap.Bootstrap$1.operationComplete(Bootstrap.java:175)
[2025-03-20T13:12:29.524+0000] {spark_submit.py:645} INFO - at io.netty.util.concurrent.DefaultPromise.notifyListener0(DefaultPromise.java:590)
[2025-03-20T13:12:29.527+0000] {spark_submit.py:645} INFO - at io.netty.util.concurrent.DefaultPromise.notifyListenersNow(DefaultPromise.java:557)
[2025-03-20T13:12:29.528+0000] {spark_submit.py:645} INFO - at io.netty.util.concurrent.DefaultPromise.notifyListeners(DefaultPromise.java:492)
[2025-03-20T13:12:29.529+0000] {spark_submit.py:645} INFO - at io.netty.util.concurrent.DefaultPromise.setValue0(DefaultPromise.java:636)
[2025-03-20T13:12:29.530+0000] {spark_submit.py:645} INFO - at io.netty.util.concurrent.DefaultPromise.setSuccess0(DefaultPromise.java:625)
[2025-03-20T13:12:29.531+0000] {spark_submit.py:645} INFO - at io.netty.util.concurrent.DefaultPromise.trySuccess(DefaultPromise.java:105)
[2025-03-20T13:12:29.532+0000] {spark_submit.py:645} INFO - at io.netty.channel.DefaultChannelPromise.trySuccess(DefaultChannelPromise.java:84)
[2025-03-20T13:12:29.533+0000] {spark_submit.py:645} INFO - at io.netty.channel.AbstractChannel$AbstractUnsafe.safeSetSuccess(AbstractChannel.java:990)
[2025-03-20T13:12:29.535+0000] {spark_submit.py:645} INFO - at io.netty.channel.AbstractChannel$AbstractUnsafe.register0(AbstractChannel.java:516)
[2025-03-20T13:12:29.542+0000] {spark_submit.py:645} INFO - at io.netty.channel.AbstractChannel$AbstractUnsafe.access$200(AbstractChannel.java:429)
[2025-03-20T13:12:29.546+0000] {spark_submit.py:645} INFO - at io.netty.channel.AbstractChannel$AbstractUnsafe$1.run(AbstractChannel.java:486)
[2025-03-20T13:12:29.547+0000] {spark_submit.py:645} INFO - at io.netty.util.concurrent.AbstractEventExecutor.runTask(AbstractEventExecutor.java:174)
[2025-03-20T13:12:29.548+0000] {spark_submit.py:645} INFO - at io.netty.util.concurrent.AbstractEventExecutor.safeExecute(AbstractEventExecutor.java:167)
[2025-03-20T13:12:29.548+0000] {spark_submit.py:645} INFO - at io.netty.util.concurrent.SingleThreadEventExecutor.runAllTasks(SingleThreadEventExecutor.java:470)
[2025-03-20T13:12:29.549+0000] {spark_submit.py:645} INFO - at io.netty.channel.nio.NioEventLoop.run(NioEventLoop.java:569)
[2025-03-20T13:12:29.550+0000] {spark_submit.py:645} INFO - at io.netty.util.concurrent.SingleThreadEventExecutor$4.run(SingleThreadEventExecutor.java:997)
[2025-03-20T13:12:29.551+0000] {spark_submit.py:645} INFO - at io.netty.util.internal.ThreadExecutorMap$2.run(ThreadExecutorMap.java:74)
[2025-03-20T13:12:29.552+0000] {spark_submit.py:645} INFO - at io.netty.util.concurrent.FastThreadLocalRunnable.run(FastThreadLocalRunnable.java:30)
[2025-03-20T13:12:29.552+0000] {spark_submit.py:645} INFO - ... 1 more
[2025-03-20T13:12:47.325+0000] {spark_submit.py:645} INFO - 25/03/20 13:12:47 ERROR StandaloneSchedulerBackend: Application has been killed. Reason: All masters are unresponsive! Giving up.
[2025-03-20T13:12:47.326+0000] {spark_submit.py:645} INFO - 25/03/20 13:12:47 WARN StandaloneSchedulerBackend: Application ID is not initialized yet.
[2025-03-20T13:12:47.385+0000] {spark_submit.py:645} INFO - 25/03/20 13:12:47 INFO Utils: Successfully started service 'org.apache.spark.network.netty.NettyBlockTransferService' on port 45185.
[2025-03-20T13:12:47.386+0000] {spark_submit.py:645} INFO - 25/03/20 13:12:47 INFO NettyBlockTransferService: Server created on 155a81680138:45185
[2025-03-20T13:12:47.400+0000] {spark_submit.py:645} INFO - 25/03/20 13:12:47 INFO BlockManager: Using org.apache.spark.storage.RandomBlockReplicationPolicy for block replication policy
[2025-03-20T13:12:47.438+0000] {spark_submit.py:645} INFO - 25/03/20 13:12:47 INFO BlockManagerMaster: Registering BlockManager BlockManagerId(driver, 155a81680138, 45185, None)
[2025-03-20T13:12:47.456+0000] {spark_submit.py:645} INFO - 25/03/20 13:12:47 INFO BlockManagerMasterEndpoint: Registering block manager 155a81680138:45185 with 434.4 MiB RAM, BlockManagerId(driver, 155a81680138, 45185, None)
[2025-03-20T13:12:47.469+0000] {spark_submit.py:645} INFO - 25/03/20 13:12:47 INFO BlockManagerMaster: Registered BlockManager BlockManagerId(driver, 155a81680138, 45185, None)
[2025-03-20T13:12:47.475+0000] {spark_submit.py:645} INFO - 25/03/20 13:12:47 INFO BlockManager: Initialized BlockManager: BlockManagerId(driver, 155a81680138, 45185, None)
[2025-03-20T13:12:48.377+0000] {spark_submit.py:645} INFO - 25/03/20 13:12:48 INFO StandaloneSchedulerBackend: SchedulerBackend is ready for scheduling beginning after reached minRegisteredResourcesRatio: 0.0
[2025-03-20T13:12:49.370+0000] {spark_submit.py:645} INFO - 25/03/20 13:12:49 INFO SparkContext: SparkContext is stopping with exitCode 0.
[2025-03-20T13:12:49.430+0000] {spark_submit.py:645} INFO - 25/03/20 13:12:49 INFO SparkUI: Stopped Spark web UI at http://155a81680138:4040
[2025-03-20T13:12:49.443+0000] {spark_submit.py:645} INFO - 25/03/20 13:12:49 INFO StandaloneSchedulerBackend: Shutting down all executors
[2025-03-20T13:12:49.456+0000] {spark_submit.py:645} INFO - 25/03/20 13:12:49 INFO StandaloneSchedulerBackend$StandaloneDriverEndpoint: Asking each executor to shut down
[2025-03-20T13:12:49.484+0000] {spark_submit.py:645} INFO - 25/03/20 13:12:49 WARN StandaloneAppClient$ClientEndpoint: Drop UnregisterApplication(null) because has not yet connected to master
[2025-03-20T13:12:49.497+0000] {spark_submit.py:645} INFO - Traceback (most recent call last):
[2025-03-20T13:12:49.499+0000] {spark_submit.py:645} INFO - File "/opt/***/dags/fetch_and_clean_data.py", line 121, in <module>
[2025-03-20T13:12:49.499+0000] {spark_submit.py:645} INFO - clean_and_load_data()
[2025-03-20T13:12:49.502+0000] {spark_submit.py:645} INFO - File "/opt/***/dags/fetch_and_clean_data.py", line 39, in clean_and_load_data
[2025-03-20T13:12:49.507+0000] {spark_submit.py:645} INFO - spark = SparkSession.builder.appName("BreweryDataProcessing").master("spark://spark:7077").getOrCreate()
[2025-03-20T13:12:49.508+0000] {spark_submit.py:645} INFO - ^^^^^^^^^^^^^^^^^^^^^^^^^^^^^^^^^^^^^^^^^^^^^^^^^^^^^^^^^^^^^^^^^^^^^^^^^^^^^^^^^^^^^^^^^^^^^^^^
[2025-03-20T13:12:49.508+0000] {spark_submit.py:645} INFO - File "/home/***/.local/lib/python3.12/site-packages/pyspark/python/lib/pyspark.zip/pyspark/sql/session.py", line 500, in getOrCreate
[2025-03-20T13:12:49.509+0000] {spark_submit.py:645} INFO - File "/home/***/.local/lib/python3.12/site-packages/pyspark/python/lib/pyspark.zip/pyspark/sql/session.py", line 589, in __init__
[2025-03-20T13:12:49.509+0000] {spark_submit.py:645} INFO - File "/home/***/.local/lib/python3.12/site-packages/pyspark/python/lib/py4j-0.10.9.7-src.zip/py4j/java_gateway.py", line 1587, in __call__
[2025-03-20T13:12:49.510+0000] {spark_submit.py:645} INFO - File "/home/***/.local/lib/python3.12/site-packages/pyspark/python/lib/py4j-0.10.9.7-src.zip/py4j/protocol.py", line 326, in get_return_value
[2025-03-20T13:12:49.510+0000] {spark_submit.py:645} INFO - py4j.protocol.Py4JJavaError: An error occurred while calling None.org.apache.spark.sql.SparkSession.
[2025-03-20T13:12:49.511+0000] {spark_submit.py:645} INFO - : java.lang.IllegalStateException: Cannot call methods on a stopped SparkContext.
[2025-03-20T13:12:49.511+0000] {spark_submit.py:645} INFO - This stopped SparkContext was created at:
[2025-03-20T13:12:49.512+0000] {spark_submit.py:645} INFO - 
[2025-03-20T13:12:49.527+0000] {spark_submit.py:645} INFO - org.apache.spark.api.java.JavaSparkContext.<init>(JavaSparkContext.scala:58)
[2025-03-20T13:12:49.527+0000] {spark_submit.py:645} INFO - java.base/jdk.internal.reflect.NativeConstructorAccessorImpl.newInstance0(Native Method)
[2025-03-20T13:12:49.528+0000] {spark_submit.py:645} INFO - java.base/jdk.internal.reflect.NativeConstructorAccessorImpl.newInstance(NativeConstructorAccessorImpl.java:77)
[2025-03-20T13:12:49.528+0000] {spark_submit.py:645} INFO - java.base/jdk.internal.reflect.DelegatingConstructorAccessorImpl.newInstance(DelegatingConstructorAccessorImpl.java:45)
[2025-03-20T13:12:49.528+0000] {spark_submit.py:645} INFO - java.base/java.lang.reflect.Constructor.newInstanceWithCaller(Constructor.java:500)
[2025-03-20T13:12:49.529+0000] {spark_submit.py:645} INFO - java.base/java.lang.reflect.Constructor.newInstance(Constructor.java:481)
[2025-03-20T13:12:49.530+0000] {spark_submit.py:645} INFO - py4j.reflection.MethodInvoker.invoke(MethodInvoker.java:247)
[2025-03-20T13:12:49.531+0000] {spark_submit.py:645} INFO - py4j.reflection.ReflectionEngine.invoke(ReflectionEngine.java:374)
[2025-03-20T13:12:49.531+0000] {spark_submit.py:645} INFO - py4j.Gateway.invoke(Gateway.java:238)
[2025-03-20T13:12:49.532+0000] {spark_submit.py:645} INFO - py4j.commands.ConstructorCommand.invokeConstructor(ConstructorCommand.java:80)
[2025-03-20T13:12:49.532+0000] {spark_submit.py:645} INFO - py4j.commands.ConstructorCommand.execute(ConstructorCommand.java:69)
[2025-03-20T13:12:49.533+0000] {spark_submit.py:645} INFO - py4j.ClientServerConnection.waitForCommands(ClientServerConnection.java:182)
[2025-03-20T13:12:49.533+0000] {spark_submit.py:645} INFO - py4j.ClientServerConnection.run(ClientServerConnection.java:106)
[2025-03-20T13:12:49.533+0000] {spark_submit.py:645} INFO - java.base/java.lang.Thread.run(Thread.java:840)
[2025-03-20T13:12:49.534+0000] {spark_submit.py:645} INFO - 
[2025-03-20T13:12:49.534+0000] {spark_submit.py:645} INFO - The currently active SparkContext was created at:
[2025-03-20T13:12:49.535+0000] {spark_submit.py:645} INFO - 
[2025-03-20T13:12:49.535+0000] {spark_submit.py:645} INFO - org.apache.spark.api.java.JavaSparkContext.<init>(JavaSparkContext.scala:58)
[2025-03-20T13:12:49.536+0000] {spark_submit.py:645} INFO - java.base/jdk.internal.reflect.NativeConstructorAccessorImpl.newInstance0(Native Method)
[2025-03-20T13:12:49.536+0000] {spark_submit.py:645} INFO - java.base/jdk.internal.reflect.NativeConstructorAccessorImpl.newInstance(NativeConstructorAccessorImpl.java:77)
[2025-03-20T13:12:49.539+0000] {spark_submit.py:645} INFO - java.base/jdk.internal.reflect.DelegatingConstructorAccessorImpl.newInstance(DelegatingConstructorAccessorImpl.java:45)
[2025-03-20T13:12:49.541+0000] {spark_submit.py:645} INFO - java.base/java.lang.reflect.Constructor.newInstanceWithCaller(Constructor.java:500)
[2025-03-20T13:12:49.542+0000] {spark_submit.py:645} INFO - java.base/java.lang.reflect.Constructor.newInstance(Constructor.java:481)
[2025-03-20T13:12:49.542+0000] {spark_submit.py:645} INFO - py4j.reflection.MethodInvoker.invoke(MethodInvoker.java:247)
[2025-03-20T13:12:49.543+0000] {spark_submit.py:645} INFO - py4j.reflection.ReflectionEngine.invoke(ReflectionEngine.java:374)
[2025-03-20T13:12:49.543+0000] {spark_submit.py:645} INFO - py4j.Gateway.invoke(Gateway.java:238)
[2025-03-20T13:12:49.544+0000] {spark_submit.py:645} INFO - py4j.commands.ConstructorCommand.invokeConstructor(ConstructorCommand.java:80)
[2025-03-20T13:12:49.545+0000] {spark_submit.py:645} INFO - py4j.commands.ConstructorCommand.execute(ConstructorCommand.java:69)
[2025-03-20T13:12:49.546+0000] {spark_submit.py:645} INFO - py4j.ClientServerConnection.waitForCommands(ClientServerConnection.java:182)
[2025-03-20T13:12:49.547+0000] {spark_submit.py:645} INFO - py4j.ClientServerConnection.run(ClientServerConnection.java:106)
[2025-03-20T13:12:49.550+0000] {spark_submit.py:645} INFO - java.base/java.lang.Thread.run(Thread.java:840)
[2025-03-20T13:12:49.551+0000] {spark_submit.py:645} INFO - 
[2025-03-20T13:12:49.552+0000] {spark_submit.py:645} INFO - at org.apache.spark.SparkContext.assertNotStopped(SparkContext.scala:122)
[2025-03-20T13:12:49.553+0000] {spark_submit.py:645} INFO - at org.apache.spark.sql.SparkSession.<init>(SparkSession.scala:113)
[2025-03-20T13:12:49.554+0000] {spark_submit.py:645} INFO - at org.apache.spark.sql.SparkSession.<init>(SparkSession.scala:106)
[2025-03-20T13:12:49.555+0000] {spark_submit.py:645} INFO - at java.base/jdk.internal.reflect.NativeConstructorAccessorImpl.newInstance0(Native Method)
[2025-03-20T13:12:49.555+0000] {spark_submit.py:645} INFO - at java.base/jdk.internal.reflect.NativeConstructorAccessorImpl.newInstance(NativeConstructorAccessorImpl.java:77)
[2025-03-20T13:12:49.556+0000] {spark_submit.py:645} INFO - at java.base/jdk.internal.reflect.DelegatingConstructorAccessorImpl.newInstance(DelegatingConstructorAccessorImpl.java:45)
[2025-03-20T13:12:49.558+0000] {spark_submit.py:645} INFO - at java.base/java.lang.reflect.Constructor.newInstanceWithCaller(Constructor.java:500)
[2025-03-20T13:12:49.565+0000] {spark_submit.py:645} INFO - at java.base/java.lang.reflect.Constructor.newInstance(Constructor.java:481)
[2025-03-20T13:12:49.566+0000] {spark_submit.py:645} INFO - at py4j.reflection.MethodInvoker.invoke(MethodInvoker.java:247)
[2025-03-20T13:12:49.567+0000] {spark_submit.py:645} INFO - at py4j.reflection.ReflectionEngine.invoke(ReflectionEngine.java:374)
[2025-03-20T13:12:49.567+0000] {spark_submit.py:645} INFO - at py4j.Gateway.invoke(Gateway.java:238)
[2025-03-20T13:12:49.569+0000] {spark_submit.py:645} INFO - at py4j.commands.ConstructorCommand.invokeConstructor(ConstructorCommand.java:80)
[2025-03-20T13:12:49.570+0000] {spark_submit.py:645} INFO - at py4j.commands.ConstructorCommand.execute(ConstructorCommand.java:69)
[2025-03-20T13:12:49.570+0000] {spark_submit.py:645} INFO - at py4j.ClientServerConnection.waitForCommands(ClientServerConnection.java:182)
[2025-03-20T13:12:49.571+0000] {spark_submit.py:645} INFO - at py4j.ClientServerConnection.run(ClientServerConnection.java:106)
[2025-03-20T13:12:49.572+0000] {spark_submit.py:645} INFO - at java.base/java.lang.Thread.run(Thread.java:840)
[2025-03-20T13:12:49.572+0000] {spark_submit.py:645} INFO - 
[2025-03-20T13:12:49.575+0000] {spark_submit.py:645} INFO - 25/03/20 13:12:49 INFO MapOutputTrackerMasterEndpoint: MapOutputTrackerMasterEndpoint stopped!
[2025-03-20T13:12:49.873+0000] {spark_submit.py:645} INFO - 25/03/20 13:12:49 INFO MemoryStore: MemoryStore cleared
[2025-03-20T13:12:49.876+0000] {spark_submit.py:645} INFO - 25/03/20 13:12:49 INFO BlockManager: BlockManager stopped
[2025-03-20T13:12:49.904+0000] {spark_submit.py:645} INFO - 25/03/20 13:12:49 INFO BlockManagerMaster: BlockManagerMaster stopped
[2025-03-20T13:12:49.919+0000] {spark_submit.py:645} INFO - 25/03/20 13:12:49 INFO OutputCommitCoordinator$OutputCommitCoordinatorEndpoint: OutputCommitCoordinator stopped!
[2025-03-20T13:12:50.015+0000] {spark_submit.py:645} INFO - 25/03/20 13:12:50 INFO SparkContext: Successfully stopped SparkContext
[2025-03-20T13:12:50.185+0000] {spark_submit.py:645} INFO - 25/03/20 13:12:50 INFO ShutdownHookManager: Shutdown hook called
[2025-03-20T13:12:50.185+0000] {spark_submit.py:645} INFO - 25/03/20 13:12:50 INFO ShutdownHookManager: Deleting directory /tmp/spark-3906f09d-e9b2-4845-babf-c8ae8b4f05bd/pyspark-a6001810-14f2-4852-8a14-38a833b0a539
[2025-03-20T13:12:50.234+0000] {spark_submit.py:645} INFO - 25/03/20 13:12:50 INFO ShutdownHookManager: Deleting directory /tmp/spark-fe2f68d3-d816-4b95-b9bb-872d2667ee6c
[2025-03-20T13:12:50.252+0000] {spark_submit.py:645} INFO - 25/03/20 13:12:50 INFO ShutdownHookManager: Deleting directory /tmp/spark-3906f09d-e9b2-4845-babf-c8ae8b4f05bd
[2025-03-20T13:12:50.422+0000] {taskinstance.py:3313} ERROR - Task failed with exception
Traceback (most recent call last):
  File "/home/airflow/.local/lib/python3.12/site-packages/airflow/models/taskinstance.py", line 768, in _execute_task
    result = _execute_callable(context=context, **execute_callable_kwargs)
             ^^^^^^^^^^^^^^^^^^^^^^^^^^^^^^^^^^^^^^^^^^^^^^^^^^^^^^^^^^^^^
  File "/home/airflow/.local/lib/python3.12/site-packages/airflow/models/taskinstance.py", line 734, in _execute_callable
    return ExecutionCallableRunner(
           ^^^^^^^^^^^^^^^^^^^^^^^^
  File "/home/airflow/.local/lib/python3.12/site-packages/airflow/utils/operator_helpers.py", line 252, in run
    return self.func(*args, **kwargs)
           ^^^^^^^^^^^^^^^^^^^^^^^^^^
  File "/home/airflow/.local/lib/python3.12/site-packages/airflow/models/baseoperator.py", line 424, in wrapper
    return func(self, *args, **kwargs)
           ^^^^^^^^^^^^^^^^^^^^^^^^^^^
  File "/home/airflow/.local/lib/python3.12/site-packages/airflow/providers/apache/spark/operators/spark_submit.py", line 177, in execute
    self._hook.submit(self.application)
  File "/home/airflow/.local/lib/python3.12/site-packages/airflow/providers/apache/spark/hooks/spark_submit.py", line 567, in submit
    raise AirflowException(
airflow.exceptions.AirflowException: Cannot execute: spark-submit --master spark://spark-master:7077 --name arrow-spark --verbose --deploy-mode client /opt/***/dags/fetch_and_clean_data.py. Error code is: 1.
[2025-03-20T13:12:50.452+0000] {logging_mixin.py:190} INFO - Task instance in failure state
[2025-03-20T13:12:50.453+0000] {logging_mixin.py:190} INFO - Task start:2025-03-20 13:11:15.439041+00:00 end:2025-03-20 13:12:50.448780+00:00 duration:95.009739
[2025-03-20T13:12:50.454+0000] {logging_mixin.py:190} INFO - Task:<Task(SparkSubmitOperator): clean_and_load_to_silver_layer> dag:<DAG: ETL_breweries_list> dagrun:<DagRun ETL_breweries_list @ 2025-03-20 13:09:36.602992+00:00: manual__2025-03-20T13:09:36.602992+00:00, state:running, queued_at: 2025-03-20 13:09:38.648964+00:00. externally triggered: True>
[2025-03-20T13:12:50.454+0000] {logging_mixin.py:190} INFO - Failure caused by Cannot execute: spark-submit --master spark://spark-master:7077 --name arrow-spark --verbose --deploy-mode client /opt/***/dags/fetch_and_clean_data.py. Error code is: 1.
[2025-03-20T13:12:50.455+0000] {taskinstance.py:1226} INFO - Marking task as FAILED. dag_id=ETL_breweries_list, task_id=clean_and_load_to_silver_layer, run_id=manual__2025-03-20T13:09:36.602992+00:00, execution_date=20250320T130936, start_date=20250320T131115, end_date=20250320T131250
[2025-03-20T13:12:50.513+0000] {taskinstance.py:341} INFO - ::group::Post task execution logs
[2025-03-20T13:12:50.514+0000] {standard_task_runner.py:124} ERROR - Failed to execute job 147 for task clean_and_load_to_silver_layer (Cannot execute: spark-submit --master spark://spark-master:7077 --name arrow-spark --verbose --deploy-mode client /opt/***/dags/fetch_and_clean_data.py. Error code is: 1.; 352)
Traceback (most recent call last):
  File "/home/airflow/.local/lib/python3.12/site-packages/airflow/task/task_runner/standard_task_runner.py", line 117, in _start_by_fork
    ret = args.func(args, dag=self.dag)
          ^^^^^^^^^^^^^^^^^^^^^^^^^^^^^
  File "/home/airflow/.local/lib/python3.12/site-packages/airflow/cli/cli_config.py", line 49, in command
    return func(*args, **kwargs)
           ^^^^^^^^^^^^^^^^^^^^^
  File "/home/airflow/.local/lib/python3.12/site-packages/airflow/utils/cli.py", line 116, in wrapper
    return f(*args, **kwargs)
           ^^^^^^^^^^^^^^^^^^
  File "/home/airflow/.local/lib/python3.12/site-packages/airflow/cli/commands/task_command.py", line 483, in task_run
    task_return_code = _run_task_by_selected_method(args, _dag, ti)
                       ^^^^^^^^^^^^^^^^^^^^^^^^^^^^^^^^^^^^^^^^^^^^
  File "/home/airflow/.local/lib/python3.12/site-packages/airflow/cli/commands/task_command.py", line 256, in _run_task_by_selected_method
    return _run_raw_task(args, ti)
           ^^^^^^^^^^^^^^^^^^^^^^^
  File "/home/airflow/.local/lib/python3.12/site-packages/airflow/cli/commands/task_command.py", line 341, in _run_raw_task
    return ti._run_raw_task(
           ^^^^^^^^^^^^^^^^^
  File "/home/airflow/.local/lib/python3.12/site-packages/airflow/utils/session.py", line 97, in wrapper
    return func(*args, session=session, **kwargs)
           ^^^^^^^^^^^^^^^^^^^^^^^^^^^^^^^^^^^^^^
  File "/home/airflow/.local/lib/python3.12/site-packages/airflow/models/taskinstance.py", line 3006, in _run_raw_task
    return _run_raw_task(
           ^^^^^^^^^^^^^^
  File "/home/airflow/.local/lib/python3.12/site-packages/airflow/models/taskinstance.py", line 274, in _run_raw_task
    TaskInstance._execute_task_with_callbacks(
  File "/home/airflow/.local/lib/python3.12/site-packages/airflow/models/taskinstance.py", line 3161, in _execute_task_with_callbacks
    result = self._execute_task(context, task_orig)
             ^^^^^^^^^^^^^^^^^^^^^^^^^^^^^^^^^^^^^^
  File "/home/airflow/.local/lib/python3.12/site-packages/airflow/models/taskinstance.py", line 3185, in _execute_task
    return _execute_task(self, context, task_orig)
           ^^^^^^^^^^^^^^^^^^^^^^^^^^^^^^^^^^^^^^^
  File "/home/airflow/.local/lib/python3.12/site-packages/airflow/models/taskinstance.py", line 768, in _execute_task
    result = _execute_callable(context=context, **execute_callable_kwargs)
             ^^^^^^^^^^^^^^^^^^^^^^^^^^^^^^^^^^^^^^^^^^^^^^^^^^^^^^^^^^^^^
  File "/home/airflow/.local/lib/python3.12/site-packages/airflow/models/taskinstance.py", line 734, in _execute_callable
    return ExecutionCallableRunner(
           ^^^^^^^^^^^^^^^^^^^^^^^^
  File "/home/airflow/.local/lib/python3.12/site-packages/airflow/utils/operator_helpers.py", line 252, in run
    return self.func(*args, **kwargs)
           ^^^^^^^^^^^^^^^^^^^^^^^^^^
  File "/home/airflow/.local/lib/python3.12/site-packages/airflow/models/baseoperator.py", line 424, in wrapper
    return func(self, *args, **kwargs)
           ^^^^^^^^^^^^^^^^^^^^^^^^^^^
  File "/home/airflow/.local/lib/python3.12/site-packages/airflow/providers/apache/spark/operators/spark_submit.py", line 177, in execute
    self._hook.submit(self.application)
  File "/home/airflow/.local/lib/python3.12/site-packages/airflow/providers/apache/spark/hooks/spark_submit.py", line 567, in submit
    raise AirflowException(
airflow.exceptions.AirflowException: Cannot execute: spark-submit --master spark://spark-master:7077 --name arrow-spark --verbose --deploy-mode client /opt/***/dags/fetch_and_clean_data.py. Error code is: 1.
[2025-03-20T13:12:50.585+0000] {local_task_job_runner.py:266} INFO - Task exited with return code 1
[2025-03-20T13:12:50.646+0000] {taskinstance.py:3901} INFO - 1 downstream tasks scheduled from follow-on schedule check
[2025-03-20T13:12:50.650+0000] {local_task_job_runner.py:245} INFO - ::endgroup::
