[2025-03-20T16:31:59.971+0000] {local_task_job_runner.py:123} INFO - ::group::Pre task execution logs
[2025-03-20T16:32:00.001+0000] {taskinstance.py:2614} INFO - Dependencies all met for dep_context=non-requeueable deps ti=<TaskInstance: ETL_breweries_list.clean_and_load_to_silver_layer manual__2025-03-20T16:29:01.246718+00:00 [queued]>
[2025-03-20T16:32:00.029+0000] {taskinstance.py:2614} INFO - Dependencies all met for dep_context=requeueable deps ti=<TaskInstance: ETL_breweries_list.clean_and_load_to_silver_layer manual__2025-03-20T16:29:01.246718+00:00 [queued]>
[2025-03-20T16:32:00.030+0000] {taskinstance.py:2867} INFO - Starting attempt 1 of 1
[2025-03-20T16:32:00.055+0000] {taskinstance.py:2890} INFO - Executing <Task(SparkSubmitOperator): clean_and_load_to_silver_layer> on 2025-03-20 16:29:01.246718+00:00
[2025-03-20T16:32:00.067+0000] {warnings.py:112} WARNING - /home/***/.local/lib/python3.12/site-packages/***/task/task_runner/standard_task_runner.py:70: DeprecationWarning: This process (pid=164) is multi-threaded, use of fork() may lead to deadlocks in the child.
  pid = os.fork()

[2025-03-20T16:32:00.070+0000] {standard_task_runner.py:72} INFO - Started process 174 to run task
[2025-03-20T16:32:00.071+0000] {standard_task_runner.py:104} INFO - Running: ['***', 'tasks', 'run', 'ETL_breweries_list', 'clean_and_load_to_silver_layer', 'manual__2025-03-20T16:29:01.246718+00:00', '--job-id', '168', '--raw', '--subdir', 'DAGS_FOLDER/breweries_list_etl.py', '--cfg-path', '/tmp/tmp9xuw2jgx']
[2025-03-20T16:32:00.073+0000] {standard_task_runner.py:105} INFO - Job 168: Subtask clean_and_load_to_silver_layer
[2025-03-20T16:32:00.139+0000] {task_command.py:467} INFO - Running <TaskInstance: ETL_breweries_list.clean_and_load_to_silver_layer manual__2025-03-20T16:29:01.246718+00:00 [running]> on host 82bcf2b98223
[2025-03-20T16:32:00.259+0000] {taskinstance.py:3134} INFO - Exporting env vars: AIRFLOW_CTX_DAG_OWNER='***' AIRFLOW_CTX_DAG_ID='ETL_breweries_list' AIRFLOW_CTX_TASK_ID='clean_and_load_to_silver_layer' AIRFLOW_CTX_EXECUTION_DATE='2025-03-20T16:29:01.246718+00:00' AIRFLOW_CTX_TRY_NUMBER='1' AIRFLOW_CTX_DAG_RUN_ID='manual__2025-03-20T16:29:01.246718+00:00'
[2025-03-20T16:32:00.260+0000] {logging_mixin.py:190} INFO - Task instance is in running state
[2025-03-20T16:32:00.262+0000] {logging_mixin.py:190} INFO -  Previous state of the Task instance: queued
[2025-03-20T16:32:00.263+0000] {logging_mixin.py:190} INFO - Current task name:clean_and_load_to_silver_layer state:running start_date:2025-03-20 16:32:00.001539+00:00
[2025-03-20T16:32:00.263+0000] {logging_mixin.py:190} INFO - Dag name:ETL_breweries_list and current dag run status:running
[2025-03-20T16:32:00.263+0000] {taskinstance.py:732} INFO - ::endgroup::
[2025-03-20T16:32:00.276+0000] {base.py:84} INFO - Retrieving connection 'my_spark_conn'
[2025-03-20T16:32:00.280+0000] {spark_submit.py:474} INFO - Spark-Submit cmd: spark-submit --master spark://spark-master:7077 --name arrow-spark --verbose --deploy-mode client /opt/***/dags/fetch_and_clean_data.py
[2025-03-20T16:32:12.944+0000] {spark_submit.py:645} INFO - Using properties file: null
[2025-03-20T16:32:13.690+0000] {spark_submit.py:645} INFO - Parsed arguments:
[2025-03-20T16:32:13.691+0000] {spark_submit.py:645} INFO - master                  spark://spark-master:7077
[2025-03-20T16:32:13.692+0000] {spark_submit.py:645} INFO - remote                  null
[2025-03-20T16:32:13.692+0000] {spark_submit.py:645} INFO - deployMode              client
[2025-03-20T16:32:13.693+0000] {spark_submit.py:645} INFO - executorMemory          null
[2025-03-20T16:32:13.693+0000] {spark_submit.py:645} INFO - executorCores           null
[2025-03-20T16:32:13.695+0000] {spark_submit.py:645} INFO - totalExecutorCores      null
[2025-03-20T16:32:13.696+0000] {spark_submit.py:645} INFO - propertiesFile          null
[2025-03-20T16:32:13.719+0000] {spark_submit.py:645} INFO - driverMemory            null
[2025-03-20T16:32:13.721+0000] {spark_submit.py:645} INFO - driverCores             null
[2025-03-20T16:32:13.723+0000] {spark_submit.py:645} INFO - driverExtraClassPath    null
[2025-03-20T16:32:13.724+0000] {spark_submit.py:645} INFO - driverExtraLibraryPath  null
[2025-03-20T16:32:13.725+0000] {spark_submit.py:645} INFO - driverExtraJavaOptions  null
[2025-03-20T16:32:13.726+0000] {spark_submit.py:645} INFO - supervise               false
[2025-03-20T16:32:13.727+0000] {spark_submit.py:645} INFO - queue                   null
[2025-03-20T16:32:13.727+0000] {spark_submit.py:645} INFO - numExecutors            null
[2025-03-20T16:32:13.728+0000] {spark_submit.py:645} INFO - files                   null
[2025-03-20T16:32:13.728+0000] {spark_submit.py:645} INFO - pyFiles                 null
[2025-03-20T16:32:13.729+0000] {spark_submit.py:645} INFO - archives                null
[2025-03-20T16:32:13.729+0000] {spark_submit.py:645} INFO - mainClass               null
[2025-03-20T16:32:13.729+0000] {spark_submit.py:645} INFO - primaryResource         file:/opt/***/dags/fetch_and_clean_data.py
[2025-03-20T16:32:13.730+0000] {spark_submit.py:645} INFO - name                    arrow-spark
[2025-03-20T16:32:13.730+0000] {spark_submit.py:645} INFO - childArgs               []
[2025-03-20T16:32:13.731+0000] {spark_submit.py:645} INFO - jars                    null
[2025-03-20T16:32:13.731+0000] {spark_submit.py:645} INFO - packages                null
[2025-03-20T16:32:13.732+0000] {spark_submit.py:645} INFO - packagesExclusions      null
[2025-03-20T16:32:13.733+0000] {spark_submit.py:645} INFO - repositories            null
[2025-03-20T16:32:13.741+0000] {spark_submit.py:645} INFO - verbose                 true
[2025-03-20T16:32:13.743+0000] {spark_submit.py:645} INFO - 
[2025-03-20T16:32:13.745+0000] {spark_submit.py:645} INFO - Spark properties used, including those specified through
[2025-03-20T16:32:13.746+0000] {spark_submit.py:645} INFO - --conf and those from the properties file null:
[2025-03-20T16:32:13.747+0000] {spark_submit.py:645} INFO - 
[2025-03-20T16:32:13.748+0000] {spark_submit.py:645} INFO - 
[2025-03-20T16:32:13.749+0000] {spark_submit.py:645} INFO - 
[2025-03-20T16:32:15.136+0000] {spark_submit.py:645} INFO - Main class:
[2025-03-20T16:32:15.136+0000] {spark_submit.py:645} INFO - org.apache.spark.deploy.PythonRunner
[2025-03-20T16:32:15.138+0000] {spark_submit.py:645} INFO - Arguments:
[2025-03-20T16:32:15.142+0000] {spark_submit.py:645} INFO - file:/opt/***/dags/fetch_and_clean_data.py
[2025-03-20T16:32:15.144+0000] {spark_submit.py:645} INFO - null
[2025-03-20T16:32:15.155+0000] {spark_submit.py:645} INFO - Spark config:
[2025-03-20T16:32:15.155+0000] {spark_submit.py:645} INFO - (spark.app.name,arrow-spark)
[2025-03-20T16:32:15.156+0000] {spark_submit.py:645} INFO - (spark.app.submitTime,1742488335075)
[2025-03-20T16:32:15.156+0000] {spark_submit.py:645} INFO - (spark.master,spark://spark-master:7077)
[2025-03-20T16:32:15.157+0000] {spark_submit.py:645} INFO - (spark.submit.deployMode,client)
[2025-03-20T16:32:15.157+0000] {spark_submit.py:645} INFO - (spark.submit.pyFiles,)
[2025-03-20T16:32:15.161+0000] {spark_submit.py:645} INFO - Classpath elements:
[2025-03-20T16:32:15.162+0000] {spark_submit.py:645} INFO - 
[2025-03-20T16:32:15.163+0000] {spark_submit.py:645} INFO - 
[2025-03-20T16:32:15.164+0000] {spark_submit.py:645} INFO - 
[2025-03-20T16:32:27.846+0000] {spark_submit.py:645} INFO - 25/03/20 16:32:27 INFO SparkContext: Running Spark version 3.5.5
[2025-03-20T16:32:27.861+0000] {spark_submit.py:645} INFO - 25/03/20 16:32:27 INFO SparkContext: OS info Linux, 5.15.167.4-microsoft-standard-WSL2, amd64
[2025-03-20T16:32:27.867+0000] {spark_submit.py:645} INFO - 25/03/20 16:32:27 INFO SparkContext: Java version 17.0.14
[2025-03-20T16:32:39.822+0000] {spark_submit.py:645} INFO - 25/03/20 16:32:39 WARN NativeCodeLoader: Unable to load native-hadoop library for your platform... using builtin-java classes where applicable
[2025-03-20T16:32:40.725+0000] {spark_submit.py:645} INFO - 25/03/20 16:32:40 INFO ResourceUtils: ==============================================================
[2025-03-20T16:32:40.745+0000] {spark_submit.py:645} INFO - 25/03/20 16:32:40 INFO ResourceUtils: No custom resources configured for spark.driver.
[2025-03-20T16:32:40.746+0000] {spark_submit.py:645} INFO - 25/03/20 16:32:40 INFO ResourceUtils: ==============================================================
[2025-03-20T16:32:40.746+0000] {spark_submit.py:645} INFO - 25/03/20 16:32:40 INFO SparkContext: Submitted application: BreweryDataProcessing
[2025-03-20T16:32:40.925+0000] {spark_submit.py:645} INFO - 25/03/20 16:32:40 INFO ResourceProfile: Default ResourceProfile created, executor resources: Map(memory -> name: memory, amount: 1024, script: , vendor: , offHeap -> name: offHeap, amount: 0, script: , vendor: ), task resources: Map(cpus -> name: cpus, amount: 1.0)
[2025-03-20T16:32:40.960+0000] {spark_submit.py:645} INFO - 25/03/20 16:32:40 INFO ResourceProfile: Limiting resource is cpu
[2025-03-20T16:32:40.967+0000] {spark_submit.py:645} INFO - 25/03/20 16:32:40 INFO ResourceProfileManager: Added ResourceProfile id: 0
[2025-03-20T16:32:41.599+0000] {spark_submit.py:645} INFO - 25/03/20 16:32:41 INFO SecurityManager: Changing view acls to: default
[2025-03-20T16:32:41.606+0000] {spark_submit.py:645} INFO - 25/03/20 16:32:41 INFO SecurityManager: Changing modify acls to: default
[2025-03-20T16:32:41.612+0000] {spark_submit.py:645} INFO - 25/03/20 16:32:41 INFO SecurityManager: Changing view acls groups to:
[2025-03-20T16:32:41.637+0000] {spark_submit.py:645} INFO - 25/03/20 16:32:41 INFO SecurityManager: Changing modify acls groups to:
[2025-03-20T16:32:41.638+0000] {spark_submit.py:645} INFO - 25/03/20 16:32:41 INFO SecurityManager: SecurityManager: authentication disabled; ui acls disabled; users with view permissions: default; groups with view permissions: EMPTY; users with modify permissions: default; groups with modify permissions: EMPTY
[2025-03-20T16:32:50.475+0000] {spark_submit.py:645} INFO - 25/03/20 16:32:50 INFO Utils: Successfully started service 'sparkDriver' on port 45927.
[2025-03-20T16:32:53.017+0000] {spark_submit.py:645} INFO - 25/03/20 16:32:53 INFO SparkEnv: Registering MapOutputTracker
[2025-03-20T16:32:53.275+0000] {spark_submit.py:645} INFO - 25/03/20 16:32:53 INFO SparkEnv: Registering BlockManagerMaster
[2025-03-20T16:32:53.462+0000] {spark_submit.py:645} INFO - 25/03/20 16:32:53 INFO BlockManagerMasterEndpoint: Using org.apache.spark.storage.DefaultTopologyMapper for getting topology information
[2025-03-20T16:32:53.505+0000] {spark_submit.py:645} INFO - 25/03/20 16:32:53 INFO BlockManagerMasterEndpoint: BlockManagerMasterEndpoint up
[2025-03-20T16:32:53.538+0000] {spark_submit.py:645} INFO - 25/03/20 16:32:53 INFO SparkEnv: Registering BlockManagerMasterHeartbeat
[2025-03-20T16:32:53.758+0000] {spark_submit.py:645} INFO - 25/03/20 16:32:53 INFO DiskBlockManager: Created local directory at /tmp/blockmgr-39a5e473-b646-4e45-9ffd-46e0d0e34e85
[2025-03-20T16:32:53.941+0000] {spark_submit.py:645} INFO - 25/03/20 16:32:53 INFO MemoryStore: MemoryStore started with capacity 434.4 MiB
[2025-03-20T16:32:54.113+0000] {spark_submit.py:645} INFO - 25/03/20 16:32:54 INFO SparkEnv: Registering OutputCommitCoordinator
[2025-03-20T16:32:55.980+0000] {spark_submit.py:645} INFO - 25/03/20 16:32:55 INFO JettyUtils: Start Jetty 0.0.0.0:4040 for SparkUI
[2025-03-20T16:33:00.578+0000] {spark_submit.py:645} INFO - 25/03/20 16:33:00 INFO Utils: Successfully started service 'SparkUI' on port 4040.
[2025-03-20T16:33:01.946+0000] {spark_submit.py:645} INFO - 25/03/20 16:33:01 INFO StandaloneAppClient$ClientEndpoint: Connecting to master spark://spark:7077...
[2025-03-20T16:33:04.250+0000] {spark_submit.py:645} INFO - 25/03/20 16:33:04 WARN TransportClientFactory: DNS resolution failed for spark/<unresolved>:7077 took 2094 ms
[2025-03-20T16:33:04.440+0000] {spark_submit.py:645} INFO - 25/03/20 16:33:04 WARN StandaloneAppClient$ClientEndpoint: Failed to connect to master spark:7077
[2025-03-20T16:33:04.442+0000] {spark_submit.py:645} INFO - org.apache.spark.SparkException: Exception thrown in awaitResult:
[2025-03-20T16:33:04.443+0000] {spark_submit.py:645} INFO - at org.apache.spark.util.SparkThreadUtils$.awaitResult(SparkThreadUtils.scala:56)
[2025-03-20T16:33:04.444+0000] {spark_submit.py:645} INFO - at org.apache.spark.util.ThreadUtils$.awaitResult(ThreadUtils.scala:310)
[2025-03-20T16:33:04.445+0000] {spark_submit.py:645} INFO - at org.apache.spark.rpc.RpcTimeout.awaitResult(RpcTimeout.scala:75)
[2025-03-20T16:33:04.446+0000] {spark_submit.py:645} INFO - at org.apache.spark.rpc.RpcEnv.setupEndpointRefByURI(RpcEnv.scala:102)
[2025-03-20T16:33:04.450+0000] {spark_submit.py:645} INFO - at org.apache.spark.rpc.RpcEnv.setupEndpointRef(RpcEnv.scala:110)
[2025-03-20T16:33:04.451+0000] {spark_submit.py:645} INFO - at org.apache.spark.deploy.client.StandaloneAppClient$ClientEndpoint$$anon$1.run(StandaloneAppClient.scala:108)
[2025-03-20T16:33:04.451+0000] {spark_submit.py:645} INFO - at java.base/java.util.concurrent.Executors$RunnableAdapter.call(Executors.java:539)
[2025-03-20T16:33:04.452+0000] {spark_submit.py:645} INFO - at java.base/java.util.concurrent.FutureTask.run(FutureTask.java:264)
[2025-03-20T16:33:04.452+0000] {spark_submit.py:645} INFO - at java.base/java.util.concurrent.ThreadPoolExecutor.runWorker(ThreadPoolExecutor.java:1136)
[2025-03-20T16:33:04.453+0000] {spark_submit.py:645} INFO - at java.base/java.util.concurrent.ThreadPoolExecutor$Worker.run(ThreadPoolExecutor.java:635)
[2025-03-20T16:33:04.454+0000] {spark_submit.py:645} INFO - at java.base/java.lang.Thread.run(Thread.java:840)
[2025-03-20T16:33:04.455+0000] {spark_submit.py:645} INFO - Caused by: java.io.IOException: Failed to connect to spark/<unresolved>:7077
[2025-03-20T16:33:04.455+0000] {spark_submit.py:645} INFO - at org.apache.spark.network.client.TransportClientFactory.createClient(TransportClientFactory.java:294)
[2025-03-20T16:33:04.456+0000] {spark_submit.py:645} INFO - at org.apache.spark.network.client.TransportClientFactory.createClient(TransportClientFactory.java:214)
[2025-03-20T16:33:04.463+0000] {spark_submit.py:645} INFO - at org.apache.spark.network.client.TransportClientFactory.createClient(TransportClientFactory.java:226)
[2025-03-20T16:33:04.465+0000] {spark_submit.py:645} INFO - at org.apache.spark.rpc.netty.NettyRpcEnv.createClient(NettyRpcEnv.scala:204)
[2025-03-20T16:33:04.466+0000] {spark_submit.py:645} INFO - at org.apache.spark.rpc.netty.Outbox$$anon$1.call(Outbox.scala:202)
[2025-03-20T16:33:04.466+0000] {spark_submit.py:645} INFO - at org.apache.spark.rpc.netty.Outbox$$anon$1.call(Outbox.scala:198)
[2025-03-20T16:33:04.467+0000] {spark_submit.py:645} INFO - ... 4 more
[2025-03-20T16:33:04.467+0000] {spark_submit.py:645} INFO - Caused by: java.net.UnknownHostException: spark
[2025-03-20T16:33:04.468+0000] {spark_submit.py:645} INFO - at java.base/java.net.InetAddress$CachedAddresses.get(InetAddress.java:801)
[2025-03-20T16:33:04.468+0000] {spark_submit.py:645} INFO - at java.base/java.net.InetAddress.getAllByName0(InetAddress.java:1533)
[2025-03-20T16:33:04.469+0000] {spark_submit.py:645} INFO - at java.base/java.net.InetAddress.getAllByName(InetAddress.java:1385)
[2025-03-20T16:33:04.469+0000] {spark_submit.py:645} INFO - at java.base/java.net.InetAddress.getAllByName(InetAddress.java:1306)
[2025-03-20T16:33:04.469+0000] {spark_submit.py:645} INFO - at java.base/java.net.InetAddress.getByName(InetAddress.java:1256)
[2025-03-20T16:33:04.470+0000] {spark_submit.py:645} INFO - at io.netty.util.internal.SocketUtils$8.run(SocketUtils.java:156)
[2025-03-20T16:33:04.470+0000] {spark_submit.py:645} INFO - at io.netty.util.internal.SocketUtils$8.run(SocketUtils.java:153)
[2025-03-20T16:33:04.471+0000] {spark_submit.py:645} INFO - at java.base/java.security.AccessController.doPrivileged(AccessController.java:569)
[2025-03-20T16:33:04.471+0000] {spark_submit.py:645} INFO - at io.netty.util.internal.SocketUtils.addressByName(SocketUtils.java:153)
[2025-03-20T16:33:04.471+0000] {spark_submit.py:645} INFO - at io.netty.resolver.DefaultNameResolver.doResolve(DefaultNameResolver.java:41)
[2025-03-20T16:33:04.472+0000] {spark_submit.py:645} INFO - at io.netty.resolver.SimpleNameResolver.resolve(SimpleNameResolver.java:61)
[2025-03-20T16:33:04.472+0000] {spark_submit.py:645} INFO - at io.netty.resolver.SimpleNameResolver.resolve(SimpleNameResolver.java:53)
[2025-03-20T16:33:04.473+0000] {spark_submit.py:645} INFO - at io.netty.resolver.InetSocketAddressResolver.doResolve(InetSocketAddressResolver.java:55)
[2025-03-20T16:33:04.473+0000] {spark_submit.py:645} INFO - at io.netty.resolver.InetSocketAddressResolver.doResolve(InetSocketAddressResolver.java:31)
[2025-03-20T16:33:04.476+0000] {spark_submit.py:645} INFO - at io.netty.resolver.AbstractAddressResolver.resolve(AbstractAddressResolver.java:106)
[2025-03-20T16:33:04.480+0000] {spark_submit.py:645} INFO - at io.netty.bootstrap.Bootstrap.doResolveAndConnect0(Bootstrap.java:220)
[2025-03-20T16:33:04.481+0000] {spark_submit.py:645} INFO - at io.netty.bootstrap.Bootstrap.access$000(Bootstrap.java:46)
[2025-03-20T16:33:04.481+0000] {spark_submit.py:645} INFO - at io.netty.bootstrap.Bootstrap$1.operationComplete(Bootstrap.java:189)
[2025-03-20T16:33:04.482+0000] {spark_submit.py:645} INFO - at io.netty.bootstrap.Bootstrap$1.operationComplete(Bootstrap.java:175)
[2025-03-20T16:33:04.483+0000] {spark_submit.py:645} INFO - at io.netty.util.concurrent.DefaultPromise.notifyListener0(DefaultPromise.java:590)
[2025-03-20T16:33:04.484+0000] {spark_submit.py:645} INFO - at io.netty.util.concurrent.DefaultPromise.notifyListenersNow(DefaultPromise.java:557)
[2025-03-20T16:33:04.485+0000] {spark_submit.py:645} INFO - at io.netty.util.concurrent.DefaultPromise.notifyListeners(DefaultPromise.java:492)
[2025-03-20T16:33:04.486+0000] {spark_submit.py:645} INFO - at io.netty.util.concurrent.DefaultPromise.setValue0(DefaultPromise.java:636)
[2025-03-20T16:33:04.486+0000] {spark_submit.py:645} INFO - at io.netty.util.concurrent.DefaultPromise.setSuccess0(DefaultPromise.java:625)
[2025-03-20T16:33:04.487+0000] {spark_submit.py:645} INFO - at io.netty.util.concurrent.DefaultPromise.trySuccess(DefaultPromise.java:105)
[2025-03-20T16:33:04.487+0000] {spark_submit.py:645} INFO - at io.netty.channel.DefaultChannelPromise.trySuccess(DefaultChannelPromise.java:84)
[2025-03-20T16:33:04.487+0000] {spark_submit.py:645} INFO - at io.netty.channel.AbstractChannel$AbstractUnsafe.safeSetSuccess(AbstractChannel.java:990)
[2025-03-20T16:33:04.487+0000] {spark_submit.py:645} INFO - at io.netty.channel.AbstractChannel$AbstractUnsafe.register0(AbstractChannel.java:516)
[2025-03-20T16:33:04.488+0000] {spark_submit.py:645} INFO - at io.netty.channel.AbstractChannel$AbstractUnsafe.access$200(AbstractChannel.java:429)
[2025-03-20T16:33:04.488+0000] {spark_submit.py:645} INFO - at io.netty.channel.AbstractChannel$AbstractUnsafe$1.run(AbstractChannel.java:486)
[2025-03-20T16:33:04.488+0000] {spark_submit.py:645} INFO - at io.netty.util.concurrent.AbstractEventExecutor.runTask(AbstractEventExecutor.java:174)
[2025-03-20T16:33:04.489+0000] {spark_submit.py:645} INFO - at io.netty.util.concurrent.AbstractEventExecutor.safeExecute(AbstractEventExecutor.java:167)
[2025-03-20T16:33:04.489+0000] {spark_submit.py:645} INFO - at io.netty.util.concurrent.SingleThreadEventExecutor.runAllTasks(SingleThreadEventExecutor.java:470)
[2025-03-20T16:33:04.490+0000] {spark_submit.py:645} INFO - at io.netty.channel.nio.NioEventLoop.run(NioEventLoop.java:569)
[2025-03-20T16:33:04.490+0000] {spark_submit.py:645} INFO - at io.netty.util.concurrent.SingleThreadEventExecutor$4.run(SingleThreadEventExecutor.java:997)
[2025-03-20T16:33:04.491+0000] {spark_submit.py:645} INFO - at io.netty.util.internal.ThreadExecutorMap$2.run(ThreadExecutorMap.java:74)
[2025-03-20T16:33:04.491+0000] {spark_submit.py:645} INFO - at io.netty.util.concurrent.FastThreadLocalRunnable.run(FastThreadLocalRunnable.java:30)
[2025-03-20T16:33:04.492+0000] {spark_submit.py:645} INFO - ... 1 more
[2025-03-20T16:33:21.946+0000] {spark_submit.py:645} INFO - 25/03/20 16:33:21 INFO StandaloneAppClient$ClientEndpoint: Connecting to master spark://spark:7077...
[2025-03-20T16:33:24.350+0000] {spark_submit.py:645} INFO - 25/03/20 16:33:24 WARN TransportClientFactory: DNS resolution failed for spark/<unresolved>:7077 took 2397 ms
[2025-03-20T16:33:24.507+0000] {spark_submit.py:645} INFO - 25/03/20 16:33:24 WARN StandaloneAppClient$ClientEndpoint: Failed to connect to master spark:7077
[2025-03-20T16:33:24.508+0000] {spark_submit.py:645} INFO - org.apache.spark.SparkException: Exception thrown in awaitResult:
[2025-03-20T16:33:24.508+0000] {spark_submit.py:645} INFO - at org.apache.spark.util.SparkThreadUtils$.awaitResult(SparkThreadUtils.scala:56)
[2025-03-20T16:33:24.509+0000] {spark_submit.py:645} INFO - at org.apache.spark.util.ThreadUtils$.awaitResult(ThreadUtils.scala:310)
[2025-03-20T16:33:24.509+0000] {spark_submit.py:645} INFO - at org.apache.spark.rpc.RpcTimeout.awaitResult(RpcTimeout.scala:75)
[2025-03-20T16:33:24.509+0000] {spark_submit.py:645} INFO - at org.apache.spark.rpc.RpcEnv.setupEndpointRefByURI(RpcEnv.scala:102)
[2025-03-20T16:33:24.510+0000] {spark_submit.py:645} INFO - at org.apache.spark.rpc.RpcEnv.setupEndpointRef(RpcEnv.scala:110)
[2025-03-20T16:33:24.510+0000] {spark_submit.py:645} INFO - at org.apache.spark.deploy.client.StandaloneAppClient$ClientEndpoint$$anon$1.run(StandaloneAppClient.scala:108)
[2025-03-20T16:33:24.510+0000] {spark_submit.py:645} INFO - at java.base/java.util.concurrent.Executors$RunnableAdapter.call(Executors.java:539)
[2025-03-20T16:33:24.511+0000] {spark_submit.py:645} INFO - at java.base/java.util.concurrent.FutureTask.run(FutureTask.java:264)
[2025-03-20T16:33:24.511+0000] {spark_submit.py:645} INFO - at java.base/java.util.concurrent.ThreadPoolExecutor.runWorker(ThreadPoolExecutor.java:1136)
[2025-03-20T16:33:24.511+0000] {spark_submit.py:645} INFO - at java.base/java.util.concurrent.ThreadPoolExecutor$Worker.run(ThreadPoolExecutor.java:635)
[2025-03-20T16:33:24.512+0000] {spark_submit.py:645} INFO - at java.base/java.lang.Thread.run(Thread.java:840)
[2025-03-20T16:33:24.512+0000] {spark_submit.py:645} INFO - Caused by: java.io.IOException: Failed to connect to spark/<unresolved>:7077
[2025-03-20T16:33:24.512+0000] {spark_submit.py:645} INFO - at org.apache.spark.network.client.TransportClientFactory.createClient(TransportClientFactory.java:294)
[2025-03-20T16:33:24.513+0000] {spark_submit.py:645} INFO - at org.apache.spark.network.client.TransportClientFactory.createClient(TransportClientFactory.java:214)
[2025-03-20T16:33:24.513+0000] {spark_submit.py:645} INFO - at org.apache.spark.network.client.TransportClientFactory.createClient(TransportClientFactory.java:226)
[2025-03-20T16:33:24.513+0000] {spark_submit.py:645} INFO - at org.apache.spark.rpc.netty.NettyRpcEnv.createClient(NettyRpcEnv.scala:204)
[2025-03-20T16:33:24.514+0000] {spark_submit.py:645} INFO - at org.apache.spark.rpc.netty.Outbox$$anon$1.call(Outbox.scala:202)
[2025-03-20T16:33:24.514+0000] {spark_submit.py:645} INFO - at org.apache.spark.rpc.netty.Outbox$$anon$1.call(Outbox.scala:198)
[2025-03-20T16:33:24.514+0000] {spark_submit.py:645} INFO - ... 4 more
[2025-03-20T16:33:24.515+0000] {spark_submit.py:645} INFO - Caused by: java.net.UnknownHostException: spark
[2025-03-20T16:33:24.516+0000] {spark_submit.py:645} INFO - at java.base/java.net.InetAddress$CachedAddresses.get(InetAddress.java:801)
[2025-03-20T16:33:24.516+0000] {spark_submit.py:645} INFO - at java.base/java.net.InetAddress.getAllByName0(InetAddress.java:1533)
[2025-03-20T16:33:24.517+0000] {spark_submit.py:645} INFO - at java.base/java.net.InetAddress.getAllByName(InetAddress.java:1385)
[2025-03-20T16:33:24.517+0000] {spark_submit.py:645} INFO - at java.base/java.net.InetAddress.getAllByName(InetAddress.java:1306)
[2025-03-20T16:33:24.518+0000] {spark_submit.py:645} INFO - at java.base/java.net.InetAddress.getByName(InetAddress.java:1256)
[2025-03-20T16:33:24.518+0000] {spark_submit.py:645} INFO - at io.netty.util.internal.SocketUtils$8.run(SocketUtils.java:156)
[2025-03-20T16:33:24.518+0000] {spark_submit.py:645} INFO - at io.netty.util.internal.SocketUtils$8.run(SocketUtils.java:153)
[2025-03-20T16:33:24.519+0000] {spark_submit.py:645} INFO - at java.base/java.security.AccessController.doPrivileged(AccessController.java:569)
[2025-03-20T16:33:24.519+0000] {spark_submit.py:645} INFO - at io.netty.util.internal.SocketUtils.addressByName(SocketUtils.java:153)
[2025-03-20T16:33:24.520+0000] {spark_submit.py:645} INFO - at io.netty.resolver.DefaultNameResolver.doResolve(DefaultNameResolver.java:41)
[2025-03-20T16:33:24.521+0000] {spark_submit.py:645} INFO - at io.netty.resolver.SimpleNameResolver.resolve(SimpleNameResolver.java:61)
[2025-03-20T16:33:24.521+0000] {spark_submit.py:645} INFO - at io.netty.resolver.SimpleNameResolver.resolve(SimpleNameResolver.java:53)
[2025-03-20T16:33:24.522+0000] {spark_submit.py:645} INFO - at io.netty.resolver.InetSocketAddressResolver.doResolve(InetSocketAddressResolver.java:55)
[2025-03-20T16:33:24.522+0000] {spark_submit.py:645} INFO - at io.netty.resolver.InetSocketAddressResolver.doResolve(InetSocketAddressResolver.java:31)
[2025-03-20T16:33:24.522+0000] {spark_submit.py:645} INFO - at io.netty.resolver.AbstractAddressResolver.resolve(AbstractAddressResolver.java:106)
[2025-03-20T16:33:24.523+0000] {spark_submit.py:645} INFO - at io.netty.bootstrap.Bootstrap.doResolveAndConnect0(Bootstrap.java:220)
[2025-03-20T16:33:24.523+0000] {spark_submit.py:645} INFO - at io.netty.bootstrap.Bootstrap.access$000(Bootstrap.java:46)
[2025-03-20T16:33:24.523+0000] {spark_submit.py:645} INFO - at io.netty.bootstrap.Bootstrap$1.operationComplete(Bootstrap.java:189)
[2025-03-20T16:33:24.523+0000] {spark_submit.py:645} INFO - at io.netty.bootstrap.Bootstrap$1.operationComplete(Bootstrap.java:175)
[2025-03-20T16:33:24.524+0000] {spark_submit.py:645} INFO - at io.netty.util.concurrent.DefaultPromise.notifyListener0(DefaultPromise.java:590)
[2025-03-20T16:33:24.524+0000] {spark_submit.py:645} INFO - at io.netty.util.concurrent.DefaultPromise.notifyListenersNow(DefaultPromise.java:557)
[2025-03-20T16:33:24.524+0000] {spark_submit.py:645} INFO - at io.netty.util.concurrent.DefaultPromise.notifyListeners(DefaultPromise.java:492)
[2025-03-20T16:33:24.525+0000] {spark_submit.py:645} INFO - at io.netty.util.concurrent.DefaultPromise.setValue0(DefaultPromise.java:636)
[2025-03-20T16:33:24.525+0000] {spark_submit.py:645} INFO - at io.netty.util.concurrent.DefaultPromise.setSuccess0(DefaultPromise.java:625)
[2025-03-20T16:33:24.526+0000] {spark_submit.py:645} INFO - at io.netty.util.concurrent.DefaultPromise.trySuccess(DefaultPromise.java:105)
[2025-03-20T16:33:24.526+0000] {spark_submit.py:645} INFO - at io.netty.channel.DefaultChannelPromise.trySuccess(DefaultChannelPromise.java:84)
[2025-03-20T16:33:24.526+0000] {spark_submit.py:645} INFO - at io.netty.channel.AbstractChannel$AbstractUnsafe.safeSetSuccess(AbstractChannel.java:990)
[2025-03-20T16:33:24.526+0000] {spark_submit.py:645} INFO - at io.netty.channel.AbstractChannel$AbstractUnsafe.register0(AbstractChannel.java:516)
[2025-03-20T16:33:24.527+0000] {spark_submit.py:645} INFO - at io.netty.channel.AbstractChannel$AbstractUnsafe.access$200(AbstractChannel.java:429)
[2025-03-20T16:33:24.527+0000] {spark_submit.py:645} INFO - at io.netty.channel.AbstractChannel$AbstractUnsafe$1.run(AbstractChannel.java:486)
[2025-03-20T16:33:24.528+0000] {spark_submit.py:645} INFO - at io.netty.util.concurrent.AbstractEventExecutor.runTask(AbstractEventExecutor.java:174)
[2025-03-20T16:33:24.528+0000] {spark_submit.py:645} INFO - at io.netty.util.concurrent.AbstractEventExecutor.safeExecute(AbstractEventExecutor.java:167)
[2025-03-20T16:33:24.528+0000] {spark_submit.py:645} INFO - at io.netty.util.concurrent.SingleThreadEventExecutor.runAllTasks(SingleThreadEventExecutor.java:470)
[2025-03-20T16:33:24.529+0000] {spark_submit.py:645} INFO - at io.netty.channel.nio.NioEventLoop.run(NioEventLoop.java:569)
[2025-03-20T16:33:24.529+0000] {spark_submit.py:645} INFO - at io.netty.util.concurrent.SingleThreadEventExecutor$4.run(SingleThreadEventExecutor.java:997)
[2025-03-20T16:33:24.529+0000] {spark_submit.py:645} INFO - at io.netty.util.internal.ThreadExecutorMap$2.run(ThreadExecutorMap.java:74)
[2025-03-20T16:33:24.530+0000] {spark_submit.py:645} INFO - at io.netty.util.concurrent.FastThreadLocalRunnable.run(FastThreadLocalRunnable.java:30)
[2025-03-20T16:33:24.530+0000] {spark_submit.py:645} INFO - ... 1 more
[2025-03-20T16:33:42.571+0000] {spark_submit.py:645} INFO - 25/03/20 16:33:42 INFO StandaloneAppClient$ClientEndpoint: Connecting to master spark://spark:7077...
[2025-03-20T16:33:44.697+0000] {spark_submit.py:645} INFO - 25/03/20 16:33:44 WARN TransportClientFactory: DNS resolution failed for spark/<unresolved>:7077 took 2102 ms
[2025-03-20T16:33:44.704+0000] {spark_submit.py:645} INFO - 25/03/20 16:33:44 WARN StandaloneAppClient$ClientEndpoint: Failed to connect to master spark:7077
[2025-03-20T16:33:44.704+0000] {spark_submit.py:645} INFO - org.apache.spark.SparkException: Exception thrown in awaitResult:
[2025-03-20T16:33:44.705+0000] {spark_submit.py:645} INFO - at org.apache.spark.util.SparkThreadUtils$.awaitResult(SparkThreadUtils.scala:56)
[2025-03-20T16:33:44.706+0000] {spark_submit.py:645} INFO - at org.apache.spark.util.ThreadUtils$.awaitResult(ThreadUtils.scala:310)
[2025-03-20T16:33:44.707+0000] {spark_submit.py:645} INFO - at org.apache.spark.rpc.RpcTimeout.awaitResult(RpcTimeout.scala:75)
[2025-03-20T16:33:44.707+0000] {spark_submit.py:645} INFO - at org.apache.spark.rpc.RpcEnv.setupEndpointRefByURI(RpcEnv.scala:102)
[2025-03-20T16:33:44.708+0000] {spark_submit.py:645} INFO - at org.apache.spark.rpc.RpcEnv.setupEndpointRef(RpcEnv.scala:110)
[2025-03-20T16:33:44.708+0000] {spark_submit.py:645} INFO - at org.apache.spark.deploy.client.StandaloneAppClient$ClientEndpoint$$anon$1.run(StandaloneAppClient.scala:108)
[2025-03-20T16:33:44.709+0000] {spark_submit.py:645} INFO - at java.base/java.util.concurrent.Executors$RunnableAdapter.call(Executors.java:539)
[2025-03-20T16:33:44.709+0000] {spark_submit.py:645} INFO - at java.base/java.util.concurrent.FutureTask.run(FutureTask.java:264)
[2025-03-20T16:33:44.710+0000] {spark_submit.py:645} INFO - at java.base/java.util.concurrent.ThreadPoolExecutor.runWorker(ThreadPoolExecutor.java:1136)
[2025-03-20T16:33:44.710+0000] {spark_submit.py:645} INFO - at java.base/java.util.concurrent.ThreadPoolExecutor$Worker.run(ThreadPoolExecutor.java:635)
[2025-03-20T16:33:44.710+0000] {spark_submit.py:645} INFO - at java.base/java.lang.Thread.run(Thread.java:840)
[2025-03-20T16:33:44.711+0000] {spark_submit.py:645} INFO - Caused by: java.io.IOException: Failed to connect to spark/<unresolved>:7077
[2025-03-20T16:33:44.711+0000] {spark_submit.py:645} INFO - at org.apache.spark.network.client.TransportClientFactory.createClient(TransportClientFactory.java:294)
[2025-03-20T16:33:44.722+0000] {spark_submit.py:645} INFO - at org.apache.spark.network.client.TransportClientFactory.createClient(TransportClientFactory.java:214)
[2025-03-20T16:33:44.722+0000] {spark_submit.py:645} INFO - at org.apache.spark.network.client.TransportClientFactory.createClient(TransportClientFactory.java:226)
[2025-03-20T16:33:44.723+0000] {spark_submit.py:645} INFO - at org.apache.spark.rpc.netty.NettyRpcEnv.createClient(NettyRpcEnv.scala:204)
[2025-03-20T16:33:44.724+0000] {spark_submit.py:645} INFO - at org.apache.spark.rpc.netty.Outbox$$anon$1.call(Outbox.scala:202)
[2025-03-20T16:33:44.725+0000] {spark_submit.py:645} INFO - at org.apache.spark.rpc.netty.Outbox$$anon$1.call(Outbox.scala:198)
[2025-03-20T16:33:44.725+0000] {spark_submit.py:645} INFO - ... 4 more
[2025-03-20T16:33:44.726+0000] {spark_submit.py:645} INFO - Caused by: java.net.UnknownHostException: spark
[2025-03-20T16:33:44.726+0000] {spark_submit.py:645} INFO - at java.base/java.net.InetAddress$CachedAddresses.get(InetAddress.java:801)
[2025-03-20T16:33:44.727+0000] {spark_submit.py:645} INFO - at java.base/java.net.InetAddress.getAllByName0(InetAddress.java:1533)
[2025-03-20T16:33:44.727+0000] {spark_submit.py:645} INFO - at java.base/java.net.InetAddress.getAllByName(InetAddress.java:1385)
[2025-03-20T16:33:44.728+0000] {spark_submit.py:645} INFO - at java.base/java.net.InetAddress.getAllByName(InetAddress.java:1306)
[2025-03-20T16:33:44.729+0000] {spark_submit.py:645} INFO - at java.base/java.net.InetAddress.getByName(InetAddress.java:1256)
[2025-03-20T16:33:44.731+0000] {spark_submit.py:645} INFO - at io.netty.util.internal.SocketUtils$8.run(SocketUtils.java:156)
[2025-03-20T16:33:44.736+0000] {spark_submit.py:645} INFO - at io.netty.util.internal.SocketUtils$8.run(SocketUtils.java:153)
[2025-03-20T16:33:44.737+0000] {spark_submit.py:645} INFO - at java.base/java.security.AccessController.doPrivileged(AccessController.java:569)
[2025-03-20T16:33:44.737+0000] {spark_submit.py:645} INFO - at io.netty.util.internal.SocketUtils.addressByName(SocketUtils.java:153)
[2025-03-20T16:33:44.738+0000] {spark_submit.py:645} INFO - at io.netty.resolver.DefaultNameResolver.doResolve(DefaultNameResolver.java:41)
[2025-03-20T16:33:44.738+0000] {spark_submit.py:645} INFO - at io.netty.resolver.SimpleNameResolver.resolve(SimpleNameResolver.java:61)
[2025-03-20T16:33:44.739+0000] {spark_submit.py:645} INFO - at io.netty.resolver.SimpleNameResolver.resolve(SimpleNameResolver.java:53)
[2025-03-20T16:33:44.739+0000] {spark_submit.py:645} INFO - at io.netty.resolver.InetSocketAddressResolver.doResolve(InetSocketAddressResolver.java:55)
[2025-03-20T16:33:44.739+0000] {spark_submit.py:645} INFO - at io.netty.resolver.InetSocketAddressResolver.doResolve(InetSocketAddressResolver.java:31)
[2025-03-20T16:33:44.740+0000] {spark_submit.py:645} INFO - at io.netty.resolver.AbstractAddressResolver.resolve(AbstractAddressResolver.java:106)
[2025-03-20T16:33:44.740+0000] {spark_submit.py:645} INFO - at io.netty.bootstrap.Bootstrap.doResolveAndConnect0(Bootstrap.java:220)
[2025-03-20T16:33:44.741+0000] {spark_submit.py:645} INFO - at io.netty.bootstrap.Bootstrap.access$000(Bootstrap.java:46)
[2025-03-20T16:33:44.741+0000] {spark_submit.py:645} INFO - at io.netty.bootstrap.Bootstrap$1.operationComplete(Bootstrap.java:189)
[2025-03-20T16:33:44.741+0000] {spark_submit.py:645} INFO - at io.netty.bootstrap.Bootstrap$1.operationComplete(Bootstrap.java:175)
[2025-03-20T16:33:44.742+0000] {spark_submit.py:645} INFO - at io.netty.util.concurrent.DefaultPromise.notifyListener0(DefaultPromise.java:590)
[2025-03-20T16:33:44.742+0000] {spark_submit.py:645} INFO - at io.netty.util.concurrent.DefaultPromise.notifyListenersNow(DefaultPromise.java:557)
[2025-03-20T16:33:44.743+0000] {spark_submit.py:645} INFO - at io.netty.util.concurrent.DefaultPromise.notifyListeners(DefaultPromise.java:492)
[2025-03-20T16:33:44.743+0000] {spark_submit.py:645} INFO - at io.netty.util.concurrent.DefaultPromise.setValue0(DefaultPromise.java:636)
[2025-03-20T16:33:44.744+0000] {spark_submit.py:645} INFO - at io.netty.util.concurrent.DefaultPromise.setSuccess0(DefaultPromise.java:625)
[2025-03-20T16:33:44.745+0000] {spark_submit.py:645} INFO - at io.netty.util.concurrent.DefaultPromise.trySuccess(DefaultPromise.java:105)
[2025-03-20T16:33:44.745+0000] {spark_submit.py:645} INFO - at io.netty.channel.DefaultChannelPromise.trySuccess(DefaultChannelPromise.java:84)
[2025-03-20T16:33:44.746+0000] {spark_submit.py:645} INFO - at io.netty.channel.AbstractChannel$AbstractUnsafe.safeSetSuccess(AbstractChannel.java:990)
[2025-03-20T16:33:44.746+0000] {spark_submit.py:645} INFO - at io.netty.channel.AbstractChannel$AbstractUnsafe.register0(AbstractChannel.java:516)
[2025-03-20T16:33:44.747+0000] {spark_submit.py:645} INFO - at io.netty.channel.AbstractChannel$AbstractUnsafe.access$200(AbstractChannel.java:429)
[2025-03-20T16:33:44.747+0000] {spark_submit.py:645} INFO - at io.netty.channel.AbstractChannel$AbstractUnsafe$1.run(AbstractChannel.java:486)
[2025-03-20T16:33:44.748+0000] {spark_submit.py:645} INFO - at io.netty.util.concurrent.AbstractEventExecutor.runTask(AbstractEventExecutor.java:174)
[2025-03-20T16:33:44.750+0000] {spark_submit.py:645} INFO - at io.netty.util.concurrent.AbstractEventExecutor.safeExecute(AbstractEventExecutor.java:167)
[2025-03-20T16:33:44.751+0000] {spark_submit.py:645} INFO - at io.netty.util.concurrent.SingleThreadEventExecutor.runAllTasks(SingleThreadEventExecutor.java:470)
[2025-03-20T16:33:44.751+0000] {spark_submit.py:645} INFO - at io.netty.channel.nio.NioEventLoop.run(NioEventLoop.java:569)
[2025-03-20T16:33:44.752+0000] {spark_submit.py:645} INFO - at io.netty.util.concurrent.SingleThreadEventExecutor$4.run(SingleThreadEventExecutor.java:997)
[2025-03-20T16:33:44.756+0000] {spark_submit.py:645} INFO - at io.netty.util.internal.ThreadExecutorMap$2.run(ThreadExecutorMap.java:74)
[2025-03-20T16:33:44.757+0000] {spark_submit.py:645} INFO - at io.netty.util.concurrent.FastThreadLocalRunnable.run(FastThreadLocalRunnable.java:30)
[2025-03-20T16:33:44.758+0000] {spark_submit.py:645} INFO - ... 1 more
[2025-03-20T16:34:02.103+0000] {spark_submit.py:645} INFO - 25/03/20 16:34:02 WARN StandaloneSchedulerBackend: Application ID is not initialized yet.
[2025-03-20T16:34:02.104+0000] {spark_submit.py:645} INFO - 25/03/20 16:34:02 ERROR StandaloneSchedulerBackend: Application has been killed. Reason: All masters are unresponsive! Giving up.
[2025-03-20T16:34:02.142+0000] {spark_submit.py:645} INFO - 25/03/20 16:34:02 INFO Utils: Successfully started service 'org.apache.spark.network.netty.NettyBlockTransferService' on port 36903.
[2025-03-20T16:34:02.145+0000] {spark_submit.py:645} INFO - 25/03/20 16:34:02 INFO NettyBlockTransferService: Server created on 82bcf2b98223:36903
[2025-03-20T16:34:02.145+0000] {spark_submit.py:645} INFO - 25/03/20 16:34:02 INFO BlockManager: Using org.apache.spark.storage.RandomBlockReplicationPolicy for block replication policy
[2025-03-20T16:34:02.167+0000] {spark_submit.py:645} INFO - 25/03/20 16:34:02 INFO BlockManagerMaster: Registering BlockManager BlockManagerId(driver, 82bcf2b98223, 36903, None)
[2025-03-20T16:34:02.178+0000] {spark_submit.py:645} INFO - 25/03/20 16:34:02 INFO BlockManagerMasterEndpoint: Registering block manager 82bcf2b98223:36903 with 434.4 MiB RAM, BlockManagerId(driver, 82bcf2b98223, 36903, None)
[2025-03-20T16:34:02.185+0000] {spark_submit.py:645} INFO - 25/03/20 16:34:02 INFO BlockManagerMaster: Registered BlockManager BlockManagerId(driver, 82bcf2b98223, 36903, None)
[2025-03-20T16:34:02.188+0000] {spark_submit.py:645} INFO - 25/03/20 16:34:02 INFO BlockManager: Initialized BlockManager: BlockManagerId(driver, 82bcf2b98223, 36903, None)
[2025-03-20T16:34:02.639+0000] {spark_submit.py:645} INFO - 25/03/20 16:34:02 INFO StandaloneSchedulerBackend: SchedulerBackend is ready for scheduling beginning after reached minRegisteredResourcesRatio: 0.0
[2025-03-20T16:34:03.246+0000] {spark_submit.py:645} INFO - 25/03/20 16:34:03 INFO SparkContext: SparkContext is stopping with exitCode 0.
[2025-03-20T16:34:03.287+0000] {spark_submit.py:645} INFO - 25/03/20 16:34:03 INFO SparkUI: Stopped Spark web UI at http://82bcf2b98223:4040
[2025-03-20T16:34:03.298+0000] {spark_submit.py:645} INFO - 25/03/20 16:34:03 INFO StandaloneSchedulerBackend: Shutting down all executors
[2025-03-20T16:34:03.305+0000] {spark_submit.py:645} INFO - 25/03/20 16:34:03 INFO StandaloneSchedulerBackend$StandaloneDriverEndpoint: Asking each executor to shut down
[2025-03-20T16:34:03.324+0000] {spark_submit.py:645} INFO - 25/03/20 16:34:03 WARN StandaloneAppClient$ClientEndpoint: Drop UnregisterApplication(null) because has not yet connected to master
[2025-03-20T16:34:03.349+0000] {spark_submit.py:645} INFO - 25/03/20 16:34:03 INFO MapOutputTrackerMasterEndpoint: MapOutputTrackerMasterEndpoint stopped!
[2025-03-20T16:34:03.386+0000] {spark_submit.py:645} INFO - Traceback (most recent call last):
[2025-03-20T16:34:03.386+0000] {spark_submit.py:645} INFO - File "/opt/***/dags/fetch_and_clean_data.py", line 121, in <module>
[2025-03-20T16:34:03.387+0000] {spark_submit.py:645} INFO - clean_and_load_data()
[2025-03-20T16:34:03.387+0000] {spark_submit.py:645} INFO - File "/opt/***/dags/fetch_and_clean_data.py", line 39, in clean_and_load_data
[2025-03-20T16:34:03.388+0000] {spark_submit.py:645} INFO - spark = SparkSession.builder.appName("BreweryDataProcessing").master("spark://spark:7077").getOrCreate()
[2025-03-20T16:34:03.388+0000] {spark_submit.py:645} INFO - ^^^^^^^^^^^^^^^^^^^^^^^^^^^^^^^^^^^^^^^^^^^^^^^^^^^^^^^^^^^^^^^^^^^^^^^^^^^^^^^^^^^^^^^^^^^^^^^^
[2025-03-20T16:34:03.388+0000] {spark_submit.py:645} INFO - File "/home/***/.local/lib/python3.12/site-packages/pyspark/python/lib/pyspark.zip/pyspark/sql/session.py", line 500, in getOrCreate
[2025-03-20T16:34:03.389+0000] {spark_submit.py:645} INFO - File "/home/***/.local/lib/python3.12/site-packages/pyspark/python/lib/pyspark.zip/pyspark/sql/session.py", line 589, in __init__
[2025-03-20T16:34:03.389+0000] {spark_submit.py:645} INFO - File "/home/***/.local/lib/python3.12/site-packages/pyspark/python/lib/py4j-0.10.9.7-src.zip/py4j/java_gateway.py", line 1587, in __call__
[2025-03-20T16:34:03.390+0000] {spark_submit.py:645} INFO - File "/home/***/.local/lib/python3.12/site-packages/pyspark/python/lib/py4j-0.10.9.7-src.zip/py4j/protocol.py", line 326, in get_return_value
[2025-03-20T16:34:03.391+0000] {spark_submit.py:645} INFO - py4j.protocol.Py4JJavaError: An error occurred while calling None.org.apache.spark.sql.SparkSession.
[2025-03-20T16:34:03.392+0000] {spark_submit.py:645} INFO - : java.lang.IllegalStateException: Cannot call methods on a stopped SparkContext.
[2025-03-20T16:34:03.392+0000] {spark_submit.py:645} INFO - This stopped SparkContext was created at:
[2025-03-20T16:34:03.393+0000] {spark_submit.py:645} INFO - 
[2025-03-20T16:34:03.393+0000] {spark_submit.py:645} INFO - org.apache.spark.api.java.JavaSparkContext.<init>(JavaSparkContext.scala:58)
[2025-03-20T16:34:03.394+0000] {spark_submit.py:645} INFO - java.base/jdk.internal.reflect.NativeConstructorAccessorImpl.newInstance0(Native Method)
[2025-03-20T16:34:03.394+0000] {spark_submit.py:645} INFO - java.base/jdk.internal.reflect.NativeConstructorAccessorImpl.newInstance(NativeConstructorAccessorImpl.java:77)
[2025-03-20T16:34:03.394+0000] {spark_submit.py:645} INFO - java.base/jdk.internal.reflect.DelegatingConstructorAccessorImpl.newInstance(DelegatingConstructorAccessorImpl.java:45)
[2025-03-20T16:34:03.395+0000] {spark_submit.py:645} INFO - java.base/java.lang.reflect.Constructor.newInstanceWithCaller(Constructor.java:500)
[2025-03-20T16:34:03.397+0000] {spark_submit.py:645} INFO - java.base/java.lang.reflect.Constructor.newInstance(Constructor.java:481)
[2025-03-20T16:34:03.398+0000] {spark_submit.py:645} INFO - py4j.reflection.MethodInvoker.invoke(MethodInvoker.java:247)
[2025-03-20T16:34:03.405+0000] {spark_submit.py:645} INFO - py4j.reflection.ReflectionEngine.invoke(ReflectionEngine.java:374)
[2025-03-20T16:34:03.406+0000] {spark_submit.py:645} INFO - py4j.Gateway.invoke(Gateway.java:238)
[2025-03-20T16:34:03.412+0000] {spark_submit.py:645} INFO - py4j.commands.ConstructorCommand.invokeConstructor(ConstructorCommand.java:80)
[2025-03-20T16:34:03.413+0000] {spark_submit.py:645} INFO - py4j.commands.ConstructorCommand.execute(ConstructorCommand.java:69)
[2025-03-20T16:34:03.414+0000] {spark_submit.py:645} INFO - py4j.ClientServerConnection.waitForCommands(ClientServerConnection.java:182)
[2025-03-20T16:34:03.414+0000] {spark_submit.py:645} INFO - py4j.ClientServerConnection.run(ClientServerConnection.java:106)
[2025-03-20T16:34:03.414+0000] {spark_submit.py:645} INFO - java.base/java.lang.Thread.run(Thread.java:840)
[2025-03-20T16:34:03.421+0000] {spark_submit.py:645} INFO - 
[2025-03-20T16:34:03.422+0000] {spark_submit.py:645} INFO - The currently active SparkContext was created at:
[2025-03-20T16:34:03.422+0000] {spark_submit.py:645} INFO - 
[2025-03-20T16:34:03.422+0000] {spark_submit.py:645} INFO - org.apache.spark.api.java.JavaSparkContext.<init>(JavaSparkContext.scala:58)
[2025-03-20T16:34:03.423+0000] {spark_submit.py:645} INFO - java.base/jdk.internal.reflect.NativeConstructorAccessorImpl.newInstance0(Native Method)
[2025-03-20T16:34:03.423+0000] {spark_submit.py:645} INFO - java.base/jdk.internal.reflect.NativeConstructorAccessorImpl.newInstance(NativeConstructorAccessorImpl.java:77)
[2025-03-20T16:34:03.423+0000] {spark_submit.py:645} INFO - java.base/jdk.internal.reflect.DelegatingConstructorAccessorImpl.newInstance(DelegatingConstructorAccessorImpl.java:45)
[2025-03-20T16:34:03.424+0000] {spark_submit.py:645} INFO - java.base/java.lang.reflect.Constructor.newInstanceWithCaller(Constructor.java:500)
[2025-03-20T16:34:03.424+0000] {spark_submit.py:645} INFO - java.base/java.lang.reflect.Constructor.newInstance(Constructor.java:481)
[2025-03-20T16:34:03.424+0000] {spark_submit.py:645} INFO - py4j.reflection.MethodInvoker.invoke(MethodInvoker.java:247)
[2025-03-20T16:34:03.426+0000] {spark_submit.py:645} INFO - py4j.reflection.ReflectionEngine.invoke(ReflectionEngine.java:374)
[2025-03-20T16:34:03.427+0000] {spark_submit.py:645} INFO - py4j.Gateway.invoke(Gateway.java:238)
[2025-03-20T16:34:03.428+0000] {spark_submit.py:645} INFO - py4j.commands.ConstructorCommand.invokeConstructor(ConstructorCommand.java:80)
[2025-03-20T16:34:03.429+0000] {spark_submit.py:645} INFO - py4j.commands.ConstructorCommand.execute(ConstructorCommand.java:69)
[2025-03-20T16:34:03.430+0000] {spark_submit.py:645} INFO - py4j.ClientServerConnection.waitForCommands(ClientServerConnection.java:182)
[2025-03-20T16:34:03.430+0000] {spark_submit.py:645} INFO - py4j.ClientServerConnection.run(ClientServerConnection.java:106)
[2025-03-20T16:34:03.431+0000] {spark_submit.py:645} INFO - java.base/java.lang.Thread.run(Thread.java:840)
[2025-03-20T16:34:03.431+0000] {spark_submit.py:645} INFO - 
[2025-03-20T16:34:03.432+0000] {spark_submit.py:645} INFO - at org.apache.spark.SparkContext.assertNotStopped(SparkContext.scala:122)
[2025-03-20T16:34:03.432+0000] {spark_submit.py:645} INFO - at org.apache.spark.sql.SparkSession.<init>(SparkSession.scala:113)
[2025-03-20T16:34:03.433+0000] {spark_submit.py:645} INFO - at org.apache.spark.sql.SparkSession.<init>(SparkSession.scala:106)
[2025-03-20T16:34:03.433+0000] {spark_submit.py:645} INFO - at java.base/jdk.internal.reflect.NativeConstructorAccessorImpl.newInstance0(Native Method)
[2025-03-20T16:34:03.434+0000] {spark_submit.py:645} INFO - at java.base/jdk.internal.reflect.NativeConstructorAccessorImpl.newInstance(NativeConstructorAccessorImpl.java:77)
[2025-03-20T16:34:03.434+0000] {spark_submit.py:645} INFO - at java.base/jdk.internal.reflect.DelegatingConstructorAccessorImpl.newInstance(DelegatingConstructorAccessorImpl.java:45)
[2025-03-20T16:34:03.434+0000] {spark_submit.py:645} INFO - at java.base/java.lang.reflect.Constructor.newInstanceWithCaller(Constructor.java:500)
[2025-03-20T16:34:03.435+0000] {spark_submit.py:645} INFO - at java.base/java.lang.reflect.Constructor.newInstance(Constructor.java:481)
[2025-03-20T16:34:03.435+0000] {spark_submit.py:645} INFO - at py4j.reflection.MethodInvoker.invoke(MethodInvoker.java:247)
[2025-03-20T16:34:03.435+0000] {spark_submit.py:645} INFO - at py4j.reflection.ReflectionEngine.invoke(ReflectionEngine.java:374)
[2025-03-20T16:34:03.436+0000] {spark_submit.py:645} INFO - at py4j.Gateway.invoke(Gateway.java:238)
[2025-03-20T16:34:03.436+0000] {spark_submit.py:645} INFO - at py4j.commands.ConstructorCommand.invokeConstructor(ConstructorCommand.java:80)
[2025-03-20T16:34:03.436+0000] {spark_submit.py:645} INFO - at py4j.commands.ConstructorCommand.execute(ConstructorCommand.java:69)
[2025-03-20T16:34:03.437+0000] {spark_submit.py:645} INFO - at py4j.ClientServerConnection.waitForCommands(ClientServerConnection.java:182)
[2025-03-20T16:34:03.437+0000] {spark_submit.py:645} INFO - at py4j.ClientServerConnection.run(ClientServerConnection.java:106)
[2025-03-20T16:34:03.438+0000] {spark_submit.py:645} INFO - at java.base/java.lang.Thread.run(Thread.java:840)
[2025-03-20T16:34:03.438+0000] {spark_submit.py:645} INFO - 
[2025-03-20T16:34:03.438+0000] {spark_submit.py:645} INFO - 25/03/20 16:34:03 INFO MemoryStore: MemoryStore cleared
[2025-03-20T16:34:03.439+0000] {spark_submit.py:645} INFO - 25/03/20 16:34:03 INFO BlockManager: BlockManager stopped
[2025-03-20T16:34:03.439+0000] {spark_submit.py:645} INFO - 25/03/20 16:34:03 INFO BlockManagerMaster: BlockManagerMaster stopped
[2025-03-20T16:34:03.439+0000] {spark_submit.py:645} INFO - 25/03/20 16:34:03 INFO OutputCommitCoordinator$OutputCommitCoordinatorEndpoint: OutputCommitCoordinator stopped!
[2025-03-20T16:34:03.462+0000] {spark_submit.py:645} INFO - 25/03/20 16:34:03 INFO SparkContext: Successfully stopped SparkContext
[2025-03-20T16:34:03.585+0000] {spark_submit.py:645} INFO - 25/03/20 16:34:03 INFO ShutdownHookManager: Shutdown hook called
[2025-03-20T16:34:03.585+0000] {spark_submit.py:645} INFO - 25/03/20 16:34:03 INFO ShutdownHookManager: Deleting directory /tmp/spark-260ab1ac-93a7-42f8-a340-0d2edeea6fa7
[2025-03-20T16:34:03.598+0000] {spark_submit.py:645} INFO - 25/03/20 16:34:03 INFO ShutdownHookManager: Deleting directory /tmp/spark-feab5aa1-7570-4801-8a5a-a08d371e1ca4
[2025-03-20T16:34:03.612+0000] {spark_submit.py:645} INFO - 25/03/20 16:34:03 INFO ShutdownHookManager: Deleting directory /tmp/spark-feab5aa1-7570-4801-8a5a-a08d371e1ca4/pyspark-b731c454-0e2d-43fb-92bb-ae758e2cab4b
[2025-03-20T16:34:03.680+0000] {taskinstance.py:3313} ERROR - Task failed with exception
Traceback (most recent call last):
  File "/home/airflow/.local/lib/python3.12/site-packages/airflow/models/taskinstance.py", line 768, in _execute_task
    result = _execute_callable(context=context, **execute_callable_kwargs)
             ^^^^^^^^^^^^^^^^^^^^^^^^^^^^^^^^^^^^^^^^^^^^^^^^^^^^^^^^^^^^^
  File "/home/airflow/.local/lib/python3.12/site-packages/airflow/models/taskinstance.py", line 734, in _execute_callable
    return ExecutionCallableRunner(
           ^^^^^^^^^^^^^^^^^^^^^^^^
  File "/home/airflow/.local/lib/python3.12/site-packages/airflow/utils/operator_helpers.py", line 252, in run
    return self.func(*args, **kwargs)
           ^^^^^^^^^^^^^^^^^^^^^^^^^^
  File "/home/airflow/.local/lib/python3.12/site-packages/airflow/models/baseoperator.py", line 424, in wrapper
    return func(self, *args, **kwargs)
           ^^^^^^^^^^^^^^^^^^^^^^^^^^^
  File "/home/airflow/.local/lib/python3.12/site-packages/airflow/providers/apache/spark/operators/spark_submit.py", line 177, in execute
    self._hook.submit(self.application)
  File "/home/airflow/.local/lib/python3.12/site-packages/airflow/providers/apache/spark/hooks/spark_submit.py", line 567, in submit
    raise AirflowException(
airflow.exceptions.AirflowException: Cannot execute: spark-submit --master spark://spark-master:7077 --name arrow-spark --verbose --deploy-mode client /opt/***/dags/fetch_and_clean_data.py. Error code is: 1.
[2025-03-20T16:34:03.694+0000] {logging_mixin.py:190} INFO - Task instance in failure state
[2025-03-20T16:34:03.695+0000] {logging_mixin.py:190} INFO - Task start:2025-03-20 16:32:00.001539+00:00 end:2025-03-20 16:34:03.694221+00:00 duration:123.692682
[2025-03-20T16:34:03.695+0000] {logging_mixin.py:190} INFO - Task:<Task(SparkSubmitOperator): clean_and_load_to_silver_layer> dag:<DAG: ETL_breweries_list> dagrun:<DagRun ETL_breweries_list @ 2025-03-20 16:29:01.246718+00:00: manual__2025-03-20T16:29:01.246718+00:00, state:running, queued_at: 2025-03-20 16:29:01.596952+00:00. externally triggered: True>
[2025-03-20T16:34:03.696+0000] {logging_mixin.py:190} INFO - Failure caused by Cannot execute: spark-submit --master spark://spark-master:7077 --name arrow-spark --verbose --deploy-mode client /opt/***/dags/fetch_and_clean_data.py. Error code is: 1.
[2025-03-20T16:34:03.697+0000] {taskinstance.py:1226} INFO - Marking task as FAILED. dag_id=ETL_breweries_list, task_id=clean_and_load_to_silver_layer, run_id=manual__2025-03-20T16:29:01.246718+00:00, execution_date=20250320T162901, start_date=20250320T163200, end_date=20250320T163403
[2025-03-20T16:34:03.767+0000] {taskinstance.py:341} INFO - ::group::Post task execution logs
[2025-03-20T16:34:03.768+0000] {standard_task_runner.py:124} ERROR - Failed to execute job 168 for task clean_and_load_to_silver_layer (Cannot execute: spark-submit --master spark://spark-master:7077 --name arrow-spark --verbose --deploy-mode client /opt/***/dags/fetch_and_clean_data.py. Error code is: 1.; 174)
Traceback (most recent call last):
  File "/home/airflow/.local/lib/python3.12/site-packages/airflow/task/task_runner/standard_task_runner.py", line 117, in _start_by_fork
    ret = args.func(args, dag=self.dag)
          ^^^^^^^^^^^^^^^^^^^^^^^^^^^^^
  File "/home/airflow/.local/lib/python3.12/site-packages/airflow/cli/cli_config.py", line 49, in command
    return func(*args, **kwargs)
           ^^^^^^^^^^^^^^^^^^^^^
  File "/home/airflow/.local/lib/python3.12/site-packages/airflow/utils/cli.py", line 116, in wrapper
    return f(*args, **kwargs)
           ^^^^^^^^^^^^^^^^^^
  File "/home/airflow/.local/lib/python3.12/site-packages/airflow/cli/commands/task_command.py", line 483, in task_run
    task_return_code = _run_task_by_selected_method(args, _dag, ti)
                       ^^^^^^^^^^^^^^^^^^^^^^^^^^^^^^^^^^^^^^^^^^^^
  File "/home/airflow/.local/lib/python3.12/site-packages/airflow/cli/commands/task_command.py", line 256, in _run_task_by_selected_method
    return _run_raw_task(args, ti)
           ^^^^^^^^^^^^^^^^^^^^^^^
  File "/home/airflow/.local/lib/python3.12/site-packages/airflow/cli/commands/task_command.py", line 341, in _run_raw_task
    return ti._run_raw_task(
           ^^^^^^^^^^^^^^^^^
  File "/home/airflow/.local/lib/python3.12/site-packages/airflow/utils/session.py", line 97, in wrapper
    return func(*args, session=session, **kwargs)
           ^^^^^^^^^^^^^^^^^^^^^^^^^^^^^^^^^^^^^^
  File "/home/airflow/.local/lib/python3.12/site-packages/airflow/models/taskinstance.py", line 3006, in _run_raw_task
    return _run_raw_task(
           ^^^^^^^^^^^^^^
  File "/home/airflow/.local/lib/python3.12/site-packages/airflow/models/taskinstance.py", line 274, in _run_raw_task
    TaskInstance._execute_task_with_callbacks(
  File "/home/airflow/.local/lib/python3.12/site-packages/airflow/models/taskinstance.py", line 3161, in _execute_task_with_callbacks
    result = self._execute_task(context, task_orig)
             ^^^^^^^^^^^^^^^^^^^^^^^^^^^^^^^^^^^^^^
  File "/home/airflow/.local/lib/python3.12/site-packages/airflow/models/taskinstance.py", line 3185, in _execute_task
    return _execute_task(self, context, task_orig)
           ^^^^^^^^^^^^^^^^^^^^^^^^^^^^^^^^^^^^^^^
  File "/home/airflow/.local/lib/python3.12/site-packages/airflow/models/taskinstance.py", line 768, in _execute_task
    result = _execute_callable(context=context, **execute_callable_kwargs)
             ^^^^^^^^^^^^^^^^^^^^^^^^^^^^^^^^^^^^^^^^^^^^^^^^^^^^^^^^^^^^^
  File "/home/airflow/.local/lib/python3.12/site-packages/airflow/models/taskinstance.py", line 734, in _execute_callable
    return ExecutionCallableRunner(
           ^^^^^^^^^^^^^^^^^^^^^^^^
  File "/home/airflow/.local/lib/python3.12/site-packages/airflow/utils/operator_helpers.py", line 252, in run
    return self.func(*args, **kwargs)
           ^^^^^^^^^^^^^^^^^^^^^^^^^^
  File "/home/airflow/.local/lib/python3.12/site-packages/airflow/models/baseoperator.py", line 424, in wrapper
    return func(self, *args, **kwargs)
           ^^^^^^^^^^^^^^^^^^^^^^^^^^^
  File "/home/airflow/.local/lib/python3.12/site-packages/airflow/providers/apache/spark/operators/spark_submit.py", line 177, in execute
    self._hook.submit(self.application)
  File "/home/airflow/.local/lib/python3.12/site-packages/airflow/providers/apache/spark/hooks/spark_submit.py", line 567, in submit
    raise AirflowException(
airflow.exceptions.AirflowException: Cannot execute: spark-submit --master spark://spark-master:7077 --name arrow-spark --verbose --deploy-mode client /opt/***/dags/fetch_and_clean_data.py. Error code is: 1.
[2025-03-20T16:34:03.830+0000] {local_task_job_runner.py:266} INFO - Task exited with return code 1
[2025-03-20T16:34:03.873+0000] {taskinstance.py:3901} INFO - 0 downstream tasks scheduled from follow-on schedule check
[2025-03-20T16:34:03.884+0000] {local_task_job_runner.py:245} INFO - ::endgroup::
