[2025-03-20T11:34:00.550+0000] {local_task_job_runner.py:123} INFO - ::group::Pre task execution logs
[2025-03-20T11:34:00.593+0000] {taskinstance.py:2614} INFO - Dependencies all met for dep_context=non-requeueable deps ti=<TaskInstance: ETL_breweries_list.load_to_bronze_layer manual__2025-03-20T11:32:33.838855+00:00 [queued]>
[2025-03-20T11:34:00.610+0000] {taskinstance.py:2614} INFO - Dependencies all met for dep_context=requeueable deps ti=<TaskInstance: ETL_breweries_list.load_to_bronze_layer manual__2025-03-20T11:32:33.838855+00:00 [queued]>
[2025-03-20T11:34:00.613+0000] {taskinstance.py:2867} INFO - Starting attempt 1 of 2
[2025-03-20T11:34:00.633+0000] {taskinstance.py:2890} INFO - Executing <Task(PythonOperator): load_to_bronze_layer> on 2025-03-20 11:32:33.838855+00:00
[2025-03-20T11:34:00.646+0000] {warnings.py:112} WARNING - /home/***/.local/lib/python3.12/site-packages/***/task/task_runner/standard_task_runner.py:70: DeprecationWarning: This process (pid=172) is multi-threaded, use of fork() may lead to deadlocks in the child.
  pid = os.fork()

[2025-03-20T11:34:00.648+0000] {standard_task_runner.py:72} INFO - Started process 174 to run task
[2025-03-20T11:34:00.648+0000] {standard_task_runner.py:104} INFO - Running: ['***', 'tasks', 'run', 'ETL_breweries_list', 'load_to_bronze_layer', 'manual__2025-03-20T11:32:33.838855+00:00', '--job-id', '127', '--raw', '--subdir', 'DAGS_FOLDER/breweries_list_etl.py', '--cfg-path', '/tmp/tmpy6rfh2rf']
[2025-03-20T11:34:00.650+0000] {standard_task_runner.py:105} INFO - Job 127: Subtask load_to_bronze_layer
[2025-03-20T11:34:00.724+0000] {task_command.py:467} INFO - Running <TaskInstance: ETL_breweries_list.load_to_bronze_layer manual__2025-03-20T11:32:33.838855+00:00 [running]> on host f9ccfb7c9f28
[2025-03-20T11:34:00.891+0000] {taskinstance.py:3134} INFO - Exporting env vars: AIRFLOW_CTX_DAG_OWNER='***' AIRFLOW_CTX_DAG_ID='ETL_breweries_list' AIRFLOW_CTX_TASK_ID='load_to_bronze_layer' AIRFLOW_CTX_EXECUTION_DATE='2025-03-20T11:32:33.838855+00:00' AIRFLOW_CTX_TRY_NUMBER='1' AIRFLOW_CTX_DAG_RUN_ID='manual__2025-03-20T11:32:33.838855+00:00'
[2025-03-20T11:34:00.894+0000] {logging_mixin.py:190} INFO - Task instance is in running state
[2025-03-20T11:34:00.895+0000] {logging_mixin.py:190} INFO -  Previous state of the Task instance: queued
[2025-03-20T11:34:00.896+0000] {logging_mixin.py:190} INFO - Current task name:load_to_bronze_layer state:running start_date:2025-03-20 11:34:00.596061+00:00
[2025-03-20T11:34:00.897+0000] {logging_mixin.py:190} INFO - Dag name:ETL_breweries_list and current dag run status:running
[2025-03-20T11:34:00.897+0000] {taskinstance.py:732} INFO - ::endgroup::
[2025-03-20T11:34:01.227+0000] {breweries_list_etl.py:87} INFO - Path where the file will be saved:2025/03/20/breweries_20250320.csv
[2025-03-20T11:34:01.298+0000] {breweries_list_etl.py:98} INFO - Data of size 10277 bytes was successfully saved to 2025/03/20/breweries_20250320.csv
[2025-03-20T11:34:01.298+0000] {python.py:240} INFO - Done. Returned value was: None
[2025-03-20T11:34:01.312+0000] {taskinstance.py:341} INFO - ::group::Post task execution logs
[2025-03-20T11:34:01.313+0000] {taskinstance.py:353} INFO - Marking task as SUCCESS. dag_id=ETL_breweries_list, task_id=load_to_bronze_layer, run_id=manual__2025-03-20T11:32:33.838855+00:00, execution_date=20250320T113233, start_date=20250320T113400, end_date=20250320T113401
[2025-03-20T11:34:01.346+0000] {logging_mixin.py:190} INFO - Task instance in success state
[2025-03-20T11:34:01.347+0000] {logging_mixin.py:190} INFO -  Previous state of the Task instance: running
[2025-03-20T11:34:01.347+0000] {logging_mixin.py:190} INFO - Dag name:ETL_breweries_list queued_at:2025-03-20 11:32:43.581665+00:00
[2025-03-20T11:34:01.347+0000] {logging_mixin.py:190} INFO - Task hostname:f9ccfb7c9f28 operator:PythonOperator
[2025-03-20T11:34:01.388+0000] {local_task_job_runner.py:266} INFO - Task exited with return code 0
[2025-03-20T11:34:01.430+0000] {taskinstance.py:3901} INFO - 1 downstream tasks scheduled from follow-on schedule check
[2025-03-20T11:34:01.436+0000] {local_task_job_runner.py:245} INFO - ::endgroup::
