[2025-03-20T13:53:29.162+0000] {local_task_job_runner.py:123} INFO - ::group::Pre task execution logs
[2025-03-20T13:53:29.185+0000] {taskinstance.py:2614} INFO - Dependencies all met for dep_context=non-requeueable deps ti=<TaskInstance: ETL_breweries_list.clean_and_load_to_silver_layer manual__2025-03-20T13:52:39.980754+00:00 [queued]>
[2025-03-20T13:53:29.198+0000] {taskinstance.py:2614} INFO - Dependencies all met for dep_context=requeueable deps ti=<TaskInstance: ETL_breweries_list.clean_and_load_to_silver_layer manual__2025-03-20T13:52:39.980754+00:00 [queued]>
[2025-03-20T13:53:29.199+0000] {taskinstance.py:2867} INFO - Starting attempt 1 of 1
[2025-03-20T13:53:29.227+0000] {taskinstance.py:2890} INFO - Executing <Task(SparkSubmitOperator): clean_and_load_to_silver_layer> on 2025-03-20 13:52:39.980754+00:00
[2025-03-20T13:53:29.239+0000] {warnings.py:112} WARNING - /home/***/.local/lib/python3.12/site-packages/***/task/task_runner/standard_task_runner.py:70: DeprecationWarning: This process (pid=134) is multi-threaded, use of fork() may lead to deadlocks in the child.
  pid = os.fork()

[2025-03-20T13:53:29.242+0000] {standard_task_runner.py:72} INFO - Started process 136 to run task
[2025-03-20T13:53:29.242+0000] {standard_task_runner.py:104} INFO - Running: ['***', 'tasks', 'run', 'ETL_breweries_list', 'clean_and_load_to_silver_layer', 'manual__2025-03-20T13:52:39.980754+00:00', '--job-id', '154', '--raw', '--subdir', 'DAGS_FOLDER/breweries_list_etl.py', '--cfg-path', '/tmp/tmpb48_luya']
[2025-03-20T13:53:29.244+0000] {standard_task_runner.py:105} INFO - Job 154: Subtask clean_and_load_to_silver_layer
[2025-03-20T13:53:29.313+0000] {task_command.py:467} INFO - Running <TaskInstance: ETL_breweries_list.clean_and_load_to_silver_layer manual__2025-03-20T13:52:39.980754+00:00 [running]> on host 155a81680138
[2025-03-20T13:53:29.460+0000] {taskinstance.py:3134} INFO - Exporting env vars: AIRFLOW_CTX_DAG_OWNER='***' AIRFLOW_CTX_DAG_ID='ETL_breweries_list' AIRFLOW_CTX_TASK_ID='clean_and_load_to_silver_layer' AIRFLOW_CTX_EXECUTION_DATE='2025-03-20T13:52:39.980754+00:00' AIRFLOW_CTX_TRY_NUMBER='1' AIRFLOW_CTX_DAG_RUN_ID='manual__2025-03-20T13:52:39.980754+00:00'
[2025-03-20T13:53:29.462+0000] {logging_mixin.py:190} INFO - Task instance is in running state
[2025-03-20T13:53:29.463+0000] {logging_mixin.py:190} INFO -  Previous state of the Task instance: queued
[2025-03-20T13:53:29.463+0000] {logging_mixin.py:190} INFO - Current task name:clean_and_load_to_silver_layer state:running start_date:2025-03-20 13:53:29.185849+00:00
[2025-03-20T13:53:29.464+0000] {logging_mixin.py:190} INFO - Dag name:ETL_breweries_list and current dag run status:running
[2025-03-20T13:53:29.464+0000] {taskinstance.py:732} INFO - ::endgroup::
[2025-03-20T13:53:29.483+0000] {base.py:84} INFO - Retrieving connection 'my_spark_conn'
[2025-03-20T13:53:29.486+0000] {spark_submit.py:474} INFO - Spark-Submit cmd: spark-submit --master spark://spark-master:7077 --files /opt/***/dags/fetch_and_clean_data.py --name arrow-spark --verbose --deploy-mode client /opt/***/dags/fetch_and_clean_data.py
[2025-03-20T13:53:45.506+0000] {spark_submit.py:645} INFO - Using properties file: null
[2025-03-20T13:53:46.214+0000] {spark_submit.py:645} INFO - Parsed arguments:
[2025-03-20T13:53:46.215+0000] {spark_submit.py:645} INFO - master                  spark://spark-master:7077
[2025-03-20T13:53:46.216+0000] {spark_submit.py:645} INFO - remote                  null
[2025-03-20T13:53:46.216+0000] {spark_submit.py:645} INFO - deployMode              client
[2025-03-20T13:53:46.217+0000] {spark_submit.py:645} INFO - executorMemory          null
[2025-03-20T13:53:46.218+0000] {spark_submit.py:645} INFO - executorCores           null
[2025-03-20T13:53:46.219+0000] {spark_submit.py:645} INFO - totalExecutorCores      null
[2025-03-20T13:53:46.220+0000] {spark_submit.py:645} INFO - propertiesFile          null
[2025-03-20T13:53:46.240+0000] {spark_submit.py:645} INFO - driverMemory            null
[2025-03-20T13:53:46.246+0000] {spark_submit.py:645} INFO - driverCores             null
[2025-03-20T13:53:46.246+0000] {spark_submit.py:645} INFO - driverExtraClassPath    null
[2025-03-20T13:53:46.247+0000] {spark_submit.py:645} INFO - driverExtraLibraryPath  null
[2025-03-20T13:53:46.247+0000] {spark_submit.py:645} INFO - driverExtraJavaOptions  null
[2025-03-20T13:53:46.248+0000] {spark_submit.py:645} INFO - supervise               false
[2025-03-20T13:53:46.248+0000] {spark_submit.py:645} INFO - queue                   null
[2025-03-20T13:53:46.249+0000] {spark_submit.py:645} INFO - numExecutors            null
[2025-03-20T13:53:46.249+0000] {spark_submit.py:645} INFO - files                   file:/opt/***/dags/fetch_and_clean_data.py
[2025-03-20T13:53:46.250+0000] {spark_submit.py:645} INFO - pyFiles                 null
[2025-03-20T13:53:46.250+0000] {spark_submit.py:645} INFO - archives                null
[2025-03-20T13:53:46.251+0000] {spark_submit.py:645} INFO - mainClass               null
[2025-03-20T13:53:46.251+0000] {spark_submit.py:645} INFO - primaryResource         file:/opt/***/dags/fetch_and_clean_data.py
[2025-03-20T13:53:46.252+0000] {spark_submit.py:645} INFO - name                    arrow-spark
[2025-03-20T13:53:46.252+0000] {spark_submit.py:645} INFO - childArgs               []
[2025-03-20T13:53:46.253+0000] {spark_submit.py:645} INFO - jars                    null
[2025-03-20T13:53:46.253+0000] {spark_submit.py:645} INFO - packages                null
[2025-03-20T13:53:46.254+0000] {spark_submit.py:645} INFO - packagesExclusions      null
[2025-03-20T13:53:46.264+0000] {spark_submit.py:645} INFO - repositories            null
[2025-03-20T13:53:46.265+0000] {spark_submit.py:645} INFO - verbose                 true
[2025-03-20T13:53:46.265+0000] {spark_submit.py:645} INFO - 
[2025-03-20T13:53:46.266+0000] {spark_submit.py:645} INFO - Spark properties used, including those specified through
[2025-03-20T13:53:46.266+0000] {spark_submit.py:645} INFO - --conf and those from the properties file null:
[2025-03-20T13:53:46.267+0000] {spark_submit.py:645} INFO - 
[2025-03-20T13:53:46.273+0000] {spark_submit.py:645} INFO - 
[2025-03-20T13:53:46.278+0000] {spark_submit.py:645} INFO - 
[2025-03-20T13:53:51.565+0000] {spark_submit.py:645} INFO - 25/03/20 13:53:51 WARN NativeCodeLoader: Unable to load native-hadoop library for your platform... using builtin-java classes where applicable
[2025-03-20T13:53:53.783+0000] {spark_submit.py:645} INFO - Main class:
[2025-03-20T13:53:53.785+0000] {spark_submit.py:645} INFO - org.apache.spark.deploy.PythonRunner
[2025-03-20T13:53:53.788+0000] {spark_submit.py:645} INFO - Arguments:
[2025-03-20T13:53:53.789+0000] {spark_submit.py:645} INFO - file:/opt/***/dags/fetch_and_clean_data.py
[2025-03-20T13:53:53.791+0000] {spark_submit.py:645} INFO - null
[2025-03-20T13:53:53.800+0000] {spark_submit.py:645} INFO - Spark config:
[2025-03-20T13:53:53.801+0000] {spark_submit.py:645} INFO - (spark.app.name,arrow-spark)
[2025-03-20T13:53:53.811+0000] {spark_submit.py:645} INFO - (spark.app.submitTime,1742478833669)
[2025-03-20T13:53:53.812+0000] {spark_submit.py:645} INFO - (spark.files,file:///opt/***/dags/fetch_and_clean_data.py)
[2025-03-20T13:53:53.813+0000] {spark_submit.py:645} INFO - (spark.master,spark://spark-master:7077)
[2025-03-20T13:53:53.814+0000] {spark_submit.py:645} INFO - (spark.submit.deployMode,client)
[2025-03-20T13:53:53.814+0000] {spark_submit.py:645} INFO - (spark.submit.pyFiles,)
[2025-03-20T13:53:53.828+0000] {spark_submit.py:645} INFO - Classpath elements:
[2025-03-20T13:53:53.829+0000] {spark_submit.py:645} INFO - 
[2025-03-20T13:53:53.831+0000] {spark_submit.py:645} INFO - 
[2025-03-20T13:53:53.832+0000] {spark_submit.py:645} INFO - 
[2025-03-20T13:53:57.911+0000] {spark_submit.py:645} INFO - 25/03/20 13:53:57 INFO SparkContext: Running Spark version 3.5.5
[2025-03-20T13:53:57.912+0000] {spark_submit.py:645} INFO - 25/03/20 13:53:57 INFO SparkContext: OS info Linux, 5.15.167.4-microsoft-standard-WSL2, amd64
[2025-03-20T13:53:57.913+0000] {spark_submit.py:645} INFO - 25/03/20 13:53:57 INFO SparkContext: Java version 17.0.14
[2025-03-20T13:53:57.965+0000] {spark_submit.py:645} INFO - 25/03/20 13:53:57 INFO ResourceUtils: ==============================================================
[2025-03-20T13:53:57.967+0000] {spark_submit.py:645} INFO - 25/03/20 13:53:57 INFO ResourceUtils: No custom resources configured for spark.driver.
[2025-03-20T13:53:57.968+0000] {spark_submit.py:645} INFO - 25/03/20 13:53:57 INFO ResourceUtils: ==============================================================
[2025-03-20T13:53:57.970+0000] {spark_submit.py:645} INFO - 25/03/20 13:53:57 INFO SparkContext: Submitted application: BreweryDataProcessing
[2025-03-20T13:53:58.008+0000] {spark_submit.py:645} INFO - 25/03/20 13:53:58 INFO ResourceProfile: Default ResourceProfile created, executor resources: Map(memory -> name: memory, amount: 1024, script: , vendor: , offHeap -> name: offHeap, amount: 0, script: , vendor: ), task resources: Map(cpus -> name: cpus, amount: 1.0)
[2025-03-20T13:53:58.022+0000] {spark_submit.py:645} INFO - 25/03/20 13:53:58 INFO ResourceProfile: Limiting resource is cpu
[2025-03-20T13:53:58.024+0000] {spark_submit.py:645} INFO - 25/03/20 13:53:58 INFO ResourceProfileManager: Added ResourceProfile id: 0
[2025-03-20T13:53:58.174+0000] {spark_submit.py:645} INFO - 25/03/20 13:53:58 INFO SecurityManager: Changing view acls to: default
[2025-03-20T13:53:58.176+0000] {spark_submit.py:645} INFO - 25/03/20 13:53:58 INFO SecurityManager: Changing modify acls to: default
[2025-03-20T13:53:58.178+0000] {spark_submit.py:645} INFO - 25/03/20 13:53:58 INFO SecurityManager: Changing view acls groups to:
[2025-03-20T13:53:58.180+0000] {spark_submit.py:645} INFO - 25/03/20 13:53:58 INFO SecurityManager: Changing modify acls groups to:
[2025-03-20T13:53:58.185+0000] {spark_submit.py:645} INFO - 25/03/20 13:53:58 INFO SecurityManager: SecurityManager: authentication disabled; ui acls disabled; users with view permissions: default; groups with view permissions: EMPTY; users with modify permissions: default; groups with modify permissions: EMPTY
[2025-03-20T13:53:58.770+0000] {spark_submit.py:645} INFO - 25/03/20 13:53:58 INFO Utils: Successfully started service 'sparkDriver' on port 38741.
[2025-03-20T13:53:58.881+0000] {spark_submit.py:645} INFO - 25/03/20 13:53:58 INFO SparkEnv: Registering MapOutputTracker
[2025-03-20T13:53:58.987+0000] {spark_submit.py:645} INFO - 25/03/20 13:53:58 INFO SparkEnv: Registering BlockManagerMaster
[2025-03-20T13:53:59.022+0000] {spark_submit.py:645} INFO - 25/03/20 13:53:59 INFO BlockManagerMasterEndpoint: Using org.apache.spark.storage.DefaultTopologyMapper for getting topology information
[2025-03-20T13:53:59.024+0000] {spark_submit.py:645} INFO - 25/03/20 13:53:59 INFO BlockManagerMasterEndpoint: BlockManagerMasterEndpoint up
[2025-03-20T13:53:59.038+0000] {spark_submit.py:645} INFO - 25/03/20 13:53:59 INFO SparkEnv: Registering BlockManagerMasterHeartbeat
[2025-03-20T13:53:59.087+0000] {spark_submit.py:645} INFO - 25/03/20 13:53:59 INFO DiskBlockManager: Created local directory at /tmp/blockmgr-645d5fd0-c059-4422-ade0-ab5111eec303
[2025-03-20T13:53:59.110+0000] {spark_submit.py:645} INFO - 25/03/20 13:53:59 INFO MemoryStore: MemoryStore started with capacity 434.4 MiB
[2025-03-20T13:53:59.170+0000] {spark_submit.py:645} INFO - 25/03/20 13:53:59 INFO SparkEnv: Registering OutputCommitCoordinator
[2025-03-20T13:53:59.386+0000] {spark_submit.py:645} INFO - 25/03/20 13:53:59 INFO JettyUtils: Start Jetty 0.0.0.0:4040 for SparkUI
[2025-03-20T13:53:59.530+0000] {spark_submit.py:645} INFO - 25/03/20 13:53:59 INFO Utils: Successfully started service 'SparkUI' on port 4040.
[2025-03-20T13:53:59.595+0000] {spark_submit.py:645} INFO - 25/03/20 13:53:59 INFO SparkContext: Added file file:///opt/***/dags/fetch_and_clean_data.py at spark://155a81680138:38741/files/fetch_and_clean_data.py with timestamp 1742478837873
[2025-03-20T13:53:59.599+0000] {spark_submit.py:645} INFO - 25/03/20 13:53:59 INFO Utils: Copying /opt/***/dags/fetch_and_clean_data.py to /tmp/spark-ba04d8de-4e6f-40d8-b894-f25a40e21dc1/userFiles-2b24597b-12c8-4342-a568-8355b4b45703/fetch_and_clean_data.py
[2025-03-20T13:53:59.739+0000] {spark_submit.py:645} INFO - 25/03/20 13:53:59 INFO StandaloneAppClient$ClientEndpoint: Connecting to master spark://spark:7077...
[2025-03-20T13:54:01.729+0000] {spark_submit.py:645} INFO - 25/03/20 13:54:01 WARN StandaloneAppClient$ClientEndpoint: Failed to connect to master spark:7077
[2025-03-20T13:54:01.729+0000] {spark_submit.py:645} INFO - org.apache.spark.SparkException: Exception thrown in awaitResult:
[2025-03-20T13:54:01.730+0000] {spark_submit.py:645} INFO - at org.apache.spark.util.SparkThreadUtils$.awaitResult(SparkThreadUtils.scala:56)
[2025-03-20T13:54:01.730+0000] {spark_submit.py:645} INFO - at org.apache.spark.util.ThreadUtils$.awaitResult(ThreadUtils.scala:310)
[2025-03-20T13:54:01.731+0000] {spark_submit.py:645} INFO - at org.apache.spark.rpc.RpcTimeout.awaitResult(RpcTimeout.scala:75)
[2025-03-20T13:54:01.731+0000] {spark_submit.py:645} INFO - at org.apache.spark.rpc.RpcEnv.setupEndpointRefByURI(RpcEnv.scala:102)
[2025-03-20T13:54:01.732+0000] {spark_submit.py:645} INFO - at org.apache.spark.rpc.RpcEnv.setupEndpointRef(RpcEnv.scala:110)
[2025-03-20T13:54:01.732+0000] {spark_submit.py:645} INFO - at org.apache.spark.deploy.client.StandaloneAppClient$ClientEndpoint$$anon$1.run(StandaloneAppClient.scala:108)
[2025-03-20T13:54:01.732+0000] {spark_submit.py:645} INFO - at java.base/java.util.concurrent.Executors$RunnableAdapter.call(Executors.java:539)
[2025-03-20T13:54:01.733+0000] {spark_submit.py:645} INFO - at java.base/java.util.concurrent.FutureTask.run(FutureTask.java:264)
[2025-03-20T13:54:01.733+0000] {spark_submit.py:645} INFO - at java.base/java.util.concurrent.ThreadPoolExecutor.runWorker(ThreadPoolExecutor.java:1136)
[2025-03-20T13:54:01.733+0000] {spark_submit.py:645} INFO - at java.base/java.util.concurrent.ThreadPoolExecutor$Worker.run(ThreadPoolExecutor.java:635)
[2025-03-20T13:54:01.734+0000] {spark_submit.py:645} INFO - at java.base/java.lang.Thread.run(Thread.java:840)
[2025-03-20T13:54:01.734+0000] {spark_submit.py:645} INFO - Caused by: java.io.IOException: Failed to connect to spark/<unresolved>:7077
[2025-03-20T13:54:01.735+0000] {spark_submit.py:645} INFO - at org.apache.spark.network.client.TransportClientFactory.createClient(TransportClientFactory.java:294)
[2025-03-20T13:54:01.735+0000] {spark_submit.py:645} INFO - at org.apache.spark.network.client.TransportClientFactory.createClient(TransportClientFactory.java:214)
[2025-03-20T13:54:01.735+0000] {spark_submit.py:645} INFO - at org.apache.spark.network.client.TransportClientFactory.createClient(TransportClientFactory.java:226)
[2025-03-20T13:54:01.735+0000] {spark_submit.py:645} INFO - at org.apache.spark.rpc.netty.NettyRpcEnv.createClient(NettyRpcEnv.scala:204)
[2025-03-20T13:54:01.736+0000] {spark_submit.py:645} INFO - at org.apache.spark.rpc.netty.Outbox$$anon$1.call(Outbox.scala:202)
[2025-03-20T13:54:01.736+0000] {spark_submit.py:645} INFO - at org.apache.spark.rpc.netty.Outbox$$anon$1.call(Outbox.scala:198)
[2025-03-20T13:54:01.736+0000] {spark_submit.py:645} INFO - ... 4 more
[2025-03-20T13:54:01.736+0000] {spark_submit.py:645} INFO - Caused by: java.net.UnknownHostException: spark
[2025-03-20T13:54:01.737+0000] {spark_submit.py:645} INFO - at java.base/java.net.InetAddress$CachedAddresses.get(InetAddress.java:801)
[2025-03-20T13:54:01.737+0000] {spark_submit.py:645} INFO - at java.base/java.net.InetAddress.getAllByName0(InetAddress.java:1533)
[2025-03-20T13:54:01.737+0000] {spark_submit.py:645} INFO - at java.base/java.net.InetAddress.getAllByName(InetAddress.java:1385)
[2025-03-20T13:54:01.738+0000] {spark_submit.py:645} INFO - at java.base/java.net.InetAddress.getAllByName(InetAddress.java:1306)
[2025-03-20T13:54:01.738+0000] {spark_submit.py:645} INFO - at java.base/java.net.InetAddress.getByName(InetAddress.java:1256)
[2025-03-20T13:54:01.739+0000] {spark_submit.py:645} INFO - at io.netty.util.internal.SocketUtils$8.run(SocketUtils.java:156)
[2025-03-20T13:54:01.739+0000] {spark_submit.py:645} INFO - at io.netty.util.internal.SocketUtils$8.run(SocketUtils.java:153)
[2025-03-20T13:54:01.740+0000] {spark_submit.py:645} INFO - at java.base/java.security.AccessController.doPrivileged(AccessController.java:569)
[2025-03-20T13:54:01.740+0000] {spark_submit.py:645} INFO - at io.netty.util.internal.SocketUtils.addressByName(SocketUtils.java:153)
[2025-03-20T13:54:01.741+0000] {spark_submit.py:645} INFO - at io.netty.resolver.DefaultNameResolver.doResolve(DefaultNameResolver.java:41)
[2025-03-20T13:54:01.741+0000] {spark_submit.py:645} INFO - at io.netty.resolver.SimpleNameResolver.resolve(SimpleNameResolver.java:61)
[2025-03-20T13:54:01.741+0000] {spark_submit.py:645} INFO - at io.netty.resolver.SimpleNameResolver.resolve(SimpleNameResolver.java:53)
[2025-03-20T13:54:01.741+0000] {spark_submit.py:645} INFO - at io.netty.resolver.InetSocketAddressResolver.doResolve(InetSocketAddressResolver.java:55)
[2025-03-20T13:54:01.741+0000] {spark_submit.py:645} INFO - at io.netty.resolver.InetSocketAddressResolver.doResolve(InetSocketAddressResolver.java:31)
[2025-03-20T13:54:01.742+0000] {spark_submit.py:645} INFO - at io.netty.resolver.AbstractAddressResolver.resolve(AbstractAddressResolver.java:106)
[2025-03-20T13:54:01.742+0000] {spark_submit.py:645} INFO - at io.netty.bootstrap.Bootstrap.doResolveAndConnect0(Bootstrap.java:220)
[2025-03-20T13:54:01.742+0000] {spark_submit.py:645} INFO - at io.netty.bootstrap.Bootstrap.access$000(Bootstrap.java:46)
[2025-03-20T13:54:01.742+0000] {spark_submit.py:645} INFO - at io.netty.bootstrap.Bootstrap$1.operationComplete(Bootstrap.java:189)
[2025-03-20T13:54:01.743+0000] {spark_submit.py:645} INFO - at io.netty.bootstrap.Bootstrap$1.operationComplete(Bootstrap.java:175)
[2025-03-20T13:54:01.743+0000] {spark_submit.py:645} INFO - at io.netty.util.concurrent.DefaultPromise.notifyListener0(DefaultPromise.java:590)
[2025-03-20T13:54:01.743+0000] {spark_submit.py:645} INFO - at io.netty.util.concurrent.DefaultPromise.notifyListenersNow(DefaultPromise.java:557)
[2025-03-20T13:54:01.743+0000] {spark_submit.py:645} INFO - at io.netty.util.concurrent.DefaultPromise.notifyListeners(DefaultPromise.java:492)
[2025-03-20T13:54:01.743+0000] {spark_submit.py:645} INFO - at io.netty.util.concurrent.DefaultPromise.setValue0(DefaultPromise.java:636)
[2025-03-20T13:54:01.744+0000] {spark_submit.py:645} INFO - at io.netty.util.concurrent.DefaultPromise.setSuccess0(DefaultPromise.java:625)
[2025-03-20T13:54:01.744+0000] {spark_submit.py:645} INFO - at io.netty.util.concurrent.DefaultPromise.trySuccess(DefaultPromise.java:105)
[2025-03-20T13:54:01.744+0000] {spark_submit.py:645} INFO - at io.netty.channel.DefaultChannelPromise.trySuccess(DefaultChannelPromise.java:84)
[2025-03-20T13:54:01.744+0000] {spark_submit.py:645} INFO - at io.netty.channel.AbstractChannel$AbstractUnsafe.safeSetSuccess(AbstractChannel.java:990)
[2025-03-20T13:54:01.745+0000] {spark_submit.py:645} INFO - at io.netty.channel.AbstractChannel$AbstractUnsafe.register0(AbstractChannel.java:516)
[2025-03-20T13:54:01.745+0000] {spark_submit.py:645} INFO - at io.netty.channel.AbstractChannel$AbstractUnsafe.access$200(AbstractChannel.java:429)
[2025-03-20T13:54:01.746+0000] {spark_submit.py:645} INFO - at io.netty.channel.AbstractChannel$AbstractUnsafe$1.run(AbstractChannel.java:486)
[2025-03-20T13:54:01.746+0000] {spark_submit.py:645} INFO - at io.netty.util.concurrent.AbstractEventExecutor.runTask(AbstractEventExecutor.java:174)
[2025-03-20T13:54:01.746+0000] {spark_submit.py:645} INFO - at io.netty.util.concurrent.AbstractEventExecutor.safeExecute(AbstractEventExecutor.java:167)
[2025-03-20T13:54:01.746+0000] {spark_submit.py:645} INFO - at io.netty.util.concurrent.SingleThreadEventExecutor.runAllTasks(SingleThreadEventExecutor.java:470)
[2025-03-20T13:54:01.747+0000] {spark_submit.py:645} INFO - at io.netty.channel.nio.NioEventLoop.run(NioEventLoop.java:569)
[2025-03-20T13:54:01.747+0000] {spark_submit.py:645} INFO - at io.netty.util.concurrent.SingleThreadEventExecutor$4.run(SingleThreadEventExecutor.java:997)
[2025-03-20T13:54:01.747+0000] {spark_submit.py:645} INFO - at io.netty.util.internal.ThreadExecutorMap$2.run(ThreadExecutorMap.java:74)
[2025-03-20T13:54:01.747+0000] {spark_submit.py:645} INFO - at io.netty.util.concurrent.FastThreadLocalRunnable.run(FastThreadLocalRunnable.java:30)
[2025-03-20T13:54:01.747+0000] {spark_submit.py:645} INFO - ... 1 more
[2025-03-20T13:54:21.802+0000] {spark_submit.py:645} INFO - 25/03/20 13:54:21 INFO StandaloneAppClient$ClientEndpoint: Connecting to master spark://spark:7077...
[2025-03-20T13:54:23.814+0000] {spark_submit.py:645} INFO - 25/03/20 13:54:23 WARN StandaloneAppClient$ClientEndpoint: Failed to connect to master spark:7077
[2025-03-20T13:54:23.815+0000] {spark_submit.py:645} INFO - org.apache.spark.SparkException: Exception thrown in awaitResult:
[2025-03-20T13:54:23.816+0000] {spark_submit.py:645} INFO - at org.apache.spark.util.SparkThreadUtils$.awaitResult(SparkThreadUtils.scala:56)
[2025-03-20T13:54:23.817+0000] {spark_submit.py:645} INFO - at org.apache.spark.util.ThreadUtils$.awaitResult(ThreadUtils.scala:310)
[2025-03-20T13:54:23.818+0000] {spark_submit.py:645} INFO - at org.apache.spark.rpc.RpcTimeout.awaitResult(RpcTimeout.scala:75)
[2025-03-20T13:54:23.819+0000] {spark_submit.py:645} INFO - at org.apache.spark.rpc.RpcEnv.setupEndpointRefByURI(RpcEnv.scala:102)
[2025-03-20T13:54:23.820+0000] {spark_submit.py:645} INFO - at org.apache.spark.rpc.RpcEnv.setupEndpointRef(RpcEnv.scala:110)
[2025-03-20T13:54:23.821+0000] {spark_submit.py:645} INFO - at org.apache.spark.deploy.client.StandaloneAppClient$ClientEndpoint$$anon$1.run(StandaloneAppClient.scala:108)
[2025-03-20T13:54:23.822+0000] {spark_submit.py:645} INFO - at java.base/java.util.concurrent.Executors$RunnableAdapter.call(Executors.java:539)
[2025-03-20T13:54:23.824+0000] {spark_submit.py:645} INFO - at java.base/java.util.concurrent.FutureTask.run(FutureTask.java:264)
[2025-03-20T13:54:23.831+0000] {spark_submit.py:645} INFO - at java.base/java.util.concurrent.ThreadPoolExecutor.runWorker(ThreadPoolExecutor.java:1136)
[2025-03-20T13:54:23.832+0000] {spark_submit.py:645} INFO - at java.base/java.util.concurrent.ThreadPoolExecutor$Worker.run(ThreadPoolExecutor.java:635)
[2025-03-20T13:54:23.832+0000] {spark_submit.py:645} INFO - at java.base/java.lang.Thread.run(Thread.java:840)
[2025-03-20T13:54:23.833+0000] {spark_submit.py:645} INFO - Caused by: java.io.IOException: Failed to connect to spark/<unresolved>:7077
[2025-03-20T13:54:23.833+0000] {spark_submit.py:645} INFO - at org.apache.spark.network.client.TransportClientFactory.createClient(TransportClientFactory.java:294)
[2025-03-20T13:54:23.834+0000] {spark_submit.py:645} INFO - at org.apache.spark.network.client.TransportClientFactory.createClient(TransportClientFactory.java:214)
[2025-03-20T13:54:23.835+0000] {spark_submit.py:645} INFO - at org.apache.spark.network.client.TransportClientFactory.createClient(TransportClientFactory.java:226)
[2025-03-20T13:54:23.835+0000] {spark_submit.py:645} INFO - at org.apache.spark.rpc.netty.NettyRpcEnv.createClient(NettyRpcEnv.scala:204)
[2025-03-20T13:54:23.835+0000] {spark_submit.py:645} INFO - at org.apache.spark.rpc.netty.Outbox$$anon$1.call(Outbox.scala:202)
[2025-03-20T13:54:23.836+0000] {spark_submit.py:645} INFO - at org.apache.spark.rpc.netty.Outbox$$anon$1.call(Outbox.scala:198)
[2025-03-20T13:54:23.837+0000] {spark_submit.py:645} INFO - ... 4 more
[2025-03-20T13:54:23.837+0000] {spark_submit.py:645} INFO - Caused by: java.net.UnknownHostException: spark
[2025-03-20T13:54:23.838+0000] {spark_submit.py:645} INFO - at java.base/java.net.InetAddress$CachedAddresses.get(InetAddress.java:801)
[2025-03-20T13:54:23.838+0000] {spark_submit.py:645} INFO - at java.base/java.net.InetAddress.getAllByName0(InetAddress.java:1533)
[2025-03-20T13:54:23.839+0000] {spark_submit.py:645} INFO - at java.base/java.net.InetAddress.getAllByName(InetAddress.java:1385)
[2025-03-20T13:54:23.839+0000] {spark_submit.py:645} INFO - at java.base/java.net.InetAddress.getAllByName(InetAddress.java:1306)
[2025-03-20T13:54:23.840+0000] {spark_submit.py:645} INFO - at java.base/java.net.InetAddress.getByName(InetAddress.java:1256)
[2025-03-20T13:54:23.840+0000] {spark_submit.py:645} INFO - at io.netty.util.internal.SocketUtils$8.run(SocketUtils.java:156)
[2025-03-20T13:54:23.841+0000] {spark_submit.py:645} INFO - at io.netty.util.internal.SocketUtils$8.run(SocketUtils.java:153)
[2025-03-20T13:54:23.841+0000] {spark_submit.py:645} INFO - at java.base/java.security.AccessController.doPrivileged(AccessController.java:569)
[2025-03-20T13:54:23.842+0000] {spark_submit.py:645} INFO - at io.netty.util.internal.SocketUtils.addressByName(SocketUtils.java:153)
[2025-03-20T13:54:23.842+0000] {spark_submit.py:645} INFO - at io.netty.resolver.DefaultNameResolver.doResolve(DefaultNameResolver.java:41)
[2025-03-20T13:54:23.843+0000] {spark_submit.py:645} INFO - at io.netty.resolver.SimpleNameResolver.resolve(SimpleNameResolver.java:61)
[2025-03-20T13:54:23.844+0000] {spark_submit.py:645} INFO - at io.netty.resolver.SimpleNameResolver.resolve(SimpleNameResolver.java:53)
[2025-03-20T13:54:23.845+0000] {spark_submit.py:645} INFO - at io.netty.resolver.InetSocketAddressResolver.doResolve(InetSocketAddressResolver.java:55)
[2025-03-20T13:54:23.845+0000] {spark_submit.py:645} INFO - at io.netty.resolver.InetSocketAddressResolver.doResolve(InetSocketAddressResolver.java:31)
[2025-03-20T13:54:23.846+0000] {spark_submit.py:645} INFO - at io.netty.resolver.AbstractAddressResolver.resolve(AbstractAddressResolver.java:106)
[2025-03-20T13:54:23.846+0000] {spark_submit.py:645} INFO - at io.netty.bootstrap.Bootstrap.doResolveAndConnect0(Bootstrap.java:220)
[2025-03-20T13:54:23.847+0000] {spark_submit.py:645} INFO - at io.netty.bootstrap.Bootstrap.access$000(Bootstrap.java:46)
[2025-03-20T13:54:23.847+0000] {spark_submit.py:645} INFO - at io.netty.bootstrap.Bootstrap$1.operationComplete(Bootstrap.java:189)
[2025-03-20T13:54:23.848+0000] {spark_submit.py:645} INFO - at io.netty.bootstrap.Bootstrap$1.operationComplete(Bootstrap.java:175)
[2025-03-20T13:54:23.848+0000] {spark_submit.py:645} INFO - at io.netty.util.concurrent.DefaultPromise.notifyListener0(DefaultPromise.java:590)
[2025-03-20T13:54:23.849+0000] {spark_submit.py:645} INFO - at io.netty.util.concurrent.DefaultPromise.notifyListenersNow(DefaultPromise.java:557)
[2025-03-20T13:54:23.849+0000] {spark_submit.py:645} INFO - at io.netty.util.concurrent.DefaultPromise.notifyListeners(DefaultPromise.java:492)
[2025-03-20T13:54:23.850+0000] {spark_submit.py:645} INFO - at io.netty.util.concurrent.DefaultPromise.setValue0(DefaultPromise.java:636)
[2025-03-20T13:54:23.850+0000] {spark_submit.py:645} INFO - at io.netty.util.concurrent.DefaultPromise.setSuccess0(DefaultPromise.java:625)
[2025-03-20T13:54:23.851+0000] {spark_submit.py:645} INFO - at io.netty.util.concurrent.DefaultPromise.trySuccess(DefaultPromise.java:105)
[2025-03-20T13:54:23.851+0000] {spark_submit.py:645} INFO - at io.netty.channel.DefaultChannelPromise.trySuccess(DefaultChannelPromise.java:84)
[2025-03-20T13:54:23.851+0000] {spark_submit.py:645} INFO - at io.netty.channel.AbstractChannel$AbstractUnsafe.safeSetSuccess(AbstractChannel.java:990)
[2025-03-20T13:54:23.852+0000] {spark_submit.py:645} INFO - at io.netty.channel.AbstractChannel$AbstractUnsafe.register0(AbstractChannel.java:516)
[2025-03-20T13:54:23.852+0000] {spark_submit.py:645} INFO - at io.netty.channel.AbstractChannel$AbstractUnsafe.access$200(AbstractChannel.java:429)
[2025-03-20T13:54:23.862+0000] {spark_submit.py:645} INFO - at io.netty.channel.AbstractChannel$AbstractUnsafe$1.run(AbstractChannel.java:486)
[2025-03-20T13:54:23.862+0000] {spark_submit.py:645} INFO - at io.netty.util.concurrent.AbstractEventExecutor.runTask(AbstractEventExecutor.java:174)
[2025-03-20T13:54:23.863+0000] {spark_submit.py:645} INFO - at io.netty.util.concurrent.AbstractEventExecutor.safeExecute(AbstractEventExecutor.java:167)
[2025-03-20T13:54:23.863+0000] {spark_submit.py:645} INFO - at io.netty.util.concurrent.SingleThreadEventExecutor.runAllTasks(SingleThreadEventExecutor.java:470)
[2025-03-20T13:54:23.864+0000] {spark_submit.py:645} INFO - at io.netty.channel.nio.NioEventLoop.run(NioEventLoop.java:569)
[2025-03-20T13:54:23.865+0000] {spark_submit.py:645} INFO - at io.netty.util.concurrent.SingleThreadEventExecutor$4.run(SingleThreadEventExecutor.java:997)
[2025-03-20T13:54:23.865+0000] {spark_submit.py:645} INFO - at io.netty.util.internal.ThreadExecutorMap$2.run(ThreadExecutorMap.java:74)
[2025-03-20T13:54:23.865+0000] {spark_submit.py:645} INFO - at io.netty.util.concurrent.FastThreadLocalRunnable.run(FastThreadLocalRunnable.java:30)
[2025-03-20T13:54:23.866+0000] {spark_submit.py:645} INFO - ... 1 more
[2025-03-20T13:54:41.801+0000] {spark_submit.py:645} INFO - 25/03/20 13:54:41 INFO StandaloneAppClient$ClientEndpoint: Connecting to master spark://spark:7077...
[2025-03-20T13:54:43.780+0000] {spark_submit.py:645} INFO - 25/03/20 13:54:43 WARN StandaloneAppClient$ClientEndpoint: Failed to connect to master spark:7077
[2025-03-20T13:54:43.781+0000] {spark_submit.py:645} INFO - org.apache.spark.SparkException: Exception thrown in awaitResult:
[2025-03-20T13:54:43.781+0000] {spark_submit.py:645} INFO - at org.apache.spark.util.SparkThreadUtils$.awaitResult(SparkThreadUtils.scala:56)
[2025-03-20T13:54:43.782+0000] {spark_submit.py:645} INFO - at org.apache.spark.util.ThreadUtils$.awaitResult(ThreadUtils.scala:310)
[2025-03-20T13:54:43.782+0000] {spark_submit.py:645} INFO - at org.apache.spark.rpc.RpcTimeout.awaitResult(RpcTimeout.scala:75)
[2025-03-20T13:54:43.782+0000] {spark_submit.py:645} INFO - at org.apache.spark.rpc.RpcEnv.setupEndpointRefByURI(RpcEnv.scala:102)
[2025-03-20T13:54:43.782+0000] {spark_submit.py:645} INFO - at org.apache.spark.rpc.RpcEnv.setupEndpointRef(RpcEnv.scala:110)
[2025-03-20T13:54:43.783+0000] {spark_submit.py:645} INFO - at org.apache.spark.deploy.client.StandaloneAppClient$ClientEndpoint$$anon$1.run(StandaloneAppClient.scala:108)
[2025-03-20T13:54:43.783+0000] {spark_submit.py:645} INFO - at java.base/java.util.concurrent.Executors$RunnableAdapter.call(Executors.java:539)
[2025-03-20T13:54:43.783+0000] {spark_submit.py:645} INFO - at java.base/java.util.concurrent.FutureTask.run(FutureTask.java:264)
[2025-03-20T13:54:43.784+0000] {spark_submit.py:645} INFO - at java.base/java.util.concurrent.ThreadPoolExecutor.runWorker(ThreadPoolExecutor.java:1136)
[2025-03-20T13:54:43.784+0000] {spark_submit.py:645} INFO - at java.base/java.util.concurrent.ThreadPoolExecutor$Worker.run(ThreadPoolExecutor.java:635)
[2025-03-20T13:54:43.787+0000] {spark_submit.py:645} INFO - at java.base/java.lang.Thread.run(Thread.java:840)
[2025-03-20T13:54:43.787+0000] {spark_submit.py:645} INFO - Caused by: java.io.IOException: Failed to connect to spark/<unresolved>:7077
[2025-03-20T13:54:43.788+0000] {spark_submit.py:645} INFO - at org.apache.spark.network.client.TransportClientFactory.createClient(TransportClientFactory.java:294)
[2025-03-20T13:54:43.788+0000] {spark_submit.py:645} INFO - at org.apache.spark.network.client.TransportClientFactory.createClient(TransportClientFactory.java:214)
[2025-03-20T13:54:43.789+0000] {spark_submit.py:645} INFO - at org.apache.spark.network.client.TransportClientFactory.createClient(TransportClientFactory.java:226)
[2025-03-20T13:54:43.789+0000] {spark_submit.py:645} INFO - at org.apache.spark.rpc.netty.NettyRpcEnv.createClient(NettyRpcEnv.scala:204)
[2025-03-20T13:54:43.790+0000] {spark_submit.py:645} INFO - at org.apache.spark.rpc.netty.Outbox$$anon$1.call(Outbox.scala:202)
[2025-03-20T13:54:43.790+0000] {spark_submit.py:645} INFO - at org.apache.spark.rpc.netty.Outbox$$anon$1.call(Outbox.scala:198)
[2025-03-20T13:54:43.791+0000] {spark_submit.py:645} INFO - ... 4 more
[2025-03-20T13:54:43.791+0000] {spark_submit.py:645} INFO - Caused by: java.net.UnknownHostException: spark
[2025-03-20T13:54:43.792+0000] {spark_submit.py:645} INFO - at java.base/java.net.InetAddress$CachedAddresses.get(InetAddress.java:801)
[2025-03-20T13:54:43.792+0000] {spark_submit.py:645} INFO - at java.base/java.net.InetAddress.getAllByName0(InetAddress.java:1533)
[2025-03-20T13:54:43.793+0000] {spark_submit.py:645} INFO - at java.base/java.net.InetAddress.getAllByName(InetAddress.java:1385)
[2025-03-20T13:54:43.793+0000] {spark_submit.py:645} INFO - at java.base/java.net.InetAddress.getAllByName(InetAddress.java:1306)
[2025-03-20T13:54:43.794+0000] {spark_submit.py:645} INFO - at java.base/java.net.InetAddress.getByName(InetAddress.java:1256)
[2025-03-20T13:54:43.794+0000] {spark_submit.py:645} INFO - at io.netty.util.internal.SocketUtils$8.run(SocketUtils.java:156)
[2025-03-20T13:54:43.795+0000] {spark_submit.py:645} INFO - at io.netty.util.internal.SocketUtils$8.run(SocketUtils.java:153)
[2025-03-20T13:54:43.796+0000] {spark_submit.py:645} INFO - at java.base/java.security.AccessController.doPrivileged(AccessController.java:569)
[2025-03-20T13:54:43.796+0000] {spark_submit.py:645} INFO - at io.netty.util.internal.SocketUtils.addressByName(SocketUtils.java:153)
[2025-03-20T13:54:43.797+0000] {spark_submit.py:645} INFO - at io.netty.resolver.DefaultNameResolver.doResolve(DefaultNameResolver.java:41)
[2025-03-20T13:54:43.797+0000] {spark_submit.py:645} INFO - at io.netty.resolver.SimpleNameResolver.resolve(SimpleNameResolver.java:61)
[2025-03-20T13:54:43.798+0000] {spark_submit.py:645} INFO - at io.netty.resolver.SimpleNameResolver.resolve(SimpleNameResolver.java:53)
[2025-03-20T13:54:43.798+0000] {spark_submit.py:645} INFO - at io.netty.resolver.InetSocketAddressResolver.doResolve(InetSocketAddressResolver.java:55)
[2025-03-20T13:54:43.798+0000] {spark_submit.py:645} INFO - at io.netty.resolver.InetSocketAddressResolver.doResolve(InetSocketAddressResolver.java:31)
[2025-03-20T13:54:43.799+0000] {spark_submit.py:645} INFO - at io.netty.resolver.AbstractAddressResolver.resolve(AbstractAddressResolver.java:106)
[2025-03-20T13:54:43.799+0000] {spark_submit.py:645} INFO - at io.netty.bootstrap.Bootstrap.doResolveAndConnect0(Bootstrap.java:220)
[2025-03-20T13:54:43.799+0000] {spark_submit.py:645} INFO - at io.netty.bootstrap.Bootstrap.access$000(Bootstrap.java:46)
[2025-03-20T13:54:43.800+0000] {spark_submit.py:645} INFO - at io.netty.bootstrap.Bootstrap$1.operationComplete(Bootstrap.java:189)
[2025-03-20T13:54:43.800+0000] {spark_submit.py:645} INFO - at io.netty.bootstrap.Bootstrap$1.operationComplete(Bootstrap.java:175)
[2025-03-20T13:54:43.801+0000] {spark_submit.py:645} INFO - at io.netty.util.concurrent.DefaultPromise.notifyListener0(DefaultPromise.java:590)
[2025-03-20T13:54:43.801+0000] {spark_submit.py:645} INFO - at io.netty.util.concurrent.DefaultPromise.notifyListenersNow(DefaultPromise.java:557)
[2025-03-20T13:54:43.801+0000] {spark_submit.py:645} INFO - at io.netty.util.concurrent.DefaultPromise.notifyListeners(DefaultPromise.java:492)
[2025-03-20T13:54:43.802+0000] {spark_submit.py:645} INFO - at io.netty.util.concurrent.DefaultPromise.setValue0(DefaultPromise.java:636)
[2025-03-20T13:54:43.802+0000] {spark_submit.py:645} INFO - at io.netty.util.concurrent.DefaultPromise.setSuccess0(DefaultPromise.java:625)
[2025-03-20T13:54:43.802+0000] {spark_submit.py:645} INFO - at io.netty.util.concurrent.DefaultPromise.trySuccess(DefaultPromise.java:105)
[2025-03-20T13:54:43.803+0000] {spark_submit.py:645} INFO - at io.netty.channel.DefaultChannelPromise.trySuccess(DefaultChannelPromise.java:84)
[2025-03-20T13:54:43.803+0000] {spark_submit.py:645} INFO - at io.netty.channel.AbstractChannel$AbstractUnsafe.safeSetSuccess(AbstractChannel.java:990)
[2025-03-20T13:54:43.804+0000] {spark_submit.py:645} INFO - at io.netty.channel.AbstractChannel$AbstractUnsafe.register0(AbstractChannel.java:516)
[2025-03-20T13:54:43.804+0000] {spark_submit.py:645} INFO - at io.netty.channel.AbstractChannel$AbstractUnsafe.access$200(AbstractChannel.java:429)
[2025-03-20T13:54:43.804+0000] {spark_submit.py:645} INFO - at io.netty.channel.AbstractChannel$AbstractUnsafe$1.run(AbstractChannel.java:486)
[2025-03-20T13:54:43.805+0000] {spark_submit.py:645} INFO - at io.netty.util.concurrent.AbstractEventExecutor.runTask(AbstractEventExecutor.java:174)
[2025-03-20T13:54:43.805+0000] {spark_submit.py:645} INFO - at io.netty.util.concurrent.AbstractEventExecutor.safeExecute(AbstractEventExecutor.java:167)
[2025-03-20T13:54:43.806+0000] {spark_submit.py:645} INFO - at io.netty.util.concurrent.SingleThreadEventExecutor.runAllTasks(SingleThreadEventExecutor.java:470)
[2025-03-20T13:54:43.806+0000] {spark_submit.py:645} INFO - at io.netty.channel.nio.NioEventLoop.run(NioEventLoop.java:569)
[2025-03-20T13:54:43.806+0000] {spark_submit.py:645} INFO - at io.netty.util.concurrent.SingleThreadEventExecutor$4.run(SingleThreadEventExecutor.java:997)
[2025-03-20T13:54:43.807+0000] {spark_submit.py:645} INFO - at io.netty.util.internal.ThreadExecutorMap$2.run(ThreadExecutorMap.java:74)
[2025-03-20T13:54:43.807+0000] {spark_submit.py:645} INFO - at io.netty.util.concurrent.FastThreadLocalRunnable.run(FastThreadLocalRunnable.java:30)
[2025-03-20T13:54:43.808+0000] {spark_submit.py:645} INFO - ... 1 more
[2025-03-20T13:55:03.762+0000] {spark_submit.py:645} INFO - 25/03/20 13:55:03 WARN StandaloneSchedulerBackend: Application ID is not initialized yet.
[2025-03-20T13:55:03.762+0000] {spark_submit.py:645} INFO - 25/03/20 13:55:03 ERROR StandaloneSchedulerBackend: Application has been killed. Reason: All masters are unresponsive! Giving up.
[2025-03-20T13:55:03.783+0000] {spark_submit.py:645} INFO - 25/03/20 13:55:03 INFO Utils: Successfully started service 'org.apache.spark.network.netty.NettyBlockTransferService' on port 39803.
[2025-03-20T13:55:03.783+0000] {spark_submit.py:645} INFO - 25/03/20 13:55:03 INFO NettyBlockTransferService: Server created on 155a81680138:39803
[2025-03-20T13:55:03.786+0000] {spark_submit.py:645} INFO - 25/03/20 13:55:03 INFO BlockManager: Using org.apache.spark.storage.RandomBlockReplicationPolicy for block replication policy
[2025-03-20T13:55:03.798+0000] {spark_submit.py:645} INFO - 25/03/20 13:55:03 INFO BlockManagerMaster: Registering BlockManager BlockManagerId(driver, 155a81680138, 39803, None)
[2025-03-20T13:55:03.810+0000] {spark_submit.py:645} INFO - 25/03/20 13:55:03 INFO BlockManagerMasterEndpoint: Registering block manager 155a81680138:39803 with 434.4 MiB RAM, BlockManagerId(driver, 155a81680138, 39803, None)
[2025-03-20T13:55:03.824+0000] {spark_submit.py:645} INFO - 25/03/20 13:55:03 INFO BlockManagerMaster: Registered BlockManager BlockManagerId(driver, 155a81680138, 39803, None)
[2025-03-20T13:55:03.825+0000] {spark_submit.py:645} INFO - 25/03/20 13:55:03 INFO BlockManager: Initialized BlockManager: BlockManagerId(driver, 155a81680138, 39803, None)
[2025-03-20T13:55:04.244+0000] {spark_submit.py:645} INFO - 25/03/20 13:55:04 INFO StandaloneSchedulerBackend: SchedulerBackend is ready for scheduling beginning after reached minRegisteredResourcesRatio: 0.0
[2025-03-20T13:55:04.750+0000] {spark_submit.py:645} INFO - 25/03/20 13:55:04 INFO SharedState: Setting hive.metastore.warehouse.dir ('null') to the value of spark.sql.warehouse.dir.
[2025-03-20T13:55:04.770+0000] {spark_submit.py:645} INFO - 25/03/20 13:55:04 INFO SharedState: Warehouse path is 'file:/opt/***/spark-warehouse'.
[2025-03-20T13:55:04.884+0000] {spark_submit.py:645} INFO - 25/03/20 13:55:04 INFO SparkContext: SparkContext is stopping with exitCode 0.
[2025-03-20T13:55:04.957+0000] {spark_submit.py:645} INFO - 25/03/20 13:55:04 INFO SparkUI: Stopped Spark web UI at http://155a81680138:4040
[2025-03-20T13:55:04.974+0000] {spark_submit.py:645} INFO - 25/03/20 13:55:04 INFO StandaloneSchedulerBackend: Shutting down all executors
[2025-03-20T13:55:04.994+0000] {spark_submit.py:645} INFO - 25/03/20 13:55:04 INFO StandaloneSchedulerBackend$StandaloneDriverEndpoint: Asking each executor to shut down
[2025-03-20T13:55:05.025+0000] {spark_submit.py:645} INFO - 25/03/20 13:55:05 WARN StandaloneAppClient$ClientEndpoint: Drop UnregisterApplication(null) because has not yet connected to master
[2025-03-20T13:55:05.066+0000] {spark_submit.py:645} INFO - 25/03/20 13:55:05 INFO MapOutputTrackerMasterEndpoint: MapOutputTrackerMasterEndpoint stopped!
[2025-03-20T13:55:05.127+0000] {spark_submit.py:645} INFO - 25/03/20 13:55:05 INFO MemoryStore: MemoryStore cleared
[2025-03-20T13:55:05.128+0000] {spark_submit.py:645} INFO - 25/03/20 13:55:05 INFO BlockManager: BlockManager stopped
[2025-03-20T13:55:05.152+0000] {spark_submit.py:645} INFO - 25/03/20 13:55:05 INFO BlockManagerMaster: BlockManagerMaster stopped
[2025-03-20T13:55:05.154+0000] {spark_submit.py:645} INFO - 25/03/20 13:55:05 INFO OutputCommitCoordinator$OutputCommitCoordinatorEndpoint: OutputCommitCoordinator stopped!
[2025-03-20T13:55:05.188+0000] {spark_submit.py:645} INFO - 25/03/20 13:55:05 INFO SparkContext: Successfully stopped SparkContext
[2025-03-20T13:55:06.942+0000] {spark_submit.py:645} INFO - Traceback (most recent call last):
[2025-03-20T13:55:06.943+0000] {spark_submit.py:645} INFO - File "/opt/***/dags/fetch_and_clean_data.py", line 121, in <module>
[2025-03-20T13:55:06.945+0000] {spark_submit.py:645} INFO - clean_and_load_data()
[2025-03-20T13:55:06.946+0000] {spark_submit.py:645} INFO - File "/opt/***/dags/fetch_and_clean_data.py", line 62, in clean_and_load_data
[2025-03-20T13:55:06.947+0000] {spark_submit.py:645} INFO - df = spark.read.schema(schema).csv(bronze_data)
[2025-03-20T13:55:06.947+0000] {spark_submit.py:645} INFO - ^^^^^^^^^^^^^^^^^^^^^^^^^^^^^^^^^^^^^^^^^^
[2025-03-20T13:55:06.948+0000] {spark_submit.py:645} INFO - File "/home/***/.local/lib/python3.12/site-packages/pyspark/python/lib/pyspark.zip/pyspark/sql/readwriter.py", line 763, in csv
[2025-03-20T13:55:06.949+0000] {spark_submit.py:645} INFO - pyspark.errors.exceptions.base.PySparkTypeError: [NOT_STR_OR_LIST_OF_RDD] Argument `path` should be a str or list[RDD], got HTTPResponse.
[2025-03-20T13:55:07.125+0000] {spark_submit.py:645} INFO - 25/03/20 13:55:07 INFO ShutdownHookManager: Shutdown hook called
[2025-03-20T13:55:07.127+0000] {spark_submit.py:645} INFO - 25/03/20 13:55:07 INFO ShutdownHookManager: Deleting directory /tmp/spark-ba04d8de-4e6f-40d8-b894-f25a40e21dc1/pyspark-59d28628-5861-4bea-a7be-18efe8630a9c
[2025-03-20T13:55:07.139+0000] {spark_submit.py:645} INFO - 25/03/20 13:55:07 INFO ShutdownHookManager: Deleting directory /tmp/spark-ba04d8de-4e6f-40d8-b894-f25a40e21dc1
[2025-03-20T13:55:07.159+0000] {spark_submit.py:645} INFO - 25/03/20 13:55:07 INFO ShutdownHookManager: Deleting directory /tmp/spark-68f5a03d-8c92-4c70-b6d7-b22dda66dfd6
[2025-03-20T13:55:07.275+0000] {taskinstance.py:3313} ERROR - Task failed with exception
Traceback (most recent call last):
  File "/home/airflow/.local/lib/python3.12/site-packages/airflow/models/taskinstance.py", line 768, in _execute_task
    result = _execute_callable(context=context, **execute_callable_kwargs)
             ^^^^^^^^^^^^^^^^^^^^^^^^^^^^^^^^^^^^^^^^^^^^^^^^^^^^^^^^^^^^^
  File "/home/airflow/.local/lib/python3.12/site-packages/airflow/models/taskinstance.py", line 734, in _execute_callable
    return ExecutionCallableRunner(
           ^^^^^^^^^^^^^^^^^^^^^^^^
  File "/home/airflow/.local/lib/python3.12/site-packages/airflow/utils/operator_helpers.py", line 252, in run
    return self.func(*args, **kwargs)
           ^^^^^^^^^^^^^^^^^^^^^^^^^^
  File "/home/airflow/.local/lib/python3.12/site-packages/airflow/models/baseoperator.py", line 424, in wrapper
    return func(self, *args, **kwargs)
           ^^^^^^^^^^^^^^^^^^^^^^^^^^^
  File "/home/airflow/.local/lib/python3.12/site-packages/airflow/providers/apache/spark/operators/spark_submit.py", line 177, in execute
    self._hook.submit(self.application)
  File "/home/airflow/.local/lib/python3.12/site-packages/airflow/providers/apache/spark/hooks/spark_submit.py", line 567, in submit
    raise AirflowException(
airflow.exceptions.AirflowException: Cannot execute: spark-submit --master spark://spark-master:7077 --files /opt/***/dags/fetch_and_clean_data.py --name arrow-spark --verbose --deploy-mode client /opt/***/dags/fetch_and_clean_data.py. Error code is: 1.
[2025-03-20T13:55:07.287+0000] {logging_mixin.py:190} INFO - Task instance in failure state
[2025-03-20T13:55:07.288+0000] {logging_mixin.py:190} INFO - Task start:2025-03-20 13:53:29.185849+00:00 end:2025-03-20 13:55:07.285922+00:00 duration:98.100073
[2025-03-20T13:55:07.290+0000] {logging_mixin.py:190} INFO - Task:<Task(SparkSubmitOperator): clean_and_load_to_silver_layer> dag:<DAG: ETL_breweries_list> dagrun:<DagRun ETL_breweries_list @ 2025-03-20 13:52:39.980754+00:00: manual__2025-03-20T13:52:39.980754+00:00, state:running, queued_at: 2025-03-20 13:52:40.200696+00:00. externally triggered: True>
[2025-03-20T13:55:07.290+0000] {logging_mixin.py:190} INFO - Failure caused by Cannot execute: spark-submit --master spark://spark-master:7077 --files /opt/***/dags/fetch_and_clean_data.py --name arrow-spark --verbose --deploy-mode client /opt/***/dags/fetch_and_clean_data.py. Error code is: 1.
[2025-03-20T13:55:07.291+0000] {taskinstance.py:1226} INFO - Marking task as FAILED. dag_id=ETL_breweries_list, task_id=clean_and_load_to_silver_layer, run_id=manual__2025-03-20T13:52:39.980754+00:00, execution_date=20250320T135239, start_date=20250320T135329, end_date=20250320T135507
[2025-03-20T13:55:07.354+0000] {taskinstance.py:341} INFO - ::group::Post task execution logs
[2025-03-20T13:55:07.355+0000] {standard_task_runner.py:124} ERROR - Failed to execute job 154 for task clean_and_load_to_silver_layer (Cannot execute: spark-submit --master spark://spark-master:7077 --files /opt/***/dags/fetch_and_clean_data.py --name arrow-spark --verbose --deploy-mode client /opt/***/dags/fetch_and_clean_data.py. Error code is: 1.; 136)
Traceback (most recent call last):
  File "/home/airflow/.local/lib/python3.12/site-packages/airflow/task/task_runner/standard_task_runner.py", line 117, in _start_by_fork
    ret = args.func(args, dag=self.dag)
          ^^^^^^^^^^^^^^^^^^^^^^^^^^^^^
  File "/home/airflow/.local/lib/python3.12/site-packages/airflow/cli/cli_config.py", line 49, in command
    return func(*args, **kwargs)
           ^^^^^^^^^^^^^^^^^^^^^
  File "/home/airflow/.local/lib/python3.12/site-packages/airflow/utils/cli.py", line 116, in wrapper
    return f(*args, **kwargs)
           ^^^^^^^^^^^^^^^^^^
  File "/home/airflow/.local/lib/python3.12/site-packages/airflow/cli/commands/task_command.py", line 483, in task_run
    task_return_code = _run_task_by_selected_method(args, _dag, ti)
                       ^^^^^^^^^^^^^^^^^^^^^^^^^^^^^^^^^^^^^^^^^^^^
  File "/home/airflow/.local/lib/python3.12/site-packages/airflow/cli/commands/task_command.py", line 256, in _run_task_by_selected_method
    return _run_raw_task(args, ti)
           ^^^^^^^^^^^^^^^^^^^^^^^
  File "/home/airflow/.local/lib/python3.12/site-packages/airflow/cli/commands/task_command.py", line 341, in _run_raw_task
    return ti._run_raw_task(
           ^^^^^^^^^^^^^^^^^
  File "/home/airflow/.local/lib/python3.12/site-packages/airflow/utils/session.py", line 97, in wrapper
    return func(*args, session=session, **kwargs)
           ^^^^^^^^^^^^^^^^^^^^^^^^^^^^^^^^^^^^^^
  File "/home/airflow/.local/lib/python3.12/site-packages/airflow/models/taskinstance.py", line 3006, in _run_raw_task
    return _run_raw_task(
           ^^^^^^^^^^^^^^
  File "/home/airflow/.local/lib/python3.12/site-packages/airflow/models/taskinstance.py", line 274, in _run_raw_task
    TaskInstance._execute_task_with_callbacks(
  File "/home/airflow/.local/lib/python3.12/site-packages/airflow/models/taskinstance.py", line 3161, in _execute_task_with_callbacks
    result = self._execute_task(context, task_orig)
             ^^^^^^^^^^^^^^^^^^^^^^^^^^^^^^^^^^^^^^
  File "/home/airflow/.local/lib/python3.12/site-packages/airflow/models/taskinstance.py", line 3185, in _execute_task
    return _execute_task(self, context, task_orig)
           ^^^^^^^^^^^^^^^^^^^^^^^^^^^^^^^^^^^^^^^
  File "/home/airflow/.local/lib/python3.12/site-packages/airflow/models/taskinstance.py", line 768, in _execute_task
    result = _execute_callable(context=context, **execute_callable_kwargs)
             ^^^^^^^^^^^^^^^^^^^^^^^^^^^^^^^^^^^^^^^^^^^^^^^^^^^^^^^^^^^^^
  File "/home/airflow/.local/lib/python3.12/site-packages/airflow/models/taskinstance.py", line 734, in _execute_callable
    return ExecutionCallableRunner(
           ^^^^^^^^^^^^^^^^^^^^^^^^
  File "/home/airflow/.local/lib/python3.12/site-packages/airflow/utils/operator_helpers.py", line 252, in run
    return self.func(*args, **kwargs)
           ^^^^^^^^^^^^^^^^^^^^^^^^^^
  File "/home/airflow/.local/lib/python3.12/site-packages/airflow/models/baseoperator.py", line 424, in wrapper
    return func(self, *args, **kwargs)
           ^^^^^^^^^^^^^^^^^^^^^^^^^^^
  File "/home/airflow/.local/lib/python3.12/site-packages/airflow/providers/apache/spark/operators/spark_submit.py", line 177, in execute
    self._hook.submit(self.application)
  File "/home/airflow/.local/lib/python3.12/site-packages/airflow/providers/apache/spark/hooks/spark_submit.py", line 567, in submit
    raise AirflowException(
airflow.exceptions.AirflowException: Cannot execute: spark-submit --master spark://spark-master:7077 --files /opt/***/dags/fetch_and_clean_data.py --name arrow-spark --verbose --deploy-mode client /opt/***/dags/fetch_and_clean_data.py. Error code is: 1.
[2025-03-20T13:55:07.432+0000] {local_task_job_runner.py:266} INFO - Task exited with return code 1
[2025-03-20T13:55:07.611+0000] {taskinstance.py:3901} INFO - 1 downstream tasks scheduled from follow-on schedule check
[2025-03-20T13:55:07.705+0000] {local_task_job_runner.py:245} INFO - ::endgroup::
