[2025-03-20T08:13:53.312+0000] {local_task_job_runner.py:123} INFO - ::group::Pre task execution logs
[2025-03-20T08:13:53.330+0000] {taskinstance.py:2614} INFO - Dependencies all met for dep_context=non-requeueable deps ti=<TaskInstance: ETL_breweries_list.start_pipeline manual__2025-03-20T08:13:20.727332+00:00 [queued]>
[2025-03-20T08:13:53.341+0000] {taskinstance.py:2614} INFO - Dependencies all met for dep_context=requeueable deps ti=<TaskInstance: ETL_breweries_list.start_pipeline manual__2025-03-20T08:13:20.727332+00:00 [queued]>
[2025-03-20T08:13:53.341+0000] {taskinstance.py:2867} INFO - Starting attempt 1 of 2
[2025-03-20T08:13:53.355+0000] {taskinstance.py:2890} INFO - Executing <Task(BashOperator): start_pipeline> on 2025-03-20 08:13:20.727332+00:00
[2025-03-20T08:13:53.369+0000] {warnings.py:112} WARNING - /home/***/.local/lib/python3.12/site-packages/***/task/task_runner/standard_task_runner.py:70: DeprecationWarning: This process (pid=534) is multi-threaded, use of fork() may lead to deadlocks in the child.
  pid = os.fork()

[2025-03-20T08:13:53.372+0000] {standard_task_runner.py:72} INFO - Started process 536 to run task
[2025-03-20T08:13:53.372+0000] {standard_task_runner.py:104} INFO - Running: ['***', 'tasks', 'run', 'ETL_breweries_list', 'start_pipeline', 'manual__2025-03-20T08:13:20.727332+00:00', '--job-id', '74', '--raw', '--subdir', 'DAGS_FOLDER/bronze_layer.py', '--cfg-path', '/tmp/tmprm29urub']
[2025-03-20T08:13:53.373+0000] {standard_task_runner.py:105} INFO - Job 74: Subtask start_pipeline
[2025-03-20T08:13:53.430+0000] {task_command.py:467} INFO - Running <TaskInstance: ETL_breweries_list.start_pipeline manual__2025-03-20T08:13:20.727332+00:00 [running]> on host b945a9f18e3e
[2025-03-20T08:13:53.643+0000] {taskinstance.py:3134} INFO - Exporting env vars: AIRFLOW_CTX_DAG_OWNER='***' AIRFLOW_CTX_DAG_ID='ETL_breweries_list' AIRFLOW_CTX_TASK_ID='start_pipeline' AIRFLOW_CTX_EXECUTION_DATE='2025-03-20T08:13:20.727332+00:00' AIRFLOW_CTX_TRY_NUMBER='1' AIRFLOW_CTX_DAG_RUN_ID='manual__2025-03-20T08:13:20.727332+00:00'
[2025-03-20T08:13:53.646+0000] {logging_mixin.py:190} INFO - Task instance is in running state
[2025-03-20T08:13:53.647+0000] {logging_mixin.py:190} INFO -  Previous state of the Task instance: queued
[2025-03-20T08:13:53.647+0000] {logging_mixin.py:190} INFO - Current task name:start_pipeline state:running start_date:2025-03-20 08:13:53.331206+00:00
[2025-03-20T08:13:53.648+0000] {logging_mixin.py:190} INFO - Dag name:ETL_breweries_list and current dag run status:running
[2025-03-20T08:13:53.648+0000] {taskinstance.py:732} INFO - ::endgroup::
[2025-03-20T08:13:53.653+0000] {subprocess.py:78} INFO - Tmp dir root location: /tmp
[2025-03-20T08:13:53.654+0000] {subprocess.py:88} INFO - Running command: ['/usr/bin/bash', '-c', 'echo "START PIPELINE"; sleep 15']
[2025-03-20T08:13:53.688+0000] {subprocess.py:99} INFO - Output:
[2025-03-20T08:13:53.710+0000] {subprocess.py:106} INFO - START PIPELINE
[2025-03-20T08:14:04.188+0000] {job.py:229} INFO - Heartbeat recovered after 10.96 seconds
[2025-03-20T08:14:08.731+0000] {subprocess.py:110} INFO - Command exited with return code 0
[2025-03-20T08:14:08.849+0000] {taskinstance.py:341} INFO - ::group::Post task execution logs
[2025-03-20T08:14:08.855+0000] {taskinstance.py:353} INFO - Marking task as SUCCESS. dag_id=ETL_breweries_list, task_id=start_pipeline, run_id=manual__2025-03-20T08:13:20.727332+00:00, execution_date=20250320T081320, start_date=20250320T081353, end_date=20250320T081408
[2025-03-20T08:14:09.003+0000] {logging_mixin.py:190} INFO - Task instance in success state
[2025-03-20T08:14:09.004+0000] {logging_mixin.py:190} INFO -  Previous state of the Task instance: running
[2025-03-20T08:14:09.005+0000] {logging_mixin.py:190} INFO - Dag name:ETL_breweries_list queued_at:2025-03-20 08:13:20.883977+00:00
[2025-03-20T08:14:09.005+0000] {logging_mixin.py:190} INFO - Task hostname:b945a9f18e3e operator:BashOperator
[2025-03-20T08:14:09.079+0000] {local_task_job_runner.py:266} INFO - Task exited with return code 0
[2025-03-20T08:14:09.177+0000] {local_task_job_runner.py:245} INFO - ::endgroup::
[2025-03-20T08:14:09.190+0000] {standard_task_runner.py:217} INFO - Process not found (most likely exited), stop collecting metrics
