[2025-03-20T06:10:37.612+0000] {local_task_job_runner.py:123} INFO - ::group::Pre task execution logs
[2025-03-20T06:10:37.639+0000] {taskinstance.py:2614} INFO - Dependencies all met for dep_context=non-requeueable deps ti=<TaskInstance: ETL_breweries_list.pipeline_end manual__2025-03-20T05:59:51.964090+00:00 [queued]>
[2025-03-20T06:10:37.786+0000] {taskinstance.py:2614} INFO - Dependencies all met for dep_context=requeueable deps ti=<TaskInstance: ETL_breweries_list.pipeline_end manual__2025-03-20T05:59:51.964090+00:00 [queued]>
[2025-03-20T06:10:37.786+0000] {taskinstance.py:2867} INFO - Starting attempt 1 of 2
[2025-03-20T06:10:37.800+0000] {taskinstance.py:2890} INFO - Executing <Task(BashOperator): pipeline_end> on 2025-03-20 05:59:51.964090+00:00
[2025-03-20T06:10:37.811+0000] {warnings.py:112} WARNING - /home/***/.local/lib/python3.12/site-packages/***/task/task_runner/standard_task_runner.py:70: DeprecationWarning: This process (pid=132) is multi-threaded, use of fork() may lead to deadlocks in the child.
  pid = os.fork()

[2025-03-20T06:10:37.813+0000] {standard_task_runner.py:72} INFO - Started process 134 to run task
[2025-03-20T06:10:37.814+0000] {standard_task_runner.py:104} INFO - Running: ['***', 'tasks', 'run', 'ETL_breweries_list', 'pipeline_end', 'manual__2025-03-20T05:59:51.964090+00:00', '--job-id', '57', '--raw', '--subdir', 'DAGS_FOLDER/bronze_layer.py', '--cfg-path', '/tmp/tmpcdf7jft7']
[2025-03-20T06:10:37.816+0000] {standard_task_runner.py:105} INFO - Job 57: Subtask pipeline_end
[2025-03-20T06:10:37.865+0000] {task_command.py:467} INFO - Running <TaskInstance: ETL_breweries_list.pipeline_end manual__2025-03-20T05:59:51.964090+00:00 [running]> on host da2db32bddfa
[2025-03-20T06:10:37.953+0000] {taskinstance.py:3134} INFO - Exporting env vars: AIRFLOW_CTX_DAG_OWNER='***' AIRFLOW_CTX_DAG_ID='ETL_breweries_list' AIRFLOW_CTX_TASK_ID='pipeline_end' AIRFLOW_CTX_EXECUTION_DATE='2025-03-20T05:59:51.964090+00:00' AIRFLOW_CTX_TRY_NUMBER='1' AIRFLOW_CTX_DAG_RUN_ID='manual__2025-03-20T05:59:51.964090+00:00'
[2025-03-20T06:10:37.955+0000] {logging_mixin.py:190} INFO - Task instance is in running state
[2025-03-20T06:10:37.955+0000] {logging_mixin.py:190} INFO -  Previous state of the Task instance: queued
[2025-03-20T06:10:37.955+0000] {logging_mixin.py:190} INFO - Current task name:pipeline_end state:running start_date:2025-03-20 06:10:37.639883+00:00
[2025-03-20T06:10:37.955+0000] {logging_mixin.py:190} INFO - Dag name:ETL_breweries_list and current dag run status:running
[2025-03-20T06:10:37.956+0000] {taskinstance.py:732} INFO - ::endgroup::
[2025-03-20T06:10:37.957+0000] {subprocess.py:78} INFO - Tmp dir root location: /tmp
[2025-03-20T06:10:37.957+0000] {subprocess.py:88} INFO - Running command: ['/usr/bin/bash', '-c', 'echo "PIPELINE ENDED"; sleep 15']
[2025-03-20T06:10:37.973+0000] {subprocess.py:99} INFO - Output:
[2025-03-20T06:10:37.975+0000] {subprocess.py:106} INFO - PIPELINE ENDED
[2025-03-20T06:10:52.977+0000] {subprocess.py:110} INFO - Command exited with return code 0
[2025-03-20T06:10:53.033+0000] {taskinstance.py:341} INFO - ::group::Post task execution logs
[2025-03-20T06:10:53.034+0000] {taskinstance.py:353} INFO - Marking task as SUCCESS. dag_id=ETL_breweries_list, task_id=pipeline_end, run_id=manual__2025-03-20T05:59:51.964090+00:00, execution_date=20250320T055951, start_date=20250320T061037, end_date=20250320T061053
[2025-03-20T06:10:53.100+0000] {logging_mixin.py:190} INFO - Task instance in success state
[2025-03-20T06:10:53.100+0000] {logging_mixin.py:190} INFO -  Previous state of the Task instance: running
[2025-03-20T06:10:53.101+0000] {logging_mixin.py:190} INFO - Dag name:ETL_breweries_list queued_at:2025-03-20 05:59:52.000814+00:00
[2025-03-20T06:10:53.101+0000] {logging_mixin.py:190} INFO - Task hostname:da2db32bddfa operator:BashOperator
[2025-03-20T06:10:53.132+0000] {local_task_job_runner.py:266} INFO - Task exited with return code 0
[2025-03-20T06:10:53.161+0000] {taskinstance.py:3901} INFO - 0 downstream tasks scheduled from follow-on schedule check
[2025-03-20T06:10:53.169+0000] {local_task_job_runner.py:245} INFO - ::endgroup::
