[2025-03-20T18:44:07.836+0000] {local_task_job_runner.py:123} INFO - ::group::Pre task execution logs
[2025-03-20T18:44:07.900+0000] {taskinstance.py:2614} INFO - Dependencies all met for dep_context=non-requeueable deps ti=<TaskInstance: ETL_breweries_list.clean_and_load_to_silver_layer manual__2025-03-20T18:42:52.444449+00:00 [queued]>
[2025-03-20T18:44:08.115+0000] {taskinstance.py:2614} INFO - Dependencies all met for dep_context=requeueable deps ti=<TaskInstance: ETL_breweries_list.clean_and_load_to_silver_layer manual__2025-03-20T18:42:52.444449+00:00 [queued]>
[2025-03-20T18:44:08.115+0000] {taskinstance.py:2867} INFO - Starting attempt 1 of 2
[2025-03-20T18:44:08.138+0000] {taskinstance.py:2890} INFO - Executing <Task(PythonOperator): clean_and_load_to_silver_layer> on 2025-03-20 18:42:52.444449+00:00
[2025-03-20T18:44:08.149+0000] {warnings.py:112} WARNING - /home/***/.local/lib/python3.12/site-packages/***/task/task_runner/standard_task_runner.py:70: DeprecationWarning: This process (pid=400) is multi-threaded, use of fork() may lead to deadlocks in the child.
  pid = os.fork()

[2025-03-20T18:44:08.150+0000] {standard_task_runner.py:72} INFO - Started process 402 to run task
[2025-03-20T18:44:08.151+0000] {standard_task_runner.py:104} INFO - Running: ['***', 'tasks', 'run', 'ETL_breweries_list', 'clean_and_load_to_silver_layer', 'manual__2025-03-20T18:42:52.444449+00:00', '--job-id', '195', '--raw', '--subdir', 'DAGS_FOLDER/breweries_list_etl.py', '--cfg-path', '/tmp/tmp6iw_o53_']
[2025-03-20T18:44:08.153+0000] {standard_task_runner.py:105} INFO - Job 195: Subtask clean_and_load_to_silver_layer
[2025-03-20T18:44:08.208+0000] {task_command.py:467} INFO - Running <TaskInstance: ETL_breweries_list.clean_and_load_to_silver_layer manual__2025-03-20T18:42:52.444449+00:00 [running]> on host d8a3cf37e739
[2025-03-20T18:44:08.312+0000] {taskinstance.py:3134} INFO - Exporting env vars: AIRFLOW_CTX_DAG_OWNER='***' AIRFLOW_CTX_DAG_ID='ETL_breweries_list' AIRFLOW_CTX_TASK_ID='clean_and_load_to_silver_layer' AIRFLOW_CTX_EXECUTION_DATE='2025-03-20T18:42:52.444449+00:00' AIRFLOW_CTX_TRY_NUMBER='1' AIRFLOW_CTX_DAG_RUN_ID='manual__2025-03-20T18:42:52.444449+00:00'
[2025-03-20T18:44:08.313+0000] {logging_mixin.py:190} INFO - Task instance is in running state
[2025-03-20T18:44:08.314+0000] {logging_mixin.py:190} INFO -  Previous state of the Task instance: queued
[2025-03-20T18:44:08.314+0000] {logging_mixin.py:190} INFO - Current task name:clean_and_load_to_silver_layer state:running start_date:2025-03-20 18:44:07.901462+00:00
[2025-03-20T18:44:08.315+0000] {logging_mixin.py:190} INFO - Dag name:ETL_breweries_list and current dag run status:running
[2025-03-20T18:44:08.315+0000] {taskinstance.py:732} INFO - ::endgroup::
[2025-03-20T18:44:08.354+0000] {breweries_list_etl.py:115} INFO - Data successfully read from bronze bucket
[2025-03-20T18:44:08.463+0000] {breweries_list_etl.py:153} INFO - Data saved successfully to silver/IRELAND/LAOIS/breweries.parquet
[2025-03-20T18:44:08.481+0000] {breweries_list_etl.py:153} INFO - Data saved successfully to silver/UNITED STATES/ARIZONA/breweries.parquet
[2025-03-20T18:44:08.520+0000] {breweries_list_etl.py:153} INFO - Data saved successfully to silver/UNITED STATES/CALIFORNIA/breweries.parquet
[2025-03-20T18:44:08.556+0000] {breweries_list_etl.py:153} INFO - Data saved successfully to silver/UNITED STATES/COLORADO/breweries.parquet
[2025-03-20T18:44:08.581+0000] {breweries_list_etl.py:153} INFO - Data saved successfully to silver/UNITED STATES/DELAWARE/breweries.parquet
[2025-03-20T18:44:08.605+0000] {breweries_list_etl.py:153} INFO - Data saved successfully to silver/UNITED STATES/IDAHO/breweries.parquet
[2025-03-20T18:44:08.625+0000] {breweries_list_etl.py:153} INFO - Data saved successfully to silver/UNITED STATES/ILLINOIS/breweries.parquet
[2025-03-20T18:44:08.651+0000] {breweries_list_etl.py:153} INFO - Data saved successfully to silver/UNITED STATES/INDIANA/breweries.parquet
[2025-03-20T18:44:08.670+0000] {breweries_list_etl.py:153} INFO - Data saved successfully to silver/UNITED STATES/IOWA/breweries.parquet
[2025-03-20T18:44:08.690+0000] {breweries_list_etl.py:153} INFO - Data saved successfully to silver/UNITED STATES/MARYLAND/breweries.parquet
[2025-03-20T18:44:08.708+0000] {breweries_list_etl.py:153} INFO - Data saved successfully to silver/UNITED STATES/MASSACHUSETTS/breweries.parquet
[2025-03-20T18:44:08.723+0000] {breweries_list_etl.py:153} INFO - Data saved successfully to silver/UNITED STATES/MICHIGAN/breweries.parquet
[2025-03-20T18:44:08.746+0000] {breweries_list_etl.py:153} INFO - Data saved successfully to silver/UNITED STATES/MINNESOTA/breweries.parquet
[2025-03-20T18:44:08.762+0000] {breweries_list_etl.py:153} INFO - Data saved successfully to silver/UNITED STATES/MISSISSIPPI/breweries.parquet
[2025-03-20T18:44:08.779+0000] {breweries_list_etl.py:153} INFO - Data saved successfully to silver/UNITED STATES/NEVADA/breweries.parquet
[2025-03-20T18:44:08.796+0000] {breweries_list_etl.py:153} INFO - Data saved successfully to silver/UNITED STATES/NEW YORK/breweries.parquet
[2025-03-20T18:44:08.814+0000] {breweries_list_etl.py:153} INFO - Data saved successfully to silver/UNITED STATES/NORTH CAROLINA/breweries.parquet
[2025-03-20T18:44:08.831+0000] {breweries_list_etl.py:153} INFO - Data saved successfully to silver/UNITED STATES/OHIO/breweries.parquet
[2025-03-20T18:44:08.850+0000] {breweries_list_etl.py:153} INFO - Data saved successfully to silver/UNITED STATES/OKLAHOMA/breweries.parquet
[2025-03-20T18:44:08.874+0000] {breweries_list_etl.py:153} INFO - Data saved successfully to silver/UNITED STATES/OREGON/breweries.parquet
[2025-03-20T18:44:08.912+0000] {breweries_list_etl.py:153} INFO - Data saved successfully to silver/UNITED STATES/PENNSYLVANIA/breweries.parquet
[2025-03-20T18:44:08.950+0000] {breweries_list_etl.py:153} INFO - Data saved successfully to silver/UNITED STATES/SOUTH CAROLINA/breweries.parquet
[2025-03-20T18:44:08.988+0000] {breweries_list_etl.py:153} INFO - Data saved successfully to silver/UNITED STATES/TEXAS/breweries.parquet
[2025-03-20T18:44:09.024+0000] {breweries_list_etl.py:153} INFO - Data saved successfully to silver/UNITED STATES/VERMONT/breweries.parquet
[2025-03-20T18:44:09.057+0000] {breweries_list_etl.py:153} INFO - Data saved successfully to silver/UNITED STATES/VIRGINIA/breweries.parquet
[2025-03-20T18:44:09.082+0000] {breweries_list_etl.py:153} INFO - Data saved successfully to silver/UNITED STATES/WASHINGTON/breweries.parquet
[2025-03-20T18:44:09.109+0000] {breweries_list_etl.py:153} INFO - Data saved successfully to silver/UNITED STATES/WISCONSIN/breweries.parquet
[2025-03-20T18:44:09.110+0000] {python.py:240} INFO - Done. Returned value was: None
[2025-03-20T18:44:09.123+0000] {taskinstance.py:341} INFO - ::group::Post task execution logs
[2025-03-20T18:44:09.124+0000] {taskinstance.py:353} INFO - Marking task as SUCCESS. dag_id=ETL_breweries_list, task_id=clean_and_load_to_silver_layer, run_id=manual__2025-03-20T18:42:52.444449+00:00, execution_date=20250320T184252, start_date=20250320T184407, end_date=20250320T184409
[2025-03-20T18:44:09.156+0000] {logging_mixin.py:190} INFO - Task instance in success state
[2025-03-20T18:44:09.156+0000] {logging_mixin.py:190} INFO -  Previous state of the Task instance: running
[2025-03-20T18:44:09.157+0000] {logging_mixin.py:190} INFO - Dag name:ETL_breweries_list queued_at:2025-03-20 18:42:52.727299+00:00
[2025-03-20T18:44:09.157+0000] {logging_mixin.py:190} INFO - Task hostname:d8a3cf37e739 operator:PythonOperator
[2025-03-20T18:44:09.210+0000] {local_task_job_runner.py:266} INFO - Task exited with return code 0
[2025-03-20T18:44:09.254+0000] {taskinstance.py:3901} INFO - 1 downstream tasks scheduled from follow-on schedule check
[2025-03-20T18:44:09.257+0000] {local_task_job_runner.py:245} INFO - ::endgroup::
