[2025-03-20T06:27:08.419+0000] {local_task_job_runner.py:123} INFO - ::group::Pre task execution logs
[2025-03-20T06:27:08.446+0000] {taskinstance.py:2614} INFO - Dependencies all met for dep_context=non-requeueable deps ti=<TaskInstance: ETL_breweries_list.pipeline_end manual__2025-03-20T06:23:27.061268+00:00 [queued]>
[2025-03-20T06:27:08.637+0000] {taskinstance.py:2614} INFO - Dependencies all met for dep_context=requeueable deps ti=<TaskInstance: ETL_breweries_list.pipeline_end manual__2025-03-20T06:23:27.061268+00:00 [queued]>
[2025-03-20T06:27:08.637+0000] {taskinstance.py:2867} INFO - Starting attempt 1 of 2
[2025-03-20T06:27:08.679+0000] {taskinstance.py:2890} INFO - Executing <Task(BashOperator): pipeline_end> on 2025-03-20 06:23:27.061268+00:00
[2025-03-20T06:27:08.695+0000] {warnings.py:112} WARNING - /home/***/.local/lib/python3.12/site-packages/***/task/task_runner/standard_task_runner.py:70: DeprecationWarning: This process (pid=158) is multi-threaded, use of fork() may lead to deadlocks in the child.
  pid = os.fork()

[2025-03-20T06:27:08.698+0000] {standard_task_runner.py:72} INFO - Started process 160 to run task
[2025-03-20T06:27:08.699+0000] {standard_task_runner.py:104} INFO - Running: ['***', 'tasks', 'run', 'ETL_breweries_list', 'pipeline_end', 'manual__2025-03-20T06:23:27.061268+00:00', '--job-id', '63', '--raw', '--subdir', 'DAGS_FOLDER/bronze_layer.py', '--cfg-path', '/tmp/tmpqqk2gusp']
[2025-03-20T06:27:08.701+0000] {standard_task_runner.py:105} INFO - Job 63: Subtask pipeline_end
[2025-03-20T06:27:08.782+0000] {task_command.py:467} INFO - Running <TaskInstance: ETL_breweries_list.pipeline_end manual__2025-03-20T06:23:27.061268+00:00 [running]> on host 0cd85f9e721c
[2025-03-20T06:27:08.945+0000] {taskinstance.py:3134} INFO - Exporting env vars: AIRFLOW_CTX_DAG_OWNER='***' AIRFLOW_CTX_DAG_ID='ETL_breweries_list' AIRFLOW_CTX_TASK_ID='pipeline_end' AIRFLOW_CTX_EXECUTION_DATE='2025-03-20T06:23:27.061268+00:00' AIRFLOW_CTX_TRY_NUMBER='1' AIRFLOW_CTX_DAG_RUN_ID='manual__2025-03-20T06:23:27.061268+00:00'
[2025-03-20T06:27:08.946+0000] {logging_mixin.py:190} INFO - Task instance is in running state
[2025-03-20T06:27:08.947+0000] {logging_mixin.py:190} INFO -  Previous state of the Task instance: queued
[2025-03-20T06:27:08.947+0000] {logging_mixin.py:190} INFO - Current task name:pipeline_end state:running start_date:2025-03-20 06:27:08.447147+00:00
[2025-03-20T06:27:08.947+0000] {logging_mixin.py:190} INFO - Dag name:ETL_breweries_list and current dag run status:running
[2025-03-20T06:27:08.948+0000] {taskinstance.py:732} INFO - ::endgroup::
[2025-03-20T06:27:08.949+0000] {subprocess.py:78} INFO - Tmp dir root location: /tmp
[2025-03-20T06:27:08.950+0000] {subprocess.py:88} INFO - Running command: ['/usr/bin/bash', '-c', 'echo "PIPELINE ENDED"; sleep 15']
[2025-03-20T06:27:08.972+0000] {subprocess.py:99} INFO - Output:
[2025-03-20T06:27:08.974+0000] {subprocess.py:106} INFO - PIPELINE ENDED
[2025-03-20T06:27:24.595+0000] {subprocess.py:110} INFO - Command exited with return code 0
[2025-03-20T06:27:24.633+0000] {taskinstance.py:341} INFO - ::group::Post task execution logs
[2025-03-20T06:27:24.634+0000] {taskinstance.py:353} INFO - Marking task as SUCCESS. dag_id=ETL_breweries_list, task_id=pipeline_end, run_id=manual__2025-03-20T06:23:27.061268+00:00, execution_date=20250320T062327, start_date=20250320T062708, end_date=20250320T062724
[2025-03-20T06:27:24.669+0000] {logging_mixin.py:190} INFO - Task instance in success state
[2025-03-20T06:27:24.669+0000] {logging_mixin.py:190} INFO -  Previous state of the Task instance: running
[2025-03-20T06:27:24.669+0000] {logging_mixin.py:190} INFO - Dag name:ETL_breweries_list queued_at:2025-03-20 06:23:27.134839+00:00
[2025-03-20T06:27:24.670+0000] {logging_mixin.py:190} INFO - Task hostname:0cd85f9e721c operator:BashOperator
[2025-03-20T06:27:24.706+0000] {local_task_job_runner.py:266} INFO - Task exited with return code 0
[2025-03-20T06:27:24.731+0000] {taskinstance.py:3901} INFO - 0 downstream tasks scheduled from follow-on schedule check
[2025-03-20T06:27:24.733+0000] {local_task_job_runner.py:245} INFO - ::endgroup::
