[2025-03-20T18:49:03.711+0000] {local_task_job_runner.py:123} INFO - ::group::Pre task execution logs
[2025-03-20T18:49:03.947+0000] {taskinstance.py:2614} INFO - Dependencies all met for dep_context=non-requeueable deps ti=<TaskInstance: ETL_breweries_list.watcher_task manual__2025-03-20T18:46:33.543938+00:00 [queued]>
[2025-03-20T18:49:04.351+0000] {taskinstance.py:2614} INFO - Dependencies all met for dep_context=requeueable deps ti=<TaskInstance: ETL_breweries_list.watcher_task manual__2025-03-20T18:46:33.543938+00:00 [queued]>
[2025-03-20T18:49:04.352+0000] {taskinstance.py:2867} INFO - Starting attempt 1 of 1
[2025-03-20T18:49:04.399+0000] {taskinstance.py:2890} INFO - Executing <Task(PythonOperator): watcher_task> on 2025-03-20 18:46:33.543938+00:00
[2025-03-20T18:49:04.419+0000] {warnings.py:112} WARNING - /home/***/.local/lib/python3.12/site-packages/***/task/task_runner/standard_task_runner.py:70: DeprecationWarning: This process (pid=504) is multi-threaded, use of fork() may lead to deadlocks in the child.
  pid = os.fork()

[2025-03-20T18:49:04.423+0000] {standard_task_runner.py:72} INFO - Started process 506 to run task
[2025-03-20T18:49:04.437+0000] {standard_task_runner.py:104} INFO - Running: ['***', 'tasks', 'run', 'ETL_breweries_list', 'watcher_task', 'manual__2025-03-20T18:46:33.543938+00:00', '--job-id', '204', '--raw', '--subdir', 'DAGS_FOLDER/breweries_list_etl.py', '--cfg-path', '/tmp/tmplacmr2__']
[2025-03-20T18:49:04.441+0000] {standard_task_runner.py:105} INFO - Job 204: Subtask watcher_task
[2025-03-20T18:49:04.619+0000] {task_command.py:467} INFO - Running <TaskInstance: ETL_breweries_list.watcher_task manual__2025-03-20T18:46:33.543938+00:00 [running]> on host d8a3cf37e739
[2025-03-20T18:49:04.900+0000] {taskinstance.py:3134} INFO - Exporting env vars: AIRFLOW_CTX_DAG_OWNER='***' AIRFLOW_CTX_DAG_ID='ETL_breweries_list' AIRFLOW_CTX_TASK_ID='watcher_task' AIRFLOW_CTX_EXECUTION_DATE='2025-03-20T18:46:33.543938+00:00' AIRFLOW_CTX_TRY_NUMBER='1' AIRFLOW_CTX_DAG_RUN_ID='manual__2025-03-20T18:46:33.543938+00:00'
[2025-03-20T18:49:04.903+0000] {logging_mixin.py:190} INFO - Task instance is in running state
[2025-03-20T18:49:04.903+0000] {logging_mixin.py:190} INFO -  Previous state of the Task instance: queued
[2025-03-20T18:49:04.904+0000] {logging_mixin.py:190} INFO - Current task name:watcher_task state:running start_date:2025-03-20 18:49:03.947809+00:00
[2025-03-20T18:49:04.904+0000] {logging_mixin.py:190} INFO - Dag name:ETL_breweries_list and current dag run status:running
[2025-03-20T18:49:04.905+0000] {taskinstance.py:732} INFO - ::endgroup::
[2025-03-20T18:49:04.973+0000] {breweries_list_etl.py:220} INFO - All tasks ran successfully!
[2025-03-20T18:49:04.974+0000] {python.py:240} INFO - Done. Returned value was: None
[2025-03-20T18:49:04.999+0000] {taskinstance.py:341} INFO - ::group::Post task execution logs
[2025-03-20T18:49:05.002+0000] {taskinstance.py:353} INFO - Marking task as SUCCESS. dag_id=ETL_breweries_list, task_id=watcher_task, run_id=manual__2025-03-20T18:46:33.543938+00:00, execution_date=20250320T184633, start_date=20250320T184903, end_date=20250320T184905
[2025-03-20T18:49:05.121+0000] {logging_mixin.py:190} INFO - Task instance in success state
[2025-03-20T18:49:05.127+0000] {logging_mixin.py:190} INFO -  Previous state of the Task instance: running
[2025-03-20T18:49:05.128+0000] {logging_mixin.py:190} INFO - Dag name:ETL_breweries_list queued_at:2025-03-20 18:46:36.587642+00:00
[2025-03-20T18:49:05.129+0000] {logging_mixin.py:190} INFO - Task hostname:d8a3cf37e739 operator:PythonOperator
[2025-03-20T18:49:05.167+0000] {local_task_job_runner.py:266} INFO - Task exited with return code 0
[2025-03-20T18:49:05.285+0000] {taskinstance.py:3901} INFO - 1 downstream tasks scheduled from follow-on schedule check
[2025-03-20T18:49:05.292+0000] {local_task_job_runner.py:245} INFO - ::endgroup::
