[2025-03-20T16:03:49.875+0000] {local_task_job_runner.py:123} INFO - ::group::Pre task execution logs
[2025-03-20T16:03:49.968+0000] {taskinstance.py:2614} INFO - Dependencies all met for dep_context=non-requeueable deps ti=<TaskInstance: ETL_breweries_list.extract_from_api manual__2025-03-20T16:02:12.641298+00:00 [queued]>
[2025-03-20T16:03:50.016+0000] {taskinstance.py:2614} INFO - Dependencies all met for dep_context=requeueable deps ti=<TaskInstance: ETL_breweries_list.extract_from_api manual__2025-03-20T16:02:12.641298+00:00 [queued]>
[2025-03-20T16:03:50.018+0000] {taskinstance.py:2867} INFO - Starting attempt 1 of 2
[2025-03-20T16:03:50.080+0000] {taskinstance.py:2890} INFO - Executing <Task(PythonOperator): extract_from_api> on 2025-03-20 16:02:12.641298+00:00
[2025-03-20T16:03:50.096+0000] {warnings.py:112} WARNING - /home/***/.local/lib/python3.12/site-packages/***/task/task_runner/standard_task_runner.py:70: DeprecationWarning: This process (pid=435) is multi-threaded, use of fork() may lead to deadlocks in the child.
  pid = os.fork()

[2025-03-20T16:03:50.100+0000] {standard_task_runner.py:72} INFO - Started process 444 to run task
[2025-03-20T16:03:50.101+0000] {standard_task_runner.py:104} INFO - Running: ['***', 'tasks', 'run', 'ETL_breweries_list', 'extract_from_api', 'manual__2025-03-20T16:02:12.641298+00:00', '--job-id', '159', '--raw', '--subdir', 'DAGS_FOLDER/breweries_list_etl.py', '--cfg-path', '/tmp/tmp_alhmuya']
[2025-03-20T16:03:50.103+0000] {standard_task_runner.py:105} INFO - Job 159: Subtask extract_from_api
[2025-03-20T16:03:50.265+0000] {task_command.py:467} INFO - Running <TaskInstance: ETL_breweries_list.extract_from_api manual__2025-03-20T16:02:12.641298+00:00 [running]> on host adee468dd389
[2025-03-20T16:03:50.762+0000] {taskinstance.py:3134} INFO - Exporting env vars: AIRFLOW_CTX_DAG_OWNER='***' AIRFLOW_CTX_DAG_ID='ETL_breweries_list' AIRFLOW_CTX_TASK_ID='extract_from_api' AIRFLOW_CTX_EXECUTION_DATE='2025-03-20T16:02:12.641298+00:00' AIRFLOW_CTX_TRY_NUMBER='1' AIRFLOW_CTX_DAG_RUN_ID='manual__2025-03-20T16:02:12.641298+00:00'
[2025-03-20T16:03:50.764+0000] {logging_mixin.py:190} INFO - Task instance is in running state
[2025-03-20T16:03:50.775+0000] {logging_mixin.py:190} INFO -  Previous state of the Task instance: queued
[2025-03-20T16:03:50.776+0000] {logging_mixin.py:190} INFO - Current task name:extract_from_api state:running start_date:2025-03-20 16:03:49.969699+00:00
[2025-03-20T16:03:50.777+0000] {logging_mixin.py:190} INFO - Dag name:ETL_breweries_list and current dag run status:running
[2025-03-20T16:03:50.777+0000] {taskinstance.py:732} INFO - ::endgroup::
[2025-03-20T16:03:51.212+0000] {breweries_list_etl.py:41} INFO - Breweries list is not empty (SUCCESS)!
[2025-03-20T16:03:51.261+0000] {breweries_list_etl.py:46} INFO - 
Number of breweries: id                50
name              50
brewery_type      50
address_1         47
address_2          1
address_3          0
city              50
state_province    50
postal_code       50
country           50
longitude         40
latitude          40
phone             45
website_url       39
state             50
street            47
dtype: int64
[2025-03-20T16:03:51.923+0000] {python.py:240} INFO - Done. Returned value was: None
[2025-03-20T16:03:51.967+0000] {taskinstance.py:341} INFO - ::group::Post task execution logs
[2025-03-20T16:03:51.968+0000] {taskinstance.py:353} INFO - Marking task as SUCCESS. dag_id=ETL_breweries_list, task_id=extract_from_api, run_id=manual__2025-03-20T16:02:12.641298+00:00, execution_date=20250320T160212, start_date=20250320T160349, end_date=20250320T160351
[2025-03-20T16:03:52.073+0000] {logging_mixin.py:190} INFO - Task instance in success state
[2025-03-20T16:03:52.073+0000] {logging_mixin.py:190} INFO -  Previous state of the Task instance: running
[2025-03-20T16:03:52.074+0000] {logging_mixin.py:190} INFO - Dag name:ETL_breweries_list queued_at:2025-03-20 16:02:12.819374+00:00
[2025-03-20T16:03:52.074+0000] {logging_mixin.py:190} INFO - Task hostname:adee468dd389 operator:PythonOperator
[2025-03-20T16:03:52.135+0000] {local_task_job_runner.py:266} INFO - Task exited with return code 0
[2025-03-20T16:03:52.236+0000] {taskinstance.py:3901} INFO - 1 downstream tasks scheduled from follow-on schedule check
[2025-03-20T16:03:52.250+0000] {local_task_job_runner.py:245} INFO - ::endgroup::
