[2025-03-20T21:53:36.914+0000] {local_task_job_runner.py:123} INFO - ::group::Pre task execution logs
[2025-03-20T21:53:36.972+0000] {taskinstance.py:2614} INFO - Dependencies all met for dep_context=non-requeueable deps ti=<TaskInstance: ETL_breweries_list.create_view_and_load_to_gold manual__2025-03-20T21:51:54.624451+00:00 [queued]>
[2025-03-20T21:53:36.989+0000] {taskinstance.py:2614} INFO - Dependencies all met for dep_context=requeueable deps ti=<TaskInstance: ETL_breweries_list.create_view_and_load_to_gold manual__2025-03-20T21:51:54.624451+00:00 [queued]>
[2025-03-20T21:53:36.990+0000] {taskinstance.py:2867} INFO - Starting attempt 1 of 2
[2025-03-20T21:53:37.020+0000] {taskinstance.py:2890} INFO - Executing <Task(PythonOperator): create_view_and_load_to_gold> on 2025-03-20 21:51:54.624451+00:00
[2025-03-20T21:53:37.036+0000] {standard_task_runner.py:104} INFO - Running: ['***', 'tasks', 'run', 'ETL_breweries_list', 'create_view_and_load_to_gold', 'manual__2025-03-20T21:51:54.624451+00:00', '--job-id', '243', '--raw', '--subdir', 'DAGS_FOLDER/breweries_list_etl.py', '--cfg-path', '/tmp/tmps7eotfut']
[2025-03-20T21:53:37.032+0000] {warnings.py:112} WARNING - /home/***/.local/lib/python3.12/site-packages/***/task/task_runner/standard_task_runner.py:70: DeprecationWarning: This process (pid=311) is multi-threaded, use of fork() may lead to deadlocks in the child.
  pid = os.fork()

[2025-03-20T21:53:37.039+0000] {standard_task_runner.py:105} INFO - Job 243: Subtask create_view_and_load_to_gold
[2025-03-20T21:53:37.040+0000] {standard_task_runner.py:72} INFO - Started process 313 to run task
[2025-03-20T21:53:37.760+0000] {task_command.py:467} INFO - Running <TaskInstance: ETL_breweries_list.create_view_and_load_to_gold manual__2025-03-20T21:51:54.624451+00:00 [running]> on host 5414e2764892
[2025-03-20T21:53:38.901+0000] {taskinstance.py:3134} INFO - Exporting env vars: AIRFLOW_CTX_DAG_OWNER='***' AIRFLOW_CTX_DAG_ID='ETL_breweries_list' AIRFLOW_CTX_TASK_ID='create_view_and_load_to_gold' AIRFLOW_CTX_EXECUTION_DATE='2025-03-20T21:51:54.624451+00:00' AIRFLOW_CTX_TRY_NUMBER='1' AIRFLOW_CTX_DAG_RUN_ID='manual__2025-03-20T21:51:54.624451+00:00'
[2025-03-20T21:53:38.908+0000] {logging_mixin.py:190} INFO - Task instance is in running state
[2025-03-20T21:53:38.908+0000] {logging_mixin.py:190} INFO -  Previous state of the Task instance: queued
[2025-03-20T21:53:38.909+0000] {logging_mixin.py:190} INFO - Current task name:create_view_and_load_to_gold state:running start_date:2025-03-20 21:53:36.973205+00:00
[2025-03-20T21:53:38.909+0000] {logging_mixin.py:190} INFO - Dag name:ETL_breweries_list and current dag run status:running
[2025-03-20T21:53:38.931+0000] {taskinstance.py:732} INFO - ::endgroup::
[2025-03-20T21:53:46.282+0000] {breweries_list_etl.py:175} INFO - Fetched silver/IRELAND/LAOIS/breweries.parquet
[2025-03-20T21:53:46.338+0000] {breweries_list_etl.py:175} INFO - Fetched silver/UNITED STATES/ARIZONA/breweries.parquet
[2025-03-20T21:53:46.374+0000] {breweries_list_etl.py:175} INFO - Fetched silver/UNITED STATES/CALIFORNIA/breweries.parquet
[2025-03-20T21:53:46.398+0000] {breweries_list_etl.py:175} INFO - Fetched silver/UNITED STATES/COLORADO/breweries.parquet
[2025-03-20T21:53:46.447+0000] {breweries_list_etl.py:175} INFO - Fetched silver/UNITED STATES/DELAWARE/breweries.parquet
[2025-03-20T21:53:46.478+0000] {breweries_list_etl.py:175} INFO - Fetched silver/UNITED STATES/IDAHO/breweries.parquet
[2025-03-20T21:53:46.496+0000] {breweries_list_etl.py:175} INFO - Fetched silver/UNITED STATES/ILLINOIS/breweries.parquet
[2025-03-20T21:53:46.526+0000] {breweries_list_etl.py:175} INFO - Fetched silver/UNITED STATES/INDIANA/breweries.parquet
[2025-03-20T21:53:46.548+0000] {breweries_list_etl.py:175} INFO - Fetched silver/UNITED STATES/IOWA/breweries.parquet
[2025-03-20T21:53:46.573+0000] {breweries_list_etl.py:175} INFO - Fetched silver/UNITED STATES/MARYLAND/breweries.parquet
[2025-03-20T21:53:46.592+0000] {breweries_list_etl.py:175} INFO - Fetched silver/UNITED STATES/MASSACHUSETTS/breweries.parquet
[2025-03-20T21:53:46.617+0000] {breweries_list_etl.py:175} INFO - Fetched silver/UNITED STATES/MICHIGAN/breweries.parquet
[2025-03-20T21:53:46.658+0000] {breweries_list_etl.py:175} INFO - Fetched silver/UNITED STATES/MINNESOTA/breweries.parquet
[2025-03-20T21:53:46.675+0000] {breweries_list_etl.py:175} INFO - Fetched silver/UNITED STATES/MISSISSIPPI/breweries.parquet
[2025-03-20T21:53:46.698+0000] {breweries_list_etl.py:175} INFO - Fetched silver/UNITED STATES/NEVADA/breweries.parquet
[2025-03-20T21:53:46.730+0000] {breweries_list_etl.py:175} INFO - Fetched silver/UNITED STATES/NEW YORK/breweries.parquet
[2025-03-20T21:53:46.761+0000] {breweries_list_etl.py:175} INFO - Fetched silver/UNITED STATES/NORTH CAROLINA/breweries.parquet
[2025-03-20T21:53:46.797+0000] {breweries_list_etl.py:175} INFO - Fetched silver/UNITED STATES/OHIO/breweries.parquet
[2025-03-20T21:53:46.910+0000] {breweries_list_etl.py:175} INFO - Fetched silver/UNITED STATES/OKLAHOMA/breweries.parquet
[2025-03-20T21:53:47.161+0000] {breweries_list_etl.py:175} INFO - Fetched silver/UNITED STATES/OREGON/breweries.parquet
[2025-03-20T21:53:47.415+0000] {breweries_list_etl.py:175} INFO - Fetched silver/UNITED STATES/PENNSYLVANIA/breweries.parquet
[2025-03-20T21:53:47.550+0000] {breweries_list_etl.py:175} INFO - Fetched silver/UNITED STATES/SOUTH CAROLINA/breweries.parquet
[2025-03-20T21:53:47.614+0000] {breweries_list_etl.py:175} INFO - Fetched silver/UNITED STATES/TEXAS/breweries.parquet
[2025-03-20T21:53:47.932+0000] {breweries_list_etl.py:175} INFO - Fetched silver/UNITED STATES/VERMONT/breweries.parquet
[2025-03-20T21:53:48.011+0000] {breweries_list_etl.py:175} INFO - Fetched silver/UNITED STATES/VIRGINIA/breweries.parquet
[2025-03-20T21:53:48.299+0000] {breweries_list_etl.py:175} INFO - Fetched silver/UNITED STATES/WASHINGTON/breweries.parquet
[2025-03-20T21:53:48.384+0000] {breweries_list_etl.py:175} INFO - Fetched silver/UNITED STATES/WISCONSIN/breweries.parquet
[2025-03-20T21:53:48.684+0000] {breweries_list_etl.py:204} INFO - Aggregated view successfully saved to view_aggregated_breweries.parquet
[2025-03-20T21:53:49.024+0000] {python.py:240} INFO - Done. Returned value was: None
[2025-03-20T21:53:49.185+0000] {taskinstance.py:341} INFO - ::group::Post task execution logs
[2025-03-20T21:53:49.189+0000] {taskinstance.py:353} INFO - Marking task as SUCCESS. dag_id=ETL_breweries_list, task_id=create_view_and_load_to_gold, run_id=manual__2025-03-20T21:51:54.624451+00:00, execution_date=20250320T215154, start_date=20250320T215336, end_date=20250320T215349
[2025-03-20T21:53:50.091+0000] {logging_mixin.py:190} INFO - Task instance in success state
[2025-03-20T21:53:50.097+0000] {logging_mixin.py:190} INFO -  Previous state of the Task instance: running
[2025-03-20T21:53:50.098+0000] {logging_mixin.py:190} INFO - Dag name:ETL_breweries_list queued_at:2025-03-20 21:51:54.950966+00:00
[2025-03-20T21:53:50.098+0000] {logging_mixin.py:190} INFO - Task hostname:5414e2764892 operator:PythonOperator
[2025-03-20T21:53:50.166+0000] {local_task_job_runner.py:266} INFO - Task exited with return code 0
[2025-03-20T21:53:50.259+0000] {taskinstance.py:3901} INFO - 1 downstream tasks scheduled from follow-on schedule check
[2025-03-20T21:53:50.277+0000] {local_task_job_runner.py:245} INFO - ::endgroup::
