[2025-03-20T03:32:56.451+0000] {local_task_job_runner.py:123} INFO - ::group::Pre task execution logs
[2025-03-20T03:32:56.472+0000] {taskinstance.py:2614} INFO - Dependencies all met for dep_context=non-requeueable deps ti=<TaskInstance: ETL_breweries_list.start_pipeline manual__2025-03-20T03:32:53.816873+00:00 [queued]>
[2025-03-20T03:32:56.481+0000] {taskinstance.py:2614} INFO - Dependencies all met for dep_context=requeueable deps ti=<TaskInstance: ETL_breweries_list.start_pipeline manual__2025-03-20T03:32:53.816873+00:00 [queued]>
[2025-03-20T03:32:56.482+0000] {taskinstance.py:2867} INFO - Starting attempt 1 of 2
[2025-03-20T03:32:56.682+0000] {taskinstance.py:2890} INFO - Executing <Task(BashOperator): start_pipeline> on 2025-03-20 03:32:53.816873+00:00
[2025-03-20T03:32:56.693+0000] {warnings.py:112} WARNING - /home/***/.local/lib/python3.12/site-packages/***/task/task_runner/standard_task_runner.py:70: DeprecationWarning: This process (pid=641) is multi-threaded, use of fork() may lead to deadlocks in the child.
  pid = os.fork()

[2025-03-20T03:32:56.695+0000] {standard_task_runner.py:72} INFO - Started process 643 to run task
[2025-03-20T03:32:56.695+0000] {standard_task_runner.py:104} INFO - Running: ['***', 'tasks', 'run', 'ETL_breweries_list', 'start_pipeline', 'manual__2025-03-20T03:32:53.816873+00:00', '--job-id', '31', '--raw', '--subdir', 'DAGS_FOLDER/bronze_layer.py', '--cfg-path', '/tmp/tmpq22n5m_g']
[2025-03-20T03:32:56.696+0000] {standard_task_runner.py:105} INFO - Job 31: Subtask start_pipeline
[2025-03-20T03:32:56.753+0000] {task_command.py:467} INFO - Running <TaskInstance: ETL_breweries_list.start_pipeline manual__2025-03-20T03:32:53.816873+00:00 [running]> on host d760444a6a5e
[2025-03-20T03:32:56.857+0000] {taskinstance.py:3134} INFO - Exporting env vars: AIRFLOW_CTX_DAG_OWNER='***' AIRFLOW_CTX_DAG_ID='ETL_breweries_list' AIRFLOW_CTX_TASK_ID='start_pipeline' AIRFLOW_CTX_EXECUTION_DATE='2025-03-20T03:32:53.816873+00:00' AIRFLOW_CTX_TRY_NUMBER='1' AIRFLOW_CTX_DAG_RUN_ID='manual__2025-03-20T03:32:53.816873+00:00'
[2025-03-20T03:32:56.858+0000] {logging_mixin.py:190} INFO - Task instance is in running state
[2025-03-20T03:32:56.858+0000] {logging_mixin.py:190} INFO -  Previous state of the Task instance: queued
[2025-03-20T03:32:56.859+0000] {logging_mixin.py:190} INFO - Current task name:start_pipeline state:running start_date:2025-03-20 03:32:56.473366+00:00
[2025-03-20T03:32:56.859+0000] {logging_mixin.py:190} INFO - Dag name:ETL_breweries_list and current dag run status:running
[2025-03-20T03:32:56.859+0000] {taskinstance.py:732} INFO - ::endgroup::
[2025-03-20T03:32:56.862+0000] {subprocess.py:78} INFO - Tmp dir root location: /tmp
[2025-03-20T03:32:56.864+0000] {subprocess.py:88} INFO - Running command: ['/usr/bin/bash', '-c', 'echo "START PIPELINE"; sleep 15']
[2025-03-20T03:32:56.881+0000] {subprocess.py:99} INFO - Output:
[2025-03-20T03:32:56.883+0000] {subprocess.py:106} INFO - START PIPELINE
[2025-03-20T03:33:11.885+0000] {subprocess.py:110} INFO - Command exited with return code 0
[2025-03-20T03:33:11.944+0000] {taskinstance.py:341} INFO - ::group::Post task execution logs
[2025-03-20T03:33:11.944+0000] {taskinstance.py:353} INFO - Marking task as SUCCESS. dag_id=ETL_breweries_list, task_id=start_pipeline, run_id=manual__2025-03-20T03:32:53.816873+00:00, execution_date=20250320T033253, start_date=20250320T033256, end_date=20250320T033311
[2025-03-20T03:33:12.026+0000] {logging_mixin.py:190} INFO - Task instance in success state
[2025-03-20T03:33:12.026+0000] {logging_mixin.py:190} INFO -  Previous state of the Task instance: running
[2025-03-20T03:33:12.027+0000] {logging_mixin.py:190} INFO - Dag name:ETL_breweries_list queued_at:2025-03-20 03:32:53.833711+00:00
[2025-03-20T03:33:12.027+0000] {logging_mixin.py:190} INFO - Task hostname:d760444a6a5e operator:BashOperator
[2025-03-20T03:33:12.059+0000] {local_task_job_runner.py:266} INFO - Task exited with return code 0
[2025-03-20T03:33:12.115+0000] {taskinstance.py:3901} INFO - 1 downstream tasks scheduled from follow-on schedule check
[2025-03-20T03:33:12.126+0000] {local_task_job_runner.py:245} INFO - ::endgroup::
