[2025-03-20T19:01:33.793+0000] {local_task_job_runner.py:123} INFO - ::group::Pre task execution logs
[2025-03-20T19:01:33.812+0000] {taskinstance.py:2614} INFO - Dependencies all met for dep_context=non-requeueable deps ti=<TaskInstance: ETL_breweries_list.start_pipeline manual__2025-03-20T19:01:01.189539+00:00 [queued]>
[2025-03-20T19:01:33.823+0000] {taskinstance.py:2614} INFO - Dependencies all met for dep_context=requeueable deps ti=<TaskInstance: ETL_breweries_list.start_pipeline manual__2025-03-20T19:01:01.189539+00:00 [queued]>
[2025-03-20T19:01:33.823+0000] {taskinstance.py:2867} INFO - Starting attempt 1 of 2
[2025-03-20T19:01:34.063+0000] {taskinstance.py:2890} INFO - Executing <Task(BashOperator): start_pipeline> on 2025-03-20 19:01:01.189539+00:00
[2025-03-20T19:01:34.078+0000] {warnings.py:112} WARNING - /home/***/.local/lib/python3.12/site-packages/***/task/task_runner/standard_task_runner.py:70: DeprecationWarning: This process (pid=661) is multi-threaded, use of fork() may lead to deadlocks in the child.
  pid = os.fork()

[2025-03-20T19:01:34.080+0000] {standard_task_runner.py:72} INFO - Started process 663 to run task
[2025-03-20T19:01:34.081+0000] {standard_task_runner.py:104} INFO - Running: ['***', 'tasks', 'run', 'ETL_breweries_list', 'start_pipeline', 'manual__2025-03-20T19:01:01.189539+00:00', '--job-id', '206', '--raw', '--subdir', 'DAGS_FOLDER/breweries_list_etl.py', '--cfg-path', '/tmp/tmpsivboglh']
[2025-03-20T19:01:34.082+0000] {standard_task_runner.py:105} INFO - Job 206: Subtask start_pipeline
[2025-03-20T19:01:34.162+0000] {task_command.py:467} INFO - Running <TaskInstance: ETL_breweries_list.start_pipeline manual__2025-03-20T19:01:01.189539+00:00 [running]> on host d8a3cf37e739
[2025-03-20T19:01:34.296+0000] {taskinstance.py:3134} INFO - Exporting env vars: AIRFLOW_CTX_DAG_OWNER='***' AIRFLOW_CTX_DAG_ID='ETL_breweries_list' AIRFLOW_CTX_TASK_ID='start_pipeline' AIRFLOW_CTX_EXECUTION_DATE='2025-03-20T19:01:01.189539+00:00' AIRFLOW_CTX_TRY_NUMBER='1' AIRFLOW_CTX_DAG_RUN_ID='manual__2025-03-20T19:01:01.189539+00:00'
[2025-03-20T19:01:34.297+0000] {logging_mixin.py:190} INFO - Task instance is in running state
[2025-03-20T19:01:34.297+0000] {logging_mixin.py:190} INFO -  Previous state of the Task instance: queued
[2025-03-20T19:01:34.298+0000] {logging_mixin.py:190} INFO - Current task name:start_pipeline state:running start_date:2025-03-20 19:01:33.812965+00:00
[2025-03-20T19:01:34.298+0000] {logging_mixin.py:190} INFO - Dag name:ETL_breweries_list and current dag run status:running
[2025-03-20T19:01:34.298+0000] {taskinstance.py:732} INFO - ::endgroup::
[2025-03-20T19:01:34.299+0000] {subprocess.py:78} INFO - Tmp dir root location: /tmp
[2025-03-20T19:01:34.300+0000] {subprocess.py:88} INFO - Running command: ['/usr/bin/bash', '-c', 'echo "START PIPELINE"; sleep 15']
[2025-03-20T19:01:34.332+0000] {subprocess.py:99} INFO - Output:
[2025-03-20T19:01:34.359+0000] {subprocess.py:106} INFO - START PIPELINE
[2025-03-20T19:01:48.807+0000] {job.py:229} INFO - Heartbeat recovered after 15.10 seconds
[2025-03-20T19:01:52.434+0000] {subprocess.py:110} INFO - Command exited with return code 0
[2025-03-20T19:01:53.316+0000] {taskinstance.py:341} INFO - ::group::Post task execution logs
[2025-03-20T19:01:53.317+0000] {taskinstance.py:353} INFO - Marking task as SUCCESS. dag_id=ETL_breweries_list, task_id=start_pipeline, run_id=manual__2025-03-20T19:01:01.189539+00:00, execution_date=20250320T190101, start_date=20250320T190133, end_date=20250320T190153
[2025-03-20T19:01:53.523+0000] {logging_mixin.py:190} INFO - Task instance in success state
[2025-03-20T19:01:53.524+0000] {logging_mixin.py:190} INFO -  Previous state of the Task instance: running
[2025-03-20T19:01:53.533+0000] {logging_mixin.py:190} INFO - Dag name:ETL_breweries_list queued_at:2025-03-20 19:01:03.376328+00:00
[2025-03-20T19:01:53.534+0000] {logging_mixin.py:190} INFO - Task hostname:d8a3cf37e739 operator:BashOperator
[2025-03-20T19:01:53.632+0000] {local_task_job_runner.py:266} INFO - Task exited with return code 0
[2025-03-20T19:01:53.718+0000] {local_task_job_runner.py:245} INFO - ::endgroup::
