[2025-03-20T18:36:47.005+0000] {local_task_job_runner.py:123} INFO - ::group::Pre task execution logs
[2025-03-20T18:36:47.174+0000] {taskinstance.py:2614} INFO - Dependencies all met for dep_context=non-requeueable deps ti=<TaskInstance: ETL_breweries_list.extract_from_api manual__2025-03-20T18:34:35.507261+00:00 [queued]>
[2025-03-20T18:36:47.687+0000] {taskinstance.py:2614} INFO - Dependencies all met for dep_context=requeueable deps ti=<TaskInstance: ETL_breweries_list.extract_from_api manual__2025-03-20T18:34:35.507261+00:00 [queued]>
[2025-03-20T18:36:47.688+0000] {taskinstance.py:2867} INFO - Starting attempt 1 of 2
[2025-03-20T18:36:47.737+0000] {taskinstance.py:2890} INFO - Executing <Task(PythonOperator): extract_from_api> on 2025-03-20 18:34:35.507261+00:00
[2025-03-20T18:36:47.751+0000] {warnings.py:112} WARNING - /home/***/.local/lib/python3.12/site-packages/***/task/task_runner/standard_task_runner.py:70: DeprecationWarning: This process (pid=264) is multi-threaded, use of fork() may lead to deadlocks in the child.
  pid = os.fork()

[2025-03-20T18:36:47.754+0000] {standard_task_runner.py:72} INFO - Started process 273 to run task
[2025-03-20T18:36:47.761+0000] {standard_task_runner.py:104} INFO - Running: ['***', 'tasks', 'run', 'ETL_breweries_list', 'extract_from_api', 'manual__2025-03-20T18:34:35.507261+00:00', '--job-id', '186', '--raw', '--subdir', 'DAGS_FOLDER/breweries_list_etl.py', '--cfg-path', '/tmp/tmpz0ioj30i']
[2025-03-20T18:36:47.763+0000] {standard_task_runner.py:105} INFO - Job 186: Subtask extract_from_api
[2025-03-20T18:36:48.018+0000] {task_command.py:467} INFO - Running <TaskInstance: ETL_breweries_list.extract_from_api manual__2025-03-20T18:34:35.507261+00:00 [running]> on host d8a3cf37e739
[2025-03-20T18:36:48.465+0000] {taskinstance.py:3134} INFO - Exporting env vars: AIRFLOW_CTX_DAG_OWNER='***' AIRFLOW_CTX_DAG_ID='ETL_breweries_list' AIRFLOW_CTX_TASK_ID='extract_from_api' AIRFLOW_CTX_EXECUTION_DATE='2025-03-20T18:34:35.507261+00:00' AIRFLOW_CTX_TRY_NUMBER='1' AIRFLOW_CTX_DAG_RUN_ID='manual__2025-03-20T18:34:35.507261+00:00'
[2025-03-20T18:36:48.470+0000] {logging_mixin.py:190} INFO - Task instance is in running state
[2025-03-20T18:36:48.473+0000] {logging_mixin.py:190} INFO -  Previous state of the Task instance: queued
[2025-03-20T18:36:48.474+0000] {logging_mixin.py:190} INFO - Current task name:extract_from_api state:running start_date:2025-03-20 18:36:47.183436+00:00
[2025-03-20T18:36:48.475+0000] {logging_mixin.py:190} INFO - Dag name:ETL_breweries_list and current dag run status:running
[2025-03-20T18:36:48.476+0000] {taskinstance.py:732} INFO - ::endgroup::
[2025-03-20T18:36:49.619+0000] {breweries_list_etl.py:36} INFO - Breweries list is not empty (SUCCESS)!
[2025-03-20T18:36:49.778+0000] {breweries_list_etl.py:41} INFO - 
Number of breweries: id                50
name              50
brewery_type      50
address_1         47
address_2          1
address_3          0
city              50
state_province    50
postal_code       50
country           50
longitude         40
latitude          40
phone             45
website_url       39
state             50
street            47
dtype: int64
[2025-03-20T18:36:50.847+0000] {python.py:240} INFO - Done. Returned value was: None
[2025-03-20T18:36:50.890+0000] {taskinstance.py:341} INFO - ::group::Post task execution logs
[2025-03-20T18:36:50.891+0000] {taskinstance.py:353} INFO - Marking task as SUCCESS. dag_id=ETL_breweries_list, task_id=extract_from_api, run_id=manual__2025-03-20T18:34:35.507261+00:00, execution_date=20250320T183435, start_date=20250320T183647, end_date=20250320T183650
[2025-03-20T18:36:50.956+0000] {logging_mixin.py:190} INFO - Task instance in success state
[2025-03-20T18:36:50.957+0000] {logging_mixin.py:190} INFO -  Previous state of the Task instance: running
[2025-03-20T18:36:50.957+0000] {logging_mixin.py:190} INFO - Dag name:ETL_breweries_list queued_at:2025-03-20 18:34:36.147163+00:00
[2025-03-20T18:36:50.958+0000] {logging_mixin.py:190} INFO - Task hostname:d8a3cf37e739 operator:PythonOperator
[2025-03-20T18:36:51.021+0000] {local_task_job_runner.py:266} INFO - Task exited with return code 0
[2025-03-20T18:36:51.119+0000] {taskinstance.py:3901} INFO - 1 downstream tasks scheduled from follow-on schedule check
[2025-03-20T18:36:51.130+0000] {local_task_job_runner.py:245} INFO - ::endgroup::
