[2025-03-20T11:00:34.049+0000] {local_task_job_runner.py:123} INFO - ::group::Pre task execution logs
[2025-03-20T11:00:34.167+0000] {taskinstance.py:2614} INFO - Dependencies all met for dep_context=non-requeueable deps ti=<TaskInstance: ETL_breweries_list.extract_from_api manual__2025-03-20T10:59:45.608726+00:00 [queued]>
[2025-03-20T11:00:34.212+0000] {taskinstance.py:2614} INFO - Dependencies all met for dep_context=requeueable deps ti=<TaskInstance: ETL_breweries_list.extract_from_api manual__2025-03-20T10:59:45.608726+00:00 [queued]>
[2025-03-20T11:00:34.213+0000] {taskinstance.py:2867} INFO - Starting attempt 1 of 2
[2025-03-20T11:00:34.344+0000] {taskinstance.py:2890} INFO - Executing <Task(PythonOperator): extract_from_api> on 2025-03-20 10:59:45.608726+00:00
[2025-03-20T11:00:34.477+0000] {standard_task_runner.py:104} INFO - Running: ['***', 'tasks', 'run', 'ETL_breweries_list', 'extract_from_api', 'manual__2025-03-20T10:59:45.608726+00:00', '--job-id', '118', '--raw', '--subdir', 'DAGS_FOLDER/breweries_list_etl.py', '--cfg-path', '/tmp/tmpsgf6lmo7']
[2025-03-20T11:00:34.491+0000] {standard_task_runner.py:105} INFO - Job 118: Subtask extract_from_api
[2025-03-20T11:00:34.442+0000] {warnings.py:112} WARNING - /home/***/.local/lib/python3.12/site-packages/***/task/task_runner/standard_task_runner.py:70: DeprecationWarning: This process (pid=526) is multi-threaded, use of fork() may lead to deadlocks in the child.
  pid = os.fork()

[2025-03-20T11:00:34.519+0000] {standard_task_runner.py:72} INFO - Started process 528 to run task
[2025-03-20T11:00:35.069+0000] {task_command.py:467} INFO - Running <TaskInstance: ETL_breweries_list.extract_from_api manual__2025-03-20T10:59:45.608726+00:00 [running]> on host db435bd7841b
[2025-03-20T11:00:36.285+0000] {taskinstance.py:3134} INFO - Exporting env vars: AIRFLOW_CTX_DAG_OWNER='***' AIRFLOW_CTX_DAG_ID='ETL_breweries_list' AIRFLOW_CTX_TASK_ID='extract_from_api' AIRFLOW_CTX_EXECUTION_DATE='2025-03-20T10:59:45.608726+00:00' AIRFLOW_CTX_TRY_NUMBER='1' AIRFLOW_CTX_DAG_RUN_ID='manual__2025-03-20T10:59:45.608726+00:00'
[2025-03-20T11:00:36.299+0000] {logging_mixin.py:190} INFO - Task instance is in running state
[2025-03-20T11:00:36.299+0000] {logging_mixin.py:190} INFO -  Previous state of the Task instance: queued
[2025-03-20T11:00:36.300+0000] {logging_mixin.py:190} INFO - Current task name:extract_from_api state:running start_date:2025-03-20 11:00:34.167949+00:00
[2025-03-20T11:00:36.300+0000] {logging_mixin.py:190} INFO - Dag name:ETL_breweries_list and current dag run status:running
[2025-03-20T11:00:36.300+0000] {taskinstance.py:732} INFO - ::endgroup::
[2025-03-20T11:00:39.079+0000] {breweries_list_etl.py:38} INFO - Breweries list is not empty (SUCCESS)!
[2025-03-20T11:00:39.129+0000] {breweries_list_etl.py:43} INFO - 
Number of breweries: id                50
name              50
brewery_type      50
address_1         47
address_2          1
address_3          0
city              50
state_province    50
postal_code       50
country           50
longitude         40
latitude          40
phone             45
website_url       39
state             50
street            47
dtype: int64
[2025-03-20T11:00:39.878+0000] {python.py:240} INFO - Done. Returned value was: None
[2025-03-20T11:00:39.966+0000] {taskinstance.py:341} INFO - ::group::Post task execution logs
[2025-03-20T11:00:39.967+0000] {taskinstance.py:353} INFO - Marking task as SUCCESS. dag_id=ETL_breweries_list, task_id=extract_from_api, run_id=manual__2025-03-20T10:59:45.608726+00:00, execution_date=20250320T105945, start_date=20250320T110034, end_date=20250320T110039
[2025-03-20T11:00:40.167+0000] {logging_mixin.py:190} INFO - Task instance in success state
[2025-03-20T11:00:40.168+0000] {logging_mixin.py:190} INFO -  Previous state of the Task instance: running
[2025-03-20T11:00:40.176+0000] {logging_mixin.py:190} INFO - Dag name:ETL_breweries_list queued_at:2025-03-20 10:59:45.739676+00:00
[2025-03-20T11:00:40.181+0000] {logging_mixin.py:190} INFO - Task hostname:db435bd7841b operator:PythonOperator
[2025-03-20T11:00:40.251+0000] {local_task_job_runner.py:266} INFO - Task exited with return code 0
[2025-03-20T11:00:40.344+0000] {taskinstance.py:3901} INFO - 1 downstream tasks scheduled from follow-on schedule check
[2025-03-20T11:00:40.350+0000] {local_task_job_runner.py:245} INFO - ::endgroup::
