[2025-03-20T22:37:16.575+0000] {local_task_job_runner.py:123} INFO - ::group::Pre task execution logs
[2025-03-20T22:37:16.603+0000] {taskinstance.py:2614} INFO - Dependencies all met for dep_context=non-requeueable deps ti=<TaskInstance: ETL_breweries_list.load_to_bronze_layer manual__2025-03-20T22:36:34.022626+00:00 [queued]>
[2025-03-20T22:37:16.614+0000] {taskinstance.py:2614} INFO - Dependencies all met for dep_context=requeueable deps ti=<TaskInstance: ETL_breweries_list.load_to_bronze_layer manual__2025-03-20T22:36:34.022626+00:00 [queued]>
[2025-03-20T22:37:16.614+0000] {taskinstance.py:2867} INFO - Starting attempt 1 of 2
[2025-03-20T22:37:16.628+0000] {taskinstance.py:2890} INFO - Executing <Task(PythonOperator): load_to_bronze_layer> on 2025-03-20 22:36:34.022626+00:00
[2025-03-20T22:37:16.638+0000] {warnings.py:112} WARNING - /home/***/.local/lib/python3.12/site-packages/***/task/task_runner/standard_task_runner.py:70: DeprecationWarning: This process (pid=931) is multi-threaded, use of fork() may lead to deadlocks in the child.
  pid = os.fork()

[2025-03-20T22:37:16.640+0000] {standard_task_runner.py:72} INFO - Started process 933 to run task
[2025-03-20T22:37:16.642+0000] {standard_task_runner.py:104} INFO - Running: ['***', 'tasks', 'run', 'ETL_breweries_list', 'load_to_bronze_layer', 'manual__2025-03-20T22:36:34.022626+00:00', '--job-id', '268', '--raw', '--subdir', 'DAGS_FOLDER/breweries_list_etl.py', '--cfg-path', '/tmp/tmp98219pjt']
[2025-03-20T22:37:16.644+0000] {standard_task_runner.py:105} INFO - Job 268: Subtask load_to_bronze_layer
[2025-03-20T22:37:16.924+0000] {task_command.py:467} INFO - Running <TaskInstance: ETL_breweries_list.load_to_bronze_layer manual__2025-03-20T22:36:34.022626+00:00 [running]> on host 5414e2764892
[2025-03-20T22:37:17.129+0000] {taskinstance.py:3134} INFO - Exporting env vars: AIRFLOW_CTX_DAG_OWNER='***' AIRFLOW_CTX_DAG_ID='ETL_breweries_list' AIRFLOW_CTX_TASK_ID='load_to_bronze_layer' AIRFLOW_CTX_EXECUTION_DATE='2025-03-20T22:36:34.022626+00:00' AIRFLOW_CTX_TRY_NUMBER='1' AIRFLOW_CTX_DAG_RUN_ID='manual__2025-03-20T22:36:34.022626+00:00'
[2025-03-20T22:37:17.132+0000] {logging_mixin.py:190} INFO - Task instance is in running state
[2025-03-20T22:37:17.132+0000] {logging_mixin.py:190} INFO -  Previous state of the Task instance: queued
[2025-03-20T22:37:17.133+0000] {logging_mixin.py:190} INFO - Current task name:load_to_bronze_layer state:running start_date:2025-03-20 22:37:16.603797+00:00
[2025-03-20T22:37:17.134+0000] {logging_mixin.py:190} INFO - Dag name:ETL_breweries_list and current dag run status:running
[2025-03-20T22:37:17.134+0000] {taskinstance.py:732} INFO - ::endgroup::
[2025-03-20T22:37:17.422+0000] {breweries_list_etl.py:86} INFO - Path where the file will be saved:2025/03/20/breweries_20250320.csv
[2025-03-20T22:37:17.691+0000] {breweries_list_etl.py:97} INFO - Data of size 10277 bytes was successfully saved to 2025/03/20/breweries_20250320.csv
[2025-03-20T22:37:17.692+0000] {python.py:240} INFO - Done. Returned value was: None
[2025-03-20T22:37:17.717+0000] {taskinstance.py:341} INFO - ::group::Post task execution logs
[2025-03-20T22:37:17.717+0000] {taskinstance.py:353} INFO - Marking task as SUCCESS. dag_id=ETL_breweries_list, task_id=load_to_bronze_layer, run_id=manual__2025-03-20T22:36:34.022626+00:00, execution_date=20250320T223634, start_date=20250320T223716, end_date=20250320T223717
[2025-03-20T22:37:18.126+0000] {logging_mixin.py:190} INFO - Task instance in success state
[2025-03-20T22:37:18.127+0000] {logging_mixin.py:190} INFO -  Previous state of the Task instance: running
[2025-03-20T22:37:18.127+0000] {logging_mixin.py:190} INFO - Dag name:ETL_breweries_list queued_at:2025-03-20 22:36:34.381649+00:00
[2025-03-20T22:37:18.128+0000] {logging_mixin.py:190} INFO - Task hostname:5414e2764892 operator:PythonOperator
[2025-03-20T22:37:18.183+0000] {local_task_job_runner.py:266} INFO - Task exited with return code 0
[2025-03-20T22:37:18.409+0000] {taskinstance.py:3901} INFO - 1 downstream tasks scheduled from follow-on schedule check
[2025-03-20T22:37:18.902+0000] {local_task_job_runner.py:245} INFO - ::endgroup::
