[2025-03-20T16:04:16.635+0000] {local_task_job_runner.py:123} INFO - ::group::Pre task execution logs
[2025-03-20T16:04:17.050+0000] {taskinstance.py:2614} INFO - Dependencies all met for dep_context=non-requeueable deps ti=<TaskInstance: ETL_breweries_list.load_to_bronze_layer manual__2025-03-20T16:02:12.641298+00:00 [queued]>
[2025-03-20T16:04:17.196+0000] {taskinstance.py:2614} INFO - Dependencies all met for dep_context=requeueable deps ti=<TaskInstance: ETL_breweries_list.load_to_bronze_layer manual__2025-03-20T16:02:12.641298+00:00 [queued]>
[2025-03-20T16:04:17.197+0000] {taskinstance.py:2867} INFO - Starting attempt 1 of 2
[2025-03-20T16:04:17.445+0000] {taskinstance.py:2890} INFO - Executing <Task(PythonOperator): load_to_bronze_layer> on 2025-03-20 16:02:12.641298+00:00
[2025-03-20T16:04:17.549+0000] {warnings.py:112} WARNING - /home/***/.local/lib/python3.12/site-packages/***/task/task_runner/standard_task_runner.py:70: DeprecationWarning: This process (pid=446) is multi-threaded, use of fork() may lead to deadlocks in the child.
  pid = os.fork()

[2025-03-20T16:04:17.553+0000] {standard_task_runner.py:72} INFO - Started process 448 to run task
[2025-03-20T16:04:17.553+0000] {standard_task_runner.py:104} INFO - Running: ['***', 'tasks', 'run', 'ETL_breweries_list', 'load_to_bronze_layer', 'manual__2025-03-20T16:02:12.641298+00:00', '--job-id', '160', '--raw', '--subdir', 'DAGS_FOLDER/breweries_list_etl.py', '--cfg-path', '/tmp/tmpirjnuhjg']
[2025-03-20T16:04:17.569+0000] {standard_task_runner.py:105} INFO - Job 160: Subtask load_to_bronze_layer
[2025-03-20T16:04:18.068+0000] {task_command.py:467} INFO - Running <TaskInstance: ETL_breweries_list.load_to_bronze_layer manual__2025-03-20T16:02:12.641298+00:00 [running]> on host adee468dd389
[2025-03-20T16:04:18.662+0000] {taskinstance.py:3134} INFO - Exporting env vars: AIRFLOW_CTX_DAG_OWNER='***' AIRFLOW_CTX_DAG_ID='ETL_breweries_list' AIRFLOW_CTX_TASK_ID='load_to_bronze_layer' AIRFLOW_CTX_EXECUTION_DATE='2025-03-20T16:02:12.641298+00:00' AIRFLOW_CTX_TRY_NUMBER='1' AIRFLOW_CTX_DAG_RUN_ID='manual__2025-03-20T16:02:12.641298+00:00'
[2025-03-20T16:04:18.675+0000] {logging_mixin.py:190} INFO - Task instance is in running state
[2025-03-20T16:04:18.676+0000] {logging_mixin.py:190} INFO -  Previous state of the Task instance: queued
[2025-03-20T16:04:18.676+0000] {logging_mixin.py:190} INFO - Current task name:load_to_bronze_layer state:running start_date:2025-03-20 16:04:17.065533+00:00
[2025-03-20T16:04:18.687+0000] {logging_mixin.py:190} INFO - Dag name:ETL_breweries_list and current dag run status:running
[2025-03-20T16:04:18.688+0000] {taskinstance.py:732} INFO - ::endgroup::
[2025-03-20T16:04:19.475+0000] {breweries_list_etl.py:89} INFO - Path where the file will be saved:2025/03/20/breweries_20250320.csv
[2025-03-20T16:04:19.968+0000] {breweries_list_etl.py:100} INFO - Data of size 10277 bytes was successfully saved to 2025/03/20/breweries_20250320.csv
[2025-03-20T16:04:19.969+0000] {python.py:240} INFO - Done. Returned value was: None
[2025-03-20T16:04:20.007+0000] {taskinstance.py:341} INFO - ::group::Post task execution logs
[2025-03-20T16:04:20.016+0000] {taskinstance.py:353} INFO - Marking task as SUCCESS. dag_id=ETL_breweries_list, task_id=load_to_bronze_layer, run_id=manual__2025-03-20T16:02:12.641298+00:00, execution_date=20250320T160212, start_date=20250320T160417, end_date=20250320T160420
[2025-03-20T16:04:20.376+0000] {logging_mixin.py:190} INFO - Task instance in success state
[2025-03-20T16:04:20.377+0000] {logging_mixin.py:190} INFO -  Previous state of the Task instance: running
[2025-03-20T16:04:20.377+0000] {logging_mixin.py:190} INFO - Dag name:ETL_breweries_list queued_at:2025-03-20 16:02:12.819374+00:00
[2025-03-20T16:04:20.378+0000] {logging_mixin.py:190} INFO - Task hostname:adee468dd389 operator:PythonOperator
[2025-03-20T16:04:20.518+0000] {local_task_job_runner.py:266} INFO - Task exited with return code 0
[2025-03-20T16:04:20.708+0000] {taskinstance.py:3901} INFO - 1 downstream tasks scheduled from follow-on schedule check
[2025-03-20T16:04:20.753+0000] {local_task_job_runner.py:245} INFO - ::endgroup::
