[2025-03-20T11:45:56.083+0000] {local_task_job_runner.py:123} INFO - ::group::Pre task execution logs
[2025-03-20T11:45:56.136+0000] {taskinstance.py:2614} INFO - Dependencies all met for dep_context=non-requeueable deps ti=<TaskInstance: ETL_breweries_list.pipeline_end manual__2025-03-20T11:43:53.685238+00:00 [queued]>
[2025-03-20T11:45:56.162+0000] {taskinstance.py:2614} INFO - Dependencies all met for dep_context=requeueable deps ti=<TaskInstance: ETL_breweries_list.pipeline_end manual__2025-03-20T11:43:53.685238+00:00 [queued]>
[2025-03-20T11:45:56.162+0000] {taskinstance.py:2867} INFO - Starting attempt 1 of 2
[2025-03-20T11:45:56.210+0000] {taskinstance.py:2890} INFO - Executing <Task(BashOperator): pipeline_end> on 2025-03-20 11:43:53.685238+00:00
[2025-03-20T11:45:56.229+0000] {warnings.py:112} WARNING - /home/***/.local/lib/python3.12/site-packages/***/task/task_runner/standard_task_runner.py:70: DeprecationWarning: This process (pid=343) is multi-threaded, use of fork() may lead to deadlocks in the child.
  pid = os.fork()

[2025-03-20T11:45:56.233+0000] {standard_task_runner.py:72} INFO - Started process 345 to run task
[2025-03-20T11:45:56.234+0000] {standard_task_runner.py:104} INFO - Running: ['***', 'tasks', 'run', 'ETL_breweries_list', 'pipeline_end', 'manual__2025-03-20T11:43:53.685238+00:00', '--job-id', '134', '--raw', '--subdir', 'DAGS_FOLDER/breweries_list_etl.py', '--cfg-path', '/tmp/tmpj_vkv3ua']
[2025-03-20T11:45:56.238+0000] {standard_task_runner.py:105} INFO - Job 134: Subtask pipeline_end
[2025-03-20T11:45:56.386+0000] {task_command.py:467} INFO - Running <TaskInstance: ETL_breweries_list.pipeline_end manual__2025-03-20T11:43:53.685238+00:00 [running]> on host f9ccfb7c9f28
[2025-03-20T11:45:56.655+0000] {taskinstance.py:3134} INFO - Exporting env vars: AIRFLOW_CTX_DAG_OWNER='***' AIRFLOW_CTX_DAG_ID='ETL_breweries_list' AIRFLOW_CTX_TASK_ID='pipeline_end' AIRFLOW_CTX_EXECUTION_DATE='2025-03-20T11:43:53.685238+00:00' AIRFLOW_CTX_TRY_NUMBER='1' AIRFLOW_CTX_DAG_RUN_ID='manual__2025-03-20T11:43:53.685238+00:00'
[2025-03-20T11:45:56.658+0000] {logging_mixin.py:190} INFO - Task instance is in running state
[2025-03-20T11:45:56.659+0000] {logging_mixin.py:190} INFO -  Previous state of the Task instance: queued
[2025-03-20T11:45:56.660+0000] {logging_mixin.py:190} INFO - Current task name:pipeline_end state:running start_date:2025-03-20 11:45:56.137900+00:00
[2025-03-20T11:45:56.661+0000] {logging_mixin.py:190} INFO - Dag name:ETL_breweries_list and current dag run status:running
[2025-03-20T11:45:56.662+0000] {taskinstance.py:732} INFO - ::endgroup::
[2025-03-20T11:45:56.663+0000] {subprocess.py:78} INFO - Tmp dir root location: /tmp
[2025-03-20T11:45:56.666+0000] {subprocess.py:88} INFO - Running command: ['/usr/bin/bash', '-c', 'echo "PIPELINE ENDED"; sleep 15']
[2025-03-20T11:45:56.701+0000] {subprocess.py:99} INFO - Output:
[2025-03-20T11:45:56.705+0000] {subprocess.py:106} INFO - PIPELINE ENDED
[2025-03-20T11:46:12.453+0000] {subprocess.py:110} INFO - Command exited with return code 0
[2025-03-20T11:46:14.176+0000] {taskinstance.py:341} INFO - ::group::Post task execution logs
[2025-03-20T11:46:14.190+0000] {taskinstance.py:353} INFO - Marking task as SUCCESS. dag_id=ETL_breweries_list, task_id=pipeline_end, run_id=manual__2025-03-20T11:43:53.685238+00:00, execution_date=20250320T114353, start_date=20250320T114556, end_date=20250320T114614
[2025-03-20T11:46:14.467+0000] {logging_mixin.py:190} INFO - Task instance in success state
[2025-03-20T11:46:14.473+0000] {logging_mixin.py:190} INFO -  Previous state of the Task instance: running
[2025-03-20T11:46:14.474+0000] {logging_mixin.py:190} INFO - Dag name:ETL_breweries_list queued_at:2025-03-20 11:43:54.134280+00:00
[2025-03-20T11:46:14.476+0000] {logging_mixin.py:190} INFO - Task hostname:f9ccfb7c9f28 operator:BashOperator
[2025-03-20T11:46:14.574+0000] {local_task_job_runner.py:266} INFO - Task exited with return code 0
[2025-03-20T11:46:14.877+0000] {taskinstance.py:3901} INFO - 0 downstream tasks scheduled from follow-on schedule check
[2025-03-20T11:46:14.911+0000] {local_task_job_runner.py:245} INFO - ::endgroup::
