[2025-03-20T03:33:14.611+0000] {local_task_job_runner.py:123} INFO - ::group::Pre task execution logs
[2025-03-20T03:33:14.646+0000] {taskinstance.py:2614} INFO - Dependencies all met for dep_context=non-requeueable deps ti=<TaskInstance: ETL_breweries_list.extract_from_api manual__2025-03-20T03:32:53.816873+00:00 [queued]>
[2025-03-20T03:33:14.823+0000] {taskinstance.py:2614} INFO - Dependencies all met for dep_context=requeueable deps ti=<TaskInstance: ETL_breweries_list.extract_from_api manual__2025-03-20T03:32:53.816873+00:00 [queued]>
[2025-03-20T03:33:14.824+0000] {taskinstance.py:2867} INFO - Starting attempt 1 of 2
[2025-03-20T03:33:14.853+0000] {taskinstance.py:2890} INFO - Executing <Task(PythonOperator): extract_from_api> on 2025-03-20 03:32:53.816873+00:00
[2025-03-20T03:33:14.864+0000] {warnings.py:112} WARNING - /home/***/.local/lib/python3.12/site-packages/***/task/task_runner/standard_task_runner.py:70: DeprecationWarning: This process (pid=646) is multi-threaded, use of fork() may lead to deadlocks in the child.
  pid = os.fork()

[2025-03-20T03:33:14.867+0000] {standard_task_runner.py:72} INFO - Started process 648 to run task
[2025-03-20T03:33:14.870+0000] {standard_task_runner.py:104} INFO - Running: ['***', 'tasks', 'run', 'ETL_breweries_list', 'extract_from_api', 'manual__2025-03-20T03:32:53.816873+00:00', '--job-id', '32', '--raw', '--subdir', 'DAGS_FOLDER/bronze_layer.py', '--cfg-path', '/tmp/tmpggvzxix9']
[2025-03-20T03:33:14.872+0000] {standard_task_runner.py:105} INFO - Job 32: Subtask extract_from_api
[2025-03-20T03:33:14.963+0000] {task_command.py:467} INFO - Running <TaskInstance: ETL_breweries_list.extract_from_api manual__2025-03-20T03:32:53.816873+00:00 [running]> on host d760444a6a5e
[2025-03-20T03:33:15.168+0000] {taskinstance.py:3134} INFO - Exporting env vars: AIRFLOW_CTX_DAG_OWNER='***' AIRFLOW_CTX_DAG_ID='ETL_breweries_list' AIRFLOW_CTX_TASK_ID='extract_from_api' AIRFLOW_CTX_EXECUTION_DATE='2025-03-20T03:32:53.816873+00:00' AIRFLOW_CTX_TRY_NUMBER='1' AIRFLOW_CTX_DAG_RUN_ID='manual__2025-03-20T03:32:53.816873+00:00'
[2025-03-20T03:33:15.170+0000] {logging_mixin.py:190} INFO - Task instance is in running state
[2025-03-20T03:33:15.171+0000] {logging_mixin.py:190} INFO -  Previous state of the Task instance: queued
[2025-03-20T03:33:15.172+0000] {logging_mixin.py:190} INFO - Current task name:extract_from_api state:running start_date:2025-03-20 03:33:14.647021+00:00
[2025-03-20T03:33:15.172+0000] {logging_mixin.py:190} INFO - Dag name:ETL_breweries_list and current dag run status:running
[2025-03-20T03:33:15.173+0000] {taskinstance.py:732} INFO - ::endgroup::
[2025-03-20T03:33:15.287+0000] {logging_mixin.py:190} INFO - Breweries list is not empty (SUCCESS)!
[2025-03-20T03:33:15.306+0000] {logging_mixin.py:190} INFO - 
Number of breweries: id                50
name              50
brewery_type      50
address_1         47
address_2          1
address_3          0
city              50
state_province    50
postal_code       50
country           50
longitude         40
latitude          40
phone             45
website_url       39
state             50
street            47
dtype: int64
[2025-03-20T03:33:15.387+0000] {python.py:240} INFO - Done. Returned value was: None
[2025-03-20T03:33:15.401+0000] {taskinstance.py:341} INFO - ::group::Post task execution logs
[2025-03-20T03:33:15.402+0000] {taskinstance.py:353} INFO - Marking task as SUCCESS. dag_id=ETL_breweries_list, task_id=extract_from_api, run_id=manual__2025-03-20T03:32:53.816873+00:00, execution_date=20250320T033253, start_date=20250320T033314, end_date=20250320T033315
[2025-03-20T03:33:15.449+0000] {logging_mixin.py:190} INFO - Task instance in success state
[2025-03-20T03:33:15.449+0000] {logging_mixin.py:190} INFO -  Previous state of the Task instance: running
[2025-03-20T03:33:15.450+0000] {logging_mixin.py:190} INFO - Dag name:ETL_breweries_list queued_at:2025-03-20 03:32:53.833711+00:00
[2025-03-20T03:33:15.450+0000] {logging_mixin.py:190} INFO - Task hostname:d760444a6a5e operator:PythonOperator
[2025-03-20T03:33:15.486+0000] {local_task_job_runner.py:266} INFO - Task exited with return code 0
[2025-03-20T03:33:15.549+0000] {taskinstance.py:3901} INFO - 1 downstream tasks scheduled from follow-on schedule check
[2025-03-20T03:33:15.552+0000] {local_task_job_runner.py:245} INFO - ::endgroup::
