[2025-03-20T21:54:26.377+0000] {local_task_job_runner.py:123} INFO - ::group::Pre task execution logs
[2025-03-20T21:54:26.425+0000] {taskinstance.py:2614} INFO - Dependencies all met for dep_context=non-requeueable deps ti=<TaskInstance: ETL_breweries_list.pipeline_end manual__2025-03-20T21:51:54.624451+00:00 [queued]>
[2025-03-20T21:54:26.452+0000] {taskinstance.py:2614} INFO - Dependencies all met for dep_context=requeueable deps ti=<TaskInstance: ETL_breweries_list.pipeline_end manual__2025-03-20T21:51:54.624451+00:00 [queued]>
[2025-03-20T21:54:26.453+0000] {taskinstance.py:2867} INFO - Starting attempt 1 of 2
[2025-03-20T21:54:26.492+0000] {taskinstance.py:2890} INFO - Executing <Task(BashOperator): pipeline_end> on 2025-03-20 21:51:54.624451+00:00
[2025-03-20T21:54:26.510+0000] {warnings.py:112} WARNING - /home/***/.local/lib/python3.12/site-packages/***/task/task_runner/standard_task_runner.py:70: DeprecationWarning: This process (pid=339) is multi-threaded, use of fork() may lead to deadlocks in the child.
  pid = os.fork()

[2025-03-20T21:54:26.513+0000] {standard_task_runner.py:72} INFO - Started process 341 to run task
[2025-03-20T21:54:26.542+0000] {standard_task_runner.py:104} INFO - Running: ['***', 'tasks', 'run', 'ETL_breweries_list', 'pipeline_end', 'manual__2025-03-20T21:51:54.624451+00:00', '--job-id', '247', '--raw', '--subdir', 'DAGS_FOLDER/breweries_list_etl.py', '--cfg-path', '/tmp/tmpf4b2u7rh']
[2025-03-20T21:54:26.544+0000] {standard_task_runner.py:105} INFO - Job 247: Subtask pipeline_end
[2025-03-20T21:54:27.316+0000] {task_command.py:467} INFO - Running <TaskInstance: ETL_breweries_list.pipeline_end manual__2025-03-20T21:51:54.624451+00:00 [running]> on host 5414e2764892
[2025-03-20T21:54:27.539+0000] {taskinstance.py:3134} INFO - Exporting env vars: AIRFLOW_CTX_DAG_OWNER='***' AIRFLOW_CTX_DAG_ID='ETL_breweries_list' AIRFLOW_CTX_TASK_ID='pipeline_end' AIRFLOW_CTX_EXECUTION_DATE='2025-03-20T21:51:54.624451+00:00' AIRFLOW_CTX_TRY_NUMBER='1' AIRFLOW_CTX_DAG_RUN_ID='manual__2025-03-20T21:51:54.624451+00:00'
[2025-03-20T21:54:27.540+0000] {logging_mixin.py:190} INFO - Task instance is in running state
[2025-03-20T21:54:27.540+0000] {logging_mixin.py:190} INFO -  Previous state of the Task instance: queued
[2025-03-20T21:54:27.541+0000] {logging_mixin.py:190} INFO - Current task name:pipeline_end state:running start_date:2025-03-20 21:54:26.426485+00:00
[2025-03-20T21:54:27.541+0000] {logging_mixin.py:190} INFO - Dag name:ETL_breweries_list and current dag run status:running
[2025-03-20T21:54:27.542+0000] {taskinstance.py:732} INFO - ::endgroup::
[2025-03-20T21:54:27.543+0000] {subprocess.py:78} INFO - Tmp dir root location: /tmp
[2025-03-20T21:54:27.548+0000] {subprocess.py:88} INFO - Running command: ['/usr/bin/bash', '-c', 'echo "PIPELINE ENDED"; sleep 15']
[2025-03-20T21:54:27.583+0000] {subprocess.py:99} INFO - Output:
[2025-03-20T21:54:27.589+0000] {subprocess.py:106} INFO - PIPELINE ENDED
[2025-03-20T21:54:42.593+0000] {subprocess.py:110} INFO - Command exited with return code 0
[2025-03-20T21:54:42.654+0000] {taskinstance.py:341} INFO - ::group::Post task execution logs
[2025-03-20T21:54:42.654+0000] {taskinstance.py:353} INFO - Marking task as SUCCESS. dag_id=ETL_breweries_list, task_id=pipeline_end, run_id=manual__2025-03-20T21:51:54.624451+00:00, execution_date=20250320T215154, start_date=20250320T215426, end_date=20250320T215442
[2025-03-20T21:54:42.711+0000] {logging_mixin.py:190} INFO - Task instance in success state
[2025-03-20T21:54:42.711+0000] {logging_mixin.py:190} INFO -  Previous state of the Task instance: running
[2025-03-20T21:54:42.712+0000] {logging_mixin.py:190} INFO - Dag name:ETL_breweries_list queued_at:2025-03-20 21:51:54.950966+00:00
[2025-03-20T21:54:42.712+0000] {logging_mixin.py:190} INFO - Task hostname:5414e2764892 operator:BashOperator
[2025-03-20T21:54:42.742+0000] {local_task_job_runner.py:266} INFO - Task exited with return code 0
[2025-03-20T21:54:42.782+0000] {taskinstance.py:3901} INFO - 0 downstream tasks scheduled from follow-on schedule check
[2025-03-20T21:54:42.799+0000] {local_task_job_runner.py:245} INFO - ::endgroup::
