[2025-03-20T23:58:30.194+0000] {local_task_job_runner.py:123} INFO - ::group::Pre task execution logs
[2025-03-20T23:58:30.220+0000] {taskinstance.py:2614} INFO - Dependencies all met for dep_context=non-requeueable deps ti=<TaskInstance: ETL_breweries_list.create_view_and_load_to_gold manual__2025-03-20T23:57:23.534232+00:00 [queued]>
[2025-03-20T23:58:30.231+0000] {taskinstance.py:2614} INFO - Dependencies all met for dep_context=requeueable deps ti=<TaskInstance: ETL_breweries_list.create_view_and_load_to_gold manual__2025-03-20T23:57:23.534232+00:00 [queued]>
[2025-03-20T23:58:30.231+0000] {taskinstance.py:2867} INFO - Starting attempt 1 of 2
[2025-03-20T23:58:30.245+0000] {taskinstance.py:2890} INFO - Executing <Task(PythonOperator): create_view_and_load_to_gold> on 2025-03-20 23:57:23.534232+00:00
[2025-03-20T23:58:30.255+0000] {warnings.py:112} WARNING - /home/***/.local/lib/python3.12/site-packages/***/task/task_runner/standard_task_runner.py:70: DeprecationWarning: This process (pid=1967) is multi-threaded, use of fork() may lead to deadlocks in the child.
  pid = os.fork()

[2025-03-20T23:58:30.257+0000] {standard_task_runner.py:72} INFO - Started process 1969 to run task
[2025-03-20T23:58:30.258+0000] {standard_task_runner.py:104} INFO - Running: ['***', 'tasks', 'run', 'ETL_breweries_list', 'create_view_and_load_to_gold', 'manual__2025-03-20T23:57:23.534232+00:00', '--job-id', '288', '--raw', '--subdir', 'DAGS_FOLDER/breweries_list_etl.py', '--cfg-path', '/tmp/tmppctlapp1']
[2025-03-20T23:58:30.259+0000] {standard_task_runner.py:105} INFO - Job 288: Subtask create_view_and_load_to_gold
[2025-03-20T23:58:30.535+0000] {task_command.py:467} INFO - Running <TaskInstance: ETL_breweries_list.create_view_and_load_to_gold manual__2025-03-20T23:57:23.534232+00:00 [running]> on host 5414e2764892
[2025-03-20T23:58:30.624+0000] {taskinstance.py:3134} INFO - Exporting env vars: AIRFLOW_CTX_DAG_OWNER='***' AIRFLOW_CTX_DAG_ID='ETL_breweries_list' AIRFLOW_CTX_TASK_ID='create_view_and_load_to_gold' AIRFLOW_CTX_EXECUTION_DATE='2025-03-20T23:57:23.534232+00:00' AIRFLOW_CTX_TRY_NUMBER='1' AIRFLOW_CTX_DAG_RUN_ID='manual__2025-03-20T23:57:23.534232+00:00'
[2025-03-20T23:58:30.625+0000] {logging_mixin.py:190} INFO - Task instance is in running state
[2025-03-20T23:58:30.626+0000] {logging_mixin.py:190} INFO -  Previous state of the Task instance: queued
[2025-03-20T23:58:30.626+0000] {logging_mixin.py:190} INFO - Current task name:create_view_and_load_to_gold state:running start_date:2025-03-20 23:58:30.220748+00:00
[2025-03-20T23:58:30.626+0000] {logging_mixin.py:190} INFO - Dag name:ETL_breweries_list and current dag run status:running
[2025-03-20T23:58:30.626+0000] {taskinstance.py:732} INFO - ::endgroup::
[2025-03-20T23:58:30.710+0000] {breweries_list_etl.py:175} INFO - Fetched silver/IRELAND/LAOIS/breweries.parquet
[2025-03-20T23:58:30.717+0000] {breweries_list_etl.py:175} INFO - Fetched silver/UNITED STATES/ARIZONA/breweries.parquet
[2025-03-20T23:58:30.724+0000] {breweries_list_etl.py:175} INFO - Fetched silver/UNITED STATES/CALIFORNIA/breweries.parquet
[2025-03-20T23:58:30.730+0000] {breweries_list_etl.py:175} INFO - Fetched silver/UNITED STATES/COLORADO/breweries.parquet
[2025-03-20T23:58:30.737+0000] {breweries_list_etl.py:175} INFO - Fetched silver/UNITED STATES/DELAWARE/breweries.parquet
[2025-03-20T23:58:30.744+0000] {breweries_list_etl.py:175} INFO - Fetched silver/UNITED STATES/IDAHO/breweries.parquet
[2025-03-20T23:58:30.750+0000] {breweries_list_etl.py:175} INFO - Fetched silver/UNITED STATES/ILLINOIS/breweries.parquet
[2025-03-20T23:58:30.758+0000] {breweries_list_etl.py:175} INFO - Fetched silver/UNITED STATES/INDIANA/breweries.parquet
[2025-03-20T23:58:30.766+0000] {breweries_list_etl.py:175} INFO - Fetched silver/UNITED STATES/IOWA/breweries.parquet
[2025-03-20T23:58:30.777+0000] {breweries_list_etl.py:175} INFO - Fetched silver/UNITED STATES/MARYLAND/breweries.parquet
[2025-03-20T23:58:30.786+0000] {breweries_list_etl.py:175} INFO - Fetched silver/UNITED STATES/MASSACHUSETTS/breweries.parquet
[2025-03-20T23:58:30.797+0000] {breweries_list_etl.py:175} INFO - Fetched silver/UNITED STATES/MICHIGAN/breweries.parquet
[2025-03-20T23:58:30.806+0000] {breweries_list_etl.py:175} INFO - Fetched silver/UNITED STATES/MINNESOTA/breweries.parquet
[2025-03-20T23:58:30.815+0000] {breweries_list_etl.py:175} INFO - Fetched silver/UNITED STATES/MISSISSIPPI/breweries.parquet
[2025-03-20T23:58:30.824+0000] {breweries_list_etl.py:175} INFO - Fetched silver/UNITED STATES/NEVADA/breweries.parquet
[2025-03-20T23:58:30.830+0000] {breweries_list_etl.py:175} INFO - Fetched silver/UNITED STATES/NEW YORK/breweries.parquet
[2025-03-20T23:58:30.838+0000] {breweries_list_etl.py:175} INFO - Fetched silver/UNITED STATES/NORTH CAROLINA/breweries.parquet
[2025-03-20T23:58:30.846+0000] {breweries_list_etl.py:175} INFO - Fetched silver/UNITED STATES/OHIO/breweries.parquet
[2025-03-20T23:58:30.854+0000] {breweries_list_etl.py:175} INFO - Fetched silver/UNITED STATES/OKLAHOMA/breweries.parquet
[2025-03-20T23:58:30.861+0000] {breweries_list_etl.py:175} INFO - Fetched silver/UNITED STATES/OREGON/breweries.parquet
[2025-03-20T23:58:30.869+0000] {breweries_list_etl.py:175} INFO - Fetched silver/UNITED STATES/PENNSYLVANIA/breweries.parquet
[2025-03-20T23:58:30.880+0000] {breweries_list_etl.py:175} INFO - Fetched silver/UNITED STATES/SOUTH CAROLINA/breweries.parquet
[2025-03-20T23:58:30.886+0000] {breweries_list_etl.py:175} INFO - Fetched silver/UNITED STATES/TEXAS/breweries.parquet
[2025-03-20T23:58:30.894+0000] {breweries_list_etl.py:175} INFO - Fetched silver/UNITED STATES/VERMONT/breweries.parquet
[2025-03-20T23:58:30.908+0000] {breweries_list_etl.py:175} INFO - Fetched silver/UNITED STATES/VIRGINIA/breweries.parquet
[2025-03-20T23:58:30.918+0000] {breweries_list_etl.py:175} INFO - Fetched silver/UNITED STATES/WASHINGTON/breweries.parquet
[2025-03-20T23:58:30.925+0000] {breweries_list_etl.py:175} INFO - Fetched silver/UNITED STATES/WISCONSIN/breweries.parquet
[2025-03-20T23:58:30.958+0000] {breweries_list_etl.py:204} INFO - Aggregated view successfully saved to view_aggregated_breweries.parquet
[2025-03-20T23:58:30.979+0000] {python.py:240} INFO - Done. Returned value was: None
[2025-03-20T23:58:30.990+0000] {taskinstance.py:341} INFO - ::group::Post task execution logs
[2025-03-20T23:58:30.991+0000] {taskinstance.py:353} INFO - Marking task as SUCCESS. dag_id=ETL_breweries_list, task_id=create_view_and_load_to_gold, run_id=manual__2025-03-20T23:57:23.534232+00:00, execution_date=20250320T235723, start_date=20250320T235830, end_date=20250320T235830
[2025-03-20T23:58:31.016+0000] {logging_mixin.py:190} INFO - Task instance in success state
[2025-03-20T23:58:31.017+0000] {logging_mixin.py:190} INFO -  Previous state of the Task instance: running
[2025-03-20T23:58:31.017+0000] {logging_mixin.py:190} INFO - Dag name:ETL_breweries_list queued_at:2025-03-20 23:57:24.037604+00:00
[2025-03-20T23:58:31.017+0000] {logging_mixin.py:190} INFO - Task hostname:5414e2764892 operator:PythonOperator
[2025-03-20T23:58:31.035+0000] {local_task_job_runner.py:266} INFO - Task exited with return code 0
[2025-03-20T23:58:31.240+0000] {taskinstance.py:3901} INFO - 1 downstream tasks scheduled from follow-on schedule check
[2025-03-20T23:58:31.243+0000] {local_task_job_runner.py:245} INFO - ::endgroup::
